[2024-12-16T20:26:54.582+0000] {local_task_job_runner.py:123} INFO - ::group::Pre task execution logs
[2024-12-16T20:26:54.603+0000] {taskinstance.py:2612} INFO - Dependencies all met for dep_context=non-requeueable deps ti=<TaskInstance: DAG_POOL.python_task4 manual__2024-12-16T20:26:46.950899+00:00 [queued]>
[2024-12-16T20:26:54.610+0000] {taskinstance.py:2612} INFO - Dependencies all met for dep_context=requeueable deps ti=<TaskInstance: DAG_POOL.python_task4 manual__2024-12-16T20:26:46.950899+00:00 [queued]>
[2024-12-16T20:26:54.611+0000] {taskinstance.py:2865} INFO - Starting attempt 1 of 3
[2024-12-16T20:26:54.623+0000] {taskinstance.py:2888} INFO - Executing <Task(PythonOperator): python_task4> on 2024-12-16 20:26:46.950899+00:00
[2024-12-16T20:26:54.630+0000] {warnings.py:112} WARNING - /home/***/.local/lib/python3.12/site-packages/***/task/task_runner/standard_task_runner.py:70: DeprecationWarning: This process (pid=94) is multi-threaded, use of fork() may lead to deadlocks in the child.
  pid = os.fork()

[2024-12-16T20:26:54.631+0000] {standard_task_runner.py:72} INFO - Started process 96 to run task
[2024-12-16T20:26:54.631+0000] {standard_task_runner.py:104} INFO - Running: ['***', 'tasks', 'run', 'DAG_POOL', 'python_task4', 'manual__2024-12-16T20:26:46.950899+00:00', '--job-id', '157', '--raw', '--subdir', 'DAGS_FOLDER/DAG_POOL.py', '--cfg-path', '/tmp/tmpzqv9mpap']
[2024-12-16T20:26:54.633+0000] {standard_task_runner.py:105} INFO - Job 157: Subtask python_task4
[2024-12-16T20:26:54.669+0000] {task_command.py:467} INFO - Running <TaskInstance: DAG_POOL.python_task4 manual__2024-12-16T20:26:46.950899+00:00 [running]> on host 590f5de10d76
[2024-12-16T20:26:54.719+0000] {taskinstance.py:3131} INFO - Exporting env vars: AIRFLOW_CTX_DAG_OWNER='DAG_POOL' AIRFLOW_CTX_DAG_ID='DAG_POOL' AIRFLOW_CTX_TASK_ID='python_task4' AIRFLOW_CTX_EXECUTION_DATE='2024-12-16T20:26:46.950899+00:00' AIRFLOW_CTX_TRY_NUMBER='1' AIRFLOW_CTX_DAG_RUN_ID='manual__2024-12-16T20:26:46.950899+00:00'
[2024-12-16T20:26:54.720+0000] {logging_mixin.py:190} INFO - Task instance is in running state
[2024-12-16T20:26:54.720+0000] {logging_mixin.py:190} INFO -  Previous state of the Task instance: queued
[2024-12-16T20:26:54.720+0000] {logging_mixin.py:190} INFO - Current task name:python_task4 state:running start_date:2024-12-16 20:26:54.603990+00:00
[2024-12-16T20:26:54.721+0000] {logging_mixin.py:190} INFO - Dag name:DAG_POOL and current dag run status:running
[2024-12-16T20:26:54.721+0000] {taskinstance.py:731} INFO - ::endgroup::
[2024-12-16T20:26:54.721+0000] {logging_mixin.py:190} INFO - Hi from python operator
[2024-12-16T20:26:54.722+0000] {python.py:240} INFO - Done. Returned value was: None
[2024-12-16T20:26:54.728+0000] {taskinstance.py:340} INFO - ::group::Post task execution logs
[2024-12-16T20:26:54.729+0000] {taskinstance.py:352} INFO - Marking task as SUCCESS. dag_id=DAG_POOL, task_id=python_task4, run_id=manual__2024-12-16T20:26:46.950899+00:00, execution_date=20241216T202646, start_date=20241216T202654, end_date=20241216T202654
[2024-12-16T20:26:54.735+0000] {logging_mixin.py:190} INFO - Task instance in success state
[2024-12-16T20:26:54.736+0000] {logging_mixin.py:190} INFO -  Previous state of the Task instance: running
[2024-12-16T20:26:54.736+0000] {logging_mixin.py:190} INFO - Dag name:DAG_POOL queued_at:2024-12-16 20:26:46.960831+00:00
[2024-12-16T20:26:54.736+0000] {logging_mixin.py:190} INFO - Task hostname:590f5de10d76 operator:PythonOperator
[2024-12-16T20:26:54.766+0000] {local_task_job_runner.py:266} INFO - Task exited with return code 0
[2024-12-16T20:26:54.786+0000] {taskinstance.py:3900} INFO - 0 downstream tasks scheduled from follow-on schedule check
[2024-12-16T20:26:54.788+0000] {local_task_job_runner.py:245} INFO - ::endgroup::
