[2024-09-30T14:12:28.053+0000] {processor.py:186} INFO - Started process (PID=58) to work on /home/airflow/.local/lib/python3.12/site-packages/airflow/example_dags/example_xcomargs.py
[2024-09-30T14:12:28.054+0000] {processor.py:914} INFO - Processing file /home/airflow/.local/lib/python3.12/site-packages/airflow/example_dags/example_xcomargs.py for tasks to queue
[2024-09-30T14:12:28.056+0000] {logging_mixin.py:190} INFO - [2024-09-30T14:12:28.055+0000] {dagbag.py:588} INFO - Filling up the DagBag from /home/airflow/.local/lib/python3.12/site-packages/airflow/example_dags/example_xcomargs.py
[2024-09-30T14:12:28.072+0000] {processor.py:925} INFO - DAG(s) 'example_xcom_args_with_operators', 'example_xcom_args' retrieved from /home/airflow/.local/lib/python3.12/site-packages/airflow/example_dags/example_xcomargs.py
[2024-09-30T14:12:28.095+0000] {logging_mixin.py:190} INFO - [2024-09-30T14:12:28.094+0000] {dag.py:3239} INFO - Sync 2 DAGs
[2024-09-30T14:12:28.107+0000] {logging_mixin.py:190} INFO - [2024-09-30T14:12:28.107+0000] {dag.py:4180} INFO - Setting next_dagrun for example_xcom_args to None, run_after=None
[2024-09-30T14:12:28.111+0000] {logging_mixin.py:190} INFO - [2024-09-30T14:12:28.111+0000] {dag.py:4180} INFO - Setting next_dagrun for example_xcom_args_with_operators to None, run_after=None
[2024-09-30T14:12:28.124+0000] {processor.py:208} INFO - Processing /home/airflow/.local/lib/python3.12/site-packages/airflow/example_dags/example_xcomargs.py took 0.074 seconds
[2024-09-30T14:12:58.576+0000] {processor.py:186} INFO - Started process (PID=121) to work on /home/airflow/.local/lib/python3.12/site-packages/airflow/example_dags/example_xcomargs.py
[2024-09-30T14:12:58.576+0000] {processor.py:914} INFO - Processing file /home/airflow/.local/lib/python3.12/site-packages/airflow/example_dags/example_xcomargs.py for tasks to queue
[2024-09-30T14:12:58.578+0000] {logging_mixin.py:190} INFO - [2024-09-30T14:12:58.578+0000] {dagbag.py:588} INFO - Filling up the DagBag from /home/airflow/.local/lib/python3.12/site-packages/airflow/example_dags/example_xcomargs.py
[2024-09-30T14:12:58.585+0000] {processor.py:925} INFO - DAG(s) 'example_xcom_args', 'example_xcom_args_with_operators' retrieved from /home/airflow/.local/lib/python3.12/site-packages/airflow/example_dags/example_xcomargs.py
[2024-09-30T14:12:58.599+0000] {logging_mixin.py:190} INFO - [2024-09-30T14:12:58.599+0000] {dag.py:3239} INFO - Sync 2 DAGs
[2024-09-30T14:12:58.608+0000] {logging_mixin.py:190} INFO - [2024-09-30T14:12:58.608+0000] {dag.py:4180} INFO - Setting next_dagrun for example_xcom_args to None, run_after=None
[2024-09-30T14:12:58.611+0000] {logging_mixin.py:190} INFO - [2024-09-30T14:12:58.611+0000] {dag.py:4180} INFO - Setting next_dagrun for example_xcom_args_with_operators to None, run_after=None
[2024-09-30T14:12:58.622+0000] {processor.py:208} INFO - Processing /home/airflow/.local/lib/python3.12/site-packages/airflow/example_dags/example_xcomargs.py took 0.049 seconds
[2024-09-30T14:13:29.412+0000] {processor.py:186} INFO - Started process (PID=184) to work on /home/airflow/.local/lib/python3.12/site-packages/airflow/example_dags/example_xcomargs.py
[2024-09-30T14:13:29.413+0000] {processor.py:914} INFO - Processing file /home/airflow/.local/lib/python3.12/site-packages/airflow/example_dags/example_xcomargs.py for tasks to queue
[2024-09-30T14:13:29.414+0000] {logging_mixin.py:190} INFO - [2024-09-30T14:13:29.414+0000] {dagbag.py:588} INFO - Filling up the DagBag from /home/airflow/.local/lib/python3.12/site-packages/airflow/example_dags/example_xcomargs.py
[2024-09-30T14:13:29.420+0000] {processor.py:925} INFO - DAG(s) 'example_xcom_args_with_operators', 'example_xcom_args' retrieved from /home/airflow/.local/lib/python3.12/site-packages/airflow/example_dags/example_xcomargs.py
[2024-09-30T14:13:29.436+0000] {logging_mixin.py:190} INFO - [2024-09-30T14:13:29.436+0000] {dag.py:3239} INFO - Sync 2 DAGs
[2024-09-30T14:13:29.448+0000] {logging_mixin.py:190} INFO - [2024-09-30T14:13:29.448+0000] {dag.py:4180} INFO - Setting next_dagrun for example_xcom_args to None, run_after=None
[2024-09-30T14:13:29.451+0000] {logging_mixin.py:190} INFO - [2024-09-30T14:13:29.451+0000] {dag.py:4180} INFO - Setting next_dagrun for example_xcom_args_with_operators to None, run_after=None
[2024-09-30T14:13:29.464+0000] {processor.py:208} INFO - Processing /home/airflow/.local/lib/python3.12/site-packages/airflow/example_dags/example_xcomargs.py took 0.056 seconds
[2024-09-30T14:14:01.022+0000] {processor.py:186} INFO - Started process (PID=253) to work on /home/airflow/.local/lib/python3.12/site-packages/airflow/example_dags/example_xcomargs.py
[2024-09-30T14:14:01.023+0000] {processor.py:914} INFO - Processing file /home/airflow/.local/lib/python3.12/site-packages/airflow/example_dags/example_xcomargs.py for tasks to queue
[2024-09-30T14:14:01.024+0000] {logging_mixin.py:190} INFO - [2024-09-30T14:14:01.024+0000] {dagbag.py:588} INFO - Filling up the DagBag from /home/airflow/.local/lib/python3.12/site-packages/airflow/example_dags/example_xcomargs.py
[2024-09-30T14:14:01.031+0000] {processor.py:925} INFO - DAG(s) 'example_xcom_args_with_operators', 'example_xcom_args' retrieved from /home/airflow/.local/lib/python3.12/site-packages/airflow/example_dags/example_xcomargs.py
[2024-09-30T14:14:01.045+0000] {logging_mixin.py:190} INFO - [2024-09-30T14:14:01.045+0000] {dag.py:3239} INFO - Sync 2 DAGs
[2024-09-30T14:14:01.055+0000] {logging_mixin.py:190} INFO - [2024-09-30T14:14:01.055+0000] {dag.py:4180} INFO - Setting next_dagrun for example_xcom_args to None, run_after=None
[2024-09-30T14:14:01.058+0000] {logging_mixin.py:190} INFO - [2024-09-30T14:14:01.058+0000] {dag.py:4180} INFO - Setting next_dagrun for example_xcom_args_with_operators to None, run_after=None
[2024-09-30T14:14:01.068+0000] {processor.py:208} INFO - Processing /home/airflow/.local/lib/python3.12/site-packages/airflow/example_dags/example_xcomargs.py took 0.050 seconds
[2024-09-30T14:14:31.928+0000] {processor.py:186} INFO - Started process (PID=316) to work on /home/airflow/.local/lib/python3.12/site-packages/airflow/example_dags/example_xcomargs.py
[2024-09-30T14:14:31.929+0000] {processor.py:914} INFO - Processing file /home/airflow/.local/lib/python3.12/site-packages/airflow/example_dags/example_xcomargs.py for tasks to queue
[2024-09-30T14:14:31.931+0000] {logging_mixin.py:190} INFO - [2024-09-30T14:14:31.931+0000] {dagbag.py:588} INFO - Filling up the DagBag from /home/airflow/.local/lib/python3.12/site-packages/airflow/example_dags/example_xcomargs.py
[2024-09-30T14:14:31.940+0000] {processor.py:925} INFO - DAG(s) 'example_xcom_args_with_operators', 'example_xcom_args' retrieved from /home/airflow/.local/lib/python3.12/site-packages/airflow/example_dags/example_xcomargs.py
[2024-09-30T14:14:31.956+0000] {logging_mixin.py:190} INFO - [2024-09-30T14:14:31.956+0000] {dag.py:3239} INFO - Sync 2 DAGs
[2024-09-30T14:14:31.966+0000] {logging_mixin.py:190} INFO - [2024-09-30T14:14:31.966+0000] {dag.py:4180} INFO - Setting next_dagrun for example_xcom_args to None, run_after=None
[2024-09-30T14:14:31.968+0000] {logging_mixin.py:190} INFO - [2024-09-30T14:14:31.968+0000] {dag.py:4180} INFO - Setting next_dagrun for example_xcom_args_with_operators to None, run_after=None
[2024-09-30T14:14:31.979+0000] {processor.py:208} INFO - Processing /home/airflow/.local/lib/python3.12/site-packages/airflow/example_dags/example_xcomargs.py took 0.055 seconds
[2024-09-30T14:15:02.025+0000] {processor.py:186} INFO - Started process (PID=379) to work on /home/airflow/.local/lib/python3.12/site-packages/airflow/example_dags/example_xcomargs.py
[2024-09-30T14:15:02.026+0000] {processor.py:914} INFO - Processing file /home/airflow/.local/lib/python3.12/site-packages/airflow/example_dags/example_xcomargs.py for tasks to queue
[2024-09-30T14:15:02.027+0000] {logging_mixin.py:190} INFO - [2024-09-30T14:15:02.027+0000] {dagbag.py:588} INFO - Filling up the DagBag from /home/airflow/.local/lib/python3.12/site-packages/airflow/example_dags/example_xcomargs.py
[2024-09-30T14:15:02.034+0000] {processor.py:925} INFO - DAG(s) 'example_xcom_args', 'example_xcom_args_with_operators' retrieved from /home/airflow/.local/lib/python3.12/site-packages/airflow/example_dags/example_xcomargs.py
[2024-09-30T14:15:02.051+0000] {logging_mixin.py:190} INFO - [2024-09-30T14:15:02.051+0000] {dag.py:3239} INFO - Sync 2 DAGs
[2024-09-30T14:15:02.062+0000] {logging_mixin.py:190} INFO - [2024-09-30T14:15:02.062+0000] {dag.py:4180} INFO - Setting next_dagrun for example_xcom_args to None, run_after=None
[2024-09-30T14:15:02.065+0000] {logging_mixin.py:190} INFO - [2024-09-30T14:15:02.065+0000] {dag.py:4180} INFO - Setting next_dagrun for example_xcom_args_with_operators to None, run_after=None
[2024-09-30T14:15:02.077+0000] {processor.py:208} INFO - Processing /home/airflow/.local/lib/python3.12/site-packages/airflow/example_dags/example_xcomargs.py took 0.056 seconds
[2024-09-30T14:15:32.215+0000] {processor.py:186} INFO - Started process (PID=442) to work on /home/airflow/.local/lib/python3.12/site-packages/airflow/example_dags/example_xcomargs.py
[2024-09-30T14:15:32.215+0000] {processor.py:914} INFO - Processing file /home/airflow/.local/lib/python3.12/site-packages/airflow/example_dags/example_xcomargs.py for tasks to queue
[2024-09-30T14:15:32.217+0000] {logging_mixin.py:190} INFO - [2024-09-30T14:15:32.217+0000] {dagbag.py:588} INFO - Filling up the DagBag from /home/airflow/.local/lib/python3.12/site-packages/airflow/example_dags/example_xcomargs.py
[2024-09-30T14:15:32.224+0000] {processor.py:925} INFO - DAG(s) 'example_xcom_args_with_operators', 'example_xcom_args' retrieved from /home/airflow/.local/lib/python3.12/site-packages/airflow/example_dags/example_xcomargs.py
[2024-09-30T14:15:32.238+0000] {logging_mixin.py:190} INFO - [2024-09-30T14:15:32.238+0000] {dag.py:3239} INFO - Sync 2 DAGs
[2024-09-30T14:15:32.248+0000] {logging_mixin.py:190} INFO - [2024-09-30T14:15:32.248+0000] {dag.py:4180} INFO - Setting next_dagrun for example_xcom_args to None, run_after=None
[2024-09-30T14:15:32.250+0000] {logging_mixin.py:190} INFO - [2024-09-30T14:15:32.250+0000] {dag.py:4180} INFO - Setting next_dagrun for example_xcom_args_with_operators to None, run_after=None
[2024-09-30T14:15:32.260+0000] {processor.py:208} INFO - Processing /home/airflow/.local/lib/python3.12/site-packages/airflow/example_dags/example_xcomargs.py took 0.049 seconds
[2024-09-30T14:16:03.003+0000] {processor.py:186} INFO - Started process (PID=505) to work on /home/airflow/.local/lib/python3.12/site-packages/airflow/example_dags/example_xcomargs.py
[2024-09-30T14:16:03.004+0000] {processor.py:914} INFO - Processing file /home/airflow/.local/lib/python3.12/site-packages/airflow/example_dags/example_xcomargs.py for tasks to queue
[2024-09-30T14:16:03.005+0000] {logging_mixin.py:190} INFO - [2024-09-30T14:16:03.005+0000] {dagbag.py:588} INFO - Filling up the DagBag from /home/airflow/.local/lib/python3.12/site-packages/airflow/example_dags/example_xcomargs.py
[2024-09-30T14:16:03.011+0000] {processor.py:925} INFO - DAG(s) 'example_xcom_args', 'example_xcom_args_with_operators' retrieved from /home/airflow/.local/lib/python3.12/site-packages/airflow/example_dags/example_xcomargs.py
[2024-09-30T14:16:03.026+0000] {logging_mixin.py:190} INFO - [2024-09-30T14:16:03.025+0000] {dag.py:3239} INFO - Sync 2 DAGs
[2024-09-30T14:16:03.035+0000] {logging_mixin.py:190} INFO - [2024-09-30T14:16:03.035+0000] {dag.py:4180} INFO - Setting next_dagrun for example_xcom_args to None, run_after=None
[2024-09-30T14:16:03.037+0000] {logging_mixin.py:190} INFO - [2024-09-30T14:16:03.037+0000] {dag.py:4180} INFO - Setting next_dagrun for example_xcom_args_with_operators to None, run_after=None
[2024-09-30T14:16:03.047+0000] {processor.py:208} INFO - Processing /home/airflow/.local/lib/python3.12/site-packages/airflow/example_dags/example_xcomargs.py took 0.048 seconds
[2024-09-30T14:16:33.717+0000] {processor.py:186} INFO - Started process (PID=569) to work on /home/airflow/.local/lib/python3.12/site-packages/airflow/example_dags/example_xcomargs.py
[2024-09-30T14:16:33.718+0000] {processor.py:914} INFO - Processing file /home/airflow/.local/lib/python3.12/site-packages/airflow/example_dags/example_xcomargs.py for tasks to queue
[2024-09-30T14:16:33.719+0000] {logging_mixin.py:190} INFO - [2024-09-30T14:16:33.719+0000] {dagbag.py:588} INFO - Filling up the DagBag from /home/airflow/.local/lib/python3.12/site-packages/airflow/example_dags/example_xcomargs.py
[2024-09-30T14:16:33.726+0000] {processor.py:925} INFO - DAG(s) 'example_xcom_args_with_operators', 'example_xcom_args' retrieved from /home/airflow/.local/lib/python3.12/site-packages/airflow/example_dags/example_xcomargs.py
[2024-09-30T14:16:33.740+0000] {logging_mixin.py:190} INFO - [2024-09-30T14:16:33.740+0000] {dag.py:3239} INFO - Sync 2 DAGs
[2024-09-30T14:16:33.750+0000] {logging_mixin.py:190} INFO - [2024-09-30T14:16:33.750+0000] {dag.py:4180} INFO - Setting next_dagrun for example_xcom_args to None, run_after=None
[2024-09-30T14:16:33.752+0000] {logging_mixin.py:190} INFO - [2024-09-30T14:16:33.752+0000] {dag.py:4180} INFO - Setting next_dagrun for example_xcom_args_with_operators to None, run_after=None
[2024-09-30T14:16:33.763+0000] {processor.py:208} INFO - Processing /home/airflow/.local/lib/python3.12/site-packages/airflow/example_dags/example_xcomargs.py took 0.050 seconds
[2024-09-30T14:16:59.262+0000] {processor.py:186} INFO - Started process (PID=52) to work on /home/airflow/.local/lib/python3.12/site-packages/airflow/example_dags/example_xcomargs.py
[2024-09-30T14:16:59.263+0000] {processor.py:914} INFO - Processing file /home/airflow/.local/lib/python3.12/site-packages/airflow/example_dags/example_xcomargs.py for tasks to queue
[2024-09-30T14:16:59.266+0000] {logging_mixin.py:190} INFO - [2024-09-30T14:16:59.266+0000] {dagbag.py:588} INFO - Filling up the DagBag from /home/airflow/.local/lib/python3.12/site-packages/airflow/example_dags/example_xcomargs.py
[2024-09-30T14:16:59.273+0000] {processor.py:925} INFO - DAG(s) 'example_xcom_args_with_operators', 'example_xcom_args' retrieved from /home/airflow/.local/lib/python3.12/site-packages/airflow/example_dags/example_xcomargs.py
[2024-09-30T14:16:59.294+0000] {logging_mixin.py:190} INFO - [2024-09-30T14:16:59.294+0000] {dag.py:3239} INFO - Sync 2 DAGs
[2024-09-30T14:16:59.305+0000] {logging_mixin.py:190} INFO - [2024-09-30T14:16:59.305+0000] {dag.py:4180} INFO - Setting next_dagrun for example_xcom_args to None, run_after=None
[2024-09-30T14:16:59.307+0000] {logging_mixin.py:190} INFO - [2024-09-30T14:16:59.307+0000] {dag.py:4180} INFO - Setting next_dagrun for example_xcom_args_with_operators to None, run_after=None
[2024-09-30T14:16:59.318+0000] {processor.py:208} INFO - Processing /home/airflow/.local/lib/python3.12/site-packages/airflow/example_dags/example_xcomargs.py took 0.059 seconds
[2024-09-30T14:17:30.099+0000] {processor.py:186} INFO - Started process (PID=115) to work on /home/airflow/.local/lib/python3.12/site-packages/airflow/example_dags/example_xcomargs.py
[2024-09-30T14:17:30.100+0000] {processor.py:914} INFO - Processing file /home/airflow/.local/lib/python3.12/site-packages/airflow/example_dags/example_xcomargs.py for tasks to queue
[2024-09-30T14:17:30.101+0000] {logging_mixin.py:190} INFO - [2024-09-30T14:17:30.101+0000] {dagbag.py:588} INFO - Filling up the DagBag from /home/airflow/.local/lib/python3.12/site-packages/airflow/example_dags/example_xcomargs.py
[2024-09-30T14:17:30.107+0000] {processor.py:925} INFO - DAG(s) 'example_xcom_args', 'example_xcom_args_with_operators' retrieved from /home/airflow/.local/lib/python3.12/site-packages/airflow/example_dags/example_xcomargs.py
[2024-09-30T14:17:30.122+0000] {logging_mixin.py:190} INFO - [2024-09-30T14:17:30.122+0000] {dag.py:3239} INFO - Sync 2 DAGs
[2024-09-30T14:17:30.133+0000] {logging_mixin.py:190} INFO - [2024-09-30T14:17:30.133+0000] {dag.py:4180} INFO - Setting next_dagrun for example_xcom_args to None, run_after=None
[2024-09-30T14:17:30.137+0000] {logging_mixin.py:190} INFO - [2024-09-30T14:17:30.136+0000] {dag.py:4180} INFO - Setting next_dagrun for example_xcom_args_with_operators to None, run_after=None
[2024-09-30T14:17:30.148+0000] {processor.py:208} INFO - Processing /home/airflow/.local/lib/python3.12/site-packages/airflow/example_dags/example_xcomargs.py took 0.052 seconds
[2024-09-30T14:18:01.785+0000] {processor.py:186} INFO - Started process (PID=52) to work on /home/airflow/.local/lib/python3.12/site-packages/airflow/example_dags/example_xcomargs.py
[2024-09-30T14:18:01.786+0000] {processor.py:914} INFO - Processing file /home/airflow/.local/lib/python3.12/site-packages/airflow/example_dags/example_xcomargs.py for tasks to queue
[2024-09-30T14:18:01.790+0000] {logging_mixin.py:190} INFO - [2024-09-30T14:18:01.790+0000] {dagbag.py:588} INFO - Filling up the DagBag from /home/airflow/.local/lib/python3.12/site-packages/airflow/example_dags/example_xcomargs.py
[2024-09-30T14:18:01.797+0000] {processor.py:925} INFO - DAG(s) 'example_xcom_args', 'example_xcom_args_with_operators' retrieved from /home/airflow/.local/lib/python3.12/site-packages/airflow/example_dags/example_xcomargs.py
[2024-09-30T14:18:01.818+0000] {logging_mixin.py:190} INFO - [2024-09-30T14:18:01.818+0000] {dag.py:3239} INFO - Sync 2 DAGs
[2024-09-30T14:18:01.834+0000] {logging_mixin.py:190} INFO - [2024-09-30T14:18:01.834+0000] {dag.py:4180} INFO - Setting next_dagrun for example_xcom_args to None, run_after=None
[2024-09-30T14:18:01.839+0000] {logging_mixin.py:190} INFO - [2024-09-30T14:18:01.838+0000] {dag.py:4180} INFO - Setting next_dagrun for example_xcom_args_with_operators to None, run_after=None
[2024-09-30T14:18:01.852+0000] {processor.py:208} INFO - Processing /home/airflow/.local/lib/python3.12/site-packages/airflow/example_dags/example_xcomargs.py took 0.070 seconds
[2024-09-30T14:18:31.933+0000] {processor.py:186} INFO - Started process (PID=115) to work on /home/airflow/.local/lib/python3.12/site-packages/airflow/example_dags/example_xcomargs.py
[2024-09-30T14:18:31.934+0000] {processor.py:914} INFO - Processing file /home/airflow/.local/lib/python3.12/site-packages/airflow/example_dags/example_xcomargs.py for tasks to queue
[2024-09-30T14:18:31.936+0000] {logging_mixin.py:190} INFO - [2024-09-30T14:18:31.935+0000] {dagbag.py:588} INFO - Filling up the DagBag from /home/airflow/.local/lib/python3.12/site-packages/airflow/example_dags/example_xcomargs.py
[2024-09-30T14:18:31.941+0000] {processor.py:925} INFO - DAG(s) 'example_xcom_args_with_operators', 'example_xcom_args' retrieved from /home/airflow/.local/lib/python3.12/site-packages/airflow/example_dags/example_xcomargs.py
[2024-09-30T14:18:31.957+0000] {logging_mixin.py:190} INFO - [2024-09-30T14:18:31.957+0000] {dag.py:3239} INFO - Sync 2 DAGs
[2024-09-30T14:18:31.967+0000] {logging_mixin.py:190} INFO - [2024-09-30T14:18:31.967+0000] {dag.py:4180} INFO - Setting next_dagrun for example_xcom_args to None, run_after=None
[2024-09-30T14:18:31.970+0000] {logging_mixin.py:190} INFO - [2024-09-30T14:18:31.970+0000] {dag.py:4180} INFO - Setting next_dagrun for example_xcom_args_with_operators to None, run_after=None
[2024-09-30T14:18:31.982+0000] {processor.py:208} INFO - Processing /home/airflow/.local/lib/python3.12/site-packages/airflow/example_dags/example_xcomargs.py took 0.052 seconds
[2024-09-30T14:19:02.491+0000] {processor.py:186} INFO - Started process (PID=178) to work on /home/airflow/.local/lib/python3.12/site-packages/airflow/example_dags/example_xcomargs.py
[2024-09-30T14:19:02.492+0000] {processor.py:914} INFO - Processing file /home/airflow/.local/lib/python3.12/site-packages/airflow/example_dags/example_xcomargs.py for tasks to queue
[2024-09-30T14:19:02.493+0000] {logging_mixin.py:190} INFO - [2024-09-30T14:19:02.493+0000] {dagbag.py:588} INFO - Filling up the DagBag from /home/airflow/.local/lib/python3.12/site-packages/airflow/example_dags/example_xcomargs.py
[2024-09-30T14:19:02.499+0000] {processor.py:925} INFO - DAG(s) 'example_xcom_args', 'example_xcom_args_with_operators' retrieved from /home/airflow/.local/lib/python3.12/site-packages/airflow/example_dags/example_xcomargs.py
[2024-09-30T14:19:02.514+0000] {logging_mixin.py:190} INFO - [2024-09-30T14:19:02.514+0000] {dag.py:3239} INFO - Sync 2 DAGs
[2024-09-30T14:19:02.525+0000] {logging_mixin.py:190} INFO - [2024-09-30T14:19:02.525+0000] {dag.py:4180} INFO - Setting next_dagrun for example_xcom_args to None, run_after=None
[2024-09-30T14:19:02.528+0000] {logging_mixin.py:190} INFO - [2024-09-30T14:19:02.527+0000] {dag.py:4180} INFO - Setting next_dagrun for example_xcom_args_with_operators to None, run_after=None
[2024-09-30T14:19:02.539+0000] {processor.py:208} INFO - Processing /home/airflow/.local/lib/python3.12/site-packages/airflow/example_dags/example_xcomargs.py took 0.051 seconds
[2024-09-30T14:19:46.296+0000] {processor.py:186} INFO - Started process (PID=52) to work on /home/airflow/.local/lib/python3.12/site-packages/airflow/example_dags/example_xcomargs.py
[2024-09-30T14:19:46.296+0000] {processor.py:914} INFO - Processing file /home/airflow/.local/lib/python3.12/site-packages/airflow/example_dags/example_xcomargs.py for tasks to queue
[2024-09-30T14:19:46.300+0000] {logging_mixin.py:190} INFO - [2024-09-30T14:19:46.300+0000] {dagbag.py:588} INFO - Filling up the DagBag from /home/airflow/.local/lib/python3.12/site-packages/airflow/example_dags/example_xcomargs.py
[2024-09-30T14:19:46.306+0000] {processor.py:925} INFO - DAG(s) 'example_xcom_args_with_operators', 'example_xcom_args' retrieved from /home/airflow/.local/lib/python3.12/site-packages/airflow/example_dags/example_xcomargs.py
[2024-09-30T14:19:46.325+0000] {logging_mixin.py:190} INFO - [2024-09-30T14:19:46.325+0000] {dag.py:3239} INFO - Sync 2 DAGs
[2024-09-30T14:19:46.335+0000] {logging_mixin.py:190} INFO - [2024-09-30T14:19:46.335+0000] {dag.py:4180} INFO - Setting next_dagrun for example_xcom_args to None, run_after=None
[2024-09-30T14:19:46.337+0000] {logging_mixin.py:190} INFO - [2024-09-30T14:19:46.337+0000] {dag.py:4180} INFO - Setting next_dagrun for example_xcom_args_with_operators to None, run_after=None
[2024-09-30T14:19:46.348+0000] {processor.py:208} INFO - Processing /home/airflow/.local/lib/python3.12/site-packages/airflow/example_dags/example_xcomargs.py took 0.057 seconds
[2024-09-30T14:20:17.274+0000] {processor.py:186} INFO - Started process (PID=115) to work on /home/airflow/.local/lib/python3.12/site-packages/airflow/example_dags/example_xcomargs.py
[2024-09-30T14:20:17.275+0000] {processor.py:914} INFO - Processing file /home/airflow/.local/lib/python3.12/site-packages/airflow/example_dags/example_xcomargs.py for tasks to queue
[2024-09-30T14:20:17.277+0000] {logging_mixin.py:190} INFO - [2024-09-30T14:20:17.276+0000] {dagbag.py:588} INFO - Filling up the DagBag from /home/airflow/.local/lib/python3.12/site-packages/airflow/example_dags/example_xcomargs.py
[2024-09-30T14:20:17.283+0000] {processor.py:925} INFO - DAG(s) 'example_xcom_args', 'example_xcom_args_with_operators' retrieved from /home/airflow/.local/lib/python3.12/site-packages/airflow/example_dags/example_xcomargs.py
[2024-09-30T14:20:17.298+0000] {logging_mixin.py:190} INFO - [2024-09-30T14:20:17.298+0000] {dag.py:3239} INFO - Sync 2 DAGs
[2024-09-30T14:20:17.308+0000] {logging_mixin.py:190} INFO - [2024-09-30T14:20:17.308+0000] {dag.py:4180} INFO - Setting next_dagrun for example_xcom_args to None, run_after=None
[2024-09-30T14:20:17.310+0000] {logging_mixin.py:190} INFO - [2024-09-30T14:20:17.310+0000] {dag.py:4180} INFO - Setting next_dagrun for example_xcom_args_with_operators to None, run_after=None
[2024-09-30T14:20:17.322+0000] {processor.py:208} INFO - Processing /home/airflow/.local/lib/python3.12/site-packages/airflow/example_dags/example_xcomargs.py took 0.051 seconds
[2024-09-30T14:20:48.155+0000] {processor.py:186} INFO - Started process (PID=184) to work on /home/airflow/.local/lib/python3.12/site-packages/airflow/example_dags/example_xcomargs.py
[2024-09-30T14:20:48.156+0000] {processor.py:914} INFO - Processing file /home/airflow/.local/lib/python3.12/site-packages/airflow/example_dags/example_xcomargs.py for tasks to queue
[2024-09-30T14:20:48.157+0000] {logging_mixin.py:190} INFO - [2024-09-30T14:20:48.157+0000] {dagbag.py:588} INFO - Filling up the DagBag from /home/airflow/.local/lib/python3.12/site-packages/airflow/example_dags/example_xcomargs.py
[2024-09-30T14:20:48.164+0000] {processor.py:925} INFO - DAG(s) 'example_xcom_args', 'example_xcom_args_with_operators' retrieved from /home/airflow/.local/lib/python3.12/site-packages/airflow/example_dags/example_xcomargs.py
[2024-09-30T14:20:48.180+0000] {logging_mixin.py:190} INFO - [2024-09-30T14:20:48.180+0000] {dag.py:3239} INFO - Sync 2 DAGs
[2024-09-30T14:20:48.190+0000] {logging_mixin.py:190} INFO - [2024-09-30T14:20:48.190+0000] {dag.py:4180} INFO - Setting next_dagrun for example_xcom_args to None, run_after=None
[2024-09-30T14:20:48.193+0000] {logging_mixin.py:190} INFO - [2024-09-30T14:20:48.193+0000] {dag.py:4180} INFO - Setting next_dagrun for example_xcom_args_with_operators to None, run_after=None
[2024-09-30T14:20:48.208+0000] {processor.py:208} INFO - Processing /home/airflow/.local/lib/python3.12/site-packages/airflow/example_dags/example_xcomargs.py took 0.057 seconds
[2024-09-30T14:21:19.214+0000] {processor.py:186} INFO - Started process (PID=247) to work on /home/airflow/.local/lib/python3.12/site-packages/airflow/example_dags/example_xcomargs.py
[2024-09-30T14:21:19.215+0000] {processor.py:914} INFO - Processing file /home/airflow/.local/lib/python3.12/site-packages/airflow/example_dags/example_xcomargs.py for tasks to queue
[2024-09-30T14:21:19.216+0000] {logging_mixin.py:190} INFO - [2024-09-30T14:21:19.216+0000] {dagbag.py:588} INFO - Filling up the DagBag from /home/airflow/.local/lib/python3.12/site-packages/airflow/example_dags/example_xcomargs.py
[2024-09-30T14:21:19.223+0000] {processor.py:925} INFO - DAG(s) 'example_xcom_args_with_operators', 'example_xcom_args' retrieved from /home/airflow/.local/lib/python3.12/site-packages/airflow/example_dags/example_xcomargs.py
[2024-09-30T14:21:19.240+0000] {logging_mixin.py:190} INFO - [2024-09-30T14:21:19.239+0000] {dag.py:3239} INFO - Sync 2 DAGs
[2024-09-30T14:21:19.250+0000] {logging_mixin.py:190} INFO - [2024-09-30T14:21:19.249+0000] {dag.py:4180} INFO - Setting next_dagrun for example_xcom_args to None, run_after=None
[2024-09-30T14:21:19.252+0000] {logging_mixin.py:190} INFO - [2024-09-30T14:21:19.252+0000] {dag.py:4180} INFO - Setting next_dagrun for example_xcom_args_with_operators to None, run_after=None
[2024-09-30T14:21:19.263+0000] {processor.py:208} INFO - Processing /home/airflow/.local/lib/python3.12/site-packages/airflow/example_dags/example_xcomargs.py took 0.053 seconds
[2024-09-30T14:21:49.347+0000] {processor.py:186} INFO - Started process (PID=310) to work on /home/airflow/.local/lib/python3.12/site-packages/airflow/example_dags/example_xcomargs.py
[2024-09-30T14:21:49.348+0000] {processor.py:914} INFO - Processing file /home/airflow/.local/lib/python3.12/site-packages/airflow/example_dags/example_xcomargs.py for tasks to queue
[2024-09-30T14:21:49.349+0000] {logging_mixin.py:190} INFO - [2024-09-30T14:21:49.349+0000] {dagbag.py:588} INFO - Filling up the DagBag from /home/airflow/.local/lib/python3.12/site-packages/airflow/example_dags/example_xcomargs.py
[2024-09-30T14:21:49.357+0000] {processor.py:925} INFO - DAG(s) 'example_xcom_args_with_operators', 'example_xcom_args' retrieved from /home/airflow/.local/lib/python3.12/site-packages/airflow/example_dags/example_xcomargs.py
[2024-09-30T14:21:49.373+0000] {logging_mixin.py:190} INFO - [2024-09-30T14:21:49.372+0000] {dag.py:3239} INFO - Sync 2 DAGs
[2024-09-30T14:21:49.382+0000] {logging_mixin.py:190} INFO - [2024-09-30T14:21:49.382+0000] {dag.py:4180} INFO - Setting next_dagrun for example_xcom_args to None, run_after=None
[2024-09-30T14:21:49.384+0000] {logging_mixin.py:190} INFO - [2024-09-30T14:21:49.384+0000] {dag.py:4180} INFO - Setting next_dagrun for example_xcom_args_with_operators to None, run_after=None
[2024-09-30T14:21:49.396+0000] {processor.py:208} INFO - Processing /home/airflow/.local/lib/python3.12/site-packages/airflow/example_dags/example_xcomargs.py took 0.052 seconds
[2024-09-30T14:22:20.187+0000] {processor.py:186} INFO - Started process (PID=373) to work on /home/airflow/.local/lib/python3.12/site-packages/airflow/example_dags/example_xcomargs.py
[2024-09-30T14:22:20.188+0000] {processor.py:914} INFO - Processing file /home/airflow/.local/lib/python3.12/site-packages/airflow/example_dags/example_xcomargs.py for tasks to queue
[2024-09-30T14:22:20.190+0000] {logging_mixin.py:190} INFO - [2024-09-30T14:22:20.189+0000] {dagbag.py:588} INFO - Filling up the DagBag from /home/airflow/.local/lib/python3.12/site-packages/airflow/example_dags/example_xcomargs.py
[2024-09-30T14:22:20.196+0000] {processor.py:925} INFO - DAG(s) 'example_xcom_args', 'example_xcom_args_with_operators' retrieved from /home/airflow/.local/lib/python3.12/site-packages/airflow/example_dags/example_xcomargs.py
[2024-09-30T14:22:20.210+0000] {logging_mixin.py:190} INFO - [2024-09-30T14:22:20.210+0000] {dag.py:3239} INFO - Sync 2 DAGs
[2024-09-30T14:22:20.220+0000] {logging_mixin.py:190} INFO - [2024-09-30T14:22:20.220+0000] {dag.py:4180} INFO - Setting next_dagrun for example_xcom_args to None, run_after=None
[2024-09-30T14:22:20.223+0000] {logging_mixin.py:190} INFO - [2024-09-30T14:22:20.223+0000] {dag.py:4180} INFO - Setting next_dagrun for example_xcom_args_with_operators to None, run_after=None
[2024-09-30T14:22:20.235+0000] {processor.py:208} INFO - Processing /home/airflow/.local/lib/python3.12/site-packages/airflow/example_dags/example_xcomargs.py took 0.051 seconds
[2024-09-30T14:22:50.907+0000] {processor.py:186} INFO - Started process (PID=436) to work on /home/airflow/.local/lib/python3.12/site-packages/airflow/example_dags/example_xcomargs.py
[2024-09-30T14:22:50.908+0000] {processor.py:914} INFO - Processing file /home/airflow/.local/lib/python3.12/site-packages/airflow/example_dags/example_xcomargs.py for tasks to queue
[2024-09-30T14:22:50.909+0000] {logging_mixin.py:190} INFO - [2024-09-30T14:22:50.909+0000] {dagbag.py:588} INFO - Filling up the DagBag from /home/airflow/.local/lib/python3.12/site-packages/airflow/example_dags/example_xcomargs.py
[2024-09-30T14:22:50.915+0000] {processor.py:925} INFO - DAG(s) 'example_xcom_args', 'example_xcom_args_with_operators' retrieved from /home/airflow/.local/lib/python3.12/site-packages/airflow/example_dags/example_xcomargs.py
[2024-09-30T14:22:50.929+0000] {logging_mixin.py:190} INFO - [2024-09-30T14:22:50.929+0000] {dag.py:3239} INFO - Sync 2 DAGs
[2024-09-30T14:22:50.939+0000] {logging_mixin.py:190} INFO - [2024-09-30T14:22:50.939+0000] {dag.py:4180} INFO - Setting next_dagrun for example_xcom_args to None, run_after=None
[2024-09-30T14:22:50.941+0000] {logging_mixin.py:190} INFO - [2024-09-30T14:22:50.941+0000] {dag.py:4180} INFO - Setting next_dagrun for example_xcom_args_with_operators to None, run_after=None
[2024-09-30T14:22:50.952+0000] {processor.py:208} INFO - Processing /home/airflow/.local/lib/python3.12/site-packages/airflow/example_dags/example_xcomargs.py took 0.048 seconds
[2024-09-30T14:23:21.556+0000] {processor.py:186} INFO - Started process (PID=499) to work on /home/airflow/.local/lib/python3.12/site-packages/airflow/example_dags/example_xcomargs.py
[2024-09-30T14:23:21.557+0000] {processor.py:914} INFO - Processing file /home/airflow/.local/lib/python3.12/site-packages/airflow/example_dags/example_xcomargs.py for tasks to queue
[2024-09-30T14:23:21.558+0000] {logging_mixin.py:190} INFO - [2024-09-30T14:23:21.558+0000] {dagbag.py:588} INFO - Filling up the DagBag from /home/airflow/.local/lib/python3.12/site-packages/airflow/example_dags/example_xcomargs.py
[2024-09-30T14:23:21.564+0000] {processor.py:925} INFO - DAG(s) 'example_xcom_args', 'example_xcom_args_with_operators' retrieved from /home/airflow/.local/lib/python3.12/site-packages/airflow/example_dags/example_xcomargs.py
[2024-09-30T14:23:21.580+0000] {logging_mixin.py:190} INFO - [2024-09-30T14:23:21.580+0000] {dag.py:3239} INFO - Sync 2 DAGs
[2024-09-30T14:23:21.589+0000] {logging_mixin.py:190} INFO - [2024-09-30T14:23:21.589+0000] {dag.py:4180} INFO - Setting next_dagrun for example_xcom_args to None, run_after=None
[2024-09-30T14:23:21.591+0000] {logging_mixin.py:190} INFO - [2024-09-30T14:23:21.591+0000] {dag.py:4180} INFO - Setting next_dagrun for example_xcom_args_with_operators to None, run_after=None
[2024-09-30T14:23:21.602+0000] {processor.py:208} INFO - Processing /home/airflow/.local/lib/python3.12/site-packages/airflow/example_dags/example_xcomargs.py took 0.049 seconds
[2024-09-30T14:23:52.333+0000] {processor.py:186} INFO - Started process (PID=562) to work on /home/airflow/.local/lib/python3.12/site-packages/airflow/example_dags/example_xcomargs.py
[2024-09-30T14:23:52.334+0000] {processor.py:914} INFO - Processing file /home/airflow/.local/lib/python3.12/site-packages/airflow/example_dags/example_xcomargs.py for tasks to queue
[2024-09-30T14:23:52.335+0000] {logging_mixin.py:190} INFO - [2024-09-30T14:23:52.335+0000] {dagbag.py:588} INFO - Filling up the DagBag from /home/airflow/.local/lib/python3.12/site-packages/airflow/example_dags/example_xcomargs.py
[2024-09-30T14:23:52.341+0000] {processor.py:925} INFO - DAG(s) 'example_xcom_args', 'example_xcom_args_with_operators' retrieved from /home/airflow/.local/lib/python3.12/site-packages/airflow/example_dags/example_xcomargs.py
[2024-09-30T14:23:52.355+0000] {logging_mixin.py:190} INFO - [2024-09-30T14:23:52.355+0000] {dag.py:3239} INFO - Sync 2 DAGs
[2024-09-30T14:23:52.365+0000] {logging_mixin.py:190} INFO - [2024-09-30T14:23:52.364+0000] {dag.py:4180} INFO - Setting next_dagrun for example_xcom_args to None, run_after=None
[2024-09-30T14:23:52.368+0000] {logging_mixin.py:190} INFO - [2024-09-30T14:23:52.367+0000] {dag.py:4180} INFO - Setting next_dagrun for example_xcom_args_with_operators to None, run_after=None
[2024-09-30T14:23:52.378+0000] {processor.py:208} INFO - Processing /home/airflow/.local/lib/python3.12/site-packages/airflow/example_dags/example_xcomargs.py took 0.048 seconds
[2024-09-30T14:24:23.170+0000] {processor.py:186} INFO - Started process (PID=625) to work on /home/airflow/.local/lib/python3.12/site-packages/airflow/example_dags/example_xcomargs.py
[2024-09-30T14:24:23.171+0000] {processor.py:914} INFO - Processing file /home/airflow/.local/lib/python3.12/site-packages/airflow/example_dags/example_xcomargs.py for tasks to queue
[2024-09-30T14:24:23.172+0000] {logging_mixin.py:190} INFO - [2024-09-30T14:24:23.172+0000] {dagbag.py:588} INFO - Filling up the DagBag from /home/airflow/.local/lib/python3.12/site-packages/airflow/example_dags/example_xcomargs.py
[2024-09-30T14:24:23.178+0000] {processor.py:925} INFO - DAG(s) 'example_xcom_args_with_operators', 'example_xcom_args' retrieved from /home/airflow/.local/lib/python3.12/site-packages/airflow/example_dags/example_xcomargs.py
[2024-09-30T14:24:23.192+0000] {logging_mixin.py:190} INFO - [2024-09-30T14:24:23.192+0000] {dag.py:3239} INFO - Sync 2 DAGs
[2024-09-30T14:24:23.201+0000] {logging_mixin.py:190} INFO - [2024-09-30T14:24:23.201+0000] {dag.py:4180} INFO - Setting next_dagrun for example_xcom_args to None, run_after=None
[2024-09-30T14:24:23.203+0000] {logging_mixin.py:190} INFO - [2024-09-30T14:24:23.203+0000] {dag.py:4180} INFO - Setting next_dagrun for example_xcom_args_with_operators to None, run_after=None
[2024-09-30T14:24:23.213+0000] {processor.py:208} INFO - Processing /home/airflow/.local/lib/python3.12/site-packages/airflow/example_dags/example_xcomargs.py took 0.047 seconds
[2024-09-30T14:24:53.754+0000] {processor.py:186} INFO - Started process (PID=688) to work on /home/airflow/.local/lib/python3.12/site-packages/airflow/example_dags/example_xcomargs.py
[2024-09-30T14:24:53.755+0000] {processor.py:914} INFO - Processing file /home/airflow/.local/lib/python3.12/site-packages/airflow/example_dags/example_xcomargs.py for tasks to queue
[2024-09-30T14:24:53.756+0000] {logging_mixin.py:190} INFO - [2024-09-30T14:24:53.756+0000] {dagbag.py:588} INFO - Filling up the DagBag from /home/airflow/.local/lib/python3.12/site-packages/airflow/example_dags/example_xcomargs.py
[2024-09-30T14:24:53.762+0000] {processor.py:925} INFO - DAG(s) 'example_xcom_args_with_operators', 'example_xcom_args' retrieved from /home/airflow/.local/lib/python3.12/site-packages/airflow/example_dags/example_xcomargs.py
[2024-09-30T14:24:53.776+0000] {logging_mixin.py:190} INFO - [2024-09-30T14:24:53.776+0000] {dag.py:3239} INFO - Sync 2 DAGs
[2024-09-30T14:24:53.785+0000] {logging_mixin.py:190} INFO - [2024-09-30T14:24:53.785+0000] {dag.py:4180} INFO - Setting next_dagrun for example_xcom_args to None, run_after=None
[2024-09-30T14:24:53.788+0000] {logging_mixin.py:190} INFO - [2024-09-30T14:24:53.788+0000] {dag.py:4180} INFO - Setting next_dagrun for example_xcom_args_with_operators to None, run_after=None
[2024-09-30T14:24:53.799+0000] {processor.py:208} INFO - Processing /home/airflow/.local/lib/python3.12/site-packages/airflow/example_dags/example_xcomargs.py took 0.048 seconds
[2024-09-30T14:25:24.561+0000] {processor.py:186} INFO - Started process (PID=751) to work on /home/airflow/.local/lib/python3.12/site-packages/airflow/example_dags/example_xcomargs.py
[2024-09-30T14:25:24.562+0000] {processor.py:914} INFO - Processing file /home/airflow/.local/lib/python3.12/site-packages/airflow/example_dags/example_xcomargs.py for tasks to queue
[2024-09-30T14:25:24.563+0000] {logging_mixin.py:190} INFO - [2024-09-30T14:25:24.563+0000] {dagbag.py:588} INFO - Filling up the DagBag from /home/airflow/.local/lib/python3.12/site-packages/airflow/example_dags/example_xcomargs.py
[2024-09-30T14:25:24.569+0000] {processor.py:925} INFO - DAG(s) 'example_xcom_args', 'example_xcom_args_with_operators' retrieved from /home/airflow/.local/lib/python3.12/site-packages/airflow/example_dags/example_xcomargs.py
[2024-09-30T14:25:24.584+0000] {logging_mixin.py:190} INFO - [2024-09-30T14:25:24.584+0000] {dag.py:3239} INFO - Sync 2 DAGs
[2024-09-30T14:25:24.594+0000] {logging_mixin.py:190} INFO - [2024-09-30T14:25:24.594+0000] {dag.py:4180} INFO - Setting next_dagrun for example_xcom_args to None, run_after=None
[2024-09-30T14:25:24.597+0000] {logging_mixin.py:190} INFO - [2024-09-30T14:25:24.597+0000] {dag.py:4180} INFO - Setting next_dagrun for example_xcom_args_with_operators to None, run_after=None
[2024-09-30T14:25:24.607+0000] {processor.py:208} INFO - Processing /home/airflow/.local/lib/python3.12/site-packages/airflow/example_dags/example_xcomargs.py took 0.050 seconds
[2024-09-30T14:25:55.216+0000] {processor.py:186} INFO - Started process (PID=814) to work on /home/airflow/.local/lib/python3.12/site-packages/airflow/example_dags/example_xcomargs.py
[2024-09-30T14:25:55.217+0000] {processor.py:914} INFO - Processing file /home/airflow/.local/lib/python3.12/site-packages/airflow/example_dags/example_xcomargs.py for tasks to queue
[2024-09-30T14:25:55.218+0000] {logging_mixin.py:190} INFO - [2024-09-30T14:25:55.218+0000] {dagbag.py:588} INFO - Filling up the DagBag from /home/airflow/.local/lib/python3.12/site-packages/airflow/example_dags/example_xcomargs.py
[2024-09-30T14:25:55.224+0000] {processor.py:925} INFO - DAG(s) 'example_xcom_args', 'example_xcom_args_with_operators' retrieved from /home/airflow/.local/lib/python3.12/site-packages/airflow/example_dags/example_xcomargs.py
[2024-09-30T14:25:55.238+0000] {logging_mixin.py:190} INFO - [2024-09-30T14:25:55.237+0000] {dag.py:3239} INFO - Sync 2 DAGs
[2024-09-30T14:25:55.247+0000] {logging_mixin.py:190} INFO - [2024-09-30T14:25:55.246+0000] {dag.py:4180} INFO - Setting next_dagrun for example_xcom_args to None, run_after=None
[2024-09-30T14:25:55.249+0000] {logging_mixin.py:190} INFO - [2024-09-30T14:25:55.249+0000] {dag.py:4180} INFO - Setting next_dagrun for example_xcom_args_with_operators to None, run_after=None
[2024-09-30T14:25:55.260+0000] {processor.py:208} INFO - Processing /home/airflow/.local/lib/python3.12/site-packages/airflow/example_dags/example_xcomargs.py took 0.047 seconds
[2024-09-30T14:26:26.037+0000] {processor.py:186} INFO - Started process (PID=877) to work on /home/airflow/.local/lib/python3.12/site-packages/airflow/example_dags/example_xcomargs.py
[2024-09-30T14:26:26.037+0000] {processor.py:914} INFO - Processing file /home/airflow/.local/lib/python3.12/site-packages/airflow/example_dags/example_xcomargs.py for tasks to queue
[2024-09-30T14:26:26.039+0000] {logging_mixin.py:190} INFO - [2024-09-30T14:26:26.039+0000] {dagbag.py:588} INFO - Filling up the DagBag from /home/airflow/.local/lib/python3.12/site-packages/airflow/example_dags/example_xcomargs.py
[2024-09-30T14:26:26.046+0000] {processor.py:925} INFO - DAG(s) 'example_xcom_args', 'example_xcom_args_with_operators' retrieved from /home/airflow/.local/lib/python3.12/site-packages/airflow/example_dags/example_xcomargs.py
[2024-09-30T14:26:26.062+0000] {logging_mixin.py:190} INFO - [2024-09-30T14:26:26.062+0000] {dag.py:3239} INFO - Sync 2 DAGs
[2024-09-30T14:26:26.073+0000] {logging_mixin.py:190} INFO - [2024-09-30T14:26:26.072+0000] {dag.py:4180} INFO - Setting next_dagrun for example_xcom_args to None, run_after=None
[2024-09-30T14:26:26.076+0000] {logging_mixin.py:190} INFO - [2024-09-30T14:26:26.076+0000] {dag.py:4180} INFO - Setting next_dagrun for example_xcom_args_with_operators to None, run_after=None
[2024-09-30T14:26:26.088+0000] {processor.py:208} INFO - Processing /home/airflow/.local/lib/python3.12/site-packages/airflow/example_dags/example_xcomargs.py took 0.055 seconds
[2024-09-30T14:26:57.002+0000] {processor.py:186} INFO - Started process (PID=940) to work on /home/airflow/.local/lib/python3.12/site-packages/airflow/example_dags/example_xcomargs.py
[2024-09-30T14:26:57.003+0000] {processor.py:914} INFO - Processing file /home/airflow/.local/lib/python3.12/site-packages/airflow/example_dags/example_xcomargs.py for tasks to queue
[2024-09-30T14:26:57.005+0000] {logging_mixin.py:190} INFO - [2024-09-30T14:26:57.004+0000] {dagbag.py:588} INFO - Filling up the DagBag from /home/airflow/.local/lib/python3.12/site-packages/airflow/example_dags/example_xcomargs.py
[2024-09-30T14:26:57.011+0000] {processor.py:925} INFO - DAG(s) 'example_xcom_args_with_operators', 'example_xcom_args' retrieved from /home/airflow/.local/lib/python3.12/site-packages/airflow/example_dags/example_xcomargs.py
[2024-09-30T14:26:57.026+0000] {logging_mixin.py:190} INFO - [2024-09-30T14:26:57.025+0000] {dag.py:3239} INFO - Sync 2 DAGs
[2024-09-30T14:26:57.035+0000] {logging_mixin.py:190} INFO - [2024-09-30T14:26:57.035+0000] {dag.py:4180} INFO - Setting next_dagrun for example_xcom_args to None, run_after=None
[2024-09-30T14:26:57.038+0000] {logging_mixin.py:190} INFO - [2024-09-30T14:26:57.038+0000] {dag.py:4180} INFO - Setting next_dagrun for example_xcom_args_with_operators to None, run_after=None
[2024-09-30T14:26:57.049+0000] {processor.py:208} INFO - Processing /home/airflow/.local/lib/python3.12/site-packages/airflow/example_dags/example_xcomargs.py took 0.050 seconds
[2024-09-30T14:27:27.474+0000] {processor.py:186} INFO - Started process (PID=1003) to work on /home/airflow/.local/lib/python3.12/site-packages/airflow/example_dags/example_xcomargs.py
[2024-09-30T14:27:27.474+0000] {processor.py:914} INFO - Processing file /home/airflow/.local/lib/python3.12/site-packages/airflow/example_dags/example_xcomargs.py for tasks to queue
[2024-09-30T14:27:27.476+0000] {logging_mixin.py:190} INFO - [2024-09-30T14:27:27.476+0000] {dagbag.py:588} INFO - Filling up the DagBag from /home/airflow/.local/lib/python3.12/site-packages/airflow/example_dags/example_xcomargs.py
[2024-09-30T14:27:27.482+0000] {processor.py:925} INFO - DAG(s) 'example_xcom_args', 'example_xcom_args_with_operators' retrieved from /home/airflow/.local/lib/python3.12/site-packages/airflow/example_dags/example_xcomargs.py
[2024-09-30T14:27:27.497+0000] {logging_mixin.py:190} INFO - [2024-09-30T14:27:27.497+0000] {dag.py:3239} INFO - Sync 2 DAGs
[2024-09-30T14:27:27.506+0000] {logging_mixin.py:190} INFO - [2024-09-30T14:27:27.506+0000] {dag.py:4180} INFO - Setting next_dagrun for example_xcom_args to None, run_after=None
[2024-09-30T14:27:27.509+0000] {logging_mixin.py:190} INFO - [2024-09-30T14:27:27.509+0000] {dag.py:4180} INFO - Setting next_dagrun for example_xcom_args_with_operators to None, run_after=None
[2024-09-30T14:27:27.519+0000] {processor.py:208} INFO - Processing /home/airflow/.local/lib/python3.12/site-packages/airflow/example_dags/example_xcomargs.py took 0.049 seconds
[2024-09-30T14:27:58.161+0000] {processor.py:186} INFO - Started process (PID=1066) to work on /home/airflow/.local/lib/python3.12/site-packages/airflow/example_dags/example_xcomargs.py
[2024-09-30T14:27:58.161+0000] {processor.py:914} INFO - Processing file /home/airflow/.local/lib/python3.12/site-packages/airflow/example_dags/example_xcomargs.py for tasks to queue
[2024-09-30T14:27:58.163+0000] {logging_mixin.py:190} INFO - [2024-09-30T14:27:58.163+0000] {dagbag.py:588} INFO - Filling up the DagBag from /home/airflow/.local/lib/python3.12/site-packages/airflow/example_dags/example_xcomargs.py
[2024-09-30T14:27:58.170+0000] {processor.py:925} INFO - DAG(s) 'example_xcom_args_with_operators', 'example_xcom_args' retrieved from /home/airflow/.local/lib/python3.12/site-packages/airflow/example_dags/example_xcomargs.py
[2024-09-30T14:27:58.185+0000] {logging_mixin.py:190} INFO - [2024-09-30T14:27:58.185+0000] {dag.py:3239} INFO - Sync 2 DAGs
[2024-09-30T14:27:58.196+0000] {logging_mixin.py:190} INFO - [2024-09-30T14:27:58.195+0000] {dag.py:4180} INFO - Setting next_dagrun for example_xcom_args to None, run_after=None
[2024-09-30T14:27:58.198+0000] {logging_mixin.py:190} INFO - [2024-09-30T14:27:58.198+0000] {dag.py:4180} INFO - Setting next_dagrun for example_xcom_args_with_operators to None, run_after=None
[2024-09-30T14:27:58.209+0000] {processor.py:208} INFO - Processing /home/airflow/.local/lib/python3.12/site-packages/airflow/example_dags/example_xcomargs.py took 0.053 seconds
[2024-09-30T14:28:28.784+0000] {processor.py:186} INFO - Started process (PID=1129) to work on /home/airflow/.local/lib/python3.12/site-packages/airflow/example_dags/example_xcomargs.py
[2024-09-30T14:28:28.784+0000] {processor.py:914} INFO - Processing file /home/airflow/.local/lib/python3.12/site-packages/airflow/example_dags/example_xcomargs.py for tasks to queue
[2024-09-30T14:28:28.786+0000] {logging_mixin.py:190} INFO - [2024-09-30T14:28:28.785+0000] {dagbag.py:588} INFO - Filling up the DagBag from /home/airflow/.local/lib/python3.12/site-packages/airflow/example_dags/example_xcomargs.py
[2024-09-30T14:28:28.792+0000] {processor.py:925} INFO - DAG(s) 'example_xcom_args_with_operators', 'example_xcom_args' retrieved from /home/airflow/.local/lib/python3.12/site-packages/airflow/example_dags/example_xcomargs.py
[2024-09-30T14:28:28.805+0000] {logging_mixin.py:190} INFO - [2024-09-30T14:28:28.805+0000] {dag.py:3239} INFO - Sync 2 DAGs
[2024-09-30T14:28:28.815+0000] {logging_mixin.py:190} INFO - [2024-09-30T14:28:28.815+0000] {dag.py:4180} INFO - Setting next_dagrun for example_xcom_args to None, run_after=None
[2024-09-30T14:28:28.818+0000] {logging_mixin.py:190} INFO - [2024-09-30T14:28:28.818+0000] {dag.py:4180} INFO - Setting next_dagrun for example_xcom_args_with_operators to None, run_after=None
[2024-09-30T14:28:28.828+0000] {processor.py:208} INFO - Processing /home/airflow/.local/lib/python3.12/site-packages/airflow/example_dags/example_xcomargs.py took 0.047 seconds
[2024-09-30T14:28:59.675+0000] {processor.py:186} INFO - Started process (PID=1193) to work on /home/airflow/.local/lib/python3.12/site-packages/airflow/example_dags/example_xcomargs.py
[2024-09-30T14:28:59.676+0000] {processor.py:914} INFO - Processing file /home/airflow/.local/lib/python3.12/site-packages/airflow/example_dags/example_xcomargs.py for tasks to queue
[2024-09-30T14:28:59.677+0000] {logging_mixin.py:190} INFO - [2024-09-30T14:28:59.677+0000] {dagbag.py:588} INFO - Filling up the DagBag from /home/airflow/.local/lib/python3.12/site-packages/airflow/example_dags/example_xcomargs.py
[2024-09-30T14:28:59.683+0000] {processor.py:925} INFO - DAG(s) 'example_xcom_args_with_operators', 'example_xcom_args' retrieved from /home/airflow/.local/lib/python3.12/site-packages/airflow/example_dags/example_xcomargs.py
[2024-09-30T14:28:59.698+0000] {logging_mixin.py:190} INFO - [2024-09-30T14:28:59.698+0000] {dag.py:3239} INFO - Sync 2 DAGs
[2024-09-30T14:28:59.709+0000] {logging_mixin.py:190} INFO - [2024-09-30T14:28:59.709+0000] {dag.py:4180} INFO - Setting next_dagrun for example_xcom_args to None, run_after=None
[2024-09-30T14:28:59.711+0000] {logging_mixin.py:190} INFO - [2024-09-30T14:28:59.711+0000] {dag.py:4180} INFO - Setting next_dagrun for example_xcom_args_with_operators to None, run_after=None
[2024-09-30T14:28:59.723+0000] {processor.py:208} INFO - Processing /home/airflow/.local/lib/python3.12/site-packages/airflow/example_dags/example_xcomargs.py took 0.052 seconds
[2024-09-30T14:29:30.179+0000] {processor.py:186} INFO - Started process (PID=1256) to work on /home/airflow/.local/lib/python3.12/site-packages/airflow/example_dags/example_xcomargs.py
[2024-09-30T14:29:30.180+0000] {processor.py:914} INFO - Processing file /home/airflow/.local/lib/python3.12/site-packages/airflow/example_dags/example_xcomargs.py for tasks to queue
[2024-09-30T14:29:30.182+0000] {logging_mixin.py:190} INFO - [2024-09-30T14:29:30.182+0000] {dagbag.py:588} INFO - Filling up the DagBag from /home/airflow/.local/lib/python3.12/site-packages/airflow/example_dags/example_xcomargs.py
[2024-09-30T14:29:30.198+0000] {processor.py:925} INFO - DAG(s) 'example_xcom_args_with_operators', 'example_xcom_args' retrieved from /home/airflow/.local/lib/python3.12/site-packages/airflow/example_dags/example_xcomargs.py
[2024-09-30T14:29:30.231+0000] {logging_mixin.py:190} INFO - [2024-09-30T14:29:30.230+0000] {dag.py:3239} INFO - Sync 2 DAGs
[2024-09-30T14:29:30.246+0000] {logging_mixin.py:190} INFO - [2024-09-30T14:29:30.246+0000] {dag.py:4180} INFO - Setting next_dagrun for example_xcom_args to None, run_after=None
[2024-09-30T14:29:30.252+0000] {logging_mixin.py:190} INFO - [2024-09-30T14:29:30.252+0000] {dag.py:4180} INFO - Setting next_dagrun for example_xcom_args_with_operators to None, run_after=None
[2024-09-30T14:29:30.274+0000] {processor.py:208} INFO - Processing /home/airflow/.local/lib/python3.12/site-packages/airflow/example_dags/example_xcomargs.py took 0.099 seconds
[2024-09-30T14:29:52.706+0000] {processor.py:186} INFO - Started process (PID=52) to work on /home/airflow/.local/lib/python3.12/site-packages/airflow/example_dags/example_xcomargs.py
[2024-09-30T14:29:52.707+0000] {processor.py:914} INFO - Processing file /home/airflow/.local/lib/python3.12/site-packages/airflow/example_dags/example_xcomargs.py for tasks to queue
[2024-09-30T14:29:52.711+0000] {logging_mixin.py:190} INFO - [2024-09-30T14:29:52.711+0000] {dagbag.py:588} INFO - Filling up the DagBag from /home/airflow/.local/lib/python3.12/site-packages/airflow/example_dags/example_xcomargs.py
[2024-09-30T14:29:52.718+0000] {processor.py:925} INFO - DAG(s) 'example_xcom_args', 'example_xcom_args_with_operators' retrieved from /home/airflow/.local/lib/python3.12/site-packages/airflow/example_dags/example_xcomargs.py
[2024-09-30T14:29:52.741+0000] {logging_mixin.py:190} INFO - [2024-09-30T14:29:52.741+0000] {dag.py:3239} INFO - Sync 2 DAGs
[2024-09-30T14:29:52.754+0000] {logging_mixin.py:190} INFO - [2024-09-30T14:29:52.754+0000] {dag.py:4180} INFO - Setting next_dagrun for example_xcom_args to None, run_after=None
[2024-09-30T14:29:52.757+0000] {logging_mixin.py:190} INFO - [2024-09-30T14:29:52.757+0000] {dag.py:4180} INFO - Setting next_dagrun for example_xcom_args_with_operators to None, run_after=None
[2024-09-30T14:29:52.770+0000] {processor.py:208} INFO - Processing /home/airflow/.local/lib/python3.12/site-packages/airflow/example_dags/example_xcomargs.py took 0.068 seconds
[2024-09-30T14:30:23.576+0000] {processor.py:186} INFO - Started process (PID=115) to work on /home/airflow/.local/lib/python3.12/site-packages/airflow/example_dags/example_xcomargs.py
[2024-09-30T14:30:23.577+0000] {processor.py:914} INFO - Processing file /home/airflow/.local/lib/python3.12/site-packages/airflow/example_dags/example_xcomargs.py for tasks to queue
[2024-09-30T14:30:23.578+0000] {logging_mixin.py:190} INFO - [2024-09-30T14:30:23.578+0000] {dagbag.py:588} INFO - Filling up the DagBag from /home/airflow/.local/lib/python3.12/site-packages/airflow/example_dags/example_xcomargs.py
[2024-09-30T14:30:23.584+0000] {processor.py:925} INFO - DAG(s) 'example_xcom_args_with_operators', 'example_xcom_args' retrieved from /home/airflow/.local/lib/python3.12/site-packages/airflow/example_dags/example_xcomargs.py
[2024-09-30T14:30:23.599+0000] {logging_mixin.py:190} INFO - [2024-09-30T14:30:23.599+0000] {dag.py:3239} INFO - Sync 2 DAGs
[2024-09-30T14:30:23.609+0000] {logging_mixin.py:190} INFO - [2024-09-30T14:30:23.609+0000] {dag.py:4180} INFO - Setting next_dagrun for example_xcom_args to None, run_after=None
[2024-09-30T14:30:23.612+0000] {logging_mixin.py:190} INFO - [2024-09-30T14:30:23.612+0000] {dag.py:4180} INFO - Setting next_dagrun for example_xcom_args_with_operators to None, run_after=None
[2024-09-30T14:30:23.622+0000] {processor.py:208} INFO - Processing /home/airflow/.local/lib/python3.12/site-packages/airflow/example_dags/example_xcomargs.py took 0.050 seconds
[2024-09-30T14:30:54.389+0000] {processor.py:186} INFO - Started process (PID=178) to work on /home/airflow/.local/lib/python3.12/site-packages/airflow/example_dags/example_xcomargs.py
[2024-09-30T14:30:54.390+0000] {processor.py:914} INFO - Processing file /home/airflow/.local/lib/python3.12/site-packages/airflow/example_dags/example_xcomargs.py for tasks to queue
[2024-09-30T14:30:54.391+0000] {logging_mixin.py:190} INFO - [2024-09-30T14:30:54.391+0000] {dagbag.py:588} INFO - Filling up the DagBag from /home/airflow/.local/lib/python3.12/site-packages/airflow/example_dags/example_xcomargs.py
[2024-09-30T14:30:54.397+0000] {processor.py:925} INFO - DAG(s) 'example_xcom_args_with_operators', 'example_xcom_args' retrieved from /home/airflow/.local/lib/python3.12/site-packages/airflow/example_dags/example_xcomargs.py
[2024-09-30T14:30:54.412+0000] {logging_mixin.py:190} INFO - [2024-09-30T14:30:54.412+0000] {dag.py:3239} INFO - Sync 2 DAGs
[2024-09-30T14:30:54.422+0000] {logging_mixin.py:190} INFO - [2024-09-30T14:30:54.421+0000] {dag.py:4180} INFO - Setting next_dagrun for example_xcom_args to None, run_after=None
[2024-09-30T14:30:54.424+0000] {logging_mixin.py:190} INFO - [2024-09-30T14:30:54.424+0000] {dag.py:4180} INFO - Setting next_dagrun for example_xcom_args_with_operators to None, run_after=None
[2024-09-30T14:30:54.436+0000] {processor.py:208} INFO - Processing /home/airflow/.local/lib/python3.12/site-packages/airflow/example_dags/example_xcomargs.py took 0.050 seconds
[2024-09-30T14:31:25.188+0000] {processor.py:186} INFO - Started process (PID=247) to work on /home/airflow/.local/lib/python3.12/site-packages/airflow/example_dags/example_xcomargs.py
[2024-09-30T14:31:25.188+0000] {processor.py:914} INFO - Processing file /home/airflow/.local/lib/python3.12/site-packages/airflow/example_dags/example_xcomargs.py for tasks to queue
[2024-09-30T14:31:25.190+0000] {logging_mixin.py:190} INFO - [2024-09-30T14:31:25.190+0000] {dagbag.py:588} INFO - Filling up the DagBag from /home/airflow/.local/lib/python3.12/site-packages/airflow/example_dags/example_xcomargs.py
[2024-09-30T14:31:25.196+0000] {processor.py:925} INFO - DAG(s) 'example_xcom_args', 'example_xcom_args_with_operators' retrieved from /home/airflow/.local/lib/python3.12/site-packages/airflow/example_dags/example_xcomargs.py
[2024-09-30T14:31:25.210+0000] {logging_mixin.py:190} INFO - [2024-09-30T14:31:25.210+0000] {dag.py:3239} INFO - Sync 2 DAGs
[2024-09-30T14:31:25.220+0000] {logging_mixin.py:190} INFO - [2024-09-30T14:31:25.219+0000] {dag.py:4180} INFO - Setting next_dagrun for example_xcom_args to None, run_after=None
[2024-09-30T14:31:25.222+0000] {logging_mixin.py:190} INFO - [2024-09-30T14:31:25.222+0000] {dag.py:4180} INFO - Setting next_dagrun for example_xcom_args_with_operators to None, run_after=None
[2024-09-30T14:31:25.232+0000] {processor.py:208} INFO - Processing /home/airflow/.local/lib/python3.12/site-packages/airflow/example_dags/example_xcomargs.py took 0.048 seconds
[2024-09-30T14:31:55.843+0000] {processor.py:186} INFO - Started process (PID=310) to work on /home/airflow/.local/lib/python3.12/site-packages/airflow/example_dags/example_xcomargs.py
[2024-09-30T14:31:55.844+0000] {processor.py:914} INFO - Processing file /home/airflow/.local/lib/python3.12/site-packages/airflow/example_dags/example_xcomargs.py for tasks to queue
[2024-09-30T14:31:55.845+0000] {logging_mixin.py:190} INFO - [2024-09-30T14:31:55.845+0000] {dagbag.py:588} INFO - Filling up the DagBag from /home/airflow/.local/lib/python3.12/site-packages/airflow/example_dags/example_xcomargs.py
[2024-09-30T14:31:55.853+0000] {processor.py:925} INFO - DAG(s) 'example_xcom_args_with_operators', 'example_xcom_args' retrieved from /home/airflow/.local/lib/python3.12/site-packages/airflow/example_dags/example_xcomargs.py
[2024-09-30T14:31:55.868+0000] {logging_mixin.py:190} INFO - [2024-09-30T14:31:55.868+0000] {dag.py:3239} INFO - Sync 2 DAGs
[2024-09-30T14:31:55.877+0000] {logging_mixin.py:190} INFO - [2024-09-30T14:31:55.877+0000] {dag.py:4180} INFO - Setting next_dagrun for example_xcom_args to None, run_after=None
[2024-09-30T14:31:55.880+0000] {logging_mixin.py:190} INFO - [2024-09-30T14:31:55.879+0000] {dag.py:4180} INFO - Setting next_dagrun for example_xcom_args_with_operators to None, run_after=None
[2024-09-30T14:31:55.889+0000] {processor.py:208} INFO - Processing /home/airflow/.local/lib/python3.12/site-packages/airflow/example_dags/example_xcomargs.py took 0.050 seconds
[2024-09-30T14:32:26.535+0000] {processor.py:186} INFO - Started process (PID=373) to work on /home/airflow/.local/lib/python3.12/site-packages/airflow/example_dags/example_xcomargs.py
[2024-09-30T14:32:26.535+0000] {processor.py:914} INFO - Processing file /home/airflow/.local/lib/python3.12/site-packages/airflow/example_dags/example_xcomargs.py for tasks to queue
[2024-09-30T14:32:26.536+0000] {logging_mixin.py:190} INFO - [2024-09-30T14:32:26.536+0000] {dagbag.py:588} INFO - Filling up the DagBag from /home/airflow/.local/lib/python3.12/site-packages/airflow/example_dags/example_xcomargs.py
[2024-09-30T14:32:26.544+0000] {processor.py:925} INFO - DAG(s) 'example_xcom_args_with_operators', 'example_xcom_args' retrieved from /home/airflow/.local/lib/python3.12/site-packages/airflow/example_dags/example_xcomargs.py
[2024-09-30T14:32:26.558+0000] {logging_mixin.py:190} INFO - [2024-09-30T14:32:26.558+0000] {dag.py:3239} INFO - Sync 2 DAGs
[2024-09-30T14:32:26.568+0000] {logging_mixin.py:190} INFO - [2024-09-30T14:32:26.568+0000] {dag.py:4180} INFO - Setting next_dagrun for example_xcom_args to None, run_after=None
[2024-09-30T14:32:26.571+0000] {logging_mixin.py:190} INFO - [2024-09-30T14:32:26.570+0000] {dag.py:4180} INFO - Setting next_dagrun for example_xcom_args_with_operators to None, run_after=None
[2024-09-30T14:32:26.582+0000] {processor.py:208} INFO - Processing /home/airflow/.local/lib/python3.12/site-packages/airflow/example_dags/example_xcomargs.py took 0.051 seconds
[2024-09-30T14:32:57.289+0000] {processor.py:186} INFO - Started process (PID=436) to work on /home/airflow/.local/lib/python3.12/site-packages/airflow/example_dags/example_xcomargs.py
[2024-09-30T14:32:57.290+0000] {processor.py:914} INFO - Processing file /home/airflow/.local/lib/python3.12/site-packages/airflow/example_dags/example_xcomargs.py for tasks to queue
[2024-09-30T14:32:57.291+0000] {logging_mixin.py:190} INFO - [2024-09-30T14:32:57.291+0000] {dagbag.py:588} INFO - Filling up the DagBag from /home/airflow/.local/lib/python3.12/site-packages/airflow/example_dags/example_xcomargs.py
[2024-09-30T14:32:57.297+0000] {processor.py:925} INFO - DAG(s) 'example_xcom_args', 'example_xcom_args_with_operators' retrieved from /home/airflow/.local/lib/python3.12/site-packages/airflow/example_dags/example_xcomargs.py
[2024-09-30T14:32:57.311+0000] {logging_mixin.py:190} INFO - [2024-09-30T14:32:57.311+0000] {dag.py:3239} INFO - Sync 2 DAGs
[2024-09-30T14:32:57.321+0000] {logging_mixin.py:190} INFO - [2024-09-30T14:32:57.321+0000] {dag.py:4180} INFO - Setting next_dagrun for example_xcom_args to None, run_after=None
[2024-09-30T14:32:57.324+0000] {logging_mixin.py:190} INFO - [2024-09-30T14:32:57.323+0000] {dag.py:4180} INFO - Setting next_dagrun for example_xcom_args_with_operators to None, run_after=None
[2024-09-30T14:32:57.334+0000] {processor.py:208} INFO - Processing /home/airflow/.local/lib/python3.12/site-packages/airflow/example_dags/example_xcomargs.py took 0.048 seconds
[2024-09-30T14:33:28.096+0000] {processor.py:186} INFO - Started process (PID=499) to work on /home/airflow/.local/lib/python3.12/site-packages/airflow/example_dags/example_xcomargs.py
[2024-09-30T14:33:28.096+0000] {processor.py:914} INFO - Processing file /home/airflow/.local/lib/python3.12/site-packages/airflow/example_dags/example_xcomargs.py for tasks to queue
[2024-09-30T14:33:28.098+0000] {logging_mixin.py:190} INFO - [2024-09-30T14:33:28.098+0000] {dagbag.py:588} INFO - Filling up the DagBag from /home/airflow/.local/lib/python3.12/site-packages/airflow/example_dags/example_xcomargs.py
[2024-09-30T14:33:28.104+0000] {processor.py:925} INFO - DAG(s) 'example_xcom_args', 'example_xcom_args_with_operators' retrieved from /home/airflow/.local/lib/python3.12/site-packages/airflow/example_dags/example_xcomargs.py
[2024-09-30T14:33:28.119+0000] {logging_mixin.py:190} INFO - [2024-09-30T14:33:28.119+0000] {dag.py:3239} INFO - Sync 2 DAGs
[2024-09-30T14:33:28.129+0000] {logging_mixin.py:190} INFO - [2024-09-30T14:33:28.129+0000] {dag.py:4180} INFO - Setting next_dagrun for example_xcom_args to None, run_after=None
[2024-09-30T14:33:28.131+0000] {logging_mixin.py:190} INFO - [2024-09-30T14:33:28.131+0000] {dag.py:4180} INFO - Setting next_dagrun for example_xcom_args_with_operators to None, run_after=None
[2024-09-30T14:33:28.141+0000] {processor.py:208} INFO - Processing /home/airflow/.local/lib/python3.12/site-packages/airflow/example_dags/example_xcomargs.py took 0.049 seconds
[2024-09-30T14:33:59.067+0000] {processor.py:186} INFO - Started process (PID=562) to work on /home/airflow/.local/lib/python3.12/site-packages/airflow/example_dags/example_xcomargs.py
[2024-09-30T14:33:59.068+0000] {processor.py:914} INFO - Processing file /home/airflow/.local/lib/python3.12/site-packages/airflow/example_dags/example_xcomargs.py for tasks to queue
[2024-09-30T14:33:59.069+0000] {logging_mixin.py:190} INFO - [2024-09-30T14:33:59.069+0000] {dagbag.py:588} INFO - Filling up the DagBag from /home/airflow/.local/lib/python3.12/site-packages/airflow/example_dags/example_xcomargs.py
[2024-09-30T14:33:59.075+0000] {processor.py:925} INFO - DAG(s) 'example_xcom_args_with_operators', 'example_xcom_args' retrieved from /home/airflow/.local/lib/python3.12/site-packages/airflow/example_dags/example_xcomargs.py
[2024-09-30T14:33:59.090+0000] {logging_mixin.py:190} INFO - [2024-09-30T14:33:59.089+0000] {dag.py:3239} INFO - Sync 2 DAGs
[2024-09-30T14:33:59.099+0000] {logging_mixin.py:190} INFO - [2024-09-30T14:33:59.098+0000] {dag.py:4180} INFO - Setting next_dagrun for example_xcom_args to None, run_after=None
[2024-09-30T14:33:59.101+0000] {logging_mixin.py:190} INFO - [2024-09-30T14:33:59.101+0000] {dag.py:4180} INFO - Setting next_dagrun for example_xcom_args_with_operators to None, run_after=None
[2024-09-30T14:33:59.111+0000] {processor.py:208} INFO - Processing /home/airflow/.local/lib/python3.12/site-packages/airflow/example_dags/example_xcomargs.py took 0.047 seconds
[2024-09-30T14:34:30.141+0000] {processor.py:186} INFO - Started process (PID=625) to work on /home/airflow/.local/lib/python3.12/site-packages/airflow/example_dags/example_xcomargs.py
[2024-09-30T14:34:30.141+0000] {processor.py:914} INFO - Processing file /home/airflow/.local/lib/python3.12/site-packages/airflow/example_dags/example_xcomargs.py for tasks to queue
[2024-09-30T14:34:30.143+0000] {logging_mixin.py:190} INFO - [2024-09-30T14:34:30.143+0000] {dagbag.py:588} INFO - Filling up the DagBag from /home/airflow/.local/lib/python3.12/site-packages/airflow/example_dags/example_xcomargs.py
[2024-09-30T14:34:30.150+0000] {processor.py:925} INFO - DAG(s) 'example_xcom_args_with_operators', 'example_xcom_args' retrieved from /home/airflow/.local/lib/python3.12/site-packages/airflow/example_dags/example_xcomargs.py
[2024-09-30T14:34:30.165+0000] {logging_mixin.py:190} INFO - [2024-09-30T14:34:30.165+0000] {dag.py:3239} INFO - Sync 2 DAGs
[2024-09-30T14:34:30.175+0000] {logging_mixin.py:190} INFO - [2024-09-30T14:34:30.175+0000] {dag.py:4180} INFO - Setting next_dagrun for example_xcom_args to None, run_after=None
[2024-09-30T14:34:30.177+0000] {logging_mixin.py:190} INFO - [2024-09-30T14:34:30.177+0000] {dag.py:4180} INFO - Setting next_dagrun for example_xcom_args_with_operators to None, run_after=None
[2024-09-30T14:34:30.187+0000] {processor.py:208} INFO - Processing /home/airflow/.local/lib/python3.12/site-packages/airflow/example_dags/example_xcomargs.py took 0.051 seconds
[2024-09-30T14:35:00.470+0000] {processor.py:186} INFO - Started process (PID=688) to work on /home/airflow/.local/lib/python3.12/site-packages/airflow/example_dags/example_xcomargs.py
[2024-09-30T14:35:00.470+0000] {processor.py:914} INFO - Processing file /home/airflow/.local/lib/python3.12/site-packages/airflow/example_dags/example_xcomargs.py for tasks to queue
[2024-09-30T14:35:00.471+0000] {logging_mixin.py:190} INFO - [2024-09-30T14:35:00.471+0000] {dagbag.py:588} INFO - Filling up the DagBag from /home/airflow/.local/lib/python3.12/site-packages/airflow/example_dags/example_xcomargs.py
[2024-09-30T14:35:00.477+0000] {processor.py:925} INFO - DAG(s) 'example_xcom_args', 'example_xcom_args_with_operators' retrieved from /home/airflow/.local/lib/python3.12/site-packages/airflow/example_dags/example_xcomargs.py
[2024-09-30T14:35:00.491+0000] {logging_mixin.py:190} INFO - [2024-09-30T14:35:00.490+0000] {dag.py:3239} INFO - Sync 2 DAGs
[2024-09-30T14:35:00.499+0000] {logging_mixin.py:190} INFO - [2024-09-30T14:35:00.499+0000] {dag.py:4180} INFO - Setting next_dagrun for example_xcom_args to None, run_after=None
[2024-09-30T14:35:00.502+0000] {logging_mixin.py:190} INFO - [2024-09-30T14:35:00.502+0000] {dag.py:4180} INFO - Setting next_dagrun for example_xcom_args_with_operators to None, run_after=None
[2024-09-30T14:35:00.512+0000] {processor.py:208} INFO - Processing /home/airflow/.local/lib/python3.12/site-packages/airflow/example_dags/example_xcomargs.py took 0.046 seconds
[2024-09-30T14:35:31.152+0000] {processor.py:186} INFO - Started process (PID=751) to work on /home/airflow/.local/lib/python3.12/site-packages/airflow/example_dags/example_xcomargs.py
[2024-09-30T14:35:31.152+0000] {processor.py:914} INFO - Processing file /home/airflow/.local/lib/python3.12/site-packages/airflow/example_dags/example_xcomargs.py for tasks to queue
[2024-09-30T14:35:31.154+0000] {logging_mixin.py:190} INFO - [2024-09-30T14:35:31.154+0000] {dagbag.py:588} INFO - Filling up the DagBag from /home/airflow/.local/lib/python3.12/site-packages/airflow/example_dags/example_xcomargs.py
[2024-09-30T14:35:31.160+0000] {processor.py:925} INFO - DAG(s) 'example_xcom_args_with_operators', 'example_xcom_args' retrieved from /home/airflow/.local/lib/python3.12/site-packages/airflow/example_dags/example_xcomargs.py
[2024-09-30T14:35:31.176+0000] {logging_mixin.py:190} INFO - [2024-09-30T14:35:31.175+0000] {dag.py:3239} INFO - Sync 2 DAGs
[2024-09-30T14:35:31.186+0000] {logging_mixin.py:190} INFO - [2024-09-30T14:35:31.185+0000] {dag.py:4180} INFO - Setting next_dagrun for example_xcom_args to None, run_after=None
[2024-09-30T14:35:31.188+0000] {logging_mixin.py:190} INFO - [2024-09-30T14:35:31.188+0000] {dag.py:4180} INFO - Setting next_dagrun for example_xcom_args_with_operators to None, run_after=None
[2024-09-30T14:35:31.198+0000] {processor.py:208} INFO - Processing /home/airflow/.local/lib/python3.12/site-packages/airflow/example_dags/example_xcomargs.py took 0.051 seconds
[2024-09-30T14:36:01.773+0000] {processor.py:186} INFO - Started process (PID=814) to work on /home/airflow/.local/lib/python3.12/site-packages/airflow/example_dags/example_xcomargs.py
[2024-09-30T14:36:01.773+0000] {processor.py:914} INFO - Processing file /home/airflow/.local/lib/python3.12/site-packages/airflow/example_dags/example_xcomargs.py for tasks to queue
[2024-09-30T14:36:01.775+0000] {logging_mixin.py:190} INFO - [2024-09-30T14:36:01.774+0000] {dagbag.py:588} INFO - Filling up the DagBag from /home/airflow/.local/lib/python3.12/site-packages/airflow/example_dags/example_xcomargs.py
[2024-09-30T14:36:01.780+0000] {processor.py:925} INFO - DAG(s) 'example_xcom_args_with_operators', 'example_xcom_args' retrieved from /home/airflow/.local/lib/python3.12/site-packages/airflow/example_dags/example_xcomargs.py
[2024-09-30T14:36:01.796+0000] {logging_mixin.py:190} INFO - [2024-09-30T14:36:01.795+0000] {dag.py:3239} INFO - Sync 2 DAGs
[2024-09-30T14:36:01.805+0000] {logging_mixin.py:190} INFO - [2024-09-30T14:36:01.805+0000] {dag.py:4180} INFO - Setting next_dagrun for example_xcom_args to None, run_after=None
[2024-09-30T14:36:01.808+0000] {logging_mixin.py:190} INFO - [2024-09-30T14:36:01.808+0000] {dag.py:4180} INFO - Setting next_dagrun for example_xcom_args_with_operators to None, run_after=None
[2024-09-30T14:36:01.818+0000] {processor.py:208} INFO - Processing /home/airflow/.local/lib/python3.12/site-packages/airflow/example_dags/example_xcomargs.py took 0.049 seconds
[2024-09-30T14:36:40.692+0000] {processor.py:186} INFO - Started process (PID=52) to work on /home/airflow/.local/lib/python3.12/site-packages/airflow/example_dags/example_xcomargs.py
[2024-09-30T14:36:40.693+0000] {processor.py:914} INFO - Processing file /home/airflow/.local/lib/python3.12/site-packages/airflow/example_dags/example_xcomargs.py for tasks to queue
[2024-09-30T14:36:40.696+0000] {logging_mixin.py:190} INFO - [2024-09-30T14:36:40.696+0000] {dagbag.py:588} INFO - Filling up the DagBag from /home/airflow/.local/lib/python3.12/site-packages/airflow/example_dags/example_xcomargs.py
[2024-09-30T14:36:40.703+0000] {processor.py:925} INFO - DAG(s) 'example_xcom_args', 'example_xcom_args_with_operators' retrieved from /home/airflow/.local/lib/python3.12/site-packages/airflow/example_dags/example_xcomargs.py
[2024-09-30T14:36:40.722+0000] {logging_mixin.py:190} INFO - [2024-09-30T14:36:40.722+0000] {dag.py:3239} INFO - Sync 2 DAGs
[2024-09-30T14:36:40.732+0000] {logging_mixin.py:190} INFO - [2024-09-30T14:36:40.732+0000] {dag.py:4180} INFO - Setting next_dagrun for example_xcom_args to None, run_after=None
[2024-09-30T14:36:40.735+0000] {logging_mixin.py:190} INFO - [2024-09-30T14:36:40.734+0000] {dag.py:4180} INFO - Setting next_dagrun for example_xcom_args_with_operators to None, run_after=None
[2024-09-30T14:36:40.745+0000] {processor.py:208} INFO - Processing /home/airflow/.local/lib/python3.12/site-packages/airflow/example_dags/example_xcomargs.py took 0.057 seconds
[2024-09-30T14:37:11.571+0000] {processor.py:186} INFO - Started process (PID=115) to work on /home/airflow/.local/lib/python3.12/site-packages/airflow/example_dags/example_xcomargs.py
[2024-09-30T14:37:11.571+0000] {processor.py:914} INFO - Processing file /home/airflow/.local/lib/python3.12/site-packages/airflow/example_dags/example_xcomargs.py for tasks to queue
[2024-09-30T14:37:11.573+0000] {logging_mixin.py:190} INFO - [2024-09-30T14:37:11.572+0000] {dagbag.py:588} INFO - Filling up the DagBag from /home/airflow/.local/lib/python3.12/site-packages/airflow/example_dags/example_xcomargs.py
[2024-09-30T14:37:11.578+0000] {processor.py:925} INFO - DAG(s) 'example_xcom_args', 'example_xcom_args_with_operators' retrieved from /home/airflow/.local/lib/python3.12/site-packages/airflow/example_dags/example_xcomargs.py
[2024-09-30T14:37:11.594+0000] {logging_mixin.py:190} INFO - [2024-09-30T14:37:11.594+0000] {dag.py:3239} INFO - Sync 2 DAGs
[2024-09-30T14:37:11.604+0000] {logging_mixin.py:190} INFO - [2024-09-30T14:37:11.604+0000] {dag.py:4180} INFO - Setting next_dagrun for example_xcom_args to None, run_after=None
[2024-09-30T14:37:11.606+0000] {logging_mixin.py:190} INFO - [2024-09-30T14:37:11.606+0000] {dag.py:4180} INFO - Setting next_dagrun for example_xcom_args_with_operators to None, run_after=None
[2024-09-30T14:37:11.617+0000] {processor.py:208} INFO - Processing /home/airflow/.local/lib/python3.12/site-packages/airflow/example_dags/example_xcomargs.py took 0.050 seconds
[2024-09-30T14:37:42.401+0000] {processor.py:186} INFO - Started process (PID=184) to work on /home/airflow/.local/lib/python3.12/site-packages/airflow/example_dags/example_xcomargs.py
[2024-09-30T14:37:42.402+0000] {processor.py:914} INFO - Processing file /home/airflow/.local/lib/python3.12/site-packages/airflow/example_dags/example_xcomargs.py for tasks to queue
[2024-09-30T14:37:42.404+0000] {logging_mixin.py:190} INFO - [2024-09-30T14:37:42.403+0000] {dagbag.py:588} INFO - Filling up the DagBag from /home/airflow/.local/lib/python3.12/site-packages/airflow/example_dags/example_xcomargs.py
[2024-09-30T14:37:42.411+0000] {processor.py:925} INFO - DAG(s) 'example_xcom_args_with_operators', 'example_xcom_args' retrieved from /home/airflow/.local/lib/python3.12/site-packages/airflow/example_dags/example_xcomargs.py
[2024-09-30T14:37:42.430+0000] {logging_mixin.py:190} INFO - [2024-09-30T14:37:42.429+0000] {dag.py:3239} INFO - Sync 2 DAGs
[2024-09-30T14:37:42.440+0000] {logging_mixin.py:190} INFO - [2024-09-30T14:37:42.440+0000] {dag.py:4180} INFO - Setting next_dagrun for example_xcom_args to None, run_after=None
[2024-09-30T14:37:42.444+0000] {logging_mixin.py:190} INFO - [2024-09-30T14:37:42.443+0000] {dag.py:4180} INFO - Setting next_dagrun for example_xcom_args_with_operators to None, run_after=None
[2024-09-30T14:37:42.459+0000] {processor.py:208} INFO - Processing /home/airflow/.local/lib/python3.12/site-packages/airflow/example_dags/example_xcomargs.py took 0.062 seconds
[2024-09-30T14:38:13.278+0000] {processor.py:186} INFO - Started process (PID=247) to work on /home/airflow/.local/lib/python3.12/site-packages/airflow/example_dags/example_xcomargs.py
[2024-09-30T14:38:13.279+0000] {processor.py:914} INFO - Processing file /home/airflow/.local/lib/python3.12/site-packages/airflow/example_dags/example_xcomargs.py for tasks to queue
[2024-09-30T14:38:13.280+0000] {logging_mixin.py:190} INFO - [2024-09-30T14:38:13.280+0000] {dagbag.py:588} INFO - Filling up the DagBag from /home/airflow/.local/lib/python3.12/site-packages/airflow/example_dags/example_xcomargs.py
[2024-09-30T14:38:13.286+0000] {processor.py:925} INFO - DAG(s) 'example_xcom_args_with_operators', 'example_xcom_args' retrieved from /home/airflow/.local/lib/python3.12/site-packages/airflow/example_dags/example_xcomargs.py
[2024-09-30T14:38:13.300+0000] {logging_mixin.py:190} INFO - [2024-09-30T14:38:13.300+0000] {dag.py:3239} INFO - Sync 2 DAGs
[2024-09-30T14:38:13.310+0000] {logging_mixin.py:190} INFO - [2024-09-30T14:38:13.310+0000] {dag.py:4180} INFO - Setting next_dagrun for example_xcom_args to None, run_after=None
[2024-09-30T14:38:13.313+0000] {logging_mixin.py:190} INFO - [2024-09-30T14:38:13.313+0000] {dag.py:4180} INFO - Setting next_dagrun for example_xcom_args_with_operators to None, run_after=None
[2024-09-30T14:38:13.325+0000] {processor.py:208} INFO - Processing /home/airflow/.local/lib/python3.12/site-packages/airflow/example_dags/example_xcomargs.py took 0.051 seconds
[2024-09-30T14:38:44.113+0000] {processor.py:186} INFO - Started process (PID=310) to work on /home/airflow/.local/lib/python3.12/site-packages/airflow/example_dags/example_xcomargs.py
[2024-09-30T14:38:44.114+0000] {processor.py:914} INFO - Processing file /home/airflow/.local/lib/python3.12/site-packages/airflow/example_dags/example_xcomargs.py for tasks to queue
[2024-09-30T14:38:44.115+0000] {logging_mixin.py:190} INFO - [2024-09-30T14:38:44.115+0000] {dagbag.py:588} INFO - Filling up the DagBag from /home/airflow/.local/lib/python3.12/site-packages/airflow/example_dags/example_xcomargs.py
[2024-09-30T14:38:44.121+0000] {processor.py:925} INFO - DAG(s) 'example_xcom_args_with_operators', 'example_xcom_args' retrieved from /home/airflow/.local/lib/python3.12/site-packages/airflow/example_dags/example_xcomargs.py
[2024-09-30T14:38:44.135+0000] {logging_mixin.py:190} INFO - [2024-09-30T14:38:44.135+0000] {dag.py:3239} INFO - Sync 2 DAGs
[2024-09-30T14:38:44.145+0000] {logging_mixin.py:190} INFO - [2024-09-30T14:38:44.145+0000] {dag.py:4180} INFO - Setting next_dagrun for example_xcom_args to None, run_after=None
[2024-09-30T14:38:44.147+0000] {logging_mixin.py:190} INFO - [2024-09-30T14:38:44.147+0000] {dag.py:4180} INFO - Setting next_dagrun for example_xcom_args_with_operators to None, run_after=None
[2024-09-30T14:38:44.157+0000] {processor.py:208} INFO - Processing /home/airflow/.local/lib/python3.12/site-packages/airflow/example_dags/example_xcomargs.py took 0.048 seconds
[2024-09-30T14:39:14.719+0000] {processor.py:186} INFO - Started process (PID=373) to work on /home/airflow/.local/lib/python3.12/site-packages/airflow/example_dags/example_xcomargs.py
[2024-09-30T14:39:14.720+0000] {processor.py:914} INFO - Processing file /home/airflow/.local/lib/python3.12/site-packages/airflow/example_dags/example_xcomargs.py for tasks to queue
[2024-09-30T14:39:14.721+0000] {logging_mixin.py:190} INFO - [2024-09-30T14:39:14.721+0000] {dagbag.py:588} INFO - Filling up the DagBag from /home/airflow/.local/lib/python3.12/site-packages/airflow/example_dags/example_xcomargs.py
[2024-09-30T14:39:14.729+0000] {processor.py:925} INFO - DAG(s) 'example_xcom_args_with_operators', 'example_xcom_args' retrieved from /home/airflow/.local/lib/python3.12/site-packages/airflow/example_dags/example_xcomargs.py
[2024-09-30T14:39:14.743+0000] {logging_mixin.py:190} INFO - [2024-09-30T14:39:14.743+0000] {dag.py:3239} INFO - Sync 2 DAGs
[2024-09-30T14:39:14.753+0000] {logging_mixin.py:190} INFO - [2024-09-30T14:39:14.753+0000] {dag.py:4180} INFO - Setting next_dagrun for example_xcom_args to None, run_after=None
[2024-09-30T14:39:14.756+0000] {logging_mixin.py:190} INFO - [2024-09-30T14:39:14.755+0000] {dag.py:4180} INFO - Setting next_dagrun for example_xcom_args_with_operators to None, run_after=None
[2024-09-30T14:39:14.766+0000] {processor.py:208} INFO - Processing /home/airflow/.local/lib/python3.12/site-packages/airflow/example_dags/example_xcomargs.py took 0.050 seconds
[2024-09-30T14:39:41.106+0000] {processor.py:186} INFO - Started process (PID=52) to work on /home/airflow/.local/lib/python3.12/site-packages/airflow/example_dags/example_xcomargs.py
[2024-09-30T14:39:41.107+0000] {processor.py:914} INFO - Processing file /home/airflow/.local/lib/python3.12/site-packages/airflow/example_dags/example_xcomargs.py for tasks to queue
[2024-09-30T14:39:41.111+0000] {logging_mixin.py:190} INFO - [2024-09-30T14:39:41.110+0000] {dagbag.py:588} INFO - Filling up the DagBag from /home/airflow/.local/lib/python3.12/site-packages/airflow/example_dags/example_xcomargs.py
[2024-09-30T14:39:41.118+0000] {processor.py:925} INFO - DAG(s) 'example_xcom_args_with_operators', 'example_xcom_args' retrieved from /home/airflow/.local/lib/python3.12/site-packages/airflow/example_dags/example_xcomargs.py
[2024-09-30T14:39:41.146+0000] {logging_mixin.py:190} INFO - [2024-09-30T14:39:41.145+0000] {dag.py:3239} INFO - Sync 2 DAGs
[2024-09-30T14:39:41.160+0000] {logging_mixin.py:190} INFO - [2024-09-30T14:39:41.160+0000] {dag.py:4180} INFO - Setting next_dagrun for example_xcom_args to None, run_after=None
[2024-09-30T14:39:41.165+0000] {logging_mixin.py:190} INFO - [2024-09-30T14:39:41.164+0000] {dag.py:4180} INFO - Setting next_dagrun for example_xcom_args_with_operators to None, run_after=None
[2024-09-30T14:39:41.179+0000] {processor.py:208} INFO - Processing /home/airflow/.local/lib/python3.12/site-packages/airflow/example_dags/example_xcomargs.py took 0.077 seconds
[2024-09-30T14:40:11.321+0000] {processor.py:186} INFO - Started process (PID=115) to work on /home/airflow/.local/lib/python3.12/site-packages/airflow/example_dags/example_xcomargs.py
[2024-09-30T14:40:11.322+0000] {processor.py:914} INFO - Processing file /home/airflow/.local/lib/python3.12/site-packages/airflow/example_dags/example_xcomargs.py for tasks to queue
[2024-09-30T14:40:11.323+0000] {logging_mixin.py:190} INFO - [2024-09-30T14:40:11.323+0000] {dagbag.py:588} INFO - Filling up the DagBag from /home/airflow/.local/lib/python3.12/site-packages/airflow/example_dags/example_xcomargs.py
[2024-09-30T14:40:11.329+0000] {processor.py:925} INFO - DAG(s) 'example_xcom_args_with_operators', 'example_xcom_args' retrieved from /home/airflow/.local/lib/python3.12/site-packages/airflow/example_dags/example_xcomargs.py
[2024-09-30T14:40:11.345+0000] {logging_mixin.py:190} INFO - [2024-09-30T14:40:11.345+0000] {dag.py:3239} INFO - Sync 2 DAGs
[2024-09-30T14:40:11.354+0000] {logging_mixin.py:190} INFO - [2024-09-30T14:40:11.354+0000] {dag.py:4180} INFO - Setting next_dagrun for example_xcom_args to None, run_after=None
[2024-09-30T14:40:11.357+0000] {logging_mixin.py:190} INFO - [2024-09-30T14:40:11.357+0000] {dag.py:4180} INFO - Setting next_dagrun for example_xcom_args_with_operators to None, run_after=None
[2024-09-30T14:40:11.368+0000] {processor.py:208} INFO - Processing /home/airflow/.local/lib/python3.12/site-packages/airflow/example_dags/example_xcomargs.py took 0.050 seconds
[2024-09-30T14:40:42.260+0000] {processor.py:186} INFO - Started process (PID=178) to work on /home/airflow/.local/lib/python3.12/site-packages/airflow/example_dags/example_xcomargs.py
[2024-09-30T14:40:42.260+0000] {processor.py:914} INFO - Processing file /home/airflow/.local/lib/python3.12/site-packages/airflow/example_dags/example_xcomargs.py for tasks to queue
[2024-09-30T14:40:42.262+0000] {logging_mixin.py:190} INFO - [2024-09-30T14:40:42.262+0000] {dagbag.py:588} INFO - Filling up the DagBag from /home/airflow/.local/lib/python3.12/site-packages/airflow/example_dags/example_xcomargs.py
[2024-09-30T14:40:42.268+0000] {processor.py:925} INFO - DAG(s) 'example_xcom_args_with_operators', 'example_xcom_args' retrieved from /home/airflow/.local/lib/python3.12/site-packages/airflow/example_dags/example_xcomargs.py
[2024-09-30T14:40:42.284+0000] {logging_mixin.py:190} INFO - [2024-09-30T14:40:42.284+0000] {dag.py:3239} INFO - Sync 2 DAGs
[2024-09-30T14:40:42.294+0000] {logging_mixin.py:190} INFO - [2024-09-30T14:40:42.294+0000] {dag.py:4180} INFO - Setting next_dagrun for example_xcom_args to None, run_after=None
[2024-09-30T14:40:42.296+0000] {logging_mixin.py:190} INFO - [2024-09-30T14:40:42.296+0000] {dag.py:4180} INFO - Setting next_dagrun for example_xcom_args_with_operators to None, run_after=None
[2024-09-30T14:40:42.307+0000] {processor.py:208} INFO - Processing /home/airflow/.local/lib/python3.12/site-packages/airflow/example_dags/example_xcomargs.py took 0.051 seconds
[2024-09-30T14:41:13.125+0000] {processor.py:186} INFO - Started process (PID=247) to work on /home/airflow/.local/lib/python3.12/site-packages/airflow/example_dags/example_xcomargs.py
[2024-09-30T14:41:13.126+0000] {processor.py:914} INFO - Processing file /home/airflow/.local/lib/python3.12/site-packages/airflow/example_dags/example_xcomargs.py for tasks to queue
[2024-09-30T14:41:13.127+0000] {logging_mixin.py:190} INFO - [2024-09-30T14:41:13.127+0000] {dagbag.py:588} INFO - Filling up the DagBag from /home/airflow/.local/lib/python3.12/site-packages/airflow/example_dags/example_xcomargs.py
[2024-09-30T14:41:13.134+0000] {processor.py:925} INFO - DAG(s) 'example_xcom_args', 'example_xcom_args_with_operators' retrieved from /home/airflow/.local/lib/python3.12/site-packages/airflow/example_dags/example_xcomargs.py
[2024-09-30T14:41:13.150+0000] {logging_mixin.py:190} INFO - [2024-09-30T14:41:13.150+0000] {dag.py:3239} INFO - Sync 2 DAGs
[2024-09-30T14:41:13.160+0000] {logging_mixin.py:190} INFO - [2024-09-30T14:41:13.160+0000] {dag.py:4180} INFO - Setting next_dagrun for example_xcom_args to None, run_after=None
[2024-09-30T14:41:13.163+0000] {logging_mixin.py:190} INFO - [2024-09-30T14:41:13.163+0000] {dag.py:4180} INFO - Setting next_dagrun for example_xcom_args_with_operators to None, run_after=None
[2024-09-30T14:41:13.175+0000] {processor.py:208} INFO - Processing /home/airflow/.local/lib/python3.12/site-packages/airflow/example_dags/example_xcomargs.py took 0.054 seconds
