[2024-09-30T14:12:30.304+0000] {processor.py:186} INFO - Started process (PID=98) to work on /home/airflow/.local/lib/python3.12/site-packages/airflow/example_dags/example_latest_only.py
[2024-09-30T14:12:30.305+0000] {processor.py:914} INFO - Processing file /home/airflow/.local/lib/python3.12/site-packages/airflow/example_dags/example_latest_only.py for tasks to queue
[2024-09-30T14:12:30.307+0000] {logging_mixin.py:190} INFO - [2024-09-30T14:12:30.307+0000] {dagbag.py:588} INFO - Filling up the DagBag from /home/airflow/.local/lib/python3.12/site-packages/airflow/example_dags/example_latest_only.py
[2024-09-30T14:12:30.314+0000] {processor.py:925} INFO - DAG(s) 'latest_only' retrieved from /home/airflow/.local/lib/python3.12/site-packages/airflow/example_dags/example_latest_only.py
[2024-09-30T14:12:30.331+0000] {logging_mixin.py:190} INFO - [2024-09-30T14:12:30.331+0000] {dag.py:3239} INFO - Sync 1 DAGs
[2024-09-30T14:12:30.350+0000] {logging_mixin.py:190} INFO - [2024-09-30T14:12:30.350+0000] {dag.py:4180} INFO - Setting next_dagrun for latest_only to 2024-09-30 08:00:00+00:00, run_after=2024-09-30 12:00:00+00:00
[2024-09-30T14:12:30.365+0000] {processor.py:208} INFO - Processing /home/airflow/.local/lib/python3.12/site-packages/airflow/example_dags/example_latest_only.py took 0.066 seconds
[2024-09-30T14:13:01.301+0000] {processor.py:186} INFO - Started process (PID=161) to work on /home/airflow/.local/lib/python3.12/site-packages/airflow/example_dags/example_latest_only.py
[2024-09-30T14:13:01.302+0000] {processor.py:914} INFO - Processing file /home/airflow/.local/lib/python3.12/site-packages/airflow/example_dags/example_latest_only.py for tasks to queue
[2024-09-30T14:13:01.304+0000] {logging_mixin.py:190} INFO - [2024-09-30T14:13:01.303+0000] {dagbag.py:588} INFO - Filling up the DagBag from /home/airflow/.local/lib/python3.12/site-packages/airflow/example_dags/example_latest_only.py
[2024-09-30T14:13:01.309+0000] {processor.py:925} INFO - DAG(s) 'latest_only' retrieved from /home/airflow/.local/lib/python3.12/site-packages/airflow/example_dags/example_latest_only.py
[2024-09-30T14:13:01.324+0000] {logging_mixin.py:190} INFO - [2024-09-30T14:13:01.323+0000] {dag.py:3239} INFO - Sync 1 DAGs
[2024-09-30T14:13:01.342+0000] {logging_mixin.py:190} INFO - [2024-09-30T14:13:01.341+0000] {dag.py:4180} INFO - Setting next_dagrun for latest_only to 2024-09-30 08:00:00+00:00, run_after=2024-09-30 12:00:00+00:00
[2024-09-30T14:13:01.357+0000] {processor.py:208} INFO - Processing /home/airflow/.local/lib/python3.12/site-packages/airflow/example_dags/example_latest_only.py took 0.061 seconds
[2024-09-30T14:13:31.995+0000] {processor.py:186} INFO - Started process (PID=224) to work on /home/airflow/.local/lib/python3.12/site-packages/airflow/example_dags/example_latest_only.py
[2024-09-30T14:13:31.996+0000] {processor.py:914} INFO - Processing file /home/airflow/.local/lib/python3.12/site-packages/airflow/example_dags/example_latest_only.py for tasks to queue
[2024-09-30T14:13:31.998+0000] {logging_mixin.py:190} INFO - [2024-09-30T14:13:31.998+0000] {dagbag.py:588} INFO - Filling up the DagBag from /home/airflow/.local/lib/python3.12/site-packages/airflow/example_dags/example_latest_only.py
[2024-09-30T14:13:32.003+0000] {processor.py:925} INFO - DAG(s) 'latest_only' retrieved from /home/airflow/.local/lib/python3.12/site-packages/airflow/example_dags/example_latest_only.py
[2024-09-30T14:13:32.016+0000] {logging_mixin.py:190} INFO - [2024-09-30T14:13:32.015+0000] {dag.py:3239} INFO - Sync 1 DAGs
[2024-09-30T14:13:32.031+0000] {logging_mixin.py:190} INFO - [2024-09-30T14:13:32.031+0000] {dag.py:4180} INFO - Setting next_dagrun for latest_only to 2024-09-30 08:00:00+00:00, run_after=2024-09-30 12:00:00+00:00
[2024-09-30T14:13:32.045+0000] {processor.py:208} INFO - Processing /home/airflow/.local/lib/python3.12/site-packages/airflow/example_dags/example_latest_only.py took 0.053 seconds
[2024-09-30T14:14:02.834+0000] {processor.py:186} INFO - Started process (PID=287) to work on /home/airflow/.local/lib/python3.12/site-packages/airflow/example_dags/example_latest_only.py
[2024-09-30T14:14:02.835+0000] {processor.py:914} INFO - Processing file /home/airflow/.local/lib/python3.12/site-packages/airflow/example_dags/example_latest_only.py for tasks to queue
[2024-09-30T14:14:02.837+0000] {logging_mixin.py:190} INFO - [2024-09-30T14:14:02.837+0000] {dagbag.py:588} INFO - Filling up the DagBag from /home/airflow/.local/lib/python3.12/site-packages/airflow/example_dags/example_latest_only.py
[2024-09-30T14:14:02.842+0000] {processor.py:925} INFO - DAG(s) 'latest_only' retrieved from /home/airflow/.local/lib/python3.12/site-packages/airflow/example_dags/example_latest_only.py
[2024-09-30T14:14:02.854+0000] {logging_mixin.py:190} INFO - [2024-09-30T14:14:02.854+0000] {dag.py:3239} INFO - Sync 1 DAGs
[2024-09-30T14:14:02.870+0000] {logging_mixin.py:190} INFO - [2024-09-30T14:14:02.870+0000] {dag.py:4180} INFO - Setting next_dagrun for latest_only to 2024-09-30 08:00:00+00:00, run_after=2024-09-30 12:00:00+00:00
[2024-09-30T14:14:02.881+0000] {processor.py:208} INFO - Processing /home/airflow/.local/lib/python3.12/site-packages/airflow/example_dags/example_latest_only.py took 0.051 seconds
[2024-09-30T14:14:33.619+0000] {processor.py:186} INFO - Started process (PID=350) to work on /home/airflow/.local/lib/python3.12/site-packages/airflow/example_dags/example_latest_only.py
[2024-09-30T14:14:33.620+0000] {processor.py:914} INFO - Processing file /home/airflow/.local/lib/python3.12/site-packages/airflow/example_dags/example_latest_only.py for tasks to queue
[2024-09-30T14:14:33.621+0000] {logging_mixin.py:190} INFO - [2024-09-30T14:14:33.621+0000] {dagbag.py:588} INFO - Filling up the DagBag from /home/airflow/.local/lib/python3.12/site-packages/airflow/example_dags/example_latest_only.py
[2024-09-30T14:14:33.626+0000] {processor.py:925} INFO - DAG(s) 'latest_only' retrieved from /home/airflow/.local/lib/python3.12/site-packages/airflow/example_dags/example_latest_only.py
[2024-09-30T14:14:33.639+0000] {logging_mixin.py:190} INFO - [2024-09-30T14:14:33.639+0000] {dag.py:3239} INFO - Sync 1 DAGs
[2024-09-30T14:14:33.656+0000] {logging_mixin.py:190} INFO - [2024-09-30T14:14:33.656+0000] {dag.py:4180} INFO - Setting next_dagrun for latest_only to 2024-09-30 08:00:00+00:00, run_after=2024-09-30 12:00:00+00:00
[2024-09-30T14:14:33.669+0000] {processor.py:208} INFO - Processing /home/airflow/.local/lib/python3.12/site-packages/airflow/example_dags/example_latest_only.py took 0.054 seconds
[2024-09-30T14:15:03.892+0000] {processor.py:186} INFO - Started process (PID=413) to work on /home/airflow/.local/lib/python3.12/site-packages/airflow/example_dags/example_latest_only.py
[2024-09-30T14:15:03.893+0000] {processor.py:914} INFO - Processing file /home/airflow/.local/lib/python3.12/site-packages/airflow/example_dags/example_latest_only.py for tasks to queue
[2024-09-30T14:15:03.894+0000] {logging_mixin.py:190} INFO - [2024-09-30T14:15:03.894+0000] {dagbag.py:588} INFO - Filling up the DagBag from /home/airflow/.local/lib/python3.12/site-packages/airflow/example_dags/example_latest_only.py
[2024-09-30T14:15:03.899+0000] {processor.py:925} INFO - DAG(s) 'latest_only' retrieved from /home/airflow/.local/lib/python3.12/site-packages/airflow/example_dags/example_latest_only.py
[2024-09-30T14:15:03.913+0000] {logging_mixin.py:190} INFO - [2024-09-30T14:15:03.913+0000] {dag.py:3239} INFO - Sync 1 DAGs
[2024-09-30T14:15:03.929+0000] {logging_mixin.py:190} INFO - [2024-09-30T14:15:03.929+0000] {dag.py:4180} INFO - Setting next_dagrun for latest_only to 2024-09-30 08:00:00+00:00, run_after=2024-09-30 12:00:00+00:00
[2024-09-30T14:15:03.943+0000] {processor.py:208} INFO - Processing /home/airflow/.local/lib/python3.12/site-packages/airflow/example_dags/example_latest_only.py took 0.055 seconds
[2024-09-30T14:15:34.811+0000] {processor.py:186} INFO - Started process (PID=476) to work on /home/airflow/.local/lib/python3.12/site-packages/airflow/example_dags/example_latest_only.py
[2024-09-30T14:15:34.811+0000] {processor.py:914} INFO - Processing file /home/airflow/.local/lib/python3.12/site-packages/airflow/example_dags/example_latest_only.py for tasks to queue
[2024-09-30T14:15:34.813+0000] {logging_mixin.py:190} INFO - [2024-09-30T14:15:34.813+0000] {dagbag.py:588} INFO - Filling up the DagBag from /home/airflow/.local/lib/python3.12/site-packages/airflow/example_dags/example_latest_only.py
[2024-09-30T14:15:34.817+0000] {processor.py:925} INFO - DAG(s) 'latest_only' retrieved from /home/airflow/.local/lib/python3.12/site-packages/airflow/example_dags/example_latest_only.py
[2024-09-30T14:15:34.830+0000] {logging_mixin.py:190} INFO - [2024-09-30T14:15:34.830+0000] {dag.py:3239} INFO - Sync 1 DAGs
[2024-09-30T14:15:34.846+0000] {logging_mixin.py:190} INFO - [2024-09-30T14:15:34.845+0000] {dag.py:4180} INFO - Setting next_dagrun for latest_only to 2024-09-30 08:00:00+00:00, run_after=2024-09-30 12:00:00+00:00
[2024-09-30T14:15:34.857+0000] {processor.py:208} INFO - Processing /home/airflow/.local/lib/python3.12/site-packages/airflow/example_dags/example_latest_only.py took 0.050 seconds
[2024-09-30T14:16:05.517+0000] {processor.py:186} INFO - Started process (PID=539) to work on /home/airflow/.local/lib/python3.12/site-packages/airflow/example_dags/example_latest_only.py
[2024-09-30T14:16:05.517+0000] {processor.py:914} INFO - Processing file /home/airflow/.local/lib/python3.12/site-packages/airflow/example_dags/example_latest_only.py for tasks to queue
[2024-09-30T14:16:05.519+0000] {logging_mixin.py:190} INFO - [2024-09-30T14:16:05.519+0000] {dagbag.py:588} INFO - Filling up the DagBag from /home/airflow/.local/lib/python3.12/site-packages/airflow/example_dags/example_latest_only.py
[2024-09-30T14:16:05.523+0000] {processor.py:925} INFO - DAG(s) 'latest_only' retrieved from /home/airflow/.local/lib/python3.12/site-packages/airflow/example_dags/example_latest_only.py
[2024-09-30T14:16:05.536+0000] {logging_mixin.py:190} INFO - [2024-09-30T14:16:05.536+0000] {dag.py:3239} INFO - Sync 1 DAGs
[2024-09-30T14:16:05.553+0000] {logging_mixin.py:190} INFO - [2024-09-30T14:16:05.553+0000] {dag.py:4180} INFO - Setting next_dagrun for latest_only to 2024-09-30 08:00:00+00:00, run_after=2024-09-30 12:00:00+00:00
[2024-09-30T14:16:05.564+0000] {processor.py:208} INFO - Processing /home/airflow/.local/lib/python3.12/site-packages/airflow/example_dags/example_latest_only.py took 0.050 seconds
[2024-09-30T14:16:36.176+0000] {processor.py:186} INFO - Started process (PID=603) to work on /home/airflow/.local/lib/python3.12/site-packages/airflow/example_dags/example_latest_only.py
[2024-09-30T14:16:36.176+0000] {processor.py:914} INFO - Processing file /home/airflow/.local/lib/python3.12/site-packages/airflow/example_dags/example_latest_only.py for tasks to queue
[2024-09-30T14:16:36.178+0000] {logging_mixin.py:190} INFO - [2024-09-30T14:16:36.178+0000] {dagbag.py:588} INFO - Filling up the DagBag from /home/airflow/.local/lib/python3.12/site-packages/airflow/example_dags/example_latest_only.py
[2024-09-30T14:16:36.182+0000] {processor.py:925} INFO - DAG(s) 'latest_only' retrieved from /home/airflow/.local/lib/python3.12/site-packages/airflow/example_dags/example_latest_only.py
[2024-09-30T14:16:36.195+0000] {logging_mixin.py:190} INFO - [2024-09-30T14:16:36.195+0000] {dag.py:3239} INFO - Sync 1 DAGs
[2024-09-30T14:16:36.211+0000] {logging_mixin.py:190} INFO - [2024-09-30T14:16:36.211+0000] {dag.py:4180} INFO - Setting next_dagrun for latest_only to 2024-09-30 08:00:00+00:00, run_after=2024-09-30 12:00:00+00:00
[2024-09-30T14:16:36.223+0000] {processor.py:208} INFO - Processing /home/airflow/.local/lib/python3.12/site-packages/airflow/example_dags/example_latest_only.py took 0.050 seconds
[2024-09-30T14:17:00.940+0000] {processor.py:186} INFO - Started process (PID=92) to work on /home/airflow/.local/lib/python3.12/site-packages/airflow/example_dags/example_latest_only.py
[2024-09-30T14:17:00.940+0000] {processor.py:914} INFO - Processing file /home/airflow/.local/lib/python3.12/site-packages/airflow/example_dags/example_latest_only.py for tasks to queue
[2024-09-30T14:17:00.942+0000] {logging_mixin.py:190} INFO - [2024-09-30T14:17:00.942+0000] {dagbag.py:588} INFO - Filling up the DagBag from /home/airflow/.local/lib/python3.12/site-packages/airflow/example_dags/example_latest_only.py
[2024-09-30T14:17:00.947+0000] {processor.py:925} INFO - DAG(s) 'latest_only' retrieved from /home/airflow/.local/lib/python3.12/site-packages/airflow/example_dags/example_latest_only.py
[2024-09-30T14:17:00.962+0000] {logging_mixin.py:190} INFO - [2024-09-30T14:17:00.961+0000] {dag.py:3239} INFO - Sync 1 DAGs
[2024-09-30T14:17:00.988+0000] {logging_mixin.py:190} INFO - [2024-09-30T14:17:00.988+0000] {dag.py:4180} INFO - Setting next_dagrun for latest_only to 2024-09-30 08:00:00+00:00, run_after=2024-09-30 12:00:00+00:00
[2024-09-30T14:17:01.002+0000] {processor.py:208} INFO - Processing /home/airflow/.local/lib/python3.12/site-packages/airflow/example_dags/example_latest_only.py took 0.066 seconds
[2024-09-30T14:17:31.629+0000] {processor.py:186} INFO - Started process (PID=155) to work on /home/airflow/.local/lib/python3.12/site-packages/airflow/example_dags/example_latest_only.py
[2024-09-30T14:17:31.630+0000] {processor.py:914} INFO - Processing file /home/airflow/.local/lib/python3.12/site-packages/airflow/example_dags/example_latest_only.py for tasks to queue
[2024-09-30T14:17:31.631+0000] {logging_mixin.py:190} INFO - [2024-09-30T14:17:31.631+0000] {dagbag.py:588} INFO - Filling up the DagBag from /home/airflow/.local/lib/python3.12/site-packages/airflow/example_dags/example_latest_only.py
[2024-09-30T14:17:31.636+0000] {processor.py:925} INFO - DAG(s) 'latest_only' retrieved from /home/airflow/.local/lib/python3.12/site-packages/airflow/example_dags/example_latest_only.py
[2024-09-30T14:17:31.648+0000] {logging_mixin.py:190} INFO - [2024-09-30T14:17:31.648+0000] {dag.py:3239} INFO - Sync 1 DAGs
[2024-09-30T14:17:31.665+0000] {logging_mixin.py:190} INFO - [2024-09-30T14:17:31.665+0000] {dag.py:4180} INFO - Setting next_dagrun for latest_only to 2024-09-30 08:00:00+00:00, run_after=2024-09-30 12:00:00+00:00
[2024-09-30T14:17:31.677+0000] {processor.py:208} INFO - Processing /home/airflow/.local/lib/python3.12/site-packages/airflow/example_dags/example_latest_only.py took 0.051 seconds
[2024-09-30T14:18:03.716+0000] {processor.py:186} INFO - Started process (PID=92) to work on /home/airflow/.local/lib/python3.12/site-packages/airflow/example_dags/example_latest_only.py
[2024-09-30T14:18:03.716+0000] {processor.py:914} INFO - Processing file /home/airflow/.local/lib/python3.12/site-packages/airflow/example_dags/example_latest_only.py for tasks to queue
[2024-09-30T14:18:03.718+0000] {logging_mixin.py:190} INFO - [2024-09-30T14:18:03.718+0000] {dagbag.py:588} INFO - Filling up the DagBag from /home/airflow/.local/lib/python3.12/site-packages/airflow/example_dags/example_latest_only.py
[2024-09-30T14:18:03.723+0000] {processor.py:925} INFO - DAG(s) 'latest_only' retrieved from /home/airflow/.local/lib/python3.12/site-packages/airflow/example_dags/example_latest_only.py
[2024-09-30T14:18:03.737+0000] {logging_mixin.py:190} INFO - [2024-09-30T14:18:03.737+0000] {dag.py:3239} INFO - Sync 1 DAGs
[2024-09-30T14:18:03.757+0000] {logging_mixin.py:190} INFO - [2024-09-30T14:18:03.757+0000] {dag.py:4180} INFO - Setting next_dagrun for latest_only to 2024-09-30 08:00:00+00:00, run_after=2024-09-30 12:00:00+00:00
[2024-09-30T14:18:03.771+0000] {processor.py:208} INFO - Processing /home/airflow/.local/lib/python3.12/site-packages/airflow/example_dags/example_latest_only.py took 0.059 seconds
[2024-09-30T14:18:34.297+0000] {processor.py:186} INFO - Started process (PID=155) to work on /home/airflow/.local/lib/python3.12/site-packages/airflow/example_dags/example_latest_only.py
[2024-09-30T14:18:34.298+0000] {processor.py:914} INFO - Processing file /home/airflow/.local/lib/python3.12/site-packages/airflow/example_dags/example_latest_only.py for tasks to queue
[2024-09-30T14:18:34.299+0000] {logging_mixin.py:190} INFO - [2024-09-30T14:18:34.299+0000] {dagbag.py:588} INFO - Filling up the DagBag from /home/airflow/.local/lib/python3.12/site-packages/airflow/example_dags/example_latest_only.py
[2024-09-30T14:18:34.304+0000] {processor.py:925} INFO - DAG(s) 'latest_only' retrieved from /home/airflow/.local/lib/python3.12/site-packages/airflow/example_dags/example_latest_only.py
[2024-09-30T14:18:34.317+0000] {logging_mixin.py:190} INFO - [2024-09-30T14:18:34.317+0000] {dag.py:3239} INFO - Sync 1 DAGs
[2024-09-30T14:18:34.334+0000] {logging_mixin.py:190} INFO - [2024-09-30T14:18:34.334+0000] {dag.py:4180} INFO - Setting next_dagrun for latest_only to 2024-09-30 08:00:00+00:00, run_after=2024-09-30 12:00:00+00:00
[2024-09-30T14:18:34.346+0000] {processor.py:208} INFO - Processing /home/airflow/.local/lib/python3.12/site-packages/airflow/example_dags/example_latest_only.py took 0.052 seconds
[2024-09-30T14:19:04.832+0000] {processor.py:186} INFO - Started process (PID=218) to work on /home/airflow/.local/lib/python3.12/site-packages/airflow/example_dags/example_latest_only.py
[2024-09-30T14:19:04.833+0000] {processor.py:914} INFO - Processing file /home/airflow/.local/lib/python3.12/site-packages/airflow/example_dags/example_latest_only.py for tasks to queue
[2024-09-30T14:19:04.834+0000] {logging_mixin.py:190} INFO - [2024-09-30T14:19:04.834+0000] {dagbag.py:588} INFO - Filling up the DagBag from /home/airflow/.local/lib/python3.12/site-packages/airflow/example_dags/example_latest_only.py
[2024-09-30T14:19:04.839+0000] {processor.py:925} INFO - DAG(s) 'latest_only' retrieved from /home/airflow/.local/lib/python3.12/site-packages/airflow/example_dags/example_latest_only.py
[2024-09-30T14:19:04.852+0000] {logging_mixin.py:190} INFO - [2024-09-30T14:19:04.851+0000] {dag.py:3239} INFO - Sync 1 DAGs
[2024-09-30T14:19:04.868+0000] {logging_mixin.py:190} INFO - [2024-09-30T14:19:04.868+0000] {dag.py:4180} INFO - Setting next_dagrun for latest_only to 2024-09-30 08:00:00+00:00, run_after=2024-09-30 12:00:00+00:00
[2024-09-30T14:19:04.880+0000] {processor.py:208} INFO - Processing /home/airflow/.local/lib/python3.12/site-packages/airflow/example_dags/example_latest_only.py took 0.052 seconds
[2024-09-30T14:19:48.102+0000] {processor.py:186} INFO - Started process (PID=92) to work on /home/airflow/.local/lib/python3.12/site-packages/airflow/example_dags/example_latest_only.py
[2024-09-30T14:19:48.103+0000] {processor.py:914} INFO - Processing file /home/airflow/.local/lib/python3.12/site-packages/airflow/example_dags/example_latest_only.py for tasks to queue
[2024-09-30T14:19:48.105+0000] {logging_mixin.py:190} INFO - [2024-09-30T14:19:48.105+0000] {dagbag.py:588} INFO - Filling up the DagBag from /home/airflow/.local/lib/python3.12/site-packages/airflow/example_dags/example_latest_only.py
[2024-09-30T14:19:48.110+0000] {processor.py:925} INFO - DAG(s) 'latest_only' retrieved from /home/airflow/.local/lib/python3.12/site-packages/airflow/example_dags/example_latest_only.py
[2024-09-30T14:19:48.126+0000] {logging_mixin.py:190} INFO - [2024-09-30T14:19:48.126+0000] {dag.py:3239} INFO - Sync 1 DAGs
[2024-09-30T14:19:48.147+0000] {logging_mixin.py:190} INFO - [2024-09-30T14:19:48.147+0000] {dag.py:4180} INFO - Setting next_dagrun for latest_only to 2024-09-30 08:00:00+00:00, run_after=2024-09-30 12:00:00+00:00
[2024-09-30T14:19:48.161+0000] {processor.py:208} INFO - Processing /home/airflow/.local/lib/python3.12/site-packages/airflow/example_dags/example_latest_only.py took 0.065 seconds
[2024-09-30T14:20:18.933+0000] {processor.py:186} INFO - Started process (PID=155) to work on /home/airflow/.local/lib/python3.12/site-packages/airflow/example_dags/example_latest_only.py
[2024-09-30T14:20:18.933+0000] {processor.py:914} INFO - Processing file /home/airflow/.local/lib/python3.12/site-packages/airflow/example_dags/example_latest_only.py for tasks to queue
[2024-09-30T14:20:18.935+0000] {logging_mixin.py:190} INFO - [2024-09-30T14:20:18.935+0000] {dagbag.py:588} INFO - Filling up the DagBag from /home/airflow/.local/lib/python3.12/site-packages/airflow/example_dags/example_latest_only.py
[2024-09-30T14:20:18.939+0000] {processor.py:925} INFO - DAG(s) 'latest_only' retrieved from /home/airflow/.local/lib/python3.12/site-packages/airflow/example_dags/example_latest_only.py
[2024-09-30T14:20:18.956+0000] {logging_mixin.py:190} INFO - [2024-09-30T14:20:18.956+0000] {dag.py:3239} INFO - Sync 1 DAGs
[2024-09-30T14:20:18.975+0000] {logging_mixin.py:190} INFO - [2024-09-30T14:20:18.975+0000] {dag.py:4180} INFO - Setting next_dagrun for latest_only to 2024-09-30 08:00:00+00:00, run_after=2024-09-30 12:00:00+00:00
[2024-09-30T14:20:18.992+0000] {processor.py:208} INFO - Processing /home/airflow/.local/lib/python3.12/site-packages/airflow/example_dags/example_latest_only.py took 0.063 seconds
[2024-09-30T14:20:49.907+0000] {processor.py:186} INFO - Started process (PID=218) to work on /home/airflow/.local/lib/python3.12/site-packages/airflow/example_dags/example_latest_only.py
[2024-09-30T14:20:49.907+0000] {processor.py:914} INFO - Processing file /home/airflow/.local/lib/python3.12/site-packages/airflow/example_dags/example_latest_only.py for tasks to queue
[2024-09-30T14:20:49.909+0000] {logging_mixin.py:190} INFO - [2024-09-30T14:20:49.909+0000] {dagbag.py:588} INFO - Filling up the DagBag from /home/airflow/.local/lib/python3.12/site-packages/airflow/example_dags/example_latest_only.py
[2024-09-30T14:20:49.913+0000] {processor.py:925} INFO - DAG(s) 'latest_only' retrieved from /home/airflow/.local/lib/python3.12/site-packages/airflow/example_dags/example_latest_only.py
[2024-09-30T14:20:49.927+0000] {logging_mixin.py:190} INFO - [2024-09-30T14:20:49.927+0000] {dag.py:3239} INFO - Sync 1 DAGs
[2024-09-30T14:20:49.944+0000] {logging_mixin.py:190} INFO - [2024-09-30T14:20:49.943+0000] {dag.py:4180} INFO - Setting next_dagrun for latest_only to 2024-09-30 08:00:00+00:00, run_after=2024-09-30 12:00:00+00:00
[2024-09-30T14:20:49.956+0000] {processor.py:208} INFO - Processing /home/airflow/.local/lib/python3.12/site-packages/airflow/example_dags/example_latest_only.py took 0.053 seconds
[2024-09-30T14:21:20.885+0000] {processor.py:186} INFO - Started process (PID=281) to work on /home/airflow/.local/lib/python3.12/site-packages/airflow/example_dags/example_latest_only.py
[2024-09-30T14:21:20.886+0000] {processor.py:914} INFO - Processing file /home/airflow/.local/lib/python3.12/site-packages/airflow/example_dags/example_latest_only.py for tasks to queue
[2024-09-30T14:21:20.887+0000] {logging_mixin.py:190} INFO - [2024-09-30T14:21:20.887+0000] {dagbag.py:588} INFO - Filling up the DagBag from /home/airflow/.local/lib/python3.12/site-packages/airflow/example_dags/example_latest_only.py
[2024-09-30T14:21:20.892+0000] {processor.py:925} INFO - DAG(s) 'latest_only' retrieved from /home/airflow/.local/lib/python3.12/site-packages/airflow/example_dags/example_latest_only.py
[2024-09-30T14:21:20.905+0000] {logging_mixin.py:190} INFO - [2024-09-30T14:21:20.905+0000] {dag.py:3239} INFO - Sync 1 DAGs
[2024-09-30T14:21:20.921+0000] {logging_mixin.py:190} INFO - [2024-09-30T14:21:20.921+0000] {dag.py:4180} INFO - Setting next_dagrun for latest_only to 2024-09-30 08:00:00+00:00, run_after=2024-09-30 12:00:00+00:00
[2024-09-30T14:21:20.933+0000] {processor.py:208} INFO - Processing /home/airflow/.local/lib/python3.12/site-packages/airflow/example_dags/example_latest_only.py took 0.052 seconds
[2024-09-30T14:21:50.957+0000] {processor.py:186} INFO - Started process (PID=343) to work on /home/airflow/.local/lib/python3.12/site-packages/airflow/example_dags/example_latest_only.py
[2024-09-30T14:21:50.957+0000] {processor.py:914} INFO - Processing file /home/airflow/.local/lib/python3.12/site-packages/airflow/example_dags/example_latest_only.py for tasks to queue
[2024-09-30T14:21:50.959+0000] {logging_mixin.py:190} INFO - [2024-09-30T14:21:50.959+0000] {dagbag.py:588} INFO - Filling up the DagBag from /home/airflow/.local/lib/python3.12/site-packages/airflow/example_dags/example_latest_only.py
[2024-09-30T14:21:50.963+0000] {processor.py:925} INFO - DAG(s) 'latest_only' retrieved from /home/airflow/.local/lib/python3.12/site-packages/airflow/example_dags/example_latest_only.py
[2024-09-30T14:21:50.976+0000] {logging_mixin.py:190} INFO - [2024-09-30T14:21:50.976+0000] {dag.py:3239} INFO - Sync 1 DAGs
[2024-09-30T14:21:50.992+0000] {logging_mixin.py:190} INFO - [2024-09-30T14:21:50.992+0000] {dag.py:4180} INFO - Setting next_dagrun for latest_only to 2024-09-30 08:00:00+00:00, run_after=2024-09-30 12:00:00+00:00
[2024-09-30T14:21:51.003+0000] {processor.py:208} INFO - Processing /home/airflow/.local/lib/python3.12/site-packages/airflow/example_dags/example_latest_only.py took 0.050 seconds
[2024-09-30T14:22:21.778+0000] {processor.py:186} INFO - Started process (PID=407) to work on /home/airflow/.local/lib/python3.12/site-packages/airflow/example_dags/example_latest_only.py
[2024-09-30T14:22:21.779+0000] {processor.py:914} INFO - Processing file /home/airflow/.local/lib/python3.12/site-packages/airflow/example_dags/example_latest_only.py for tasks to queue
[2024-09-30T14:22:21.781+0000] {logging_mixin.py:190} INFO - [2024-09-30T14:22:21.780+0000] {dagbag.py:588} INFO - Filling up the DagBag from /home/airflow/.local/lib/python3.12/site-packages/airflow/example_dags/example_latest_only.py
[2024-09-30T14:22:21.785+0000] {processor.py:925} INFO - DAG(s) 'latest_only' retrieved from /home/airflow/.local/lib/python3.12/site-packages/airflow/example_dags/example_latest_only.py
[2024-09-30T14:22:21.799+0000] {logging_mixin.py:190} INFO - [2024-09-30T14:22:21.799+0000] {dag.py:3239} INFO - Sync 1 DAGs
[2024-09-30T14:22:21.814+0000] {logging_mixin.py:190} INFO - [2024-09-30T14:22:21.814+0000] {dag.py:4180} INFO - Setting next_dagrun for latest_only to 2024-09-30 08:00:00+00:00, run_after=2024-09-30 12:00:00+00:00
[2024-09-30T14:22:21.826+0000] {processor.py:208} INFO - Processing /home/airflow/.local/lib/python3.12/site-packages/airflow/example_dags/example_latest_only.py took 0.052 seconds
[2024-09-30T14:22:52.503+0000] {processor.py:186} INFO - Started process (PID=470) to work on /home/airflow/.local/lib/python3.12/site-packages/airflow/example_dags/example_latest_only.py
[2024-09-30T14:22:52.504+0000] {processor.py:914} INFO - Processing file /home/airflow/.local/lib/python3.12/site-packages/airflow/example_dags/example_latest_only.py for tasks to queue
[2024-09-30T14:22:52.505+0000] {logging_mixin.py:190} INFO - [2024-09-30T14:22:52.505+0000] {dagbag.py:588} INFO - Filling up the DagBag from /home/airflow/.local/lib/python3.12/site-packages/airflow/example_dags/example_latest_only.py
[2024-09-30T14:22:52.510+0000] {processor.py:925} INFO - DAG(s) 'latest_only' retrieved from /home/airflow/.local/lib/python3.12/site-packages/airflow/example_dags/example_latest_only.py
[2024-09-30T14:22:52.523+0000] {logging_mixin.py:190} INFO - [2024-09-30T14:22:52.523+0000] {dag.py:3239} INFO - Sync 1 DAGs
[2024-09-30T14:22:52.540+0000] {logging_mixin.py:190} INFO - [2024-09-30T14:22:52.540+0000] {dag.py:4180} INFO - Setting next_dagrun for latest_only to 2024-09-30 08:00:00+00:00, run_after=2024-09-30 12:00:00+00:00
[2024-09-30T14:22:52.553+0000] {processor.py:208} INFO - Processing /home/airflow/.local/lib/python3.12/site-packages/airflow/example_dags/example_latest_only.py took 0.054 seconds
[2024-09-30T14:23:23.245+0000] {processor.py:186} INFO - Started process (PID=533) to work on /home/airflow/.local/lib/python3.12/site-packages/airflow/example_dags/example_latest_only.py
[2024-09-30T14:23:23.246+0000] {processor.py:914} INFO - Processing file /home/airflow/.local/lib/python3.12/site-packages/airflow/example_dags/example_latest_only.py for tasks to queue
[2024-09-30T14:23:23.247+0000] {logging_mixin.py:190} INFO - [2024-09-30T14:23:23.247+0000] {dagbag.py:588} INFO - Filling up the DagBag from /home/airflow/.local/lib/python3.12/site-packages/airflow/example_dags/example_latest_only.py
[2024-09-30T14:23:23.252+0000] {processor.py:925} INFO - DAG(s) 'latest_only' retrieved from /home/airflow/.local/lib/python3.12/site-packages/airflow/example_dags/example_latest_only.py
[2024-09-30T14:23:23.264+0000] {logging_mixin.py:190} INFO - [2024-09-30T14:23:23.264+0000] {dag.py:3239} INFO - Sync 1 DAGs
[2024-09-30T14:23:23.280+0000] {logging_mixin.py:190} INFO - [2024-09-30T14:23:23.280+0000] {dag.py:4180} INFO - Setting next_dagrun for latest_only to 2024-09-30 08:00:00+00:00, run_after=2024-09-30 12:00:00+00:00
[2024-09-30T14:23:23.293+0000] {processor.py:208} INFO - Processing /home/airflow/.local/lib/python3.12/site-packages/airflow/example_dags/example_latest_only.py took 0.052 seconds
[2024-09-30T14:23:54.024+0000] {processor.py:186} INFO - Started process (PID=596) to work on /home/airflow/.local/lib/python3.12/site-packages/airflow/example_dags/example_latest_only.py
[2024-09-30T14:23:54.025+0000] {processor.py:914} INFO - Processing file /home/airflow/.local/lib/python3.12/site-packages/airflow/example_dags/example_latest_only.py for tasks to queue
[2024-09-30T14:23:54.026+0000] {logging_mixin.py:190} INFO - [2024-09-30T14:23:54.026+0000] {dagbag.py:588} INFO - Filling up the DagBag from /home/airflow/.local/lib/python3.12/site-packages/airflow/example_dags/example_latest_only.py
[2024-09-30T14:23:54.031+0000] {processor.py:925} INFO - DAG(s) 'latest_only' retrieved from /home/airflow/.local/lib/python3.12/site-packages/airflow/example_dags/example_latest_only.py
[2024-09-30T14:23:54.045+0000] {logging_mixin.py:190} INFO - [2024-09-30T14:23:54.044+0000] {dag.py:3239} INFO - Sync 1 DAGs
[2024-09-30T14:23:54.064+0000] {logging_mixin.py:190} INFO - [2024-09-30T14:23:54.063+0000] {dag.py:4180} INFO - Setting next_dagrun for latest_only to 2024-09-30 08:00:00+00:00, run_after=2024-09-30 12:00:00+00:00
[2024-09-30T14:23:54.077+0000] {processor.py:208} INFO - Processing /home/airflow/.local/lib/python3.12/site-packages/airflow/example_dags/example_latest_only.py took 0.057 seconds
[2024-09-30T14:24:24.655+0000] {processor.py:186} INFO - Started process (PID=659) to work on /home/airflow/.local/lib/python3.12/site-packages/airflow/example_dags/example_latest_only.py
[2024-09-30T14:24:24.656+0000] {processor.py:914} INFO - Processing file /home/airflow/.local/lib/python3.12/site-packages/airflow/example_dags/example_latest_only.py for tasks to queue
[2024-09-30T14:24:24.657+0000] {logging_mixin.py:190} INFO - [2024-09-30T14:24:24.657+0000] {dagbag.py:588} INFO - Filling up the DagBag from /home/airflow/.local/lib/python3.12/site-packages/airflow/example_dags/example_latest_only.py
[2024-09-30T14:24:24.662+0000] {processor.py:925} INFO - DAG(s) 'latest_only' retrieved from /home/airflow/.local/lib/python3.12/site-packages/airflow/example_dags/example_latest_only.py
[2024-09-30T14:24:24.674+0000] {logging_mixin.py:190} INFO - [2024-09-30T14:24:24.674+0000] {dag.py:3239} INFO - Sync 1 DAGs
[2024-09-30T14:24:24.691+0000] {logging_mixin.py:190} INFO - [2024-09-30T14:24:24.691+0000] {dag.py:4180} INFO - Setting next_dagrun for latest_only to 2024-09-30 08:00:00+00:00, run_after=2024-09-30 12:00:00+00:00
[2024-09-30T14:24:24.705+0000] {processor.py:208} INFO - Processing /home/airflow/.local/lib/python3.12/site-packages/airflow/example_dags/example_latest_only.py took 0.054 seconds
[2024-09-30T14:24:55.428+0000] {processor.py:186} INFO - Started process (PID=722) to work on /home/airflow/.local/lib/python3.12/site-packages/airflow/example_dags/example_latest_only.py
[2024-09-30T14:24:55.428+0000] {processor.py:914} INFO - Processing file /home/airflow/.local/lib/python3.12/site-packages/airflow/example_dags/example_latest_only.py for tasks to queue
[2024-09-30T14:24:55.430+0000] {logging_mixin.py:190} INFO - [2024-09-30T14:24:55.429+0000] {dagbag.py:588} INFO - Filling up the DagBag from /home/airflow/.local/lib/python3.12/site-packages/airflow/example_dags/example_latest_only.py
[2024-09-30T14:24:55.434+0000] {processor.py:925} INFO - DAG(s) 'latest_only' retrieved from /home/airflow/.local/lib/python3.12/site-packages/airflow/example_dags/example_latest_only.py
[2024-09-30T14:24:55.447+0000] {logging_mixin.py:190} INFO - [2024-09-30T14:24:55.447+0000] {dag.py:3239} INFO - Sync 1 DAGs
[2024-09-30T14:24:55.463+0000] {logging_mixin.py:190} INFO - [2024-09-30T14:24:55.463+0000] {dag.py:4180} INFO - Setting next_dagrun for latest_only to 2024-09-30 08:00:00+00:00, run_after=2024-09-30 12:00:00+00:00
[2024-09-30T14:24:55.475+0000] {processor.py:208} INFO - Processing /home/airflow/.local/lib/python3.12/site-packages/airflow/example_dags/example_latest_only.py took 0.051 seconds
[2024-09-30T14:25:26.025+0000] {processor.py:186} INFO - Started process (PID=785) to work on /home/airflow/.local/lib/python3.12/site-packages/airflow/example_dags/example_latest_only.py
[2024-09-30T14:25:26.025+0000] {processor.py:914} INFO - Processing file /home/airflow/.local/lib/python3.12/site-packages/airflow/example_dags/example_latest_only.py for tasks to queue
[2024-09-30T14:25:26.027+0000] {logging_mixin.py:190} INFO - [2024-09-30T14:25:26.027+0000] {dagbag.py:588} INFO - Filling up the DagBag from /home/airflow/.local/lib/python3.12/site-packages/airflow/example_dags/example_latest_only.py
[2024-09-30T14:25:26.031+0000] {processor.py:925} INFO - DAG(s) 'latest_only' retrieved from /home/airflow/.local/lib/python3.12/site-packages/airflow/example_dags/example_latest_only.py
[2024-09-30T14:25:26.044+0000] {logging_mixin.py:190} INFO - [2024-09-30T14:25:26.044+0000] {dag.py:3239} INFO - Sync 1 DAGs
[2024-09-30T14:25:26.059+0000] {logging_mixin.py:190} INFO - [2024-09-30T14:25:26.059+0000] {dag.py:4180} INFO - Setting next_dagrun for latest_only to 2024-09-30 08:00:00+00:00, run_after=2024-09-30 12:00:00+00:00
[2024-09-30T14:25:26.071+0000] {processor.py:208} INFO - Processing /home/airflow/.local/lib/python3.12/site-packages/airflow/example_dags/example_latest_only.py took 0.050 seconds
[2024-09-30T14:25:56.902+0000] {processor.py:186} INFO - Started process (PID=848) to work on /home/airflow/.local/lib/python3.12/site-packages/airflow/example_dags/example_latest_only.py
[2024-09-30T14:25:56.903+0000] {processor.py:914} INFO - Processing file /home/airflow/.local/lib/python3.12/site-packages/airflow/example_dags/example_latest_only.py for tasks to queue
[2024-09-30T14:25:56.905+0000] {logging_mixin.py:190} INFO - [2024-09-30T14:25:56.904+0000] {dagbag.py:588} INFO - Filling up the DagBag from /home/airflow/.local/lib/python3.12/site-packages/airflow/example_dags/example_latest_only.py
[2024-09-30T14:25:56.909+0000] {processor.py:925} INFO - DAG(s) 'latest_only' retrieved from /home/airflow/.local/lib/python3.12/site-packages/airflow/example_dags/example_latest_only.py
[2024-09-30T14:25:56.922+0000] {logging_mixin.py:190} INFO - [2024-09-30T14:25:56.922+0000] {dag.py:3239} INFO - Sync 1 DAGs
[2024-09-30T14:25:56.938+0000] {logging_mixin.py:190} INFO - [2024-09-30T14:25:56.938+0000] {dag.py:4180} INFO - Setting next_dagrun for latest_only to 2024-09-30 08:00:00+00:00, run_after=2024-09-30 12:00:00+00:00
[2024-09-30T14:25:56.949+0000] {processor.py:208} INFO - Processing /home/airflow/.local/lib/python3.12/site-packages/airflow/example_dags/example_latest_only.py took 0.050 seconds
[2024-09-30T14:26:27.794+0000] {processor.py:186} INFO - Started process (PID=911) to work on /home/airflow/.local/lib/python3.12/site-packages/airflow/example_dags/example_latest_only.py
[2024-09-30T14:26:27.795+0000] {processor.py:914} INFO - Processing file /home/airflow/.local/lib/python3.12/site-packages/airflow/example_dags/example_latest_only.py for tasks to queue
[2024-09-30T14:26:27.796+0000] {logging_mixin.py:190} INFO - [2024-09-30T14:26:27.796+0000] {dagbag.py:588} INFO - Filling up the DagBag from /home/airflow/.local/lib/python3.12/site-packages/airflow/example_dags/example_latest_only.py
[2024-09-30T14:26:27.801+0000] {processor.py:925} INFO - DAG(s) 'latest_only' retrieved from /home/airflow/.local/lib/python3.12/site-packages/airflow/example_dags/example_latest_only.py
[2024-09-30T14:26:27.813+0000] {logging_mixin.py:190} INFO - [2024-09-30T14:26:27.813+0000] {dag.py:3239} INFO - Sync 1 DAGs
[2024-09-30T14:26:27.829+0000] {logging_mixin.py:190} INFO - [2024-09-30T14:26:27.829+0000] {dag.py:4180} INFO - Setting next_dagrun for latest_only to 2024-09-30 08:00:00+00:00, run_after=2024-09-30 12:00:00+00:00
[2024-09-30T14:26:27.841+0000] {processor.py:208} INFO - Processing /home/airflow/.local/lib/python3.12/site-packages/airflow/example_dags/example_latest_only.py took 0.051 seconds
[2024-09-30T14:26:58.427+0000] {processor.py:186} INFO - Started process (PID=974) to work on /home/airflow/.local/lib/python3.12/site-packages/airflow/example_dags/example_latest_only.py
[2024-09-30T14:26:58.427+0000] {processor.py:914} INFO - Processing file /home/airflow/.local/lib/python3.12/site-packages/airflow/example_dags/example_latest_only.py for tasks to queue
[2024-09-30T14:26:58.429+0000] {logging_mixin.py:190} INFO - [2024-09-30T14:26:58.429+0000] {dagbag.py:588} INFO - Filling up the DagBag from /home/airflow/.local/lib/python3.12/site-packages/airflow/example_dags/example_latest_only.py
[2024-09-30T14:26:58.433+0000] {processor.py:925} INFO - DAG(s) 'latest_only' retrieved from /home/airflow/.local/lib/python3.12/site-packages/airflow/example_dags/example_latest_only.py
[2024-09-30T14:26:58.447+0000] {logging_mixin.py:190} INFO - [2024-09-30T14:26:58.447+0000] {dag.py:3239} INFO - Sync 1 DAGs
[2024-09-30T14:26:58.464+0000] {logging_mixin.py:190} INFO - [2024-09-30T14:26:58.463+0000] {dag.py:4180} INFO - Setting next_dagrun for latest_only to 2024-09-30 08:00:00+00:00, run_after=2024-09-30 12:00:00+00:00
[2024-09-30T14:26:58.476+0000] {processor.py:208} INFO - Processing /home/airflow/.local/lib/python3.12/site-packages/airflow/example_dags/example_latest_only.py took 0.053 seconds
[2024-09-30T14:27:29.018+0000] {processor.py:186} INFO - Started process (PID=1037) to work on /home/airflow/.local/lib/python3.12/site-packages/airflow/example_dags/example_latest_only.py
[2024-09-30T14:27:29.018+0000] {processor.py:914} INFO - Processing file /home/airflow/.local/lib/python3.12/site-packages/airflow/example_dags/example_latest_only.py for tasks to queue
[2024-09-30T14:27:29.020+0000] {logging_mixin.py:190} INFO - [2024-09-30T14:27:29.020+0000] {dagbag.py:588} INFO - Filling up the DagBag from /home/airflow/.local/lib/python3.12/site-packages/airflow/example_dags/example_latest_only.py
[2024-09-30T14:27:29.025+0000] {processor.py:925} INFO - DAG(s) 'latest_only' retrieved from /home/airflow/.local/lib/python3.12/site-packages/airflow/example_dags/example_latest_only.py
[2024-09-30T14:27:29.038+0000] {logging_mixin.py:190} INFO - [2024-09-30T14:27:29.038+0000] {dag.py:3239} INFO - Sync 1 DAGs
[2024-09-30T14:27:29.054+0000] {logging_mixin.py:190} INFO - [2024-09-30T14:27:29.054+0000] {dag.py:4180} INFO - Setting next_dagrun for latest_only to 2024-09-30 08:00:00+00:00, run_after=2024-09-30 12:00:00+00:00
[2024-09-30T14:27:29.065+0000] {processor.py:208} INFO - Processing /home/airflow/.local/lib/python3.12/site-packages/airflow/example_dags/example_latest_only.py took 0.051 seconds
[2024-09-30T14:27:59.622+0000] {processor.py:186} INFO - Started process (PID=1100) to work on /home/airflow/.local/lib/python3.12/site-packages/airflow/example_dags/example_latest_only.py
[2024-09-30T14:27:59.623+0000] {processor.py:914} INFO - Processing file /home/airflow/.local/lib/python3.12/site-packages/airflow/example_dags/example_latest_only.py for tasks to queue
[2024-09-30T14:27:59.624+0000] {logging_mixin.py:190} INFO - [2024-09-30T14:27:59.624+0000] {dagbag.py:588} INFO - Filling up the DagBag from /home/airflow/.local/lib/python3.12/site-packages/airflow/example_dags/example_latest_only.py
[2024-09-30T14:27:59.629+0000] {processor.py:925} INFO - DAG(s) 'latest_only' retrieved from /home/airflow/.local/lib/python3.12/site-packages/airflow/example_dags/example_latest_only.py
[2024-09-30T14:27:59.642+0000] {logging_mixin.py:190} INFO - [2024-09-30T14:27:59.642+0000] {dag.py:3239} INFO - Sync 1 DAGs
[2024-09-30T14:27:59.658+0000] {logging_mixin.py:190} INFO - [2024-09-30T14:27:59.658+0000] {dag.py:4180} INFO - Setting next_dagrun for latest_only to 2024-09-30 08:00:00+00:00, run_after=2024-09-30 12:00:00+00:00
[2024-09-30T14:27:59.671+0000] {processor.py:208} INFO - Processing /home/airflow/.local/lib/python3.12/site-packages/airflow/example_dags/example_latest_only.py took 0.052 seconds
[2024-09-30T14:28:30.444+0000] {processor.py:186} INFO - Started process (PID=1163) to work on /home/airflow/.local/lib/python3.12/site-packages/airflow/example_dags/example_latest_only.py
[2024-09-30T14:28:30.445+0000] {processor.py:914} INFO - Processing file /home/airflow/.local/lib/python3.12/site-packages/airflow/example_dags/example_latest_only.py for tasks to queue
[2024-09-30T14:28:30.447+0000] {logging_mixin.py:190} INFO - [2024-09-30T14:28:30.447+0000] {dagbag.py:588} INFO - Filling up the DagBag from /home/airflow/.local/lib/python3.12/site-packages/airflow/example_dags/example_latest_only.py
[2024-09-30T14:28:30.452+0000] {processor.py:925} INFO - DAG(s) 'latest_only' retrieved from /home/airflow/.local/lib/python3.12/site-packages/airflow/example_dags/example_latest_only.py
[2024-09-30T14:28:30.465+0000] {logging_mixin.py:190} INFO - [2024-09-30T14:28:30.465+0000] {dag.py:3239} INFO - Sync 1 DAGs
[2024-09-30T14:28:30.481+0000] {logging_mixin.py:190} INFO - [2024-09-30T14:28:30.481+0000] {dag.py:4180} INFO - Setting next_dagrun for latest_only to 2024-09-30 08:00:00+00:00, run_after=2024-09-30 12:00:00+00:00
[2024-09-30T14:28:30.493+0000] {processor.py:208} INFO - Processing /home/airflow/.local/lib/python3.12/site-packages/airflow/example_dags/example_latest_only.py took 0.052 seconds
[2024-09-30T14:29:01.081+0000] {processor.py:186} INFO - Started process (PID=1227) to work on /home/airflow/.local/lib/python3.12/site-packages/airflow/example_dags/example_latest_only.py
[2024-09-30T14:29:01.082+0000] {processor.py:914} INFO - Processing file /home/airflow/.local/lib/python3.12/site-packages/airflow/example_dags/example_latest_only.py for tasks to queue
[2024-09-30T14:29:01.084+0000] {logging_mixin.py:190} INFO - [2024-09-30T14:29:01.083+0000] {dagbag.py:588} INFO - Filling up the DagBag from /home/airflow/.local/lib/python3.12/site-packages/airflow/example_dags/example_latest_only.py
[2024-09-30T14:29:01.090+0000] {processor.py:925} INFO - DAG(s) 'latest_only' retrieved from /home/airflow/.local/lib/python3.12/site-packages/airflow/example_dags/example_latest_only.py
[2024-09-30T14:29:01.104+0000] {logging_mixin.py:190} INFO - [2024-09-30T14:29:01.104+0000] {dag.py:3239} INFO - Sync 1 DAGs
[2024-09-30T14:29:01.123+0000] {logging_mixin.py:190} INFO - [2024-09-30T14:29:01.123+0000] {dag.py:4180} INFO - Setting next_dagrun for latest_only to 2024-09-30 08:00:00+00:00, run_after=2024-09-30 12:00:00+00:00
[2024-09-30T14:29:01.135+0000] {processor.py:208} INFO - Processing /home/airflow/.local/lib/python3.12/site-packages/airflow/example_dags/example_latest_only.py took 0.057 seconds
[2024-09-30T14:29:32.592+0000] {processor.py:186} INFO - Started process (PID=1290) to work on /home/airflow/.local/lib/python3.12/site-packages/airflow/example_dags/example_latest_only.py
[2024-09-30T14:29:32.593+0000] {processor.py:914} INFO - Processing file /home/airflow/.local/lib/python3.12/site-packages/airflow/example_dags/example_latest_only.py for tasks to queue
[2024-09-30T14:29:32.595+0000] {logging_mixin.py:190} INFO - [2024-09-30T14:29:32.594+0000] {dagbag.py:588} INFO - Filling up the DagBag from /home/airflow/.local/lib/python3.12/site-packages/airflow/example_dags/example_latest_only.py
[2024-09-30T14:29:32.599+0000] {processor.py:925} INFO - DAG(s) 'latest_only' retrieved from /home/airflow/.local/lib/python3.12/site-packages/airflow/example_dags/example_latest_only.py
[2024-09-30T14:29:32.612+0000] {logging_mixin.py:190} INFO - [2024-09-30T14:29:32.612+0000] {dag.py:3239} INFO - Sync 1 DAGs
[2024-09-30T14:29:32.630+0000] {logging_mixin.py:190} INFO - [2024-09-30T14:29:32.630+0000] {dag.py:4180} INFO - Setting next_dagrun for latest_only to 2024-09-30 08:00:00+00:00, run_after=2024-09-30 12:00:00+00:00
[2024-09-30T14:29:32.643+0000] {processor.py:208} INFO - Processing /home/airflow/.local/lib/python3.12/site-packages/airflow/example_dags/example_latest_only.py took 0.054 seconds
[2024-09-30T14:29:54.357+0000] {processor.py:186} INFO - Started process (PID=86) to work on /home/airflow/.local/lib/python3.12/site-packages/airflow/example_dags/example_latest_only.py
[2024-09-30T14:29:54.357+0000] {processor.py:914} INFO - Processing file /home/airflow/.local/lib/python3.12/site-packages/airflow/example_dags/example_latest_only.py for tasks to queue
[2024-09-30T14:29:54.359+0000] {logging_mixin.py:190} INFO - [2024-09-30T14:29:54.359+0000] {dagbag.py:588} INFO - Filling up the DagBag from /home/airflow/.local/lib/python3.12/site-packages/airflow/example_dags/example_latest_only.py
[2024-09-30T14:29:54.364+0000] {processor.py:925} INFO - DAG(s) 'latest_only' retrieved from /home/airflow/.local/lib/python3.12/site-packages/airflow/example_dags/example_latest_only.py
[2024-09-30T14:29:54.377+0000] {logging_mixin.py:190} INFO - [2024-09-30T14:29:54.377+0000] {dag.py:3239} INFO - Sync 1 DAGs
[2024-09-30T14:29:54.394+0000] {logging_mixin.py:190} INFO - [2024-09-30T14:29:54.394+0000] {dag.py:4180} INFO - Setting next_dagrun for latest_only to 2024-09-30 08:00:00+00:00, run_after=2024-09-30 12:00:00+00:00
[2024-09-30T14:29:54.407+0000] {processor.py:208} INFO - Processing /home/airflow/.local/lib/python3.12/site-packages/airflow/example_dags/example_latest_only.py took 0.054 seconds
[2024-09-30T14:30:25.135+0000] {processor.py:186} INFO - Started process (PID=155) to work on /home/airflow/.local/lib/python3.12/site-packages/airflow/example_dags/example_latest_only.py
[2024-09-30T14:30:25.136+0000] {processor.py:914} INFO - Processing file /home/airflow/.local/lib/python3.12/site-packages/airflow/example_dags/example_latest_only.py for tasks to queue
[2024-09-30T14:30:25.137+0000] {logging_mixin.py:190} INFO - [2024-09-30T14:30:25.137+0000] {dagbag.py:588} INFO - Filling up the DagBag from /home/airflow/.local/lib/python3.12/site-packages/airflow/example_dags/example_latest_only.py
[2024-09-30T14:30:25.141+0000] {processor.py:925} INFO - DAG(s) 'latest_only' retrieved from /home/airflow/.local/lib/python3.12/site-packages/airflow/example_dags/example_latest_only.py
[2024-09-30T14:30:25.154+0000] {logging_mixin.py:190} INFO - [2024-09-30T14:30:25.154+0000] {dag.py:3239} INFO - Sync 1 DAGs
[2024-09-30T14:30:25.170+0000] {logging_mixin.py:190} INFO - [2024-09-30T14:30:25.170+0000] {dag.py:4180} INFO - Setting next_dagrun for latest_only to 2024-09-30 08:00:00+00:00, run_after=2024-09-30 12:00:00+00:00
[2024-09-30T14:30:25.182+0000] {processor.py:208} INFO - Processing /home/airflow/.local/lib/python3.12/site-packages/airflow/example_dags/example_latest_only.py took 0.050 seconds
[2024-09-30T14:30:55.936+0000] {processor.py:186} INFO - Started process (PID=218) to work on /home/airflow/.local/lib/python3.12/site-packages/airflow/example_dags/example_latest_only.py
[2024-09-30T14:30:55.937+0000] {processor.py:914} INFO - Processing file /home/airflow/.local/lib/python3.12/site-packages/airflow/example_dags/example_latest_only.py for tasks to queue
[2024-09-30T14:30:55.938+0000] {logging_mixin.py:190} INFO - [2024-09-30T14:30:55.938+0000] {dagbag.py:588} INFO - Filling up the DagBag from /home/airflow/.local/lib/python3.12/site-packages/airflow/example_dags/example_latest_only.py
[2024-09-30T14:30:55.943+0000] {processor.py:925} INFO - DAG(s) 'latest_only' retrieved from /home/airflow/.local/lib/python3.12/site-packages/airflow/example_dags/example_latest_only.py
[2024-09-30T14:30:55.957+0000] {logging_mixin.py:190} INFO - [2024-09-30T14:30:55.957+0000] {dag.py:3239} INFO - Sync 1 DAGs
[2024-09-30T14:30:55.976+0000] {logging_mixin.py:190} INFO - [2024-09-30T14:30:55.976+0000] {dag.py:4180} INFO - Setting next_dagrun for latest_only to 2024-09-30 08:00:00+00:00, run_after=2024-09-30 12:00:00+00:00
[2024-09-30T14:30:55.990+0000] {processor.py:208} INFO - Processing /home/airflow/.local/lib/python3.12/site-packages/airflow/example_dags/example_latest_only.py took 0.057 seconds
[2024-09-30T14:31:26.695+0000] {processor.py:186} INFO - Started process (PID=281) to work on /home/airflow/.local/lib/python3.12/site-packages/airflow/example_dags/example_latest_only.py
[2024-09-30T14:31:26.696+0000] {processor.py:914} INFO - Processing file /home/airflow/.local/lib/python3.12/site-packages/airflow/example_dags/example_latest_only.py for tasks to queue
[2024-09-30T14:31:26.698+0000] {logging_mixin.py:190} INFO - [2024-09-30T14:31:26.697+0000] {dagbag.py:588} INFO - Filling up the DagBag from /home/airflow/.local/lib/python3.12/site-packages/airflow/example_dags/example_latest_only.py
[2024-09-30T14:31:26.702+0000] {processor.py:925} INFO - DAG(s) 'latest_only' retrieved from /home/airflow/.local/lib/python3.12/site-packages/airflow/example_dags/example_latest_only.py
[2024-09-30T14:31:26.716+0000] {logging_mixin.py:190} INFO - [2024-09-30T14:31:26.716+0000] {dag.py:3239} INFO - Sync 1 DAGs
[2024-09-30T14:31:26.732+0000] {logging_mixin.py:190} INFO - [2024-09-30T14:31:26.732+0000] {dag.py:4180} INFO - Setting next_dagrun for latest_only to 2024-09-30 08:00:00+00:00, run_after=2024-09-30 12:00:00+00:00
[2024-09-30T14:31:26.746+0000] {processor.py:208} INFO - Processing /home/airflow/.local/lib/python3.12/site-packages/airflow/example_dags/example_latest_only.py took 0.055 seconds
[2024-09-30T14:31:57.350+0000] {processor.py:186} INFO - Started process (PID=344) to work on /home/airflow/.local/lib/python3.12/site-packages/airflow/example_dags/example_latest_only.py
[2024-09-30T14:31:57.350+0000] {processor.py:914} INFO - Processing file /home/airflow/.local/lib/python3.12/site-packages/airflow/example_dags/example_latest_only.py for tasks to queue
[2024-09-30T14:31:57.352+0000] {logging_mixin.py:190} INFO - [2024-09-30T14:31:57.352+0000] {dagbag.py:588} INFO - Filling up the DagBag from /home/airflow/.local/lib/python3.12/site-packages/airflow/example_dags/example_latest_only.py
[2024-09-30T14:31:57.356+0000] {processor.py:925} INFO - DAG(s) 'latest_only' retrieved from /home/airflow/.local/lib/python3.12/site-packages/airflow/example_dags/example_latest_only.py
[2024-09-30T14:31:57.369+0000] {logging_mixin.py:190} INFO - [2024-09-30T14:31:57.368+0000] {dag.py:3239} INFO - Sync 1 DAGs
[2024-09-30T14:31:57.385+0000] {logging_mixin.py:190} INFO - [2024-09-30T14:31:57.384+0000] {dag.py:4180} INFO - Setting next_dagrun for latest_only to 2024-09-30 08:00:00+00:00, run_after=2024-09-30 12:00:00+00:00
[2024-09-30T14:31:57.396+0000] {processor.py:208} INFO - Processing /home/airflow/.local/lib/python3.12/site-packages/airflow/example_dags/example_latest_only.py took 0.050 seconds
[2024-09-30T14:32:28.122+0000] {processor.py:186} INFO - Started process (PID=407) to work on /home/airflow/.local/lib/python3.12/site-packages/airflow/example_dags/example_latest_only.py
[2024-09-30T14:32:28.123+0000] {processor.py:914} INFO - Processing file /home/airflow/.local/lib/python3.12/site-packages/airflow/example_dags/example_latest_only.py for tasks to queue
[2024-09-30T14:32:28.125+0000] {logging_mixin.py:190} INFO - [2024-09-30T14:32:28.124+0000] {dagbag.py:588} INFO - Filling up the DagBag from /home/airflow/.local/lib/python3.12/site-packages/airflow/example_dags/example_latest_only.py
[2024-09-30T14:32:28.129+0000] {processor.py:925} INFO - DAG(s) 'latest_only' retrieved from /home/airflow/.local/lib/python3.12/site-packages/airflow/example_dags/example_latest_only.py
[2024-09-30T14:32:28.144+0000] {logging_mixin.py:190} INFO - [2024-09-30T14:32:28.143+0000] {dag.py:3239} INFO - Sync 1 DAGs
[2024-09-30T14:32:28.162+0000] {logging_mixin.py:190} INFO - [2024-09-30T14:32:28.162+0000] {dag.py:4180} INFO - Setting next_dagrun for latest_only to 2024-09-30 08:00:00+00:00, run_after=2024-09-30 12:00:00+00:00
[2024-09-30T14:32:28.174+0000] {processor.py:208} INFO - Processing /home/airflow/.local/lib/python3.12/site-packages/airflow/example_dags/example_latest_only.py took 0.055 seconds
[2024-09-30T14:32:58.797+0000] {processor.py:186} INFO - Started process (PID=470) to work on /home/airflow/.local/lib/python3.12/site-packages/airflow/example_dags/example_latest_only.py
[2024-09-30T14:32:58.798+0000] {processor.py:914} INFO - Processing file /home/airflow/.local/lib/python3.12/site-packages/airflow/example_dags/example_latest_only.py for tasks to queue
[2024-09-30T14:32:58.800+0000] {logging_mixin.py:190} INFO - [2024-09-30T14:32:58.799+0000] {dagbag.py:588} INFO - Filling up the DagBag from /home/airflow/.local/lib/python3.12/site-packages/airflow/example_dags/example_latest_only.py
[2024-09-30T14:32:58.804+0000] {processor.py:925} INFO - DAG(s) 'latest_only' retrieved from /home/airflow/.local/lib/python3.12/site-packages/airflow/example_dags/example_latest_only.py
[2024-09-30T14:32:58.817+0000] {logging_mixin.py:190} INFO - [2024-09-30T14:32:58.817+0000] {dag.py:3239} INFO - Sync 1 DAGs
[2024-09-30T14:32:58.832+0000] {logging_mixin.py:190} INFO - [2024-09-30T14:32:58.832+0000] {dag.py:4180} INFO - Setting next_dagrun for latest_only to 2024-09-30 08:00:00+00:00, run_after=2024-09-30 12:00:00+00:00
[2024-09-30T14:32:58.847+0000] {processor.py:208} INFO - Processing /home/airflow/.local/lib/python3.12/site-packages/airflow/example_dags/example_latest_only.py took 0.053 seconds
[2024-09-30T14:33:29.678+0000] {processor.py:186} INFO - Started process (PID=533) to work on /home/airflow/.local/lib/python3.12/site-packages/airflow/example_dags/example_latest_only.py
[2024-09-30T14:33:29.680+0000] {processor.py:914} INFO - Processing file /home/airflow/.local/lib/python3.12/site-packages/airflow/example_dags/example_latest_only.py for tasks to queue
[2024-09-30T14:33:29.682+0000] {logging_mixin.py:190} INFO - [2024-09-30T14:33:29.682+0000] {dagbag.py:588} INFO - Filling up the DagBag from /home/airflow/.local/lib/python3.12/site-packages/airflow/example_dags/example_latest_only.py
[2024-09-30T14:33:29.689+0000] {processor.py:925} INFO - DAG(s) 'latest_only' retrieved from /home/airflow/.local/lib/python3.12/site-packages/airflow/example_dags/example_latest_only.py
[2024-09-30T14:33:29.707+0000] {logging_mixin.py:190} INFO - [2024-09-30T14:33:29.707+0000] {dag.py:3239} INFO - Sync 1 DAGs
[2024-09-30T14:33:29.724+0000] {logging_mixin.py:190} INFO - [2024-09-30T14:33:29.724+0000] {dag.py:4180} INFO - Setting next_dagrun for latest_only to 2024-09-30 08:00:00+00:00, run_after=2024-09-30 12:00:00+00:00
[2024-09-30T14:33:29.737+0000] {processor.py:208} INFO - Processing /home/airflow/.local/lib/python3.12/site-packages/airflow/example_dags/example_latest_only.py took 0.064 seconds
[2024-09-30T14:34:00.895+0000] {processor.py:186} INFO - Started process (PID=596) to work on /home/airflow/.local/lib/python3.12/site-packages/airflow/example_dags/example_latest_only.py
[2024-09-30T14:34:00.896+0000] {processor.py:914} INFO - Processing file /home/airflow/.local/lib/python3.12/site-packages/airflow/example_dags/example_latest_only.py for tasks to queue
[2024-09-30T14:34:00.898+0000] {logging_mixin.py:190} INFO - [2024-09-30T14:34:00.897+0000] {dagbag.py:588} INFO - Filling up the DagBag from /home/airflow/.local/lib/python3.12/site-packages/airflow/example_dags/example_latest_only.py
[2024-09-30T14:34:00.902+0000] {processor.py:925} INFO - DAG(s) 'latest_only' retrieved from /home/airflow/.local/lib/python3.12/site-packages/airflow/example_dags/example_latest_only.py
[2024-09-30T14:34:00.919+0000] {logging_mixin.py:190} INFO - [2024-09-30T14:34:00.918+0000] {dag.py:3239} INFO - Sync 1 DAGs
[2024-09-30T14:34:00.939+0000] {logging_mixin.py:190} INFO - [2024-09-30T14:34:00.938+0000] {dag.py:4180} INFO - Setting next_dagrun for latest_only to 2024-09-30 08:00:00+00:00, run_after=2024-09-30 12:00:00+00:00
[2024-09-30T14:34:00.955+0000] {processor.py:208} INFO - Processing /home/airflow/.local/lib/python3.12/site-packages/airflow/example_dags/example_latest_only.py took 0.064 seconds
[2024-09-30T14:34:32.172+0000] {processor.py:186} INFO - Started process (PID=659) to work on /home/airflow/.local/lib/python3.12/site-packages/airflow/example_dags/example_latest_only.py
[2024-09-30T14:34:32.173+0000] {processor.py:914} INFO - Processing file /home/airflow/.local/lib/python3.12/site-packages/airflow/example_dags/example_latest_only.py for tasks to queue
[2024-09-30T14:34:32.174+0000] {logging_mixin.py:190} INFO - [2024-09-30T14:34:32.174+0000] {dagbag.py:588} INFO - Filling up the DagBag from /home/airflow/.local/lib/python3.12/site-packages/airflow/example_dags/example_latest_only.py
[2024-09-30T14:34:32.178+0000] {processor.py:925} INFO - DAG(s) 'latest_only' retrieved from /home/airflow/.local/lib/python3.12/site-packages/airflow/example_dags/example_latest_only.py
[2024-09-30T14:34:32.191+0000] {logging_mixin.py:190} INFO - [2024-09-30T14:34:32.191+0000] {dag.py:3239} INFO - Sync 1 DAGs
[2024-09-30T14:34:32.209+0000] {logging_mixin.py:190} INFO - [2024-09-30T14:34:32.209+0000] {dag.py:4180} INFO - Setting next_dagrun for latest_only to 2024-09-30 08:00:00+00:00, run_after=2024-09-30 12:00:00+00:00
[2024-09-30T14:34:32.221+0000] {processor.py:208} INFO - Processing /home/airflow/.local/lib/python3.12/site-packages/airflow/example_dags/example_latest_only.py took 0.053 seconds
[2024-09-30T14:35:02.978+0000] {processor.py:186} INFO - Started process (PID=722) to work on /home/airflow/.local/lib/python3.12/site-packages/airflow/example_dags/example_latest_only.py
[2024-09-30T14:35:02.978+0000] {processor.py:914} INFO - Processing file /home/airflow/.local/lib/python3.12/site-packages/airflow/example_dags/example_latest_only.py for tasks to queue
[2024-09-30T14:35:02.980+0000] {logging_mixin.py:190} INFO - [2024-09-30T14:35:02.980+0000] {dagbag.py:588} INFO - Filling up the DagBag from /home/airflow/.local/lib/python3.12/site-packages/airflow/example_dags/example_latest_only.py
[2024-09-30T14:35:02.985+0000] {processor.py:925} INFO - DAG(s) 'latest_only' retrieved from /home/airflow/.local/lib/python3.12/site-packages/airflow/example_dags/example_latest_only.py
[2024-09-30T14:35:02.999+0000] {logging_mixin.py:190} INFO - [2024-09-30T14:35:02.999+0000] {dag.py:3239} INFO - Sync 1 DAGs
[2024-09-30T14:35:03.024+0000] {logging_mixin.py:190} INFO - [2024-09-30T14:35:03.024+0000] {dag.py:4180} INFO - Setting next_dagrun for latest_only to 2024-09-30 08:00:00+00:00, run_after=2024-09-30 12:00:00+00:00
[2024-09-30T14:35:03.042+0000] {processor.py:208} INFO - Processing /home/airflow/.local/lib/python3.12/site-packages/airflow/example_dags/example_latest_only.py took 0.068 seconds
[2024-09-30T14:35:33.636+0000] {processor.py:186} INFO - Started process (PID=785) to work on /home/airflow/.local/lib/python3.12/site-packages/airflow/example_dags/example_latest_only.py
[2024-09-30T14:35:33.636+0000] {processor.py:914} INFO - Processing file /home/airflow/.local/lib/python3.12/site-packages/airflow/example_dags/example_latest_only.py for tasks to queue
[2024-09-30T14:35:33.638+0000] {logging_mixin.py:190} INFO - [2024-09-30T14:35:33.638+0000] {dagbag.py:588} INFO - Filling up the DagBag from /home/airflow/.local/lib/python3.12/site-packages/airflow/example_dags/example_latest_only.py
[2024-09-30T14:35:33.642+0000] {processor.py:925} INFO - DAG(s) 'latest_only' retrieved from /home/airflow/.local/lib/python3.12/site-packages/airflow/example_dags/example_latest_only.py
[2024-09-30T14:35:33.656+0000] {logging_mixin.py:190} INFO - [2024-09-30T14:35:33.655+0000] {dag.py:3239} INFO - Sync 1 DAGs
[2024-09-30T14:35:33.673+0000] {logging_mixin.py:190} INFO - [2024-09-30T14:35:33.673+0000] {dag.py:4180} INFO - Setting next_dagrun for latest_only to 2024-09-30 08:00:00+00:00, run_after=2024-09-30 12:00:00+00:00
[2024-09-30T14:35:33.685+0000] {processor.py:208} INFO - Processing /home/airflow/.local/lib/python3.12/site-packages/airflow/example_dags/example_latest_only.py took 0.053 seconds
[2024-09-30T14:36:04.408+0000] {processor.py:186} INFO - Started process (PID=848) to work on /home/airflow/.local/lib/python3.12/site-packages/airflow/example_dags/example_latest_only.py
[2024-09-30T14:36:04.408+0000] {processor.py:914} INFO - Processing file /home/airflow/.local/lib/python3.12/site-packages/airflow/example_dags/example_latest_only.py for tasks to queue
[2024-09-30T14:36:04.410+0000] {logging_mixin.py:190} INFO - [2024-09-30T14:36:04.410+0000] {dagbag.py:588} INFO - Filling up the DagBag from /home/airflow/.local/lib/python3.12/site-packages/airflow/example_dags/example_latest_only.py
[2024-09-30T14:36:04.415+0000] {processor.py:925} INFO - DAG(s) 'latest_only' retrieved from /home/airflow/.local/lib/python3.12/site-packages/airflow/example_dags/example_latest_only.py
[2024-09-30T14:36:04.428+0000] {logging_mixin.py:190} INFO - [2024-09-30T14:36:04.428+0000] {dag.py:3239} INFO - Sync 1 DAGs
[2024-09-30T14:36:04.446+0000] {logging_mixin.py:190} INFO - [2024-09-30T14:36:04.446+0000] {dag.py:4180} INFO - Setting next_dagrun for latest_only to 2024-09-30 08:00:00+00:00, run_after=2024-09-30 12:00:00+00:00
[2024-09-30T14:36:04.460+0000] {processor.py:208} INFO - Processing /home/airflow/.local/lib/python3.12/site-packages/airflow/example_dags/example_latest_only.py took 0.056 seconds
[2024-09-30T14:36:42.416+0000] {processor.py:186} INFO - Started process (PID=92) to work on /home/airflow/.local/lib/python3.12/site-packages/airflow/example_dags/example_latest_only.py
[2024-09-30T14:36:42.416+0000] {processor.py:914} INFO - Processing file /home/airflow/.local/lib/python3.12/site-packages/airflow/example_dags/example_latest_only.py for tasks to queue
[2024-09-30T14:36:42.418+0000] {logging_mixin.py:190} INFO - [2024-09-30T14:36:42.418+0000] {dagbag.py:588} INFO - Filling up the DagBag from /home/airflow/.local/lib/python3.12/site-packages/airflow/example_dags/example_latest_only.py
[2024-09-30T14:36:42.423+0000] {processor.py:925} INFO - DAG(s) 'latest_only' retrieved from /home/airflow/.local/lib/python3.12/site-packages/airflow/example_dags/example_latest_only.py
[2024-09-30T14:36:42.437+0000] {logging_mixin.py:190} INFO - [2024-09-30T14:36:42.437+0000] {dag.py:3239} INFO - Sync 1 DAGs
[2024-09-30T14:36:42.458+0000] {logging_mixin.py:190} INFO - [2024-09-30T14:36:42.457+0000] {dag.py:4180} INFO - Setting next_dagrun for latest_only to 2024-09-30 08:00:00+00:00, run_after=2024-09-30 12:00:00+00:00
[2024-09-30T14:36:42.472+0000] {processor.py:208} INFO - Processing /home/airflow/.local/lib/python3.12/site-packages/airflow/example_dags/example_latest_only.py took 0.061 seconds
[2024-09-30T14:37:13.141+0000] {processor.py:186} INFO - Started process (PID=155) to work on /home/airflow/.local/lib/python3.12/site-packages/airflow/example_dags/example_latest_only.py
[2024-09-30T14:37:13.142+0000] {processor.py:914} INFO - Processing file /home/airflow/.local/lib/python3.12/site-packages/airflow/example_dags/example_latest_only.py for tasks to queue
[2024-09-30T14:37:13.143+0000] {logging_mixin.py:190} INFO - [2024-09-30T14:37:13.143+0000] {dagbag.py:588} INFO - Filling up the DagBag from /home/airflow/.local/lib/python3.12/site-packages/airflow/example_dags/example_latest_only.py
[2024-09-30T14:37:13.148+0000] {processor.py:925} INFO - DAG(s) 'latest_only' retrieved from /home/airflow/.local/lib/python3.12/site-packages/airflow/example_dags/example_latest_only.py
[2024-09-30T14:37:13.162+0000] {logging_mixin.py:190} INFO - [2024-09-30T14:37:13.162+0000] {dag.py:3239} INFO - Sync 1 DAGs
[2024-09-30T14:37:13.181+0000] {logging_mixin.py:190} INFO - [2024-09-30T14:37:13.180+0000] {dag.py:4180} INFO - Setting next_dagrun for latest_only to 2024-09-30 08:00:00+00:00, run_after=2024-09-30 12:00:00+00:00
[2024-09-30T14:37:13.193+0000] {processor.py:208} INFO - Processing /home/airflow/.local/lib/python3.12/site-packages/airflow/example_dags/example_latest_only.py took 0.056 seconds
[2024-09-30T14:37:44.107+0000] {processor.py:186} INFO - Started process (PID=218) to work on /home/airflow/.local/lib/python3.12/site-packages/airflow/example_dags/example_latest_only.py
[2024-09-30T14:37:44.108+0000] {processor.py:914} INFO - Processing file /home/airflow/.local/lib/python3.12/site-packages/airflow/example_dags/example_latest_only.py for tasks to queue
[2024-09-30T14:37:44.109+0000] {logging_mixin.py:190} INFO - [2024-09-30T14:37:44.109+0000] {dagbag.py:588} INFO - Filling up the DagBag from /home/airflow/.local/lib/python3.12/site-packages/airflow/example_dags/example_latest_only.py
[2024-09-30T14:37:44.114+0000] {processor.py:925} INFO - DAG(s) 'latest_only' retrieved from /home/airflow/.local/lib/python3.12/site-packages/airflow/example_dags/example_latest_only.py
[2024-09-30T14:37:44.129+0000] {logging_mixin.py:190} INFO - [2024-09-30T14:37:44.128+0000] {dag.py:3239} INFO - Sync 1 DAGs
[2024-09-30T14:37:44.148+0000] {logging_mixin.py:190} INFO - [2024-09-30T14:37:44.148+0000] {dag.py:4180} INFO - Setting next_dagrun for latest_only to 2024-09-30 08:00:00+00:00, run_after=2024-09-30 12:00:00+00:00
[2024-09-30T14:37:44.161+0000] {processor.py:208} INFO - Processing /home/airflow/.local/lib/python3.12/site-packages/airflow/example_dags/example_latest_only.py took 0.058 seconds
[2024-09-30T14:38:14.868+0000] {processor.py:186} INFO - Started process (PID=281) to work on /home/airflow/.local/lib/python3.12/site-packages/airflow/example_dags/example_latest_only.py
[2024-09-30T14:38:14.869+0000] {processor.py:914} INFO - Processing file /home/airflow/.local/lib/python3.12/site-packages/airflow/example_dags/example_latest_only.py for tasks to queue
[2024-09-30T14:38:14.870+0000] {logging_mixin.py:190} INFO - [2024-09-30T14:38:14.870+0000] {dagbag.py:588} INFO - Filling up the DagBag from /home/airflow/.local/lib/python3.12/site-packages/airflow/example_dags/example_latest_only.py
[2024-09-30T14:38:14.874+0000] {processor.py:925} INFO - DAG(s) 'latest_only' retrieved from /home/airflow/.local/lib/python3.12/site-packages/airflow/example_dags/example_latest_only.py
[2024-09-30T14:38:14.887+0000] {logging_mixin.py:190} INFO - [2024-09-30T14:38:14.887+0000] {dag.py:3239} INFO - Sync 1 DAGs
[2024-09-30T14:38:14.902+0000] {logging_mixin.py:190} INFO - [2024-09-30T14:38:14.902+0000] {dag.py:4180} INFO - Setting next_dagrun for latest_only to 2024-09-30 08:00:00+00:00, run_after=2024-09-30 12:00:00+00:00
[2024-09-30T14:38:14.915+0000] {processor.py:208} INFO - Processing /home/airflow/.local/lib/python3.12/site-packages/airflow/example_dags/example_latest_only.py took 0.051 seconds
[2024-09-30T14:38:45.555+0000] {processor.py:186} INFO - Started process (PID=344) to work on /home/airflow/.local/lib/python3.12/site-packages/airflow/example_dags/example_latest_only.py
[2024-09-30T14:38:45.556+0000] {processor.py:914} INFO - Processing file /home/airflow/.local/lib/python3.12/site-packages/airflow/example_dags/example_latest_only.py for tasks to queue
[2024-09-30T14:38:45.557+0000] {logging_mixin.py:190} INFO - [2024-09-30T14:38:45.557+0000] {dagbag.py:588} INFO - Filling up the DagBag from /home/airflow/.local/lib/python3.12/site-packages/airflow/example_dags/example_latest_only.py
[2024-09-30T14:38:45.562+0000] {processor.py:925} INFO - DAG(s) 'latest_only' retrieved from /home/airflow/.local/lib/python3.12/site-packages/airflow/example_dags/example_latest_only.py
[2024-09-30T14:38:45.576+0000] {logging_mixin.py:190} INFO - [2024-09-30T14:38:45.575+0000] {dag.py:3239} INFO - Sync 1 DAGs
[2024-09-30T14:38:45.592+0000] {logging_mixin.py:190} INFO - [2024-09-30T14:38:45.592+0000] {dag.py:4180} INFO - Setting next_dagrun for latest_only to 2024-09-30 08:00:00+00:00, run_after=2024-09-30 12:00:00+00:00
[2024-09-30T14:38:45.604+0000] {processor.py:208} INFO - Processing /home/airflow/.local/lib/python3.12/site-packages/airflow/example_dags/example_latest_only.py took 0.052 seconds
[2024-09-30T14:39:16.273+0000] {processor.py:186} INFO - Started process (PID=407) to work on /home/airflow/.local/lib/python3.12/site-packages/airflow/example_dags/example_latest_only.py
[2024-09-30T14:39:16.273+0000] {processor.py:914} INFO - Processing file /home/airflow/.local/lib/python3.12/site-packages/airflow/example_dags/example_latest_only.py for tasks to queue
[2024-09-30T14:39:16.275+0000] {logging_mixin.py:190} INFO - [2024-09-30T14:39:16.275+0000] {dagbag.py:588} INFO - Filling up the DagBag from /home/airflow/.local/lib/python3.12/site-packages/airflow/example_dags/example_latest_only.py
[2024-09-30T14:39:16.281+0000] {processor.py:925} INFO - DAG(s) 'latest_only' retrieved from /home/airflow/.local/lib/python3.12/site-packages/airflow/example_dags/example_latest_only.py
[2024-09-30T14:39:16.300+0000] {logging_mixin.py:190} INFO - [2024-09-30T14:39:16.300+0000] {dag.py:3239} INFO - Sync 1 DAGs
[2024-09-30T14:39:16.322+0000] {logging_mixin.py:190} INFO - [2024-09-30T14:39:16.322+0000] {dag.py:4180} INFO - Setting next_dagrun for latest_only to 2024-09-30 08:00:00+00:00, run_after=2024-09-30 12:00:00+00:00
[2024-09-30T14:39:16.344+0000] {processor.py:208} INFO - Processing /home/airflow/.local/lib/python3.12/site-packages/airflow/example_dags/example_latest_only.py took 0.075 seconds
[2024-09-30T14:39:43.163+0000] {processor.py:186} INFO - Started process (PID=92) to work on /home/airflow/.local/lib/python3.12/site-packages/airflow/example_dags/example_latest_only.py
[2024-09-30T14:39:43.164+0000] {processor.py:914} INFO - Processing file /home/airflow/.local/lib/python3.12/site-packages/airflow/example_dags/example_latest_only.py for tasks to queue
[2024-09-30T14:39:43.165+0000] {logging_mixin.py:190} INFO - [2024-09-30T14:39:43.165+0000] {dagbag.py:588} INFO - Filling up the DagBag from /home/airflow/.local/lib/python3.12/site-packages/airflow/example_dags/example_latest_only.py
[2024-09-30T14:39:43.173+0000] {processor.py:925} INFO - DAG(s) 'latest_only' retrieved from /home/airflow/.local/lib/python3.12/site-packages/airflow/example_dags/example_latest_only.py
[2024-09-30T14:39:43.188+0000] {logging_mixin.py:190} INFO - [2024-09-30T14:39:43.187+0000] {dag.py:3239} INFO - Sync 1 DAGs
[2024-09-30T14:39:43.206+0000] {logging_mixin.py:190} INFO - [2024-09-30T14:39:43.205+0000] {dag.py:4180} INFO - Setting next_dagrun for latest_only to 2024-09-30 08:00:00+00:00, run_after=2024-09-30 12:00:00+00:00
[2024-09-30T14:39:43.218+0000] {processor.py:208} INFO - Processing /home/airflow/.local/lib/python3.12/site-packages/airflow/example_dags/example_latest_only.py took 0.059 seconds
[2024-09-30T14:40:14.059+0000] {processor.py:186} INFO - Started process (PID=155) to work on /home/airflow/.local/lib/python3.12/site-packages/airflow/example_dags/example_latest_only.py
[2024-09-30T14:40:14.060+0000] {processor.py:914} INFO - Processing file /home/airflow/.local/lib/python3.12/site-packages/airflow/example_dags/example_latest_only.py for tasks to queue
[2024-09-30T14:40:14.061+0000] {logging_mixin.py:190} INFO - [2024-09-30T14:40:14.061+0000] {dagbag.py:588} INFO - Filling up the DagBag from /home/airflow/.local/lib/python3.12/site-packages/airflow/example_dags/example_latest_only.py
[2024-09-30T14:40:14.066+0000] {processor.py:925} INFO - DAG(s) 'latest_only' retrieved from /home/airflow/.local/lib/python3.12/site-packages/airflow/example_dags/example_latest_only.py
[2024-09-30T14:40:14.079+0000] {logging_mixin.py:190} INFO - [2024-09-30T14:40:14.079+0000] {dag.py:3239} INFO - Sync 1 DAGs
[2024-09-30T14:40:14.096+0000] {logging_mixin.py:190} INFO - [2024-09-30T14:40:14.096+0000] {dag.py:4180} INFO - Setting next_dagrun for latest_only to 2024-09-30 08:00:00+00:00, run_after=2024-09-30 12:00:00+00:00
[2024-09-30T14:40:14.110+0000] {processor.py:208} INFO - Processing /home/airflow/.local/lib/python3.12/site-packages/airflow/example_dags/example_latest_only.py took 0.054 seconds
[2024-09-30T14:40:44.780+0000] {processor.py:186} INFO - Started process (PID=218) to work on /home/airflow/.local/lib/python3.12/site-packages/airflow/example_dags/example_latest_only.py
[2024-09-30T14:40:44.780+0000] {processor.py:914} INFO - Processing file /home/airflow/.local/lib/python3.12/site-packages/airflow/example_dags/example_latest_only.py for tasks to queue
[2024-09-30T14:40:44.782+0000] {logging_mixin.py:190} INFO - [2024-09-30T14:40:44.782+0000] {dagbag.py:588} INFO - Filling up the DagBag from /home/airflow/.local/lib/python3.12/site-packages/airflow/example_dags/example_latest_only.py
[2024-09-30T14:40:44.787+0000] {processor.py:925} INFO - DAG(s) 'latest_only' retrieved from /home/airflow/.local/lib/python3.12/site-packages/airflow/example_dags/example_latest_only.py
[2024-09-30T14:40:44.810+0000] {logging_mixin.py:190} INFO - [2024-09-30T14:40:44.809+0000] {dag.py:3239} INFO - Sync 1 DAGs
[2024-09-30T14:40:44.833+0000] {logging_mixin.py:190} INFO - [2024-09-30T14:40:44.833+0000] {dag.py:4180} INFO - Setting next_dagrun for latest_only to 2024-09-30 08:00:00+00:00, run_after=2024-09-30 12:00:00+00:00
[2024-09-30T14:40:44.850+0000] {processor.py:208} INFO - Processing /home/airflow/.local/lib/python3.12/site-packages/airflow/example_dags/example_latest_only.py took 0.074 seconds
[2024-09-30T14:41:15.648+0000] {processor.py:186} INFO - Started process (PID=281) to work on /home/airflow/.local/lib/python3.12/site-packages/airflow/example_dags/example_latest_only.py
[2024-09-30T14:41:15.649+0000] {processor.py:914} INFO - Processing file /home/airflow/.local/lib/python3.12/site-packages/airflow/example_dags/example_latest_only.py for tasks to queue
[2024-09-30T14:41:15.651+0000] {logging_mixin.py:190} INFO - [2024-09-30T14:41:15.651+0000] {dagbag.py:588} INFO - Filling up the DagBag from /home/airflow/.local/lib/python3.12/site-packages/airflow/example_dags/example_latest_only.py
[2024-09-30T14:41:15.656+0000] {processor.py:925} INFO - DAG(s) 'latest_only' retrieved from /home/airflow/.local/lib/python3.12/site-packages/airflow/example_dags/example_latest_only.py
[2024-09-30T14:41:15.670+0000] {logging_mixin.py:190} INFO - [2024-09-30T14:41:15.670+0000] {dag.py:3239} INFO - Sync 1 DAGs
[2024-09-30T14:41:15.687+0000] {logging_mixin.py:190} INFO - [2024-09-30T14:41:15.687+0000] {dag.py:4180} INFO - Setting next_dagrun for latest_only to 2024-09-30 08:00:00+00:00, run_after=2024-09-30 12:00:00+00:00
[2024-09-30T14:41:15.700+0000] {processor.py:208} INFO - Processing /home/airflow/.local/lib/python3.12/site-packages/airflow/example_dags/example_latest_only.py took 0.055 seconds
