[2024-09-30T14:12:29.341+0000] {processor.py:186} INFO - Started process (PID=76) to work on /home/airflow/.local/lib/python3.12/site-packages/airflow/example_dags/example_bash_operator.py
[2024-09-30T14:12:29.342+0000] {processor.py:914} INFO - Processing file /home/airflow/.local/lib/python3.12/site-packages/airflow/example_dags/example_bash_operator.py for tasks to queue
[2024-09-30T14:12:29.344+0000] {logging_mixin.py:190} INFO - [2024-09-30T14:12:29.344+0000] {dagbag.py:588} INFO - Filling up the DagBag from /home/airflow/.local/lib/python3.12/site-packages/airflow/example_dags/example_bash_operator.py
[2024-09-30T14:12:29.354+0000] {processor.py:925} INFO - DAG(s) 'example_bash_operator' retrieved from /home/airflow/.local/lib/python3.12/site-packages/airflow/example_dags/example_bash_operator.py
[2024-09-30T14:12:29.377+0000] {logging_mixin.py:190} INFO - [2024-09-30T14:12:29.377+0000] {dag.py:3239} INFO - Sync 1 DAGs
[2024-09-30T14:12:29.399+0000] {logging_mixin.py:190} INFO - [2024-09-30T14:12:29.399+0000] {dag.py:4180} INFO - Setting next_dagrun for example_bash_operator to 2024-09-29 00:00:00+00:00, run_after=2024-09-30 00:00:00+00:00
[2024-09-30T14:12:29.415+0000] {processor.py:208} INFO - Processing /home/airflow/.local/lib/python3.12/site-packages/airflow/example_dags/example_bash_operator.py took 0.077 seconds
[2024-09-30T14:12:59.498+0000] {processor.py:186} INFO - Started process (PID=139) to work on /home/airflow/.local/lib/python3.12/site-packages/airflow/example_dags/example_bash_operator.py
[2024-09-30T14:12:59.499+0000] {processor.py:914} INFO - Processing file /home/airflow/.local/lib/python3.12/site-packages/airflow/example_dags/example_bash_operator.py for tasks to queue
[2024-09-30T14:12:59.502+0000] {logging_mixin.py:190} INFO - [2024-09-30T14:12:59.502+0000] {dagbag.py:588} INFO - Filling up the DagBag from /home/airflow/.local/lib/python3.12/site-packages/airflow/example_dags/example_bash_operator.py
[2024-09-30T14:12:59.512+0000] {processor.py:925} INFO - DAG(s) 'example_bash_operator' retrieved from /home/airflow/.local/lib/python3.12/site-packages/airflow/example_dags/example_bash_operator.py
[2024-09-30T14:12:59.530+0000] {logging_mixin.py:190} INFO - [2024-09-30T14:12:59.530+0000] {dag.py:3239} INFO - Sync 1 DAGs
[2024-09-30T14:12:59.548+0000] {logging_mixin.py:190} INFO - [2024-09-30T14:12:59.548+0000] {dag.py:4180} INFO - Setting next_dagrun for example_bash_operator to 2024-09-29 00:00:00+00:00, run_after=2024-09-30 00:00:00+00:00
[2024-09-30T14:12:59.563+0000] {processor.py:208} INFO - Processing /home/airflow/.local/lib/python3.12/site-packages/airflow/example_dags/example_bash_operator.py took 0.070 seconds
[2024-09-30T14:13:30.261+0000] {processor.py:186} INFO - Started process (PID=208) to work on /home/airflow/.local/lib/python3.12/site-packages/airflow/example_dags/example_bash_operator.py
[2024-09-30T14:13:30.262+0000] {processor.py:914} INFO - Processing file /home/airflow/.local/lib/python3.12/site-packages/airflow/example_dags/example_bash_operator.py for tasks to queue
[2024-09-30T14:13:30.263+0000] {logging_mixin.py:190} INFO - [2024-09-30T14:13:30.263+0000] {dagbag.py:588} INFO - Filling up the DagBag from /home/airflow/.local/lib/python3.12/site-packages/airflow/example_dags/example_bash_operator.py
[2024-09-30T14:13:30.272+0000] {processor.py:925} INFO - DAG(s) 'example_bash_operator' retrieved from /home/airflow/.local/lib/python3.12/site-packages/airflow/example_dags/example_bash_operator.py
[2024-09-30T14:13:30.296+0000] {logging_mixin.py:190} INFO - [2024-09-30T14:13:30.296+0000] {dag.py:3239} INFO - Sync 1 DAGs
[2024-09-30T14:13:30.315+0000] {logging_mixin.py:190} INFO - [2024-09-30T14:13:30.314+0000] {dag.py:4180} INFO - Setting next_dagrun for example_bash_operator to 2024-09-29 00:00:00+00:00, run_after=2024-09-30 00:00:00+00:00
[2024-09-30T14:13:30.329+0000] {processor.py:208} INFO - Processing /home/airflow/.local/lib/python3.12/site-packages/airflow/example_dags/example_bash_operator.py took 0.072 seconds
[2024-09-30T14:14:02.035+0000] {processor.py:186} INFO - Started process (PID=271) to work on /home/airflow/.local/lib/python3.12/site-packages/airflow/example_dags/example_bash_operator.py
[2024-09-30T14:14:02.036+0000] {processor.py:914} INFO - Processing file /home/airflow/.local/lib/python3.12/site-packages/airflow/example_dags/example_bash_operator.py for tasks to queue
[2024-09-30T14:14:02.037+0000] {logging_mixin.py:190} INFO - [2024-09-30T14:14:02.037+0000] {dagbag.py:588} INFO - Filling up the DagBag from /home/airflow/.local/lib/python3.12/site-packages/airflow/example_dags/example_bash_operator.py
[2024-09-30T14:14:02.045+0000] {processor.py:925} INFO - DAG(s) 'example_bash_operator' retrieved from /home/airflow/.local/lib/python3.12/site-packages/airflow/example_dags/example_bash_operator.py
[2024-09-30T14:14:02.063+0000] {logging_mixin.py:190} INFO - [2024-09-30T14:14:02.063+0000] {dag.py:3239} INFO - Sync 1 DAGs
[2024-09-30T14:14:02.079+0000] {logging_mixin.py:190} INFO - [2024-09-30T14:14:02.079+0000] {dag.py:4180} INFO - Setting next_dagrun for example_bash_operator to 2024-09-29 00:00:00+00:00, run_after=2024-09-30 00:00:00+00:00
[2024-09-30T14:14:02.091+0000] {processor.py:208} INFO - Processing /home/airflow/.local/lib/python3.12/site-packages/airflow/example_dags/example_bash_operator.py took 0.060 seconds
[2024-09-30T14:14:32.852+0000] {processor.py:186} INFO - Started process (PID=334) to work on /home/airflow/.local/lib/python3.12/site-packages/airflow/example_dags/example_bash_operator.py
[2024-09-30T14:14:32.853+0000] {processor.py:914} INFO - Processing file /home/airflow/.local/lib/python3.12/site-packages/airflow/example_dags/example_bash_operator.py for tasks to queue
[2024-09-30T14:14:32.855+0000] {logging_mixin.py:190} INFO - [2024-09-30T14:14:32.854+0000] {dagbag.py:588} INFO - Filling up the DagBag from /home/airflow/.local/lib/python3.12/site-packages/airflow/example_dags/example_bash_operator.py
[2024-09-30T14:14:32.863+0000] {processor.py:925} INFO - DAG(s) 'example_bash_operator' retrieved from /home/airflow/.local/lib/python3.12/site-packages/airflow/example_dags/example_bash_operator.py
[2024-09-30T14:14:32.882+0000] {logging_mixin.py:190} INFO - [2024-09-30T14:14:32.882+0000] {dag.py:3239} INFO - Sync 1 DAGs
[2024-09-30T14:14:32.898+0000] {logging_mixin.py:190} INFO - [2024-09-30T14:14:32.898+0000] {dag.py:4180} INFO - Setting next_dagrun for example_bash_operator to 2024-09-29 00:00:00+00:00, run_after=2024-09-30 00:00:00+00:00
[2024-09-30T14:14:32.910+0000] {processor.py:208} INFO - Processing /home/airflow/.local/lib/python3.12/site-packages/airflow/example_dags/example_bash_operator.py took 0.061 seconds
[2024-09-30T14:15:03.133+0000] {processor.py:186} INFO - Started process (PID=397) to work on /home/airflow/.local/lib/python3.12/site-packages/airflow/example_dags/example_bash_operator.py
[2024-09-30T14:15:03.133+0000] {processor.py:914} INFO - Processing file /home/airflow/.local/lib/python3.12/site-packages/airflow/example_dags/example_bash_operator.py for tasks to queue
[2024-09-30T14:15:03.135+0000] {logging_mixin.py:190} INFO - [2024-09-30T14:15:03.135+0000] {dagbag.py:588} INFO - Filling up the DagBag from /home/airflow/.local/lib/python3.12/site-packages/airflow/example_dags/example_bash_operator.py
[2024-09-30T14:15:03.145+0000] {processor.py:925} INFO - DAG(s) 'example_bash_operator' retrieved from /home/airflow/.local/lib/python3.12/site-packages/airflow/example_dags/example_bash_operator.py
[2024-09-30T14:15:03.163+0000] {logging_mixin.py:190} INFO - [2024-09-30T14:15:03.163+0000] {dag.py:3239} INFO - Sync 1 DAGs
[2024-09-30T14:15:03.181+0000] {logging_mixin.py:190} INFO - [2024-09-30T14:15:03.181+0000] {dag.py:4180} INFO - Setting next_dagrun for example_bash_operator to 2024-09-29 00:00:00+00:00, run_after=2024-09-30 00:00:00+00:00
[2024-09-30T14:15:03.195+0000] {processor.py:208} INFO - Processing /home/airflow/.local/lib/python3.12/site-packages/airflow/example_dags/example_bash_operator.py took 0.066 seconds
[2024-09-30T14:15:34.065+0000] {processor.py:186} INFO - Started process (PID=460) to work on /home/airflow/.local/lib/python3.12/site-packages/airflow/example_dags/example_bash_operator.py
[2024-09-30T14:15:34.066+0000] {processor.py:914} INFO - Processing file /home/airflow/.local/lib/python3.12/site-packages/airflow/example_dags/example_bash_operator.py for tasks to queue
[2024-09-30T14:15:34.068+0000] {logging_mixin.py:190} INFO - [2024-09-30T14:15:34.068+0000] {dagbag.py:588} INFO - Filling up the DagBag from /home/airflow/.local/lib/python3.12/site-packages/airflow/example_dags/example_bash_operator.py
[2024-09-30T14:15:34.076+0000] {processor.py:925} INFO - DAG(s) 'example_bash_operator' retrieved from /home/airflow/.local/lib/python3.12/site-packages/airflow/example_dags/example_bash_operator.py
[2024-09-30T14:15:34.093+0000] {logging_mixin.py:190} INFO - [2024-09-30T14:15:34.093+0000] {dag.py:3239} INFO - Sync 1 DAGs
[2024-09-30T14:15:34.109+0000] {logging_mixin.py:190} INFO - [2024-09-30T14:15:34.109+0000] {dag.py:4180} INFO - Setting next_dagrun for example_bash_operator to 2024-09-29 00:00:00+00:00, run_after=2024-09-30 00:00:00+00:00
[2024-09-30T14:15:34.121+0000] {processor.py:208} INFO - Processing /home/airflow/.local/lib/python3.12/site-packages/airflow/example_dags/example_bash_operator.py took 0.060 seconds
[2024-09-30T14:16:04.756+0000] {processor.py:186} INFO - Started process (PID=523) to work on /home/airflow/.local/lib/python3.12/site-packages/airflow/example_dags/example_bash_operator.py
[2024-09-30T14:16:04.757+0000] {processor.py:914} INFO - Processing file /home/airflow/.local/lib/python3.12/site-packages/airflow/example_dags/example_bash_operator.py for tasks to queue
[2024-09-30T14:16:04.758+0000] {logging_mixin.py:190} INFO - [2024-09-30T14:16:04.758+0000] {dagbag.py:588} INFO - Filling up the DagBag from /home/airflow/.local/lib/python3.12/site-packages/airflow/example_dags/example_bash_operator.py
[2024-09-30T14:16:04.767+0000] {processor.py:925} INFO - DAG(s) 'example_bash_operator' retrieved from /home/airflow/.local/lib/python3.12/site-packages/airflow/example_dags/example_bash_operator.py
[2024-09-30T14:16:04.784+0000] {logging_mixin.py:190} INFO - [2024-09-30T14:16:04.784+0000] {dag.py:3239} INFO - Sync 1 DAGs
[2024-09-30T14:16:04.800+0000] {logging_mixin.py:190} INFO - [2024-09-30T14:16:04.800+0000] {dag.py:4180} INFO - Setting next_dagrun for example_bash_operator to 2024-09-29 00:00:00+00:00, run_after=2024-09-30 00:00:00+00:00
[2024-09-30T14:16:04.812+0000] {processor.py:208} INFO - Processing /home/airflow/.local/lib/python3.12/site-packages/airflow/example_dags/example_bash_operator.py took 0.060 seconds
[2024-09-30T14:16:35.457+0000] {processor.py:186} INFO - Started process (PID=587) to work on /home/airflow/.local/lib/python3.12/site-packages/airflow/example_dags/example_bash_operator.py
[2024-09-30T14:16:35.458+0000] {processor.py:914} INFO - Processing file /home/airflow/.local/lib/python3.12/site-packages/airflow/example_dags/example_bash_operator.py for tasks to queue
[2024-09-30T14:16:35.459+0000] {logging_mixin.py:190} INFO - [2024-09-30T14:16:35.459+0000] {dagbag.py:588} INFO - Filling up the DagBag from /home/airflow/.local/lib/python3.12/site-packages/airflow/example_dags/example_bash_operator.py
[2024-09-30T14:16:35.468+0000] {processor.py:925} INFO - DAG(s) 'example_bash_operator' retrieved from /home/airflow/.local/lib/python3.12/site-packages/airflow/example_dags/example_bash_operator.py
[2024-09-30T14:16:35.485+0000] {logging_mixin.py:190} INFO - [2024-09-30T14:16:35.485+0000] {dag.py:3239} INFO - Sync 1 DAGs
[2024-09-30T14:16:35.501+0000] {logging_mixin.py:190} INFO - [2024-09-30T14:16:35.500+0000] {dag.py:4180} INFO - Setting next_dagrun for example_bash_operator to 2024-09-29 00:00:00+00:00, run_after=2024-09-30 00:00:00+00:00
[2024-09-30T14:16:35.513+0000] {processor.py:208} INFO - Processing /home/airflow/.local/lib/python3.12/site-packages/airflow/example_dags/example_bash_operator.py took 0.060 seconds
[2024-09-30T14:17:00.065+0000] {processor.py:186} INFO - Started process (PID=70) to work on /home/airflow/.local/lib/python3.12/site-packages/airflow/example_dags/example_bash_operator.py
[2024-09-30T14:17:00.065+0000] {processor.py:914} INFO - Processing file /home/airflow/.local/lib/python3.12/site-packages/airflow/example_dags/example_bash_operator.py for tasks to queue
[2024-09-30T14:17:00.067+0000] {logging_mixin.py:190} INFO - [2024-09-30T14:17:00.067+0000] {dagbag.py:588} INFO - Filling up the DagBag from /home/airflow/.local/lib/python3.12/site-packages/airflow/example_dags/example_bash_operator.py
[2024-09-30T14:17:00.075+0000] {processor.py:925} INFO - DAG(s) 'example_bash_operator' retrieved from /home/airflow/.local/lib/python3.12/site-packages/airflow/example_dags/example_bash_operator.py
[2024-09-30T14:17:00.095+0000] {logging_mixin.py:190} INFO - [2024-09-30T14:17:00.095+0000] {dag.py:3239} INFO - Sync 1 DAGs
[2024-09-30T14:17:00.116+0000] {logging_mixin.py:190} INFO - [2024-09-30T14:17:00.115+0000] {dag.py:4180} INFO - Setting next_dagrun for example_bash_operator to 2024-09-29 00:00:00+00:00, run_after=2024-09-30 00:00:00+00:00
[2024-09-30T14:17:00.130+0000] {processor.py:208} INFO - Processing /home/airflow/.local/lib/python3.12/site-packages/airflow/example_dags/example_bash_operator.py took 0.069 seconds
[2024-09-30T14:17:30.856+0000] {processor.py:186} INFO - Started process (PID=139) to work on /home/airflow/.local/lib/python3.12/site-packages/airflow/example_dags/example_bash_operator.py
[2024-09-30T14:17:30.856+0000] {processor.py:914} INFO - Processing file /home/airflow/.local/lib/python3.12/site-packages/airflow/example_dags/example_bash_operator.py for tasks to queue
[2024-09-30T14:17:30.858+0000] {logging_mixin.py:190} INFO - [2024-09-30T14:17:30.858+0000] {dagbag.py:588} INFO - Filling up the DagBag from /home/airflow/.local/lib/python3.12/site-packages/airflow/example_dags/example_bash_operator.py
[2024-09-30T14:17:30.867+0000] {processor.py:925} INFO - DAG(s) 'example_bash_operator' retrieved from /home/airflow/.local/lib/python3.12/site-packages/airflow/example_dags/example_bash_operator.py
[2024-09-30T14:17:30.884+0000] {logging_mixin.py:190} INFO - [2024-09-30T14:17:30.884+0000] {dag.py:3239} INFO - Sync 1 DAGs
[2024-09-30T14:17:30.899+0000] {logging_mixin.py:190} INFO - [2024-09-30T14:17:30.899+0000] {dag.py:4180} INFO - Setting next_dagrun for example_bash_operator to 2024-09-29 00:00:00+00:00, run_after=2024-09-30 00:00:00+00:00
[2024-09-30T14:17:30.913+0000] {processor.py:208} INFO - Processing /home/airflow/.local/lib/python3.12/site-packages/airflow/example_dags/example_bash_operator.py took 0.060 seconds
[2024-09-30T14:18:02.836+0000] {processor.py:186} INFO - Started process (PID=70) to work on /home/airflow/.local/lib/python3.12/site-packages/airflow/example_dags/example_bash_operator.py
[2024-09-30T14:18:02.837+0000] {processor.py:914} INFO - Processing file /home/airflow/.local/lib/python3.12/site-packages/airflow/example_dags/example_bash_operator.py for tasks to queue
[2024-09-30T14:18:02.839+0000] {logging_mixin.py:190} INFO - [2024-09-30T14:18:02.839+0000] {dagbag.py:588} INFO - Filling up the DagBag from /home/airflow/.local/lib/python3.12/site-packages/airflow/example_dags/example_bash_operator.py
[2024-09-30T14:18:02.849+0000] {processor.py:925} INFO - DAG(s) 'example_bash_operator' retrieved from /home/airflow/.local/lib/python3.12/site-packages/airflow/example_dags/example_bash_operator.py
[2024-09-30T14:18:02.873+0000] {logging_mixin.py:190} INFO - [2024-09-30T14:18:02.873+0000] {dag.py:3239} INFO - Sync 1 DAGs
[2024-09-30T14:18:02.899+0000] {logging_mixin.py:190} INFO - [2024-09-30T14:18:02.899+0000] {dag.py:4180} INFO - Setting next_dagrun for example_bash_operator to 2024-09-29 00:00:00+00:00, run_after=2024-09-30 00:00:00+00:00
[2024-09-30T14:18:02.921+0000] {processor.py:208} INFO - Processing /home/airflow/.local/lib/python3.12/site-packages/airflow/example_dags/example_bash_operator.py took 0.090 seconds
[2024-09-30T14:18:33.677+0000] {processor.py:186} INFO - Started process (PID=139) to work on /home/airflow/.local/lib/python3.12/site-packages/airflow/example_dags/example_bash_operator.py
[2024-09-30T14:18:33.677+0000] {processor.py:914} INFO - Processing file /home/airflow/.local/lib/python3.12/site-packages/airflow/example_dags/example_bash_operator.py for tasks to queue
[2024-09-30T14:18:33.679+0000] {logging_mixin.py:190} INFO - [2024-09-30T14:18:33.679+0000] {dagbag.py:588} INFO - Filling up the DagBag from /home/airflow/.local/lib/python3.12/site-packages/airflow/example_dags/example_bash_operator.py
[2024-09-30T14:18:33.687+0000] {processor.py:925} INFO - DAG(s) 'example_bash_operator' retrieved from /home/airflow/.local/lib/python3.12/site-packages/airflow/example_dags/example_bash_operator.py
[2024-09-30T14:18:33.704+0000] {logging_mixin.py:190} INFO - [2024-09-30T14:18:33.704+0000] {dag.py:3239} INFO - Sync 1 DAGs
[2024-09-30T14:18:33.720+0000] {logging_mixin.py:190} INFO - [2024-09-30T14:18:33.720+0000] {dag.py:4180} INFO - Setting next_dagrun for example_bash_operator to 2024-09-29 00:00:00+00:00, run_after=2024-09-30 00:00:00+00:00
[2024-09-30T14:18:33.732+0000] {processor.py:208} INFO - Processing /home/airflow/.local/lib/python3.12/site-packages/airflow/example_dags/example_bash_operator.py took 0.059 seconds
[2024-09-30T14:19:04.213+0000] {processor.py:186} INFO - Started process (PID=202) to work on /home/airflow/.local/lib/python3.12/site-packages/airflow/example_dags/example_bash_operator.py
[2024-09-30T14:19:04.214+0000] {processor.py:914} INFO - Processing file /home/airflow/.local/lib/python3.12/site-packages/airflow/example_dags/example_bash_operator.py for tasks to queue
[2024-09-30T14:19:04.214+0000] {logging_mixin.py:190} INFO - [2024-09-30T14:19:04.214+0000] {dagbag.py:588} INFO - Filling up the DagBag from /home/airflow/.local/lib/python3.12/site-packages/airflow/example_dags/example_bash_operator.py
[2024-09-30T14:19:04.222+0000] {processor.py:925} INFO - DAG(s) 'example_bash_operator' retrieved from /home/airflow/.local/lib/python3.12/site-packages/airflow/example_dags/example_bash_operator.py
[2024-09-30T14:19:04.239+0000] {logging_mixin.py:190} INFO - [2024-09-30T14:19:04.239+0000] {dag.py:3239} INFO - Sync 1 DAGs
[2024-09-30T14:19:04.255+0000] {logging_mixin.py:190} INFO - [2024-09-30T14:19:04.255+0000] {dag.py:4180} INFO - Setting next_dagrun for example_bash_operator to 2024-09-29 00:00:00+00:00, run_after=2024-09-30 00:00:00+00:00
[2024-09-30T14:19:04.267+0000] {processor.py:208} INFO - Processing /home/airflow/.local/lib/python3.12/site-packages/airflow/example_dags/example_bash_operator.py took 0.057 seconds
[2024-09-30T14:19:47.258+0000] {processor.py:186} INFO - Started process (PID=70) to work on /home/airflow/.local/lib/python3.12/site-packages/airflow/example_dags/example_bash_operator.py
[2024-09-30T14:19:47.259+0000] {processor.py:914} INFO - Processing file /home/airflow/.local/lib/python3.12/site-packages/airflow/example_dags/example_bash_operator.py for tasks to queue
[2024-09-30T14:19:47.260+0000] {logging_mixin.py:190} INFO - [2024-09-30T14:19:47.260+0000] {dagbag.py:588} INFO - Filling up the DagBag from /home/airflow/.local/lib/python3.12/site-packages/airflow/example_dags/example_bash_operator.py
[2024-09-30T14:19:47.269+0000] {processor.py:925} INFO - DAG(s) 'example_bash_operator' retrieved from /home/airflow/.local/lib/python3.12/site-packages/airflow/example_dags/example_bash_operator.py
[2024-09-30T14:19:47.289+0000] {logging_mixin.py:190} INFO - [2024-09-30T14:19:47.289+0000] {dag.py:3239} INFO - Sync 1 DAGs
[2024-09-30T14:19:47.313+0000] {logging_mixin.py:190} INFO - [2024-09-30T14:19:47.312+0000] {dag.py:4180} INFO - Setting next_dagrun for example_bash_operator to 2024-09-29 00:00:00+00:00, run_after=2024-09-30 00:00:00+00:00
[2024-09-30T14:19:47.329+0000] {processor.py:208} INFO - Processing /home/airflow/.local/lib/python3.12/site-packages/airflow/example_dags/example_bash_operator.py took 0.074 seconds
[2024-09-30T14:20:18.237+0000] {processor.py:186} INFO - Started process (PID=139) to work on /home/airflow/.local/lib/python3.12/site-packages/airflow/example_dags/example_bash_operator.py
[2024-09-30T14:20:18.237+0000] {processor.py:914} INFO - Processing file /home/airflow/.local/lib/python3.12/site-packages/airflow/example_dags/example_bash_operator.py for tasks to queue
[2024-09-30T14:20:18.239+0000] {logging_mixin.py:190} INFO - [2024-09-30T14:20:18.239+0000] {dagbag.py:588} INFO - Filling up the DagBag from /home/airflow/.local/lib/python3.12/site-packages/airflow/example_dags/example_bash_operator.py
[2024-09-30T14:20:18.248+0000] {processor.py:925} INFO - DAG(s) 'example_bash_operator' retrieved from /home/airflow/.local/lib/python3.12/site-packages/airflow/example_dags/example_bash_operator.py
[2024-09-30T14:20:18.267+0000] {logging_mixin.py:190} INFO - [2024-09-30T14:20:18.267+0000] {dag.py:3239} INFO - Sync 1 DAGs
[2024-09-30T14:20:18.283+0000] {logging_mixin.py:190} INFO - [2024-09-30T14:20:18.283+0000] {dag.py:4180} INFO - Setting next_dagrun for example_bash_operator to 2024-09-29 00:00:00+00:00, run_after=2024-09-30 00:00:00+00:00
[2024-09-30T14:20:18.299+0000] {processor.py:208} INFO - Processing /home/airflow/.local/lib/python3.12/site-packages/airflow/example_dags/example_bash_operator.py took 0.066 seconds
[2024-09-30T14:20:49.067+0000] {processor.py:186} INFO - Started process (PID=202) to work on /home/airflow/.local/lib/python3.12/site-packages/airflow/example_dags/example_bash_operator.py
[2024-09-30T14:20:49.068+0000] {processor.py:914} INFO - Processing file /home/airflow/.local/lib/python3.12/site-packages/airflow/example_dags/example_bash_operator.py for tasks to queue
[2024-09-30T14:20:49.070+0000] {logging_mixin.py:190} INFO - [2024-09-30T14:20:49.070+0000] {dagbag.py:588} INFO - Filling up the DagBag from /home/airflow/.local/lib/python3.12/site-packages/airflow/example_dags/example_bash_operator.py
[2024-09-30T14:20:49.083+0000] {processor.py:925} INFO - DAG(s) 'example_bash_operator' retrieved from /home/airflow/.local/lib/python3.12/site-packages/airflow/example_dags/example_bash_operator.py
[2024-09-30T14:20:49.114+0000] {logging_mixin.py:190} INFO - [2024-09-30T14:20:49.113+0000] {dag.py:3239} INFO - Sync 1 DAGs
[2024-09-30T14:20:49.138+0000] {logging_mixin.py:190} INFO - [2024-09-30T14:20:49.137+0000] {dag.py:4180} INFO - Setting next_dagrun for example_bash_operator to 2024-09-29 00:00:00+00:00, run_after=2024-09-30 00:00:00+00:00
[2024-09-30T14:20:49.154+0000] {processor.py:208} INFO - Processing /home/airflow/.local/lib/python3.12/site-packages/airflow/example_dags/example_bash_operator.py took 0.092 seconds
[2024-09-30T14:21:20.067+0000] {processor.py:186} INFO - Started process (PID=265) to work on /home/airflow/.local/lib/python3.12/site-packages/airflow/example_dags/example_bash_operator.py
[2024-09-30T14:21:20.068+0000] {processor.py:914} INFO - Processing file /home/airflow/.local/lib/python3.12/site-packages/airflow/example_dags/example_bash_operator.py for tasks to queue
[2024-09-30T14:21:20.070+0000] {logging_mixin.py:190} INFO - [2024-09-30T14:21:20.070+0000] {dagbag.py:588} INFO - Filling up the DagBag from /home/airflow/.local/lib/python3.12/site-packages/airflow/example_dags/example_bash_operator.py
[2024-09-30T14:21:20.080+0000] {processor.py:925} INFO - DAG(s) 'example_bash_operator' retrieved from /home/airflow/.local/lib/python3.12/site-packages/airflow/example_dags/example_bash_operator.py
[2024-09-30T14:21:20.101+0000] {logging_mixin.py:190} INFO - [2024-09-30T14:21:20.101+0000] {dag.py:3239} INFO - Sync 1 DAGs
[2024-09-30T14:21:20.120+0000] {logging_mixin.py:190} INFO - [2024-09-30T14:21:20.120+0000] {dag.py:4180} INFO - Setting next_dagrun for example_bash_operator to 2024-09-29 00:00:00+00:00, run_after=2024-09-30 00:00:00+00:00
[2024-09-30T14:21:20.134+0000] {processor.py:208} INFO - Processing /home/airflow/.local/lib/python3.12/site-packages/airflow/example_dags/example_bash_operator.py took 0.072 seconds
[2024-09-30T14:21:50.169+0000] {processor.py:186} INFO - Started process (PID=328) to work on /home/airflow/.local/lib/python3.12/site-packages/airflow/example_dags/example_bash_operator.py
[2024-09-30T14:21:50.170+0000] {processor.py:914} INFO - Processing file /home/airflow/.local/lib/python3.12/site-packages/airflow/example_dags/example_bash_operator.py for tasks to queue
[2024-09-30T14:21:50.172+0000] {logging_mixin.py:190} INFO - [2024-09-30T14:21:50.171+0000] {dagbag.py:588} INFO - Filling up the DagBag from /home/airflow/.local/lib/python3.12/site-packages/airflow/example_dags/example_bash_operator.py
[2024-09-30T14:21:50.180+0000] {processor.py:925} INFO - DAG(s) 'example_bash_operator' retrieved from /home/airflow/.local/lib/python3.12/site-packages/airflow/example_dags/example_bash_operator.py
[2024-09-30T14:21:50.197+0000] {logging_mixin.py:190} INFO - [2024-09-30T14:21:50.197+0000] {dag.py:3239} INFO - Sync 1 DAGs
[2024-09-30T14:21:50.213+0000] {logging_mixin.py:190} INFO - [2024-09-30T14:21:50.212+0000] {dag.py:4180} INFO - Setting next_dagrun for example_bash_operator to 2024-09-29 00:00:00+00:00, run_after=2024-09-30 00:00:00+00:00
[2024-09-30T14:21:50.225+0000] {processor.py:208} INFO - Processing /home/airflow/.local/lib/python3.12/site-packages/airflow/example_dags/example_bash_operator.py took 0.059 seconds
[2024-09-30T14:22:21.077+0000] {processor.py:186} INFO - Started process (PID=391) to work on /home/airflow/.local/lib/python3.12/site-packages/airflow/example_dags/example_bash_operator.py
[2024-09-30T14:22:21.078+0000] {processor.py:914} INFO - Processing file /home/airflow/.local/lib/python3.12/site-packages/airflow/example_dags/example_bash_operator.py for tasks to queue
[2024-09-30T14:22:21.080+0000] {logging_mixin.py:190} INFO - [2024-09-30T14:22:21.080+0000] {dagbag.py:588} INFO - Filling up the DagBag from /home/airflow/.local/lib/python3.12/site-packages/airflow/example_dags/example_bash_operator.py
[2024-09-30T14:22:21.089+0000] {processor.py:925} INFO - DAG(s) 'example_bash_operator' retrieved from /home/airflow/.local/lib/python3.12/site-packages/airflow/example_dags/example_bash_operator.py
[2024-09-30T14:22:21.109+0000] {logging_mixin.py:190} INFO - [2024-09-30T14:22:21.108+0000] {dag.py:3239} INFO - Sync 1 DAGs
[2024-09-30T14:22:21.127+0000] {logging_mixin.py:190} INFO - [2024-09-30T14:22:21.127+0000] {dag.py:4180} INFO - Setting next_dagrun for example_bash_operator to 2024-09-29 00:00:00+00:00, run_after=2024-09-30 00:00:00+00:00
[2024-09-30T14:22:21.139+0000] {processor.py:208} INFO - Processing /home/airflow/.local/lib/python3.12/site-packages/airflow/example_dags/example_bash_operator.py took 0.066 seconds
[2024-09-30T14:22:51.810+0000] {processor.py:186} INFO - Started process (PID=454) to work on /home/airflow/.local/lib/python3.12/site-packages/airflow/example_dags/example_bash_operator.py
[2024-09-30T14:22:51.811+0000] {processor.py:914} INFO - Processing file /home/airflow/.local/lib/python3.12/site-packages/airflow/example_dags/example_bash_operator.py for tasks to queue
[2024-09-30T14:22:51.812+0000] {logging_mixin.py:190} INFO - [2024-09-30T14:22:51.812+0000] {dagbag.py:588} INFO - Filling up the DagBag from /home/airflow/.local/lib/python3.12/site-packages/airflow/example_dags/example_bash_operator.py
[2024-09-30T14:22:51.821+0000] {processor.py:925} INFO - DAG(s) 'example_bash_operator' retrieved from /home/airflow/.local/lib/python3.12/site-packages/airflow/example_dags/example_bash_operator.py
[2024-09-30T14:22:51.838+0000] {logging_mixin.py:190} INFO - [2024-09-30T14:22:51.838+0000] {dag.py:3239} INFO - Sync 1 DAGs
[2024-09-30T14:22:51.854+0000] {logging_mixin.py:190} INFO - [2024-09-30T14:22:51.854+0000] {dag.py:4180} INFO - Setting next_dagrun for example_bash_operator to 2024-09-29 00:00:00+00:00, run_after=2024-09-30 00:00:00+00:00
[2024-09-30T14:22:51.868+0000] {processor.py:208} INFO - Processing /home/airflow/.local/lib/python3.12/site-packages/airflow/example_dags/example_bash_operator.py took 0.061 seconds
[2024-09-30T14:23:22.402+0000] {processor.py:186} INFO - Started process (PID=517) to work on /home/airflow/.local/lib/python3.12/site-packages/airflow/example_dags/example_bash_operator.py
[2024-09-30T14:23:22.402+0000] {processor.py:914} INFO - Processing file /home/airflow/.local/lib/python3.12/site-packages/airflow/example_dags/example_bash_operator.py for tasks to queue
[2024-09-30T14:23:22.404+0000] {logging_mixin.py:190} INFO - [2024-09-30T14:23:22.404+0000] {dagbag.py:588} INFO - Filling up the DagBag from /home/airflow/.local/lib/python3.12/site-packages/airflow/example_dags/example_bash_operator.py
[2024-09-30T14:23:22.412+0000] {processor.py:925} INFO - DAG(s) 'example_bash_operator' retrieved from /home/airflow/.local/lib/python3.12/site-packages/airflow/example_dags/example_bash_operator.py
[2024-09-30T14:23:22.430+0000] {logging_mixin.py:190} INFO - [2024-09-30T14:23:22.430+0000] {dag.py:3239} INFO - Sync 1 DAGs
[2024-09-30T14:23:22.449+0000] {logging_mixin.py:190} INFO - [2024-09-30T14:23:22.449+0000] {dag.py:4180} INFO - Setting next_dagrun for example_bash_operator to 2024-09-29 00:00:00+00:00, run_after=2024-09-30 00:00:00+00:00
[2024-09-30T14:23:22.463+0000] {processor.py:208} INFO - Processing /home/airflow/.local/lib/python3.12/site-packages/airflow/example_dags/example_bash_operator.py took 0.065 seconds
[2024-09-30T14:23:53.301+0000] {processor.py:186} INFO - Started process (PID=580) to work on /home/airflow/.local/lib/python3.12/site-packages/airflow/example_dags/example_bash_operator.py
[2024-09-30T14:23:53.303+0000] {processor.py:914} INFO - Processing file /home/airflow/.local/lib/python3.12/site-packages/airflow/example_dags/example_bash_operator.py for tasks to queue
[2024-09-30T14:23:53.306+0000] {logging_mixin.py:190} INFO - [2024-09-30T14:23:53.306+0000] {dagbag.py:588} INFO - Filling up the DagBag from /home/airflow/.local/lib/python3.12/site-packages/airflow/example_dags/example_bash_operator.py
[2024-09-30T14:23:53.320+0000] {processor.py:925} INFO - DAG(s) 'example_bash_operator' retrieved from /home/airflow/.local/lib/python3.12/site-packages/airflow/example_dags/example_bash_operator.py
[2024-09-30T14:23:53.347+0000] {logging_mixin.py:190} INFO - [2024-09-30T14:23:53.346+0000] {dag.py:3239} INFO - Sync 1 DAGs
[2024-09-30T14:23:53.373+0000] {logging_mixin.py:190} INFO - [2024-09-30T14:23:53.373+0000] {dag.py:4180} INFO - Setting next_dagrun for example_bash_operator to 2024-09-29 00:00:00+00:00, run_after=2024-09-30 00:00:00+00:00
[2024-09-30T14:23:53.389+0000] {processor.py:208} INFO - Processing /home/airflow/.local/lib/python3.12/site-packages/airflow/example_dags/example_bash_operator.py took 0.094 seconds
[2024-09-30T14:24:24.014+0000] {processor.py:186} INFO - Started process (PID=643) to work on /home/airflow/.local/lib/python3.12/site-packages/airflow/example_dags/example_bash_operator.py
[2024-09-30T14:24:24.014+0000] {processor.py:914} INFO - Processing file /home/airflow/.local/lib/python3.12/site-packages/airflow/example_dags/example_bash_operator.py for tasks to queue
[2024-09-30T14:24:24.016+0000] {logging_mixin.py:190} INFO - [2024-09-30T14:24:24.016+0000] {dagbag.py:588} INFO - Filling up the DagBag from /home/airflow/.local/lib/python3.12/site-packages/airflow/example_dags/example_bash_operator.py
[2024-09-30T14:24:24.025+0000] {processor.py:925} INFO - DAG(s) 'example_bash_operator' retrieved from /home/airflow/.local/lib/python3.12/site-packages/airflow/example_dags/example_bash_operator.py
[2024-09-30T14:24:24.042+0000] {logging_mixin.py:190} INFO - [2024-09-30T14:24:24.042+0000] {dag.py:3239} INFO - Sync 1 DAGs
[2024-09-30T14:24:24.058+0000] {logging_mixin.py:190} INFO - [2024-09-30T14:24:24.057+0000] {dag.py:4180} INFO - Setting next_dagrun for example_bash_operator to 2024-09-29 00:00:00+00:00, run_after=2024-09-30 00:00:00+00:00
[2024-09-30T14:24:24.069+0000] {processor.py:208} INFO - Processing /home/airflow/.local/lib/python3.12/site-packages/airflow/example_dags/example_bash_operator.py took 0.059 seconds
[2024-09-30T14:24:54.585+0000] {processor.py:186} INFO - Started process (PID=706) to work on /home/airflow/.local/lib/python3.12/site-packages/airflow/example_dags/example_bash_operator.py
[2024-09-30T14:24:54.585+0000] {processor.py:914} INFO - Processing file /home/airflow/.local/lib/python3.12/site-packages/airflow/example_dags/example_bash_operator.py for tasks to queue
[2024-09-30T14:24:54.587+0000] {logging_mixin.py:190} INFO - [2024-09-30T14:24:54.587+0000] {dagbag.py:588} INFO - Filling up the DagBag from /home/airflow/.local/lib/python3.12/site-packages/airflow/example_dags/example_bash_operator.py
[2024-09-30T14:24:54.595+0000] {processor.py:925} INFO - DAG(s) 'example_bash_operator' retrieved from /home/airflow/.local/lib/python3.12/site-packages/airflow/example_dags/example_bash_operator.py
[2024-09-30T14:24:54.612+0000] {logging_mixin.py:190} INFO - [2024-09-30T14:24:54.612+0000] {dag.py:3239} INFO - Sync 1 DAGs
[2024-09-30T14:24:54.629+0000] {logging_mixin.py:190} INFO - [2024-09-30T14:24:54.629+0000] {dag.py:4180} INFO - Setting next_dagrun for example_bash_operator to 2024-09-29 00:00:00+00:00, run_after=2024-09-30 00:00:00+00:00
[2024-09-30T14:24:54.641+0000] {processor.py:208} INFO - Processing /home/airflow/.local/lib/python3.12/site-packages/airflow/example_dags/example_bash_operator.py took 0.060 seconds
[2024-09-30T14:25:25.340+0000] {processor.py:186} INFO - Started process (PID=769) to work on /home/airflow/.local/lib/python3.12/site-packages/airflow/example_dags/example_bash_operator.py
[2024-09-30T14:25:25.341+0000] {processor.py:914} INFO - Processing file /home/airflow/.local/lib/python3.12/site-packages/airflow/example_dags/example_bash_operator.py for tasks to queue
[2024-09-30T14:25:25.342+0000] {logging_mixin.py:190} INFO - [2024-09-30T14:25:25.342+0000] {dagbag.py:588} INFO - Filling up the DagBag from /home/airflow/.local/lib/python3.12/site-packages/airflow/example_dags/example_bash_operator.py
[2024-09-30T14:25:25.351+0000] {processor.py:925} INFO - DAG(s) 'example_bash_operator' retrieved from /home/airflow/.local/lib/python3.12/site-packages/airflow/example_dags/example_bash_operator.py
[2024-09-30T14:25:25.369+0000] {logging_mixin.py:190} INFO - [2024-09-30T14:25:25.369+0000] {dag.py:3239} INFO - Sync 1 DAGs
[2024-09-30T14:25:25.384+0000] {logging_mixin.py:190} INFO - [2024-09-30T14:25:25.384+0000] {dag.py:4180} INFO - Setting next_dagrun for example_bash_operator to 2024-09-29 00:00:00+00:00, run_after=2024-09-30 00:00:00+00:00
[2024-09-30T14:25:25.396+0000] {processor.py:208} INFO - Processing /home/airflow/.local/lib/python3.12/site-packages/airflow/example_dags/example_bash_operator.py took 0.059 seconds
[2024-09-30T14:25:56.039+0000] {processor.py:186} INFO - Started process (PID=832) to work on /home/airflow/.local/lib/python3.12/site-packages/airflow/example_dags/example_bash_operator.py
[2024-09-30T14:25:56.040+0000] {processor.py:914} INFO - Processing file /home/airflow/.local/lib/python3.12/site-packages/airflow/example_dags/example_bash_operator.py for tasks to queue
[2024-09-30T14:25:56.041+0000] {logging_mixin.py:190} INFO - [2024-09-30T14:25:56.041+0000] {dagbag.py:588} INFO - Filling up the DagBag from /home/airflow/.local/lib/python3.12/site-packages/airflow/example_dags/example_bash_operator.py
[2024-09-30T14:25:56.050+0000] {processor.py:925} INFO - DAG(s) 'example_bash_operator' retrieved from /home/airflow/.local/lib/python3.12/site-packages/airflow/example_dags/example_bash_operator.py
[2024-09-30T14:25:56.067+0000] {logging_mixin.py:190} INFO - [2024-09-30T14:25:56.067+0000] {dag.py:3239} INFO - Sync 1 DAGs
[2024-09-30T14:25:56.084+0000] {logging_mixin.py:190} INFO - [2024-09-30T14:25:56.083+0000] {dag.py:4180} INFO - Setting next_dagrun for example_bash_operator to 2024-09-29 00:00:00+00:00, run_after=2024-09-30 00:00:00+00:00
[2024-09-30T14:25:56.097+0000] {processor.py:208} INFO - Processing /home/airflow/.local/lib/python3.12/site-packages/airflow/example_dags/example_bash_operator.py took 0.062 seconds
[2024-09-30T14:26:27.009+0000] {processor.py:186} INFO - Started process (PID=895) to work on /home/airflow/.local/lib/python3.12/site-packages/airflow/example_dags/example_bash_operator.py
[2024-09-30T14:26:27.009+0000] {processor.py:914} INFO - Processing file /home/airflow/.local/lib/python3.12/site-packages/airflow/example_dags/example_bash_operator.py for tasks to queue
[2024-09-30T14:26:27.011+0000] {logging_mixin.py:190} INFO - [2024-09-30T14:26:27.011+0000] {dagbag.py:588} INFO - Filling up the DagBag from /home/airflow/.local/lib/python3.12/site-packages/airflow/example_dags/example_bash_operator.py
[2024-09-30T14:26:27.021+0000] {processor.py:925} INFO - DAG(s) 'example_bash_operator' retrieved from /home/airflow/.local/lib/python3.12/site-packages/airflow/example_dags/example_bash_operator.py
[2024-09-30T14:26:27.040+0000] {logging_mixin.py:190} INFO - [2024-09-30T14:26:27.040+0000] {dag.py:3239} INFO - Sync 1 DAGs
[2024-09-30T14:26:27.058+0000] {logging_mixin.py:190} INFO - [2024-09-30T14:26:27.058+0000] {dag.py:4180} INFO - Setting next_dagrun for example_bash_operator to 2024-09-29 00:00:00+00:00, run_after=2024-09-30 00:00:00+00:00
[2024-09-30T14:26:27.073+0000] {processor.py:208} INFO - Processing /home/airflow/.local/lib/python3.12/site-packages/airflow/example_dags/example_bash_operator.py took 0.068 seconds
[2024-09-30T14:26:57.761+0000] {processor.py:186} INFO - Started process (PID=958) to work on /home/airflow/.local/lib/python3.12/site-packages/airflow/example_dags/example_bash_operator.py
[2024-09-30T14:26:57.761+0000] {processor.py:914} INFO - Processing file /home/airflow/.local/lib/python3.12/site-packages/airflow/example_dags/example_bash_operator.py for tasks to queue
[2024-09-30T14:26:57.763+0000] {logging_mixin.py:190} INFO - [2024-09-30T14:26:57.762+0000] {dagbag.py:588} INFO - Filling up the DagBag from /home/airflow/.local/lib/python3.12/site-packages/airflow/example_dags/example_bash_operator.py
[2024-09-30T14:26:57.771+0000] {processor.py:925} INFO - DAG(s) 'example_bash_operator' retrieved from /home/airflow/.local/lib/python3.12/site-packages/airflow/example_dags/example_bash_operator.py
[2024-09-30T14:26:57.787+0000] {logging_mixin.py:190} INFO - [2024-09-30T14:26:57.787+0000] {dag.py:3239} INFO - Sync 1 DAGs
[2024-09-30T14:26:57.802+0000] {logging_mixin.py:190} INFO - [2024-09-30T14:26:57.802+0000] {dag.py:4180} INFO - Setting next_dagrun for example_bash_operator to 2024-09-29 00:00:00+00:00, run_after=2024-09-30 00:00:00+00:00
[2024-09-30T14:26:57.815+0000] {processor.py:208} INFO - Processing /home/airflow/.local/lib/python3.12/site-packages/airflow/example_dags/example_bash_operator.py took 0.058 seconds
[2024-09-30T14:27:28.271+0000] {processor.py:186} INFO - Started process (PID=1021) to work on /home/airflow/.local/lib/python3.12/site-packages/airflow/example_dags/example_bash_operator.py
[2024-09-30T14:27:28.272+0000] {processor.py:914} INFO - Processing file /home/airflow/.local/lib/python3.12/site-packages/airflow/example_dags/example_bash_operator.py for tasks to queue
[2024-09-30T14:27:28.273+0000] {logging_mixin.py:190} INFO - [2024-09-30T14:27:28.273+0000] {dagbag.py:588} INFO - Filling up the DagBag from /home/airflow/.local/lib/python3.12/site-packages/airflow/example_dags/example_bash_operator.py
[2024-09-30T14:27:28.281+0000] {processor.py:925} INFO - DAG(s) 'example_bash_operator' retrieved from /home/airflow/.local/lib/python3.12/site-packages/airflow/example_dags/example_bash_operator.py
[2024-09-30T14:27:28.297+0000] {logging_mixin.py:190} INFO - [2024-09-30T14:27:28.297+0000] {dag.py:3239} INFO - Sync 1 DAGs
[2024-09-30T14:27:28.312+0000] {logging_mixin.py:190} INFO - [2024-09-30T14:27:28.312+0000] {dag.py:4180} INFO - Setting next_dagrun for example_bash_operator to 2024-09-29 00:00:00+00:00, run_after=2024-09-30 00:00:00+00:00
[2024-09-30T14:27:28.325+0000] {processor.py:208} INFO - Processing /home/airflow/.local/lib/python3.12/site-packages/airflow/example_dags/example_bash_operator.py took 0.058 seconds
[2024-09-30T14:27:58.923+0000] {processor.py:186} INFO - Started process (PID=1084) to work on /home/airflow/.local/lib/python3.12/site-packages/airflow/example_dags/example_bash_operator.py
[2024-09-30T14:27:58.924+0000] {processor.py:914} INFO - Processing file /home/airflow/.local/lib/python3.12/site-packages/airflow/example_dags/example_bash_operator.py for tasks to queue
[2024-09-30T14:27:58.926+0000] {logging_mixin.py:190} INFO - [2024-09-30T14:27:58.925+0000] {dagbag.py:588} INFO - Filling up the DagBag from /home/airflow/.local/lib/python3.12/site-packages/airflow/example_dags/example_bash_operator.py
[2024-09-30T14:27:58.935+0000] {processor.py:925} INFO - DAG(s) 'example_bash_operator' retrieved from /home/airflow/.local/lib/python3.12/site-packages/airflow/example_dags/example_bash_operator.py
[2024-09-30T14:27:58.953+0000] {logging_mixin.py:190} INFO - [2024-09-30T14:27:58.953+0000] {dag.py:3239} INFO - Sync 1 DAGs
[2024-09-30T14:27:58.968+0000] {logging_mixin.py:190} INFO - [2024-09-30T14:27:58.967+0000] {dag.py:4180} INFO - Setting next_dagrun for example_bash_operator to 2024-09-29 00:00:00+00:00, run_after=2024-09-30 00:00:00+00:00
[2024-09-30T14:27:58.980+0000] {processor.py:208} INFO - Processing /home/airflow/.local/lib/python3.12/site-packages/airflow/example_dags/example_bash_operator.py took 0.061 seconds
[2024-09-30T14:28:29.728+0000] {processor.py:186} INFO - Started process (PID=1147) to work on /home/airflow/.local/lib/python3.12/site-packages/airflow/example_dags/example_bash_operator.py
[2024-09-30T14:28:29.728+0000] {processor.py:914} INFO - Processing file /home/airflow/.local/lib/python3.12/site-packages/airflow/example_dags/example_bash_operator.py for tasks to queue
[2024-09-30T14:28:29.730+0000] {logging_mixin.py:190} INFO - [2024-09-30T14:28:29.729+0000] {dagbag.py:588} INFO - Filling up the DagBag from /home/airflow/.local/lib/python3.12/site-packages/airflow/example_dags/example_bash_operator.py
[2024-09-30T14:28:29.738+0000] {processor.py:925} INFO - DAG(s) 'example_bash_operator' retrieved from /home/airflow/.local/lib/python3.12/site-packages/airflow/example_dags/example_bash_operator.py
[2024-09-30T14:28:29.755+0000] {logging_mixin.py:190} INFO - [2024-09-30T14:28:29.755+0000] {dag.py:3239} INFO - Sync 1 DAGs
[2024-09-30T14:28:29.771+0000] {logging_mixin.py:190} INFO - [2024-09-30T14:28:29.771+0000] {dag.py:4180} INFO - Setting next_dagrun for example_bash_operator to 2024-09-29 00:00:00+00:00, run_after=2024-09-30 00:00:00+00:00
[2024-09-30T14:28:29.782+0000] {processor.py:208} INFO - Processing /home/airflow/.local/lib/python3.12/site-packages/airflow/example_dags/example_bash_operator.py took 0.059 seconds
[2024-09-30T14:29:00.428+0000] {processor.py:186} INFO - Started process (PID=1211) to work on /home/airflow/.local/lib/python3.12/site-packages/airflow/example_dags/example_bash_operator.py
[2024-09-30T14:29:00.428+0000] {processor.py:914} INFO - Processing file /home/airflow/.local/lib/python3.12/site-packages/airflow/example_dags/example_bash_operator.py for tasks to queue
[2024-09-30T14:29:00.430+0000] {logging_mixin.py:190} INFO - [2024-09-30T14:29:00.429+0000] {dagbag.py:588} INFO - Filling up the DagBag from /home/airflow/.local/lib/python3.12/site-packages/airflow/example_dags/example_bash_operator.py
[2024-09-30T14:29:00.438+0000] {processor.py:925} INFO - DAG(s) 'example_bash_operator' retrieved from /home/airflow/.local/lib/python3.12/site-packages/airflow/example_dags/example_bash_operator.py
[2024-09-30T14:29:00.456+0000] {logging_mixin.py:190} INFO - [2024-09-30T14:29:00.456+0000] {dag.py:3239} INFO - Sync 1 DAGs
[2024-09-30T14:29:00.474+0000] {logging_mixin.py:190} INFO - [2024-09-30T14:29:00.474+0000] {dag.py:4180} INFO - Setting next_dagrun for example_bash_operator to 2024-09-29 00:00:00+00:00, run_after=2024-09-30 00:00:00+00:00
[2024-09-30T14:29:00.486+0000] {processor.py:208} INFO - Processing /home/airflow/.local/lib/python3.12/site-packages/airflow/example_dags/example_bash_operator.py took 0.062 seconds
[2024-09-30T14:29:31.881+0000] {processor.py:186} INFO - Started process (PID=1274) to work on /home/airflow/.local/lib/python3.12/site-packages/airflow/example_dags/example_bash_operator.py
[2024-09-30T14:29:31.881+0000] {processor.py:914} INFO - Processing file /home/airflow/.local/lib/python3.12/site-packages/airflow/example_dags/example_bash_operator.py for tasks to queue
[2024-09-30T14:29:31.883+0000] {logging_mixin.py:190} INFO - [2024-09-30T14:29:31.883+0000] {dagbag.py:588} INFO - Filling up the DagBag from /home/airflow/.local/lib/python3.12/site-packages/airflow/example_dags/example_bash_operator.py
[2024-09-30T14:29:31.891+0000] {processor.py:925} INFO - DAG(s) 'example_bash_operator' retrieved from /home/airflow/.local/lib/python3.12/site-packages/airflow/example_dags/example_bash_operator.py
[2024-09-30T14:29:31.910+0000] {logging_mixin.py:190} INFO - [2024-09-30T14:29:31.910+0000] {dag.py:3239} INFO - Sync 1 DAGs
[2024-09-30T14:29:31.928+0000] {logging_mixin.py:190} INFO - [2024-09-30T14:29:31.928+0000] {dag.py:4180} INFO - Setting next_dagrun for example_bash_operator to 2024-09-29 00:00:00+00:00, run_after=2024-09-30 00:00:00+00:00
[2024-09-30T14:29:31.941+0000] {processor.py:208} INFO - Processing /home/airflow/.local/lib/python3.12/site-packages/airflow/example_dags/example_bash_operator.py took 0.065 seconds
[2024-09-30T14:29:53.575+0000] {processor.py:186} INFO - Started process (PID=70) to work on /home/airflow/.local/lib/python3.12/site-packages/airflow/example_dags/example_bash_operator.py
[2024-09-30T14:29:53.576+0000] {processor.py:914} INFO - Processing file /home/airflow/.local/lib/python3.12/site-packages/airflow/example_dags/example_bash_operator.py for tasks to queue
[2024-09-30T14:29:53.578+0000] {logging_mixin.py:190} INFO - [2024-09-30T14:29:53.578+0000] {dagbag.py:588} INFO - Filling up the DagBag from /home/airflow/.local/lib/python3.12/site-packages/airflow/example_dags/example_bash_operator.py
[2024-09-30T14:29:53.587+0000] {processor.py:925} INFO - DAG(s) 'example_bash_operator' retrieved from /home/airflow/.local/lib/python3.12/site-packages/airflow/example_dags/example_bash_operator.py
[2024-09-30T14:29:53.607+0000] {logging_mixin.py:190} INFO - [2024-09-30T14:29:53.607+0000] {dag.py:3239} INFO - Sync 1 DAGs
[2024-09-30T14:29:53.626+0000] {logging_mixin.py:190} INFO - [2024-09-30T14:29:53.626+0000] {dag.py:4180} INFO - Setting next_dagrun for example_bash_operator to 2024-09-29 00:00:00+00:00, run_after=2024-09-30 00:00:00+00:00
[2024-09-30T14:29:53.639+0000] {processor.py:208} INFO - Processing /home/airflow/.local/lib/python3.12/site-packages/airflow/example_dags/example_bash_operator.py took 0.068 seconds
[2024-09-30T14:30:24.365+0000] {processor.py:186} INFO - Started process (PID=133) to work on /home/airflow/.local/lib/python3.12/site-packages/airflow/example_dags/example_bash_operator.py
[2024-09-30T14:30:24.366+0000] {processor.py:914} INFO - Processing file /home/airflow/.local/lib/python3.12/site-packages/airflow/example_dags/example_bash_operator.py for tasks to queue
[2024-09-30T14:30:24.368+0000] {logging_mixin.py:190} INFO - [2024-09-30T14:30:24.367+0000] {dagbag.py:588} INFO - Filling up the DagBag from /home/airflow/.local/lib/python3.12/site-packages/airflow/example_dags/example_bash_operator.py
[2024-09-30T14:30:24.377+0000] {processor.py:925} INFO - DAG(s) 'example_bash_operator' retrieved from /home/airflow/.local/lib/python3.12/site-packages/airflow/example_dags/example_bash_operator.py
[2024-09-30T14:30:24.394+0000] {logging_mixin.py:190} INFO - [2024-09-30T14:30:24.394+0000] {dag.py:3239} INFO - Sync 1 DAGs
[2024-09-30T14:30:24.410+0000] {logging_mixin.py:190} INFO - [2024-09-30T14:30:24.409+0000] {dag.py:4180} INFO - Setting next_dagrun for example_bash_operator to 2024-09-29 00:00:00+00:00, run_after=2024-09-30 00:00:00+00:00
[2024-09-30T14:30:24.422+0000] {processor.py:208} INFO - Processing /home/airflow/.local/lib/python3.12/site-packages/airflow/example_dags/example_bash_operator.py took 0.060 seconds
[2024-09-30T14:30:55.182+0000] {processor.py:186} INFO - Started process (PID=202) to work on /home/airflow/.local/lib/python3.12/site-packages/airflow/example_dags/example_bash_operator.py
[2024-09-30T14:30:55.182+0000] {processor.py:914} INFO - Processing file /home/airflow/.local/lib/python3.12/site-packages/airflow/example_dags/example_bash_operator.py for tasks to queue
[2024-09-30T14:30:55.184+0000] {logging_mixin.py:190} INFO - [2024-09-30T14:30:55.184+0000] {dagbag.py:588} INFO - Filling up the DagBag from /home/airflow/.local/lib/python3.12/site-packages/airflow/example_dags/example_bash_operator.py
[2024-09-30T14:30:55.192+0000] {processor.py:925} INFO - DAG(s) 'example_bash_operator' retrieved from /home/airflow/.local/lib/python3.12/site-packages/airflow/example_dags/example_bash_operator.py
[2024-09-30T14:30:55.210+0000] {logging_mixin.py:190} INFO - [2024-09-30T14:30:55.210+0000] {dag.py:3239} INFO - Sync 1 DAGs
[2024-09-30T14:30:55.227+0000] {logging_mixin.py:190} INFO - [2024-09-30T14:30:55.227+0000] {dag.py:4180} INFO - Setting next_dagrun for example_bash_operator to 2024-09-29 00:00:00+00:00, run_after=2024-09-30 00:00:00+00:00
[2024-09-30T14:30:55.239+0000] {processor.py:208} INFO - Processing /home/airflow/.local/lib/python3.12/site-packages/airflow/example_dags/example_bash_operator.py took 0.061 seconds
[2024-09-30T14:31:26.028+0000] {processor.py:186} INFO - Started process (PID=265) to work on /home/airflow/.local/lib/python3.12/site-packages/airflow/example_dags/example_bash_operator.py
[2024-09-30T14:31:26.029+0000] {processor.py:914} INFO - Processing file /home/airflow/.local/lib/python3.12/site-packages/airflow/example_dags/example_bash_operator.py for tasks to queue
[2024-09-30T14:31:26.030+0000] {logging_mixin.py:190} INFO - [2024-09-30T14:31:26.030+0000] {dagbag.py:588} INFO - Filling up the DagBag from /home/airflow/.local/lib/python3.12/site-packages/airflow/example_dags/example_bash_operator.py
[2024-09-30T14:31:26.038+0000] {processor.py:925} INFO - DAG(s) 'example_bash_operator' retrieved from /home/airflow/.local/lib/python3.12/site-packages/airflow/example_dags/example_bash_operator.py
[2024-09-30T14:31:26.056+0000] {logging_mixin.py:190} INFO - [2024-09-30T14:31:26.055+0000] {dag.py:3239} INFO - Sync 1 DAGs
[2024-09-30T14:31:26.072+0000] {logging_mixin.py:190} INFO - [2024-09-30T14:31:26.071+0000] {dag.py:4180} INFO - Setting next_dagrun for example_bash_operator to 2024-09-29 00:00:00+00:00, run_after=2024-09-30 00:00:00+00:00
[2024-09-30T14:31:26.084+0000] {processor.py:208} INFO - Processing /home/airflow/.local/lib/python3.12/site-packages/airflow/example_dags/example_bash_operator.py took 0.060 seconds
[2024-09-30T14:31:56.727+0000] {processor.py:186} INFO - Started process (PID=328) to work on /home/airflow/.local/lib/python3.12/site-packages/airflow/example_dags/example_bash_operator.py
[2024-09-30T14:31:56.728+0000] {processor.py:914} INFO - Processing file /home/airflow/.local/lib/python3.12/site-packages/airflow/example_dags/example_bash_operator.py for tasks to queue
[2024-09-30T14:31:56.729+0000] {logging_mixin.py:190} INFO - [2024-09-30T14:31:56.729+0000] {dagbag.py:588} INFO - Filling up the DagBag from /home/airflow/.local/lib/python3.12/site-packages/airflow/example_dags/example_bash_operator.py
[2024-09-30T14:31:56.738+0000] {processor.py:925} INFO - DAG(s) 'example_bash_operator' retrieved from /home/airflow/.local/lib/python3.12/site-packages/airflow/example_dags/example_bash_operator.py
[2024-09-30T14:31:56.755+0000] {logging_mixin.py:190} INFO - [2024-09-30T14:31:56.755+0000] {dag.py:3239} INFO - Sync 1 DAGs
[2024-09-30T14:31:56.771+0000] {logging_mixin.py:190} INFO - [2024-09-30T14:31:56.771+0000] {dag.py:4180} INFO - Setting next_dagrun for example_bash_operator to 2024-09-29 00:00:00+00:00, run_after=2024-09-30 00:00:00+00:00
[2024-09-30T14:31:56.784+0000] {processor.py:208} INFO - Processing /home/airflow/.local/lib/python3.12/site-packages/airflow/example_dags/example_bash_operator.py took 0.061 seconds
[2024-09-30T14:32:27.443+0000] {processor.py:186} INFO - Started process (PID=391) to work on /home/airflow/.local/lib/python3.12/site-packages/airflow/example_dags/example_bash_operator.py
[2024-09-30T14:32:27.444+0000] {processor.py:914} INFO - Processing file /home/airflow/.local/lib/python3.12/site-packages/airflow/example_dags/example_bash_operator.py for tasks to queue
[2024-09-30T14:32:27.446+0000] {logging_mixin.py:190} INFO - [2024-09-30T14:32:27.445+0000] {dagbag.py:588} INFO - Filling up the DagBag from /home/airflow/.local/lib/python3.12/site-packages/airflow/example_dags/example_bash_operator.py
[2024-09-30T14:32:27.455+0000] {processor.py:925} INFO - DAG(s) 'example_bash_operator' retrieved from /home/airflow/.local/lib/python3.12/site-packages/airflow/example_dags/example_bash_operator.py
[2024-09-30T14:32:27.473+0000] {logging_mixin.py:190} INFO - [2024-09-30T14:32:27.473+0000] {dag.py:3239} INFO - Sync 1 DAGs
[2024-09-30T14:32:27.489+0000] {logging_mixin.py:190} INFO - [2024-09-30T14:32:27.489+0000] {dag.py:4180} INFO - Setting next_dagrun for example_bash_operator to 2024-09-29 00:00:00+00:00, run_after=2024-09-30 00:00:00+00:00
[2024-09-30T14:32:27.502+0000] {processor.py:208} INFO - Processing /home/airflow/.local/lib/python3.12/site-packages/airflow/example_dags/example_bash_operator.py took 0.062 seconds
[2024-09-30T14:32:58.054+0000] {processor.py:186} INFO - Started process (PID=454) to work on /home/airflow/.local/lib/python3.12/site-packages/airflow/example_dags/example_bash_operator.py
[2024-09-30T14:32:58.055+0000] {processor.py:914} INFO - Processing file /home/airflow/.local/lib/python3.12/site-packages/airflow/example_dags/example_bash_operator.py for tasks to queue
[2024-09-30T14:32:58.056+0000] {logging_mixin.py:190} INFO - [2024-09-30T14:32:58.056+0000] {dagbag.py:588} INFO - Filling up the DagBag from /home/airflow/.local/lib/python3.12/site-packages/airflow/example_dags/example_bash_operator.py
[2024-09-30T14:32:58.065+0000] {processor.py:925} INFO - DAG(s) 'example_bash_operator' retrieved from /home/airflow/.local/lib/python3.12/site-packages/airflow/example_dags/example_bash_operator.py
[2024-09-30T14:32:58.082+0000] {logging_mixin.py:190} INFO - [2024-09-30T14:32:58.082+0000] {dag.py:3239} INFO - Sync 1 DAGs
[2024-09-30T14:32:58.099+0000] {logging_mixin.py:190} INFO - [2024-09-30T14:32:58.099+0000] {dag.py:4180} INFO - Setting next_dagrun for example_bash_operator to 2024-09-29 00:00:00+00:00, run_after=2024-09-30 00:00:00+00:00
[2024-09-30T14:32:58.111+0000] {processor.py:208} INFO - Processing /home/airflow/.local/lib/python3.12/site-packages/airflow/example_dags/example_bash_operator.py took 0.061 seconds
[2024-09-30T14:33:28.900+0000] {processor.py:186} INFO - Started process (PID=517) to work on /home/airflow/.local/lib/python3.12/site-packages/airflow/example_dags/example_bash_operator.py
[2024-09-30T14:33:28.900+0000] {processor.py:914} INFO - Processing file /home/airflow/.local/lib/python3.12/site-packages/airflow/example_dags/example_bash_operator.py for tasks to queue
[2024-09-30T14:33:28.902+0000] {logging_mixin.py:190} INFO - [2024-09-30T14:33:28.902+0000] {dagbag.py:588} INFO - Filling up the DagBag from /home/airflow/.local/lib/python3.12/site-packages/airflow/example_dags/example_bash_operator.py
[2024-09-30T14:33:28.913+0000] {processor.py:925} INFO - DAG(s) 'example_bash_operator' retrieved from /home/airflow/.local/lib/python3.12/site-packages/airflow/example_dags/example_bash_operator.py
[2024-09-30T14:33:28.930+0000] {logging_mixin.py:190} INFO - [2024-09-30T14:33:28.930+0000] {dag.py:3239} INFO - Sync 1 DAGs
[2024-09-30T14:33:28.947+0000] {logging_mixin.py:190} INFO - [2024-09-30T14:33:28.947+0000] {dag.py:4180} INFO - Setting next_dagrun for example_bash_operator to 2024-09-29 00:00:00+00:00, run_after=2024-09-30 00:00:00+00:00
[2024-09-30T14:33:28.960+0000] {processor.py:208} INFO - Processing /home/airflow/.local/lib/python3.12/site-packages/airflow/example_dags/example_bash_operator.py took 0.064 seconds
[2024-09-30T14:34:00.147+0000] {processor.py:186} INFO - Started process (PID=580) to work on /home/airflow/.local/lib/python3.12/site-packages/airflow/example_dags/example_bash_operator.py
[2024-09-30T14:34:00.150+0000] {processor.py:914} INFO - Processing file /home/airflow/.local/lib/python3.12/site-packages/airflow/example_dags/example_bash_operator.py for tasks to queue
[2024-09-30T14:34:00.156+0000] {logging_mixin.py:190} INFO - [2024-09-30T14:34:00.155+0000] {dagbag.py:588} INFO - Filling up the DagBag from /home/airflow/.local/lib/python3.12/site-packages/airflow/example_dags/example_bash_operator.py
[2024-09-30T14:34:00.178+0000] {processor.py:925} INFO - DAG(s) 'example_bash_operator' retrieved from /home/airflow/.local/lib/python3.12/site-packages/airflow/example_dags/example_bash_operator.py
[2024-09-30T14:34:00.196+0000] {logging_mixin.py:190} INFO - [2024-09-30T14:34:00.196+0000] {dag.py:3239} INFO - Sync 1 DAGs
[2024-09-30T14:34:00.212+0000] {logging_mixin.py:190} INFO - [2024-09-30T14:34:00.212+0000] {dag.py:4180} INFO - Setting next_dagrun for example_bash_operator to 2024-09-29 00:00:00+00:00, run_after=2024-09-30 00:00:00+00:00
[2024-09-30T14:34:00.224+0000] {processor.py:208} INFO - Processing /home/airflow/.local/lib/python3.12/site-packages/airflow/example_dags/example_bash_operator.py took 0.088 seconds
[2024-09-30T14:34:30.993+0000] {processor.py:186} INFO - Started process (PID=643) to work on /home/airflow/.local/lib/python3.12/site-packages/airflow/example_dags/example_bash_operator.py
[2024-09-30T14:34:30.994+0000] {processor.py:914} INFO - Processing file /home/airflow/.local/lib/python3.12/site-packages/airflow/example_dags/example_bash_operator.py for tasks to queue
[2024-09-30T14:34:30.996+0000] {logging_mixin.py:190} INFO - [2024-09-30T14:34:30.996+0000] {dagbag.py:588} INFO - Filling up the DagBag from /home/airflow/.local/lib/python3.12/site-packages/airflow/example_dags/example_bash_operator.py
[2024-09-30T14:34:31.007+0000] {processor.py:925} INFO - DAG(s) 'example_bash_operator' retrieved from /home/airflow/.local/lib/python3.12/site-packages/airflow/example_dags/example_bash_operator.py
[2024-09-30T14:34:31.027+0000] {logging_mixin.py:190} INFO - [2024-09-30T14:34:31.027+0000] {dag.py:3239} INFO - Sync 1 DAGs
[2024-09-30T14:34:31.045+0000] {logging_mixin.py:190} INFO - [2024-09-30T14:34:31.045+0000] {dag.py:4180} INFO - Setting next_dagrun for example_bash_operator to 2024-09-29 00:00:00+00:00, run_after=2024-09-30 00:00:00+00:00
[2024-09-30T14:34:31.062+0000] {processor.py:208} INFO - Processing /home/airflow/.local/lib/python3.12/site-packages/airflow/example_dags/example_bash_operator.py took 0.074 seconds
[2024-09-30T14:35:01.306+0000] {processor.py:186} INFO - Started process (PID=706) to work on /home/airflow/.local/lib/python3.12/site-packages/airflow/example_dags/example_bash_operator.py
[2024-09-30T14:35:01.307+0000] {processor.py:914} INFO - Processing file /home/airflow/.local/lib/python3.12/site-packages/airflow/example_dags/example_bash_operator.py for tasks to queue
[2024-09-30T14:35:01.308+0000] {logging_mixin.py:190} INFO - [2024-09-30T14:35:01.308+0000] {dagbag.py:588} INFO - Filling up the DagBag from /home/airflow/.local/lib/python3.12/site-packages/airflow/example_dags/example_bash_operator.py
[2024-09-30T14:35:01.316+0000] {processor.py:925} INFO - DAG(s) 'example_bash_operator' retrieved from /home/airflow/.local/lib/python3.12/site-packages/airflow/example_dags/example_bash_operator.py
[2024-09-30T14:35:01.333+0000] {logging_mixin.py:190} INFO - [2024-09-30T14:35:01.333+0000] {dag.py:3239} INFO - Sync 1 DAGs
[2024-09-30T14:35:01.349+0000] {logging_mixin.py:190} INFO - [2024-09-30T14:35:01.349+0000] {dag.py:4180} INFO - Setting next_dagrun for example_bash_operator to 2024-09-29 00:00:00+00:00, run_after=2024-09-30 00:00:00+00:00
[2024-09-30T14:35:01.361+0000] {processor.py:208} INFO - Processing /home/airflow/.local/lib/python3.12/site-packages/airflow/example_dags/example_bash_operator.py took 0.059 seconds
[2024-09-30T14:35:32.014+0000] {processor.py:186} INFO - Started process (PID=769) to work on /home/airflow/.local/lib/python3.12/site-packages/airflow/example_dags/example_bash_operator.py
[2024-09-30T14:35:32.015+0000] {processor.py:914} INFO - Processing file /home/airflow/.local/lib/python3.12/site-packages/airflow/example_dags/example_bash_operator.py for tasks to queue
[2024-09-30T14:35:32.017+0000] {logging_mixin.py:190} INFO - [2024-09-30T14:35:32.016+0000] {dagbag.py:588} INFO - Filling up the DagBag from /home/airflow/.local/lib/python3.12/site-packages/airflow/example_dags/example_bash_operator.py
[2024-09-30T14:35:32.025+0000] {processor.py:925} INFO - DAG(s) 'example_bash_operator' retrieved from /home/airflow/.local/lib/python3.12/site-packages/airflow/example_dags/example_bash_operator.py
[2024-09-30T14:35:32.044+0000] {logging_mixin.py:190} INFO - [2024-09-30T14:35:32.044+0000] {dag.py:3239} INFO - Sync 1 DAGs
[2024-09-30T14:35:32.061+0000] {logging_mixin.py:190} INFO - [2024-09-30T14:35:32.061+0000] {dag.py:4180} INFO - Setting next_dagrun for example_bash_operator to 2024-09-29 00:00:00+00:00, run_after=2024-09-30 00:00:00+00:00
[2024-09-30T14:35:32.074+0000] {processor.py:208} INFO - Processing /home/airflow/.local/lib/python3.12/site-packages/airflow/example_dags/example_bash_operator.py took 0.063 seconds
[2024-09-30T14:36:02.768+0000] {processor.py:186} INFO - Started process (PID=832) to work on /home/airflow/.local/lib/python3.12/site-packages/airflow/example_dags/example_bash_operator.py
[2024-09-30T14:36:02.769+0000] {processor.py:914} INFO - Processing file /home/airflow/.local/lib/python3.12/site-packages/airflow/example_dags/example_bash_operator.py for tasks to queue
[2024-09-30T14:36:02.770+0000] {logging_mixin.py:190} INFO - [2024-09-30T14:36:02.770+0000] {dagbag.py:588} INFO - Filling up the DagBag from /home/airflow/.local/lib/python3.12/site-packages/airflow/example_dags/example_bash_operator.py
[2024-09-30T14:36:02.780+0000] {processor.py:925} INFO - DAG(s) 'example_bash_operator' retrieved from /home/airflow/.local/lib/python3.12/site-packages/airflow/example_dags/example_bash_operator.py
[2024-09-30T14:36:02.800+0000] {logging_mixin.py:190} INFO - [2024-09-30T14:36:02.800+0000] {dag.py:3239} INFO - Sync 1 DAGs
[2024-09-30T14:36:02.818+0000] {logging_mixin.py:190} INFO - [2024-09-30T14:36:02.818+0000] {dag.py:4180} INFO - Setting next_dagrun for example_bash_operator to 2024-09-29 00:00:00+00:00, run_after=2024-09-30 00:00:00+00:00
[2024-09-30T14:36:02.835+0000] {processor.py:208} INFO - Processing /home/airflow/.local/lib/python3.12/site-packages/airflow/example_dags/example_bash_operator.py took 0.071 seconds
[2024-09-30T14:36:41.599+0000] {processor.py:186} INFO - Started process (PID=70) to work on /home/airflow/.local/lib/python3.12/site-packages/airflow/example_dags/example_bash_operator.py
[2024-09-30T14:36:41.600+0000] {processor.py:914} INFO - Processing file /home/airflow/.local/lib/python3.12/site-packages/airflow/example_dags/example_bash_operator.py for tasks to queue
[2024-09-30T14:36:41.601+0000] {logging_mixin.py:190} INFO - [2024-09-30T14:36:41.601+0000] {dagbag.py:588} INFO - Filling up the DagBag from /home/airflow/.local/lib/python3.12/site-packages/airflow/example_dags/example_bash_operator.py
[2024-09-30T14:36:41.610+0000] {processor.py:925} INFO - DAG(s) 'example_bash_operator' retrieved from /home/airflow/.local/lib/python3.12/site-packages/airflow/example_dags/example_bash_operator.py
[2024-09-30T14:36:41.629+0000] {logging_mixin.py:190} INFO - [2024-09-30T14:36:41.629+0000] {dag.py:3239} INFO - Sync 1 DAGs
[2024-09-30T14:36:41.647+0000] {logging_mixin.py:190} INFO - [2024-09-30T14:36:41.646+0000] {dag.py:4180} INFO - Setting next_dagrun for example_bash_operator to 2024-09-29 00:00:00+00:00, run_after=2024-09-30 00:00:00+00:00
[2024-09-30T14:36:41.660+0000] {processor.py:208} INFO - Processing /home/airflow/.local/lib/python3.12/site-packages/airflow/example_dags/example_bash_operator.py took 0.065 seconds
[2024-09-30T14:37:12.468+0000] {processor.py:186} INFO - Started process (PID=139) to work on /home/airflow/.local/lib/python3.12/site-packages/airflow/example_dags/example_bash_operator.py
[2024-09-30T14:37:12.468+0000] {processor.py:914} INFO - Processing file /home/airflow/.local/lib/python3.12/site-packages/airflow/example_dags/example_bash_operator.py for tasks to queue
[2024-09-30T14:37:12.470+0000] {logging_mixin.py:190} INFO - [2024-09-30T14:37:12.469+0000] {dagbag.py:588} INFO - Filling up the DagBag from /home/airflow/.local/lib/python3.12/site-packages/airflow/example_dags/example_bash_operator.py
[2024-09-30T14:37:12.478+0000] {processor.py:925} INFO - DAG(s) 'example_bash_operator' retrieved from /home/airflow/.local/lib/python3.12/site-packages/airflow/example_dags/example_bash_operator.py
[2024-09-30T14:37:12.497+0000] {logging_mixin.py:190} INFO - [2024-09-30T14:37:12.496+0000] {dag.py:3239} INFO - Sync 1 DAGs
[2024-09-30T14:37:12.513+0000] {logging_mixin.py:190} INFO - [2024-09-30T14:37:12.513+0000] {dag.py:4180} INFO - Setting next_dagrun for example_bash_operator to 2024-09-29 00:00:00+00:00, run_after=2024-09-30 00:00:00+00:00
[2024-09-30T14:37:12.527+0000] {processor.py:208} INFO - Processing /home/airflow/.local/lib/python3.12/site-packages/airflow/example_dags/example_bash_operator.py took 0.063 seconds
[2024-09-30T14:37:43.266+0000] {processor.py:186} INFO - Started process (PID=202) to work on /home/airflow/.local/lib/python3.12/site-packages/airflow/example_dags/example_bash_operator.py
[2024-09-30T14:37:43.267+0000] {processor.py:914} INFO - Processing file /home/airflow/.local/lib/python3.12/site-packages/airflow/example_dags/example_bash_operator.py for tasks to queue
[2024-09-30T14:37:43.269+0000] {logging_mixin.py:190} INFO - [2024-09-30T14:37:43.268+0000] {dagbag.py:588} INFO - Filling up the DagBag from /home/airflow/.local/lib/python3.12/site-packages/airflow/example_dags/example_bash_operator.py
[2024-09-30T14:37:43.279+0000] {processor.py:925} INFO - DAG(s) 'example_bash_operator' retrieved from /home/airflow/.local/lib/python3.12/site-packages/airflow/example_dags/example_bash_operator.py
[2024-09-30T14:37:43.300+0000] {logging_mixin.py:190} INFO - [2024-09-30T14:37:43.300+0000] {dag.py:3239} INFO - Sync 1 DAGs
[2024-09-30T14:37:43.318+0000] {logging_mixin.py:190} INFO - [2024-09-30T14:37:43.317+0000] {dag.py:4180} INFO - Setting next_dagrun for example_bash_operator to 2024-09-29 00:00:00+00:00, run_after=2024-09-30 00:00:00+00:00
[2024-09-30T14:37:43.332+0000] {processor.py:208} INFO - Processing /home/airflow/.local/lib/python3.12/site-packages/airflow/example_dags/example_bash_operator.py took 0.069 seconds
[2024-09-30T14:38:14.080+0000] {processor.py:186} INFO - Started process (PID=265) to work on /home/airflow/.local/lib/python3.12/site-packages/airflow/example_dags/example_bash_operator.py
[2024-09-30T14:38:14.081+0000] {processor.py:914} INFO - Processing file /home/airflow/.local/lib/python3.12/site-packages/airflow/example_dags/example_bash_operator.py for tasks to queue
[2024-09-30T14:38:14.082+0000] {logging_mixin.py:190} INFO - [2024-09-30T14:38:14.082+0000] {dagbag.py:588} INFO - Filling up the DagBag from /home/airflow/.local/lib/python3.12/site-packages/airflow/example_dags/example_bash_operator.py
[2024-09-30T14:38:14.091+0000] {processor.py:925} INFO - DAG(s) 'example_bash_operator' retrieved from /home/airflow/.local/lib/python3.12/site-packages/airflow/example_dags/example_bash_operator.py
[2024-09-30T14:38:14.108+0000] {logging_mixin.py:190} INFO - [2024-09-30T14:38:14.108+0000] {dag.py:3239} INFO - Sync 1 DAGs
[2024-09-30T14:38:14.126+0000] {logging_mixin.py:190} INFO - [2024-09-30T14:38:14.125+0000] {dag.py:4180} INFO - Setting next_dagrun for example_bash_operator to 2024-09-29 00:00:00+00:00, run_after=2024-09-30 00:00:00+00:00
[2024-09-30T14:38:14.139+0000] {processor.py:208} INFO - Processing /home/airflow/.local/lib/python3.12/site-packages/airflow/example_dags/example_bash_operator.py took 0.063 seconds
[2024-09-30T14:38:44.874+0000] {processor.py:186} INFO - Started process (PID=328) to work on /home/airflow/.local/lib/python3.12/site-packages/airflow/example_dags/example_bash_operator.py
[2024-09-30T14:38:44.875+0000] {processor.py:914} INFO - Processing file /home/airflow/.local/lib/python3.12/site-packages/airflow/example_dags/example_bash_operator.py for tasks to queue
[2024-09-30T14:38:44.876+0000] {logging_mixin.py:190} INFO - [2024-09-30T14:38:44.876+0000] {dagbag.py:588} INFO - Filling up the DagBag from /home/airflow/.local/lib/python3.12/site-packages/airflow/example_dags/example_bash_operator.py
[2024-09-30T14:38:44.884+0000] {processor.py:925} INFO - DAG(s) 'example_bash_operator' retrieved from /home/airflow/.local/lib/python3.12/site-packages/airflow/example_dags/example_bash_operator.py
[2024-09-30T14:38:44.902+0000] {logging_mixin.py:190} INFO - [2024-09-30T14:38:44.902+0000] {dag.py:3239} INFO - Sync 1 DAGs
[2024-09-30T14:38:44.918+0000] {logging_mixin.py:190} INFO - [2024-09-30T14:38:44.918+0000] {dag.py:4180} INFO - Setting next_dagrun for example_bash_operator to 2024-09-29 00:00:00+00:00, run_after=2024-09-30 00:00:00+00:00
[2024-09-30T14:38:44.930+0000] {processor.py:208} INFO - Processing /home/airflow/.local/lib/python3.12/site-packages/airflow/example_dags/example_bash_operator.py took 0.059 seconds
[2024-09-30T14:39:15.557+0000] {processor.py:186} INFO - Started process (PID=391) to work on /home/airflow/.local/lib/python3.12/site-packages/airflow/example_dags/example_bash_operator.py
[2024-09-30T14:39:15.558+0000] {processor.py:914} INFO - Processing file /home/airflow/.local/lib/python3.12/site-packages/airflow/example_dags/example_bash_operator.py for tasks to queue
[2024-09-30T14:39:15.559+0000] {logging_mixin.py:190} INFO - [2024-09-30T14:39:15.559+0000] {dagbag.py:588} INFO - Filling up the DagBag from /home/airflow/.local/lib/python3.12/site-packages/airflow/example_dags/example_bash_operator.py
[2024-09-30T14:39:15.568+0000] {processor.py:925} INFO - DAG(s) 'example_bash_operator' retrieved from /home/airflow/.local/lib/python3.12/site-packages/airflow/example_dags/example_bash_operator.py
[2024-09-30T14:39:15.587+0000] {logging_mixin.py:190} INFO - [2024-09-30T14:39:15.587+0000] {dag.py:3239} INFO - Sync 1 DAGs
[2024-09-30T14:39:15.604+0000] {logging_mixin.py:190} INFO - [2024-09-30T14:39:15.604+0000] {dag.py:4180} INFO - Setting next_dagrun for example_bash_operator to 2024-09-29 00:00:00+00:00, run_after=2024-09-30 00:00:00+00:00
[2024-09-30T14:39:15.617+0000] {processor.py:208} INFO - Processing /home/airflow/.local/lib/python3.12/site-packages/airflow/example_dags/example_bash_operator.py took 0.064 seconds
[2024-09-30T14:39:42.239+0000] {processor.py:186} INFO - Started process (PID=70) to work on /home/airflow/.local/lib/python3.12/site-packages/airflow/example_dags/example_bash_operator.py
[2024-09-30T14:39:42.240+0000] {processor.py:914} INFO - Processing file /home/airflow/.local/lib/python3.12/site-packages/airflow/example_dags/example_bash_operator.py for tasks to queue
[2024-09-30T14:39:42.242+0000] {logging_mixin.py:190} INFO - [2024-09-30T14:39:42.242+0000] {dagbag.py:588} INFO - Filling up the DagBag from /home/airflow/.local/lib/python3.12/site-packages/airflow/example_dags/example_bash_operator.py
[2024-09-30T14:39:42.252+0000] {processor.py:925} INFO - DAG(s) 'example_bash_operator' retrieved from /home/airflow/.local/lib/python3.12/site-packages/airflow/example_dags/example_bash_operator.py
[2024-09-30T14:39:42.273+0000] {logging_mixin.py:190} INFO - [2024-09-30T14:39:42.273+0000] {dag.py:3239} INFO - Sync 1 DAGs
[2024-09-30T14:39:42.293+0000] {logging_mixin.py:190} INFO - [2024-09-30T14:39:42.292+0000] {dag.py:4180} INFO - Setting next_dagrun for example_bash_operator to 2024-09-29 00:00:00+00:00, run_after=2024-09-30 00:00:00+00:00
[2024-09-30T14:39:42.306+0000] {processor.py:208} INFO - Processing /home/airflow/.local/lib/python3.12/site-packages/airflow/example_dags/example_bash_operator.py took 0.071 seconds
[2024-09-30T14:40:12.362+0000] {processor.py:186} INFO - Started process (PID=133) to work on /home/airflow/.local/lib/python3.12/site-packages/airflow/example_dags/example_bash_operator.py
[2024-09-30T14:40:12.363+0000] {processor.py:914} INFO - Processing file /home/airflow/.local/lib/python3.12/site-packages/airflow/example_dags/example_bash_operator.py for tasks to queue
[2024-09-30T14:40:12.364+0000] {logging_mixin.py:190} INFO - [2024-09-30T14:40:12.364+0000] {dagbag.py:588} INFO - Filling up the DagBag from /home/airflow/.local/lib/python3.12/site-packages/airflow/example_dags/example_bash_operator.py
[2024-09-30T14:40:12.373+0000] {processor.py:925} INFO - DAG(s) 'example_bash_operator' retrieved from /home/airflow/.local/lib/python3.12/site-packages/airflow/example_dags/example_bash_operator.py
[2024-09-30T14:40:12.391+0000] {logging_mixin.py:190} INFO - [2024-09-30T14:40:12.391+0000] {dag.py:3239} INFO - Sync 1 DAGs
[2024-09-30T14:40:12.408+0000] {logging_mixin.py:190} INFO - [2024-09-30T14:40:12.407+0000] {dag.py:4180} INFO - Setting next_dagrun for example_bash_operator to 2024-09-29 00:00:00+00:00, run_after=2024-09-30 00:00:00+00:00
[2024-09-30T14:40:12.421+0000] {processor.py:208} INFO - Processing /home/airflow/.local/lib/python3.12/site-packages/airflow/example_dags/example_bash_operator.py took 0.063 seconds
[2024-09-30T14:40:43.117+0000] {processor.py:186} INFO - Started process (PID=202) to work on /home/airflow/.local/lib/python3.12/site-packages/airflow/example_dags/example_bash_operator.py
[2024-09-30T14:40:43.118+0000] {processor.py:914} INFO - Processing file /home/airflow/.local/lib/python3.12/site-packages/airflow/example_dags/example_bash_operator.py for tasks to queue
[2024-09-30T14:40:43.120+0000] {logging_mixin.py:190} INFO - [2024-09-30T14:40:43.119+0000] {dagbag.py:588} INFO - Filling up the DagBag from /home/airflow/.local/lib/python3.12/site-packages/airflow/example_dags/example_bash_operator.py
[2024-09-30T14:40:43.128+0000] {processor.py:925} INFO - DAG(s) 'example_bash_operator' retrieved from /home/airflow/.local/lib/python3.12/site-packages/airflow/example_dags/example_bash_operator.py
[2024-09-30T14:40:43.147+0000] {logging_mixin.py:190} INFO - [2024-09-30T14:40:43.147+0000] {dag.py:3239} INFO - Sync 1 DAGs
[2024-09-30T14:40:43.164+0000] {logging_mixin.py:190} INFO - [2024-09-30T14:40:43.164+0000] {dag.py:4180} INFO - Setting next_dagrun for example_bash_operator to 2024-09-29 00:00:00+00:00, run_after=2024-09-30 00:00:00+00:00
[2024-09-30T14:40:43.178+0000] {processor.py:208} INFO - Processing /home/airflow/.local/lib/python3.12/site-packages/airflow/example_dags/example_bash_operator.py took 0.065 seconds
[2024-09-30T14:41:13.947+0000] {processor.py:186} INFO - Started process (PID=265) to work on /home/airflow/.local/lib/python3.12/site-packages/airflow/example_dags/example_bash_operator.py
[2024-09-30T14:41:13.947+0000] {processor.py:914} INFO - Processing file /home/airflow/.local/lib/python3.12/site-packages/airflow/example_dags/example_bash_operator.py for tasks to queue
[2024-09-30T14:41:13.949+0000] {logging_mixin.py:190} INFO - [2024-09-30T14:41:13.949+0000] {dagbag.py:588} INFO - Filling up the DagBag from /home/airflow/.local/lib/python3.12/site-packages/airflow/example_dags/example_bash_operator.py
[2024-09-30T14:41:13.957+0000] {processor.py:925} INFO - DAG(s) 'example_bash_operator' retrieved from /home/airflow/.local/lib/python3.12/site-packages/airflow/example_dags/example_bash_operator.py
[2024-09-30T14:41:13.974+0000] {logging_mixin.py:190} INFO - [2024-09-30T14:41:13.974+0000] {dag.py:3239} INFO - Sync 1 DAGs
[2024-09-30T14:41:13.991+0000] {logging_mixin.py:190} INFO - [2024-09-30T14:41:13.991+0000] {dag.py:4180} INFO - Setting next_dagrun for example_bash_operator to 2024-09-29 00:00:00+00:00, run_after=2024-09-30 00:00:00+00:00
[2024-09-30T14:41:14.004+0000] {processor.py:208} INFO - Processing /home/airflow/.local/lib/python3.12/site-packages/airflow/example_dags/example_bash_operator.py took 0.060 seconds
