[2024-09-30T14:12:28.850+0000] {processor.py:186} INFO - Started process (PID=69) to work on /home/airflow/.local/lib/python3.12/site-packages/airflow/example_dags/example_skip_dag.py
[2024-09-30T14:12:28.851+0000] {processor.py:914} INFO - Processing file /home/airflow/.local/lib/python3.12/site-packages/airflow/example_dags/example_skip_dag.py for tasks to queue
[2024-09-30T14:12:28.853+0000] {logging_mixin.py:190} INFO - [2024-09-30T14:12:28.853+0000] {dagbag.py:588} INFO - Filling up the DagBag from /home/airflow/.local/lib/python3.12/site-packages/airflow/example_dags/example_skip_dag.py
[2024-09-30T14:12:28.862+0000] {processor.py:925} INFO - DAG(s) 'example_skip_dag' retrieved from /home/airflow/.local/lib/python3.12/site-packages/airflow/example_dags/example_skip_dag.py
[2024-09-30T14:12:28.884+0000] {logging_mixin.py:190} INFO - [2024-09-30T14:12:28.884+0000] {dag.py:3239} INFO - Sync 1 DAGs
[2024-09-30T14:12:28.912+0000] {logging_mixin.py:190} INFO - [2024-09-30T14:12:28.912+0000] {dag.py:4180} INFO - Setting next_dagrun for example_skip_dag to 2024-09-29 00:00:00+00:00, run_after=2024-09-30 00:00:00+00:00
[2024-09-30T14:12:28.928+0000] {processor.py:208} INFO - Processing /home/airflow/.local/lib/python3.12/site-packages/airflow/example_dags/example_skip_dag.py took 0.083 seconds
[2024-09-30T14:12:59.176+0000] {processor.py:186} INFO - Started process (PID=132) to work on /home/airflow/.local/lib/python3.12/site-packages/airflow/example_dags/example_skip_dag.py
[2024-09-30T14:12:59.177+0000] {processor.py:914} INFO - Processing file /home/airflow/.local/lib/python3.12/site-packages/airflow/example_dags/example_skip_dag.py for tasks to queue
[2024-09-30T14:12:59.179+0000] {logging_mixin.py:190} INFO - [2024-09-30T14:12:59.178+0000] {dagbag.py:588} INFO - Filling up the DagBag from /home/airflow/.local/lib/python3.12/site-packages/airflow/example_dags/example_skip_dag.py
[2024-09-30T14:12:59.184+0000] {processor.py:925} INFO - DAG(s) 'example_skip_dag' retrieved from /home/airflow/.local/lib/python3.12/site-packages/airflow/example_dags/example_skip_dag.py
[2024-09-30T14:12:59.198+0000] {logging_mixin.py:190} INFO - [2024-09-30T14:12:59.198+0000] {dag.py:3239} INFO - Sync 1 DAGs
[2024-09-30T14:12:59.214+0000] {logging_mixin.py:190} INFO - [2024-09-30T14:12:59.213+0000] {dag.py:4180} INFO - Setting next_dagrun for example_skip_dag to 2024-09-29 00:00:00+00:00, run_after=2024-09-30 00:00:00+00:00
[2024-09-30T14:12:59.228+0000] {processor.py:208} INFO - Processing /home/airflow/.local/lib/python3.12/site-packages/airflow/example_dags/example_skip_dag.py took 0.055 seconds
[2024-09-30T14:13:29.928+0000] {processor.py:186} INFO - Started process (PID=201) to work on /home/airflow/.local/lib/python3.12/site-packages/airflow/example_dags/example_skip_dag.py
[2024-09-30T14:13:29.928+0000] {processor.py:914} INFO - Processing file /home/airflow/.local/lib/python3.12/site-packages/airflow/example_dags/example_skip_dag.py for tasks to queue
[2024-09-30T14:13:29.930+0000] {logging_mixin.py:190} INFO - [2024-09-30T14:13:29.930+0000] {dagbag.py:588} INFO - Filling up the DagBag from /home/airflow/.local/lib/python3.12/site-packages/airflow/example_dags/example_skip_dag.py
[2024-09-30T14:13:29.935+0000] {processor.py:925} INFO - DAG(s) 'example_skip_dag' retrieved from /home/airflow/.local/lib/python3.12/site-packages/airflow/example_dags/example_skip_dag.py
[2024-09-30T14:13:29.951+0000] {logging_mixin.py:190} INFO - [2024-09-30T14:13:29.951+0000] {dag.py:3239} INFO - Sync 1 DAGs
[2024-09-30T14:13:29.968+0000] {logging_mixin.py:190} INFO - [2024-09-30T14:13:29.968+0000] {dag.py:4180} INFO - Setting next_dagrun for example_skip_dag to 2024-09-29 00:00:00+00:00, run_after=2024-09-30 00:00:00+00:00
[2024-09-30T14:13:29.982+0000] {processor.py:208} INFO - Processing /home/airflow/.local/lib/python3.12/site-packages/airflow/example_dags/example_skip_dag.py took 0.058 seconds
[2024-09-30T14:14:01.737+0000] {processor.py:186} INFO - Started process (PID=264) to work on /home/airflow/.local/lib/python3.12/site-packages/airflow/example_dags/example_skip_dag.py
[2024-09-30T14:14:01.738+0000] {processor.py:914} INFO - Processing file /home/airflow/.local/lib/python3.12/site-packages/airflow/example_dags/example_skip_dag.py for tasks to queue
[2024-09-30T14:14:01.740+0000] {logging_mixin.py:190} INFO - [2024-09-30T14:14:01.740+0000] {dagbag.py:588} INFO - Filling up the DagBag from /home/airflow/.local/lib/python3.12/site-packages/airflow/example_dags/example_skip_dag.py
[2024-09-30T14:14:01.745+0000] {processor.py:925} INFO - DAG(s) 'example_skip_dag' retrieved from /home/airflow/.local/lib/python3.12/site-packages/airflow/example_dags/example_skip_dag.py
[2024-09-30T14:14:01.759+0000] {logging_mixin.py:190} INFO - [2024-09-30T14:14:01.759+0000] {dag.py:3239} INFO - Sync 1 DAGs
[2024-09-30T14:14:01.776+0000] {logging_mixin.py:190} INFO - [2024-09-30T14:14:01.776+0000] {dag.py:4180} INFO - Setting next_dagrun for example_skip_dag to 2024-09-29 00:00:00+00:00, run_after=2024-09-30 00:00:00+00:00
[2024-09-30T14:14:01.789+0000] {processor.py:208} INFO - Processing /home/airflow/.local/lib/python3.12/site-packages/airflow/example_dags/example_skip_dag.py took 0.055 seconds
[2024-09-30T14:14:32.592+0000] {processor.py:186} INFO - Started process (PID=327) to work on /home/airflow/.local/lib/python3.12/site-packages/airflow/example_dags/example_skip_dag.py
[2024-09-30T14:14:32.593+0000] {processor.py:914} INFO - Processing file /home/airflow/.local/lib/python3.12/site-packages/airflow/example_dags/example_skip_dag.py for tasks to queue
[2024-09-30T14:14:32.595+0000] {logging_mixin.py:190} INFO - [2024-09-30T14:14:32.594+0000] {dagbag.py:588} INFO - Filling up the DagBag from /home/airflow/.local/lib/python3.12/site-packages/airflow/example_dags/example_skip_dag.py
[2024-09-30T14:14:32.600+0000] {processor.py:925} INFO - DAG(s) 'example_skip_dag' retrieved from /home/airflow/.local/lib/python3.12/site-packages/airflow/example_dags/example_skip_dag.py
[2024-09-30T14:14:32.615+0000] {logging_mixin.py:190} INFO - [2024-09-30T14:14:32.615+0000] {dag.py:3239} INFO - Sync 1 DAGs
[2024-09-30T14:14:32.630+0000] {logging_mixin.py:190} INFO - [2024-09-30T14:14:32.630+0000] {dag.py:4180} INFO - Setting next_dagrun for example_skip_dag to 2024-09-29 00:00:00+00:00, run_after=2024-09-30 00:00:00+00:00
[2024-09-30T14:14:32.642+0000] {processor.py:208} INFO - Processing /home/airflow/.local/lib/python3.12/site-packages/airflow/example_dags/example_skip_dag.py took 0.060 seconds
[2024-09-30T14:15:02.799+0000] {processor.py:186} INFO - Started process (PID=390) to work on /home/airflow/.local/lib/python3.12/site-packages/airflow/example_dags/example_skip_dag.py
[2024-09-30T14:15:02.800+0000] {processor.py:914} INFO - Processing file /home/airflow/.local/lib/python3.12/site-packages/airflow/example_dags/example_skip_dag.py for tasks to queue
[2024-09-30T14:15:02.801+0000] {logging_mixin.py:190} INFO - [2024-09-30T14:15:02.801+0000] {dagbag.py:588} INFO - Filling up the DagBag from /home/airflow/.local/lib/python3.12/site-packages/airflow/example_dags/example_skip_dag.py
[2024-09-30T14:15:02.807+0000] {processor.py:925} INFO - DAG(s) 'example_skip_dag' retrieved from /home/airflow/.local/lib/python3.12/site-packages/airflow/example_dags/example_skip_dag.py
[2024-09-30T14:15:02.822+0000] {logging_mixin.py:190} INFO - [2024-09-30T14:15:02.822+0000] {dag.py:3239} INFO - Sync 1 DAGs
[2024-09-30T14:15:02.840+0000] {logging_mixin.py:190} INFO - [2024-09-30T14:15:02.840+0000] {dag.py:4180} INFO - Setting next_dagrun for example_skip_dag to 2024-09-29 00:00:00+00:00, run_after=2024-09-30 00:00:00+00:00
[2024-09-30T14:15:02.854+0000] {processor.py:208} INFO - Processing /home/airflow/.local/lib/python3.12/site-packages/airflow/example_dags/example_skip_dag.py took 0.058 seconds
[2024-09-30T14:15:33.763+0000] {processor.py:186} INFO - Started process (PID=453) to work on /home/airflow/.local/lib/python3.12/site-packages/airflow/example_dags/example_skip_dag.py
[2024-09-30T14:15:33.763+0000] {processor.py:914} INFO - Processing file /home/airflow/.local/lib/python3.12/site-packages/airflow/example_dags/example_skip_dag.py for tasks to queue
[2024-09-30T14:15:33.765+0000] {logging_mixin.py:190} INFO - [2024-09-30T14:15:33.764+0000] {dagbag.py:588} INFO - Filling up the DagBag from /home/airflow/.local/lib/python3.12/site-packages/airflow/example_dags/example_skip_dag.py
[2024-09-30T14:15:33.770+0000] {processor.py:925} INFO - DAG(s) 'example_skip_dag' retrieved from /home/airflow/.local/lib/python3.12/site-packages/airflow/example_dags/example_skip_dag.py
[2024-09-30T14:15:33.783+0000] {logging_mixin.py:190} INFO - [2024-09-30T14:15:33.783+0000] {dag.py:3239} INFO - Sync 1 DAGs
[2024-09-30T14:15:33.798+0000] {logging_mixin.py:190} INFO - [2024-09-30T14:15:33.798+0000] {dag.py:4180} INFO - Setting next_dagrun for example_skip_dag to 2024-09-29 00:00:00+00:00, run_after=2024-09-30 00:00:00+00:00
[2024-09-30T14:15:33.810+0000] {processor.py:208} INFO - Processing /home/airflow/.local/lib/python3.12/site-packages/airflow/example_dags/example_skip_dag.py took 0.051 seconds
[2024-09-30T14:16:04.449+0000] {processor.py:186} INFO - Started process (PID=516) to work on /home/airflow/.local/lib/python3.12/site-packages/airflow/example_dags/example_skip_dag.py
[2024-09-30T14:16:04.449+0000] {processor.py:914} INFO - Processing file /home/airflow/.local/lib/python3.12/site-packages/airflow/example_dags/example_skip_dag.py for tasks to queue
[2024-09-30T14:16:04.451+0000] {logging_mixin.py:190} INFO - [2024-09-30T14:16:04.450+0000] {dagbag.py:588} INFO - Filling up the DagBag from /home/airflow/.local/lib/python3.12/site-packages/airflow/example_dags/example_skip_dag.py
[2024-09-30T14:16:04.456+0000] {processor.py:925} INFO - DAG(s) 'example_skip_dag' retrieved from /home/airflow/.local/lib/python3.12/site-packages/airflow/example_dags/example_skip_dag.py
[2024-09-30T14:16:04.469+0000] {logging_mixin.py:190} INFO - [2024-09-30T14:16:04.469+0000] {dag.py:3239} INFO - Sync 1 DAGs
[2024-09-30T14:16:04.484+0000] {logging_mixin.py:190} INFO - [2024-09-30T14:16:04.484+0000] {dag.py:4180} INFO - Setting next_dagrun for example_skip_dag to 2024-09-29 00:00:00+00:00, run_after=2024-09-30 00:00:00+00:00
[2024-09-30T14:16:04.496+0000] {processor.py:208} INFO - Processing /home/airflow/.local/lib/python3.12/site-packages/airflow/example_dags/example_skip_dag.py took 0.051 seconds
[2024-09-30T14:16:35.160+0000] {processor.py:186} INFO - Started process (PID=580) to work on /home/airflow/.local/lib/python3.12/site-packages/airflow/example_dags/example_skip_dag.py
[2024-09-30T14:16:35.160+0000] {processor.py:914} INFO - Processing file /home/airflow/.local/lib/python3.12/site-packages/airflow/example_dags/example_skip_dag.py for tasks to queue
[2024-09-30T14:16:35.162+0000] {logging_mixin.py:190} INFO - [2024-09-30T14:16:35.162+0000] {dagbag.py:588} INFO - Filling up the DagBag from /home/airflow/.local/lib/python3.12/site-packages/airflow/example_dags/example_skip_dag.py
[2024-09-30T14:16:35.168+0000] {processor.py:925} INFO - DAG(s) 'example_skip_dag' retrieved from /home/airflow/.local/lib/python3.12/site-packages/airflow/example_dags/example_skip_dag.py
[2024-09-30T14:16:35.182+0000] {logging_mixin.py:190} INFO - [2024-09-30T14:16:35.182+0000] {dag.py:3239} INFO - Sync 1 DAGs
[2024-09-30T14:16:35.197+0000] {logging_mixin.py:190} INFO - [2024-09-30T14:16:35.197+0000] {dag.py:4180} INFO - Setting next_dagrun for example_skip_dag to 2024-09-29 00:00:00+00:00, run_after=2024-09-30 00:00:00+00:00
[2024-09-30T14:16:35.209+0000] {processor.py:208} INFO - Processing /home/airflow/.local/lib/python3.12/site-packages/airflow/example_dags/example_skip_dag.py took 0.053 seconds
[2024-09-30T14:16:59.763+0000] {processor.py:186} INFO - Started process (PID=63) to work on /home/airflow/.local/lib/python3.12/site-packages/airflow/example_dags/example_skip_dag.py
[2024-09-30T14:16:59.764+0000] {processor.py:914} INFO - Processing file /home/airflow/.local/lib/python3.12/site-packages/airflow/example_dags/example_skip_dag.py for tasks to queue
[2024-09-30T14:16:59.766+0000] {logging_mixin.py:190} INFO - [2024-09-30T14:16:59.765+0000] {dagbag.py:588} INFO - Filling up the DagBag from /home/airflow/.local/lib/python3.12/site-packages/airflow/example_dags/example_skip_dag.py
[2024-09-30T14:16:59.771+0000] {processor.py:925} INFO - DAG(s) 'example_skip_dag' retrieved from /home/airflow/.local/lib/python3.12/site-packages/airflow/example_dags/example_skip_dag.py
[2024-09-30T14:16:59.787+0000] {logging_mixin.py:190} INFO - [2024-09-30T14:16:59.786+0000] {dag.py:3239} INFO - Sync 1 DAGs
[2024-09-30T14:16:59.801+0000] {logging_mixin.py:190} INFO - [2024-09-30T14:16:59.801+0000] {dag.py:4180} INFO - Setting next_dagrun for example_skip_dag to 2024-09-29 00:00:00+00:00, run_after=2024-09-30 00:00:00+00:00
[2024-09-30T14:16:59.815+0000] {processor.py:208} INFO - Processing /home/airflow/.local/lib/python3.12/site-packages/airflow/example_dags/example_skip_dag.py took 0.055 seconds
[2024-09-30T14:17:30.582+0000] {processor.py:186} INFO - Started process (PID=132) to work on /home/airflow/.local/lib/python3.12/site-packages/airflow/example_dags/example_skip_dag.py
[2024-09-30T14:17:30.582+0000] {processor.py:914} INFO - Processing file /home/airflow/.local/lib/python3.12/site-packages/airflow/example_dags/example_skip_dag.py for tasks to queue
[2024-09-30T14:17:30.584+0000] {logging_mixin.py:190} INFO - [2024-09-30T14:17:30.583+0000] {dagbag.py:588} INFO - Filling up the DagBag from /home/airflow/.local/lib/python3.12/site-packages/airflow/example_dags/example_skip_dag.py
[2024-09-30T14:17:30.589+0000] {processor.py:925} INFO - DAG(s) 'example_skip_dag' retrieved from /home/airflow/.local/lib/python3.12/site-packages/airflow/example_dags/example_skip_dag.py
[2024-09-30T14:17:30.603+0000] {logging_mixin.py:190} INFO - [2024-09-30T14:17:30.602+0000] {dag.py:3239} INFO - Sync 1 DAGs
[2024-09-30T14:17:30.619+0000] {logging_mixin.py:190} INFO - [2024-09-30T14:17:30.619+0000] {dag.py:4180} INFO - Setting next_dagrun for example_skip_dag to 2024-09-29 00:00:00+00:00, run_after=2024-09-30 00:00:00+00:00
[2024-09-30T14:17:30.633+0000] {processor.py:208} INFO - Processing /home/airflow/.local/lib/python3.12/site-packages/airflow/example_dags/example_skip_dag.py took 0.054 seconds
[2024-09-30T14:18:02.361+0000] {processor.py:186} INFO - Started process (PID=63) to work on /home/airflow/.local/lib/python3.12/site-packages/airflow/example_dags/example_skip_dag.py
[2024-09-30T14:18:02.362+0000] {processor.py:914} INFO - Processing file /home/airflow/.local/lib/python3.12/site-packages/airflow/example_dags/example_skip_dag.py for tasks to queue
[2024-09-30T14:18:02.364+0000] {logging_mixin.py:190} INFO - [2024-09-30T14:18:02.364+0000] {dagbag.py:588} INFO - Filling up the DagBag from /home/airflow/.local/lib/python3.12/site-packages/airflow/example_dags/example_skip_dag.py
[2024-09-30T14:18:02.369+0000] {processor.py:925} INFO - DAG(s) 'example_skip_dag' retrieved from /home/airflow/.local/lib/python3.12/site-packages/airflow/example_dags/example_skip_dag.py
[2024-09-30T14:18:02.385+0000] {logging_mixin.py:190} INFO - [2024-09-30T14:18:02.385+0000] {dag.py:3239} INFO - Sync 1 DAGs
[2024-09-30T14:18:02.403+0000] {logging_mixin.py:190} INFO - [2024-09-30T14:18:02.403+0000] {dag.py:4180} INFO - Setting next_dagrun for example_skip_dag to 2024-09-29 00:00:00+00:00, run_after=2024-09-30 00:00:00+00:00
[2024-09-30T14:18:02.416+0000] {processor.py:208} INFO - Processing /home/airflow/.local/lib/python3.12/site-packages/airflow/example_dags/example_skip_dag.py took 0.059 seconds
[2024-09-30T14:18:33.402+0000] {processor.py:186} INFO - Started process (PID=132) to work on /home/airflow/.local/lib/python3.12/site-packages/airflow/example_dags/example_skip_dag.py
[2024-09-30T14:18:33.403+0000] {processor.py:914} INFO - Processing file /home/airflow/.local/lib/python3.12/site-packages/airflow/example_dags/example_skip_dag.py for tasks to queue
[2024-09-30T14:18:33.404+0000] {logging_mixin.py:190} INFO - [2024-09-30T14:18:33.404+0000] {dagbag.py:588} INFO - Filling up the DagBag from /home/airflow/.local/lib/python3.12/site-packages/airflow/example_dags/example_skip_dag.py
[2024-09-30T14:18:33.409+0000] {processor.py:925} INFO - DAG(s) 'example_skip_dag' retrieved from /home/airflow/.local/lib/python3.12/site-packages/airflow/example_dags/example_skip_dag.py
[2024-09-30T14:18:33.423+0000] {logging_mixin.py:190} INFO - [2024-09-30T14:18:33.423+0000] {dag.py:3239} INFO - Sync 1 DAGs
[2024-09-30T14:18:33.439+0000] {logging_mixin.py:190} INFO - [2024-09-30T14:18:33.439+0000] {dag.py:4180} INFO - Setting next_dagrun for example_skip_dag to 2024-09-29 00:00:00+00:00, run_after=2024-09-30 00:00:00+00:00
[2024-09-30T14:18:33.452+0000] {processor.py:208} INFO - Processing /home/airflow/.local/lib/python3.12/site-packages/airflow/example_dags/example_skip_dag.py took 0.054 seconds
[2024-09-30T14:19:03.936+0000] {processor.py:186} INFO - Started process (PID=195) to work on /home/airflow/.local/lib/python3.12/site-packages/airflow/example_dags/example_skip_dag.py
[2024-09-30T14:19:03.936+0000] {processor.py:914} INFO - Processing file /home/airflow/.local/lib/python3.12/site-packages/airflow/example_dags/example_skip_dag.py for tasks to queue
[2024-09-30T14:19:03.937+0000] {logging_mixin.py:190} INFO - [2024-09-30T14:19:03.937+0000] {dagbag.py:588} INFO - Filling up the DagBag from /home/airflow/.local/lib/python3.12/site-packages/airflow/example_dags/example_skip_dag.py
[2024-09-30T14:19:03.942+0000] {processor.py:925} INFO - DAG(s) 'example_skip_dag' retrieved from /home/airflow/.local/lib/python3.12/site-packages/airflow/example_dags/example_skip_dag.py
[2024-09-30T14:19:03.956+0000] {logging_mixin.py:190} INFO - [2024-09-30T14:19:03.956+0000] {dag.py:3239} INFO - Sync 1 DAGs
[2024-09-30T14:19:03.970+0000] {logging_mixin.py:190} INFO - [2024-09-30T14:19:03.970+0000] {dag.py:4180} INFO - Setting next_dagrun for example_skip_dag to 2024-09-29 00:00:00+00:00, run_after=2024-09-30 00:00:00+00:00
[2024-09-30T14:19:03.983+0000] {processor.py:208} INFO - Processing /home/airflow/.local/lib/python3.12/site-packages/airflow/example_dags/example_skip_dag.py took 0.051 seconds
[2024-09-30T14:19:46.963+0000] {processor.py:186} INFO - Started process (PID=63) to work on /home/airflow/.local/lib/python3.12/site-packages/airflow/example_dags/example_skip_dag.py
[2024-09-30T14:19:46.964+0000] {processor.py:914} INFO - Processing file /home/airflow/.local/lib/python3.12/site-packages/airflow/example_dags/example_skip_dag.py for tasks to queue
[2024-09-30T14:19:46.965+0000] {logging_mixin.py:190} INFO - [2024-09-30T14:19:46.965+0000] {dagbag.py:588} INFO - Filling up the DagBag from /home/airflow/.local/lib/python3.12/site-packages/airflow/example_dags/example_skip_dag.py
[2024-09-30T14:19:46.971+0000] {processor.py:925} INFO - DAG(s) 'example_skip_dag' retrieved from /home/airflow/.local/lib/python3.12/site-packages/airflow/example_dags/example_skip_dag.py
[2024-09-30T14:19:46.986+0000] {logging_mixin.py:190} INFO - [2024-09-30T14:19:46.986+0000] {dag.py:3239} INFO - Sync 1 DAGs
[2024-09-30T14:19:47.001+0000] {logging_mixin.py:190} INFO - [2024-09-30T14:19:47.001+0000] {dag.py:4180} INFO - Setting next_dagrun for example_skip_dag to 2024-09-29 00:00:00+00:00, run_after=2024-09-30 00:00:00+00:00
[2024-09-30T14:19:47.014+0000] {processor.py:208} INFO - Processing /home/airflow/.local/lib/python3.12/site-packages/airflow/example_dags/example_skip_dag.py took 0.055 seconds
[2024-09-30T14:20:17.881+0000] {processor.py:186} INFO - Started process (PID=126) to work on /home/airflow/.local/lib/python3.12/site-packages/airflow/example_dags/example_skip_dag.py
[2024-09-30T14:20:17.882+0000] {processor.py:914} INFO - Processing file /home/airflow/.local/lib/python3.12/site-packages/airflow/example_dags/example_skip_dag.py for tasks to queue
[2024-09-30T14:20:17.883+0000] {logging_mixin.py:190} INFO - [2024-09-30T14:20:17.883+0000] {dagbag.py:588} INFO - Filling up the DagBag from /home/airflow/.local/lib/python3.12/site-packages/airflow/example_dags/example_skip_dag.py
[2024-09-30T14:20:17.888+0000] {processor.py:925} INFO - DAG(s) 'example_skip_dag' retrieved from /home/airflow/.local/lib/python3.12/site-packages/airflow/example_dags/example_skip_dag.py
[2024-09-30T14:20:17.903+0000] {logging_mixin.py:190} INFO - [2024-09-30T14:20:17.903+0000] {dag.py:3239} INFO - Sync 1 DAGs
[2024-09-30T14:20:17.926+0000] {logging_mixin.py:190} INFO - [2024-09-30T14:20:17.926+0000] {dag.py:4180} INFO - Setting next_dagrun for example_skip_dag to 2024-09-29 00:00:00+00:00, run_after=2024-09-30 00:00:00+00:00
[2024-09-30T14:20:17.951+0000] {processor.py:208} INFO - Processing /home/airflow/.local/lib/python3.12/site-packages/airflow/example_dags/example_skip_dag.py took 0.073 seconds
[2024-09-30T14:20:48.681+0000] {processor.py:186} INFO - Started process (PID=195) to work on /home/airflow/.local/lib/python3.12/site-packages/airflow/example_dags/example_skip_dag.py
[2024-09-30T14:20:48.681+0000] {processor.py:914} INFO - Processing file /home/airflow/.local/lib/python3.12/site-packages/airflow/example_dags/example_skip_dag.py for tasks to queue
[2024-09-30T14:20:48.683+0000] {logging_mixin.py:190} INFO - [2024-09-30T14:20:48.683+0000] {dagbag.py:588} INFO - Filling up the DagBag from /home/airflow/.local/lib/python3.12/site-packages/airflow/example_dags/example_skip_dag.py
[2024-09-30T14:20:48.688+0000] {processor.py:925} INFO - DAG(s) 'example_skip_dag' retrieved from /home/airflow/.local/lib/python3.12/site-packages/airflow/example_dags/example_skip_dag.py
[2024-09-30T14:20:48.704+0000] {logging_mixin.py:190} INFO - [2024-09-30T14:20:48.704+0000] {dag.py:3239} INFO - Sync 1 DAGs
[2024-09-30T14:20:48.720+0000] {logging_mixin.py:190} INFO - [2024-09-30T14:20:48.720+0000] {dag.py:4180} INFO - Setting next_dagrun for example_skip_dag to 2024-09-29 00:00:00+00:00, run_after=2024-09-30 00:00:00+00:00
[2024-09-30T14:20:48.733+0000] {processor.py:208} INFO - Processing /home/airflow/.local/lib/python3.12/site-packages/airflow/example_dags/example_skip_dag.py took 0.055 seconds
[2024-09-30T14:21:19.744+0000] {processor.py:186} INFO - Started process (PID=258) to work on /home/airflow/.local/lib/python3.12/site-packages/airflow/example_dags/example_skip_dag.py
[2024-09-30T14:21:19.745+0000] {processor.py:914} INFO - Processing file /home/airflow/.local/lib/python3.12/site-packages/airflow/example_dags/example_skip_dag.py for tasks to queue
[2024-09-30T14:21:19.747+0000] {logging_mixin.py:190} INFO - [2024-09-30T14:21:19.746+0000] {dagbag.py:588} INFO - Filling up the DagBag from /home/airflow/.local/lib/python3.12/site-packages/airflow/example_dags/example_skip_dag.py
[2024-09-30T14:21:19.752+0000] {processor.py:925} INFO - DAG(s) 'example_skip_dag' retrieved from /home/airflow/.local/lib/python3.12/site-packages/airflow/example_dags/example_skip_dag.py
[2024-09-30T14:21:19.766+0000] {logging_mixin.py:190} INFO - [2024-09-30T14:21:19.766+0000] {dag.py:3239} INFO - Sync 1 DAGs
[2024-09-30T14:21:19.785+0000] {logging_mixin.py:190} INFO - [2024-09-30T14:21:19.784+0000] {dag.py:4180} INFO - Setting next_dagrun for example_skip_dag to 2024-09-29 00:00:00+00:00, run_after=2024-09-30 00:00:00+00:00
[2024-09-30T14:21:19.798+0000] {processor.py:208} INFO - Processing /home/airflow/.local/lib/python3.12/site-packages/airflow/example_dags/example_skip_dag.py took 0.058 seconds
[2024-09-30T14:21:49.835+0000] {processor.py:186} INFO - Started process (PID=321) to work on /home/airflow/.local/lib/python3.12/site-packages/airflow/example_dags/example_skip_dag.py
[2024-09-30T14:21:49.836+0000] {processor.py:914} INFO - Processing file /home/airflow/.local/lib/python3.12/site-packages/airflow/example_dags/example_skip_dag.py for tasks to queue
[2024-09-30T14:21:49.837+0000] {logging_mixin.py:190} INFO - [2024-09-30T14:21:49.837+0000] {dagbag.py:588} INFO - Filling up the DagBag from /home/airflow/.local/lib/python3.12/site-packages/airflow/example_dags/example_skip_dag.py
[2024-09-30T14:21:49.842+0000] {processor.py:925} INFO - DAG(s) 'example_skip_dag' retrieved from /home/airflow/.local/lib/python3.12/site-packages/airflow/example_dags/example_skip_dag.py
[2024-09-30T14:21:49.857+0000] {logging_mixin.py:190} INFO - [2024-09-30T14:21:49.857+0000] {dag.py:3239} INFO - Sync 1 DAGs
[2024-09-30T14:21:49.872+0000] {logging_mixin.py:190} INFO - [2024-09-30T14:21:49.872+0000] {dag.py:4180} INFO - Setting next_dagrun for example_skip_dag to 2024-09-29 00:00:00+00:00, run_after=2024-09-30 00:00:00+00:00
[2024-09-30T14:21:49.884+0000] {processor.py:208} INFO - Processing /home/airflow/.local/lib/python3.12/site-packages/airflow/example_dags/example_skip_dag.py took 0.052 seconds
[2024-09-30T14:22:20.756+0000] {processor.py:186} INFO - Started process (PID=384) to work on /home/airflow/.local/lib/python3.12/site-packages/airflow/example_dags/example_skip_dag.py
[2024-09-30T14:22:20.756+0000] {processor.py:914} INFO - Processing file /home/airflow/.local/lib/python3.12/site-packages/airflow/example_dags/example_skip_dag.py for tasks to queue
[2024-09-30T14:22:20.758+0000] {logging_mixin.py:190} INFO - [2024-09-30T14:22:20.758+0000] {dagbag.py:588} INFO - Filling up the DagBag from /home/airflow/.local/lib/python3.12/site-packages/airflow/example_dags/example_skip_dag.py
[2024-09-30T14:22:20.763+0000] {processor.py:925} INFO - DAG(s) 'example_skip_dag' retrieved from /home/airflow/.local/lib/python3.12/site-packages/airflow/example_dags/example_skip_dag.py
[2024-09-30T14:22:20.776+0000] {logging_mixin.py:190} INFO - [2024-09-30T14:22:20.776+0000] {dag.py:3239} INFO - Sync 1 DAGs
[2024-09-30T14:22:20.791+0000] {logging_mixin.py:190} INFO - [2024-09-30T14:22:20.791+0000] {dag.py:4180} INFO - Setting next_dagrun for example_skip_dag to 2024-09-29 00:00:00+00:00, run_after=2024-09-30 00:00:00+00:00
[2024-09-30T14:22:20.803+0000] {processor.py:208} INFO - Processing /home/airflow/.local/lib/python3.12/site-packages/airflow/example_dags/example_skip_dag.py took 0.051 seconds
[2024-09-30T14:22:51.486+0000] {processor.py:186} INFO - Started process (PID=447) to work on /home/airflow/.local/lib/python3.12/site-packages/airflow/example_dags/example_skip_dag.py
[2024-09-30T14:22:51.487+0000] {processor.py:914} INFO - Processing file /home/airflow/.local/lib/python3.12/site-packages/airflow/example_dags/example_skip_dag.py for tasks to queue
[2024-09-30T14:22:51.488+0000] {logging_mixin.py:190} INFO - [2024-09-30T14:22:51.488+0000] {dagbag.py:588} INFO - Filling up the DagBag from /home/airflow/.local/lib/python3.12/site-packages/airflow/example_dags/example_skip_dag.py
[2024-09-30T14:22:51.493+0000] {processor.py:925} INFO - DAG(s) 'example_skip_dag' retrieved from /home/airflow/.local/lib/python3.12/site-packages/airflow/example_dags/example_skip_dag.py
[2024-09-30T14:22:51.507+0000] {logging_mixin.py:190} INFO - [2024-09-30T14:22:51.507+0000] {dag.py:3239} INFO - Sync 1 DAGs
[2024-09-30T14:22:51.523+0000] {logging_mixin.py:190} INFO - [2024-09-30T14:22:51.523+0000] {dag.py:4180} INFO - Setting next_dagrun for example_skip_dag to 2024-09-29 00:00:00+00:00, run_after=2024-09-30 00:00:00+00:00
[2024-09-30T14:22:51.536+0000] {processor.py:208} INFO - Processing /home/airflow/.local/lib/python3.12/site-packages/airflow/example_dags/example_skip_dag.py took 0.054 seconds
[2024-09-30T14:23:22.112+0000] {processor.py:186} INFO - Started process (PID=510) to work on /home/airflow/.local/lib/python3.12/site-packages/airflow/example_dags/example_skip_dag.py
[2024-09-30T14:23:22.113+0000] {processor.py:914} INFO - Processing file /home/airflow/.local/lib/python3.12/site-packages/airflow/example_dags/example_skip_dag.py for tasks to queue
[2024-09-30T14:23:22.114+0000] {logging_mixin.py:190} INFO - [2024-09-30T14:23:22.114+0000] {dagbag.py:588} INFO - Filling up the DagBag from /home/airflow/.local/lib/python3.12/site-packages/airflow/example_dags/example_skip_dag.py
[2024-09-30T14:23:22.119+0000] {processor.py:925} INFO - DAG(s) 'example_skip_dag' retrieved from /home/airflow/.local/lib/python3.12/site-packages/airflow/example_dags/example_skip_dag.py
[2024-09-30T14:23:22.132+0000] {logging_mixin.py:190} INFO - [2024-09-30T14:23:22.131+0000] {dag.py:3239} INFO - Sync 1 DAGs
[2024-09-30T14:23:22.145+0000] {logging_mixin.py:190} INFO - [2024-09-30T14:23:22.145+0000] {dag.py:4180} INFO - Setting next_dagrun for example_skip_dag to 2024-09-29 00:00:00+00:00, run_after=2024-09-30 00:00:00+00:00
[2024-09-30T14:23:22.157+0000] {processor.py:208} INFO - Processing /home/airflow/.local/lib/python3.12/site-packages/airflow/example_dags/example_skip_dag.py took 0.048 seconds
[2024-09-30T14:23:52.972+0000] {processor.py:186} INFO - Started process (PID=573) to work on /home/airflow/.local/lib/python3.12/site-packages/airflow/example_dags/example_skip_dag.py
[2024-09-30T14:23:52.973+0000] {processor.py:914} INFO - Processing file /home/airflow/.local/lib/python3.12/site-packages/airflow/example_dags/example_skip_dag.py for tasks to queue
[2024-09-30T14:23:52.974+0000] {logging_mixin.py:190} INFO - [2024-09-30T14:23:52.974+0000] {dagbag.py:588} INFO - Filling up the DagBag from /home/airflow/.local/lib/python3.12/site-packages/airflow/example_dags/example_skip_dag.py
[2024-09-30T14:23:52.980+0000] {processor.py:925} INFO - DAG(s) 'example_skip_dag' retrieved from /home/airflow/.local/lib/python3.12/site-packages/airflow/example_dags/example_skip_dag.py
[2024-09-30T14:23:52.996+0000] {logging_mixin.py:190} INFO - [2024-09-30T14:23:52.996+0000] {dag.py:3239} INFO - Sync 1 DAGs
[2024-09-30T14:23:53.022+0000] {logging_mixin.py:190} INFO - [2024-09-30T14:23:53.022+0000] {dag.py:4180} INFO - Setting next_dagrun for example_skip_dag to 2024-09-29 00:00:00+00:00, run_after=2024-09-30 00:00:00+00:00
[2024-09-30T14:23:53.036+0000] {processor.py:208} INFO - Processing /home/airflow/.local/lib/python3.12/site-packages/airflow/example_dags/example_skip_dag.py took 0.068 seconds
[2024-09-30T14:24:23.727+0000] {processor.py:186} INFO - Started process (PID=636) to work on /home/airflow/.local/lib/python3.12/site-packages/airflow/example_dags/example_skip_dag.py
[2024-09-30T14:24:23.728+0000] {processor.py:914} INFO - Processing file /home/airflow/.local/lib/python3.12/site-packages/airflow/example_dags/example_skip_dag.py for tasks to queue
[2024-09-30T14:24:23.729+0000] {logging_mixin.py:190} INFO - [2024-09-30T14:24:23.729+0000] {dagbag.py:588} INFO - Filling up the DagBag from /home/airflow/.local/lib/python3.12/site-packages/airflow/example_dags/example_skip_dag.py
[2024-09-30T14:24:23.735+0000] {processor.py:925} INFO - DAG(s) 'example_skip_dag' retrieved from /home/airflow/.local/lib/python3.12/site-packages/airflow/example_dags/example_skip_dag.py
[2024-09-30T14:24:23.750+0000] {logging_mixin.py:190} INFO - [2024-09-30T14:24:23.750+0000] {dag.py:3239} INFO - Sync 1 DAGs
[2024-09-30T14:24:23.765+0000] {logging_mixin.py:190} INFO - [2024-09-30T14:24:23.765+0000] {dag.py:4180} INFO - Setting next_dagrun for example_skip_dag to 2024-09-29 00:00:00+00:00, run_after=2024-09-30 00:00:00+00:00
[2024-09-30T14:24:23.777+0000] {processor.py:208} INFO - Processing /home/airflow/.local/lib/python3.12/site-packages/airflow/example_dags/example_skip_dag.py took 0.054 seconds
[2024-09-30T14:24:54.297+0000] {processor.py:186} INFO - Started process (PID=699) to work on /home/airflow/.local/lib/python3.12/site-packages/airflow/example_dags/example_skip_dag.py
[2024-09-30T14:24:54.297+0000] {processor.py:914} INFO - Processing file /home/airflow/.local/lib/python3.12/site-packages/airflow/example_dags/example_skip_dag.py for tasks to queue
[2024-09-30T14:24:54.299+0000] {logging_mixin.py:190} INFO - [2024-09-30T14:24:54.298+0000] {dagbag.py:588} INFO - Filling up the DagBag from /home/airflow/.local/lib/python3.12/site-packages/airflow/example_dags/example_skip_dag.py
[2024-09-30T14:24:54.304+0000] {processor.py:925} INFO - DAG(s) 'example_skip_dag' retrieved from /home/airflow/.local/lib/python3.12/site-packages/airflow/example_dags/example_skip_dag.py
[2024-09-30T14:24:54.317+0000] {logging_mixin.py:190} INFO - [2024-09-30T14:24:54.317+0000] {dag.py:3239} INFO - Sync 1 DAGs
[2024-09-30T14:24:54.331+0000] {logging_mixin.py:190} INFO - [2024-09-30T14:24:54.331+0000] {dag.py:4180} INFO - Setting next_dagrun for example_skip_dag to 2024-09-29 00:00:00+00:00, run_after=2024-09-30 00:00:00+00:00
[2024-09-30T14:24:54.343+0000] {processor.py:208} INFO - Processing /home/airflow/.local/lib/python3.12/site-packages/airflow/example_dags/example_skip_dag.py took 0.050 seconds
[2024-09-30T14:25:25.063+0000] {processor.py:186} INFO - Started process (PID=762) to work on /home/airflow/.local/lib/python3.12/site-packages/airflow/example_dags/example_skip_dag.py
[2024-09-30T14:25:25.064+0000] {processor.py:914} INFO - Processing file /home/airflow/.local/lib/python3.12/site-packages/airflow/example_dags/example_skip_dag.py for tasks to queue
[2024-09-30T14:25:25.065+0000] {logging_mixin.py:190} INFO - [2024-09-30T14:25:25.065+0000] {dagbag.py:588} INFO - Filling up the DagBag from /home/airflow/.local/lib/python3.12/site-packages/airflow/example_dags/example_skip_dag.py
[2024-09-30T14:25:25.070+0000] {processor.py:925} INFO - DAG(s) 'example_skip_dag' retrieved from /home/airflow/.local/lib/python3.12/site-packages/airflow/example_dags/example_skip_dag.py
[2024-09-30T14:25:25.084+0000] {logging_mixin.py:190} INFO - [2024-09-30T14:25:25.084+0000] {dag.py:3239} INFO - Sync 1 DAGs
[2024-09-30T14:25:25.101+0000] {logging_mixin.py:190} INFO - [2024-09-30T14:25:25.101+0000] {dag.py:4180} INFO - Setting next_dagrun for example_skip_dag to 2024-09-29 00:00:00+00:00, run_after=2024-09-30 00:00:00+00:00
[2024-09-30T14:25:25.114+0000] {processor.py:208} INFO - Processing /home/airflow/.local/lib/python3.12/site-packages/airflow/example_dags/example_skip_dag.py took 0.055 seconds
[2024-09-30T14:25:55.762+0000] {processor.py:186} INFO - Started process (PID=825) to work on /home/airflow/.local/lib/python3.12/site-packages/airflow/example_dags/example_skip_dag.py
[2024-09-30T14:25:55.762+0000] {processor.py:914} INFO - Processing file /home/airflow/.local/lib/python3.12/site-packages/airflow/example_dags/example_skip_dag.py for tasks to queue
[2024-09-30T14:25:55.764+0000] {logging_mixin.py:190} INFO - [2024-09-30T14:25:55.764+0000] {dagbag.py:588} INFO - Filling up the DagBag from /home/airflow/.local/lib/python3.12/site-packages/airflow/example_dags/example_skip_dag.py
[2024-09-30T14:25:55.769+0000] {processor.py:925} INFO - DAG(s) 'example_skip_dag' retrieved from /home/airflow/.local/lib/python3.12/site-packages/airflow/example_dags/example_skip_dag.py
[2024-09-30T14:25:55.782+0000] {logging_mixin.py:190} INFO - [2024-09-30T14:25:55.782+0000] {dag.py:3239} INFO - Sync 1 DAGs
[2024-09-30T14:25:55.798+0000] {logging_mixin.py:190} INFO - [2024-09-30T14:25:55.798+0000] {dag.py:4180} INFO - Setting next_dagrun for example_skip_dag to 2024-09-29 00:00:00+00:00, run_after=2024-09-30 00:00:00+00:00
[2024-09-30T14:25:55.810+0000] {processor.py:208} INFO - Processing /home/airflow/.local/lib/python3.12/site-packages/airflow/example_dags/example_skip_dag.py took 0.052 seconds
[2024-09-30T14:26:26.723+0000] {processor.py:186} INFO - Started process (PID=888) to work on /home/airflow/.local/lib/python3.12/site-packages/airflow/example_dags/example_skip_dag.py
[2024-09-30T14:26:26.724+0000] {processor.py:914} INFO - Processing file /home/airflow/.local/lib/python3.12/site-packages/airflow/example_dags/example_skip_dag.py for tasks to queue
[2024-09-30T14:26:26.725+0000] {logging_mixin.py:190} INFO - [2024-09-30T14:26:26.725+0000] {dagbag.py:588} INFO - Filling up the DagBag from /home/airflow/.local/lib/python3.12/site-packages/airflow/example_dags/example_skip_dag.py
[2024-09-30T14:26:26.731+0000] {processor.py:925} INFO - DAG(s) 'example_skip_dag' retrieved from /home/airflow/.local/lib/python3.12/site-packages/airflow/example_dags/example_skip_dag.py
[2024-09-30T14:26:26.745+0000] {logging_mixin.py:190} INFO - [2024-09-30T14:26:26.744+0000] {dag.py:3239} INFO - Sync 1 DAGs
[2024-09-30T14:26:26.761+0000] {logging_mixin.py:190} INFO - [2024-09-30T14:26:26.760+0000] {dag.py:4180} INFO - Setting next_dagrun for example_skip_dag to 2024-09-29 00:00:00+00:00, run_after=2024-09-30 00:00:00+00:00
[2024-09-30T14:26:26.774+0000] {processor.py:208} INFO - Processing /home/airflow/.local/lib/python3.12/site-packages/airflow/example_dags/example_skip_dag.py took 0.054 seconds
[2024-09-30T14:26:57.484+0000] {processor.py:186} INFO - Started process (PID=951) to work on /home/airflow/.local/lib/python3.12/site-packages/airflow/example_dags/example_skip_dag.py
[2024-09-30T14:26:57.485+0000] {processor.py:914} INFO - Processing file /home/airflow/.local/lib/python3.12/site-packages/airflow/example_dags/example_skip_dag.py for tasks to queue
[2024-09-30T14:26:57.486+0000] {logging_mixin.py:190} INFO - [2024-09-30T14:26:57.486+0000] {dagbag.py:588} INFO - Filling up the DagBag from /home/airflow/.local/lib/python3.12/site-packages/airflow/example_dags/example_skip_dag.py
[2024-09-30T14:26:57.491+0000] {processor.py:925} INFO - DAG(s) 'example_skip_dag' retrieved from /home/airflow/.local/lib/python3.12/site-packages/airflow/example_dags/example_skip_dag.py
[2024-09-30T14:26:57.504+0000] {logging_mixin.py:190} INFO - [2024-09-30T14:26:57.504+0000] {dag.py:3239} INFO - Sync 1 DAGs
[2024-09-30T14:26:57.518+0000] {logging_mixin.py:190} INFO - [2024-09-30T14:26:57.518+0000] {dag.py:4180} INFO - Setting next_dagrun for example_skip_dag to 2024-09-29 00:00:00+00:00, run_after=2024-09-30 00:00:00+00:00
[2024-09-30T14:26:57.531+0000] {processor.py:208} INFO - Processing /home/airflow/.local/lib/python3.12/site-packages/airflow/example_dags/example_skip_dag.py took 0.051 seconds
[2024-09-30T14:27:27.983+0000] {processor.py:186} INFO - Started process (PID=1014) to work on /home/airflow/.local/lib/python3.12/site-packages/airflow/example_dags/example_skip_dag.py
[2024-09-30T14:27:27.984+0000] {processor.py:914} INFO - Processing file /home/airflow/.local/lib/python3.12/site-packages/airflow/example_dags/example_skip_dag.py for tasks to queue
[2024-09-30T14:27:27.986+0000] {logging_mixin.py:190} INFO - [2024-09-30T14:27:27.986+0000] {dagbag.py:588} INFO - Filling up the DagBag from /home/airflow/.local/lib/python3.12/site-packages/airflow/example_dags/example_skip_dag.py
[2024-09-30T14:27:27.991+0000] {processor.py:925} INFO - DAG(s) 'example_skip_dag' retrieved from /home/airflow/.local/lib/python3.12/site-packages/airflow/example_dags/example_skip_dag.py
[2024-09-30T14:27:28.005+0000] {logging_mixin.py:190} INFO - [2024-09-30T14:27:28.005+0000] {dag.py:3239} INFO - Sync 1 DAGs
[2024-09-30T14:27:28.020+0000] {logging_mixin.py:190} INFO - [2024-09-30T14:27:28.020+0000] {dag.py:4180} INFO - Setting next_dagrun for example_skip_dag to 2024-09-29 00:00:00+00:00, run_after=2024-09-30 00:00:00+00:00
[2024-09-30T14:27:28.033+0000] {processor.py:208} INFO - Processing /home/airflow/.local/lib/python3.12/site-packages/airflow/example_dags/example_skip_dag.py took 0.054 seconds
[2024-09-30T14:27:58.657+0000] {processor.py:186} INFO - Started process (PID=1077) to work on /home/airflow/.local/lib/python3.12/site-packages/airflow/example_dags/example_skip_dag.py
[2024-09-30T14:27:58.657+0000] {processor.py:914} INFO - Processing file /home/airflow/.local/lib/python3.12/site-packages/airflow/example_dags/example_skip_dag.py for tasks to queue
[2024-09-30T14:27:58.659+0000] {logging_mixin.py:190} INFO - [2024-09-30T14:27:58.659+0000] {dagbag.py:588} INFO - Filling up the DagBag from /home/airflow/.local/lib/python3.12/site-packages/airflow/example_dags/example_skip_dag.py
[2024-09-30T14:27:58.664+0000] {processor.py:925} INFO - DAG(s) 'example_skip_dag' retrieved from /home/airflow/.local/lib/python3.12/site-packages/airflow/example_dags/example_skip_dag.py
[2024-09-30T14:27:58.678+0000] {logging_mixin.py:190} INFO - [2024-09-30T14:27:58.678+0000] {dag.py:3239} INFO - Sync 1 DAGs
[2024-09-30T14:27:58.694+0000] {logging_mixin.py:190} INFO - [2024-09-30T14:27:58.694+0000] {dag.py:4180} INFO - Setting next_dagrun for example_skip_dag to 2024-09-29 00:00:00+00:00, run_after=2024-09-30 00:00:00+00:00
[2024-09-30T14:27:58.706+0000] {processor.py:208} INFO - Processing /home/airflow/.local/lib/python3.12/site-packages/airflow/example_dags/example_skip_dag.py took 0.053 seconds
[2024-09-30T14:28:29.417+0000] {processor.py:186} INFO - Started process (PID=1140) to work on /home/airflow/.local/lib/python3.12/site-packages/airflow/example_dags/example_skip_dag.py
[2024-09-30T14:28:29.418+0000] {processor.py:914} INFO - Processing file /home/airflow/.local/lib/python3.12/site-packages/airflow/example_dags/example_skip_dag.py for tasks to queue
[2024-09-30T14:28:29.420+0000] {logging_mixin.py:190} INFO - [2024-09-30T14:28:29.420+0000] {dagbag.py:588} INFO - Filling up the DagBag from /home/airflow/.local/lib/python3.12/site-packages/airflow/example_dags/example_skip_dag.py
[2024-09-30T14:28:29.427+0000] {processor.py:925} INFO - DAG(s) 'example_skip_dag' retrieved from /home/airflow/.local/lib/python3.12/site-packages/airflow/example_dags/example_skip_dag.py
[2024-09-30T14:28:29.446+0000] {logging_mixin.py:190} INFO - [2024-09-30T14:28:29.446+0000] {dag.py:3239} INFO - Sync 1 DAGs
[2024-09-30T14:28:29.465+0000] {logging_mixin.py:190} INFO - [2024-09-30T14:28:29.465+0000] {dag.py:4180} INFO - Setting next_dagrun for example_skip_dag to 2024-09-29 00:00:00+00:00, run_after=2024-09-30 00:00:00+00:00
[2024-09-30T14:28:29.478+0000] {processor.py:208} INFO - Processing /home/airflow/.local/lib/python3.12/site-packages/airflow/example_dags/example_skip_dag.py took 0.065 seconds
[2024-09-30T14:29:00.111+0000] {processor.py:186} INFO - Started process (PID=1204) to work on /home/airflow/.local/lib/python3.12/site-packages/airflow/example_dags/example_skip_dag.py
[2024-09-30T14:29:00.112+0000] {processor.py:914} INFO - Processing file /home/airflow/.local/lib/python3.12/site-packages/airflow/example_dags/example_skip_dag.py for tasks to queue
[2024-09-30T14:29:00.113+0000] {logging_mixin.py:190} INFO - [2024-09-30T14:29:00.113+0000] {dagbag.py:588} INFO - Filling up the DagBag from /home/airflow/.local/lib/python3.12/site-packages/airflow/example_dags/example_skip_dag.py
[2024-09-30T14:29:00.118+0000] {processor.py:925} INFO - DAG(s) 'example_skip_dag' retrieved from /home/airflow/.local/lib/python3.12/site-packages/airflow/example_dags/example_skip_dag.py
[2024-09-30T14:29:00.133+0000] {logging_mixin.py:190} INFO - [2024-09-30T14:29:00.133+0000] {dag.py:3239} INFO - Sync 1 DAGs
[2024-09-30T14:29:00.151+0000] {logging_mixin.py:190} INFO - [2024-09-30T14:29:00.151+0000] {dag.py:4180} INFO - Setting next_dagrun for example_skip_dag to 2024-09-29 00:00:00+00:00, run_after=2024-09-30 00:00:00+00:00
[2024-09-30T14:29:00.164+0000] {processor.py:208} INFO - Processing /home/airflow/.local/lib/python3.12/site-packages/airflow/example_dags/example_skip_dag.py took 0.056 seconds
[2024-09-30T14:29:31.620+0000] {processor.py:186} INFO - Started process (PID=1267) to work on /home/airflow/.local/lib/python3.12/site-packages/airflow/example_dags/example_skip_dag.py
[2024-09-30T14:29:31.621+0000] {processor.py:914} INFO - Processing file /home/airflow/.local/lib/python3.12/site-packages/airflow/example_dags/example_skip_dag.py for tasks to queue
[2024-09-30T14:29:31.623+0000] {logging_mixin.py:190} INFO - [2024-09-30T14:29:31.623+0000] {dagbag.py:588} INFO - Filling up the DagBag from /home/airflow/.local/lib/python3.12/site-packages/airflow/example_dags/example_skip_dag.py
[2024-09-30T14:29:31.630+0000] {processor.py:925} INFO - DAG(s) 'example_skip_dag' retrieved from /home/airflow/.local/lib/python3.12/site-packages/airflow/example_dags/example_skip_dag.py
[2024-09-30T14:29:31.647+0000] {logging_mixin.py:190} INFO - [2024-09-30T14:29:31.647+0000] {dag.py:3239} INFO - Sync 1 DAGs
[2024-09-30T14:29:31.663+0000] {logging_mixin.py:190} INFO - [2024-09-30T14:29:31.663+0000] {dag.py:4180} INFO - Setting next_dagrun for example_skip_dag to 2024-09-29 00:00:00+00:00, run_after=2024-09-30 00:00:00+00:00
[2024-09-30T14:29:31.675+0000] {processor.py:208} INFO - Processing /home/airflow/.local/lib/python3.12/site-packages/airflow/example_dags/example_skip_dag.py took 0.059 seconds
[2024-09-30T14:29:53.268+0000] {processor.py:186} INFO - Started process (PID=63) to work on /home/airflow/.local/lib/python3.12/site-packages/airflow/example_dags/example_skip_dag.py
[2024-09-30T14:29:53.269+0000] {processor.py:914} INFO - Processing file /home/airflow/.local/lib/python3.12/site-packages/airflow/example_dags/example_skip_dag.py for tasks to queue
[2024-09-30T14:29:53.271+0000] {logging_mixin.py:190} INFO - [2024-09-30T14:29:53.270+0000] {dagbag.py:588} INFO - Filling up the DagBag from /home/airflow/.local/lib/python3.12/site-packages/airflow/example_dags/example_skip_dag.py
[2024-09-30T14:29:53.276+0000] {processor.py:925} INFO - DAG(s) 'example_skip_dag' retrieved from /home/airflow/.local/lib/python3.12/site-packages/airflow/example_dags/example_skip_dag.py
[2024-09-30T14:29:53.291+0000] {logging_mixin.py:190} INFO - [2024-09-30T14:29:53.291+0000] {dag.py:3239} INFO - Sync 1 DAGs
[2024-09-30T14:29:53.307+0000] {logging_mixin.py:190} INFO - [2024-09-30T14:29:53.306+0000] {dag.py:4180} INFO - Setting next_dagrun for example_skip_dag to 2024-09-29 00:00:00+00:00, run_after=2024-09-30 00:00:00+00:00
[2024-09-30T14:29:53.321+0000] {processor.py:208} INFO - Processing /home/airflow/.local/lib/python3.12/site-packages/airflow/example_dags/example_skip_dag.py took 0.056 seconds
[2024-09-30T14:30:24.108+0000] {processor.py:186} INFO - Started process (PID=126) to work on /home/airflow/.local/lib/python3.12/site-packages/airflow/example_dags/example_skip_dag.py
[2024-09-30T14:30:24.108+0000] {processor.py:914} INFO - Processing file /home/airflow/.local/lib/python3.12/site-packages/airflow/example_dags/example_skip_dag.py for tasks to queue
[2024-09-30T14:30:24.110+0000] {logging_mixin.py:190} INFO - [2024-09-30T14:30:24.110+0000] {dagbag.py:588} INFO - Filling up the DagBag from /home/airflow/.local/lib/python3.12/site-packages/airflow/example_dags/example_skip_dag.py
[2024-09-30T14:30:24.116+0000] {processor.py:925} INFO - DAG(s) 'example_skip_dag' retrieved from /home/airflow/.local/lib/python3.12/site-packages/airflow/example_dags/example_skip_dag.py
[2024-09-30T14:30:24.133+0000] {logging_mixin.py:190} INFO - [2024-09-30T14:30:24.132+0000] {dag.py:3239} INFO - Sync 1 DAGs
[2024-09-30T14:30:24.148+0000] {logging_mixin.py:190} INFO - [2024-09-30T14:30:24.148+0000] {dag.py:4180} INFO - Setting next_dagrun for example_skip_dag to 2024-09-29 00:00:00+00:00, run_after=2024-09-30 00:00:00+00:00
[2024-09-30T14:30:24.160+0000] {processor.py:208} INFO - Processing /home/airflow/.local/lib/python3.12/site-packages/airflow/example_dags/example_skip_dag.py took 0.056 seconds
[2024-09-30T14:30:54.946+0000] {processor.py:186} INFO - Started process (PID=195) to work on /home/airflow/.local/lib/python3.12/site-packages/airflow/example_dags/example_skip_dag.py
[2024-09-30T14:30:54.947+0000] {processor.py:914} INFO - Processing file /home/airflow/.local/lib/python3.12/site-packages/airflow/example_dags/example_skip_dag.py for tasks to queue
[2024-09-30T14:30:54.948+0000] {logging_mixin.py:190} INFO - [2024-09-30T14:30:54.948+0000] {dagbag.py:588} INFO - Filling up the DagBag from /home/airflow/.local/lib/python3.12/site-packages/airflow/example_dags/example_skip_dag.py
[2024-09-30T14:30:54.953+0000] {processor.py:925} INFO - DAG(s) 'example_skip_dag' retrieved from /home/airflow/.local/lib/python3.12/site-packages/airflow/example_dags/example_skip_dag.py
[2024-09-30T14:30:54.970+0000] {logging_mixin.py:190} INFO - [2024-09-30T14:30:54.970+0000] {dag.py:3239} INFO - Sync 1 DAGs
[2024-09-30T14:30:54.985+0000] {logging_mixin.py:190} INFO - [2024-09-30T14:30:54.984+0000] {dag.py:4180} INFO - Setting next_dagrun for example_skip_dag to 2024-09-29 00:00:00+00:00, run_after=2024-09-30 00:00:00+00:00
[2024-09-30T14:30:54.997+0000] {processor.py:208} INFO - Processing /home/airflow/.local/lib/python3.12/site-packages/airflow/example_dags/example_skip_dag.py took 0.055 seconds
[2024-09-30T14:31:25.727+0000] {processor.py:186} INFO - Started process (PID=258) to work on /home/airflow/.local/lib/python3.12/site-packages/airflow/example_dags/example_skip_dag.py
[2024-09-30T14:31:25.727+0000] {processor.py:914} INFO - Processing file /home/airflow/.local/lib/python3.12/site-packages/airflow/example_dags/example_skip_dag.py for tasks to queue
[2024-09-30T14:31:25.729+0000] {logging_mixin.py:190} INFO - [2024-09-30T14:31:25.729+0000] {dagbag.py:588} INFO - Filling up the DagBag from /home/airflow/.local/lib/python3.12/site-packages/airflow/example_dags/example_skip_dag.py
[2024-09-30T14:31:25.734+0000] {processor.py:925} INFO - DAG(s) 'example_skip_dag' retrieved from /home/airflow/.local/lib/python3.12/site-packages/airflow/example_dags/example_skip_dag.py
[2024-09-30T14:31:25.748+0000] {logging_mixin.py:190} INFO - [2024-09-30T14:31:25.747+0000] {dag.py:3239} INFO - Sync 1 DAGs
[2024-09-30T14:31:25.762+0000] {logging_mixin.py:190} INFO - [2024-09-30T14:31:25.762+0000] {dag.py:4180} INFO - Setting next_dagrun for example_skip_dag to 2024-09-29 00:00:00+00:00, run_after=2024-09-30 00:00:00+00:00
[2024-09-30T14:31:25.776+0000] {processor.py:208} INFO - Processing /home/airflow/.local/lib/python3.12/site-packages/airflow/example_dags/example_skip_dag.py took 0.054 seconds
[2024-09-30T14:31:56.461+0000] {processor.py:186} INFO - Started process (PID=321) to work on /home/airflow/.local/lib/python3.12/site-packages/airflow/example_dags/example_skip_dag.py
[2024-09-30T14:31:56.462+0000] {processor.py:914} INFO - Processing file /home/airflow/.local/lib/python3.12/site-packages/airflow/example_dags/example_skip_dag.py for tasks to queue
[2024-09-30T14:31:56.463+0000] {logging_mixin.py:190} INFO - [2024-09-30T14:31:56.463+0000] {dagbag.py:588} INFO - Filling up the DagBag from /home/airflow/.local/lib/python3.12/site-packages/airflow/example_dags/example_skip_dag.py
[2024-09-30T14:31:56.468+0000] {processor.py:925} INFO - DAG(s) 'example_skip_dag' retrieved from /home/airflow/.local/lib/python3.12/site-packages/airflow/example_dags/example_skip_dag.py
[2024-09-30T14:31:56.481+0000] {logging_mixin.py:190} INFO - [2024-09-30T14:31:56.481+0000] {dag.py:3239} INFO - Sync 1 DAGs
[2024-09-30T14:31:56.497+0000] {logging_mixin.py:190} INFO - [2024-09-30T14:31:56.497+0000] {dag.py:4180} INFO - Setting next_dagrun for example_skip_dag to 2024-09-29 00:00:00+00:00, run_after=2024-09-30 00:00:00+00:00
[2024-09-30T14:31:56.509+0000] {processor.py:208} INFO - Processing /home/airflow/.local/lib/python3.12/site-packages/airflow/example_dags/example_skip_dag.py took 0.052 seconds
[2024-09-30T14:32:27.166+0000] {processor.py:186} INFO - Started process (PID=384) to work on /home/airflow/.local/lib/python3.12/site-packages/airflow/example_dags/example_skip_dag.py
[2024-09-30T14:32:27.167+0000] {processor.py:914} INFO - Processing file /home/airflow/.local/lib/python3.12/site-packages/airflow/example_dags/example_skip_dag.py for tasks to queue
[2024-09-30T14:32:27.169+0000] {logging_mixin.py:190} INFO - [2024-09-30T14:32:27.169+0000] {dagbag.py:588} INFO - Filling up the DagBag from /home/airflow/.local/lib/python3.12/site-packages/airflow/example_dags/example_skip_dag.py
[2024-09-30T14:32:27.174+0000] {processor.py:925} INFO - DAG(s) 'example_skip_dag' retrieved from /home/airflow/.local/lib/python3.12/site-packages/airflow/example_dags/example_skip_dag.py
[2024-09-30T14:32:27.188+0000] {logging_mixin.py:190} INFO - [2024-09-30T14:32:27.188+0000] {dag.py:3239} INFO - Sync 1 DAGs
[2024-09-30T14:32:27.205+0000] {logging_mixin.py:190} INFO - [2024-09-30T14:32:27.205+0000] {dag.py:4180} INFO - Setting next_dagrun for example_skip_dag to 2024-09-29 00:00:00+00:00, run_after=2024-09-30 00:00:00+00:00
[2024-09-30T14:32:27.218+0000] {processor.py:208} INFO - Processing /home/airflow/.local/lib/python3.12/site-packages/airflow/example_dags/example_skip_dag.py took 0.055 seconds
[2024-09-30T14:32:57.801+0000] {processor.py:186} INFO - Started process (PID=447) to work on /home/airflow/.local/lib/python3.12/site-packages/airflow/example_dags/example_skip_dag.py
[2024-09-30T14:32:57.802+0000] {processor.py:914} INFO - Processing file /home/airflow/.local/lib/python3.12/site-packages/airflow/example_dags/example_skip_dag.py for tasks to queue
[2024-09-30T14:32:57.803+0000] {logging_mixin.py:190} INFO - [2024-09-30T14:32:57.803+0000] {dagbag.py:588} INFO - Filling up the DagBag from /home/airflow/.local/lib/python3.12/site-packages/airflow/example_dags/example_skip_dag.py
[2024-09-30T14:32:57.808+0000] {processor.py:925} INFO - DAG(s) 'example_skip_dag' retrieved from /home/airflow/.local/lib/python3.12/site-packages/airflow/example_dags/example_skip_dag.py
[2024-09-30T14:32:57.823+0000] {logging_mixin.py:190} INFO - [2024-09-30T14:32:57.823+0000] {dag.py:3239} INFO - Sync 1 DAGs
[2024-09-30T14:32:57.839+0000] {logging_mixin.py:190} INFO - [2024-09-30T14:32:57.839+0000] {dag.py:4180} INFO - Setting next_dagrun for example_skip_dag to 2024-09-29 00:00:00+00:00, run_after=2024-09-30 00:00:00+00:00
[2024-09-30T14:32:57.851+0000] {processor.py:208} INFO - Processing /home/airflow/.local/lib/python3.12/site-packages/airflow/example_dags/example_skip_dag.py took 0.053 seconds
[2024-09-30T14:33:28.580+0000] {processor.py:186} INFO - Started process (PID=510) to work on /home/airflow/.local/lib/python3.12/site-packages/airflow/example_dags/example_skip_dag.py
[2024-09-30T14:33:28.581+0000] {processor.py:914} INFO - Processing file /home/airflow/.local/lib/python3.12/site-packages/airflow/example_dags/example_skip_dag.py for tasks to queue
[2024-09-30T14:33:28.582+0000] {logging_mixin.py:190} INFO - [2024-09-30T14:33:28.582+0000] {dagbag.py:588} INFO - Filling up the DagBag from /home/airflow/.local/lib/python3.12/site-packages/airflow/example_dags/example_skip_dag.py
[2024-09-30T14:33:28.587+0000] {processor.py:925} INFO - DAG(s) 'example_skip_dag' retrieved from /home/airflow/.local/lib/python3.12/site-packages/airflow/example_dags/example_skip_dag.py
[2024-09-30T14:33:28.603+0000] {logging_mixin.py:190} INFO - [2024-09-30T14:33:28.603+0000] {dag.py:3239} INFO - Sync 1 DAGs
[2024-09-30T14:33:28.620+0000] {logging_mixin.py:190} INFO - [2024-09-30T14:33:28.620+0000] {dag.py:4180} INFO - Setting next_dagrun for example_skip_dag to 2024-09-29 00:00:00+00:00, run_after=2024-09-30 00:00:00+00:00
[2024-09-30T14:33:28.632+0000] {processor.py:208} INFO - Processing /home/airflow/.local/lib/python3.12/site-packages/airflow/example_dags/example_skip_dag.py took 0.055 seconds
[2024-09-30T14:33:59.775+0000] {processor.py:186} INFO - Started process (PID=573) to work on /home/airflow/.local/lib/python3.12/site-packages/airflow/example_dags/example_skip_dag.py
[2024-09-30T14:33:59.776+0000] {processor.py:914} INFO - Processing file /home/airflow/.local/lib/python3.12/site-packages/airflow/example_dags/example_skip_dag.py for tasks to queue
[2024-09-30T14:33:59.778+0000] {logging_mixin.py:190} INFO - [2024-09-30T14:33:59.777+0000] {dagbag.py:588} INFO - Filling up the DagBag from /home/airflow/.local/lib/python3.12/site-packages/airflow/example_dags/example_skip_dag.py
[2024-09-30T14:33:59.785+0000] {processor.py:925} INFO - DAG(s) 'example_skip_dag' retrieved from /home/airflow/.local/lib/python3.12/site-packages/airflow/example_dags/example_skip_dag.py
[2024-09-30T14:33:59.800+0000] {logging_mixin.py:190} INFO - [2024-09-30T14:33:59.800+0000] {dag.py:3239} INFO - Sync 1 DAGs
[2024-09-30T14:33:59.817+0000] {logging_mixin.py:190} INFO - [2024-09-30T14:33:59.817+0000] {dag.py:4180} INFO - Setting next_dagrun for example_skip_dag to 2024-09-29 00:00:00+00:00, run_after=2024-09-30 00:00:00+00:00
[2024-09-30T14:33:59.831+0000] {processor.py:208} INFO - Processing /home/airflow/.local/lib/python3.12/site-packages/airflow/example_dags/example_skip_dag.py took 0.061 seconds
[2024-09-30T14:34:30.712+0000] {processor.py:186} INFO - Started process (PID=636) to work on /home/airflow/.local/lib/python3.12/site-packages/airflow/example_dags/example_skip_dag.py
[2024-09-30T14:34:30.712+0000] {processor.py:914} INFO - Processing file /home/airflow/.local/lib/python3.12/site-packages/airflow/example_dags/example_skip_dag.py for tasks to queue
[2024-09-30T14:34:30.713+0000] {logging_mixin.py:190} INFO - [2024-09-30T14:34:30.713+0000] {dagbag.py:588} INFO - Filling up the DagBag from /home/airflow/.local/lib/python3.12/site-packages/airflow/example_dags/example_skip_dag.py
[2024-09-30T14:34:30.718+0000] {processor.py:925} INFO - DAG(s) 'example_skip_dag' retrieved from /home/airflow/.local/lib/python3.12/site-packages/airflow/example_dags/example_skip_dag.py
[2024-09-30T14:34:30.734+0000] {logging_mixin.py:190} INFO - [2024-09-30T14:34:30.733+0000] {dag.py:3239} INFO - Sync 1 DAGs
[2024-09-30T14:34:30.755+0000] {logging_mixin.py:190} INFO - [2024-09-30T14:34:30.755+0000] {dag.py:4180} INFO - Setting next_dagrun for example_skip_dag to 2024-09-29 00:00:00+00:00, run_after=2024-09-30 00:00:00+00:00
[2024-09-30T14:34:30.767+0000] {processor.py:208} INFO - Processing /home/airflow/.local/lib/python3.12/site-packages/airflow/example_dags/example_skip_dag.py took 0.059 seconds
[2024-09-30T14:35:01.029+0000] {processor.py:186} INFO - Started process (PID=699) to work on /home/airflow/.local/lib/python3.12/site-packages/airflow/example_dags/example_skip_dag.py
[2024-09-30T14:35:01.030+0000] {processor.py:914} INFO - Processing file /home/airflow/.local/lib/python3.12/site-packages/airflow/example_dags/example_skip_dag.py for tasks to queue
[2024-09-30T14:35:01.031+0000] {logging_mixin.py:190} INFO - [2024-09-30T14:35:01.031+0000] {dagbag.py:588} INFO - Filling up the DagBag from /home/airflow/.local/lib/python3.12/site-packages/airflow/example_dags/example_skip_dag.py
[2024-09-30T14:35:01.036+0000] {processor.py:925} INFO - DAG(s) 'example_skip_dag' retrieved from /home/airflow/.local/lib/python3.12/site-packages/airflow/example_dags/example_skip_dag.py
[2024-09-30T14:35:01.049+0000] {logging_mixin.py:190} INFO - [2024-09-30T14:35:01.049+0000] {dag.py:3239} INFO - Sync 1 DAGs
[2024-09-30T14:35:01.065+0000] {logging_mixin.py:190} INFO - [2024-09-30T14:35:01.065+0000] {dag.py:4180} INFO - Setting next_dagrun for example_skip_dag to 2024-09-29 00:00:00+00:00, run_after=2024-09-30 00:00:00+00:00
[2024-09-30T14:35:01.077+0000] {processor.py:208} INFO - Processing /home/airflow/.local/lib/python3.12/site-packages/airflow/example_dags/example_skip_dag.py took 0.052 seconds
[2024-09-30T14:35:31.735+0000] {processor.py:186} INFO - Started process (PID=762) to work on /home/airflow/.local/lib/python3.12/site-packages/airflow/example_dags/example_skip_dag.py
[2024-09-30T14:35:31.735+0000] {processor.py:914} INFO - Processing file /home/airflow/.local/lib/python3.12/site-packages/airflow/example_dags/example_skip_dag.py for tasks to queue
[2024-09-30T14:35:31.737+0000] {logging_mixin.py:190} INFO - [2024-09-30T14:35:31.737+0000] {dagbag.py:588} INFO - Filling up the DagBag from /home/airflow/.local/lib/python3.12/site-packages/airflow/example_dags/example_skip_dag.py
[2024-09-30T14:35:31.742+0000] {processor.py:925} INFO - DAG(s) 'example_skip_dag' retrieved from /home/airflow/.local/lib/python3.12/site-packages/airflow/example_dags/example_skip_dag.py
[2024-09-30T14:35:31.758+0000] {logging_mixin.py:190} INFO - [2024-09-30T14:35:31.758+0000] {dag.py:3239} INFO - Sync 1 DAGs
[2024-09-30T14:35:31.786+0000] {logging_mixin.py:190} INFO - [2024-09-30T14:35:31.786+0000] {dag.py:4180} INFO - Setting next_dagrun for example_skip_dag to 2024-09-29 00:00:00+00:00, run_after=2024-09-30 00:00:00+00:00
[2024-09-30T14:35:31.807+0000] {processor.py:208} INFO - Processing /home/airflow/.local/lib/python3.12/site-packages/airflow/example_dags/example_skip_dag.py took 0.076 seconds
[2024-09-30T14:36:02.474+0000] {processor.py:186} INFO - Started process (PID=825) to work on /home/airflow/.local/lib/python3.12/site-packages/airflow/example_dags/example_skip_dag.py
[2024-09-30T14:36:02.475+0000] {processor.py:914} INFO - Processing file /home/airflow/.local/lib/python3.12/site-packages/airflow/example_dags/example_skip_dag.py for tasks to queue
[2024-09-30T14:36:02.476+0000] {logging_mixin.py:190} INFO - [2024-09-30T14:36:02.476+0000] {dagbag.py:588} INFO - Filling up the DagBag from /home/airflow/.local/lib/python3.12/site-packages/airflow/example_dags/example_skip_dag.py
[2024-09-30T14:36:02.483+0000] {processor.py:925} INFO - DAG(s) 'example_skip_dag' retrieved from /home/airflow/.local/lib/python3.12/site-packages/airflow/example_dags/example_skip_dag.py
[2024-09-30T14:36:02.503+0000] {logging_mixin.py:190} INFO - [2024-09-30T14:36:02.502+0000] {dag.py:3239} INFO - Sync 1 DAGs
[2024-09-30T14:36:02.522+0000] {logging_mixin.py:190} INFO - [2024-09-30T14:36:02.522+0000] {dag.py:4180} INFO - Setting next_dagrun for example_skip_dag to 2024-09-29 00:00:00+00:00, run_after=2024-09-30 00:00:00+00:00
[2024-09-30T14:36:02.535+0000] {processor.py:208} INFO - Processing /home/airflow/.local/lib/python3.12/site-packages/airflow/example_dags/example_skip_dag.py took 0.066 seconds
[2024-09-30T14:36:41.319+0000] {processor.py:186} INFO - Started process (PID=63) to work on /home/airflow/.local/lib/python3.12/site-packages/airflow/example_dags/example_skip_dag.py
[2024-09-30T14:36:41.320+0000] {processor.py:914} INFO - Processing file /home/airflow/.local/lib/python3.12/site-packages/airflow/example_dags/example_skip_dag.py for tasks to queue
[2024-09-30T14:36:41.321+0000] {logging_mixin.py:190} INFO - [2024-09-30T14:36:41.321+0000] {dagbag.py:588} INFO - Filling up the DagBag from /home/airflow/.local/lib/python3.12/site-packages/airflow/example_dags/example_skip_dag.py
[2024-09-30T14:36:41.326+0000] {processor.py:925} INFO - DAG(s) 'example_skip_dag' retrieved from /home/airflow/.local/lib/python3.12/site-packages/airflow/example_dags/example_skip_dag.py
[2024-09-30T14:36:41.341+0000] {logging_mixin.py:190} INFO - [2024-09-30T14:36:41.341+0000] {dag.py:3239} INFO - Sync 1 DAGs
[2024-09-30T14:36:41.357+0000] {logging_mixin.py:190} INFO - [2024-09-30T14:36:41.357+0000] {dag.py:4180} INFO - Setting next_dagrun for example_skip_dag to 2024-09-29 00:00:00+00:00, run_after=2024-09-30 00:00:00+00:00
[2024-09-30T14:36:41.370+0000] {processor.py:208} INFO - Processing /home/airflow/.local/lib/python3.12/site-packages/airflow/example_dags/example_skip_dag.py took 0.054 seconds
[2024-09-30T14:37:12.161+0000] {processor.py:186} INFO - Started process (PID=132) to work on /home/airflow/.local/lib/python3.12/site-packages/airflow/example_dags/example_skip_dag.py
[2024-09-30T14:37:12.162+0000] {processor.py:914} INFO - Processing file /home/airflow/.local/lib/python3.12/site-packages/airflow/example_dags/example_skip_dag.py for tasks to queue
[2024-09-30T14:37:12.164+0000] {logging_mixin.py:190} INFO - [2024-09-30T14:37:12.163+0000] {dagbag.py:588} INFO - Filling up the DagBag from /home/airflow/.local/lib/python3.12/site-packages/airflow/example_dags/example_skip_dag.py
[2024-09-30T14:37:12.169+0000] {processor.py:925} INFO - DAG(s) 'example_skip_dag' retrieved from /home/airflow/.local/lib/python3.12/site-packages/airflow/example_dags/example_skip_dag.py
[2024-09-30T14:37:12.183+0000] {logging_mixin.py:190} INFO - [2024-09-30T14:37:12.183+0000] {dag.py:3239} INFO - Sync 1 DAGs
[2024-09-30T14:37:12.199+0000] {logging_mixin.py:190} INFO - [2024-09-30T14:37:12.198+0000] {dag.py:4180} INFO - Setting next_dagrun for example_skip_dag to 2024-09-29 00:00:00+00:00, run_after=2024-09-30 00:00:00+00:00
[2024-09-30T14:37:12.213+0000] {processor.py:208} INFO - Processing /home/airflow/.local/lib/python3.12/site-packages/airflow/example_dags/example_skip_dag.py took 0.055 seconds
[2024-09-30T14:37:42.988+0000] {processor.py:186} INFO - Started process (PID=195) to work on /home/airflow/.local/lib/python3.12/site-packages/airflow/example_dags/example_skip_dag.py
[2024-09-30T14:37:42.989+0000] {processor.py:914} INFO - Processing file /home/airflow/.local/lib/python3.12/site-packages/airflow/example_dags/example_skip_dag.py for tasks to queue
[2024-09-30T14:37:42.991+0000] {logging_mixin.py:190} INFO - [2024-09-30T14:37:42.990+0000] {dagbag.py:588} INFO - Filling up the DagBag from /home/airflow/.local/lib/python3.12/site-packages/airflow/example_dags/example_skip_dag.py
[2024-09-30T14:37:42.997+0000] {processor.py:925} INFO - DAG(s) 'example_skip_dag' retrieved from /home/airflow/.local/lib/python3.12/site-packages/airflow/example_dags/example_skip_dag.py
[2024-09-30T14:37:43.012+0000] {logging_mixin.py:190} INFO - [2024-09-30T14:37:43.012+0000] {dag.py:3239} INFO - Sync 1 DAGs
[2024-09-30T14:37:43.029+0000] {logging_mixin.py:190} INFO - [2024-09-30T14:37:43.029+0000] {dag.py:4180} INFO - Setting next_dagrun for example_skip_dag to 2024-09-29 00:00:00+00:00, run_after=2024-09-30 00:00:00+00:00
[2024-09-30T14:37:43.042+0000] {processor.py:208} INFO - Processing /home/airflow/.local/lib/python3.12/site-packages/airflow/example_dags/example_skip_dag.py took 0.058 seconds
[2024-09-30T14:38:13.847+0000] {processor.py:186} INFO - Started process (PID=258) to work on /home/airflow/.local/lib/python3.12/site-packages/airflow/example_dags/example_skip_dag.py
[2024-09-30T14:38:13.848+0000] {processor.py:914} INFO - Processing file /home/airflow/.local/lib/python3.12/site-packages/airflow/example_dags/example_skip_dag.py for tasks to queue
[2024-09-30T14:38:13.849+0000] {logging_mixin.py:190} INFO - [2024-09-30T14:38:13.849+0000] {dagbag.py:588} INFO - Filling up the DagBag from /home/airflow/.local/lib/python3.12/site-packages/airflow/example_dags/example_skip_dag.py
[2024-09-30T14:38:13.854+0000] {processor.py:925} INFO - DAG(s) 'example_skip_dag' retrieved from /home/airflow/.local/lib/python3.12/site-packages/airflow/example_dags/example_skip_dag.py
[2024-09-30T14:38:13.868+0000] {logging_mixin.py:190} INFO - [2024-09-30T14:38:13.867+0000] {dag.py:3239} INFO - Sync 1 DAGs
[2024-09-30T14:38:13.883+0000] {logging_mixin.py:190} INFO - [2024-09-30T14:38:13.883+0000] {dag.py:4180} INFO - Setting next_dagrun for example_skip_dag to 2024-09-29 00:00:00+00:00, run_after=2024-09-30 00:00:00+00:00
[2024-09-30T14:38:13.895+0000] {processor.py:208} INFO - Processing /home/airflow/.local/lib/python3.12/site-packages/airflow/example_dags/example_skip_dag.py took 0.052 seconds
[2024-09-30T14:38:44.583+0000] {processor.py:186} INFO - Started process (PID=321) to work on /home/airflow/.local/lib/python3.12/site-packages/airflow/example_dags/example_skip_dag.py
[2024-09-30T14:38:44.584+0000] {processor.py:914} INFO - Processing file /home/airflow/.local/lib/python3.12/site-packages/airflow/example_dags/example_skip_dag.py for tasks to queue
[2024-09-30T14:38:44.585+0000] {logging_mixin.py:190} INFO - [2024-09-30T14:38:44.585+0000] {dagbag.py:588} INFO - Filling up the DagBag from /home/airflow/.local/lib/python3.12/site-packages/airflow/example_dags/example_skip_dag.py
[2024-09-30T14:38:44.590+0000] {processor.py:925} INFO - DAG(s) 'example_skip_dag' retrieved from /home/airflow/.local/lib/python3.12/site-packages/airflow/example_dags/example_skip_dag.py
[2024-09-30T14:38:44.605+0000] {logging_mixin.py:190} INFO - [2024-09-30T14:38:44.605+0000] {dag.py:3239} INFO - Sync 1 DAGs
[2024-09-30T14:38:44.620+0000] {logging_mixin.py:190} INFO - [2024-09-30T14:38:44.620+0000] {dag.py:4180} INFO - Setting next_dagrun for example_skip_dag to 2024-09-29 00:00:00+00:00, run_after=2024-09-30 00:00:00+00:00
[2024-09-30T14:38:44.632+0000] {processor.py:208} INFO - Processing /home/airflow/.local/lib/python3.12/site-packages/airflow/example_dags/example_skip_dag.py took 0.052 seconds
[2024-09-30T14:39:15.250+0000] {processor.py:186} INFO - Started process (PID=384) to work on /home/airflow/.local/lib/python3.12/site-packages/airflow/example_dags/example_skip_dag.py
[2024-09-30T14:39:15.251+0000] {processor.py:914} INFO - Processing file /home/airflow/.local/lib/python3.12/site-packages/airflow/example_dags/example_skip_dag.py for tasks to queue
[2024-09-30T14:39:15.252+0000] {logging_mixin.py:190} INFO - [2024-09-30T14:39:15.252+0000] {dagbag.py:588} INFO - Filling up the DagBag from /home/airflow/.local/lib/python3.12/site-packages/airflow/example_dags/example_skip_dag.py
[2024-09-30T14:39:15.257+0000] {processor.py:925} INFO - DAG(s) 'example_skip_dag' retrieved from /home/airflow/.local/lib/python3.12/site-packages/airflow/example_dags/example_skip_dag.py
[2024-09-30T14:39:15.271+0000] {logging_mixin.py:190} INFO - [2024-09-30T14:39:15.270+0000] {dag.py:3239} INFO - Sync 1 DAGs
[2024-09-30T14:39:15.286+0000] {logging_mixin.py:190} INFO - [2024-09-30T14:39:15.285+0000] {dag.py:4180} INFO - Setting next_dagrun for example_skip_dag to 2024-09-29 00:00:00+00:00, run_after=2024-09-30 00:00:00+00:00
[2024-09-30T14:39:15.299+0000] {processor.py:208} INFO - Processing /home/airflow/.local/lib/python3.12/site-packages/airflow/example_dags/example_skip_dag.py took 0.053 seconds
[2024-09-30T14:39:41.857+0000] {processor.py:186} INFO - Started process (PID=63) to work on /home/airflow/.local/lib/python3.12/site-packages/airflow/example_dags/example_skip_dag.py
[2024-09-30T14:39:41.858+0000] {processor.py:914} INFO - Processing file /home/airflow/.local/lib/python3.12/site-packages/airflow/example_dags/example_skip_dag.py for tasks to queue
[2024-09-30T14:39:41.860+0000] {logging_mixin.py:190} INFO - [2024-09-30T14:39:41.860+0000] {dagbag.py:588} INFO - Filling up the DagBag from /home/airflow/.local/lib/python3.12/site-packages/airflow/example_dags/example_skip_dag.py
[2024-09-30T14:39:41.867+0000] {processor.py:925} INFO - DAG(s) 'example_skip_dag' retrieved from /home/airflow/.local/lib/python3.12/site-packages/airflow/example_dags/example_skip_dag.py
[2024-09-30T14:39:41.889+0000] {logging_mixin.py:190} INFO - [2024-09-30T14:39:41.889+0000] {dag.py:3239} INFO - Sync 1 DAGs
[2024-09-30T14:39:41.907+0000] {logging_mixin.py:190} INFO - [2024-09-30T14:39:41.906+0000] {dag.py:4180} INFO - Setting next_dagrun for example_skip_dag to 2024-09-29 00:00:00+00:00, run_after=2024-09-30 00:00:00+00:00
[2024-09-30T14:39:41.922+0000] {processor.py:208} INFO - Processing /home/airflow/.local/lib/python3.12/site-packages/airflow/example_dags/example_skip_dag.py took 0.069 seconds
[2024-09-30T14:40:12.041+0000] {processor.py:186} INFO - Started process (PID=126) to work on /home/airflow/.local/lib/python3.12/site-packages/airflow/example_dags/example_skip_dag.py
[2024-09-30T14:40:12.042+0000] {processor.py:914} INFO - Processing file /home/airflow/.local/lib/python3.12/site-packages/airflow/example_dags/example_skip_dag.py for tasks to queue
[2024-09-30T14:40:12.044+0000] {logging_mixin.py:190} INFO - [2024-09-30T14:40:12.043+0000] {dagbag.py:588} INFO - Filling up the DagBag from /home/airflow/.local/lib/python3.12/site-packages/airflow/example_dags/example_skip_dag.py
[2024-09-30T14:40:12.049+0000] {processor.py:925} INFO - DAG(s) 'example_skip_dag' retrieved from /home/airflow/.local/lib/python3.12/site-packages/airflow/example_dags/example_skip_dag.py
[2024-09-30T14:40:12.064+0000] {logging_mixin.py:190} INFO - [2024-09-30T14:40:12.064+0000] {dag.py:3239} INFO - Sync 1 DAGs
[2024-09-30T14:40:12.079+0000] {logging_mixin.py:190} INFO - [2024-09-30T14:40:12.079+0000] {dag.py:4180} INFO - Setting next_dagrun for example_skip_dag to 2024-09-29 00:00:00+00:00, run_after=2024-09-30 00:00:00+00:00
[2024-09-30T14:40:12.091+0000] {processor.py:208} INFO - Processing /home/airflow/.local/lib/python3.12/site-packages/airflow/example_dags/example_skip_dag.py took 0.054 seconds
[2024-09-30T14:40:42.840+0000] {processor.py:186} INFO - Started process (PID=195) to work on /home/airflow/.local/lib/python3.12/site-packages/airflow/example_dags/example_skip_dag.py
[2024-09-30T14:40:42.840+0000] {processor.py:914} INFO - Processing file /home/airflow/.local/lib/python3.12/site-packages/airflow/example_dags/example_skip_dag.py for tasks to queue
[2024-09-30T14:40:42.842+0000] {logging_mixin.py:190} INFO - [2024-09-30T14:40:42.842+0000] {dagbag.py:588} INFO - Filling up the DagBag from /home/airflow/.local/lib/python3.12/site-packages/airflow/example_dags/example_skip_dag.py
[2024-09-30T14:40:42.847+0000] {processor.py:925} INFO - DAG(s) 'example_skip_dag' retrieved from /home/airflow/.local/lib/python3.12/site-packages/airflow/example_dags/example_skip_dag.py
[2024-09-30T14:40:42.863+0000] {logging_mixin.py:190} INFO - [2024-09-30T14:40:42.863+0000] {dag.py:3239} INFO - Sync 1 DAGs
[2024-09-30T14:40:42.880+0000] {logging_mixin.py:190} INFO - [2024-09-30T14:40:42.880+0000] {dag.py:4180} INFO - Setting next_dagrun for example_skip_dag to 2024-09-29 00:00:00+00:00, run_after=2024-09-30 00:00:00+00:00
[2024-09-30T14:40:42.896+0000] {processor.py:208} INFO - Processing /home/airflow/.local/lib/python3.12/site-packages/airflow/example_dags/example_skip_dag.py took 0.060 seconds
[2024-09-30T14:41:13.716+0000] {processor.py:186} INFO - Started process (PID=258) to work on /home/airflow/.local/lib/python3.12/site-packages/airflow/example_dags/example_skip_dag.py
[2024-09-30T14:41:13.717+0000] {processor.py:914} INFO - Processing file /home/airflow/.local/lib/python3.12/site-packages/airflow/example_dags/example_skip_dag.py for tasks to queue
[2024-09-30T14:41:13.718+0000] {logging_mixin.py:190} INFO - [2024-09-30T14:41:13.718+0000] {dagbag.py:588} INFO - Filling up the DagBag from /home/airflow/.local/lib/python3.12/site-packages/airflow/example_dags/example_skip_dag.py
[2024-09-30T14:41:13.723+0000] {processor.py:925} INFO - DAG(s) 'example_skip_dag' retrieved from /home/airflow/.local/lib/python3.12/site-packages/airflow/example_dags/example_skip_dag.py
[2024-09-30T14:41:13.737+0000] {logging_mixin.py:190} INFO - [2024-09-30T14:41:13.736+0000] {dag.py:3239} INFO - Sync 1 DAGs
[2024-09-30T14:41:13.751+0000] {logging_mixin.py:190} INFO - [2024-09-30T14:41:13.751+0000] {dag.py:4180} INFO - Setting next_dagrun for example_skip_dag to 2024-09-29 00:00:00+00:00, run_after=2024-09-30 00:00:00+00:00
[2024-09-30T14:41:13.763+0000] {processor.py:208} INFO - Processing /home/airflow/.local/lib/python3.12/site-packages/airflow/example_dags/example_skip_dag.py took 0.051 seconds
