[2024-09-30T14:12:31.088+0000] {processor.py:186} INFO - Started process (PID=110) to work on /home/airflow/.local/lib/python3.12/site-packages/airflow/example_dags/example_latest_only_with_trigger.py
[2024-09-30T14:12:31.089+0000] {processor.py:914} INFO - Processing file /home/airflow/.local/lib/python3.12/site-packages/airflow/example_dags/example_latest_only_with_trigger.py for tasks to queue
[2024-09-30T14:12:31.091+0000] {logging_mixin.py:190} INFO - [2024-09-30T14:12:31.091+0000] {dagbag.py:588} INFO - Filling up the DagBag from /home/airflow/.local/lib/python3.12/site-packages/airflow/example_dags/example_latest_only_with_trigger.py
[2024-09-30T14:12:31.096+0000] {processor.py:925} INFO - DAG(s) 'latest_only_with_trigger' retrieved from /home/airflow/.local/lib/python3.12/site-packages/airflow/example_dags/example_latest_only_with_trigger.py
[2024-09-30T14:12:31.112+0000] {logging_mixin.py:190} INFO - [2024-09-30T14:12:31.111+0000] {dag.py:3239} INFO - Sync 1 DAGs
[2024-09-30T14:12:31.129+0000] {logging_mixin.py:190} INFO - [2024-09-30T14:12:31.129+0000] {dag.py:4180} INFO - Setting next_dagrun for latest_only_with_trigger to 2024-09-30 08:00:00+00:00, run_after=2024-09-30 12:00:00+00:00
[2024-09-30T14:12:31.144+0000] {processor.py:208} INFO - Processing /home/airflow/.local/lib/python3.12/site-packages/airflow/example_dags/example_latest_only_with_trigger.py took 0.059 seconds
[2024-09-30T14:13:01.945+0000] {processor.py:186} INFO - Started process (PID=173) to work on /home/airflow/.local/lib/python3.12/site-packages/airflow/example_dags/example_latest_only_with_trigger.py
[2024-09-30T14:13:01.946+0000] {processor.py:914} INFO - Processing file /home/airflow/.local/lib/python3.12/site-packages/airflow/example_dags/example_latest_only_with_trigger.py for tasks to queue
[2024-09-30T14:13:01.948+0000] {logging_mixin.py:190} INFO - [2024-09-30T14:13:01.947+0000] {dagbag.py:588} INFO - Filling up the DagBag from /home/airflow/.local/lib/python3.12/site-packages/airflow/example_dags/example_latest_only_with_trigger.py
[2024-09-30T14:13:01.953+0000] {processor.py:925} INFO - DAG(s) 'latest_only_with_trigger' retrieved from /home/airflow/.local/lib/python3.12/site-packages/airflow/example_dags/example_latest_only_with_trigger.py
[2024-09-30T14:13:01.967+0000] {logging_mixin.py:190} INFO - [2024-09-30T14:13:01.967+0000] {dag.py:3239} INFO - Sync 1 DAGs
[2024-09-30T14:13:01.983+0000] {logging_mixin.py:190} INFO - [2024-09-30T14:13:01.983+0000] {dag.py:4180} INFO - Setting next_dagrun for latest_only_with_trigger to 2024-09-30 08:00:00+00:00, run_after=2024-09-30 12:00:00+00:00
[2024-09-30T14:13:01.997+0000] {processor.py:208} INFO - Processing /home/airflow/.local/lib/python3.12/site-packages/airflow/example_dags/example_latest_only_with_trigger.py took 0.056 seconds
[2024-09-30T14:13:32.652+0000] {processor.py:186} INFO - Started process (PID=236) to work on /home/airflow/.local/lib/python3.12/site-packages/airflow/example_dags/example_latest_only_with_trigger.py
[2024-09-30T14:13:32.653+0000] {processor.py:914} INFO - Processing file /home/airflow/.local/lib/python3.12/site-packages/airflow/example_dags/example_latest_only_with_trigger.py for tasks to queue
[2024-09-30T14:13:32.655+0000] {logging_mixin.py:190} INFO - [2024-09-30T14:13:32.654+0000] {dagbag.py:588} INFO - Filling up the DagBag from /home/airflow/.local/lib/python3.12/site-packages/airflow/example_dags/example_latest_only_with_trigger.py
[2024-09-30T14:13:32.660+0000] {processor.py:925} INFO - DAG(s) 'latest_only_with_trigger' retrieved from /home/airflow/.local/lib/python3.12/site-packages/airflow/example_dags/example_latest_only_with_trigger.py
[2024-09-30T14:13:32.674+0000] {logging_mixin.py:190} INFO - [2024-09-30T14:13:32.674+0000] {dag.py:3239} INFO - Sync 1 DAGs
[2024-09-30T14:13:32.690+0000] {logging_mixin.py:190} INFO - [2024-09-30T14:13:32.689+0000] {dag.py:4180} INFO - Setting next_dagrun for latest_only_with_trigger to 2024-09-30 08:00:00+00:00, run_after=2024-09-30 12:00:00+00:00
[2024-09-30T14:13:32.704+0000] {processor.py:208} INFO - Processing /home/airflow/.local/lib/python3.12/site-packages/airflow/example_dags/example_latest_only_with_trigger.py took 0.056 seconds
[2024-09-30T14:14:03.476+0000] {processor.py:186} INFO - Started process (PID=299) to work on /home/airflow/.local/lib/python3.12/site-packages/airflow/example_dags/example_latest_only_with_trigger.py
[2024-09-30T14:14:03.477+0000] {processor.py:914} INFO - Processing file /home/airflow/.local/lib/python3.12/site-packages/airflow/example_dags/example_latest_only_with_trigger.py for tasks to queue
[2024-09-30T14:14:03.479+0000] {logging_mixin.py:190} INFO - [2024-09-30T14:14:03.478+0000] {dagbag.py:588} INFO - Filling up the DagBag from /home/airflow/.local/lib/python3.12/site-packages/airflow/example_dags/example_latest_only_with_trigger.py
[2024-09-30T14:14:03.484+0000] {processor.py:925} INFO - DAG(s) 'latest_only_with_trigger' retrieved from /home/airflow/.local/lib/python3.12/site-packages/airflow/example_dags/example_latest_only_with_trigger.py
[2024-09-30T14:14:03.497+0000] {logging_mixin.py:190} INFO - [2024-09-30T14:14:03.497+0000] {dag.py:3239} INFO - Sync 1 DAGs
[2024-09-30T14:14:03.512+0000] {logging_mixin.py:190} INFO - [2024-09-30T14:14:03.512+0000] {dag.py:4180} INFO - Setting next_dagrun for latest_only_with_trigger to 2024-09-30 08:00:00+00:00, run_after=2024-09-30 12:00:00+00:00
[2024-09-30T14:14:03.525+0000] {processor.py:208} INFO - Processing /home/airflow/.local/lib/python3.12/site-packages/airflow/example_dags/example_latest_only_with_trigger.py took 0.053 seconds
[2024-09-30T14:14:34.475+0000] {processor.py:186} INFO - Started process (PID=362) to work on /home/airflow/.local/lib/python3.12/site-packages/airflow/example_dags/example_latest_only_with_trigger.py
[2024-09-30T14:14:34.476+0000] {processor.py:914} INFO - Processing file /home/airflow/.local/lib/python3.12/site-packages/airflow/example_dags/example_latest_only_with_trigger.py for tasks to queue
[2024-09-30T14:14:34.478+0000] {logging_mixin.py:190} INFO - [2024-09-30T14:14:34.478+0000] {dagbag.py:588} INFO - Filling up the DagBag from /home/airflow/.local/lib/python3.12/site-packages/airflow/example_dags/example_latest_only_with_trigger.py
[2024-09-30T14:14:34.483+0000] {processor.py:925} INFO - DAG(s) 'latest_only_with_trigger' retrieved from /home/airflow/.local/lib/python3.12/site-packages/airflow/example_dags/example_latest_only_with_trigger.py
[2024-09-30T14:14:34.497+0000] {logging_mixin.py:190} INFO - [2024-09-30T14:14:34.497+0000] {dag.py:3239} INFO - Sync 1 DAGs
[2024-09-30T14:14:34.514+0000] {logging_mixin.py:190} INFO - [2024-09-30T14:14:34.514+0000] {dag.py:4180} INFO - Setting next_dagrun for latest_only_with_trigger to 2024-09-30 08:00:00+00:00, run_after=2024-09-30 12:00:00+00:00
[2024-09-30T14:14:34.535+0000] {processor.py:208} INFO - Processing /home/airflow/.local/lib/python3.12/site-packages/airflow/example_dags/example_latest_only_with_trigger.py took 0.064 seconds
[2024-09-30T14:15:04.753+0000] {processor.py:186} INFO - Started process (PID=425) to work on /home/airflow/.local/lib/python3.12/site-packages/airflow/example_dags/example_latest_only_with_trigger.py
[2024-09-30T14:15:04.753+0000] {processor.py:914} INFO - Processing file /home/airflow/.local/lib/python3.12/site-packages/airflow/example_dags/example_latest_only_with_trigger.py for tasks to queue
[2024-09-30T14:15:04.755+0000] {logging_mixin.py:190} INFO - [2024-09-30T14:15:04.755+0000] {dagbag.py:588} INFO - Filling up the DagBag from /home/airflow/.local/lib/python3.12/site-packages/airflow/example_dags/example_latest_only_with_trigger.py
[2024-09-30T14:15:04.760+0000] {processor.py:925} INFO - DAG(s) 'latest_only_with_trigger' retrieved from /home/airflow/.local/lib/python3.12/site-packages/airflow/example_dags/example_latest_only_with_trigger.py
[2024-09-30T14:15:04.773+0000] {logging_mixin.py:190} INFO - [2024-09-30T14:15:04.773+0000] {dag.py:3239} INFO - Sync 1 DAGs
[2024-09-30T14:15:04.791+0000] {logging_mixin.py:190} INFO - [2024-09-30T14:15:04.791+0000] {dag.py:4180} INFO - Setting next_dagrun for latest_only_with_trigger to 2024-09-30 08:00:00+00:00, run_after=2024-09-30 12:00:00+00:00
[2024-09-30T14:15:04.804+0000] {processor.py:208} INFO - Processing /home/airflow/.local/lib/python3.12/site-packages/airflow/example_dags/example_latest_only_with_trigger.py took 0.055 seconds
[2024-09-30T14:15:35.562+0000] {processor.py:186} INFO - Started process (PID=488) to work on /home/airflow/.local/lib/python3.12/site-packages/airflow/example_dags/example_latest_only_with_trigger.py
[2024-09-30T14:15:35.562+0000] {processor.py:914} INFO - Processing file /home/airflow/.local/lib/python3.12/site-packages/airflow/example_dags/example_latest_only_with_trigger.py for tasks to queue
[2024-09-30T14:15:35.564+0000] {logging_mixin.py:190} INFO - [2024-09-30T14:15:35.564+0000] {dagbag.py:588} INFO - Filling up the DagBag from /home/airflow/.local/lib/python3.12/site-packages/airflow/example_dags/example_latest_only_with_trigger.py
[2024-09-30T14:15:35.569+0000] {processor.py:925} INFO - DAG(s) 'latest_only_with_trigger' retrieved from /home/airflow/.local/lib/python3.12/site-packages/airflow/example_dags/example_latest_only_with_trigger.py
[2024-09-30T14:15:35.582+0000] {logging_mixin.py:190} INFO - [2024-09-30T14:15:35.582+0000] {dag.py:3239} INFO - Sync 1 DAGs
[2024-09-30T14:15:35.596+0000] {logging_mixin.py:190} INFO - [2024-09-30T14:15:35.596+0000] {dag.py:4180} INFO - Setting next_dagrun for latest_only_with_trigger to 2024-09-30 08:00:00+00:00, run_after=2024-09-30 12:00:00+00:00
[2024-09-30T14:15:35.608+0000] {processor.py:208} INFO - Processing /home/airflow/.local/lib/python3.12/site-packages/airflow/example_dags/example_latest_only_with_trigger.py took 0.050 seconds
[2024-09-30T14:16:06.274+0000] {processor.py:186} INFO - Started process (PID=551) to work on /home/airflow/.local/lib/python3.12/site-packages/airflow/example_dags/example_latest_only_with_trigger.py
[2024-09-30T14:16:06.275+0000] {processor.py:914} INFO - Processing file /home/airflow/.local/lib/python3.12/site-packages/airflow/example_dags/example_latest_only_with_trigger.py for tasks to queue
[2024-09-30T14:16:06.276+0000] {logging_mixin.py:190} INFO - [2024-09-30T14:16:06.276+0000] {dagbag.py:588} INFO - Filling up the DagBag from /home/airflow/.local/lib/python3.12/site-packages/airflow/example_dags/example_latest_only_with_trigger.py
[2024-09-30T14:16:06.281+0000] {processor.py:925} INFO - DAG(s) 'latest_only_with_trigger' retrieved from /home/airflow/.local/lib/python3.12/site-packages/airflow/example_dags/example_latest_only_with_trigger.py
[2024-09-30T14:16:06.294+0000] {logging_mixin.py:190} INFO - [2024-09-30T14:16:06.293+0000] {dag.py:3239} INFO - Sync 1 DAGs
[2024-09-30T14:16:06.308+0000] {logging_mixin.py:190} INFO - [2024-09-30T14:16:06.308+0000] {dag.py:4180} INFO - Setting next_dagrun for latest_only_with_trigger to 2024-09-30 08:00:00+00:00, run_after=2024-09-30 12:00:00+00:00
[2024-09-30T14:16:06.319+0000] {processor.py:208} INFO - Processing /home/airflow/.local/lib/python3.12/site-packages/airflow/example_dags/example_latest_only_with_trigger.py took 0.048 seconds
[2024-09-30T14:16:36.932+0000] {processor.py:186} INFO - Started process (PID=615) to work on /home/airflow/.local/lib/python3.12/site-packages/airflow/example_dags/example_latest_only_with_trigger.py
[2024-09-30T14:16:36.932+0000] {processor.py:914} INFO - Processing file /home/airflow/.local/lib/python3.12/site-packages/airflow/example_dags/example_latest_only_with_trigger.py for tasks to queue
[2024-09-30T14:16:36.934+0000] {logging_mixin.py:190} INFO - [2024-09-30T14:16:36.934+0000] {dagbag.py:588} INFO - Filling up the DagBag from /home/airflow/.local/lib/python3.12/site-packages/airflow/example_dags/example_latest_only_with_trigger.py
[2024-09-30T14:16:36.939+0000] {processor.py:925} INFO - DAG(s) 'latest_only_with_trigger' retrieved from /home/airflow/.local/lib/python3.12/site-packages/airflow/example_dags/example_latest_only_with_trigger.py
[2024-09-30T14:16:36.953+0000] {logging_mixin.py:190} INFO - [2024-09-30T14:16:36.952+0000] {dag.py:3239} INFO - Sync 1 DAGs
[2024-09-30T14:16:36.969+0000] {logging_mixin.py:190} INFO - [2024-09-30T14:16:36.969+0000] {dag.py:4180} INFO - Setting next_dagrun for latest_only_with_trigger to 2024-09-30 08:00:00+00:00, run_after=2024-09-30 12:00:00+00:00
[2024-09-30T14:16:36.986+0000] {processor.py:208} INFO - Processing /home/airflow/.local/lib/python3.12/site-packages/airflow/example_dags/example_latest_only_with_trigger.py took 0.058 seconds
[2024-09-30T14:17:01.671+0000] {processor.py:186} INFO - Started process (PID=104) to work on /home/airflow/.local/lib/python3.12/site-packages/airflow/example_dags/example_latest_only_with_trigger.py
[2024-09-30T14:17:01.672+0000] {processor.py:914} INFO - Processing file /home/airflow/.local/lib/python3.12/site-packages/airflow/example_dags/example_latest_only_with_trigger.py for tasks to queue
[2024-09-30T14:17:01.674+0000] {logging_mixin.py:190} INFO - [2024-09-30T14:17:01.673+0000] {dagbag.py:588} INFO - Filling up the DagBag from /home/airflow/.local/lib/python3.12/site-packages/airflow/example_dags/example_latest_only_with_trigger.py
[2024-09-30T14:17:01.679+0000] {processor.py:925} INFO - DAG(s) 'latest_only_with_trigger' retrieved from /home/airflow/.local/lib/python3.12/site-packages/airflow/example_dags/example_latest_only_with_trigger.py
[2024-09-30T14:17:01.694+0000] {logging_mixin.py:190} INFO - [2024-09-30T14:17:01.693+0000] {dag.py:3239} INFO - Sync 1 DAGs
[2024-09-30T14:17:01.710+0000] {logging_mixin.py:190} INFO - [2024-09-30T14:17:01.710+0000] {dag.py:4180} INFO - Setting next_dagrun for latest_only_with_trigger to 2024-09-30 08:00:00+00:00, run_after=2024-09-30 12:00:00+00:00
[2024-09-30T14:17:01.724+0000] {processor.py:208} INFO - Processing /home/airflow/.local/lib/python3.12/site-packages/airflow/example_dags/example_latest_only_with_trigger.py took 0.056 seconds
[2024-09-30T14:17:32.382+0000] {processor.py:186} INFO - Started process (PID=167) to work on /home/airflow/.local/lib/python3.12/site-packages/airflow/example_dags/example_latest_only_with_trigger.py
[2024-09-30T14:17:32.383+0000] {processor.py:914} INFO - Processing file /home/airflow/.local/lib/python3.12/site-packages/airflow/example_dags/example_latest_only_with_trigger.py for tasks to queue
[2024-09-30T14:17:32.384+0000] {logging_mixin.py:190} INFO - [2024-09-30T14:17:32.384+0000] {dagbag.py:588} INFO - Filling up the DagBag from /home/airflow/.local/lib/python3.12/site-packages/airflow/example_dags/example_latest_only_with_trigger.py
[2024-09-30T14:17:32.389+0000] {processor.py:925} INFO - DAG(s) 'latest_only_with_trigger' retrieved from /home/airflow/.local/lib/python3.12/site-packages/airflow/example_dags/example_latest_only_with_trigger.py
[2024-09-30T14:17:32.403+0000] {logging_mixin.py:190} INFO - [2024-09-30T14:17:32.403+0000] {dag.py:3239} INFO - Sync 1 DAGs
[2024-09-30T14:17:32.419+0000] {logging_mixin.py:190} INFO - [2024-09-30T14:17:32.419+0000] {dag.py:4180} INFO - Setting next_dagrun for latest_only_with_trigger to 2024-09-30 08:00:00+00:00, run_after=2024-09-30 12:00:00+00:00
[2024-09-30T14:17:32.432+0000] {processor.py:208} INFO - Processing /home/airflow/.local/lib/python3.12/site-packages/airflow/example_dags/example_latest_only_with_trigger.py took 0.053 seconds
[2024-09-30T14:18:04.477+0000] {processor.py:186} INFO - Started process (PID=104) to work on /home/airflow/.local/lib/python3.12/site-packages/airflow/example_dags/example_latest_only_with_trigger.py
[2024-09-30T14:18:04.478+0000] {processor.py:914} INFO - Processing file /home/airflow/.local/lib/python3.12/site-packages/airflow/example_dags/example_latest_only_with_trigger.py for tasks to queue
[2024-09-30T14:18:04.480+0000] {logging_mixin.py:190} INFO - [2024-09-30T14:18:04.479+0000] {dagbag.py:588} INFO - Filling up the DagBag from /home/airflow/.local/lib/python3.12/site-packages/airflow/example_dags/example_latest_only_with_trigger.py
[2024-09-30T14:18:04.484+0000] {processor.py:925} INFO - DAG(s) 'latest_only_with_trigger' retrieved from /home/airflow/.local/lib/python3.12/site-packages/airflow/example_dags/example_latest_only_with_trigger.py
[2024-09-30T14:18:04.499+0000] {logging_mixin.py:190} INFO - [2024-09-30T14:18:04.499+0000] {dag.py:3239} INFO - Sync 1 DAGs
[2024-09-30T14:18:04.516+0000] {logging_mixin.py:190} INFO - [2024-09-30T14:18:04.516+0000] {dag.py:4180} INFO - Setting next_dagrun for latest_only_with_trigger to 2024-09-30 08:00:00+00:00, run_after=2024-09-30 12:00:00+00:00
[2024-09-30T14:18:04.530+0000] {processor.py:208} INFO - Processing /home/airflow/.local/lib/python3.12/site-packages/airflow/example_dags/example_latest_only_with_trigger.py took 0.056 seconds
[2024-09-30T14:18:35.043+0000] {processor.py:186} INFO - Started process (PID=167) to work on /home/airflow/.local/lib/python3.12/site-packages/airflow/example_dags/example_latest_only_with_trigger.py
[2024-09-30T14:18:35.043+0000] {processor.py:914} INFO - Processing file /home/airflow/.local/lib/python3.12/site-packages/airflow/example_dags/example_latest_only_with_trigger.py for tasks to queue
[2024-09-30T14:18:35.045+0000] {logging_mixin.py:190} INFO - [2024-09-30T14:18:35.045+0000] {dagbag.py:588} INFO - Filling up the DagBag from /home/airflow/.local/lib/python3.12/site-packages/airflow/example_dags/example_latest_only_with_trigger.py
[2024-09-30T14:18:35.049+0000] {processor.py:925} INFO - DAG(s) 'latest_only_with_trigger' retrieved from /home/airflow/.local/lib/python3.12/site-packages/airflow/example_dags/example_latest_only_with_trigger.py
[2024-09-30T14:18:35.063+0000] {logging_mixin.py:190} INFO - [2024-09-30T14:18:35.063+0000] {dag.py:3239} INFO - Sync 1 DAGs
[2024-09-30T14:18:35.079+0000] {logging_mixin.py:190} INFO - [2024-09-30T14:18:35.079+0000] {dag.py:4180} INFO - Setting next_dagrun for latest_only_with_trigger to 2024-09-30 08:00:00+00:00, run_after=2024-09-30 12:00:00+00:00
[2024-09-30T14:18:35.091+0000] {processor.py:208} INFO - Processing /home/airflow/.local/lib/python3.12/site-packages/airflow/example_dags/example_latest_only_with_trigger.py took 0.052 seconds
[2024-09-30T14:19:05.461+0000] {processor.py:186} INFO - Started process (PID=230) to work on /home/airflow/.local/lib/python3.12/site-packages/airflow/example_dags/example_latest_only_with_trigger.py
[2024-09-30T14:19:05.462+0000] {processor.py:914} INFO - Processing file /home/airflow/.local/lib/python3.12/site-packages/airflow/example_dags/example_latest_only_with_trigger.py for tasks to queue
[2024-09-30T14:19:05.462+0000] {logging_mixin.py:190} INFO - [2024-09-30T14:19:05.462+0000] {dagbag.py:588} INFO - Filling up the DagBag from /home/airflow/.local/lib/python3.12/site-packages/airflow/example_dags/example_latest_only_with_trigger.py
[2024-09-30T14:19:05.468+0000] {processor.py:925} INFO - DAG(s) 'latest_only_with_trigger' retrieved from /home/airflow/.local/lib/python3.12/site-packages/airflow/example_dags/example_latest_only_with_trigger.py
[2024-09-30T14:19:05.481+0000] {logging_mixin.py:190} INFO - [2024-09-30T14:19:05.481+0000] {dag.py:3239} INFO - Sync 1 DAGs
[2024-09-30T14:19:05.496+0000] {logging_mixin.py:190} INFO - [2024-09-30T14:19:05.496+0000] {dag.py:4180} INFO - Setting next_dagrun for latest_only_with_trigger to 2024-09-30 08:00:00+00:00, run_after=2024-09-30 12:00:00+00:00
[2024-09-30T14:19:05.507+0000] {processor.py:208} INFO - Processing /home/airflow/.local/lib/python3.12/site-packages/airflow/example_dags/example_latest_only_with_trigger.py took 0.049 seconds
[2024-09-30T14:19:48.795+0000] {processor.py:186} INFO - Started process (PID=104) to work on /home/airflow/.local/lib/python3.12/site-packages/airflow/example_dags/example_latest_only_with_trigger.py
[2024-09-30T14:19:48.796+0000] {processor.py:914} INFO - Processing file /home/airflow/.local/lib/python3.12/site-packages/airflow/example_dags/example_latest_only_with_trigger.py for tasks to queue
[2024-09-30T14:19:48.798+0000] {logging_mixin.py:190} INFO - [2024-09-30T14:19:48.798+0000] {dagbag.py:588} INFO - Filling up the DagBag from /home/airflow/.local/lib/python3.12/site-packages/airflow/example_dags/example_latest_only_with_trigger.py
[2024-09-30T14:19:48.803+0000] {processor.py:925} INFO - DAG(s) 'latest_only_with_trigger' retrieved from /home/airflow/.local/lib/python3.12/site-packages/airflow/example_dags/example_latest_only_with_trigger.py
[2024-09-30T14:19:48.816+0000] {logging_mixin.py:190} INFO - [2024-09-30T14:19:48.816+0000] {dag.py:3239} INFO - Sync 1 DAGs
[2024-09-30T14:19:48.834+0000] {logging_mixin.py:190} INFO - [2024-09-30T14:19:48.834+0000] {dag.py:4180} INFO - Setting next_dagrun for latest_only_with_trigger to 2024-09-30 08:00:00+00:00, run_after=2024-09-30 12:00:00+00:00
[2024-09-30T14:19:48.847+0000] {processor.py:208} INFO - Processing /home/airflow/.local/lib/python3.12/site-packages/airflow/example_dags/example_latest_only_with_trigger.py took 0.056 seconds
[2024-09-30T14:20:19.633+0000] {processor.py:186} INFO - Started process (PID=167) to work on /home/airflow/.local/lib/python3.12/site-packages/airflow/example_dags/example_latest_only_with_trigger.py
[2024-09-30T14:20:19.633+0000] {processor.py:914} INFO - Processing file /home/airflow/.local/lib/python3.12/site-packages/airflow/example_dags/example_latest_only_with_trigger.py for tasks to queue
[2024-09-30T14:20:19.635+0000] {logging_mixin.py:190} INFO - [2024-09-30T14:20:19.635+0000] {dagbag.py:588} INFO - Filling up the DagBag from /home/airflow/.local/lib/python3.12/site-packages/airflow/example_dags/example_latest_only_with_trigger.py
[2024-09-30T14:20:19.640+0000] {processor.py:925} INFO - DAG(s) 'latest_only_with_trigger' retrieved from /home/airflow/.local/lib/python3.12/site-packages/airflow/example_dags/example_latest_only_with_trigger.py
[2024-09-30T14:20:19.654+0000] {logging_mixin.py:190} INFO - [2024-09-30T14:20:19.654+0000] {dag.py:3239} INFO - Sync 1 DAGs
[2024-09-30T14:20:19.671+0000] {logging_mixin.py:190} INFO - [2024-09-30T14:20:19.670+0000] {dag.py:4180} INFO - Setting next_dagrun for latest_only_with_trigger to 2024-09-30 08:00:00+00:00, run_after=2024-09-30 12:00:00+00:00
[2024-09-30T14:20:19.684+0000] {processor.py:208} INFO - Processing /home/airflow/.local/lib/python3.12/site-packages/airflow/example_dags/example_latest_only_with_trigger.py took 0.055 seconds
[2024-09-30T14:20:50.616+0000] {processor.py:186} INFO - Started process (PID=230) to work on /home/airflow/.local/lib/python3.12/site-packages/airflow/example_dags/example_latest_only_with_trigger.py
[2024-09-30T14:20:50.616+0000] {processor.py:914} INFO - Processing file /home/airflow/.local/lib/python3.12/site-packages/airflow/example_dags/example_latest_only_with_trigger.py for tasks to queue
[2024-09-30T14:20:50.618+0000] {logging_mixin.py:190} INFO - [2024-09-30T14:20:50.617+0000] {dagbag.py:588} INFO - Filling up the DagBag from /home/airflow/.local/lib/python3.12/site-packages/airflow/example_dags/example_latest_only_with_trigger.py
[2024-09-30T14:20:50.623+0000] {processor.py:925} INFO - DAG(s) 'latest_only_with_trigger' retrieved from /home/airflow/.local/lib/python3.12/site-packages/airflow/example_dags/example_latest_only_with_trigger.py
[2024-09-30T14:20:50.637+0000] {logging_mixin.py:190} INFO - [2024-09-30T14:20:50.637+0000] {dag.py:3239} INFO - Sync 1 DAGs
[2024-09-30T14:20:50.657+0000] {logging_mixin.py:190} INFO - [2024-09-30T14:20:50.657+0000] {dag.py:4180} INFO - Setting next_dagrun for latest_only_with_trigger to 2024-09-30 08:00:00+00:00, run_after=2024-09-30 12:00:00+00:00
[2024-09-30T14:20:50.671+0000] {processor.py:208} INFO - Processing /home/airflow/.local/lib/python3.12/site-packages/airflow/example_dags/example_latest_only_with_trigger.py took 0.060 seconds
[2024-09-30T14:21:21.672+0000] {processor.py:186} INFO - Started process (PID=293) to work on /home/airflow/.local/lib/python3.12/site-packages/airflow/example_dags/example_latest_only_with_trigger.py
[2024-09-30T14:21:21.673+0000] {processor.py:914} INFO - Processing file /home/airflow/.local/lib/python3.12/site-packages/airflow/example_dags/example_latest_only_with_trigger.py for tasks to queue
[2024-09-30T14:21:21.675+0000] {logging_mixin.py:190} INFO - [2024-09-30T14:21:21.674+0000] {dagbag.py:588} INFO - Filling up the DagBag from /home/airflow/.local/lib/python3.12/site-packages/airflow/example_dags/example_latest_only_with_trigger.py
[2024-09-30T14:21:21.682+0000] {processor.py:925} INFO - DAG(s) 'latest_only_with_trigger' retrieved from /home/airflow/.local/lib/python3.12/site-packages/airflow/example_dags/example_latest_only_with_trigger.py
[2024-09-30T14:21:21.697+0000] {logging_mixin.py:190} INFO - [2024-09-30T14:21:21.697+0000] {dag.py:3239} INFO - Sync 1 DAGs
[2024-09-30T14:21:21.715+0000] {logging_mixin.py:190} INFO - [2024-09-30T14:21:21.715+0000] {dag.py:4180} INFO - Setting next_dagrun for latest_only_with_trigger to 2024-09-30 08:00:00+00:00, run_after=2024-09-30 12:00:00+00:00
[2024-09-30T14:21:21.730+0000] {processor.py:208} INFO - Processing /home/airflow/.local/lib/python3.12/site-packages/airflow/example_dags/example_latest_only_with_trigger.py took 0.062 seconds
[2024-09-30T14:21:52.713+0000] {processor.py:186} INFO - Started process (PID=356) to work on /home/airflow/.local/lib/python3.12/site-packages/airflow/example_dags/example_latest_only_with_trigger.py
[2024-09-30T14:21:52.714+0000] {processor.py:914} INFO - Processing file /home/airflow/.local/lib/python3.12/site-packages/airflow/example_dags/example_latest_only_with_trigger.py for tasks to queue
[2024-09-30T14:21:52.715+0000] {logging_mixin.py:190} INFO - [2024-09-30T14:21:52.715+0000] {dagbag.py:588} INFO - Filling up the DagBag from /home/airflow/.local/lib/python3.12/site-packages/airflow/example_dags/example_latest_only_with_trigger.py
[2024-09-30T14:21:52.720+0000] {processor.py:925} INFO - DAG(s) 'latest_only_with_trigger' retrieved from /home/airflow/.local/lib/python3.12/site-packages/airflow/example_dags/example_latest_only_with_trigger.py
[2024-09-30T14:21:52.735+0000] {logging_mixin.py:190} INFO - [2024-09-30T14:21:52.735+0000] {dag.py:3239} INFO - Sync 1 DAGs
[2024-09-30T14:21:52.752+0000] {logging_mixin.py:190} INFO - [2024-09-30T14:21:52.752+0000] {dag.py:4180} INFO - Setting next_dagrun for latest_only_with_trigger to 2024-09-30 08:00:00+00:00, run_after=2024-09-30 12:00:00+00:00
[2024-09-30T14:21:52.768+0000] {processor.py:208} INFO - Processing /home/airflow/.local/lib/python3.12/site-packages/airflow/example_dags/example_latest_only_with_trigger.py took 0.058 seconds
[2024-09-30T14:22:23.437+0000] {processor.py:186} INFO - Started process (PID=419) to work on /home/airflow/.local/lib/python3.12/site-packages/airflow/example_dags/example_latest_only_with_trigger.py
[2024-09-30T14:22:23.438+0000] {processor.py:914} INFO - Processing file /home/airflow/.local/lib/python3.12/site-packages/airflow/example_dags/example_latest_only_with_trigger.py for tasks to queue
[2024-09-30T14:22:23.439+0000] {logging_mixin.py:190} INFO - [2024-09-30T14:22:23.439+0000] {dagbag.py:588} INFO - Filling up the DagBag from /home/airflow/.local/lib/python3.12/site-packages/airflow/example_dags/example_latest_only_with_trigger.py
[2024-09-30T14:22:23.444+0000] {processor.py:925} INFO - DAG(s) 'latest_only_with_trigger' retrieved from /home/airflow/.local/lib/python3.12/site-packages/airflow/example_dags/example_latest_only_with_trigger.py
[2024-09-30T14:22:23.457+0000] {logging_mixin.py:190} INFO - [2024-09-30T14:22:23.457+0000] {dag.py:3239} INFO - Sync 1 DAGs
[2024-09-30T14:22:23.471+0000] {logging_mixin.py:190} INFO - [2024-09-30T14:22:23.471+0000] {dag.py:4180} INFO - Setting next_dagrun for latest_only_with_trigger to 2024-09-30 08:00:00+00:00, run_after=2024-09-30 12:00:00+00:00
[2024-09-30T14:22:23.483+0000] {processor.py:208} INFO - Processing /home/airflow/.local/lib/python3.12/site-packages/airflow/example_dags/example_latest_only_with_trigger.py took 0.049 seconds
[2024-09-30T14:22:54.138+0000] {processor.py:186} INFO - Started process (PID=482) to work on /home/airflow/.local/lib/python3.12/site-packages/airflow/example_dags/example_latest_only_with_trigger.py
[2024-09-30T14:22:54.138+0000] {processor.py:914} INFO - Processing file /home/airflow/.local/lib/python3.12/site-packages/airflow/example_dags/example_latest_only_with_trigger.py for tasks to queue
[2024-09-30T14:22:54.140+0000] {logging_mixin.py:190} INFO - [2024-09-30T14:22:54.140+0000] {dagbag.py:588} INFO - Filling up the DagBag from /home/airflow/.local/lib/python3.12/site-packages/airflow/example_dags/example_latest_only_with_trigger.py
[2024-09-30T14:22:54.146+0000] {processor.py:925} INFO - DAG(s) 'latest_only_with_trigger' retrieved from /home/airflow/.local/lib/python3.12/site-packages/airflow/example_dags/example_latest_only_with_trigger.py
[2024-09-30T14:22:54.159+0000] {logging_mixin.py:190} INFO - [2024-09-30T14:22:54.158+0000] {dag.py:3239} INFO - Sync 1 DAGs
[2024-09-30T14:22:54.175+0000] {logging_mixin.py:190} INFO - [2024-09-30T14:22:54.175+0000] {dag.py:4180} INFO - Setting next_dagrun for latest_only_with_trigger to 2024-09-30 08:00:00+00:00, run_after=2024-09-30 12:00:00+00:00
[2024-09-30T14:22:54.188+0000] {processor.py:208} INFO - Processing /home/airflow/.local/lib/python3.12/site-packages/airflow/example_dags/example_latest_only_with_trigger.py took 0.054 seconds
[2024-09-30T14:23:24.868+0000] {processor.py:186} INFO - Started process (PID=545) to work on /home/airflow/.local/lib/python3.12/site-packages/airflow/example_dags/example_latest_only_with_trigger.py
[2024-09-30T14:23:24.869+0000] {processor.py:914} INFO - Processing file /home/airflow/.local/lib/python3.12/site-packages/airflow/example_dags/example_latest_only_with_trigger.py for tasks to queue
[2024-09-30T14:23:24.870+0000] {logging_mixin.py:190} INFO - [2024-09-30T14:23:24.870+0000] {dagbag.py:588} INFO - Filling up the DagBag from /home/airflow/.local/lib/python3.12/site-packages/airflow/example_dags/example_latest_only_with_trigger.py
[2024-09-30T14:23:24.875+0000] {processor.py:925} INFO - DAG(s) 'latest_only_with_trigger' retrieved from /home/airflow/.local/lib/python3.12/site-packages/airflow/example_dags/example_latest_only_with_trigger.py
[2024-09-30T14:23:24.889+0000] {logging_mixin.py:190} INFO - [2024-09-30T14:23:24.889+0000] {dag.py:3239} INFO - Sync 1 DAGs
[2024-09-30T14:23:24.905+0000] {logging_mixin.py:190} INFO - [2024-09-30T14:23:24.905+0000] {dag.py:4180} INFO - Setting next_dagrun for latest_only_with_trigger to 2024-09-30 08:00:00+00:00, run_after=2024-09-30 12:00:00+00:00
[2024-09-30T14:23:24.917+0000] {processor.py:208} INFO - Processing /home/airflow/.local/lib/python3.12/site-packages/airflow/example_dags/example_latest_only_with_trigger.py took 0.053 seconds
[2024-09-30T14:23:55.691+0000] {processor.py:186} INFO - Started process (PID=608) to work on /home/airflow/.local/lib/python3.12/site-packages/airflow/example_dags/example_latest_only_with_trigger.py
[2024-09-30T14:23:55.692+0000] {processor.py:914} INFO - Processing file /home/airflow/.local/lib/python3.12/site-packages/airflow/example_dags/example_latest_only_with_trigger.py for tasks to queue
[2024-09-30T14:23:55.694+0000] {logging_mixin.py:190} INFO - [2024-09-30T14:23:55.694+0000] {dagbag.py:588} INFO - Filling up the DagBag from /home/airflow/.local/lib/python3.12/site-packages/airflow/example_dags/example_latest_only_with_trigger.py
[2024-09-30T14:23:55.700+0000] {processor.py:925} INFO - DAG(s) 'latest_only_with_trigger' retrieved from /home/airflow/.local/lib/python3.12/site-packages/airflow/example_dags/example_latest_only_with_trigger.py
[2024-09-30T14:23:55.715+0000] {logging_mixin.py:190} INFO - [2024-09-30T14:23:55.715+0000] {dag.py:3239} INFO - Sync 1 DAGs
[2024-09-30T14:23:55.731+0000] {logging_mixin.py:190} INFO - [2024-09-30T14:23:55.731+0000] {dag.py:4180} INFO - Setting next_dagrun for latest_only_with_trigger to 2024-09-30 08:00:00+00:00, run_after=2024-09-30 12:00:00+00:00
[2024-09-30T14:23:55.743+0000] {processor.py:208} INFO - Processing /home/airflow/.local/lib/python3.12/site-packages/airflow/example_dags/example_latest_only_with_trigger.py took 0.056 seconds
[2024-09-30T14:24:26.293+0000] {processor.py:186} INFO - Started process (PID=671) to work on /home/airflow/.local/lib/python3.12/site-packages/airflow/example_dags/example_latest_only_with_trigger.py
[2024-09-30T14:24:26.294+0000] {processor.py:914} INFO - Processing file /home/airflow/.local/lib/python3.12/site-packages/airflow/example_dags/example_latest_only_with_trigger.py for tasks to queue
[2024-09-30T14:24:26.295+0000] {logging_mixin.py:190} INFO - [2024-09-30T14:24:26.295+0000] {dagbag.py:588} INFO - Filling up the DagBag from /home/airflow/.local/lib/python3.12/site-packages/airflow/example_dags/example_latest_only_with_trigger.py
[2024-09-30T14:24:26.300+0000] {processor.py:925} INFO - DAG(s) 'latest_only_with_trigger' retrieved from /home/airflow/.local/lib/python3.12/site-packages/airflow/example_dags/example_latest_only_with_trigger.py
[2024-09-30T14:24:26.314+0000] {logging_mixin.py:190} INFO - [2024-09-30T14:24:26.314+0000] {dag.py:3239} INFO - Sync 1 DAGs
[2024-09-30T14:24:26.331+0000] {logging_mixin.py:190} INFO - [2024-09-30T14:24:26.331+0000] {dag.py:4180} INFO - Setting next_dagrun for latest_only_with_trigger to 2024-09-30 08:00:00+00:00, run_after=2024-09-30 12:00:00+00:00
[2024-09-30T14:24:26.344+0000] {processor.py:208} INFO - Processing /home/airflow/.local/lib/python3.12/site-packages/airflow/example_dags/example_latest_only_with_trigger.py took 0.055 seconds
[2024-09-30T14:24:57.114+0000] {processor.py:186} INFO - Started process (PID=734) to work on /home/airflow/.local/lib/python3.12/site-packages/airflow/example_dags/example_latest_only_with_trigger.py
[2024-09-30T14:24:57.114+0000] {processor.py:914} INFO - Processing file /home/airflow/.local/lib/python3.12/site-packages/airflow/example_dags/example_latest_only_with_trigger.py for tasks to queue
[2024-09-30T14:24:57.116+0000] {logging_mixin.py:190} INFO - [2024-09-30T14:24:57.116+0000] {dagbag.py:588} INFO - Filling up the DagBag from /home/airflow/.local/lib/python3.12/site-packages/airflow/example_dags/example_latest_only_with_trigger.py
[2024-09-30T14:24:57.120+0000] {processor.py:925} INFO - DAG(s) 'latest_only_with_trigger' retrieved from /home/airflow/.local/lib/python3.12/site-packages/airflow/example_dags/example_latest_only_with_trigger.py
[2024-09-30T14:24:57.134+0000] {logging_mixin.py:190} INFO - [2024-09-30T14:24:57.134+0000] {dag.py:3239} INFO - Sync 1 DAGs
[2024-09-30T14:24:57.150+0000] {logging_mixin.py:190} INFO - [2024-09-30T14:24:57.149+0000] {dag.py:4180} INFO - Setting next_dagrun for latest_only_with_trigger to 2024-09-30 08:00:00+00:00, run_after=2024-09-30 12:00:00+00:00
[2024-09-30T14:24:57.161+0000] {processor.py:208} INFO - Processing /home/airflow/.local/lib/python3.12/site-packages/airflow/example_dags/example_latest_only_with_trigger.py took 0.051 seconds
[2024-09-30T14:25:27.756+0000] {processor.py:186} INFO - Started process (PID=797) to work on /home/airflow/.local/lib/python3.12/site-packages/airflow/example_dags/example_latest_only_with_trigger.py
[2024-09-30T14:25:27.757+0000] {processor.py:914} INFO - Processing file /home/airflow/.local/lib/python3.12/site-packages/airflow/example_dags/example_latest_only_with_trigger.py for tasks to queue
[2024-09-30T14:25:27.758+0000] {logging_mixin.py:190} INFO - [2024-09-30T14:25:27.758+0000] {dagbag.py:588} INFO - Filling up the DagBag from /home/airflow/.local/lib/python3.12/site-packages/airflow/example_dags/example_latest_only_with_trigger.py
[2024-09-30T14:25:27.763+0000] {processor.py:925} INFO - DAG(s) 'latest_only_with_trigger' retrieved from /home/airflow/.local/lib/python3.12/site-packages/airflow/example_dags/example_latest_only_with_trigger.py
[2024-09-30T14:25:27.776+0000] {logging_mixin.py:190} INFO - [2024-09-30T14:25:27.776+0000] {dag.py:3239} INFO - Sync 1 DAGs
[2024-09-30T14:25:27.791+0000] {logging_mixin.py:190} INFO - [2024-09-30T14:25:27.791+0000] {dag.py:4180} INFO - Setting next_dagrun for latest_only_with_trigger to 2024-09-30 08:00:00+00:00, run_after=2024-09-30 12:00:00+00:00
[2024-09-30T14:25:27.803+0000] {processor.py:208} INFO - Processing /home/airflow/.local/lib/python3.12/site-packages/airflow/example_dags/example_latest_only_with_trigger.py took 0.050 seconds
[2024-09-30T14:25:58.557+0000] {processor.py:186} INFO - Started process (PID=860) to work on /home/airflow/.local/lib/python3.12/site-packages/airflow/example_dags/example_latest_only_with_trigger.py
[2024-09-30T14:25:58.558+0000] {processor.py:914} INFO - Processing file /home/airflow/.local/lib/python3.12/site-packages/airflow/example_dags/example_latest_only_with_trigger.py for tasks to queue
[2024-09-30T14:25:58.559+0000] {logging_mixin.py:190} INFO - [2024-09-30T14:25:58.559+0000] {dagbag.py:588} INFO - Filling up the DagBag from /home/airflow/.local/lib/python3.12/site-packages/airflow/example_dags/example_latest_only_with_trigger.py
[2024-09-30T14:25:58.564+0000] {processor.py:925} INFO - DAG(s) 'latest_only_with_trigger' retrieved from /home/airflow/.local/lib/python3.12/site-packages/airflow/example_dags/example_latest_only_with_trigger.py
[2024-09-30T14:25:58.577+0000] {logging_mixin.py:190} INFO - [2024-09-30T14:25:58.577+0000] {dag.py:3239} INFO - Sync 1 DAGs
[2024-09-30T14:25:58.592+0000] {logging_mixin.py:190} INFO - [2024-09-30T14:25:58.592+0000] {dag.py:4180} INFO - Setting next_dagrun for latest_only_with_trigger to 2024-09-30 08:00:00+00:00, run_after=2024-09-30 12:00:00+00:00
[2024-09-30T14:25:58.604+0000] {processor.py:208} INFO - Processing /home/airflow/.local/lib/python3.12/site-packages/airflow/example_dags/example_latest_only_with_trigger.py took 0.050 seconds
[2024-09-30T14:26:29.551+0000] {processor.py:186} INFO - Started process (PID=923) to work on /home/airflow/.local/lib/python3.12/site-packages/airflow/example_dags/example_latest_only_with_trigger.py
[2024-09-30T14:26:29.551+0000] {processor.py:914} INFO - Processing file /home/airflow/.local/lib/python3.12/site-packages/airflow/example_dags/example_latest_only_with_trigger.py for tasks to queue
[2024-09-30T14:26:29.553+0000] {logging_mixin.py:190} INFO - [2024-09-30T14:26:29.553+0000] {dagbag.py:588} INFO - Filling up the DagBag from /home/airflow/.local/lib/python3.12/site-packages/airflow/example_dags/example_latest_only_with_trigger.py
[2024-09-30T14:26:29.558+0000] {processor.py:925} INFO - DAG(s) 'latest_only_with_trigger' retrieved from /home/airflow/.local/lib/python3.12/site-packages/airflow/example_dags/example_latest_only_with_trigger.py
[2024-09-30T14:26:29.571+0000] {logging_mixin.py:190} INFO - [2024-09-30T14:26:29.571+0000] {dag.py:3239} INFO - Sync 1 DAGs
[2024-09-30T14:26:29.587+0000] {logging_mixin.py:190} INFO - [2024-09-30T14:26:29.587+0000] {dag.py:4180} INFO - Setting next_dagrun for latest_only_with_trigger to 2024-09-30 08:00:00+00:00, run_after=2024-09-30 12:00:00+00:00
[2024-09-30T14:26:29.599+0000] {processor.py:208} INFO - Processing /home/airflow/.local/lib/python3.12/site-packages/airflow/example_dags/example_latest_only_with_trigger.py took 0.052 seconds
[2024-09-30T14:27:00.037+0000] {processor.py:186} INFO - Started process (PID=986) to work on /home/airflow/.local/lib/python3.12/site-packages/airflow/example_dags/example_latest_only_with_trigger.py
[2024-09-30T14:27:00.038+0000] {processor.py:914} INFO - Processing file /home/airflow/.local/lib/python3.12/site-packages/airflow/example_dags/example_latest_only_with_trigger.py for tasks to queue
[2024-09-30T14:27:00.039+0000] {logging_mixin.py:190} INFO - [2024-09-30T14:27:00.039+0000] {dagbag.py:588} INFO - Filling up the DagBag from /home/airflow/.local/lib/python3.12/site-packages/airflow/example_dags/example_latest_only_with_trigger.py
[2024-09-30T14:27:00.044+0000] {processor.py:925} INFO - DAG(s) 'latest_only_with_trigger' retrieved from /home/airflow/.local/lib/python3.12/site-packages/airflow/example_dags/example_latest_only_with_trigger.py
[2024-09-30T14:27:00.057+0000] {logging_mixin.py:190} INFO - [2024-09-30T14:27:00.057+0000] {dag.py:3239} INFO - Sync 1 DAGs
[2024-09-30T14:27:00.073+0000] {logging_mixin.py:190} INFO - [2024-09-30T14:27:00.073+0000] {dag.py:4180} INFO - Setting next_dagrun for latest_only_with_trigger to 2024-09-30 08:00:00+00:00, run_after=2024-09-30 12:00:00+00:00
[2024-09-30T14:27:00.085+0000] {processor.py:208} INFO - Processing /home/airflow/.local/lib/python3.12/site-packages/airflow/example_dags/example_latest_only_with_trigger.py took 0.051 seconds
[2024-09-30T14:27:30.701+0000] {processor.py:186} INFO - Started process (PID=1049) to work on /home/airflow/.local/lib/python3.12/site-packages/airflow/example_dags/example_latest_only_with_trigger.py
[2024-09-30T14:27:30.702+0000] {processor.py:914} INFO - Processing file /home/airflow/.local/lib/python3.12/site-packages/airflow/example_dags/example_latest_only_with_trigger.py for tasks to queue
[2024-09-30T14:27:30.704+0000] {logging_mixin.py:190} INFO - [2024-09-30T14:27:30.703+0000] {dagbag.py:588} INFO - Filling up the DagBag from /home/airflow/.local/lib/python3.12/site-packages/airflow/example_dags/example_latest_only_with_trigger.py
[2024-09-30T14:27:30.709+0000] {processor.py:925} INFO - DAG(s) 'latest_only_with_trigger' retrieved from /home/airflow/.local/lib/python3.12/site-packages/airflow/example_dags/example_latest_only_with_trigger.py
[2024-09-30T14:27:30.722+0000] {logging_mixin.py:190} INFO - [2024-09-30T14:27:30.722+0000] {dag.py:3239} INFO - Sync 1 DAGs
[2024-09-30T14:27:30.738+0000] {logging_mixin.py:190} INFO - [2024-09-30T14:27:30.738+0000] {dag.py:4180} INFO - Setting next_dagrun for latest_only_with_trigger to 2024-09-30 08:00:00+00:00, run_after=2024-09-30 12:00:00+00:00
[2024-09-30T14:27:30.750+0000] {processor.py:208} INFO - Processing /home/airflow/.local/lib/python3.12/site-packages/airflow/example_dags/example_latest_only_with_trigger.py took 0.053 seconds
[2024-09-30T14:28:01.329+0000] {processor.py:186} INFO - Started process (PID=1112) to work on /home/airflow/.local/lib/python3.12/site-packages/airflow/example_dags/example_latest_only_with_trigger.py
[2024-09-30T14:28:01.330+0000] {processor.py:914} INFO - Processing file /home/airflow/.local/lib/python3.12/site-packages/airflow/example_dags/example_latest_only_with_trigger.py for tasks to queue
[2024-09-30T14:28:01.332+0000] {logging_mixin.py:190} INFO - [2024-09-30T14:28:01.332+0000] {dagbag.py:588} INFO - Filling up the DagBag from /home/airflow/.local/lib/python3.12/site-packages/airflow/example_dags/example_latest_only_with_trigger.py
[2024-09-30T14:28:01.337+0000] {processor.py:925} INFO - DAG(s) 'latest_only_with_trigger' retrieved from /home/airflow/.local/lib/python3.12/site-packages/airflow/example_dags/example_latest_only_with_trigger.py
[2024-09-30T14:28:01.351+0000] {logging_mixin.py:190} INFO - [2024-09-30T14:28:01.351+0000] {dag.py:3239} INFO - Sync 1 DAGs
[2024-09-30T14:28:01.368+0000] {logging_mixin.py:190} INFO - [2024-09-30T14:28:01.368+0000] {dag.py:4180} INFO - Setting next_dagrun for latest_only_with_trigger to 2024-09-30 08:00:00+00:00, run_after=2024-09-30 12:00:00+00:00
[2024-09-30T14:28:01.380+0000] {processor.py:208} INFO - Processing /home/airflow/.local/lib/python3.12/site-packages/airflow/example_dags/example_latest_only_with_trigger.py took 0.054 seconds
[2024-09-30T14:28:32.100+0000] {processor.py:186} INFO - Started process (PID=1175) to work on /home/airflow/.local/lib/python3.12/site-packages/airflow/example_dags/example_latest_only_with_trigger.py
[2024-09-30T14:28:32.101+0000] {processor.py:914} INFO - Processing file /home/airflow/.local/lib/python3.12/site-packages/airflow/example_dags/example_latest_only_with_trigger.py for tasks to queue
[2024-09-30T14:28:32.103+0000] {logging_mixin.py:190} INFO - [2024-09-30T14:28:32.102+0000] {dagbag.py:588} INFO - Filling up the DagBag from /home/airflow/.local/lib/python3.12/site-packages/airflow/example_dags/example_latest_only_with_trigger.py
[2024-09-30T14:28:32.108+0000] {processor.py:925} INFO - DAG(s) 'latest_only_with_trigger' retrieved from /home/airflow/.local/lib/python3.12/site-packages/airflow/example_dags/example_latest_only_with_trigger.py
[2024-09-30T14:28:32.121+0000] {logging_mixin.py:190} INFO - [2024-09-30T14:28:32.121+0000] {dag.py:3239} INFO - Sync 1 DAGs
[2024-09-30T14:28:32.135+0000] {logging_mixin.py:190} INFO - [2024-09-30T14:28:32.135+0000] {dag.py:4180} INFO - Setting next_dagrun for latest_only_with_trigger to 2024-09-30 08:00:00+00:00, run_after=2024-09-30 12:00:00+00:00
[2024-09-30T14:28:32.147+0000] {processor.py:208} INFO - Processing /home/airflow/.local/lib/python3.12/site-packages/airflow/example_dags/example_latest_only_with_trigger.py took 0.051 seconds
[2024-09-30T14:29:02.758+0000] {processor.py:186} INFO - Started process (PID=1240) to work on /home/airflow/.local/lib/python3.12/site-packages/airflow/example_dags/example_latest_only_with_trigger.py
[2024-09-30T14:29:02.759+0000] {processor.py:914} INFO - Processing file /home/airflow/.local/lib/python3.12/site-packages/airflow/example_dags/example_latest_only_with_trigger.py for tasks to queue
[2024-09-30T14:29:02.760+0000] {logging_mixin.py:190} INFO - [2024-09-30T14:29:02.760+0000] {dagbag.py:588} INFO - Filling up the DagBag from /home/airflow/.local/lib/python3.12/site-packages/airflow/example_dags/example_latest_only_with_trigger.py
[2024-09-30T14:29:02.766+0000] {processor.py:925} INFO - DAG(s) 'latest_only_with_trigger' retrieved from /home/airflow/.local/lib/python3.12/site-packages/airflow/example_dags/example_latest_only_with_trigger.py
[2024-09-30T14:29:02.779+0000] {logging_mixin.py:190} INFO - [2024-09-30T14:29:02.779+0000] {dag.py:3239} INFO - Sync 1 DAGs
[2024-09-30T14:29:02.796+0000] {logging_mixin.py:190} INFO - [2024-09-30T14:29:02.795+0000] {dag.py:4180} INFO - Setting next_dagrun for latest_only_with_trigger to 2024-09-30 08:00:00+00:00, run_after=2024-09-30 12:00:00+00:00
[2024-09-30T14:29:02.808+0000] {processor.py:208} INFO - Processing /home/airflow/.local/lib/python3.12/site-packages/airflow/example_dags/example_latest_only_with_trigger.py took 0.055 seconds
[2024-09-30T14:29:33.364+0000] {processor.py:186} INFO - Started process (PID=1304) to work on /home/airflow/.local/lib/python3.12/site-packages/airflow/example_dags/example_latest_only_with_trigger.py
[2024-09-30T14:29:33.365+0000] {processor.py:914} INFO - Processing file /home/airflow/.local/lib/python3.12/site-packages/airflow/example_dags/example_latest_only_with_trigger.py for tasks to queue
[2024-09-30T14:29:33.367+0000] {logging_mixin.py:190} INFO - [2024-09-30T14:29:33.367+0000] {dagbag.py:588} INFO - Filling up the DagBag from /home/airflow/.local/lib/python3.12/site-packages/airflow/example_dags/example_latest_only_with_trigger.py
[2024-09-30T14:29:33.371+0000] {processor.py:925} INFO - DAG(s) 'latest_only_with_trigger' retrieved from /home/airflow/.local/lib/python3.12/site-packages/airflow/example_dags/example_latest_only_with_trigger.py
[2024-09-30T14:29:33.385+0000] {logging_mixin.py:190} INFO - [2024-09-30T14:29:33.384+0000] {dag.py:3239} INFO - Sync 1 DAGs
[2024-09-30T14:29:33.401+0000] {logging_mixin.py:190} INFO - [2024-09-30T14:29:33.401+0000] {dag.py:4180} INFO - Setting next_dagrun for latest_only_with_trigger to 2024-09-30 08:00:00+00:00, run_after=2024-09-30 12:00:00+00:00
[2024-09-30T14:29:33.413+0000] {processor.py:208} INFO - Processing /home/airflow/.local/lib/python3.12/site-packages/airflow/example_dags/example_latest_only_with_trigger.py took 0.052 seconds
[2024-09-30T14:29:55.059+0000] {processor.py:186} INFO - Started process (PID=104) to work on /home/airflow/.local/lib/python3.12/site-packages/airflow/example_dags/example_latest_only_with_trigger.py
[2024-09-30T14:29:55.059+0000] {processor.py:914} INFO - Processing file /home/airflow/.local/lib/python3.12/site-packages/airflow/example_dags/example_latest_only_with_trigger.py for tasks to queue
[2024-09-30T14:29:55.061+0000] {logging_mixin.py:190} INFO - [2024-09-30T14:29:55.061+0000] {dagbag.py:588} INFO - Filling up the DagBag from /home/airflow/.local/lib/python3.12/site-packages/airflow/example_dags/example_latest_only_with_trigger.py
[2024-09-30T14:29:55.066+0000] {processor.py:925} INFO - DAG(s) 'latest_only_with_trigger' retrieved from /home/airflow/.local/lib/python3.12/site-packages/airflow/example_dags/example_latest_only_with_trigger.py
[2024-09-30T14:29:55.080+0000] {logging_mixin.py:190} INFO - [2024-09-30T14:29:55.080+0000] {dag.py:3239} INFO - Sync 1 DAGs
[2024-09-30T14:29:55.096+0000] {logging_mixin.py:190} INFO - [2024-09-30T14:29:55.096+0000] {dag.py:4180} INFO - Setting next_dagrun for latest_only_with_trigger to 2024-09-30 08:00:00+00:00, run_after=2024-09-30 12:00:00+00:00
[2024-09-30T14:29:55.109+0000] {processor.py:208} INFO - Processing /home/airflow/.local/lib/python3.12/site-packages/airflow/example_dags/example_latest_only_with_trigger.py took 0.054 seconds
[2024-09-30T14:30:25.898+0000] {processor.py:186} INFO - Started process (PID=167) to work on /home/airflow/.local/lib/python3.12/site-packages/airflow/example_dags/example_latest_only_with_trigger.py
[2024-09-30T14:30:25.899+0000] {processor.py:914} INFO - Processing file /home/airflow/.local/lib/python3.12/site-packages/airflow/example_dags/example_latest_only_with_trigger.py for tasks to queue
[2024-09-30T14:30:25.902+0000] {logging_mixin.py:190} INFO - [2024-09-30T14:30:25.901+0000] {dagbag.py:588} INFO - Filling up the DagBag from /home/airflow/.local/lib/python3.12/site-packages/airflow/example_dags/example_latest_only_with_trigger.py
[2024-09-30T14:30:25.907+0000] {processor.py:925} INFO - DAG(s) 'latest_only_with_trigger' retrieved from /home/airflow/.local/lib/python3.12/site-packages/airflow/example_dags/example_latest_only_with_trigger.py
[2024-09-30T14:30:25.920+0000] {logging_mixin.py:190} INFO - [2024-09-30T14:30:25.919+0000] {dag.py:3239} INFO - Sync 1 DAGs
[2024-09-30T14:30:25.938+0000] {logging_mixin.py:190} INFO - [2024-09-30T14:30:25.937+0000] {dag.py:4180} INFO - Setting next_dagrun for latest_only_with_trigger to 2024-09-30 08:00:00+00:00, run_after=2024-09-30 12:00:00+00:00
[2024-09-30T14:30:25.951+0000] {processor.py:208} INFO - Processing /home/airflow/.local/lib/python3.12/site-packages/airflow/example_dags/example_latest_only_with_trigger.py took 0.058 seconds
[2024-09-30T14:30:56.657+0000] {processor.py:186} INFO - Started process (PID=230) to work on /home/airflow/.local/lib/python3.12/site-packages/airflow/example_dags/example_latest_only_with_trigger.py
[2024-09-30T14:30:56.657+0000] {processor.py:914} INFO - Processing file /home/airflow/.local/lib/python3.12/site-packages/airflow/example_dags/example_latest_only_with_trigger.py for tasks to queue
[2024-09-30T14:30:56.659+0000] {logging_mixin.py:190} INFO - [2024-09-30T14:30:56.659+0000] {dagbag.py:588} INFO - Filling up the DagBag from /home/airflow/.local/lib/python3.12/site-packages/airflow/example_dags/example_latest_only_with_trigger.py
[2024-09-30T14:30:56.664+0000] {processor.py:925} INFO - DAG(s) 'latest_only_with_trigger' retrieved from /home/airflow/.local/lib/python3.12/site-packages/airflow/example_dags/example_latest_only_with_trigger.py
[2024-09-30T14:30:56.678+0000] {logging_mixin.py:190} INFO - [2024-09-30T14:30:56.677+0000] {dag.py:3239} INFO - Sync 1 DAGs
[2024-09-30T14:30:56.694+0000] {logging_mixin.py:190} INFO - [2024-09-30T14:30:56.694+0000] {dag.py:4180} INFO - Setting next_dagrun for latest_only_with_trigger to 2024-09-30 08:00:00+00:00, run_after=2024-09-30 12:00:00+00:00
[2024-09-30T14:30:56.706+0000] {processor.py:208} INFO - Processing /home/airflow/.local/lib/python3.12/site-packages/airflow/example_dags/example_latest_only_with_trigger.py took 0.053 seconds
[2024-09-30T14:31:27.334+0000] {processor.py:186} INFO - Started process (PID=293) to work on /home/airflow/.local/lib/python3.12/site-packages/airflow/example_dags/example_latest_only_with_trigger.py
[2024-09-30T14:31:27.334+0000] {processor.py:914} INFO - Processing file /home/airflow/.local/lib/python3.12/site-packages/airflow/example_dags/example_latest_only_with_trigger.py for tasks to queue
[2024-09-30T14:31:27.336+0000] {logging_mixin.py:190} INFO - [2024-09-30T14:31:27.336+0000] {dagbag.py:588} INFO - Filling up the DagBag from /home/airflow/.local/lib/python3.12/site-packages/airflow/example_dags/example_latest_only_with_trigger.py
[2024-09-30T14:31:27.340+0000] {processor.py:925} INFO - DAG(s) 'latest_only_with_trigger' retrieved from /home/airflow/.local/lib/python3.12/site-packages/airflow/example_dags/example_latest_only_with_trigger.py
[2024-09-30T14:31:27.354+0000] {logging_mixin.py:190} INFO - [2024-09-30T14:31:27.354+0000] {dag.py:3239} INFO - Sync 1 DAGs
[2024-09-30T14:31:27.371+0000] {logging_mixin.py:190} INFO - [2024-09-30T14:31:27.370+0000] {dag.py:4180} INFO - Setting next_dagrun for latest_only_with_trigger to 2024-09-30 08:00:00+00:00, run_after=2024-09-30 12:00:00+00:00
[2024-09-30T14:31:27.383+0000] {processor.py:208} INFO - Processing /home/airflow/.local/lib/python3.12/site-packages/airflow/example_dags/example_latest_only_with_trigger.py took 0.053 seconds
[2024-09-30T14:31:58.040+0000] {processor.py:186} INFO - Started process (PID=356) to work on /home/airflow/.local/lib/python3.12/site-packages/airflow/example_dags/example_latest_only_with_trigger.py
[2024-09-30T14:31:58.041+0000] {processor.py:914} INFO - Processing file /home/airflow/.local/lib/python3.12/site-packages/airflow/example_dags/example_latest_only_with_trigger.py for tasks to queue
[2024-09-30T14:31:58.042+0000] {logging_mixin.py:190} INFO - [2024-09-30T14:31:58.042+0000] {dagbag.py:588} INFO - Filling up the DagBag from /home/airflow/.local/lib/python3.12/site-packages/airflow/example_dags/example_latest_only_with_trigger.py
[2024-09-30T14:31:58.047+0000] {processor.py:925} INFO - DAG(s) 'latest_only_with_trigger' retrieved from /home/airflow/.local/lib/python3.12/site-packages/airflow/example_dags/example_latest_only_with_trigger.py
[2024-09-30T14:31:58.060+0000] {logging_mixin.py:190} INFO - [2024-09-30T14:31:58.060+0000] {dag.py:3239} INFO - Sync 1 DAGs
[2024-09-30T14:31:58.076+0000] {logging_mixin.py:190} INFO - [2024-09-30T14:31:58.076+0000] {dag.py:4180} INFO - Setting next_dagrun for latest_only_with_trigger to 2024-09-30 08:00:00+00:00, run_after=2024-09-30 12:00:00+00:00
[2024-09-30T14:31:58.088+0000] {processor.py:208} INFO - Processing /home/airflow/.local/lib/python3.12/site-packages/airflow/example_dags/example_latest_only_with_trigger.py took 0.051 seconds
[2024-09-30T14:32:28.750+0000] {processor.py:186} INFO - Started process (PID=419) to work on /home/airflow/.local/lib/python3.12/site-packages/airflow/example_dags/example_latest_only_with_trigger.py
[2024-09-30T14:32:28.750+0000] {processor.py:914} INFO - Processing file /home/airflow/.local/lib/python3.12/site-packages/airflow/example_dags/example_latest_only_with_trigger.py for tasks to queue
[2024-09-30T14:32:28.752+0000] {logging_mixin.py:190} INFO - [2024-09-30T14:32:28.752+0000] {dagbag.py:588} INFO - Filling up the DagBag from /home/airflow/.local/lib/python3.12/site-packages/airflow/example_dags/example_latest_only_with_trigger.py
[2024-09-30T14:32:28.757+0000] {processor.py:925} INFO - DAG(s) 'latest_only_with_trigger' retrieved from /home/airflow/.local/lib/python3.12/site-packages/airflow/example_dags/example_latest_only_with_trigger.py
[2024-09-30T14:32:28.770+0000] {logging_mixin.py:190} INFO - [2024-09-30T14:32:28.770+0000] {dag.py:3239} INFO - Sync 1 DAGs
[2024-09-30T14:32:28.785+0000] {logging_mixin.py:190} INFO - [2024-09-30T14:32:28.784+0000] {dag.py:4180} INFO - Setting next_dagrun for latest_only_with_trigger to 2024-09-30 08:00:00+00:00, run_after=2024-09-30 12:00:00+00:00
[2024-09-30T14:32:28.796+0000] {processor.py:208} INFO - Processing /home/airflow/.local/lib/python3.12/site-packages/airflow/example_dags/example_latest_only_with_trigger.py took 0.049 seconds
[2024-09-30T14:32:59.547+0000] {processor.py:186} INFO - Started process (PID=482) to work on /home/airflow/.local/lib/python3.12/site-packages/airflow/example_dags/example_latest_only_with_trigger.py
[2024-09-30T14:32:59.548+0000] {processor.py:914} INFO - Processing file /home/airflow/.local/lib/python3.12/site-packages/airflow/example_dags/example_latest_only_with_trigger.py for tasks to queue
[2024-09-30T14:32:59.550+0000] {logging_mixin.py:190} INFO - [2024-09-30T14:32:59.550+0000] {dagbag.py:588} INFO - Filling up the DagBag from /home/airflow/.local/lib/python3.12/site-packages/airflow/example_dags/example_latest_only_with_trigger.py
[2024-09-30T14:32:59.555+0000] {processor.py:925} INFO - DAG(s) 'latest_only_with_trigger' retrieved from /home/airflow/.local/lib/python3.12/site-packages/airflow/example_dags/example_latest_only_with_trigger.py
[2024-09-30T14:32:59.571+0000] {logging_mixin.py:190} INFO - [2024-09-30T14:32:59.571+0000] {dag.py:3239} INFO - Sync 1 DAGs
[2024-09-30T14:32:59.594+0000] {logging_mixin.py:190} INFO - [2024-09-30T14:32:59.594+0000] {dag.py:4180} INFO - Setting next_dagrun for latest_only_with_trigger to 2024-09-30 08:00:00+00:00, run_after=2024-09-30 12:00:00+00:00
[2024-09-30T14:32:59.613+0000] {processor.py:208} INFO - Processing /home/airflow/.local/lib/python3.12/site-packages/airflow/example_dags/example_latest_only_with_trigger.py took 0.070 seconds
[2024-09-30T14:33:30.366+0000] {processor.py:186} INFO - Started process (PID=545) to work on /home/airflow/.local/lib/python3.12/site-packages/airflow/example_dags/example_latest_only_with_trigger.py
[2024-09-30T14:33:30.366+0000] {processor.py:914} INFO - Processing file /home/airflow/.local/lib/python3.12/site-packages/airflow/example_dags/example_latest_only_with_trigger.py for tasks to queue
[2024-09-30T14:33:30.368+0000] {logging_mixin.py:190} INFO - [2024-09-30T14:33:30.368+0000] {dagbag.py:588} INFO - Filling up the DagBag from /home/airflow/.local/lib/python3.12/site-packages/airflow/example_dags/example_latest_only_with_trigger.py
[2024-09-30T14:33:30.373+0000] {processor.py:925} INFO - DAG(s) 'latest_only_with_trigger' retrieved from /home/airflow/.local/lib/python3.12/site-packages/airflow/example_dags/example_latest_only_with_trigger.py
[2024-09-30T14:33:30.394+0000] {logging_mixin.py:190} INFO - [2024-09-30T14:33:30.391+0000] {dag.py:3239} INFO - Sync 1 DAGs
[2024-09-30T14:33:30.468+0000] {logging_mixin.py:190} INFO - [2024-09-30T14:33:30.467+0000] {dag.py:4180} INFO - Setting next_dagrun for latest_only_with_trigger to 2024-09-30 08:00:00+00:00, run_after=2024-09-30 12:00:00+00:00
[2024-09-30T14:33:30.530+0000] {processor.py:208} INFO - Processing /home/airflow/.local/lib/python3.12/site-packages/airflow/example_dags/example_latest_only_with_trigger.py took 0.168 seconds
[2024-09-30T14:34:01.613+0000] {processor.py:186} INFO - Started process (PID=608) to work on /home/airflow/.local/lib/python3.12/site-packages/airflow/example_dags/example_latest_only_with_trigger.py
[2024-09-30T14:34:01.614+0000] {processor.py:914} INFO - Processing file /home/airflow/.local/lib/python3.12/site-packages/airflow/example_dags/example_latest_only_with_trigger.py for tasks to queue
[2024-09-30T14:34:01.615+0000] {logging_mixin.py:190} INFO - [2024-09-30T14:34:01.615+0000] {dagbag.py:588} INFO - Filling up the DagBag from /home/airflow/.local/lib/python3.12/site-packages/airflow/example_dags/example_latest_only_with_trigger.py
[2024-09-30T14:34:01.621+0000] {processor.py:925} INFO - DAG(s) 'latest_only_with_trigger' retrieved from /home/airflow/.local/lib/python3.12/site-packages/airflow/example_dags/example_latest_only_with_trigger.py
[2024-09-30T14:34:01.635+0000] {logging_mixin.py:190} INFO - [2024-09-30T14:34:01.635+0000] {dag.py:3239} INFO - Sync 1 DAGs
[2024-09-30T14:34:01.650+0000] {logging_mixin.py:190} INFO - [2024-09-30T14:34:01.650+0000] {dag.py:4180} INFO - Setting next_dagrun for latest_only_with_trigger to 2024-09-30 08:00:00+00:00, run_after=2024-09-30 12:00:00+00:00
[2024-09-30T14:34:01.662+0000] {processor.py:208} INFO - Processing /home/airflow/.local/lib/python3.12/site-packages/airflow/example_dags/example_latest_only_with_trigger.py took 0.053 seconds
[2024-09-30T14:34:32.948+0000] {processor.py:186} INFO - Started process (PID=671) to work on /home/airflow/.local/lib/python3.12/site-packages/airflow/example_dags/example_latest_only_with_trigger.py
[2024-09-30T14:34:32.949+0000] {processor.py:914} INFO - Processing file /home/airflow/.local/lib/python3.12/site-packages/airflow/example_dags/example_latest_only_with_trigger.py for tasks to queue
[2024-09-30T14:34:32.951+0000] {logging_mixin.py:190} INFO - [2024-09-30T14:34:32.951+0000] {dagbag.py:588} INFO - Filling up the DagBag from /home/airflow/.local/lib/python3.12/site-packages/airflow/example_dags/example_latest_only_with_trigger.py
[2024-09-30T14:34:32.957+0000] {processor.py:925} INFO - DAG(s) 'latest_only_with_trigger' retrieved from /home/airflow/.local/lib/python3.12/site-packages/airflow/example_dags/example_latest_only_with_trigger.py
[2024-09-30T14:34:32.975+0000] {logging_mixin.py:190} INFO - [2024-09-30T14:34:32.974+0000] {dag.py:3239} INFO - Sync 1 DAGs
[2024-09-30T14:34:32.992+0000] {logging_mixin.py:190} INFO - [2024-09-30T14:34:32.992+0000] {dag.py:4180} INFO - Setting next_dagrun for latest_only_with_trigger to 2024-09-30 08:00:00+00:00, run_after=2024-09-30 12:00:00+00:00
[2024-09-30T14:34:33.007+0000] {processor.py:208} INFO - Processing /home/airflow/.local/lib/python3.12/site-packages/airflow/example_dags/example_latest_only_with_trigger.py took 0.063 seconds
[2024-09-30T14:35:03.637+0000] {processor.py:186} INFO - Started process (PID=734) to work on /home/airflow/.local/lib/python3.12/site-packages/airflow/example_dags/example_latest_only_with_trigger.py
[2024-09-30T14:35:03.638+0000] {processor.py:914} INFO - Processing file /home/airflow/.local/lib/python3.12/site-packages/airflow/example_dags/example_latest_only_with_trigger.py for tasks to queue
[2024-09-30T14:35:03.640+0000] {logging_mixin.py:190} INFO - [2024-09-30T14:35:03.639+0000] {dagbag.py:588} INFO - Filling up the DagBag from /home/airflow/.local/lib/python3.12/site-packages/airflow/example_dags/example_latest_only_with_trigger.py
[2024-09-30T14:35:03.645+0000] {processor.py:925} INFO - DAG(s) 'latest_only_with_trigger' retrieved from /home/airflow/.local/lib/python3.12/site-packages/airflow/example_dags/example_latest_only_with_trigger.py
[2024-09-30T14:35:03.658+0000] {logging_mixin.py:190} INFO - [2024-09-30T14:35:03.658+0000] {dag.py:3239} INFO - Sync 1 DAGs
[2024-09-30T14:35:03.673+0000] {logging_mixin.py:190} INFO - [2024-09-30T14:35:03.673+0000] {dag.py:4180} INFO - Setting next_dagrun for latest_only_with_trigger to 2024-09-30 08:00:00+00:00, run_after=2024-09-30 12:00:00+00:00
[2024-09-30T14:35:03.686+0000] {processor.py:208} INFO - Processing /home/airflow/.local/lib/python3.12/site-packages/airflow/example_dags/example_latest_only_with_trigger.py took 0.053 seconds
[2024-09-30T14:35:34.284+0000] {processor.py:186} INFO - Started process (PID=797) to work on /home/airflow/.local/lib/python3.12/site-packages/airflow/example_dags/example_latest_only_with_trigger.py
[2024-09-30T14:35:34.284+0000] {processor.py:914} INFO - Processing file /home/airflow/.local/lib/python3.12/site-packages/airflow/example_dags/example_latest_only_with_trigger.py for tasks to queue
[2024-09-30T14:35:34.286+0000] {logging_mixin.py:190} INFO - [2024-09-30T14:35:34.286+0000] {dagbag.py:588} INFO - Filling up the DagBag from /home/airflow/.local/lib/python3.12/site-packages/airflow/example_dags/example_latest_only_with_trigger.py
[2024-09-30T14:35:34.291+0000] {processor.py:925} INFO - DAG(s) 'latest_only_with_trigger' retrieved from /home/airflow/.local/lib/python3.12/site-packages/airflow/example_dags/example_latest_only_with_trigger.py
[2024-09-30T14:35:34.305+0000] {logging_mixin.py:190} INFO - [2024-09-30T14:35:34.305+0000] {dag.py:3239} INFO - Sync 1 DAGs
[2024-09-30T14:35:34.321+0000] {logging_mixin.py:190} INFO - [2024-09-30T14:35:34.321+0000] {dag.py:4180} INFO - Setting next_dagrun for latest_only_with_trigger to 2024-09-30 08:00:00+00:00, run_after=2024-09-30 12:00:00+00:00
[2024-09-30T14:35:34.334+0000] {processor.py:208} INFO - Processing /home/airflow/.local/lib/python3.12/site-packages/airflow/example_dags/example_latest_only_with_trigger.py took 0.054 seconds
[2024-09-30T14:36:05.104+0000] {processor.py:186} INFO - Started process (PID=860) to work on /home/airflow/.local/lib/python3.12/site-packages/airflow/example_dags/example_latest_only_with_trigger.py
[2024-09-30T14:36:05.105+0000] {processor.py:914} INFO - Processing file /home/airflow/.local/lib/python3.12/site-packages/airflow/example_dags/example_latest_only_with_trigger.py for tasks to queue
[2024-09-30T14:36:05.107+0000] {logging_mixin.py:190} INFO - [2024-09-30T14:36:05.107+0000] {dagbag.py:588} INFO - Filling up the DagBag from /home/airflow/.local/lib/python3.12/site-packages/airflow/example_dags/example_latest_only_with_trigger.py
[2024-09-30T14:36:05.112+0000] {processor.py:925} INFO - DAG(s) 'latest_only_with_trigger' retrieved from /home/airflow/.local/lib/python3.12/site-packages/airflow/example_dags/example_latest_only_with_trigger.py
[2024-09-30T14:36:05.126+0000] {logging_mixin.py:190} INFO - [2024-09-30T14:36:05.126+0000] {dag.py:3239} INFO - Sync 1 DAGs
[2024-09-30T14:36:05.142+0000] {logging_mixin.py:190} INFO - [2024-09-30T14:36:05.142+0000] {dag.py:4180} INFO - Setting next_dagrun for latest_only_with_trigger to 2024-09-30 08:00:00+00:00, run_after=2024-09-30 12:00:00+00:00
[2024-09-30T14:36:05.155+0000] {processor.py:208} INFO - Processing /home/airflow/.local/lib/python3.12/site-packages/airflow/example_dags/example_latest_only_with_trigger.py took 0.054 seconds
[2024-09-30T14:36:43.142+0000] {processor.py:186} INFO - Started process (PID=104) to work on /home/airflow/.local/lib/python3.12/site-packages/airflow/example_dags/example_latest_only_with_trigger.py
[2024-09-30T14:36:43.143+0000] {processor.py:914} INFO - Processing file /home/airflow/.local/lib/python3.12/site-packages/airflow/example_dags/example_latest_only_with_trigger.py for tasks to queue
[2024-09-30T14:36:43.144+0000] {logging_mixin.py:190} INFO - [2024-09-30T14:36:43.144+0000] {dagbag.py:588} INFO - Filling up the DagBag from /home/airflow/.local/lib/python3.12/site-packages/airflow/example_dags/example_latest_only_with_trigger.py
[2024-09-30T14:36:43.149+0000] {processor.py:925} INFO - DAG(s) 'latest_only_with_trigger' retrieved from /home/airflow/.local/lib/python3.12/site-packages/airflow/example_dags/example_latest_only_with_trigger.py
[2024-09-30T14:36:43.162+0000] {logging_mixin.py:190} INFO - [2024-09-30T14:36:43.162+0000] {dag.py:3239} INFO - Sync 1 DAGs
[2024-09-30T14:36:43.179+0000] {logging_mixin.py:190} INFO - [2024-09-30T14:36:43.179+0000] {dag.py:4180} INFO - Setting next_dagrun for latest_only_with_trigger to 2024-09-30 08:00:00+00:00, run_after=2024-09-30 12:00:00+00:00
[2024-09-30T14:36:43.193+0000] {processor.py:208} INFO - Processing /home/airflow/.local/lib/python3.12/site-packages/airflow/example_dags/example_latest_only_with_trigger.py took 0.055 seconds
[2024-09-30T14:37:13.843+0000] {processor.py:186} INFO - Started process (PID=167) to work on /home/airflow/.local/lib/python3.12/site-packages/airflow/example_dags/example_latest_only_with_trigger.py
[2024-09-30T14:37:13.844+0000] {processor.py:914} INFO - Processing file /home/airflow/.local/lib/python3.12/site-packages/airflow/example_dags/example_latest_only_with_trigger.py for tasks to queue
[2024-09-30T14:37:13.846+0000] {logging_mixin.py:190} INFO - [2024-09-30T14:37:13.845+0000] {dagbag.py:588} INFO - Filling up the DagBag from /home/airflow/.local/lib/python3.12/site-packages/airflow/example_dags/example_latest_only_with_trigger.py
[2024-09-30T14:37:13.852+0000] {processor.py:925} INFO - DAG(s) 'latest_only_with_trigger' retrieved from /home/airflow/.local/lib/python3.12/site-packages/airflow/example_dags/example_latest_only_with_trigger.py
[2024-09-30T14:37:13.874+0000] {logging_mixin.py:190} INFO - [2024-09-30T14:37:13.873+0000] {dag.py:3239} INFO - Sync 1 DAGs
[2024-09-30T14:37:13.897+0000] {logging_mixin.py:190} INFO - [2024-09-30T14:37:13.897+0000] {dag.py:4180} INFO - Setting next_dagrun for latest_only_with_trigger to 2024-09-30 08:00:00+00:00, run_after=2024-09-30 12:00:00+00:00
[2024-09-30T14:37:13.913+0000] {processor.py:208} INFO - Processing /home/airflow/.local/lib/python3.12/site-packages/airflow/example_dags/example_latest_only_with_trigger.py took 0.075 seconds
[2024-09-30T14:37:44.776+0000] {processor.py:186} INFO - Started process (PID=230) to work on /home/airflow/.local/lib/python3.12/site-packages/airflow/example_dags/example_latest_only_with_trigger.py
[2024-09-30T14:37:44.777+0000] {processor.py:914} INFO - Processing file /home/airflow/.local/lib/python3.12/site-packages/airflow/example_dags/example_latest_only_with_trigger.py for tasks to queue
[2024-09-30T14:37:44.779+0000] {logging_mixin.py:190} INFO - [2024-09-30T14:37:44.779+0000] {dagbag.py:588} INFO - Filling up the DagBag from /home/airflow/.local/lib/python3.12/site-packages/airflow/example_dags/example_latest_only_with_trigger.py
[2024-09-30T14:37:44.785+0000] {processor.py:925} INFO - DAG(s) 'latest_only_with_trigger' retrieved from /home/airflow/.local/lib/python3.12/site-packages/airflow/example_dags/example_latest_only_with_trigger.py
[2024-09-30T14:37:44.800+0000] {logging_mixin.py:190} INFO - [2024-09-30T14:37:44.799+0000] {dag.py:3239} INFO - Sync 1 DAGs
[2024-09-30T14:37:44.820+0000] {logging_mixin.py:190} INFO - [2024-09-30T14:37:44.820+0000] {dag.py:4180} INFO - Setting next_dagrun for latest_only_with_trigger to 2024-09-30 08:00:00+00:00, run_after=2024-09-30 12:00:00+00:00
[2024-09-30T14:37:44.834+0000] {processor.py:208} INFO - Processing /home/airflow/.local/lib/python3.12/site-packages/airflow/example_dags/example_latest_only_with_trigger.py took 0.061 seconds
[2024-09-30T14:38:15.634+0000] {processor.py:186} INFO - Started process (PID=293) to work on /home/airflow/.local/lib/python3.12/site-packages/airflow/example_dags/example_latest_only_with_trigger.py
[2024-09-30T14:38:15.635+0000] {processor.py:914} INFO - Processing file /home/airflow/.local/lib/python3.12/site-packages/airflow/example_dags/example_latest_only_with_trigger.py for tasks to queue
[2024-09-30T14:38:15.636+0000] {logging_mixin.py:190} INFO - [2024-09-30T14:38:15.636+0000] {dagbag.py:588} INFO - Filling up the DagBag from /home/airflow/.local/lib/python3.12/site-packages/airflow/example_dags/example_latest_only_with_trigger.py
[2024-09-30T14:38:15.641+0000] {processor.py:925} INFO - DAG(s) 'latest_only_with_trigger' retrieved from /home/airflow/.local/lib/python3.12/site-packages/airflow/example_dags/example_latest_only_with_trigger.py
[2024-09-30T14:38:15.655+0000] {logging_mixin.py:190} INFO - [2024-09-30T14:38:15.655+0000] {dag.py:3239} INFO - Sync 1 DAGs
[2024-09-30T14:38:15.672+0000] {logging_mixin.py:190} INFO - [2024-09-30T14:38:15.672+0000] {dag.py:4180} INFO - Setting next_dagrun for latest_only_with_trigger to 2024-09-30 08:00:00+00:00, run_after=2024-09-30 12:00:00+00:00
[2024-09-30T14:38:15.686+0000] {processor.py:208} INFO - Processing /home/airflow/.local/lib/python3.12/site-packages/airflow/example_dags/example_latest_only_with_trigger.py took 0.056 seconds
[2024-09-30T14:38:46.227+0000] {processor.py:186} INFO - Started process (PID=357) to work on /home/airflow/.local/lib/python3.12/site-packages/airflow/example_dags/example_latest_only_with_trigger.py
[2024-09-30T14:38:46.227+0000] {processor.py:914} INFO - Processing file /home/airflow/.local/lib/python3.12/site-packages/airflow/example_dags/example_latest_only_with_trigger.py for tasks to queue
[2024-09-30T14:38:46.229+0000] {logging_mixin.py:190} INFO - [2024-09-30T14:38:46.229+0000] {dagbag.py:588} INFO - Filling up the DagBag from /home/airflow/.local/lib/python3.12/site-packages/airflow/example_dags/example_latest_only_with_trigger.py
[2024-09-30T14:38:46.234+0000] {processor.py:925} INFO - DAG(s) 'latest_only_with_trigger' retrieved from /home/airflow/.local/lib/python3.12/site-packages/airflow/example_dags/example_latest_only_with_trigger.py
[2024-09-30T14:38:46.248+0000] {logging_mixin.py:190} INFO - [2024-09-30T14:38:46.248+0000] {dag.py:3239} INFO - Sync 1 DAGs
[2024-09-30T14:38:46.264+0000] {logging_mixin.py:190} INFO - [2024-09-30T14:38:46.264+0000] {dag.py:4180} INFO - Setting next_dagrun for latest_only_with_trigger to 2024-09-30 08:00:00+00:00, run_after=2024-09-30 12:00:00+00:00
[2024-09-30T14:38:46.277+0000] {processor.py:208} INFO - Processing /home/airflow/.local/lib/python3.12/site-packages/airflow/example_dags/example_latest_only_with_trigger.py took 0.054 seconds
[2024-09-30T14:39:17.027+0000] {processor.py:186} INFO - Started process (PID=419) to work on /home/airflow/.local/lib/python3.12/site-packages/airflow/example_dags/example_latest_only_with_trigger.py
[2024-09-30T14:39:17.027+0000] {processor.py:914} INFO - Processing file /home/airflow/.local/lib/python3.12/site-packages/airflow/example_dags/example_latest_only_with_trigger.py for tasks to queue
[2024-09-30T14:39:17.029+0000] {logging_mixin.py:190} INFO - [2024-09-30T14:39:17.028+0000] {dagbag.py:588} INFO - Filling up the DagBag from /home/airflow/.local/lib/python3.12/site-packages/airflow/example_dags/example_latest_only_with_trigger.py
[2024-09-30T14:39:17.033+0000] {processor.py:925} INFO - DAG(s) 'latest_only_with_trigger' retrieved from /home/airflow/.local/lib/python3.12/site-packages/airflow/example_dags/example_latest_only_with_trigger.py
[2024-09-30T14:39:17.046+0000] {logging_mixin.py:190} INFO - [2024-09-30T14:39:17.046+0000] {dag.py:3239} INFO - Sync 1 DAGs
[2024-09-30T14:39:17.062+0000] {logging_mixin.py:190} INFO - [2024-09-30T14:39:17.062+0000] {dag.py:4180} INFO - Setting next_dagrun for latest_only_with_trigger to 2024-09-30 08:00:00+00:00, run_after=2024-09-30 12:00:00+00:00
[2024-09-30T14:39:17.074+0000] {processor.py:208} INFO - Processing /home/airflow/.local/lib/python3.12/site-packages/airflow/example_dags/example_latest_only_with_trigger.py took 0.051 seconds
[2024-09-30T14:39:43.824+0000] {processor.py:186} INFO - Started process (PID=104) to work on /home/airflow/.local/lib/python3.12/site-packages/airflow/example_dags/example_latest_only_with_trigger.py
[2024-09-30T14:39:43.825+0000] {processor.py:914} INFO - Processing file /home/airflow/.local/lib/python3.12/site-packages/airflow/example_dags/example_latest_only_with_trigger.py for tasks to queue
[2024-09-30T14:39:43.827+0000] {logging_mixin.py:190} INFO - [2024-09-30T14:39:43.826+0000] {dagbag.py:588} INFO - Filling up the DagBag from /home/airflow/.local/lib/python3.12/site-packages/airflow/example_dags/example_latest_only_with_trigger.py
[2024-09-30T14:39:43.832+0000] {processor.py:925} INFO - DAG(s) 'latest_only_with_trigger' retrieved from /home/airflow/.local/lib/python3.12/site-packages/airflow/example_dags/example_latest_only_with_trigger.py
[2024-09-30T14:39:43.845+0000] {logging_mixin.py:190} INFO - [2024-09-30T14:39:43.845+0000] {dag.py:3239} INFO - Sync 1 DAGs
[2024-09-30T14:39:43.861+0000] {logging_mixin.py:190} INFO - [2024-09-30T14:39:43.861+0000] {dag.py:4180} INFO - Setting next_dagrun for latest_only_with_trigger to 2024-09-30 08:00:00+00:00, run_after=2024-09-30 12:00:00+00:00
[2024-09-30T14:39:43.874+0000] {processor.py:208} INFO - Processing /home/airflow/.local/lib/python3.12/site-packages/airflow/example_dags/example_latest_only_with_trigger.py took 0.053 seconds
[2024-09-30T14:40:14.716+0000] {processor.py:186} INFO - Started process (PID=167) to work on /home/airflow/.local/lib/python3.12/site-packages/airflow/example_dags/example_latest_only_with_trigger.py
[2024-09-30T14:40:14.717+0000] {processor.py:914} INFO - Processing file /home/airflow/.local/lib/python3.12/site-packages/airflow/example_dags/example_latest_only_with_trigger.py for tasks to queue
[2024-09-30T14:40:14.719+0000] {logging_mixin.py:190} INFO - [2024-09-30T14:40:14.719+0000] {dagbag.py:588} INFO - Filling up the DagBag from /home/airflow/.local/lib/python3.12/site-packages/airflow/example_dags/example_latest_only_with_trigger.py
[2024-09-30T14:40:14.724+0000] {processor.py:925} INFO - DAG(s) 'latest_only_with_trigger' retrieved from /home/airflow/.local/lib/python3.12/site-packages/airflow/example_dags/example_latest_only_with_trigger.py
[2024-09-30T14:40:14.738+0000] {logging_mixin.py:190} INFO - [2024-09-30T14:40:14.738+0000] {dag.py:3239} INFO - Sync 1 DAGs
[2024-09-30T14:40:14.754+0000] {logging_mixin.py:190} INFO - [2024-09-30T14:40:14.754+0000] {dag.py:4180} INFO - Setting next_dagrun for latest_only_with_trigger to 2024-09-30 08:00:00+00:00, run_after=2024-09-30 12:00:00+00:00
[2024-09-30T14:40:14.772+0000] {processor.py:208} INFO - Processing /home/airflow/.local/lib/python3.12/site-packages/airflow/example_dags/example_latest_only_with_trigger.py took 0.059 seconds
[2024-09-30T14:40:45.580+0000] {processor.py:186} INFO - Started process (PID=230) to work on /home/airflow/.local/lib/python3.12/site-packages/airflow/example_dags/example_latest_only_with_trigger.py
[2024-09-30T14:40:45.581+0000] {processor.py:914} INFO - Processing file /home/airflow/.local/lib/python3.12/site-packages/airflow/example_dags/example_latest_only_with_trigger.py for tasks to queue
[2024-09-30T14:40:45.582+0000] {logging_mixin.py:190} INFO - [2024-09-30T14:40:45.582+0000] {dagbag.py:588} INFO - Filling up the DagBag from /home/airflow/.local/lib/python3.12/site-packages/airflow/example_dags/example_latest_only_with_trigger.py
[2024-09-30T14:40:45.587+0000] {processor.py:925} INFO - DAG(s) 'latest_only_with_trigger' retrieved from /home/airflow/.local/lib/python3.12/site-packages/airflow/example_dags/example_latest_only_with_trigger.py
[2024-09-30T14:40:45.601+0000] {logging_mixin.py:190} INFO - [2024-09-30T14:40:45.600+0000] {dag.py:3239} INFO - Sync 1 DAGs
[2024-09-30T14:40:45.618+0000] {logging_mixin.py:190} INFO - [2024-09-30T14:40:45.617+0000] {dag.py:4180} INFO - Setting next_dagrun for latest_only_with_trigger to 2024-09-30 08:00:00+00:00, run_after=2024-09-30 12:00:00+00:00
[2024-09-30T14:40:45.630+0000] {processor.py:208} INFO - Processing /home/airflow/.local/lib/python3.12/site-packages/airflow/example_dags/example_latest_only_with_trigger.py took 0.053 seconds
[2024-09-30T14:41:16.389+0000] {processor.py:186} INFO - Started process (PID=293) to work on /home/airflow/.local/lib/python3.12/site-packages/airflow/example_dags/example_latest_only_with_trigger.py
[2024-09-30T14:41:16.390+0000] {processor.py:914} INFO - Processing file /home/airflow/.local/lib/python3.12/site-packages/airflow/example_dags/example_latest_only_with_trigger.py for tasks to queue
[2024-09-30T14:41:16.392+0000] {logging_mixin.py:190} INFO - [2024-09-30T14:41:16.392+0000] {dagbag.py:588} INFO - Filling up the DagBag from /home/airflow/.local/lib/python3.12/site-packages/airflow/example_dags/example_latest_only_with_trigger.py
[2024-09-30T14:41:16.398+0000] {processor.py:925} INFO - DAG(s) 'latest_only_with_trigger' retrieved from /home/airflow/.local/lib/python3.12/site-packages/airflow/example_dags/example_latest_only_with_trigger.py
[2024-09-30T14:41:16.413+0000] {logging_mixin.py:190} INFO - [2024-09-30T14:41:16.412+0000] {dag.py:3239} INFO - Sync 1 DAGs
[2024-09-30T14:41:16.429+0000] {logging_mixin.py:190} INFO - [2024-09-30T14:41:16.429+0000] {dag.py:4180} INFO - Setting next_dagrun for latest_only_with_trigger to 2024-09-30 08:00:00+00:00, run_after=2024-09-30 12:00:00+00:00
[2024-09-30T14:41:16.443+0000] {processor.py:208} INFO - Processing /home/airflow/.local/lib/python3.12/site-packages/airflow/example_dags/example_latest_only_with_trigger.py took 0.058 seconds
