[2024-09-30T14:12:30.474+0000] {processor.py:186} INFO - Started process (PID=102) to work on /home/airflow/.local/lib/python3.12/site-packages/airflow/example_dags/example_branch_operator_decorator.py
[2024-09-30T14:12:30.475+0000] {processor.py:914} INFO - Processing file /home/airflow/.local/lib/python3.12/site-packages/airflow/example_dags/example_branch_operator_decorator.py for tasks to queue
[2024-09-30T14:12:30.476+0000] {logging_mixin.py:190} INFO - [2024-09-30T14:12:30.476+0000] {dagbag.py:588} INFO - Filling up the DagBag from /home/airflow/.local/lib/python3.12/site-packages/airflow/example_dags/example_branch_operator_decorator.py
[2024-09-30T14:12:30.493+0000] {processor.py:925} INFO - DAG(s) 'example_branch_python_operator_decorator' retrieved from /home/airflow/.local/lib/python3.12/site-packages/airflow/example_dags/example_branch_operator_decorator.py
[2024-09-30T14:12:30.580+0000] {logging_mixin.py:190} INFO - [2024-09-30T14:12:30.580+0000] {dag.py:3239} INFO - Sync 1 DAGs
[2024-09-30T14:12:30.598+0000] {logging_mixin.py:190} INFO - [2024-09-30T14:12:30.598+0000] {dag.py:4180} INFO - Setting next_dagrun for example_branch_python_operator_decorator to 2024-09-29 00:00:00+00:00, run_after=2024-09-30 00:00:00+00:00
[2024-09-30T14:12:30.614+0000] {processor.py:208} INFO - Processing /home/airflow/.local/lib/python3.12/site-packages/airflow/example_dags/example_branch_operator_decorator.py took 0.144 seconds
[2024-09-30T14:13:01.453+0000] {processor.py:186} INFO - Started process (PID=165) to work on /home/airflow/.local/lib/python3.12/site-packages/airflow/example_dags/example_branch_operator_decorator.py
[2024-09-30T14:13:01.453+0000] {processor.py:914} INFO - Processing file /home/airflow/.local/lib/python3.12/site-packages/airflow/example_dags/example_branch_operator_decorator.py for tasks to queue
[2024-09-30T14:13:01.455+0000] {logging_mixin.py:190} INFO - [2024-09-30T14:13:01.455+0000] {dagbag.py:588} INFO - Filling up the DagBag from /home/airflow/.local/lib/python3.12/site-packages/airflow/example_dags/example_branch_operator_decorator.py
[2024-09-30T14:13:01.468+0000] {processor.py:925} INFO - DAG(s) 'example_branch_python_operator_decorator' retrieved from /home/airflow/.local/lib/python3.12/site-packages/airflow/example_dags/example_branch_operator_decorator.py
[2024-09-30T14:13:01.488+0000] {logging_mixin.py:190} INFO - [2024-09-30T14:13:01.488+0000] {dag.py:3239} INFO - Sync 1 DAGs
[2024-09-30T14:13:01.506+0000] {logging_mixin.py:190} INFO - [2024-09-30T14:13:01.506+0000] {dag.py:4180} INFO - Setting next_dagrun for example_branch_python_operator_decorator to 2024-09-29 00:00:00+00:00, run_after=2024-09-30 00:00:00+00:00
[2024-09-30T14:13:01.518+0000] {processor.py:208} INFO - Processing /home/airflow/.local/lib/python3.12/site-packages/airflow/example_dags/example_branch_operator_decorator.py took 0.070 seconds
[2024-09-30T14:13:32.164+0000] {processor.py:186} INFO - Started process (PID=228) to work on /home/airflow/.local/lib/python3.12/site-packages/airflow/example_dags/example_branch_operator_decorator.py
[2024-09-30T14:13:32.166+0000] {processor.py:914} INFO - Processing file /home/airflow/.local/lib/python3.12/site-packages/airflow/example_dags/example_branch_operator_decorator.py for tasks to queue
[2024-09-30T14:13:32.169+0000] {logging_mixin.py:190} INFO - [2024-09-30T14:13:32.168+0000] {dagbag.py:588} INFO - Filling up the DagBag from /home/airflow/.local/lib/python3.12/site-packages/airflow/example_dags/example_branch_operator_decorator.py
[2024-09-30T14:13:32.184+0000] {processor.py:925} INFO - DAG(s) 'example_branch_python_operator_decorator' retrieved from /home/airflow/.local/lib/python3.12/site-packages/airflow/example_dags/example_branch_operator_decorator.py
[2024-09-30T14:13:32.203+0000] {logging_mixin.py:190} INFO - [2024-09-30T14:13:32.203+0000] {dag.py:3239} INFO - Sync 1 DAGs
[2024-09-30T14:13:32.220+0000] {logging_mixin.py:190} INFO - [2024-09-30T14:13:32.220+0000] {dag.py:4180} INFO - Setting next_dagrun for example_branch_python_operator_decorator to 2024-09-29 00:00:00+00:00, run_after=2024-09-30 00:00:00+00:00
[2024-09-30T14:13:32.233+0000] {processor.py:208} INFO - Processing /home/airflow/.local/lib/python3.12/site-packages/airflow/example_dags/example_branch_operator_decorator.py took 0.075 seconds
[2024-09-30T14:14:02.972+0000] {processor.py:186} INFO - Started process (PID=291) to work on /home/airflow/.local/lib/python3.12/site-packages/airflow/example_dags/example_branch_operator_decorator.py
[2024-09-30T14:14:02.973+0000] {processor.py:914} INFO - Processing file /home/airflow/.local/lib/python3.12/site-packages/airflow/example_dags/example_branch_operator_decorator.py for tasks to queue
[2024-09-30T14:14:02.975+0000] {logging_mixin.py:190} INFO - [2024-09-30T14:14:02.975+0000] {dagbag.py:588} INFO - Filling up the DagBag from /home/airflow/.local/lib/python3.12/site-packages/airflow/example_dags/example_branch_operator_decorator.py
[2024-09-30T14:14:02.989+0000] {processor.py:925} INFO - DAG(s) 'example_branch_python_operator_decorator' retrieved from /home/airflow/.local/lib/python3.12/site-packages/airflow/example_dags/example_branch_operator_decorator.py
[2024-09-30T14:14:03.009+0000] {logging_mixin.py:190} INFO - [2024-09-30T14:14:03.008+0000] {dag.py:3239} INFO - Sync 1 DAGs
[2024-09-30T14:14:03.025+0000] {logging_mixin.py:190} INFO - [2024-09-30T14:14:03.024+0000] {dag.py:4180} INFO - Setting next_dagrun for example_branch_python_operator_decorator to 2024-09-29 00:00:00+00:00, run_after=2024-09-30 00:00:00+00:00
[2024-09-30T14:14:03.040+0000] {processor.py:208} INFO - Processing /home/airflow/.local/lib/python3.12/site-packages/airflow/example_dags/example_branch_operator_decorator.py took 0.071 seconds
[2024-09-30T14:14:34.044+0000] {processor.py:186} INFO - Started process (PID=354) to work on /home/airflow/.local/lib/python3.12/site-packages/airflow/example_dags/example_branch_operator_decorator.py
[2024-09-30T14:14:34.044+0000] {processor.py:914} INFO - Processing file /home/airflow/.local/lib/python3.12/site-packages/airflow/example_dags/example_branch_operator_decorator.py for tasks to queue
[2024-09-30T14:14:34.046+0000] {logging_mixin.py:190} INFO - [2024-09-30T14:14:34.046+0000] {dagbag.py:588} INFO - Filling up the DagBag from /home/airflow/.local/lib/python3.12/site-packages/airflow/example_dags/example_branch_operator_decorator.py
[2024-09-30T14:14:34.059+0000] {processor.py:925} INFO - DAG(s) 'example_branch_python_operator_decorator' retrieved from /home/airflow/.local/lib/python3.12/site-packages/airflow/example_dags/example_branch_operator_decorator.py
[2024-09-30T14:14:34.079+0000] {logging_mixin.py:190} INFO - [2024-09-30T14:14:34.079+0000] {dag.py:3239} INFO - Sync 1 DAGs
[2024-09-30T14:14:34.096+0000] {logging_mixin.py:190} INFO - [2024-09-30T14:14:34.096+0000] {dag.py:4180} INFO - Setting next_dagrun for example_branch_python_operator_decorator to 2024-09-29 00:00:00+00:00, run_after=2024-09-30 00:00:00+00:00
[2024-09-30T14:14:34.111+0000] {processor.py:208} INFO - Processing /home/airflow/.local/lib/python3.12/site-packages/airflow/example_dags/example_branch_operator_decorator.py took 0.071 seconds
[2024-09-30T14:15:04.269+0000] {processor.py:186} INFO - Started process (PID=417) to work on /home/airflow/.local/lib/python3.12/site-packages/airflow/example_dags/example_branch_operator_decorator.py
[2024-09-30T14:15:04.270+0000] {processor.py:914} INFO - Processing file /home/airflow/.local/lib/python3.12/site-packages/airflow/example_dags/example_branch_operator_decorator.py for tasks to queue
[2024-09-30T14:15:04.272+0000] {logging_mixin.py:190} INFO - [2024-09-30T14:15:04.272+0000] {dagbag.py:588} INFO - Filling up the DagBag from /home/airflow/.local/lib/python3.12/site-packages/airflow/example_dags/example_branch_operator_decorator.py
[2024-09-30T14:15:04.286+0000] {processor.py:925} INFO - DAG(s) 'example_branch_python_operator_decorator' retrieved from /home/airflow/.local/lib/python3.12/site-packages/airflow/example_dags/example_branch_operator_decorator.py
[2024-09-30T14:15:04.311+0000] {logging_mixin.py:190} INFO - [2024-09-30T14:15:04.311+0000] {dag.py:3239} INFO - Sync 1 DAGs
[2024-09-30T14:15:04.333+0000] {logging_mixin.py:190} INFO - [2024-09-30T14:15:04.333+0000] {dag.py:4180} INFO - Setting next_dagrun for example_branch_python_operator_decorator to 2024-09-29 00:00:00+00:00, run_after=2024-09-30 00:00:00+00:00
[2024-09-30T14:15:04.347+0000] {processor.py:208} INFO - Processing /home/airflow/.local/lib/python3.12/site-packages/airflow/example_dags/example_branch_operator_decorator.py took 0.081 seconds
[2024-09-30T14:15:35.165+0000] {processor.py:186} INFO - Started process (PID=480) to work on /home/airflow/.local/lib/python3.12/site-packages/airflow/example_dags/example_branch_operator_decorator.py
[2024-09-30T14:15:35.166+0000] {processor.py:914} INFO - Processing file /home/airflow/.local/lib/python3.12/site-packages/airflow/example_dags/example_branch_operator_decorator.py for tasks to queue
[2024-09-30T14:15:35.167+0000] {logging_mixin.py:190} INFO - [2024-09-30T14:15:35.167+0000] {dagbag.py:588} INFO - Filling up the DagBag from /home/airflow/.local/lib/python3.12/site-packages/airflow/example_dags/example_branch_operator_decorator.py
[2024-09-30T14:15:35.180+0000] {processor.py:925} INFO - DAG(s) 'example_branch_python_operator_decorator' retrieved from /home/airflow/.local/lib/python3.12/site-packages/airflow/example_dags/example_branch_operator_decorator.py
[2024-09-30T14:15:35.199+0000] {logging_mixin.py:190} INFO - [2024-09-30T14:15:35.198+0000] {dag.py:3239} INFO - Sync 1 DAGs
[2024-09-30T14:15:35.215+0000] {logging_mixin.py:190} INFO - [2024-09-30T14:15:35.215+0000] {dag.py:4180} INFO - Setting next_dagrun for example_branch_python_operator_decorator to 2024-09-29 00:00:00+00:00, run_after=2024-09-30 00:00:00+00:00
[2024-09-30T14:15:35.228+0000] {processor.py:208} INFO - Processing /home/airflow/.local/lib/python3.12/site-packages/airflow/example_dags/example_branch_operator_decorator.py took 0.067 seconds
[2024-09-30T14:16:05.879+0000] {processor.py:186} INFO - Started process (PID=543) to work on /home/airflow/.local/lib/python3.12/site-packages/airflow/example_dags/example_branch_operator_decorator.py
[2024-09-30T14:16:05.880+0000] {processor.py:914} INFO - Processing file /home/airflow/.local/lib/python3.12/site-packages/airflow/example_dags/example_branch_operator_decorator.py for tasks to queue
[2024-09-30T14:16:05.881+0000] {logging_mixin.py:190} INFO - [2024-09-30T14:16:05.881+0000] {dagbag.py:588} INFO - Filling up the DagBag from /home/airflow/.local/lib/python3.12/site-packages/airflow/example_dags/example_branch_operator_decorator.py
[2024-09-30T14:16:05.895+0000] {processor.py:925} INFO - DAG(s) 'example_branch_python_operator_decorator' retrieved from /home/airflow/.local/lib/python3.12/site-packages/airflow/example_dags/example_branch_operator_decorator.py
[2024-09-30T14:16:05.913+0000] {logging_mixin.py:190} INFO - [2024-09-30T14:16:05.913+0000] {dag.py:3239} INFO - Sync 1 DAGs
[2024-09-30T14:16:05.930+0000] {logging_mixin.py:190} INFO - [2024-09-30T14:16:05.929+0000] {dag.py:4180} INFO - Setting next_dagrun for example_branch_python_operator_decorator to 2024-09-29 00:00:00+00:00, run_after=2024-09-30 00:00:00+00:00
[2024-09-30T14:16:05.941+0000] {processor.py:208} INFO - Processing /home/airflow/.local/lib/python3.12/site-packages/airflow/example_dags/example_branch_operator_decorator.py took 0.066 seconds
[2024-09-30T14:16:36.531+0000] {processor.py:186} INFO - Started process (PID=607) to work on /home/airflow/.local/lib/python3.12/site-packages/airflow/example_dags/example_branch_operator_decorator.py
[2024-09-30T14:16:36.531+0000] {processor.py:914} INFO - Processing file /home/airflow/.local/lib/python3.12/site-packages/airflow/example_dags/example_branch_operator_decorator.py for tasks to queue
[2024-09-30T14:16:36.533+0000] {logging_mixin.py:190} INFO - [2024-09-30T14:16:36.533+0000] {dagbag.py:588} INFO - Filling up the DagBag from /home/airflow/.local/lib/python3.12/site-packages/airflow/example_dags/example_branch_operator_decorator.py
[2024-09-30T14:16:36.546+0000] {processor.py:925} INFO - DAG(s) 'example_branch_python_operator_decorator' retrieved from /home/airflow/.local/lib/python3.12/site-packages/airflow/example_dags/example_branch_operator_decorator.py
[2024-09-30T14:16:36.565+0000] {logging_mixin.py:190} INFO - [2024-09-30T14:16:36.565+0000] {dag.py:3239} INFO - Sync 1 DAGs
[2024-09-30T14:16:36.582+0000] {logging_mixin.py:190} INFO - [2024-09-30T14:16:36.582+0000] {dag.py:4180} INFO - Setting next_dagrun for example_branch_python_operator_decorator to 2024-09-29 00:00:00+00:00, run_after=2024-09-30 00:00:00+00:00
[2024-09-30T14:16:36.595+0000] {processor.py:208} INFO - Processing /home/airflow/.local/lib/python3.12/site-packages/airflow/example_dags/example_branch_operator_decorator.py took 0.068 seconds
[2024-09-30T14:17:01.102+0000] {processor.py:186} INFO - Started process (PID=96) to work on /home/airflow/.local/lib/python3.12/site-packages/airflow/example_dags/example_branch_operator_decorator.py
[2024-09-30T14:17:01.103+0000] {processor.py:914} INFO - Processing file /home/airflow/.local/lib/python3.12/site-packages/airflow/example_dags/example_branch_operator_decorator.py for tasks to queue
[2024-09-30T14:17:01.105+0000] {logging_mixin.py:190} INFO - [2024-09-30T14:17:01.104+0000] {dagbag.py:588} INFO - Filling up the DagBag from /home/airflow/.local/lib/python3.12/site-packages/airflow/example_dags/example_branch_operator_decorator.py
[2024-09-30T14:17:01.119+0000] {processor.py:925} INFO - DAG(s) 'example_branch_python_operator_decorator' retrieved from /home/airflow/.local/lib/python3.12/site-packages/airflow/example_dags/example_branch_operator_decorator.py
[2024-09-30T14:17:01.201+0000] {logging_mixin.py:190} INFO - [2024-09-30T14:17:01.201+0000] {dag.py:3239} INFO - Sync 1 DAGs
[2024-09-30T14:17:01.218+0000] {logging_mixin.py:190} INFO - [2024-09-30T14:17:01.218+0000] {dag.py:4180} INFO - Setting next_dagrun for example_branch_python_operator_decorator to 2024-09-29 00:00:00+00:00, run_after=2024-09-30 00:00:00+00:00
[2024-09-30T14:17:01.233+0000] {processor.py:208} INFO - Processing /home/airflow/.local/lib/python3.12/site-packages/airflow/example_dags/example_branch_operator_decorator.py took 0.134 seconds
[2024-09-30T14:17:31.985+0000] {processor.py:186} INFO - Started process (PID=159) to work on /home/airflow/.local/lib/python3.12/site-packages/airflow/example_dags/example_branch_operator_decorator.py
[2024-09-30T14:17:31.986+0000] {processor.py:914} INFO - Processing file /home/airflow/.local/lib/python3.12/site-packages/airflow/example_dags/example_branch_operator_decorator.py for tasks to queue
[2024-09-30T14:17:31.987+0000] {logging_mixin.py:190} INFO - [2024-09-30T14:17:31.987+0000] {dagbag.py:588} INFO - Filling up the DagBag from /home/airflow/.local/lib/python3.12/site-packages/airflow/example_dags/example_branch_operator_decorator.py
[2024-09-30T14:17:32.001+0000] {processor.py:925} INFO - DAG(s) 'example_branch_python_operator_decorator' retrieved from /home/airflow/.local/lib/python3.12/site-packages/airflow/example_dags/example_branch_operator_decorator.py
[2024-09-30T14:17:32.020+0000] {logging_mixin.py:190} INFO - [2024-09-30T14:17:32.019+0000] {dag.py:3239} INFO - Sync 1 DAGs
[2024-09-30T14:17:32.036+0000] {logging_mixin.py:190} INFO - [2024-09-30T14:17:32.035+0000] {dag.py:4180} INFO - Setting next_dagrun for example_branch_python_operator_decorator to 2024-09-29 00:00:00+00:00, run_after=2024-09-30 00:00:00+00:00
[2024-09-30T14:17:32.048+0000] {processor.py:208} INFO - Processing /home/airflow/.local/lib/python3.12/site-packages/airflow/example_dags/example_branch_operator_decorator.py took 0.067 seconds
[2024-09-30T14:18:03.893+0000] {processor.py:186} INFO - Started process (PID=96) to work on /home/airflow/.local/lib/python3.12/site-packages/airflow/example_dags/example_branch_operator_decorator.py
[2024-09-30T14:18:03.893+0000] {processor.py:914} INFO - Processing file /home/airflow/.local/lib/python3.12/site-packages/airflow/example_dags/example_branch_operator_decorator.py for tasks to queue
[2024-09-30T14:18:03.895+0000] {logging_mixin.py:190} INFO - [2024-09-30T14:18:03.895+0000] {dagbag.py:588} INFO - Filling up the DagBag from /home/airflow/.local/lib/python3.12/site-packages/airflow/example_dags/example_branch_operator_decorator.py
[2024-09-30T14:18:03.916+0000] {processor.py:925} INFO - DAG(s) 'example_branch_python_operator_decorator' retrieved from /home/airflow/.local/lib/python3.12/site-packages/airflow/example_dags/example_branch_operator_decorator.py
[2024-09-30T14:18:04.000+0000] {logging_mixin.py:190} INFO - [2024-09-30T14:18:04.000+0000] {dag.py:3239} INFO - Sync 1 DAGs
[2024-09-30T14:18:04.017+0000] {logging_mixin.py:190} INFO - [2024-09-30T14:18:04.017+0000] {dag.py:4180} INFO - Setting next_dagrun for example_branch_python_operator_decorator to 2024-09-29 00:00:00+00:00, run_after=2024-09-30 00:00:00+00:00
[2024-09-30T14:18:04.033+0000] {processor.py:208} INFO - Processing /home/airflow/.local/lib/python3.12/site-packages/airflow/example_dags/example_branch_operator_decorator.py took 0.145 seconds
[2024-09-30T14:18:34.438+0000] {processor.py:186} INFO - Started process (PID=159) to work on /home/airflow/.local/lib/python3.12/site-packages/airflow/example_dags/example_branch_operator_decorator.py
[2024-09-30T14:18:34.439+0000] {processor.py:914} INFO - Processing file /home/airflow/.local/lib/python3.12/site-packages/airflow/example_dags/example_branch_operator_decorator.py for tasks to queue
[2024-09-30T14:18:34.441+0000] {logging_mixin.py:190} INFO - [2024-09-30T14:18:34.440+0000] {dagbag.py:588} INFO - Filling up the DagBag from /home/airflow/.local/lib/python3.12/site-packages/airflow/example_dags/example_branch_operator_decorator.py
[2024-09-30T14:18:34.454+0000] {processor.py:925} INFO - DAG(s) 'example_branch_python_operator_decorator' retrieved from /home/airflow/.local/lib/python3.12/site-packages/airflow/example_dags/example_branch_operator_decorator.py
[2024-09-30T14:18:34.473+0000] {logging_mixin.py:190} INFO - [2024-09-30T14:18:34.473+0000] {dag.py:3239} INFO - Sync 1 DAGs
[2024-09-30T14:18:34.492+0000] {logging_mixin.py:190} INFO - [2024-09-30T14:18:34.492+0000] {dag.py:4180} INFO - Setting next_dagrun for example_branch_python_operator_decorator to 2024-09-29 00:00:00+00:00, run_after=2024-09-30 00:00:00+00:00
[2024-09-30T14:18:34.507+0000] {processor.py:208} INFO - Processing /home/airflow/.local/lib/python3.12/site-packages/airflow/example_dags/example_branch_operator_decorator.py took 0.072 seconds
[2024-09-30T14:19:04.972+0000] {processor.py:186} INFO - Started process (PID=222) to work on /home/airflow/.local/lib/python3.12/site-packages/airflow/example_dags/example_branch_operator_decorator.py
[2024-09-30T14:19:04.972+0000] {processor.py:914} INFO - Processing file /home/airflow/.local/lib/python3.12/site-packages/airflow/example_dags/example_branch_operator_decorator.py for tasks to queue
[2024-09-30T14:19:04.973+0000] {logging_mixin.py:190} INFO - [2024-09-30T14:19:04.973+0000] {dagbag.py:588} INFO - Filling up the DagBag from /home/airflow/.local/lib/python3.12/site-packages/airflow/example_dags/example_branch_operator_decorator.py
[2024-09-30T14:19:04.987+0000] {processor.py:925} INFO - DAG(s) 'example_branch_python_operator_decorator' retrieved from /home/airflow/.local/lib/python3.12/site-packages/airflow/example_dags/example_branch_operator_decorator.py
[2024-09-30T14:19:05.006+0000] {logging_mixin.py:190} INFO - [2024-09-30T14:19:05.005+0000] {dag.py:3239} INFO - Sync 1 DAGs
[2024-09-30T14:19:05.022+0000] {logging_mixin.py:190} INFO - [2024-09-30T14:19:05.022+0000] {dag.py:4180} INFO - Setting next_dagrun for example_branch_python_operator_decorator to 2024-09-29 00:00:00+00:00, run_after=2024-09-30 00:00:00+00:00
[2024-09-30T14:19:05.035+0000] {processor.py:208} INFO - Processing /home/airflow/.local/lib/python3.12/site-packages/airflow/example_dags/example_branch_operator_decorator.py took 0.067 seconds
[2024-09-30T14:19:48.258+0000] {processor.py:186} INFO - Started process (PID=96) to work on /home/airflow/.local/lib/python3.12/site-packages/airflow/example_dags/example_branch_operator_decorator.py
[2024-09-30T14:19:48.258+0000] {processor.py:914} INFO - Processing file /home/airflow/.local/lib/python3.12/site-packages/airflow/example_dags/example_branch_operator_decorator.py for tasks to queue
[2024-09-30T14:19:48.260+0000] {logging_mixin.py:190} INFO - [2024-09-30T14:19:48.260+0000] {dagbag.py:588} INFO - Filling up the DagBag from /home/airflow/.local/lib/python3.12/site-packages/airflow/example_dags/example_branch_operator_decorator.py
[2024-09-30T14:19:48.276+0000] {processor.py:925} INFO - DAG(s) 'example_branch_python_operator_decorator' retrieved from /home/airflow/.local/lib/python3.12/site-packages/airflow/example_dags/example_branch_operator_decorator.py
[2024-09-30T14:19:48.354+0000] {logging_mixin.py:190} INFO - [2024-09-30T14:19:48.353+0000] {dag.py:3239} INFO - Sync 1 DAGs
[2024-09-30T14:19:48.370+0000] {logging_mixin.py:190} INFO - [2024-09-30T14:19:48.369+0000] {dag.py:4180} INFO - Setting next_dagrun for example_branch_python_operator_decorator to 2024-09-29 00:00:00+00:00, run_after=2024-09-30 00:00:00+00:00
[2024-09-30T14:19:48.382+0000] {processor.py:208} INFO - Processing /home/airflow/.local/lib/python3.12/site-packages/airflow/example_dags/example_branch_operator_decorator.py took 0.128 seconds
[2024-09-30T14:20:19.111+0000] {processor.py:186} INFO - Started process (PID=159) to work on /home/airflow/.local/lib/python3.12/site-packages/airflow/example_dags/example_branch_operator_decorator.py
[2024-09-30T14:20:19.112+0000] {processor.py:914} INFO - Processing file /home/airflow/.local/lib/python3.12/site-packages/airflow/example_dags/example_branch_operator_decorator.py for tasks to queue
[2024-09-30T14:20:19.114+0000] {logging_mixin.py:190} INFO - [2024-09-30T14:20:19.113+0000] {dagbag.py:588} INFO - Filling up the DagBag from /home/airflow/.local/lib/python3.12/site-packages/airflow/example_dags/example_branch_operator_decorator.py
[2024-09-30T14:20:19.129+0000] {processor.py:925} INFO - DAG(s) 'example_branch_python_operator_decorator' retrieved from /home/airflow/.local/lib/python3.12/site-packages/airflow/example_dags/example_branch_operator_decorator.py
[2024-09-30T14:20:19.154+0000] {logging_mixin.py:190} INFO - [2024-09-30T14:20:19.153+0000] {dag.py:3239} INFO - Sync 1 DAGs
[2024-09-30T14:20:19.175+0000] {logging_mixin.py:190} INFO - [2024-09-30T14:20:19.175+0000] {dag.py:4180} INFO - Setting next_dagrun for example_branch_python_operator_decorator to 2024-09-29 00:00:00+00:00, run_after=2024-09-30 00:00:00+00:00
[2024-09-30T14:20:19.192+0000] {processor.py:208} INFO - Processing /home/airflow/.local/lib/python3.12/site-packages/airflow/example_dags/example_branch_operator_decorator.py took 0.086 seconds
[2024-09-30T14:20:50.071+0000] {processor.py:186} INFO - Started process (PID=222) to work on /home/airflow/.local/lib/python3.12/site-packages/airflow/example_dags/example_branch_operator_decorator.py
[2024-09-30T14:20:50.071+0000] {processor.py:914} INFO - Processing file /home/airflow/.local/lib/python3.12/site-packages/airflow/example_dags/example_branch_operator_decorator.py for tasks to queue
[2024-09-30T14:20:50.073+0000] {logging_mixin.py:190} INFO - [2024-09-30T14:20:50.073+0000] {dagbag.py:588} INFO - Filling up the DagBag from /home/airflow/.local/lib/python3.12/site-packages/airflow/example_dags/example_branch_operator_decorator.py
[2024-09-30T14:20:50.087+0000] {processor.py:925} INFO - DAG(s) 'example_branch_python_operator_decorator' retrieved from /home/airflow/.local/lib/python3.12/site-packages/airflow/example_dags/example_branch_operator_decorator.py
[2024-09-30T14:20:50.107+0000] {logging_mixin.py:190} INFO - [2024-09-30T14:20:50.106+0000] {dag.py:3239} INFO - Sync 1 DAGs
[2024-09-30T14:20:50.127+0000] {logging_mixin.py:190} INFO - [2024-09-30T14:20:50.126+0000] {dag.py:4180} INFO - Setting next_dagrun for example_branch_python_operator_decorator to 2024-09-29 00:00:00+00:00, run_after=2024-09-30 00:00:00+00:00
[2024-09-30T14:20:50.140+0000] {processor.py:208} INFO - Processing /home/airflow/.local/lib/python3.12/site-packages/airflow/example_dags/example_branch_operator_decorator.py took 0.073 seconds
[2024-09-30T14:21:21.263+0000] {processor.py:186} INFO - Started process (PID=285) to work on /home/airflow/.local/lib/python3.12/site-packages/airflow/example_dags/example_branch_operator_decorator.py
[2024-09-30T14:21:21.264+0000] {processor.py:914} INFO - Processing file /home/airflow/.local/lib/python3.12/site-packages/airflow/example_dags/example_branch_operator_decorator.py for tasks to queue
[2024-09-30T14:21:21.266+0000] {logging_mixin.py:190} INFO - [2024-09-30T14:21:21.266+0000] {dagbag.py:588} INFO - Filling up the DagBag from /home/airflow/.local/lib/python3.12/site-packages/airflow/example_dags/example_branch_operator_decorator.py
[2024-09-30T14:21:21.279+0000] {processor.py:925} INFO - DAG(s) 'example_branch_python_operator_decorator' retrieved from /home/airflow/.local/lib/python3.12/site-packages/airflow/example_dags/example_branch_operator_decorator.py
[2024-09-30T14:21:21.299+0000] {logging_mixin.py:190} INFO - [2024-09-30T14:21:21.299+0000] {dag.py:3239} INFO - Sync 1 DAGs
[2024-09-30T14:21:21.318+0000] {logging_mixin.py:190} INFO - [2024-09-30T14:21:21.318+0000] {dag.py:4180} INFO - Setting next_dagrun for example_branch_python_operator_decorator to 2024-09-29 00:00:00+00:00, run_after=2024-09-30 00:00:00+00:00
[2024-09-30T14:21:21.333+0000] {processor.py:208} INFO - Processing /home/airflow/.local/lib/python3.12/site-packages/airflow/example_dags/example_branch_operator_decorator.py took 0.074 seconds
[2024-09-30T14:21:52.146+0000] {processor.py:186} INFO - Started process (PID=348) to work on /home/airflow/.local/lib/python3.12/site-packages/airflow/example_dags/example_branch_operator_decorator.py
[2024-09-30T14:21:52.147+0000] {processor.py:914} INFO - Processing file /home/airflow/.local/lib/python3.12/site-packages/airflow/example_dags/example_branch_operator_decorator.py for tasks to queue
[2024-09-30T14:21:52.148+0000] {logging_mixin.py:190} INFO - [2024-09-30T14:21:52.148+0000] {dagbag.py:588} INFO - Filling up the DagBag from /home/airflow/.local/lib/python3.12/site-packages/airflow/example_dags/example_branch_operator_decorator.py
[2024-09-30T14:21:52.161+0000] {processor.py:925} INFO - DAG(s) 'example_branch_python_operator_decorator' retrieved from /home/airflow/.local/lib/python3.12/site-packages/airflow/example_dags/example_branch_operator_decorator.py
[2024-09-30T14:21:52.180+0000] {logging_mixin.py:190} INFO - [2024-09-30T14:21:52.179+0000] {dag.py:3239} INFO - Sync 1 DAGs
[2024-09-30T14:21:52.196+0000] {logging_mixin.py:190} INFO - [2024-09-30T14:21:52.196+0000] {dag.py:4180} INFO - Setting next_dagrun for example_branch_python_operator_decorator to 2024-09-29 00:00:00+00:00, run_after=2024-09-30 00:00:00+00:00
[2024-09-30T14:21:52.209+0000] {processor.py:208} INFO - Processing /home/airflow/.local/lib/python3.12/site-packages/airflow/example_dags/example_branch_operator_decorator.py took 0.066 seconds
[2024-09-30T14:22:22.900+0000] {processor.py:186} INFO - Started process (PID=411) to work on /home/airflow/.local/lib/python3.12/site-packages/airflow/example_dags/example_branch_operator_decorator.py
[2024-09-30T14:22:22.901+0000] {processor.py:914} INFO - Processing file /home/airflow/.local/lib/python3.12/site-packages/airflow/example_dags/example_branch_operator_decorator.py for tasks to queue
[2024-09-30T14:22:22.902+0000] {logging_mixin.py:190} INFO - [2024-09-30T14:22:22.902+0000] {dagbag.py:588} INFO - Filling up the DagBag from /home/airflow/.local/lib/python3.12/site-packages/airflow/example_dags/example_branch_operator_decorator.py
[2024-09-30T14:22:22.915+0000] {processor.py:925} INFO - DAG(s) 'example_branch_python_operator_decorator' retrieved from /home/airflow/.local/lib/python3.12/site-packages/airflow/example_dags/example_branch_operator_decorator.py
[2024-09-30T14:22:22.933+0000] {logging_mixin.py:190} INFO - [2024-09-30T14:22:22.933+0000] {dag.py:3239} INFO - Sync 1 DAGs
[2024-09-30T14:22:22.949+0000] {logging_mixin.py:190} INFO - [2024-09-30T14:22:22.948+0000] {dag.py:4180} INFO - Setting next_dagrun for example_branch_python_operator_decorator to 2024-09-29 00:00:00+00:00, run_after=2024-09-30 00:00:00+00:00
[2024-09-30T14:22:22.961+0000] {processor.py:208} INFO - Processing /home/airflow/.local/lib/python3.12/site-packages/airflow/example_dags/example_branch_operator_decorator.py took 0.063 seconds
[2024-09-30T14:22:53.639+0000] {processor.py:186} INFO - Started process (PID=474) to work on /home/airflow/.local/lib/python3.12/site-packages/airflow/example_dags/example_branch_operator_decorator.py
[2024-09-30T14:22:53.640+0000] {processor.py:914} INFO - Processing file /home/airflow/.local/lib/python3.12/site-packages/airflow/example_dags/example_branch_operator_decorator.py for tasks to queue
[2024-09-30T14:22:53.641+0000] {logging_mixin.py:190} INFO - [2024-09-30T14:22:53.641+0000] {dagbag.py:588} INFO - Filling up the DagBag from /home/airflow/.local/lib/python3.12/site-packages/airflow/example_dags/example_branch_operator_decorator.py
[2024-09-30T14:22:53.654+0000] {processor.py:925} INFO - DAG(s) 'example_branch_python_operator_decorator' retrieved from /home/airflow/.local/lib/python3.12/site-packages/airflow/example_dags/example_branch_operator_decorator.py
[2024-09-30T14:22:53.674+0000] {logging_mixin.py:190} INFO - [2024-09-30T14:22:53.674+0000] {dag.py:3239} INFO - Sync 1 DAGs
[2024-09-30T14:22:53.692+0000] {logging_mixin.py:190} INFO - [2024-09-30T14:22:53.692+0000] {dag.py:4180} INFO - Setting next_dagrun for example_branch_python_operator_decorator to 2024-09-29 00:00:00+00:00, run_after=2024-09-30 00:00:00+00:00
[2024-09-30T14:22:53.704+0000] {processor.py:208} INFO - Processing /home/airflow/.local/lib/python3.12/site-packages/airflow/example_dags/example_branch_operator_decorator.py took 0.069 seconds
[2024-09-30T14:23:24.338+0000] {processor.py:186} INFO - Started process (PID=537) to work on /home/airflow/.local/lib/python3.12/site-packages/airflow/example_dags/example_branch_operator_decorator.py
[2024-09-30T14:23:24.339+0000] {processor.py:914} INFO - Processing file /home/airflow/.local/lib/python3.12/site-packages/airflow/example_dags/example_branch_operator_decorator.py for tasks to queue
[2024-09-30T14:23:24.340+0000] {logging_mixin.py:190} INFO - [2024-09-30T14:23:24.340+0000] {dagbag.py:588} INFO - Filling up the DagBag from /home/airflow/.local/lib/python3.12/site-packages/airflow/example_dags/example_branch_operator_decorator.py
[2024-09-30T14:23:24.356+0000] {processor.py:925} INFO - DAG(s) 'example_branch_python_operator_decorator' retrieved from /home/airflow/.local/lib/python3.12/site-packages/airflow/example_dags/example_branch_operator_decorator.py
[2024-09-30T14:23:24.377+0000] {logging_mixin.py:190} INFO - [2024-09-30T14:23:24.377+0000] {dag.py:3239} INFO - Sync 1 DAGs
[2024-09-30T14:23:24.394+0000] {logging_mixin.py:190} INFO - [2024-09-30T14:23:24.394+0000] {dag.py:4180} INFO - Setting next_dagrun for example_branch_python_operator_decorator to 2024-09-29 00:00:00+00:00, run_after=2024-09-30 00:00:00+00:00
[2024-09-30T14:23:24.409+0000] {processor.py:208} INFO - Processing /home/airflow/.local/lib/python3.12/site-packages/airflow/example_dags/example_branch_operator_decorator.py took 0.075 seconds
[2024-09-30T14:23:55.162+0000] {processor.py:186} INFO - Started process (PID=600) to work on /home/airflow/.local/lib/python3.12/site-packages/airflow/example_dags/example_branch_operator_decorator.py
[2024-09-30T14:23:55.163+0000] {processor.py:914} INFO - Processing file /home/airflow/.local/lib/python3.12/site-packages/airflow/example_dags/example_branch_operator_decorator.py for tasks to queue
[2024-09-30T14:23:55.164+0000] {logging_mixin.py:190} INFO - [2024-09-30T14:23:55.164+0000] {dagbag.py:588} INFO - Filling up the DagBag from /home/airflow/.local/lib/python3.12/site-packages/airflow/example_dags/example_branch_operator_decorator.py
[2024-09-30T14:23:55.179+0000] {processor.py:925} INFO - DAG(s) 'example_branch_python_operator_decorator' retrieved from /home/airflow/.local/lib/python3.12/site-packages/airflow/example_dags/example_branch_operator_decorator.py
[2024-09-30T14:23:55.198+0000] {logging_mixin.py:190} INFO - [2024-09-30T14:23:55.198+0000] {dag.py:3239} INFO - Sync 1 DAGs
[2024-09-30T14:23:55.216+0000] {logging_mixin.py:190} INFO - [2024-09-30T14:23:55.216+0000] {dag.py:4180} INFO - Setting next_dagrun for example_branch_python_operator_decorator to 2024-09-29 00:00:00+00:00, run_after=2024-09-30 00:00:00+00:00
[2024-09-30T14:23:55.229+0000] {processor.py:208} INFO - Processing /home/airflow/.local/lib/python3.12/site-packages/airflow/example_dags/example_branch_operator_decorator.py took 0.071 seconds
[2024-09-30T14:24:25.792+0000] {processor.py:186} INFO - Started process (PID=663) to work on /home/airflow/.local/lib/python3.12/site-packages/airflow/example_dags/example_branch_operator_decorator.py
[2024-09-30T14:24:25.793+0000] {processor.py:914} INFO - Processing file /home/airflow/.local/lib/python3.12/site-packages/airflow/example_dags/example_branch_operator_decorator.py for tasks to queue
[2024-09-30T14:24:25.794+0000] {logging_mixin.py:190} INFO - [2024-09-30T14:24:25.794+0000] {dagbag.py:588} INFO - Filling up the DagBag from /home/airflow/.local/lib/python3.12/site-packages/airflow/example_dags/example_branch_operator_decorator.py
[2024-09-30T14:24:25.807+0000] {processor.py:925} INFO - DAG(s) 'example_branch_python_operator_decorator' retrieved from /home/airflow/.local/lib/python3.12/site-packages/airflow/example_dags/example_branch_operator_decorator.py
[2024-09-30T14:24:25.826+0000] {logging_mixin.py:190} INFO - [2024-09-30T14:24:25.826+0000] {dag.py:3239} INFO - Sync 1 DAGs
[2024-09-30T14:24:25.843+0000] {logging_mixin.py:190} INFO - [2024-09-30T14:24:25.843+0000] {dag.py:4180} INFO - Setting next_dagrun for example_branch_python_operator_decorator to 2024-09-29 00:00:00+00:00, run_after=2024-09-30 00:00:00+00:00
[2024-09-30T14:24:25.855+0000] {processor.py:208} INFO - Processing /home/airflow/.local/lib/python3.12/site-packages/airflow/example_dags/example_branch_operator_decorator.py took 0.067 seconds
[2024-09-30T14:24:56.518+0000] {processor.py:186} INFO - Started process (PID=726) to work on /home/airflow/.local/lib/python3.12/site-packages/airflow/example_dags/example_branch_operator_decorator.py
[2024-09-30T14:24:56.518+0000] {processor.py:914} INFO - Processing file /home/airflow/.local/lib/python3.12/site-packages/airflow/example_dags/example_branch_operator_decorator.py for tasks to queue
[2024-09-30T14:24:56.520+0000] {logging_mixin.py:190} INFO - [2024-09-30T14:24:56.519+0000] {dagbag.py:588} INFO - Filling up the DagBag from /home/airflow/.local/lib/python3.12/site-packages/airflow/example_dags/example_branch_operator_decorator.py
[2024-09-30T14:24:56.532+0000] {processor.py:925} INFO - DAG(s) 'example_branch_python_operator_decorator' retrieved from /home/airflow/.local/lib/python3.12/site-packages/airflow/example_dags/example_branch_operator_decorator.py
[2024-09-30T14:24:56.551+0000] {logging_mixin.py:190} INFO - [2024-09-30T14:24:56.550+0000] {dag.py:3239} INFO - Sync 1 DAGs
[2024-09-30T14:24:56.567+0000] {logging_mixin.py:190} INFO - [2024-09-30T14:24:56.567+0000] {dag.py:4180} INFO - Setting next_dagrun for example_branch_python_operator_decorator to 2024-09-29 00:00:00+00:00, run_after=2024-09-30 00:00:00+00:00
[2024-09-30T14:24:56.579+0000] {processor.py:208} INFO - Processing /home/airflow/.local/lib/python3.12/site-packages/airflow/example_dags/example_branch_operator_decorator.py took 0.065 seconds
[2024-09-30T14:25:27.141+0000] {processor.py:186} INFO - Started process (PID=789) to work on /home/airflow/.local/lib/python3.12/site-packages/airflow/example_dags/example_branch_operator_decorator.py
[2024-09-30T14:25:27.142+0000] {processor.py:914} INFO - Processing file /home/airflow/.local/lib/python3.12/site-packages/airflow/example_dags/example_branch_operator_decorator.py for tasks to queue
[2024-09-30T14:25:27.143+0000] {logging_mixin.py:190} INFO - [2024-09-30T14:25:27.143+0000] {dagbag.py:588} INFO - Filling up the DagBag from /home/airflow/.local/lib/python3.12/site-packages/airflow/example_dags/example_branch_operator_decorator.py
[2024-09-30T14:25:27.156+0000] {processor.py:925} INFO - DAG(s) 'example_branch_python_operator_decorator' retrieved from /home/airflow/.local/lib/python3.12/site-packages/airflow/example_dags/example_branch_operator_decorator.py
[2024-09-30T14:25:27.174+0000] {logging_mixin.py:190} INFO - [2024-09-30T14:25:27.174+0000] {dag.py:3239} INFO - Sync 1 DAGs
[2024-09-30T14:25:27.189+0000] {logging_mixin.py:190} INFO - [2024-09-30T14:25:27.189+0000] {dag.py:4180} INFO - Setting next_dagrun for example_branch_python_operator_decorator to 2024-09-29 00:00:00+00:00, run_after=2024-09-30 00:00:00+00:00
[2024-09-30T14:25:27.201+0000] {processor.py:208} INFO - Processing /home/airflow/.local/lib/python3.12/site-packages/airflow/example_dags/example_branch_operator_decorator.py took 0.063 seconds
[2024-09-30T14:25:58.053+0000] {processor.py:186} INFO - Started process (PID=852) to work on /home/airflow/.local/lib/python3.12/site-packages/airflow/example_dags/example_branch_operator_decorator.py
[2024-09-30T14:25:58.053+0000] {processor.py:914} INFO - Processing file /home/airflow/.local/lib/python3.12/site-packages/airflow/example_dags/example_branch_operator_decorator.py for tasks to queue
[2024-09-30T14:25:58.055+0000] {logging_mixin.py:190} INFO - [2024-09-30T14:25:58.055+0000] {dagbag.py:588} INFO - Filling up the DagBag from /home/airflow/.local/lib/python3.12/site-packages/airflow/example_dags/example_branch_operator_decorator.py
[2024-09-30T14:25:58.068+0000] {processor.py:925} INFO - DAG(s) 'example_branch_python_operator_decorator' retrieved from /home/airflow/.local/lib/python3.12/site-packages/airflow/example_dags/example_branch_operator_decorator.py
[2024-09-30T14:25:58.086+0000] {logging_mixin.py:190} INFO - [2024-09-30T14:25:58.086+0000] {dag.py:3239} INFO - Sync 1 DAGs
[2024-09-30T14:25:58.101+0000] {logging_mixin.py:190} INFO - [2024-09-30T14:25:58.101+0000] {dag.py:4180} INFO - Setting next_dagrun for example_branch_python_operator_decorator to 2024-09-29 00:00:00+00:00, run_after=2024-09-30 00:00:00+00:00
[2024-09-30T14:25:58.113+0000] {processor.py:208} INFO - Processing /home/airflow/.local/lib/python3.12/site-packages/airflow/example_dags/example_branch_operator_decorator.py took 0.064 seconds
[2024-09-30T14:26:28.904+0000] {processor.py:186} INFO - Started process (PID=915) to work on /home/airflow/.local/lib/python3.12/site-packages/airflow/example_dags/example_branch_operator_decorator.py
[2024-09-30T14:26:28.904+0000] {processor.py:914} INFO - Processing file /home/airflow/.local/lib/python3.12/site-packages/airflow/example_dags/example_branch_operator_decorator.py for tasks to queue
[2024-09-30T14:26:28.906+0000] {logging_mixin.py:190} INFO - [2024-09-30T14:26:28.906+0000] {dagbag.py:588} INFO - Filling up the DagBag from /home/airflow/.local/lib/python3.12/site-packages/airflow/example_dags/example_branch_operator_decorator.py
[2024-09-30T14:26:28.919+0000] {processor.py:925} INFO - DAG(s) 'example_branch_python_operator_decorator' retrieved from /home/airflow/.local/lib/python3.12/site-packages/airflow/example_dags/example_branch_operator_decorator.py
[2024-09-30T14:26:28.938+0000] {logging_mixin.py:190} INFO - [2024-09-30T14:26:28.937+0000] {dag.py:3239} INFO - Sync 1 DAGs
[2024-09-30T14:26:28.953+0000] {logging_mixin.py:190} INFO - [2024-09-30T14:26:28.953+0000] {dag.py:4180} INFO - Setting next_dagrun for example_branch_python_operator_decorator to 2024-09-29 00:00:00+00:00, run_after=2024-09-30 00:00:00+00:00
[2024-09-30T14:26:28.966+0000] {processor.py:208} INFO - Processing /home/airflow/.local/lib/python3.12/site-packages/airflow/example_dags/example_branch_operator_decorator.py took 0.066 seconds
[2024-09-30T14:26:59.549+0000] {processor.py:186} INFO - Started process (PID=978) to work on /home/airflow/.local/lib/python3.12/site-packages/airflow/example_dags/example_branch_operator_decorator.py
[2024-09-30T14:26:59.549+0000] {processor.py:914} INFO - Processing file /home/airflow/.local/lib/python3.12/site-packages/airflow/example_dags/example_branch_operator_decorator.py for tasks to queue
[2024-09-30T14:26:59.551+0000] {logging_mixin.py:190} INFO - [2024-09-30T14:26:59.551+0000] {dagbag.py:588} INFO - Filling up the DagBag from /home/airflow/.local/lib/python3.12/site-packages/airflow/example_dags/example_branch_operator_decorator.py
[2024-09-30T14:26:59.564+0000] {processor.py:925} INFO - DAG(s) 'example_branch_python_operator_decorator' retrieved from /home/airflow/.local/lib/python3.12/site-packages/airflow/example_dags/example_branch_operator_decorator.py
[2024-09-30T14:26:59.582+0000] {logging_mixin.py:190} INFO - [2024-09-30T14:26:59.582+0000] {dag.py:3239} INFO - Sync 1 DAGs
[2024-09-30T14:26:59.599+0000] {logging_mixin.py:190} INFO - [2024-09-30T14:26:59.598+0000] {dag.py:4180} INFO - Setting next_dagrun for example_branch_python_operator_decorator to 2024-09-29 00:00:00+00:00, run_after=2024-09-30 00:00:00+00:00
[2024-09-30T14:26:59.611+0000] {processor.py:208} INFO - Processing /home/airflow/.local/lib/python3.12/site-packages/airflow/example_dags/example_branch_operator_decorator.py took 0.066 seconds
[2024-09-30T14:27:30.129+0000] {processor.py:186} INFO - Started process (PID=1041) to work on /home/airflow/.local/lib/python3.12/site-packages/airflow/example_dags/example_branch_operator_decorator.py
[2024-09-30T14:27:30.130+0000] {processor.py:914} INFO - Processing file /home/airflow/.local/lib/python3.12/site-packages/airflow/example_dags/example_branch_operator_decorator.py for tasks to queue
[2024-09-30T14:27:30.131+0000] {logging_mixin.py:190} INFO - [2024-09-30T14:27:30.131+0000] {dagbag.py:588} INFO - Filling up the DagBag from /home/airflow/.local/lib/python3.12/site-packages/airflow/example_dags/example_branch_operator_decorator.py
[2024-09-30T14:27:30.144+0000] {processor.py:925} INFO - DAG(s) 'example_branch_python_operator_decorator' retrieved from /home/airflow/.local/lib/python3.12/site-packages/airflow/example_dags/example_branch_operator_decorator.py
[2024-09-30T14:27:30.162+0000] {logging_mixin.py:190} INFO - [2024-09-30T14:27:30.162+0000] {dag.py:3239} INFO - Sync 1 DAGs
[2024-09-30T14:27:30.179+0000] {logging_mixin.py:190} INFO - [2024-09-30T14:27:30.178+0000] {dag.py:4180} INFO - Setting next_dagrun for example_branch_python_operator_decorator to 2024-09-29 00:00:00+00:00, run_after=2024-09-30 00:00:00+00:00
[2024-09-30T14:27:30.191+0000] {processor.py:208} INFO - Processing /home/airflow/.local/lib/python3.12/site-packages/airflow/example_dags/example_branch_operator_decorator.py took 0.064 seconds
[2024-09-30T14:28:00.751+0000] {processor.py:186} INFO - Started process (PID=1104) to work on /home/airflow/.local/lib/python3.12/site-packages/airflow/example_dags/example_branch_operator_decorator.py
[2024-09-30T14:28:00.751+0000] {processor.py:914} INFO - Processing file /home/airflow/.local/lib/python3.12/site-packages/airflow/example_dags/example_branch_operator_decorator.py for tasks to queue
[2024-09-30T14:28:00.753+0000] {logging_mixin.py:190} INFO - [2024-09-30T14:28:00.753+0000] {dagbag.py:588} INFO - Filling up the DagBag from /home/airflow/.local/lib/python3.12/site-packages/airflow/example_dags/example_branch_operator_decorator.py
[2024-09-30T14:28:00.765+0000] {processor.py:925} INFO - DAG(s) 'example_branch_python_operator_decorator' retrieved from /home/airflow/.local/lib/python3.12/site-packages/airflow/example_dags/example_branch_operator_decorator.py
[2024-09-30T14:28:00.784+0000] {logging_mixin.py:190} INFO - [2024-09-30T14:28:00.783+0000] {dag.py:3239} INFO - Sync 1 DAGs
[2024-09-30T14:28:00.800+0000] {logging_mixin.py:190} INFO - [2024-09-30T14:28:00.800+0000] {dag.py:4180} INFO - Setting next_dagrun for example_branch_python_operator_decorator to 2024-09-29 00:00:00+00:00, run_after=2024-09-30 00:00:00+00:00
[2024-09-30T14:28:00.812+0000] {processor.py:208} INFO - Processing /home/airflow/.local/lib/python3.12/site-packages/airflow/example_dags/example_branch_operator_decorator.py took 0.064 seconds
[2024-09-30T14:28:31.595+0000] {processor.py:186} INFO - Started process (PID=1167) to work on /home/airflow/.local/lib/python3.12/site-packages/airflow/example_dags/example_branch_operator_decorator.py
[2024-09-30T14:28:31.595+0000] {processor.py:914} INFO - Processing file /home/airflow/.local/lib/python3.12/site-packages/airflow/example_dags/example_branch_operator_decorator.py for tasks to queue
[2024-09-30T14:28:31.597+0000] {logging_mixin.py:190} INFO - [2024-09-30T14:28:31.597+0000] {dagbag.py:588} INFO - Filling up the DagBag from /home/airflow/.local/lib/python3.12/site-packages/airflow/example_dags/example_branch_operator_decorator.py
[2024-09-30T14:28:31.610+0000] {processor.py:925} INFO - DAG(s) 'example_branch_python_operator_decorator' retrieved from /home/airflow/.local/lib/python3.12/site-packages/airflow/example_dags/example_branch_operator_decorator.py
[2024-09-30T14:28:31.628+0000] {logging_mixin.py:190} INFO - [2024-09-30T14:28:31.627+0000] {dag.py:3239} INFO - Sync 1 DAGs
[2024-09-30T14:28:31.643+0000] {logging_mixin.py:190} INFO - [2024-09-30T14:28:31.643+0000] {dag.py:4180} INFO - Setting next_dagrun for example_branch_python_operator_decorator to 2024-09-29 00:00:00+00:00, run_after=2024-09-30 00:00:00+00:00
[2024-09-30T14:28:31.655+0000] {processor.py:208} INFO - Processing /home/airflow/.local/lib/python3.12/site-packages/airflow/example_dags/example_branch_operator_decorator.py took 0.063 seconds
[2024-09-30T14:29:02.311+0000] {processor.py:186} INFO - Started process (PID=1232) to work on /home/airflow/.local/lib/python3.12/site-packages/airflow/example_dags/example_branch_operator_decorator.py
[2024-09-30T14:29:02.312+0000] {processor.py:914} INFO - Processing file /home/airflow/.local/lib/python3.12/site-packages/airflow/example_dags/example_branch_operator_decorator.py for tasks to queue
[2024-09-30T14:29:02.314+0000] {logging_mixin.py:190} INFO - [2024-09-30T14:29:02.313+0000] {dagbag.py:588} INFO - Filling up the DagBag from /home/airflow/.local/lib/python3.12/site-packages/airflow/example_dags/example_branch_operator_decorator.py
[2024-09-30T14:29:02.327+0000] {processor.py:925} INFO - DAG(s) 'example_branch_python_operator_decorator' retrieved from /home/airflow/.local/lib/python3.12/site-packages/airflow/example_dags/example_branch_operator_decorator.py
[2024-09-30T14:29:02.346+0000] {logging_mixin.py:190} INFO - [2024-09-30T14:29:02.345+0000] {dag.py:3239} INFO - Sync 1 DAGs
[2024-09-30T14:29:02.363+0000] {logging_mixin.py:190} INFO - [2024-09-30T14:29:02.362+0000] {dag.py:4180} INFO - Setting next_dagrun for example_branch_python_operator_decorator to 2024-09-29 00:00:00+00:00, run_after=2024-09-30 00:00:00+00:00
[2024-09-30T14:29:02.376+0000] {processor.py:208} INFO - Processing /home/airflow/.local/lib/python3.12/site-packages/airflow/example_dags/example_branch_operator_decorator.py took 0.068 seconds
[2024-09-30T14:29:32.805+0000] {processor.py:186} INFO - Started process (PID=1295) to work on /home/airflow/.local/lib/python3.12/site-packages/airflow/example_dags/example_branch_operator_decorator.py
[2024-09-30T14:29:32.806+0000] {processor.py:914} INFO - Processing file /home/airflow/.local/lib/python3.12/site-packages/airflow/example_dags/example_branch_operator_decorator.py for tasks to queue
[2024-09-30T14:29:32.808+0000] {logging_mixin.py:190} INFO - [2024-09-30T14:29:32.808+0000] {dagbag.py:588} INFO - Filling up the DagBag from /home/airflow/.local/lib/python3.12/site-packages/airflow/example_dags/example_branch_operator_decorator.py
[2024-09-30T14:29:32.821+0000] {processor.py:925} INFO - DAG(s) 'example_branch_python_operator_decorator' retrieved from /home/airflow/.local/lib/python3.12/site-packages/airflow/example_dags/example_branch_operator_decorator.py
[2024-09-30T14:29:32.842+0000] {logging_mixin.py:190} INFO - [2024-09-30T14:29:32.842+0000] {dag.py:3239} INFO - Sync 1 DAGs
[2024-09-30T14:29:32.859+0000] {logging_mixin.py:190} INFO - [2024-09-30T14:29:32.859+0000] {dag.py:4180} INFO - Setting next_dagrun for example_branch_python_operator_decorator to 2024-09-29 00:00:00+00:00, run_after=2024-09-30 00:00:00+00:00
[2024-09-30T14:29:32.872+0000] {processor.py:208} INFO - Processing /home/airflow/.local/lib/python3.12/site-packages/airflow/example_dags/example_branch_operator_decorator.py took 0.070 seconds
[2024-09-30T14:29:54.523+0000] {processor.py:186} INFO - Started process (PID=96) to work on /home/airflow/.local/lib/python3.12/site-packages/airflow/example_dags/example_branch_operator_decorator.py
[2024-09-30T14:29:54.524+0000] {processor.py:914} INFO - Processing file /home/airflow/.local/lib/python3.12/site-packages/airflow/example_dags/example_branch_operator_decorator.py for tasks to queue
[2024-09-30T14:29:54.525+0000] {logging_mixin.py:190} INFO - [2024-09-30T14:29:54.525+0000] {dagbag.py:588} INFO - Filling up the DagBag from /home/airflow/.local/lib/python3.12/site-packages/airflow/example_dags/example_branch_operator_decorator.py
[2024-09-30T14:29:54.538+0000] {processor.py:925} INFO - DAG(s) 'example_branch_python_operator_decorator' retrieved from /home/airflow/.local/lib/python3.12/site-packages/airflow/example_dags/example_branch_operator_decorator.py
[2024-09-30T14:29:54.619+0000] {logging_mixin.py:190} INFO - [2024-09-30T14:29:54.619+0000] {dag.py:3239} INFO - Sync 1 DAGs
[2024-09-30T14:29:54.634+0000] {logging_mixin.py:190} INFO - [2024-09-30T14:29:54.633+0000] {dag.py:4180} INFO - Setting next_dagrun for example_branch_python_operator_decorator to 2024-09-29 00:00:00+00:00, run_after=2024-09-30 00:00:00+00:00
[2024-09-30T14:29:54.646+0000] {processor.py:208} INFO - Processing /home/airflow/.local/lib/python3.12/site-packages/airflow/example_dags/example_branch_operator_decorator.py took 0.127 seconds
[2024-09-30T14:30:25.491+0000] {processor.py:186} INFO - Started process (PID=159) to work on /home/airflow/.local/lib/python3.12/site-packages/airflow/example_dags/example_branch_operator_decorator.py
[2024-09-30T14:30:25.491+0000] {processor.py:914} INFO - Processing file /home/airflow/.local/lib/python3.12/site-packages/airflow/example_dags/example_branch_operator_decorator.py for tasks to queue
[2024-09-30T14:30:25.493+0000] {logging_mixin.py:190} INFO - [2024-09-30T14:30:25.493+0000] {dagbag.py:588} INFO - Filling up the DagBag from /home/airflow/.local/lib/python3.12/site-packages/airflow/example_dags/example_branch_operator_decorator.py
[2024-09-30T14:30:25.506+0000] {processor.py:925} INFO - DAG(s) 'example_branch_python_operator_decorator' retrieved from /home/airflow/.local/lib/python3.12/site-packages/airflow/example_dags/example_branch_operator_decorator.py
[2024-09-30T14:30:25.525+0000] {logging_mixin.py:190} INFO - [2024-09-30T14:30:25.525+0000] {dag.py:3239} INFO - Sync 1 DAGs
[2024-09-30T14:30:25.542+0000] {logging_mixin.py:190} INFO - [2024-09-30T14:30:25.542+0000] {dag.py:4180} INFO - Setting next_dagrun for example_branch_python_operator_decorator to 2024-09-29 00:00:00+00:00, run_after=2024-09-30 00:00:00+00:00
[2024-09-30T14:30:25.555+0000] {processor.py:208} INFO - Processing /home/airflow/.local/lib/python3.12/site-packages/airflow/example_dags/example_branch_operator_decorator.py took 0.068 seconds
[2024-09-30T14:30:56.168+0000] {processor.py:186} INFO - Started process (PID=222) to work on /home/airflow/.local/lib/python3.12/site-packages/airflow/example_dags/example_branch_operator_decorator.py
[2024-09-30T14:30:56.168+0000] {processor.py:914} INFO - Processing file /home/airflow/.local/lib/python3.12/site-packages/airflow/example_dags/example_branch_operator_decorator.py for tasks to queue
[2024-09-30T14:30:56.170+0000] {logging_mixin.py:190} INFO - [2024-09-30T14:30:56.170+0000] {dagbag.py:588} INFO - Filling up the DagBag from /home/airflow/.local/lib/python3.12/site-packages/airflow/example_dags/example_branch_operator_decorator.py
[2024-09-30T14:30:56.183+0000] {processor.py:925} INFO - DAG(s) 'example_branch_python_operator_decorator' retrieved from /home/airflow/.local/lib/python3.12/site-packages/airflow/example_dags/example_branch_operator_decorator.py
[2024-09-30T14:30:56.202+0000] {logging_mixin.py:190} INFO - [2024-09-30T14:30:56.201+0000] {dag.py:3239} INFO - Sync 1 DAGs
[2024-09-30T14:30:56.218+0000] {logging_mixin.py:190} INFO - [2024-09-30T14:30:56.218+0000] {dag.py:4180} INFO - Setting next_dagrun for example_branch_python_operator_decorator to 2024-09-29 00:00:00+00:00, run_after=2024-09-30 00:00:00+00:00
[2024-09-30T14:30:56.230+0000] {processor.py:208} INFO - Processing /home/airflow/.local/lib/python3.12/site-packages/airflow/example_dags/example_branch_operator_decorator.py took 0.066 seconds
[2024-09-30T14:31:26.839+0000] {processor.py:186} INFO - Started process (PID=285) to work on /home/airflow/.local/lib/python3.12/site-packages/airflow/example_dags/example_branch_operator_decorator.py
[2024-09-30T14:31:26.840+0000] {processor.py:914} INFO - Processing file /home/airflow/.local/lib/python3.12/site-packages/airflow/example_dags/example_branch_operator_decorator.py for tasks to queue
[2024-09-30T14:31:26.842+0000] {logging_mixin.py:190} INFO - [2024-09-30T14:31:26.841+0000] {dagbag.py:588} INFO - Filling up the DagBag from /home/airflow/.local/lib/python3.12/site-packages/airflow/example_dags/example_branch_operator_decorator.py
[2024-09-30T14:31:26.855+0000] {processor.py:925} INFO - DAG(s) 'example_branch_python_operator_decorator' retrieved from /home/airflow/.local/lib/python3.12/site-packages/airflow/example_dags/example_branch_operator_decorator.py
[2024-09-30T14:31:26.876+0000] {logging_mixin.py:190} INFO - [2024-09-30T14:31:26.876+0000] {dag.py:3239} INFO - Sync 1 DAGs
[2024-09-30T14:31:26.893+0000] {logging_mixin.py:190} INFO - [2024-09-30T14:31:26.893+0000] {dag.py:4180} INFO - Setting next_dagrun for example_branch_python_operator_decorator to 2024-09-29 00:00:00+00:00, run_after=2024-09-30 00:00:00+00:00
[2024-09-30T14:31:26.906+0000] {processor.py:208} INFO - Processing /home/airflow/.local/lib/python3.12/site-packages/airflow/example_dags/example_branch_operator_decorator.py took 0.070 seconds
[2024-09-30T14:31:57.485+0000] {processor.py:186} INFO - Started process (PID=348) to work on /home/airflow/.local/lib/python3.12/site-packages/airflow/example_dags/example_branch_operator_decorator.py
[2024-09-30T14:31:57.486+0000] {processor.py:914} INFO - Processing file /home/airflow/.local/lib/python3.12/site-packages/airflow/example_dags/example_branch_operator_decorator.py for tasks to queue
[2024-09-30T14:31:57.487+0000] {logging_mixin.py:190} INFO - [2024-09-30T14:31:57.487+0000] {dagbag.py:588} INFO - Filling up the DagBag from /home/airflow/.local/lib/python3.12/site-packages/airflow/example_dags/example_branch_operator_decorator.py
[2024-09-30T14:31:57.501+0000] {processor.py:925} INFO - DAG(s) 'example_branch_python_operator_decorator' retrieved from /home/airflow/.local/lib/python3.12/site-packages/airflow/example_dags/example_branch_operator_decorator.py
[2024-09-30T14:31:57.520+0000] {logging_mixin.py:190} INFO - [2024-09-30T14:31:57.519+0000] {dag.py:3239} INFO - Sync 1 DAGs
[2024-09-30T14:31:57.536+0000] {logging_mixin.py:190} INFO - [2024-09-30T14:31:57.536+0000] {dag.py:4180} INFO - Setting next_dagrun for example_branch_python_operator_decorator to 2024-09-29 00:00:00+00:00, run_after=2024-09-30 00:00:00+00:00
[2024-09-30T14:31:57.548+0000] {processor.py:208} INFO - Processing /home/airflow/.local/lib/python3.12/site-packages/airflow/example_dags/example_branch_operator_decorator.py took 0.066 seconds
[2024-09-30T14:32:28.266+0000] {processor.py:186} INFO - Started process (PID=411) to work on /home/airflow/.local/lib/python3.12/site-packages/airflow/example_dags/example_branch_operator_decorator.py
[2024-09-30T14:32:28.267+0000] {processor.py:914} INFO - Processing file /home/airflow/.local/lib/python3.12/site-packages/airflow/example_dags/example_branch_operator_decorator.py for tasks to queue
[2024-09-30T14:32:28.268+0000] {logging_mixin.py:190} INFO - [2024-09-30T14:32:28.268+0000] {dagbag.py:588} INFO - Filling up the DagBag from /home/airflow/.local/lib/python3.12/site-packages/airflow/example_dags/example_branch_operator_decorator.py
[2024-09-30T14:32:28.281+0000] {processor.py:925} INFO - DAG(s) 'example_branch_python_operator_decorator' retrieved from /home/airflow/.local/lib/python3.12/site-packages/airflow/example_dags/example_branch_operator_decorator.py
[2024-09-30T14:32:28.300+0000] {logging_mixin.py:190} INFO - [2024-09-30T14:32:28.300+0000] {dag.py:3239} INFO - Sync 1 DAGs
[2024-09-30T14:32:28.316+0000] {logging_mixin.py:190} INFO - [2024-09-30T14:32:28.316+0000] {dag.py:4180} INFO - Setting next_dagrun for example_branch_python_operator_decorator to 2024-09-29 00:00:00+00:00, run_after=2024-09-30 00:00:00+00:00
[2024-09-30T14:32:28.328+0000] {processor.py:208} INFO - Processing /home/airflow/.local/lib/python3.12/site-packages/airflow/example_dags/example_branch_operator_decorator.py took 0.066 seconds
[2024-09-30T14:32:59.149+0000] {processor.py:186} INFO - Started process (PID=474) to work on /home/airflow/.local/lib/python3.12/site-packages/airflow/example_dags/example_branch_operator_decorator.py
[2024-09-30T14:32:59.150+0000] {processor.py:914} INFO - Processing file /home/airflow/.local/lib/python3.12/site-packages/airflow/example_dags/example_branch_operator_decorator.py for tasks to queue
[2024-09-30T14:32:59.151+0000] {logging_mixin.py:190} INFO - [2024-09-30T14:32:59.151+0000] {dagbag.py:588} INFO - Filling up the DagBag from /home/airflow/.local/lib/python3.12/site-packages/airflow/example_dags/example_branch_operator_decorator.py
[2024-09-30T14:32:59.166+0000] {processor.py:925} INFO - DAG(s) 'example_branch_python_operator_decorator' retrieved from /home/airflow/.local/lib/python3.12/site-packages/airflow/example_dags/example_branch_operator_decorator.py
[2024-09-30T14:32:59.184+0000] {logging_mixin.py:190} INFO - [2024-09-30T14:32:59.184+0000] {dag.py:3239} INFO - Sync 1 DAGs
[2024-09-30T14:32:59.200+0000] {logging_mixin.py:190} INFO - [2024-09-30T14:32:59.200+0000] {dag.py:4180} INFO - Setting next_dagrun for example_branch_python_operator_decorator to 2024-09-29 00:00:00+00:00, run_after=2024-09-30 00:00:00+00:00
[2024-09-30T14:32:59.212+0000] {processor.py:208} INFO - Processing /home/airflow/.local/lib/python3.12/site-packages/airflow/example_dags/example_branch_operator_decorator.py took 0.066 seconds
[2024-09-30T14:33:29.837+0000] {processor.py:186} INFO - Started process (PID=537) to work on /home/airflow/.local/lib/python3.12/site-packages/airflow/example_dags/example_branch_operator_decorator.py
[2024-09-30T14:33:29.838+0000] {processor.py:914} INFO - Processing file /home/airflow/.local/lib/python3.12/site-packages/airflow/example_dags/example_branch_operator_decorator.py for tasks to queue
[2024-09-30T14:33:29.840+0000] {logging_mixin.py:190} INFO - [2024-09-30T14:33:29.840+0000] {dagbag.py:588} INFO - Filling up the DagBag from /home/airflow/.local/lib/python3.12/site-packages/airflow/example_dags/example_branch_operator_decorator.py
[2024-09-30T14:33:29.854+0000] {processor.py:925} INFO - DAG(s) 'example_branch_python_operator_decorator' retrieved from /home/airflow/.local/lib/python3.12/site-packages/airflow/example_dags/example_branch_operator_decorator.py
[2024-09-30T14:33:29.874+0000] {logging_mixin.py:190} INFO - [2024-09-30T14:33:29.874+0000] {dag.py:3239} INFO - Sync 1 DAGs
[2024-09-30T14:33:29.890+0000] {logging_mixin.py:190} INFO - [2024-09-30T14:33:29.890+0000] {dag.py:4180} INFO - Setting next_dagrun for example_branch_python_operator_decorator to 2024-09-29 00:00:00+00:00, run_after=2024-09-30 00:00:00+00:00
[2024-09-30T14:33:29.902+0000] {processor.py:208} INFO - Processing /home/airflow/.local/lib/python3.12/site-packages/airflow/example_dags/example_branch_operator_decorator.py took 0.070 seconds
[2024-09-30T14:34:01.020+0000] {processor.py:186} INFO - Started process (PID=599) to work on /home/airflow/.local/lib/python3.12/site-packages/airflow/example_dags/example_branch_operator_decorator.py
[2024-09-30T14:34:01.020+0000] {processor.py:914} INFO - Processing file /home/airflow/.local/lib/python3.12/site-packages/airflow/example_dags/example_branch_operator_decorator.py for tasks to queue
[2024-09-30T14:34:01.022+0000] {logging_mixin.py:190} INFO - [2024-09-30T14:34:01.021+0000] {dagbag.py:588} INFO - Filling up the DagBag from /home/airflow/.local/lib/python3.12/site-packages/airflow/example_dags/example_branch_operator_decorator.py
[2024-09-30T14:34:01.037+0000] {processor.py:925} INFO - DAG(s) 'example_branch_python_operator_decorator' retrieved from /home/airflow/.local/lib/python3.12/site-packages/airflow/example_dags/example_branch_operator_decorator.py
[2024-09-30T14:34:01.060+0000] {logging_mixin.py:190} INFO - [2024-09-30T14:34:01.060+0000] {dag.py:3239} INFO - Sync 1 DAGs
[2024-09-30T14:34:01.077+0000] {logging_mixin.py:190} INFO - [2024-09-30T14:34:01.077+0000] {dag.py:4180} INFO - Setting next_dagrun for example_branch_python_operator_decorator to 2024-09-29 00:00:00+00:00, run_after=2024-09-30 00:00:00+00:00
[2024-09-30T14:34:01.091+0000] {processor.py:208} INFO - Processing /home/airflow/.local/lib/python3.12/site-packages/airflow/example_dags/example_branch_operator_decorator.py took 0.076 seconds
[2024-09-30T14:34:32.323+0000] {processor.py:186} INFO - Started process (PID=663) to work on /home/airflow/.local/lib/python3.12/site-packages/airflow/example_dags/example_branch_operator_decorator.py
[2024-09-30T14:34:32.324+0000] {processor.py:914} INFO - Processing file /home/airflow/.local/lib/python3.12/site-packages/airflow/example_dags/example_branch_operator_decorator.py for tasks to queue
[2024-09-30T14:34:32.325+0000] {logging_mixin.py:190} INFO - [2024-09-30T14:34:32.325+0000] {dagbag.py:588} INFO - Filling up the DagBag from /home/airflow/.local/lib/python3.12/site-packages/airflow/example_dags/example_branch_operator_decorator.py
[2024-09-30T14:34:32.339+0000] {processor.py:925} INFO - DAG(s) 'example_branch_python_operator_decorator' retrieved from /home/airflow/.local/lib/python3.12/site-packages/airflow/example_dags/example_branch_operator_decorator.py
[2024-09-30T14:34:32.358+0000] {logging_mixin.py:190} INFO - [2024-09-30T14:34:32.358+0000] {dag.py:3239} INFO - Sync 1 DAGs
[2024-09-30T14:34:32.378+0000] {logging_mixin.py:190} INFO - [2024-09-30T14:34:32.378+0000] {dag.py:4180} INFO - Setting next_dagrun for example_branch_python_operator_decorator to 2024-09-29 00:00:00+00:00, run_after=2024-09-30 00:00:00+00:00
[2024-09-30T14:34:32.391+0000] {processor.py:208} INFO - Processing /home/airflow/.local/lib/python3.12/site-packages/airflow/example_dags/example_branch_operator_decorator.py took 0.072 seconds
[2024-09-30T14:35:03.154+0000] {processor.py:186} INFO - Started process (PID=726) to work on /home/airflow/.local/lib/python3.12/site-packages/airflow/example_dags/example_branch_operator_decorator.py
[2024-09-30T14:35:03.155+0000] {processor.py:914} INFO - Processing file /home/airflow/.local/lib/python3.12/site-packages/airflow/example_dags/example_branch_operator_decorator.py for tasks to queue
[2024-09-30T14:35:03.157+0000] {logging_mixin.py:190} INFO - [2024-09-30T14:35:03.157+0000] {dagbag.py:588} INFO - Filling up the DagBag from /home/airflow/.local/lib/python3.12/site-packages/airflow/example_dags/example_branch_operator_decorator.py
[2024-09-30T14:35:03.171+0000] {processor.py:925} INFO - DAG(s) 'example_branch_python_operator_decorator' retrieved from /home/airflow/.local/lib/python3.12/site-packages/airflow/example_dags/example_branch_operator_decorator.py
[2024-09-30T14:35:03.191+0000] {logging_mixin.py:190} INFO - [2024-09-30T14:35:03.191+0000] {dag.py:3239} INFO - Sync 1 DAGs
[2024-09-30T14:35:03.208+0000] {logging_mixin.py:190} INFO - [2024-09-30T14:35:03.207+0000] {dag.py:4180} INFO - Setting next_dagrun for example_branch_python_operator_decorator to 2024-09-29 00:00:00+00:00, run_after=2024-09-30 00:00:00+00:00
[2024-09-30T14:35:03.220+0000] {processor.py:208} INFO - Processing /home/airflow/.local/lib/python3.12/site-packages/airflow/example_dags/example_branch_operator_decorator.py took 0.069 seconds
[2024-09-30T14:35:33.782+0000] {processor.py:186} INFO - Started process (PID=789) to work on /home/airflow/.local/lib/python3.12/site-packages/airflow/example_dags/example_branch_operator_decorator.py
[2024-09-30T14:35:33.783+0000] {processor.py:914} INFO - Processing file /home/airflow/.local/lib/python3.12/site-packages/airflow/example_dags/example_branch_operator_decorator.py for tasks to queue
[2024-09-30T14:35:33.785+0000] {logging_mixin.py:190} INFO - [2024-09-30T14:35:33.784+0000] {dagbag.py:588} INFO - Filling up the DagBag from /home/airflow/.local/lib/python3.12/site-packages/airflow/example_dags/example_branch_operator_decorator.py
[2024-09-30T14:35:33.800+0000] {processor.py:925} INFO - DAG(s) 'example_branch_python_operator_decorator' retrieved from /home/airflow/.local/lib/python3.12/site-packages/airflow/example_dags/example_branch_operator_decorator.py
[2024-09-30T14:35:33.820+0000] {logging_mixin.py:190} INFO - [2024-09-30T14:35:33.820+0000] {dag.py:3239} INFO - Sync 1 DAGs
[2024-09-30T14:35:33.839+0000] {logging_mixin.py:190} INFO - [2024-09-30T14:35:33.839+0000] {dag.py:4180} INFO - Setting next_dagrun for example_branch_python_operator_decorator to 2024-09-29 00:00:00+00:00, run_after=2024-09-30 00:00:00+00:00
[2024-09-30T14:35:33.852+0000] {processor.py:208} INFO - Processing /home/airflow/.local/lib/python3.12/site-packages/airflow/example_dags/example_branch_operator_decorator.py took 0.073 seconds
[2024-09-30T14:36:04.541+0000] {processor.py:186} INFO - Started process (PID=851) to work on /home/airflow/.local/lib/python3.12/site-packages/airflow/example_dags/example_branch_operator_decorator.py
[2024-09-30T14:36:04.542+0000] {processor.py:914} INFO - Processing file /home/airflow/.local/lib/python3.12/site-packages/airflow/example_dags/example_branch_operator_decorator.py for tasks to queue
[2024-09-30T14:36:04.544+0000] {logging_mixin.py:190} INFO - [2024-09-30T14:36:04.543+0000] {dagbag.py:588} INFO - Filling up the DagBag from /home/airflow/.local/lib/python3.12/site-packages/airflow/example_dags/example_branch_operator_decorator.py
[2024-09-30T14:36:04.560+0000] {processor.py:925} INFO - DAG(s) 'example_branch_python_operator_decorator' retrieved from /home/airflow/.local/lib/python3.12/site-packages/airflow/example_dags/example_branch_operator_decorator.py
[2024-09-30T14:36:04.580+0000] {logging_mixin.py:190} INFO - [2024-09-30T14:36:04.580+0000] {dag.py:3239} INFO - Sync 1 DAGs
[2024-09-30T14:36:04.597+0000] {logging_mixin.py:190} INFO - [2024-09-30T14:36:04.597+0000] {dag.py:4180} INFO - Setting next_dagrun for example_branch_python_operator_decorator to 2024-09-29 00:00:00+00:00, run_after=2024-09-30 00:00:00+00:00
[2024-09-30T14:36:04.611+0000] {processor.py:208} INFO - Processing /home/airflow/.local/lib/python3.12/site-packages/airflow/example_dags/example_branch_operator_decorator.py took 0.074 seconds
[2024-09-30T14:36:42.570+0000] {processor.py:186} INFO - Started process (PID=96) to work on /home/airflow/.local/lib/python3.12/site-packages/airflow/example_dags/example_branch_operator_decorator.py
[2024-09-30T14:36:42.571+0000] {processor.py:914} INFO - Processing file /home/airflow/.local/lib/python3.12/site-packages/airflow/example_dags/example_branch_operator_decorator.py for tasks to queue
[2024-09-30T14:36:42.573+0000] {logging_mixin.py:190} INFO - [2024-09-30T14:36:42.572+0000] {dagbag.py:588} INFO - Filling up the DagBag from /home/airflow/.local/lib/python3.12/site-packages/airflow/example_dags/example_branch_operator_decorator.py
[2024-09-30T14:36:42.587+0000] {processor.py:925} INFO - DAG(s) 'example_branch_python_operator_decorator' retrieved from /home/airflow/.local/lib/python3.12/site-packages/airflow/example_dags/example_branch_operator_decorator.py
[2024-09-30T14:36:42.692+0000] {logging_mixin.py:190} INFO - [2024-09-30T14:36:42.692+0000] {dag.py:3239} INFO - Sync 1 DAGs
[2024-09-30T14:36:42.713+0000] {logging_mixin.py:190} INFO - [2024-09-30T14:36:42.713+0000] {dag.py:4180} INFO - Setting next_dagrun for example_branch_python_operator_decorator to 2024-09-29 00:00:00+00:00, run_after=2024-09-30 00:00:00+00:00
[2024-09-30T14:36:42.731+0000] {processor.py:208} INFO - Processing /home/airflow/.local/lib/python3.12/site-packages/airflow/example_dags/example_branch_operator_decorator.py took 0.164 seconds
[2024-09-30T14:37:13.296+0000] {processor.py:186} INFO - Started process (PID=159) to work on /home/airflow/.local/lib/python3.12/site-packages/airflow/example_dags/example_branch_operator_decorator.py
[2024-09-30T14:37:13.297+0000] {processor.py:914} INFO - Processing file /home/airflow/.local/lib/python3.12/site-packages/airflow/example_dags/example_branch_operator_decorator.py for tasks to queue
[2024-09-30T14:37:13.299+0000] {logging_mixin.py:190} INFO - [2024-09-30T14:37:13.299+0000] {dagbag.py:588} INFO - Filling up the DagBag from /home/airflow/.local/lib/python3.12/site-packages/airflow/example_dags/example_branch_operator_decorator.py
[2024-09-30T14:37:13.313+0000] {processor.py:925} INFO - DAG(s) 'example_branch_python_operator_decorator' retrieved from /home/airflow/.local/lib/python3.12/site-packages/airflow/example_dags/example_branch_operator_decorator.py
[2024-09-30T14:37:13.334+0000] {logging_mixin.py:190} INFO - [2024-09-30T14:37:13.333+0000] {dag.py:3239} INFO - Sync 1 DAGs
[2024-09-30T14:37:13.353+0000] {logging_mixin.py:190} INFO - [2024-09-30T14:37:13.352+0000] {dag.py:4180} INFO - Setting next_dagrun for example_branch_python_operator_decorator to 2024-09-29 00:00:00+00:00, run_after=2024-09-30 00:00:00+00:00
[2024-09-30T14:37:13.366+0000] {processor.py:208} INFO - Processing /home/airflow/.local/lib/python3.12/site-packages/airflow/example_dags/example_branch_operator_decorator.py took 0.073 seconds
[2024-09-30T14:37:44.259+0000] {processor.py:186} INFO - Started process (PID=222) to work on /home/airflow/.local/lib/python3.12/site-packages/airflow/example_dags/example_branch_operator_decorator.py
[2024-09-30T14:37:44.260+0000] {processor.py:914} INFO - Processing file /home/airflow/.local/lib/python3.12/site-packages/airflow/example_dags/example_branch_operator_decorator.py for tasks to queue
[2024-09-30T14:37:44.262+0000] {logging_mixin.py:190} INFO - [2024-09-30T14:37:44.262+0000] {dagbag.py:588} INFO - Filling up the DagBag from /home/airflow/.local/lib/python3.12/site-packages/airflow/example_dags/example_branch_operator_decorator.py
[2024-09-30T14:37:44.276+0000] {processor.py:925} INFO - DAG(s) 'example_branch_python_operator_decorator' retrieved from /home/airflow/.local/lib/python3.12/site-packages/airflow/example_dags/example_branch_operator_decorator.py
[2024-09-30T14:37:44.297+0000] {logging_mixin.py:190} INFO - [2024-09-30T14:37:44.297+0000] {dag.py:3239} INFO - Sync 1 DAGs
[2024-09-30T14:37:44.315+0000] {logging_mixin.py:190} INFO - [2024-09-30T14:37:44.315+0000] {dag.py:4180} INFO - Setting next_dagrun for example_branch_python_operator_decorator to 2024-09-29 00:00:00+00:00, run_after=2024-09-30 00:00:00+00:00
[2024-09-30T14:37:44.330+0000] {processor.py:208} INFO - Processing /home/airflow/.local/lib/python3.12/site-packages/airflow/example_dags/example_branch_operator_decorator.py took 0.074 seconds
[2024-09-30T14:38:15.227+0000] {processor.py:186} INFO - Started process (PID=285) to work on /home/airflow/.local/lib/python3.12/site-packages/airflow/example_dags/example_branch_operator_decorator.py
[2024-09-30T14:38:15.228+0000] {processor.py:914} INFO - Processing file /home/airflow/.local/lib/python3.12/site-packages/airflow/example_dags/example_branch_operator_decorator.py for tasks to queue
[2024-09-30T14:38:15.230+0000] {logging_mixin.py:190} INFO - [2024-09-30T14:38:15.229+0000] {dagbag.py:588} INFO - Filling up the DagBag from /home/airflow/.local/lib/python3.12/site-packages/airflow/example_dags/example_branch_operator_decorator.py
[2024-09-30T14:38:15.243+0000] {processor.py:925} INFO - DAG(s) 'example_branch_python_operator_decorator' retrieved from /home/airflow/.local/lib/python3.12/site-packages/airflow/example_dags/example_branch_operator_decorator.py
[2024-09-30T14:38:15.262+0000] {logging_mixin.py:190} INFO - [2024-09-30T14:38:15.262+0000] {dag.py:3239} INFO - Sync 1 DAGs
[2024-09-30T14:38:15.279+0000] {logging_mixin.py:190} INFO - [2024-09-30T14:38:15.279+0000] {dag.py:4180} INFO - Setting next_dagrun for example_branch_python_operator_decorator to 2024-09-29 00:00:00+00:00, run_after=2024-09-30 00:00:00+00:00
[2024-09-30T14:38:15.292+0000] {processor.py:208} INFO - Processing /home/airflow/.local/lib/python3.12/site-packages/airflow/example_dags/example_branch_operator_decorator.py took 0.069 seconds
[2024-09-30T14:38:45.699+0000] {processor.py:186} INFO - Started process (PID=348) to work on /home/airflow/.local/lib/python3.12/site-packages/airflow/example_dags/example_branch_operator_decorator.py
[2024-09-30T14:38:45.700+0000] {processor.py:914} INFO - Processing file /home/airflow/.local/lib/python3.12/site-packages/airflow/example_dags/example_branch_operator_decorator.py for tasks to queue
[2024-09-30T14:38:45.701+0000] {logging_mixin.py:190} INFO - [2024-09-30T14:38:45.701+0000] {dagbag.py:588} INFO - Filling up the DagBag from /home/airflow/.local/lib/python3.12/site-packages/airflow/example_dags/example_branch_operator_decorator.py
[2024-09-30T14:38:45.715+0000] {processor.py:925} INFO - DAG(s) 'example_branch_python_operator_decorator' retrieved from /home/airflow/.local/lib/python3.12/site-packages/airflow/example_dags/example_branch_operator_decorator.py
[2024-09-30T14:38:45.735+0000] {logging_mixin.py:190} INFO - [2024-09-30T14:38:45.734+0000] {dag.py:3239} INFO - Sync 1 DAGs
[2024-09-30T14:38:45.751+0000] {logging_mixin.py:190} INFO - [2024-09-30T14:38:45.751+0000] {dag.py:4180} INFO - Setting next_dagrun for example_branch_python_operator_decorator to 2024-09-29 00:00:00+00:00, run_after=2024-09-30 00:00:00+00:00
[2024-09-30T14:38:45.762+0000] {processor.py:208} INFO - Processing /home/airflow/.local/lib/python3.12/site-packages/airflow/example_dags/example_branch_operator_decorator.py took 0.067 seconds
[2024-09-30T14:39:16.636+0000] {processor.py:186} INFO - Started process (PID=411) to work on /home/airflow/.local/lib/python3.12/site-packages/airflow/example_dags/example_branch_operator_decorator.py
[2024-09-30T14:39:16.636+0000] {processor.py:914} INFO - Processing file /home/airflow/.local/lib/python3.12/site-packages/airflow/example_dags/example_branch_operator_decorator.py for tasks to queue
[2024-09-30T14:39:16.638+0000] {logging_mixin.py:190} INFO - [2024-09-30T14:39:16.638+0000] {dagbag.py:588} INFO - Filling up the DagBag from /home/airflow/.local/lib/python3.12/site-packages/airflow/example_dags/example_branch_operator_decorator.py
[2024-09-30T14:39:16.652+0000] {processor.py:925} INFO - DAG(s) 'example_branch_python_operator_decorator' retrieved from /home/airflow/.local/lib/python3.12/site-packages/airflow/example_dags/example_branch_operator_decorator.py
[2024-09-30T14:39:16.671+0000] {logging_mixin.py:190} INFO - [2024-09-30T14:39:16.670+0000] {dag.py:3239} INFO - Sync 1 DAGs
[2024-09-30T14:39:16.686+0000] {logging_mixin.py:190} INFO - [2024-09-30T14:39:16.686+0000] {dag.py:4180} INFO - Setting next_dagrun for example_branch_python_operator_decorator to 2024-09-29 00:00:00+00:00, run_after=2024-09-30 00:00:00+00:00
[2024-09-30T14:39:16.699+0000] {processor.py:208} INFO - Processing /home/airflow/.local/lib/python3.12/site-packages/airflow/example_dags/example_branch_operator_decorator.py took 0.067 seconds
[2024-09-30T14:39:43.312+0000] {processor.py:186} INFO - Started process (PID=96) to work on /home/airflow/.local/lib/python3.12/site-packages/airflow/example_dags/example_branch_operator_decorator.py
[2024-09-30T14:39:43.313+0000] {processor.py:914} INFO - Processing file /home/airflow/.local/lib/python3.12/site-packages/airflow/example_dags/example_branch_operator_decorator.py for tasks to queue
[2024-09-30T14:39:43.314+0000] {logging_mixin.py:190} INFO - [2024-09-30T14:39:43.314+0000] {dagbag.py:588} INFO - Filling up the DagBag from /home/airflow/.local/lib/python3.12/site-packages/airflow/example_dags/example_branch_operator_decorator.py
[2024-09-30T14:39:43.328+0000] {processor.py:925} INFO - DAG(s) 'example_branch_python_operator_decorator' retrieved from /home/airflow/.local/lib/python3.12/site-packages/airflow/example_dags/example_branch_operator_decorator.py
[2024-09-30T14:39:43.405+0000] {logging_mixin.py:190} INFO - [2024-09-30T14:39:43.405+0000] {dag.py:3239} INFO - Sync 1 DAGs
[2024-09-30T14:39:43.420+0000] {logging_mixin.py:190} INFO - [2024-09-30T14:39:43.420+0000] {dag.py:4180} INFO - Setting next_dagrun for example_branch_python_operator_decorator to 2024-09-29 00:00:00+00:00, run_after=2024-09-30 00:00:00+00:00
[2024-09-30T14:39:43.433+0000] {processor.py:208} INFO - Processing /home/airflow/.local/lib/python3.12/site-packages/airflow/example_dags/example_branch_operator_decorator.py took 0.125 seconds
[2024-09-30T14:40:14.208+0000] {processor.py:186} INFO - Started process (PID=159) to work on /home/airflow/.local/lib/python3.12/site-packages/airflow/example_dags/example_branch_operator_decorator.py
[2024-09-30T14:40:14.208+0000] {processor.py:914} INFO - Processing file /home/airflow/.local/lib/python3.12/site-packages/airflow/example_dags/example_branch_operator_decorator.py for tasks to queue
[2024-09-30T14:40:14.210+0000] {logging_mixin.py:190} INFO - [2024-09-30T14:40:14.210+0000] {dagbag.py:588} INFO - Filling up the DagBag from /home/airflow/.local/lib/python3.12/site-packages/airflow/example_dags/example_branch_operator_decorator.py
[2024-09-30T14:40:14.229+0000] {processor.py:925} INFO - DAG(s) 'example_branch_python_operator_decorator' retrieved from /home/airflow/.local/lib/python3.12/site-packages/airflow/example_dags/example_branch_operator_decorator.py
[2024-09-30T14:40:14.249+0000] {logging_mixin.py:190} INFO - [2024-09-30T14:40:14.248+0000] {dag.py:3239} INFO - Sync 1 DAGs
[2024-09-30T14:40:14.266+0000] {logging_mixin.py:190} INFO - [2024-09-30T14:40:14.265+0000] {dag.py:4180} INFO - Setting next_dagrun for example_branch_python_operator_decorator to 2024-09-29 00:00:00+00:00, run_after=2024-09-30 00:00:00+00:00
[2024-09-30T14:40:14.278+0000] {processor.py:208} INFO - Processing /home/airflow/.local/lib/python3.12/site-packages/airflow/example_dags/example_branch_operator_decorator.py took 0.074 seconds
[2024-09-30T14:40:45.163+0000] {processor.py:186} INFO - Started process (PID=222) to work on /home/airflow/.local/lib/python3.12/site-packages/airflow/example_dags/example_branch_operator_decorator.py
[2024-09-30T14:40:45.164+0000] {processor.py:914} INFO - Processing file /home/airflow/.local/lib/python3.12/site-packages/airflow/example_dags/example_branch_operator_decorator.py for tasks to queue
[2024-09-30T14:40:45.166+0000] {logging_mixin.py:190} INFO - [2024-09-30T14:40:45.165+0000] {dagbag.py:588} INFO - Filling up the DagBag from /home/airflow/.local/lib/python3.12/site-packages/airflow/example_dags/example_branch_operator_decorator.py
[2024-09-30T14:40:45.180+0000] {processor.py:925} INFO - DAG(s) 'example_branch_python_operator_decorator' retrieved from /home/airflow/.local/lib/python3.12/site-packages/airflow/example_dags/example_branch_operator_decorator.py
[2024-09-30T14:40:45.199+0000] {logging_mixin.py:190} INFO - [2024-09-30T14:40:45.199+0000] {dag.py:3239} INFO - Sync 1 DAGs
[2024-09-30T14:40:45.217+0000] {logging_mixin.py:190} INFO - [2024-09-30T14:40:45.216+0000] {dag.py:4180} INFO - Setting next_dagrun for example_branch_python_operator_decorator to 2024-09-29 00:00:00+00:00, run_after=2024-09-30 00:00:00+00:00
[2024-09-30T14:40:45.230+0000] {processor.py:208} INFO - Processing /home/airflow/.local/lib/python3.12/site-packages/airflow/example_dags/example_branch_operator_decorator.py took 0.071 seconds
[2024-09-30T14:41:15.801+0000] {processor.py:186} INFO - Started process (PID=285) to work on /home/airflow/.local/lib/python3.12/site-packages/airflow/example_dags/example_branch_operator_decorator.py
[2024-09-30T14:41:15.802+0000] {processor.py:914} INFO - Processing file /home/airflow/.local/lib/python3.12/site-packages/airflow/example_dags/example_branch_operator_decorator.py for tasks to queue
[2024-09-30T14:41:15.804+0000] {logging_mixin.py:190} INFO - [2024-09-30T14:41:15.803+0000] {dagbag.py:588} INFO - Filling up the DagBag from /home/airflow/.local/lib/python3.12/site-packages/airflow/example_dags/example_branch_operator_decorator.py
[2024-09-30T14:41:15.818+0000] {processor.py:925} INFO - DAG(s) 'example_branch_python_operator_decorator' retrieved from /home/airflow/.local/lib/python3.12/site-packages/airflow/example_dags/example_branch_operator_decorator.py
[2024-09-30T14:41:15.839+0000] {logging_mixin.py:190} INFO - [2024-09-30T14:41:15.838+0000] {dag.py:3239} INFO - Sync 1 DAGs
[2024-09-30T14:41:15.857+0000] {logging_mixin.py:190} INFO - [2024-09-30T14:41:15.857+0000] {dag.py:4180} INFO - Setting next_dagrun for example_branch_python_operator_decorator to 2024-09-29 00:00:00+00:00, run_after=2024-09-30 00:00:00+00:00
[2024-09-30T14:41:15.870+0000] {processor.py:208} INFO - Processing /home/airflow/.local/lib/python3.12/site-packages/airflow/example_dags/example_branch_operator_decorator.py took 0.073 seconds
