[2024-09-30T14:12:29.916+0000] {processor.py:186} INFO - Started process (PID=91) to work on /home/airflow/.local/lib/python3.12/site-packages/airflow/example_dags/example_branch_labels.py
[2024-09-30T14:12:29.917+0000] {processor.py:914} INFO - Processing file /home/airflow/.local/lib/python3.12/site-packages/airflow/example_dags/example_branch_labels.py for tasks to queue
[2024-09-30T14:12:29.919+0000] {logging_mixin.py:190} INFO - [2024-09-30T14:12:29.919+0000] {dagbag.py:588} INFO - Filling up the DagBag from /home/airflow/.local/lib/python3.12/site-packages/airflow/example_dags/example_branch_labels.py
[2024-09-30T14:12:29.926+0000] {processor.py:925} INFO - DAG(s) 'example_branch_labels' retrieved from /home/airflow/.local/lib/python3.12/site-packages/airflow/example_dags/example_branch_labels.py
[2024-09-30T14:12:29.942+0000] {logging_mixin.py:190} INFO - [2024-09-30T14:12:29.942+0000] {dag.py:3239} INFO - Sync 1 DAGs
[2024-09-30T14:12:29.961+0000] {logging_mixin.py:190} INFO - [2024-09-30T14:12:29.961+0000] {dag.py:4180} INFO - Setting next_dagrun for example_branch_labels to 2024-09-29 00:00:00+00:00, run_after=2024-09-30 00:00:00+00:00
[2024-09-30T14:12:29.976+0000] {processor.py:208} INFO - Processing /home/airflow/.local/lib/python3.12/site-packages/airflow/example_dags/example_branch_labels.py took 0.063 seconds
[2024-09-30T14:13:00.002+0000] {processor.py:186} INFO - Started process (PID=154) to work on /home/airflow/.local/lib/python3.12/site-packages/airflow/example_dags/example_branch_labels.py
[2024-09-30T14:13:00.003+0000] {processor.py:914} INFO - Processing file /home/airflow/.local/lib/python3.12/site-packages/airflow/example_dags/example_branch_labels.py for tasks to queue
[2024-09-30T14:13:00.005+0000] {logging_mixin.py:190} INFO - [2024-09-30T14:13:00.005+0000] {dagbag.py:588} INFO - Filling up the DagBag from /home/airflow/.local/lib/python3.12/site-packages/airflow/example_dags/example_branch_labels.py
[2024-09-30T14:13:00.012+0000] {processor.py:925} INFO - DAG(s) 'example_branch_labels' retrieved from /home/airflow/.local/lib/python3.12/site-packages/airflow/example_dags/example_branch_labels.py
[2024-09-30T14:13:00.028+0000] {logging_mixin.py:190} INFO - [2024-09-30T14:13:00.028+0000] {dag.py:3239} INFO - Sync 1 DAGs
[2024-09-30T14:13:00.044+0000] {logging_mixin.py:190} INFO - [2024-09-30T14:13:00.044+0000] {dag.py:4180} INFO - Setting next_dagrun for example_branch_labels to 2024-09-29 00:00:00+00:00, run_after=2024-09-30 00:00:00+00:00
[2024-09-30T14:13:00.057+0000] {processor.py:208} INFO - Processing /home/airflow/.local/lib/python3.12/site-packages/airflow/example_dags/example_branch_labels.py took 0.059 seconds
[2024-09-30T14:13:30.770+0000] {processor.py:186} INFO - Started process (PID=217) to work on /home/airflow/.local/lib/python3.12/site-packages/airflow/example_dags/example_branch_labels.py
[2024-09-30T14:13:30.771+0000] {processor.py:914} INFO - Processing file /home/airflow/.local/lib/python3.12/site-packages/airflow/example_dags/example_branch_labels.py for tasks to queue
[2024-09-30T14:13:30.772+0000] {logging_mixin.py:190} INFO - [2024-09-30T14:13:30.772+0000] {dagbag.py:588} INFO - Filling up the DagBag from /home/airflow/.local/lib/python3.12/site-packages/airflow/example_dags/example_branch_labels.py
[2024-09-30T14:13:30.778+0000] {processor.py:925} INFO - DAG(s) 'example_branch_labels' retrieved from /home/airflow/.local/lib/python3.12/site-packages/airflow/example_dags/example_branch_labels.py
[2024-09-30T14:13:30.794+0000] {logging_mixin.py:190} INFO - [2024-09-30T14:13:30.794+0000] {dag.py:3239} INFO - Sync 1 DAGs
[2024-09-30T14:13:30.816+0000] {logging_mixin.py:190} INFO - [2024-09-30T14:13:30.816+0000] {dag.py:4180} INFO - Setting next_dagrun for example_branch_labels to 2024-09-29 00:00:00+00:00, run_after=2024-09-30 00:00:00+00:00
[2024-09-30T14:13:30.829+0000] {processor.py:208} INFO - Processing /home/airflow/.local/lib/python3.12/site-packages/airflow/example_dags/example_branch_labels.py took 0.063 seconds
[2024-09-30T14:14:02.522+0000] {processor.py:186} INFO - Started process (PID=280) to work on /home/airflow/.local/lib/python3.12/site-packages/airflow/example_dags/example_branch_labels.py
[2024-09-30T14:14:02.523+0000] {processor.py:914} INFO - Processing file /home/airflow/.local/lib/python3.12/site-packages/airflow/example_dags/example_branch_labels.py for tasks to queue
[2024-09-30T14:14:02.525+0000] {logging_mixin.py:190} INFO - [2024-09-30T14:14:02.524+0000] {dagbag.py:588} INFO - Filling up the DagBag from /home/airflow/.local/lib/python3.12/site-packages/airflow/example_dags/example_branch_labels.py
[2024-09-30T14:14:02.531+0000] {processor.py:925} INFO - DAG(s) 'example_branch_labels' retrieved from /home/airflow/.local/lib/python3.12/site-packages/airflow/example_dags/example_branch_labels.py
[2024-09-30T14:14:02.545+0000] {logging_mixin.py:190} INFO - [2024-09-30T14:14:02.544+0000] {dag.py:3239} INFO - Sync 1 DAGs
[2024-09-30T14:14:02.560+0000] {logging_mixin.py:190} INFO - [2024-09-30T14:14:02.560+0000] {dag.py:4180} INFO - Setting next_dagrun for example_branch_labels to 2024-09-29 00:00:00+00:00, run_after=2024-09-30 00:00:00+00:00
[2024-09-30T14:14:02.572+0000] {processor.py:208} INFO - Processing /home/airflow/.local/lib/python3.12/site-packages/airflow/example_dags/example_branch_labels.py took 0.053 seconds
[2024-09-30T14:14:33.300+0000] {processor.py:186} INFO - Started process (PID=343) to work on /home/airflow/.local/lib/python3.12/site-packages/airflow/example_dags/example_branch_labels.py
[2024-09-30T14:14:33.301+0000] {processor.py:914} INFO - Processing file /home/airflow/.local/lib/python3.12/site-packages/airflow/example_dags/example_branch_labels.py for tasks to queue
[2024-09-30T14:14:33.303+0000] {logging_mixin.py:190} INFO - [2024-09-30T14:14:33.303+0000] {dagbag.py:588} INFO - Filling up the DagBag from /home/airflow/.local/lib/python3.12/site-packages/airflow/example_dags/example_branch_labels.py
[2024-09-30T14:14:33.309+0000] {processor.py:925} INFO - DAG(s) 'example_branch_labels' retrieved from /home/airflow/.local/lib/python3.12/site-packages/airflow/example_dags/example_branch_labels.py
[2024-09-30T14:14:33.323+0000] {logging_mixin.py:190} INFO - [2024-09-30T14:14:33.322+0000] {dag.py:3239} INFO - Sync 1 DAGs
[2024-09-30T14:14:33.339+0000] {logging_mixin.py:190} INFO - [2024-09-30T14:14:33.339+0000] {dag.py:4180} INFO - Setting next_dagrun for example_branch_labels to 2024-09-29 00:00:00+00:00, run_after=2024-09-30 00:00:00+00:00
[2024-09-30T14:14:33.351+0000] {processor.py:208} INFO - Processing /home/airflow/.local/lib/python3.12/site-packages/airflow/example_dags/example_branch_labels.py took 0.054 seconds
[2024-09-30T14:15:03.571+0000] {processor.py:186} INFO - Started process (PID=406) to work on /home/airflow/.local/lib/python3.12/site-packages/airflow/example_dags/example_branch_labels.py
[2024-09-30T14:15:03.572+0000] {processor.py:914} INFO - Processing file /home/airflow/.local/lib/python3.12/site-packages/airflow/example_dags/example_branch_labels.py for tasks to queue
[2024-09-30T14:15:03.574+0000] {logging_mixin.py:190} INFO - [2024-09-30T14:15:03.574+0000] {dagbag.py:588} INFO - Filling up the DagBag from /home/airflow/.local/lib/python3.12/site-packages/airflow/example_dags/example_branch_labels.py
[2024-09-30T14:15:03.580+0000] {processor.py:925} INFO - DAG(s) 'example_branch_labels' retrieved from /home/airflow/.local/lib/python3.12/site-packages/airflow/example_dags/example_branch_labels.py
[2024-09-30T14:15:03.594+0000] {logging_mixin.py:190} INFO - [2024-09-30T14:15:03.594+0000] {dag.py:3239} INFO - Sync 1 DAGs
[2024-09-30T14:15:03.615+0000] {logging_mixin.py:190} INFO - [2024-09-30T14:15:03.614+0000] {dag.py:4180} INFO - Setting next_dagrun for example_branch_labels to 2024-09-29 00:00:00+00:00, run_after=2024-09-30 00:00:00+00:00
[2024-09-30T14:15:03.633+0000] {processor.py:208} INFO - Processing /home/airflow/.local/lib/python3.12/site-packages/airflow/example_dags/example_branch_labels.py took 0.067 seconds
[2024-09-30T14:15:34.508+0000] {processor.py:186} INFO - Started process (PID=469) to work on /home/airflow/.local/lib/python3.12/site-packages/airflow/example_dags/example_branch_labels.py
[2024-09-30T14:15:34.509+0000] {processor.py:914} INFO - Processing file /home/airflow/.local/lib/python3.12/site-packages/airflow/example_dags/example_branch_labels.py for tasks to queue
[2024-09-30T14:15:34.511+0000] {logging_mixin.py:190} INFO - [2024-09-30T14:15:34.511+0000] {dagbag.py:588} INFO - Filling up the DagBag from /home/airflow/.local/lib/python3.12/site-packages/airflow/example_dags/example_branch_labels.py
[2024-09-30T14:15:34.520+0000] {processor.py:925} INFO - DAG(s) 'example_branch_labels' retrieved from /home/airflow/.local/lib/python3.12/site-packages/airflow/example_dags/example_branch_labels.py
[2024-09-30T14:15:34.534+0000] {logging_mixin.py:190} INFO - [2024-09-30T14:15:34.534+0000] {dag.py:3239} INFO - Sync 1 DAGs
[2024-09-30T14:15:34.550+0000] {logging_mixin.py:190} INFO - [2024-09-30T14:15:34.550+0000] {dag.py:4180} INFO - Setting next_dagrun for example_branch_labels to 2024-09-29 00:00:00+00:00, run_after=2024-09-30 00:00:00+00:00
[2024-09-30T14:15:34.564+0000] {processor.py:208} INFO - Processing /home/airflow/.local/lib/python3.12/site-packages/airflow/example_dags/example_branch_labels.py took 0.059 seconds
[2024-09-30T14:16:05.213+0000] {processor.py:186} INFO - Started process (PID=532) to work on /home/airflow/.local/lib/python3.12/site-packages/airflow/example_dags/example_branch_labels.py
[2024-09-30T14:16:05.214+0000] {processor.py:914} INFO - Processing file /home/airflow/.local/lib/python3.12/site-packages/airflow/example_dags/example_branch_labels.py for tasks to queue
[2024-09-30T14:16:05.216+0000] {logging_mixin.py:190} INFO - [2024-09-30T14:16:05.215+0000] {dagbag.py:588} INFO - Filling up the DagBag from /home/airflow/.local/lib/python3.12/site-packages/airflow/example_dags/example_branch_labels.py
[2024-09-30T14:16:05.221+0000] {processor.py:925} INFO - DAG(s) 'example_branch_labels' retrieved from /home/airflow/.local/lib/python3.12/site-packages/airflow/example_dags/example_branch_labels.py
[2024-09-30T14:16:05.235+0000] {logging_mixin.py:190} INFO - [2024-09-30T14:16:05.235+0000] {dag.py:3239} INFO - Sync 1 DAGs
[2024-09-30T14:16:05.251+0000] {logging_mixin.py:190} INFO - [2024-09-30T14:16:05.251+0000] {dag.py:4180} INFO - Setting next_dagrun for example_branch_labels to 2024-09-29 00:00:00+00:00, run_after=2024-09-30 00:00:00+00:00
[2024-09-30T14:16:05.262+0000] {processor.py:208} INFO - Processing /home/airflow/.local/lib/python3.12/site-packages/airflow/example_dags/example_branch_labels.py took 0.053 seconds
[2024-09-30T14:16:35.874+0000] {processor.py:186} INFO - Started process (PID=596) to work on /home/airflow/.local/lib/python3.12/site-packages/airflow/example_dags/example_branch_labels.py
[2024-09-30T14:16:35.874+0000] {processor.py:914} INFO - Processing file /home/airflow/.local/lib/python3.12/site-packages/airflow/example_dags/example_branch_labels.py for tasks to queue
[2024-09-30T14:16:35.876+0000] {logging_mixin.py:190} INFO - [2024-09-30T14:16:35.876+0000] {dagbag.py:588} INFO - Filling up the DagBag from /home/airflow/.local/lib/python3.12/site-packages/airflow/example_dags/example_branch_labels.py
[2024-09-30T14:16:35.882+0000] {processor.py:925} INFO - DAG(s) 'example_branch_labels' retrieved from /home/airflow/.local/lib/python3.12/site-packages/airflow/example_dags/example_branch_labels.py
[2024-09-30T14:16:35.896+0000] {logging_mixin.py:190} INFO - [2024-09-30T14:16:35.896+0000] {dag.py:3239} INFO - Sync 1 DAGs
[2024-09-30T14:16:35.912+0000] {logging_mixin.py:190} INFO - [2024-09-30T14:16:35.912+0000] {dag.py:4180} INFO - Setting next_dagrun for example_branch_labels to 2024-09-29 00:00:00+00:00, run_after=2024-09-30 00:00:00+00:00
[2024-09-30T14:16:35.923+0000] {processor.py:208} INFO - Processing /home/airflow/.local/lib/python3.12/site-packages/airflow/example_dags/example_branch_labels.py took 0.053 seconds
[2024-09-30T14:17:00.534+0000] {processor.py:186} INFO - Started process (PID=85) to work on /home/airflow/.local/lib/python3.12/site-packages/airflow/example_dags/example_branch_labels.py
[2024-09-30T14:17:00.534+0000] {processor.py:914} INFO - Processing file /home/airflow/.local/lib/python3.12/site-packages/airflow/example_dags/example_branch_labels.py for tasks to queue
[2024-09-30T14:17:00.536+0000] {logging_mixin.py:190} INFO - [2024-09-30T14:17:00.536+0000] {dagbag.py:588} INFO - Filling up the DagBag from /home/airflow/.local/lib/python3.12/site-packages/airflow/example_dags/example_branch_labels.py
[2024-09-30T14:17:00.544+0000] {processor.py:925} INFO - DAG(s) 'example_branch_labels' retrieved from /home/airflow/.local/lib/python3.12/site-packages/airflow/example_dags/example_branch_labels.py
[2024-09-30T14:17:00.570+0000] {logging_mixin.py:190} INFO - [2024-09-30T14:17:00.570+0000] {dag.py:3239} INFO - Sync 1 DAGs
[2024-09-30T14:17:00.594+0000] {logging_mixin.py:190} INFO - [2024-09-30T14:17:00.594+0000] {dag.py:4180} INFO - Setting next_dagrun for example_branch_labels to 2024-09-29 00:00:00+00:00, run_after=2024-09-30 00:00:00+00:00
[2024-09-30T14:17:00.613+0000] {processor.py:208} INFO - Processing /home/airflow/.local/lib/python3.12/site-packages/airflow/example_dags/example_branch_labels.py took 0.084 seconds
[2024-09-30T14:17:31.301+0000] {processor.py:186} INFO - Started process (PID=148) to work on /home/airflow/.local/lib/python3.12/site-packages/airflow/example_dags/example_branch_labels.py
[2024-09-30T14:17:31.301+0000] {processor.py:914} INFO - Processing file /home/airflow/.local/lib/python3.12/site-packages/airflow/example_dags/example_branch_labels.py for tasks to queue
[2024-09-30T14:17:31.303+0000] {logging_mixin.py:190} INFO - [2024-09-30T14:17:31.303+0000] {dagbag.py:588} INFO - Filling up the DagBag from /home/airflow/.local/lib/python3.12/site-packages/airflow/example_dags/example_branch_labels.py
[2024-09-30T14:17:31.309+0000] {processor.py:925} INFO - DAG(s) 'example_branch_labels' retrieved from /home/airflow/.local/lib/python3.12/site-packages/airflow/example_dags/example_branch_labels.py
[2024-09-30T14:17:31.322+0000] {logging_mixin.py:190} INFO - [2024-09-30T14:17:31.322+0000] {dag.py:3239} INFO - Sync 1 DAGs
[2024-09-30T14:17:31.337+0000] {logging_mixin.py:190} INFO - [2024-09-30T14:17:31.337+0000] {dag.py:4180} INFO - Setting next_dagrun for example_branch_labels to 2024-09-29 00:00:00+00:00, run_after=2024-09-30 00:00:00+00:00
[2024-09-30T14:17:31.349+0000] {processor.py:208} INFO - Processing /home/airflow/.local/lib/python3.12/site-packages/airflow/example_dags/example_branch_labels.py took 0.052 seconds
[2024-09-30T14:18:03.355+0000] {processor.py:186} INFO - Started process (PID=85) to work on /home/airflow/.local/lib/python3.12/site-packages/airflow/example_dags/example_branch_labels.py
[2024-09-30T14:18:03.356+0000] {processor.py:914} INFO - Processing file /home/airflow/.local/lib/python3.12/site-packages/airflow/example_dags/example_branch_labels.py for tasks to queue
[2024-09-30T14:18:03.358+0000] {logging_mixin.py:190} INFO - [2024-09-30T14:18:03.357+0000] {dagbag.py:588} INFO - Filling up the DagBag from /home/airflow/.local/lib/python3.12/site-packages/airflow/example_dags/example_branch_labels.py
[2024-09-30T14:18:03.365+0000] {processor.py:925} INFO - DAG(s) 'example_branch_labels' retrieved from /home/airflow/.local/lib/python3.12/site-packages/airflow/example_dags/example_branch_labels.py
[2024-09-30T14:18:03.382+0000] {logging_mixin.py:190} INFO - [2024-09-30T14:18:03.381+0000] {dag.py:3239} INFO - Sync 1 DAGs
[2024-09-30T14:18:03.400+0000] {logging_mixin.py:190} INFO - [2024-09-30T14:18:03.399+0000] {dag.py:4180} INFO - Setting next_dagrun for example_branch_labels to 2024-09-29 00:00:00+00:00, run_after=2024-09-30 00:00:00+00:00
[2024-09-30T14:18:03.416+0000] {processor.py:208} INFO - Processing /home/airflow/.local/lib/python3.12/site-packages/airflow/example_dags/example_branch_labels.py took 0.065 seconds
[2024-09-30T14:18:34.031+0000] {processor.py:186} INFO - Started process (PID=148) to work on /home/airflow/.local/lib/python3.12/site-packages/airflow/example_dags/example_branch_labels.py
[2024-09-30T14:18:34.031+0000] {processor.py:914} INFO - Processing file /home/airflow/.local/lib/python3.12/site-packages/airflow/example_dags/example_branch_labels.py for tasks to queue
[2024-09-30T14:18:34.033+0000] {logging_mixin.py:190} INFO - [2024-09-30T14:18:34.033+0000] {dagbag.py:588} INFO - Filling up the DagBag from /home/airflow/.local/lib/python3.12/site-packages/airflow/example_dags/example_branch_labels.py
[2024-09-30T14:18:34.039+0000] {processor.py:925} INFO - DAG(s) 'example_branch_labels' retrieved from /home/airflow/.local/lib/python3.12/site-packages/airflow/example_dags/example_branch_labels.py
[2024-09-30T14:18:34.052+0000] {logging_mixin.py:190} INFO - [2024-09-30T14:18:34.052+0000] {dag.py:3239} INFO - Sync 1 DAGs
[2024-09-30T14:18:34.068+0000] {logging_mixin.py:190} INFO - [2024-09-30T14:18:34.068+0000] {dag.py:4180} INFO - Setting next_dagrun for example_branch_labels to 2024-09-29 00:00:00+00:00, run_after=2024-09-30 00:00:00+00:00
[2024-09-30T14:18:34.080+0000] {processor.py:208} INFO - Processing /home/airflow/.local/lib/python3.12/site-packages/airflow/example_dags/example_branch_labels.py took 0.053 seconds
[2024-09-30T14:19:04.561+0000] {processor.py:186} INFO - Started process (PID=211) to work on /home/airflow/.local/lib/python3.12/site-packages/airflow/example_dags/example_branch_labels.py
[2024-09-30T14:19:04.562+0000] {processor.py:914} INFO - Processing file /home/airflow/.local/lib/python3.12/site-packages/airflow/example_dags/example_branch_labels.py for tasks to queue
[2024-09-30T14:19:04.563+0000] {logging_mixin.py:190} INFO - [2024-09-30T14:19:04.563+0000] {dagbag.py:588} INFO - Filling up the DagBag from /home/airflow/.local/lib/python3.12/site-packages/airflow/example_dags/example_branch_labels.py
[2024-09-30T14:19:04.569+0000] {processor.py:925} INFO - DAG(s) 'example_branch_labels' retrieved from /home/airflow/.local/lib/python3.12/site-packages/airflow/example_dags/example_branch_labels.py
[2024-09-30T14:19:04.582+0000] {logging_mixin.py:190} INFO - [2024-09-30T14:19:04.582+0000] {dag.py:3239} INFO - Sync 1 DAGs
[2024-09-30T14:19:04.599+0000] {logging_mixin.py:190} INFO - [2024-09-30T14:19:04.598+0000] {dag.py:4180} INFO - Setting next_dagrun for example_branch_labels to 2024-09-29 00:00:00+00:00, run_after=2024-09-30 00:00:00+00:00
[2024-09-30T14:19:04.611+0000] {processor.py:208} INFO - Processing /home/airflow/.local/lib/python3.12/site-packages/airflow/example_dags/example_branch_labels.py took 0.053 seconds
[2024-09-30T14:19:47.760+0000] {processor.py:186} INFO - Started process (PID=79) to work on /home/airflow/.local/lib/python3.12/site-packages/airflow/example_dags/example_branch_labels.py
[2024-09-30T14:19:47.761+0000] {processor.py:914} INFO - Processing file /home/airflow/.local/lib/python3.12/site-packages/airflow/example_dags/example_branch_labels.py for tasks to queue
[2024-09-30T14:19:47.762+0000] {logging_mixin.py:190} INFO - [2024-09-30T14:19:47.762+0000] {dagbag.py:588} INFO - Filling up the DagBag from /home/airflow/.local/lib/python3.12/site-packages/airflow/example_dags/example_branch_labels.py
[2024-09-30T14:19:47.769+0000] {processor.py:925} INFO - DAG(s) 'example_branch_labels' retrieved from /home/airflow/.local/lib/python3.12/site-packages/airflow/example_dags/example_branch_labels.py
[2024-09-30T14:19:47.785+0000] {logging_mixin.py:190} INFO - [2024-09-30T14:19:47.784+0000] {dag.py:3239} INFO - Sync 1 DAGs
[2024-09-30T14:19:47.801+0000] {logging_mixin.py:190} INFO - [2024-09-30T14:19:47.801+0000] {dag.py:4180} INFO - Setting next_dagrun for example_branch_labels to 2024-09-29 00:00:00+00:00, run_after=2024-09-30 00:00:00+00:00
[2024-09-30T14:19:47.814+0000] {processor.py:208} INFO - Processing /home/airflow/.local/lib/python3.12/site-packages/airflow/example_dags/example_branch_labels.py took 0.058 seconds
[2024-09-30T14:20:18.646+0000] {processor.py:186} INFO - Started process (PID=148) to work on /home/airflow/.local/lib/python3.12/site-packages/airflow/example_dags/example_branch_labels.py
[2024-09-30T14:20:18.647+0000] {processor.py:914} INFO - Processing file /home/airflow/.local/lib/python3.12/site-packages/airflow/example_dags/example_branch_labels.py for tasks to queue
[2024-09-30T14:20:18.648+0000] {logging_mixin.py:190} INFO - [2024-09-30T14:20:18.648+0000] {dagbag.py:588} INFO - Filling up the DagBag from /home/airflow/.local/lib/python3.12/site-packages/airflow/example_dags/example_branch_labels.py
[2024-09-30T14:20:18.655+0000] {processor.py:925} INFO - DAG(s) 'example_branch_labels' retrieved from /home/airflow/.local/lib/python3.12/site-packages/airflow/example_dags/example_branch_labels.py
[2024-09-30T14:20:18.669+0000] {logging_mixin.py:190} INFO - [2024-09-30T14:20:18.668+0000] {dag.py:3239} INFO - Sync 1 DAGs
[2024-09-30T14:20:18.684+0000] {logging_mixin.py:190} INFO - [2024-09-30T14:20:18.684+0000] {dag.py:4180} INFO - Setting next_dagrun for example_branch_labels to 2024-09-29 00:00:00+00:00, run_after=2024-09-30 00:00:00+00:00
[2024-09-30T14:20:18.696+0000] {processor.py:208} INFO - Processing /home/airflow/.local/lib/python3.12/site-packages/airflow/example_dags/example_branch_labels.py took 0.053 seconds
[2024-09-30T14:20:49.586+0000] {processor.py:186} INFO - Started process (PID=211) to work on /home/airflow/.local/lib/python3.12/site-packages/airflow/example_dags/example_branch_labels.py
[2024-09-30T14:20:49.587+0000] {processor.py:914} INFO - Processing file /home/airflow/.local/lib/python3.12/site-packages/airflow/example_dags/example_branch_labels.py for tasks to queue
[2024-09-30T14:20:49.589+0000] {logging_mixin.py:190} INFO - [2024-09-30T14:20:49.589+0000] {dagbag.py:588} INFO - Filling up the DagBag from /home/airflow/.local/lib/python3.12/site-packages/airflow/example_dags/example_branch_labels.py
[2024-09-30T14:20:49.596+0000] {processor.py:925} INFO - DAG(s) 'example_branch_labels' retrieved from /home/airflow/.local/lib/python3.12/site-packages/airflow/example_dags/example_branch_labels.py
[2024-09-30T14:20:49.611+0000] {logging_mixin.py:190} INFO - [2024-09-30T14:20:49.611+0000] {dag.py:3239} INFO - Sync 1 DAGs
[2024-09-30T14:20:49.628+0000] {logging_mixin.py:190} INFO - [2024-09-30T14:20:49.628+0000] {dag.py:4180} INFO - Setting next_dagrun for example_branch_labels to 2024-09-29 00:00:00+00:00, run_after=2024-09-30 00:00:00+00:00
[2024-09-30T14:20:49.641+0000] {processor.py:208} INFO - Processing /home/airflow/.local/lib/python3.12/site-packages/airflow/example_dags/example_branch_labels.py took 0.059 seconds
[2024-09-30T14:21:20.579+0000] {processor.py:186} INFO - Started process (PID=274) to work on /home/airflow/.local/lib/python3.12/site-packages/airflow/example_dags/example_branch_labels.py
[2024-09-30T14:21:20.580+0000] {processor.py:914} INFO - Processing file /home/airflow/.local/lib/python3.12/site-packages/airflow/example_dags/example_branch_labels.py for tasks to queue
[2024-09-30T14:21:20.581+0000] {logging_mixin.py:190} INFO - [2024-09-30T14:21:20.581+0000] {dagbag.py:588} INFO - Filling up the DagBag from /home/airflow/.local/lib/python3.12/site-packages/airflow/example_dags/example_branch_labels.py
[2024-09-30T14:21:20.587+0000] {processor.py:925} INFO - DAG(s) 'example_branch_labels' retrieved from /home/airflow/.local/lib/python3.12/site-packages/airflow/example_dags/example_branch_labels.py
[2024-09-30T14:21:20.601+0000] {logging_mixin.py:190} INFO - [2024-09-30T14:21:20.601+0000] {dag.py:3239} INFO - Sync 1 DAGs
[2024-09-30T14:21:20.617+0000] {logging_mixin.py:190} INFO - [2024-09-30T14:21:20.616+0000] {dag.py:4180} INFO - Setting next_dagrun for example_branch_labels to 2024-09-29 00:00:00+00:00, run_after=2024-09-30 00:00:00+00:00
[2024-09-30T14:21:20.628+0000] {processor.py:208} INFO - Processing /home/airflow/.local/lib/python3.12/site-packages/airflow/example_dags/example_branch_labels.py took 0.053 seconds
[2024-09-30T14:21:50.726+0000] {processor.py:186} INFO - Started process (PID=337) to work on /home/airflow/.local/lib/python3.12/site-packages/airflow/example_dags/example_branch_labels.py
[2024-09-30T14:21:50.726+0000] {processor.py:914} INFO - Processing file /home/airflow/.local/lib/python3.12/site-packages/airflow/example_dags/example_branch_labels.py for tasks to queue
[2024-09-30T14:21:50.728+0000] {logging_mixin.py:190} INFO - [2024-09-30T14:21:50.728+0000] {dagbag.py:588} INFO - Filling up the DagBag from /home/airflow/.local/lib/python3.12/site-packages/airflow/example_dags/example_branch_labels.py
[2024-09-30T14:21:50.734+0000] {processor.py:925} INFO - DAG(s) 'example_branch_labels' retrieved from /home/airflow/.local/lib/python3.12/site-packages/airflow/example_dags/example_branch_labels.py
[2024-09-30T14:21:50.748+0000] {logging_mixin.py:190} INFO - [2024-09-30T14:21:50.748+0000] {dag.py:3239} INFO - Sync 1 DAGs
[2024-09-30T14:21:50.765+0000] {logging_mixin.py:190} INFO - [2024-09-30T14:21:50.764+0000] {dag.py:4180} INFO - Setting next_dagrun for example_branch_labels to 2024-09-29 00:00:00+00:00, run_after=2024-09-30 00:00:00+00:00
[2024-09-30T14:21:50.777+0000] {processor.py:208} INFO - Processing /home/airflow/.local/lib/python3.12/site-packages/airflow/example_dags/example_branch_labels.py took 0.055 seconds
[2024-09-30T14:22:21.498+0000] {processor.py:186} INFO - Started process (PID=400) to work on /home/airflow/.local/lib/python3.12/site-packages/airflow/example_dags/example_branch_labels.py
[2024-09-30T14:22:21.499+0000] {processor.py:914} INFO - Processing file /home/airflow/.local/lib/python3.12/site-packages/airflow/example_dags/example_branch_labels.py for tasks to queue
[2024-09-30T14:22:21.500+0000] {logging_mixin.py:190} INFO - [2024-09-30T14:22:21.500+0000] {dagbag.py:588} INFO - Filling up the DagBag from /home/airflow/.local/lib/python3.12/site-packages/airflow/example_dags/example_branch_labels.py
[2024-09-30T14:22:21.506+0000] {processor.py:925} INFO - DAG(s) 'example_branch_labels' retrieved from /home/airflow/.local/lib/python3.12/site-packages/airflow/example_dags/example_branch_labels.py
[2024-09-30T14:22:21.520+0000] {logging_mixin.py:190} INFO - [2024-09-30T14:22:21.520+0000] {dag.py:3239} INFO - Sync 1 DAGs
[2024-09-30T14:22:21.536+0000] {logging_mixin.py:190} INFO - [2024-09-30T14:22:21.536+0000] {dag.py:4180} INFO - Setting next_dagrun for example_branch_labels to 2024-09-29 00:00:00+00:00, run_after=2024-09-30 00:00:00+00:00
[2024-09-30T14:22:21.549+0000] {processor.py:208} INFO - Processing /home/airflow/.local/lib/python3.12/site-packages/airflow/example_dags/example_branch_labels.py took 0.054 seconds
[2024-09-30T14:22:52.217+0000] {processor.py:186} INFO - Started process (PID=463) to work on /home/airflow/.local/lib/python3.12/site-packages/airflow/example_dags/example_branch_labels.py
[2024-09-30T14:22:52.218+0000] {processor.py:914} INFO - Processing file /home/airflow/.local/lib/python3.12/site-packages/airflow/example_dags/example_branch_labels.py for tasks to queue
[2024-09-30T14:22:52.220+0000] {logging_mixin.py:190} INFO - [2024-09-30T14:22:52.220+0000] {dagbag.py:588} INFO - Filling up the DagBag from /home/airflow/.local/lib/python3.12/site-packages/airflow/example_dags/example_branch_labels.py
[2024-09-30T14:22:52.226+0000] {processor.py:925} INFO - DAG(s) 'example_branch_labels' retrieved from /home/airflow/.local/lib/python3.12/site-packages/airflow/example_dags/example_branch_labels.py
[2024-09-30T14:22:52.240+0000] {logging_mixin.py:190} INFO - [2024-09-30T14:22:52.240+0000] {dag.py:3239} INFO - Sync 1 DAGs
[2024-09-30T14:22:52.257+0000] {logging_mixin.py:190} INFO - [2024-09-30T14:22:52.257+0000] {dag.py:4180} INFO - Setting next_dagrun for example_branch_labels to 2024-09-29 00:00:00+00:00, run_after=2024-09-30 00:00:00+00:00
[2024-09-30T14:22:52.271+0000] {processor.py:208} INFO - Processing /home/airflow/.local/lib/python3.12/site-packages/airflow/example_dags/example_branch_labels.py took 0.057 seconds
[2024-09-30T14:23:22.858+0000] {processor.py:186} INFO - Started process (PID=526) to work on /home/airflow/.local/lib/python3.12/site-packages/airflow/example_dags/example_branch_labels.py
[2024-09-30T14:23:22.859+0000] {processor.py:914} INFO - Processing file /home/airflow/.local/lib/python3.12/site-packages/airflow/example_dags/example_branch_labels.py for tasks to queue
[2024-09-30T14:23:22.861+0000] {logging_mixin.py:190} INFO - [2024-09-30T14:23:22.860+0000] {dagbag.py:588} INFO - Filling up the DagBag from /home/airflow/.local/lib/python3.12/site-packages/airflow/example_dags/example_branch_labels.py
[2024-09-30T14:23:22.867+0000] {processor.py:925} INFO - DAG(s) 'example_branch_labels' retrieved from /home/airflow/.local/lib/python3.12/site-packages/airflow/example_dags/example_branch_labels.py
[2024-09-30T14:23:22.881+0000] {logging_mixin.py:190} INFO - [2024-09-30T14:23:22.880+0000] {dag.py:3239} INFO - Sync 1 DAGs
[2024-09-30T14:23:22.896+0000] {logging_mixin.py:190} INFO - [2024-09-30T14:23:22.896+0000] {dag.py:4180} INFO - Setting next_dagrun for example_branch_labels to 2024-09-29 00:00:00+00:00, run_after=2024-09-30 00:00:00+00:00
[2024-09-30T14:23:22.908+0000] {processor.py:208} INFO - Processing /home/airflow/.local/lib/python3.12/site-packages/airflow/example_dags/example_branch_labels.py took 0.053 seconds
[2024-09-30T14:23:53.734+0000] {processor.py:186} INFO - Started process (PID=589) to work on /home/airflow/.local/lib/python3.12/site-packages/airflow/example_dags/example_branch_labels.py
[2024-09-30T14:23:53.735+0000] {processor.py:914} INFO - Processing file /home/airflow/.local/lib/python3.12/site-packages/airflow/example_dags/example_branch_labels.py for tasks to queue
[2024-09-30T14:23:53.737+0000] {logging_mixin.py:190} INFO - [2024-09-30T14:23:53.736+0000] {dagbag.py:588} INFO - Filling up the DagBag from /home/airflow/.local/lib/python3.12/site-packages/airflow/example_dags/example_branch_labels.py
[2024-09-30T14:23:53.743+0000] {processor.py:925} INFO - DAG(s) 'example_branch_labels' retrieved from /home/airflow/.local/lib/python3.12/site-packages/airflow/example_dags/example_branch_labels.py
[2024-09-30T14:23:53.757+0000] {logging_mixin.py:190} INFO - [2024-09-30T14:23:53.757+0000] {dag.py:3239} INFO - Sync 1 DAGs
[2024-09-30T14:23:53.775+0000] {logging_mixin.py:190} INFO - [2024-09-30T14:23:53.774+0000] {dag.py:4180} INFO - Setting next_dagrun for example_branch_labels to 2024-09-29 00:00:00+00:00, run_after=2024-09-30 00:00:00+00:00
[2024-09-30T14:23:53.787+0000] {processor.py:208} INFO - Processing /home/airflow/.local/lib/python3.12/site-packages/airflow/example_dags/example_branch_labels.py took 0.057 seconds
[2024-09-30T14:24:24.384+0000] {processor.py:186} INFO - Started process (PID=652) to work on /home/airflow/.local/lib/python3.12/site-packages/airflow/example_dags/example_branch_labels.py
[2024-09-30T14:24:24.384+0000] {processor.py:914} INFO - Processing file /home/airflow/.local/lib/python3.12/site-packages/airflow/example_dags/example_branch_labels.py for tasks to queue
[2024-09-30T14:24:24.386+0000] {logging_mixin.py:190} INFO - [2024-09-30T14:24:24.386+0000] {dagbag.py:588} INFO - Filling up the DagBag from /home/airflow/.local/lib/python3.12/site-packages/airflow/example_dags/example_branch_labels.py
[2024-09-30T14:24:24.392+0000] {processor.py:925} INFO - DAG(s) 'example_branch_labels' retrieved from /home/airflow/.local/lib/python3.12/site-packages/airflow/example_dags/example_branch_labels.py
[2024-09-30T14:24:24.406+0000] {logging_mixin.py:190} INFO - [2024-09-30T14:24:24.406+0000] {dag.py:3239} INFO - Sync 1 DAGs
[2024-09-30T14:24:24.423+0000] {logging_mixin.py:190} INFO - [2024-09-30T14:24:24.422+0000] {dag.py:4180} INFO - Setting next_dagrun for example_branch_labels to 2024-09-29 00:00:00+00:00, run_after=2024-09-30 00:00:00+00:00
[2024-09-30T14:24:24.435+0000] {processor.py:208} INFO - Processing /home/airflow/.local/lib/python3.12/site-packages/airflow/example_dags/example_branch_labels.py took 0.055 seconds
[2024-09-30T14:24:55.047+0000] {processor.py:186} INFO - Started process (PID=715) to work on /home/airflow/.local/lib/python3.12/site-packages/airflow/example_dags/example_branch_labels.py
[2024-09-30T14:24:55.048+0000] {processor.py:914} INFO - Processing file /home/airflow/.local/lib/python3.12/site-packages/airflow/example_dags/example_branch_labels.py for tasks to queue
[2024-09-30T14:24:55.049+0000] {logging_mixin.py:190} INFO - [2024-09-30T14:24:55.049+0000] {dagbag.py:588} INFO - Filling up the DagBag from /home/airflow/.local/lib/python3.12/site-packages/airflow/example_dags/example_branch_labels.py
[2024-09-30T14:24:55.055+0000] {processor.py:925} INFO - DAG(s) 'example_branch_labels' retrieved from /home/airflow/.local/lib/python3.12/site-packages/airflow/example_dags/example_branch_labels.py
[2024-09-30T14:24:55.069+0000] {logging_mixin.py:190} INFO - [2024-09-30T14:24:55.068+0000] {dag.py:3239} INFO - Sync 1 DAGs
[2024-09-30T14:24:55.084+0000] {logging_mixin.py:190} INFO - [2024-09-30T14:24:55.084+0000] {dag.py:4180} INFO - Setting next_dagrun for example_branch_labels to 2024-09-29 00:00:00+00:00, run_after=2024-09-30 00:00:00+00:00
[2024-09-30T14:24:55.095+0000] {processor.py:208} INFO - Processing /home/airflow/.local/lib/python3.12/site-packages/airflow/example_dags/example_branch_labels.py took 0.052 seconds
[2024-09-30T14:25:25.737+0000] {processor.py:186} INFO - Started process (PID=778) to work on /home/airflow/.local/lib/python3.12/site-packages/airflow/example_dags/example_branch_labels.py
[2024-09-30T14:25:25.738+0000] {processor.py:914} INFO - Processing file /home/airflow/.local/lib/python3.12/site-packages/airflow/example_dags/example_branch_labels.py for tasks to queue
[2024-09-30T14:25:25.739+0000] {logging_mixin.py:190} INFO - [2024-09-30T14:25:25.739+0000] {dagbag.py:588} INFO - Filling up the DagBag from /home/airflow/.local/lib/python3.12/site-packages/airflow/example_dags/example_branch_labels.py
[2024-09-30T14:25:25.746+0000] {processor.py:925} INFO - DAG(s) 'example_branch_labels' retrieved from /home/airflow/.local/lib/python3.12/site-packages/airflow/example_dags/example_branch_labels.py
[2024-09-30T14:25:25.759+0000] {logging_mixin.py:190} INFO - [2024-09-30T14:25:25.759+0000] {dag.py:3239} INFO - Sync 1 DAGs
[2024-09-30T14:25:25.774+0000] {logging_mixin.py:190} INFO - [2024-09-30T14:25:25.774+0000] {dag.py:4180} INFO - Setting next_dagrun for example_branch_labels to 2024-09-29 00:00:00+00:00, run_after=2024-09-30 00:00:00+00:00
[2024-09-30T14:25:25.787+0000] {processor.py:208} INFO - Processing /home/airflow/.local/lib/python3.12/site-packages/airflow/example_dags/example_branch_labels.py took 0.053 seconds
[2024-09-30T14:25:56.536+0000] {processor.py:186} INFO - Started process (PID=841) to work on /home/airflow/.local/lib/python3.12/site-packages/airflow/example_dags/example_branch_labels.py
[2024-09-30T14:25:56.536+0000] {processor.py:914} INFO - Processing file /home/airflow/.local/lib/python3.12/site-packages/airflow/example_dags/example_branch_labels.py for tasks to queue
[2024-09-30T14:25:56.538+0000] {logging_mixin.py:190} INFO - [2024-09-30T14:25:56.538+0000] {dagbag.py:588} INFO - Filling up the DagBag from /home/airflow/.local/lib/python3.12/site-packages/airflow/example_dags/example_branch_labels.py
[2024-09-30T14:25:56.544+0000] {processor.py:925} INFO - DAG(s) 'example_branch_labels' retrieved from /home/airflow/.local/lib/python3.12/site-packages/airflow/example_dags/example_branch_labels.py
[2024-09-30T14:25:56.556+0000] {logging_mixin.py:190} INFO - [2024-09-30T14:25:56.556+0000] {dag.py:3239} INFO - Sync 1 DAGs
[2024-09-30T14:25:56.572+0000] {logging_mixin.py:190} INFO - [2024-09-30T14:25:56.571+0000] {dag.py:4180} INFO - Setting next_dagrun for example_branch_labels to 2024-09-29 00:00:00+00:00, run_after=2024-09-30 00:00:00+00:00
[2024-09-30T14:25:56.584+0000] {processor.py:208} INFO - Processing /home/airflow/.local/lib/python3.12/site-packages/airflow/example_dags/example_branch_labels.py took 0.051 seconds
[2024-09-30T14:26:27.494+0000] {processor.py:186} INFO - Started process (PID=904) to work on /home/airflow/.local/lib/python3.12/site-packages/airflow/example_dags/example_branch_labels.py
[2024-09-30T14:26:27.495+0000] {processor.py:914} INFO - Processing file /home/airflow/.local/lib/python3.12/site-packages/airflow/example_dags/example_branch_labels.py for tasks to queue
[2024-09-30T14:26:27.496+0000] {logging_mixin.py:190} INFO - [2024-09-30T14:26:27.496+0000] {dagbag.py:588} INFO - Filling up the DagBag from /home/airflow/.local/lib/python3.12/site-packages/airflow/example_dags/example_branch_labels.py
[2024-09-30T14:26:27.503+0000] {processor.py:925} INFO - DAG(s) 'example_branch_labels' retrieved from /home/airflow/.local/lib/python3.12/site-packages/airflow/example_dags/example_branch_labels.py
[2024-09-30T14:26:27.517+0000] {logging_mixin.py:190} INFO - [2024-09-30T14:26:27.517+0000] {dag.py:3239} INFO - Sync 1 DAGs
[2024-09-30T14:26:27.533+0000] {logging_mixin.py:190} INFO - [2024-09-30T14:26:27.533+0000] {dag.py:4180} INFO - Setting next_dagrun for example_branch_labels to 2024-09-29 00:00:00+00:00, run_after=2024-09-30 00:00:00+00:00
[2024-09-30T14:26:27.546+0000] {processor.py:208} INFO - Processing /home/airflow/.local/lib/python3.12/site-packages/airflow/example_dags/example_branch_labels.py took 0.056 seconds
[2024-09-30T14:26:58.148+0000] {processor.py:186} INFO - Started process (PID=967) to work on /home/airflow/.local/lib/python3.12/site-packages/airflow/example_dags/example_branch_labels.py
[2024-09-30T14:26:58.149+0000] {processor.py:914} INFO - Processing file /home/airflow/.local/lib/python3.12/site-packages/airflow/example_dags/example_branch_labels.py for tasks to queue
[2024-09-30T14:26:58.151+0000] {logging_mixin.py:190} INFO - [2024-09-30T14:26:58.150+0000] {dagbag.py:588} INFO - Filling up the DagBag from /home/airflow/.local/lib/python3.12/site-packages/airflow/example_dags/example_branch_labels.py
[2024-09-30T14:26:58.157+0000] {processor.py:925} INFO - DAG(s) 'example_branch_labels' retrieved from /home/airflow/.local/lib/python3.12/site-packages/airflow/example_dags/example_branch_labels.py
[2024-09-30T14:26:58.170+0000] {logging_mixin.py:190} INFO - [2024-09-30T14:26:58.170+0000] {dag.py:3239} INFO - Sync 1 DAGs
[2024-09-30T14:26:58.185+0000] {logging_mixin.py:190} INFO - [2024-09-30T14:26:58.184+0000] {dag.py:4180} INFO - Setting next_dagrun for example_branch_labels to 2024-09-29 00:00:00+00:00, run_after=2024-09-30 00:00:00+00:00
[2024-09-30T14:26:58.197+0000] {processor.py:208} INFO - Processing /home/airflow/.local/lib/python3.12/site-packages/airflow/example_dags/example_branch_labels.py took 0.052 seconds
[2024-09-30T14:27:28.720+0000] {processor.py:186} INFO - Started process (PID=1030) to work on /home/airflow/.local/lib/python3.12/site-packages/airflow/example_dags/example_branch_labels.py
[2024-09-30T14:27:28.721+0000] {processor.py:914} INFO - Processing file /home/airflow/.local/lib/python3.12/site-packages/airflow/example_dags/example_branch_labels.py for tasks to queue
[2024-09-30T14:27:28.722+0000] {logging_mixin.py:190} INFO - [2024-09-30T14:27:28.722+0000] {dagbag.py:588} INFO - Filling up the DagBag from /home/airflow/.local/lib/python3.12/site-packages/airflow/example_dags/example_branch_labels.py
[2024-09-30T14:27:28.728+0000] {processor.py:925} INFO - DAG(s) 'example_branch_labels' retrieved from /home/airflow/.local/lib/python3.12/site-packages/airflow/example_dags/example_branch_labels.py
[2024-09-30T14:27:28.741+0000] {logging_mixin.py:190} INFO - [2024-09-30T14:27:28.741+0000] {dag.py:3239} INFO - Sync 1 DAGs
[2024-09-30T14:27:28.757+0000] {logging_mixin.py:190} INFO - [2024-09-30T14:27:28.757+0000] {dag.py:4180} INFO - Setting next_dagrun for example_branch_labels to 2024-09-29 00:00:00+00:00, run_after=2024-09-30 00:00:00+00:00
[2024-09-30T14:27:28.768+0000] {processor.py:208} INFO - Processing /home/airflow/.local/lib/python3.12/site-packages/airflow/example_dags/example_branch_labels.py took 0.052 seconds
[2024-09-30T14:27:59.295+0000] {processor.py:186} INFO - Started process (PID=1093) to work on /home/airflow/.local/lib/python3.12/site-packages/airflow/example_dags/example_branch_labels.py
[2024-09-30T14:27:59.295+0000] {processor.py:914} INFO - Processing file /home/airflow/.local/lib/python3.12/site-packages/airflow/example_dags/example_branch_labels.py for tasks to queue
[2024-09-30T14:27:59.297+0000] {logging_mixin.py:190} INFO - [2024-09-30T14:27:59.297+0000] {dagbag.py:588} INFO - Filling up the DagBag from /home/airflow/.local/lib/python3.12/site-packages/airflow/example_dags/example_branch_labels.py
[2024-09-30T14:27:59.304+0000] {processor.py:925} INFO - DAG(s) 'example_branch_labels' retrieved from /home/airflow/.local/lib/python3.12/site-packages/airflow/example_dags/example_branch_labels.py
[2024-09-30T14:27:59.322+0000] {logging_mixin.py:190} INFO - [2024-09-30T14:27:59.322+0000] {dag.py:3239} INFO - Sync 1 DAGs
[2024-09-30T14:27:59.345+0000] {logging_mixin.py:190} INFO - [2024-09-30T14:27:59.345+0000] {dag.py:4180} INFO - Setting next_dagrun for example_branch_labels to 2024-09-29 00:00:00+00:00, run_after=2024-09-30 00:00:00+00:00
[2024-09-30T14:27:59.363+0000] {processor.py:208} INFO - Processing /home/airflow/.local/lib/python3.12/site-packages/airflow/example_dags/example_branch_labels.py took 0.073 seconds
[2024-09-30T14:28:30.081+0000] {processor.py:186} INFO - Started process (PID=1156) to work on /home/airflow/.local/lib/python3.12/site-packages/airflow/example_dags/example_branch_labels.py
[2024-09-30T14:28:30.082+0000] {processor.py:914} INFO - Processing file /home/airflow/.local/lib/python3.12/site-packages/airflow/example_dags/example_branch_labels.py for tasks to queue
[2024-09-30T14:28:30.083+0000] {logging_mixin.py:190} INFO - [2024-09-30T14:28:30.083+0000] {dagbag.py:588} INFO - Filling up the DagBag from /home/airflow/.local/lib/python3.12/site-packages/airflow/example_dags/example_branch_labels.py
[2024-09-30T14:28:30.089+0000] {processor.py:925} INFO - DAG(s) 'example_branch_labels' retrieved from /home/airflow/.local/lib/python3.12/site-packages/airflow/example_dags/example_branch_labels.py
[2024-09-30T14:28:30.101+0000] {logging_mixin.py:190} INFO - [2024-09-30T14:28:30.101+0000] {dag.py:3239} INFO - Sync 1 DAGs
[2024-09-30T14:28:30.116+0000] {logging_mixin.py:190} INFO - [2024-09-30T14:28:30.116+0000] {dag.py:4180} INFO - Setting next_dagrun for example_branch_labels to 2024-09-29 00:00:00+00:00, run_after=2024-09-30 00:00:00+00:00
[2024-09-30T14:28:30.127+0000] {processor.py:208} INFO - Processing /home/airflow/.local/lib/python3.12/site-packages/airflow/example_dags/example_branch_labels.py took 0.049 seconds
[2024-09-30T14:29:00.800+0000] {processor.py:186} INFO - Started process (PID=1220) to work on /home/airflow/.local/lib/python3.12/site-packages/airflow/example_dags/example_branch_labels.py
[2024-09-30T14:29:00.800+0000] {processor.py:914} INFO - Processing file /home/airflow/.local/lib/python3.12/site-packages/airflow/example_dags/example_branch_labels.py for tasks to queue
[2024-09-30T14:29:00.802+0000] {logging_mixin.py:190} INFO - [2024-09-30T14:29:00.801+0000] {dagbag.py:588} INFO - Filling up the DagBag from /home/airflow/.local/lib/python3.12/site-packages/airflow/example_dags/example_branch_labels.py
[2024-09-30T14:29:00.808+0000] {processor.py:925} INFO - DAG(s) 'example_branch_labels' retrieved from /home/airflow/.local/lib/python3.12/site-packages/airflow/example_dags/example_branch_labels.py
[2024-09-30T14:29:00.823+0000] {logging_mixin.py:190} INFO - [2024-09-30T14:29:00.823+0000] {dag.py:3239} INFO - Sync 1 DAGs
[2024-09-30T14:29:00.842+0000] {logging_mixin.py:190} INFO - [2024-09-30T14:29:00.842+0000] {dag.py:4180} INFO - Setting next_dagrun for example_branch_labels to 2024-09-29 00:00:00+00:00, run_after=2024-09-30 00:00:00+00:00
[2024-09-30T14:29:00.855+0000] {processor.py:208} INFO - Processing /home/airflow/.local/lib/python3.12/site-packages/airflow/example_dags/example_branch_labels.py took 0.059 seconds
[2024-09-30T14:29:32.278+0000] {processor.py:186} INFO - Started process (PID=1283) to work on /home/airflow/.local/lib/python3.12/site-packages/airflow/example_dags/example_branch_labels.py
[2024-09-30T14:29:32.279+0000] {processor.py:914} INFO - Processing file /home/airflow/.local/lib/python3.12/site-packages/airflow/example_dags/example_branch_labels.py for tasks to queue
[2024-09-30T14:29:32.281+0000] {logging_mixin.py:190} INFO - [2024-09-30T14:29:32.280+0000] {dagbag.py:588} INFO - Filling up the DagBag from /home/airflow/.local/lib/python3.12/site-packages/airflow/example_dags/example_branch_labels.py
[2024-09-30T14:29:32.287+0000] {processor.py:925} INFO - DAG(s) 'example_branch_labels' retrieved from /home/airflow/.local/lib/python3.12/site-packages/airflow/example_dags/example_branch_labels.py
[2024-09-30T14:29:32.305+0000] {logging_mixin.py:190} INFO - [2024-09-30T14:29:32.305+0000] {dag.py:3239} INFO - Sync 1 DAGs
[2024-09-30T14:29:32.324+0000] {logging_mixin.py:190} INFO - [2024-09-30T14:29:32.324+0000] {dag.py:4180} INFO - Setting next_dagrun for example_branch_labels to 2024-09-29 00:00:00+00:00, run_after=2024-09-30 00:00:00+00:00
[2024-09-30T14:29:32.341+0000] {processor.py:208} INFO - Processing /home/airflow/.local/lib/python3.12/site-packages/airflow/example_dags/example_branch_labels.py took 0.066 seconds
[2024-09-30T14:29:54.065+0000] {processor.py:186} INFO - Started process (PID=79) to work on /home/airflow/.local/lib/python3.12/site-packages/airflow/example_dags/example_branch_labels.py
[2024-09-30T14:29:54.065+0000] {processor.py:914} INFO - Processing file /home/airflow/.local/lib/python3.12/site-packages/airflow/example_dags/example_branch_labels.py for tasks to queue
[2024-09-30T14:29:54.067+0000] {logging_mixin.py:190} INFO - [2024-09-30T14:29:54.067+0000] {dagbag.py:588} INFO - Filling up the DagBag from /home/airflow/.local/lib/python3.12/site-packages/airflow/example_dags/example_branch_labels.py
[2024-09-30T14:29:54.073+0000] {processor.py:925} INFO - DAG(s) 'example_branch_labels' retrieved from /home/airflow/.local/lib/python3.12/site-packages/airflow/example_dags/example_branch_labels.py
[2024-09-30T14:29:54.088+0000] {logging_mixin.py:190} INFO - [2024-09-30T14:29:54.088+0000] {dag.py:3239} INFO - Sync 1 DAGs
[2024-09-30T14:29:54.105+0000] {logging_mixin.py:190} INFO - [2024-09-30T14:29:54.104+0000] {dag.py:4180} INFO - Setting next_dagrun for example_branch_labels to 2024-09-29 00:00:00+00:00, run_after=2024-09-30 00:00:00+00:00
[2024-09-30T14:29:54.119+0000] {processor.py:208} INFO - Processing /home/airflow/.local/lib/python3.12/site-packages/airflow/example_dags/example_branch_labels.py took 0.058 seconds
[2024-09-30T14:30:24.805+0000] {processor.py:186} INFO - Started process (PID=148) to work on /home/airflow/.local/lib/python3.12/site-packages/airflow/example_dags/example_branch_labels.py
[2024-09-30T14:30:24.805+0000] {processor.py:914} INFO - Processing file /home/airflow/.local/lib/python3.12/site-packages/airflow/example_dags/example_branch_labels.py for tasks to queue
[2024-09-30T14:30:24.807+0000] {logging_mixin.py:190} INFO - [2024-09-30T14:30:24.807+0000] {dagbag.py:588} INFO - Filling up the DagBag from /home/airflow/.local/lib/python3.12/site-packages/airflow/example_dags/example_branch_labels.py
[2024-09-30T14:30:24.813+0000] {processor.py:925} INFO - DAG(s) 'example_branch_labels' retrieved from /home/airflow/.local/lib/python3.12/site-packages/airflow/example_dags/example_branch_labels.py
[2024-09-30T14:30:24.827+0000] {logging_mixin.py:190} INFO - [2024-09-30T14:30:24.826+0000] {dag.py:3239} INFO - Sync 1 DAGs
[2024-09-30T14:30:24.842+0000] {logging_mixin.py:190} INFO - [2024-09-30T14:30:24.842+0000] {dag.py:4180} INFO - Setting next_dagrun for example_branch_labels to 2024-09-29 00:00:00+00:00, run_after=2024-09-30 00:00:00+00:00
[2024-09-30T14:30:24.854+0000] {processor.py:208} INFO - Processing /home/airflow/.local/lib/python3.12/site-packages/airflow/example_dags/example_branch_labels.py took 0.053 seconds
[2024-09-30T14:30:55.619+0000] {processor.py:186} INFO - Started process (PID=211) to work on /home/airflow/.local/lib/python3.12/site-packages/airflow/example_dags/example_branch_labels.py
[2024-09-30T14:30:55.620+0000] {processor.py:914} INFO - Processing file /home/airflow/.local/lib/python3.12/site-packages/airflow/example_dags/example_branch_labels.py for tasks to queue
[2024-09-30T14:30:55.621+0000] {logging_mixin.py:190} INFO - [2024-09-30T14:30:55.621+0000] {dagbag.py:588} INFO - Filling up the DagBag from /home/airflow/.local/lib/python3.12/site-packages/airflow/example_dags/example_branch_labels.py
[2024-09-30T14:30:55.627+0000] {processor.py:925} INFO - DAG(s) 'example_branch_labels' retrieved from /home/airflow/.local/lib/python3.12/site-packages/airflow/example_dags/example_branch_labels.py
[2024-09-30T14:30:55.641+0000] {logging_mixin.py:190} INFO - [2024-09-30T14:30:55.641+0000] {dag.py:3239} INFO - Sync 1 DAGs
[2024-09-30T14:30:55.658+0000] {logging_mixin.py:190} INFO - [2024-09-30T14:30:55.657+0000] {dag.py:4180} INFO - Setting next_dagrun for example_branch_labels to 2024-09-29 00:00:00+00:00, run_after=2024-09-30 00:00:00+00:00
[2024-09-30T14:30:55.670+0000] {processor.py:208} INFO - Processing /home/airflow/.local/lib/python3.12/site-packages/airflow/example_dags/example_branch_labels.py took 0.055 seconds
[2024-09-30T14:31:26.419+0000] {processor.py:186} INFO - Started process (PID=274) to work on /home/airflow/.local/lib/python3.12/site-packages/airflow/example_dags/example_branch_labels.py
[2024-09-30T14:31:26.420+0000] {processor.py:914} INFO - Processing file /home/airflow/.local/lib/python3.12/site-packages/airflow/example_dags/example_branch_labels.py for tasks to queue
[2024-09-30T14:31:26.421+0000] {logging_mixin.py:190} INFO - [2024-09-30T14:31:26.421+0000] {dagbag.py:588} INFO - Filling up the DagBag from /home/airflow/.local/lib/python3.12/site-packages/airflow/example_dags/example_branch_labels.py
[2024-09-30T14:31:26.428+0000] {processor.py:925} INFO - DAG(s) 'example_branch_labels' retrieved from /home/airflow/.local/lib/python3.12/site-packages/airflow/example_dags/example_branch_labels.py
[2024-09-30T14:31:26.441+0000] {logging_mixin.py:190} INFO - [2024-09-30T14:31:26.441+0000] {dag.py:3239} INFO - Sync 1 DAGs
[2024-09-30T14:31:26.456+0000] {logging_mixin.py:190} INFO - [2024-09-30T14:31:26.456+0000] {dag.py:4180} INFO - Setting next_dagrun for example_branch_labels to 2024-09-29 00:00:00+00:00, run_after=2024-09-30 00:00:00+00:00
[2024-09-30T14:31:26.469+0000] {processor.py:208} INFO - Processing /home/airflow/.local/lib/python3.12/site-packages/airflow/example_dags/example_branch_labels.py took 0.053 seconds
[2024-09-30T14:31:57.088+0000] {processor.py:186} INFO - Started process (PID=337) to work on /home/airflow/.local/lib/python3.12/site-packages/airflow/example_dags/example_branch_labels.py
[2024-09-30T14:31:57.088+0000] {processor.py:914} INFO - Processing file /home/airflow/.local/lib/python3.12/site-packages/airflow/example_dags/example_branch_labels.py for tasks to queue
[2024-09-30T14:31:57.090+0000] {logging_mixin.py:190} INFO - [2024-09-30T14:31:57.090+0000] {dagbag.py:588} INFO - Filling up the DagBag from /home/airflow/.local/lib/python3.12/site-packages/airflow/example_dags/example_branch_labels.py
[2024-09-30T14:31:57.096+0000] {processor.py:925} INFO - DAG(s) 'example_branch_labels' retrieved from /home/airflow/.local/lib/python3.12/site-packages/airflow/example_dags/example_branch_labels.py
[2024-09-30T14:31:57.108+0000] {logging_mixin.py:190} INFO - [2024-09-30T14:31:57.108+0000] {dag.py:3239} INFO - Sync 1 DAGs
[2024-09-30T14:31:57.125+0000] {logging_mixin.py:190} INFO - [2024-09-30T14:31:57.125+0000] {dag.py:4180} INFO - Setting next_dagrun for example_branch_labels to 2024-09-29 00:00:00+00:00, run_after=2024-09-30 00:00:00+00:00
[2024-09-30T14:31:57.139+0000] {processor.py:208} INFO - Processing /home/airflow/.local/lib/python3.12/site-packages/airflow/example_dags/example_branch_labels.py took 0.054 seconds
[2024-09-30T14:32:27.815+0000] {processor.py:186} INFO - Started process (PID=400) to work on /home/airflow/.local/lib/python3.12/site-packages/airflow/example_dags/example_branch_labels.py
[2024-09-30T14:32:27.816+0000] {processor.py:914} INFO - Processing file /home/airflow/.local/lib/python3.12/site-packages/airflow/example_dags/example_branch_labels.py for tasks to queue
[2024-09-30T14:32:27.817+0000] {logging_mixin.py:190} INFO - [2024-09-30T14:32:27.817+0000] {dagbag.py:588} INFO - Filling up the DagBag from /home/airflow/.local/lib/python3.12/site-packages/airflow/example_dags/example_branch_labels.py
[2024-09-30T14:32:27.823+0000] {processor.py:925} INFO - DAG(s) 'example_branch_labels' retrieved from /home/airflow/.local/lib/python3.12/site-packages/airflow/example_dags/example_branch_labels.py
[2024-09-30T14:32:27.838+0000] {logging_mixin.py:190} INFO - [2024-09-30T14:32:27.838+0000] {dag.py:3239} INFO - Sync 1 DAGs
[2024-09-30T14:32:27.853+0000] {logging_mixin.py:190} INFO - [2024-09-30T14:32:27.853+0000] {dag.py:4180} INFO - Setting next_dagrun for example_branch_labels to 2024-09-29 00:00:00+00:00, run_after=2024-09-30 00:00:00+00:00
[2024-09-30T14:32:27.866+0000] {processor.py:208} INFO - Processing /home/airflow/.local/lib/python3.12/site-packages/airflow/example_dags/example_branch_labels.py took 0.055 seconds
[2024-09-30T14:32:58.538+0000] {processor.py:186} INFO - Started process (PID=463) to work on /home/airflow/.local/lib/python3.12/site-packages/airflow/example_dags/example_branch_labels.py
[2024-09-30T14:32:58.539+0000] {processor.py:914} INFO - Processing file /home/airflow/.local/lib/python3.12/site-packages/airflow/example_dags/example_branch_labels.py for tasks to queue
[2024-09-30T14:32:58.540+0000] {logging_mixin.py:190} INFO - [2024-09-30T14:32:58.540+0000] {dagbag.py:588} INFO - Filling up the DagBag from /home/airflow/.local/lib/python3.12/site-packages/airflow/example_dags/example_branch_labels.py
[2024-09-30T14:32:58.547+0000] {processor.py:925} INFO - DAG(s) 'example_branch_labels' retrieved from /home/airflow/.local/lib/python3.12/site-packages/airflow/example_dags/example_branch_labels.py
[2024-09-30T14:32:58.561+0000] {logging_mixin.py:190} INFO - [2024-09-30T14:32:58.561+0000] {dag.py:3239} INFO - Sync 1 DAGs
[2024-09-30T14:32:58.578+0000] {logging_mixin.py:190} INFO - [2024-09-30T14:32:58.578+0000] {dag.py:4180} INFO - Setting next_dagrun for example_branch_labels to 2024-09-29 00:00:00+00:00, run_after=2024-09-30 00:00:00+00:00
[2024-09-30T14:32:58.591+0000] {processor.py:208} INFO - Processing /home/airflow/.local/lib/python3.12/site-packages/airflow/example_dags/example_branch_labels.py took 0.056 seconds
[2024-09-30T14:33:29.342+0000] {processor.py:186} INFO - Started process (PID=526) to work on /home/airflow/.local/lib/python3.12/site-packages/airflow/example_dags/example_branch_labels.py
[2024-09-30T14:33:29.343+0000] {processor.py:914} INFO - Processing file /home/airflow/.local/lib/python3.12/site-packages/airflow/example_dags/example_branch_labels.py for tasks to queue
[2024-09-30T14:33:29.345+0000] {logging_mixin.py:190} INFO - [2024-09-30T14:33:29.345+0000] {dagbag.py:588} INFO - Filling up the DagBag from /home/airflow/.local/lib/python3.12/site-packages/airflow/example_dags/example_branch_labels.py
[2024-09-30T14:33:29.353+0000] {processor.py:925} INFO - DAG(s) 'example_branch_labels' retrieved from /home/airflow/.local/lib/python3.12/site-packages/airflow/example_dags/example_branch_labels.py
[2024-09-30T14:33:29.369+0000] {logging_mixin.py:190} INFO - [2024-09-30T14:33:29.369+0000] {dag.py:3239} INFO - Sync 1 DAGs
[2024-09-30T14:33:29.387+0000] {logging_mixin.py:190} INFO - [2024-09-30T14:33:29.387+0000] {dag.py:4180} INFO - Setting next_dagrun for example_branch_labels to 2024-09-29 00:00:00+00:00, run_after=2024-09-30 00:00:00+00:00
[2024-09-30T14:33:29.402+0000] {processor.py:208} INFO - Processing /home/airflow/.local/lib/python3.12/site-packages/airflow/example_dags/example_branch_labels.py took 0.064 seconds
[2024-09-30T14:34:00.601+0000] {processor.py:186} INFO - Started process (PID=589) to work on /home/airflow/.local/lib/python3.12/site-packages/airflow/example_dags/example_branch_labels.py
[2024-09-30T14:34:00.602+0000] {processor.py:914} INFO - Processing file /home/airflow/.local/lib/python3.12/site-packages/airflow/example_dags/example_branch_labels.py for tasks to queue
[2024-09-30T14:34:00.604+0000] {logging_mixin.py:190} INFO - [2024-09-30T14:34:00.603+0000] {dagbag.py:588} INFO - Filling up the DagBag from /home/airflow/.local/lib/python3.12/site-packages/airflow/example_dags/example_branch_labels.py
[2024-09-30T14:34:00.610+0000] {processor.py:925} INFO - DAG(s) 'example_branch_labels' retrieved from /home/airflow/.local/lib/python3.12/site-packages/airflow/example_dags/example_branch_labels.py
[2024-09-30T14:34:00.623+0000] {logging_mixin.py:190} INFO - [2024-09-30T14:34:00.622+0000] {dag.py:3239} INFO - Sync 1 DAGs
[2024-09-30T14:34:00.637+0000] {logging_mixin.py:190} INFO - [2024-09-30T14:34:00.637+0000] {dag.py:4180} INFO - Setting next_dagrun for example_branch_labels to 2024-09-29 00:00:00+00:00, run_after=2024-09-30 00:00:00+00:00
[2024-09-30T14:34:00.649+0000] {processor.py:208} INFO - Processing /home/airflow/.local/lib/python3.12/site-packages/airflow/example_dags/example_branch_labels.py took 0.051 seconds
[2024-09-30T14:34:31.884+0000] {processor.py:186} INFO - Started process (PID=652) to work on /home/airflow/.local/lib/python3.12/site-packages/airflow/example_dags/example_branch_labels.py
[2024-09-30T14:34:31.885+0000] {processor.py:914} INFO - Processing file /home/airflow/.local/lib/python3.12/site-packages/airflow/example_dags/example_branch_labels.py for tasks to queue
[2024-09-30T14:34:31.887+0000] {logging_mixin.py:190} INFO - [2024-09-30T14:34:31.886+0000] {dagbag.py:588} INFO - Filling up the DagBag from /home/airflow/.local/lib/python3.12/site-packages/airflow/example_dags/example_branch_labels.py
[2024-09-30T14:34:31.892+0000] {processor.py:925} INFO - DAG(s) 'example_branch_labels' retrieved from /home/airflow/.local/lib/python3.12/site-packages/airflow/example_dags/example_branch_labels.py
[2024-09-30T14:34:31.905+0000] {logging_mixin.py:190} INFO - [2024-09-30T14:34:31.905+0000] {dag.py:3239} INFO - Sync 1 DAGs
[2024-09-30T14:34:31.923+0000] {logging_mixin.py:190} INFO - [2024-09-30T14:34:31.923+0000] {dag.py:4180} INFO - Setting next_dagrun for example_branch_labels to 2024-09-29 00:00:00+00:00, run_after=2024-09-30 00:00:00+00:00
[2024-09-30T14:34:31.939+0000] {processor.py:208} INFO - Processing /home/airflow/.local/lib/python3.12/site-packages/airflow/example_dags/example_branch_labels.py took 0.058 seconds
[2024-09-30T14:35:02.710+0000] {processor.py:186} INFO - Started process (PID=715) to work on /home/airflow/.local/lib/python3.12/site-packages/airflow/example_dags/example_branch_labels.py
[2024-09-30T14:35:02.710+0000] {processor.py:914} INFO - Processing file /home/airflow/.local/lib/python3.12/site-packages/airflow/example_dags/example_branch_labels.py for tasks to queue
[2024-09-30T14:35:02.712+0000] {logging_mixin.py:190} INFO - [2024-09-30T14:35:02.712+0000] {dagbag.py:588} INFO - Filling up the DagBag from /home/airflow/.local/lib/python3.12/site-packages/airflow/example_dags/example_branch_labels.py
[2024-09-30T14:35:02.718+0000] {processor.py:925} INFO - DAG(s) 'example_branch_labels' retrieved from /home/airflow/.local/lib/python3.12/site-packages/airflow/example_dags/example_branch_labels.py
[2024-09-30T14:35:02.731+0000] {logging_mixin.py:190} INFO - [2024-09-30T14:35:02.731+0000] {dag.py:3239} INFO - Sync 1 DAGs
[2024-09-30T14:35:02.748+0000] {logging_mixin.py:190} INFO - [2024-09-30T14:35:02.748+0000] {dag.py:4180} INFO - Setting next_dagrun for example_branch_labels to 2024-09-29 00:00:00+00:00, run_after=2024-09-30 00:00:00+00:00
[2024-09-30T14:35:02.760+0000] {processor.py:208} INFO - Processing /home/airflow/.local/lib/python3.12/site-packages/airflow/example_dags/example_branch_labels.py took 0.054 seconds
[2024-09-30T14:35:33.343+0000] {processor.py:186} INFO - Started process (PID=778) to work on /home/airflow/.local/lib/python3.12/site-packages/airflow/example_dags/example_branch_labels.py
[2024-09-30T14:35:33.343+0000] {processor.py:914} INFO - Processing file /home/airflow/.local/lib/python3.12/site-packages/airflow/example_dags/example_branch_labels.py for tasks to queue
[2024-09-30T14:35:33.345+0000] {logging_mixin.py:190} INFO - [2024-09-30T14:35:33.345+0000] {dagbag.py:588} INFO - Filling up the DagBag from /home/airflow/.local/lib/python3.12/site-packages/airflow/example_dags/example_branch_labels.py
[2024-09-30T14:35:33.351+0000] {processor.py:925} INFO - DAG(s) 'example_branch_labels' retrieved from /home/airflow/.local/lib/python3.12/site-packages/airflow/example_dags/example_branch_labels.py
[2024-09-30T14:35:33.364+0000] {logging_mixin.py:190} INFO - [2024-09-30T14:35:33.364+0000] {dag.py:3239} INFO - Sync 1 DAGs
[2024-09-30T14:35:33.380+0000] {logging_mixin.py:190} INFO - [2024-09-30T14:35:33.380+0000] {dag.py:4180} INFO - Setting next_dagrun for example_branch_labels to 2024-09-29 00:00:00+00:00, run_after=2024-09-30 00:00:00+00:00
[2024-09-30T14:35:33.394+0000] {processor.py:208} INFO - Processing /home/airflow/.local/lib/python3.12/site-packages/airflow/example_dags/example_branch_labels.py took 0.055 seconds
[2024-09-30T14:36:04.113+0000] {processor.py:186} INFO - Started process (PID=841) to work on /home/airflow/.local/lib/python3.12/site-packages/airflow/example_dags/example_branch_labels.py
[2024-09-30T14:36:04.114+0000] {processor.py:914} INFO - Processing file /home/airflow/.local/lib/python3.12/site-packages/airflow/example_dags/example_branch_labels.py for tasks to queue
[2024-09-30T14:36:04.116+0000] {logging_mixin.py:190} INFO - [2024-09-30T14:36:04.116+0000] {dagbag.py:588} INFO - Filling up the DagBag from /home/airflow/.local/lib/python3.12/site-packages/airflow/example_dags/example_branch_labels.py
[2024-09-30T14:36:04.122+0000] {processor.py:925} INFO - DAG(s) 'example_branch_labels' retrieved from /home/airflow/.local/lib/python3.12/site-packages/airflow/example_dags/example_branch_labels.py
[2024-09-30T14:36:04.137+0000] {logging_mixin.py:190} INFO - [2024-09-30T14:36:04.137+0000] {dag.py:3239} INFO - Sync 1 DAGs
[2024-09-30T14:36:04.154+0000] {logging_mixin.py:190} INFO - [2024-09-30T14:36:04.154+0000] {dag.py:4180} INFO - Setting next_dagrun for example_branch_labels to 2024-09-29 00:00:00+00:00, run_after=2024-09-30 00:00:00+00:00
[2024-09-30T14:36:04.168+0000] {processor.py:208} INFO - Processing /home/airflow/.local/lib/python3.12/site-packages/airflow/example_dags/example_branch_labels.py took 0.059 seconds
[2024-09-30T14:36:42.091+0000] {processor.py:186} INFO - Started process (PID=85) to work on /home/airflow/.local/lib/python3.12/site-packages/airflow/example_dags/example_branch_labels.py
[2024-09-30T14:36:42.092+0000] {processor.py:914} INFO - Processing file /home/airflow/.local/lib/python3.12/site-packages/airflow/example_dags/example_branch_labels.py for tasks to queue
[2024-09-30T14:36:42.093+0000] {logging_mixin.py:190} INFO - [2024-09-30T14:36:42.093+0000] {dagbag.py:588} INFO - Filling up the DagBag from /home/airflow/.local/lib/python3.12/site-packages/airflow/example_dags/example_branch_labels.py
[2024-09-30T14:36:42.100+0000] {processor.py:925} INFO - DAG(s) 'example_branch_labels' retrieved from /home/airflow/.local/lib/python3.12/site-packages/airflow/example_dags/example_branch_labels.py
[2024-09-30T14:36:42.115+0000] {logging_mixin.py:190} INFO - [2024-09-30T14:36:42.115+0000] {dag.py:3239} INFO - Sync 1 DAGs
[2024-09-30T14:36:42.133+0000] {logging_mixin.py:190} INFO - [2024-09-30T14:36:42.133+0000] {dag.py:4180} INFO - Setting next_dagrun for example_branch_labels to 2024-09-29 00:00:00+00:00, run_after=2024-09-30 00:00:00+00:00
[2024-09-30T14:36:42.147+0000] {processor.py:208} INFO - Processing /home/airflow/.local/lib/python3.12/site-packages/airflow/example_dags/example_branch_labels.py took 0.059 seconds
[2024-09-30T14:37:12.856+0000] {processor.py:186} INFO - Started process (PID=148) to work on /home/airflow/.local/lib/python3.12/site-packages/airflow/example_dags/example_branch_labels.py
[2024-09-30T14:37:12.857+0000] {processor.py:914} INFO - Processing file /home/airflow/.local/lib/python3.12/site-packages/airflow/example_dags/example_branch_labels.py for tasks to queue
[2024-09-30T14:37:12.859+0000] {logging_mixin.py:190} INFO - [2024-09-30T14:37:12.859+0000] {dagbag.py:588} INFO - Filling up the DagBag from /home/airflow/.local/lib/python3.12/site-packages/airflow/example_dags/example_branch_labels.py
[2024-09-30T14:37:12.865+0000] {processor.py:925} INFO - DAG(s) 'example_branch_labels' retrieved from /home/airflow/.local/lib/python3.12/site-packages/airflow/example_dags/example_branch_labels.py
[2024-09-30T14:37:12.879+0000] {logging_mixin.py:190} INFO - [2024-09-30T14:37:12.879+0000] {dag.py:3239} INFO - Sync 1 DAGs
[2024-09-30T14:37:12.897+0000] {logging_mixin.py:190} INFO - [2024-09-30T14:37:12.897+0000] {dag.py:4180} INFO - Setting next_dagrun for example_branch_labels to 2024-09-29 00:00:00+00:00, run_after=2024-09-30 00:00:00+00:00
[2024-09-30T14:37:12.910+0000] {processor.py:208} INFO - Processing /home/airflow/.local/lib/python3.12/site-packages/airflow/example_dags/example_branch_labels.py took 0.058 seconds
[2024-09-30T14:37:43.786+0000] {processor.py:186} INFO - Started process (PID=211) to work on /home/airflow/.local/lib/python3.12/site-packages/airflow/example_dags/example_branch_labels.py
[2024-09-30T14:37:43.787+0000] {processor.py:914} INFO - Processing file /home/airflow/.local/lib/python3.12/site-packages/airflow/example_dags/example_branch_labels.py for tasks to queue
[2024-09-30T14:37:43.788+0000] {logging_mixin.py:190} INFO - [2024-09-30T14:37:43.788+0000] {dagbag.py:588} INFO - Filling up the DagBag from /home/airflow/.local/lib/python3.12/site-packages/airflow/example_dags/example_branch_labels.py
[2024-09-30T14:37:43.795+0000] {processor.py:925} INFO - DAG(s) 'example_branch_labels' retrieved from /home/airflow/.local/lib/python3.12/site-packages/airflow/example_dags/example_branch_labels.py
[2024-09-30T14:37:43.810+0000] {logging_mixin.py:190} INFO - [2024-09-30T14:37:43.809+0000] {dag.py:3239} INFO - Sync 1 DAGs
[2024-09-30T14:37:43.829+0000] {logging_mixin.py:190} INFO - [2024-09-30T14:37:43.829+0000] {dag.py:4180} INFO - Setting next_dagrun for example_branch_labels to 2024-09-29 00:00:00+00:00, run_after=2024-09-30 00:00:00+00:00
[2024-09-30T14:37:43.844+0000] {processor.py:208} INFO - Processing /home/airflow/.local/lib/python3.12/site-packages/airflow/example_dags/example_branch_labels.py took 0.062 seconds
[2024-09-30T14:38:14.546+0000] {processor.py:186} INFO - Started process (PID=274) to work on /home/airflow/.local/lib/python3.12/site-packages/airflow/example_dags/example_branch_labels.py
[2024-09-30T14:38:14.546+0000] {processor.py:914} INFO - Processing file /home/airflow/.local/lib/python3.12/site-packages/airflow/example_dags/example_branch_labels.py for tasks to queue
[2024-09-30T14:38:14.548+0000] {logging_mixin.py:190} INFO - [2024-09-30T14:38:14.548+0000] {dagbag.py:588} INFO - Filling up the DagBag from /home/airflow/.local/lib/python3.12/site-packages/airflow/example_dags/example_branch_labels.py
[2024-09-30T14:38:14.554+0000] {processor.py:925} INFO - DAG(s) 'example_branch_labels' retrieved from /home/airflow/.local/lib/python3.12/site-packages/airflow/example_dags/example_branch_labels.py
[2024-09-30T14:38:14.569+0000] {logging_mixin.py:190} INFO - [2024-09-30T14:38:14.568+0000] {dag.py:3239} INFO - Sync 1 DAGs
[2024-09-30T14:38:14.586+0000] {logging_mixin.py:190} INFO - [2024-09-30T14:38:14.585+0000] {dag.py:4180} INFO - Setting next_dagrun for example_branch_labels to 2024-09-29 00:00:00+00:00, run_after=2024-09-30 00:00:00+00:00
[2024-09-30T14:38:14.601+0000] {processor.py:208} INFO - Processing /home/airflow/.local/lib/python3.12/site-packages/airflow/example_dags/example_branch_labels.py took 0.059 seconds
[2024-09-30T14:38:45.245+0000] {processor.py:186} INFO - Started process (PID=337) to work on /home/airflow/.local/lib/python3.12/site-packages/airflow/example_dags/example_branch_labels.py
[2024-09-30T14:38:45.246+0000] {processor.py:914} INFO - Processing file /home/airflow/.local/lib/python3.12/site-packages/airflow/example_dags/example_branch_labels.py for tasks to queue
[2024-09-30T14:38:45.247+0000] {logging_mixin.py:190} INFO - [2024-09-30T14:38:45.247+0000] {dagbag.py:588} INFO - Filling up the DagBag from /home/airflow/.local/lib/python3.12/site-packages/airflow/example_dags/example_branch_labels.py
[2024-09-30T14:38:45.253+0000] {processor.py:925} INFO - DAG(s) 'example_branch_labels' retrieved from /home/airflow/.local/lib/python3.12/site-packages/airflow/example_dags/example_branch_labels.py
[2024-09-30T14:38:45.266+0000] {logging_mixin.py:190} INFO - [2024-09-30T14:38:45.266+0000] {dag.py:3239} INFO - Sync 1 DAGs
[2024-09-30T14:38:45.281+0000] {logging_mixin.py:190} INFO - [2024-09-30T14:38:45.281+0000] {dag.py:4180} INFO - Setting next_dagrun for example_branch_labels to 2024-09-29 00:00:00+00:00, run_after=2024-09-30 00:00:00+00:00
[2024-09-30T14:38:45.294+0000] {processor.py:208} INFO - Processing /home/airflow/.local/lib/python3.12/site-packages/airflow/example_dags/example_branch_labels.py took 0.053 seconds
[2024-09-30T14:39:16.021+0000] {processor.py:186} INFO - Started process (PID=400) to work on /home/airflow/.local/lib/python3.12/site-packages/airflow/example_dags/example_branch_labels.py
[2024-09-30T14:39:16.022+0000] {processor.py:914} INFO - Processing file /home/airflow/.local/lib/python3.12/site-packages/airflow/example_dags/example_branch_labels.py for tasks to queue
[2024-09-30T14:39:16.023+0000] {logging_mixin.py:190} INFO - [2024-09-30T14:39:16.023+0000] {dagbag.py:588} INFO - Filling up the DagBag from /home/airflow/.local/lib/python3.12/site-packages/airflow/example_dags/example_branch_labels.py
[2024-09-30T14:39:16.030+0000] {processor.py:925} INFO - DAG(s) 'example_branch_labels' retrieved from /home/airflow/.local/lib/python3.12/site-packages/airflow/example_dags/example_branch_labels.py
[2024-09-30T14:39:16.045+0000] {logging_mixin.py:190} INFO - [2024-09-30T14:39:16.045+0000] {dag.py:3239} INFO - Sync 1 DAGs
[2024-09-30T14:39:16.061+0000] {logging_mixin.py:190} INFO - [2024-09-30T14:39:16.061+0000] {dag.py:4180} INFO - Setting next_dagrun for example_branch_labels to 2024-09-29 00:00:00+00:00, run_after=2024-09-30 00:00:00+00:00
[2024-09-30T14:39:16.073+0000] {processor.py:208} INFO - Processing /home/airflow/.local/lib/python3.12/site-packages/airflow/example_dags/example_branch_labels.py took 0.055 seconds
[2024-09-30T14:39:42.836+0000] {processor.py:186} INFO - Started process (PID=85) to work on /home/airflow/.local/lib/python3.12/site-packages/airflow/example_dags/example_branch_labels.py
[2024-09-30T14:39:42.837+0000] {processor.py:914} INFO - Processing file /home/airflow/.local/lib/python3.12/site-packages/airflow/example_dags/example_branch_labels.py for tasks to queue
[2024-09-30T14:39:42.838+0000] {logging_mixin.py:190} INFO - [2024-09-30T14:39:42.838+0000] {dagbag.py:588} INFO - Filling up the DagBag from /home/airflow/.local/lib/python3.12/site-packages/airflow/example_dags/example_branch_labels.py
[2024-09-30T14:39:42.844+0000] {processor.py:925} INFO - DAG(s) 'example_branch_labels' retrieved from /home/airflow/.local/lib/python3.12/site-packages/airflow/example_dags/example_branch_labels.py
[2024-09-30T14:39:42.860+0000] {logging_mixin.py:190} INFO - [2024-09-30T14:39:42.860+0000] {dag.py:3239} INFO - Sync 1 DAGs
[2024-09-30T14:39:42.878+0000] {logging_mixin.py:190} INFO - [2024-09-30T14:39:42.878+0000] {dag.py:4180} INFO - Setting next_dagrun for example_branch_labels to 2024-09-29 00:00:00+00:00, run_after=2024-09-30 00:00:00+00:00
[2024-09-30T14:39:42.891+0000] {processor.py:208} INFO - Processing /home/airflow/.local/lib/python3.12/site-packages/airflow/example_dags/example_branch_labels.py took 0.060 seconds
[2024-09-30T14:40:13.777+0000] {processor.py:186} INFO - Started process (PID=148) to work on /home/airflow/.local/lib/python3.12/site-packages/airflow/example_dags/example_branch_labels.py
[2024-09-30T14:40:13.778+0000] {processor.py:914} INFO - Processing file /home/airflow/.local/lib/python3.12/site-packages/airflow/example_dags/example_branch_labels.py for tasks to queue
[2024-09-30T14:40:13.780+0000] {logging_mixin.py:190} INFO - [2024-09-30T14:40:13.780+0000] {dagbag.py:588} INFO - Filling up the DagBag from /home/airflow/.local/lib/python3.12/site-packages/airflow/example_dags/example_branch_labels.py
[2024-09-30T14:40:13.786+0000] {processor.py:925} INFO - DAG(s) 'example_branch_labels' retrieved from /home/airflow/.local/lib/python3.12/site-packages/airflow/example_dags/example_branch_labels.py
[2024-09-30T14:40:13.799+0000] {logging_mixin.py:190} INFO - [2024-09-30T14:40:13.799+0000] {dag.py:3239} INFO - Sync 1 DAGs
[2024-09-30T14:40:13.815+0000] {logging_mixin.py:190} INFO - [2024-09-30T14:40:13.815+0000] {dag.py:4180} INFO - Setting next_dagrun for example_branch_labels to 2024-09-29 00:00:00+00:00, run_after=2024-09-30 00:00:00+00:00
[2024-09-30T14:40:13.829+0000] {processor.py:208} INFO - Processing /home/airflow/.local/lib/python3.12/site-packages/airflow/example_dags/example_branch_labels.py took 0.055 seconds
[2024-09-30T14:40:44.515+0000] {processor.py:186} INFO - Started process (PID=211) to work on /home/airflow/.local/lib/python3.12/site-packages/airflow/example_dags/example_branch_labels.py
[2024-09-30T14:40:44.516+0000] {processor.py:914} INFO - Processing file /home/airflow/.local/lib/python3.12/site-packages/airflow/example_dags/example_branch_labels.py for tasks to queue
[2024-09-30T14:40:44.518+0000] {logging_mixin.py:190} INFO - [2024-09-30T14:40:44.518+0000] {dagbag.py:588} INFO - Filling up the DagBag from /home/airflow/.local/lib/python3.12/site-packages/airflow/example_dags/example_branch_labels.py
[2024-09-30T14:40:44.526+0000] {processor.py:925} INFO - DAG(s) 'example_branch_labels' retrieved from /home/airflow/.local/lib/python3.12/site-packages/airflow/example_dags/example_branch_labels.py
[2024-09-30T14:40:44.545+0000] {logging_mixin.py:190} INFO - [2024-09-30T14:40:44.545+0000] {dag.py:3239} INFO - Sync 1 DAGs
[2024-09-30T14:40:44.562+0000] {logging_mixin.py:190} INFO - [2024-09-30T14:40:44.562+0000] {dag.py:4180} INFO - Setting next_dagrun for example_branch_labels to 2024-09-29 00:00:00+00:00, run_after=2024-09-30 00:00:00+00:00
[2024-09-30T14:40:44.574+0000] {processor.py:208} INFO - Processing /home/airflow/.local/lib/python3.12/site-packages/airflow/example_dags/example_branch_labels.py took 0.064 seconds
[2024-09-30T14:41:15.357+0000] {processor.py:186} INFO - Started process (PID=274) to work on /home/airflow/.local/lib/python3.12/site-packages/airflow/example_dags/example_branch_labels.py
[2024-09-30T14:41:15.357+0000] {processor.py:914} INFO - Processing file /home/airflow/.local/lib/python3.12/site-packages/airflow/example_dags/example_branch_labels.py for tasks to queue
[2024-09-30T14:41:15.359+0000] {logging_mixin.py:190} INFO - [2024-09-30T14:41:15.359+0000] {dagbag.py:588} INFO - Filling up the DagBag from /home/airflow/.local/lib/python3.12/site-packages/airflow/example_dags/example_branch_labels.py
[2024-09-30T14:41:15.365+0000] {processor.py:925} INFO - DAG(s) 'example_branch_labels' retrieved from /home/airflow/.local/lib/python3.12/site-packages/airflow/example_dags/example_branch_labels.py
[2024-09-30T14:41:15.379+0000] {logging_mixin.py:190} INFO - [2024-09-30T14:41:15.379+0000] {dag.py:3239} INFO - Sync 1 DAGs
[2024-09-30T14:41:15.395+0000] {logging_mixin.py:190} INFO - [2024-09-30T14:41:15.395+0000] {dag.py:4180} INFO - Setting next_dagrun for example_branch_labels to 2024-09-29 00:00:00+00:00, run_after=2024-09-30 00:00:00+00:00
[2024-09-30T14:41:15.409+0000] {processor.py:208} INFO - Processing /home/airflow/.local/lib/python3.12/site-packages/airflow/example_dags/example_branch_labels.py took 0.056 seconds
