[2024-09-30T14:12:30.108+0000] {processor.py:186} INFO - Started process (PID=94) to work on /home/airflow/.local/lib/python3.12/site-packages/airflow/example_dags/example_nested_branch_dag.py
[2024-09-30T14:12:30.109+0000] {processor.py:914} INFO - Processing file /home/airflow/.local/lib/python3.12/site-packages/airflow/example_dags/example_nested_branch_dag.py for tasks to queue
[2024-09-30T14:12:30.111+0000] {logging_mixin.py:190} INFO - [2024-09-30T14:12:30.111+0000] {dagbag.py:588} INFO - Filling up the DagBag from /home/airflow/.local/lib/python3.12/site-packages/airflow/example_dags/example_nested_branch_dag.py
[2024-09-30T14:12:30.119+0000] {processor.py:925} INFO - DAG(s) 'example_nested_branch_dag' retrieved from /home/airflow/.local/lib/python3.12/site-packages/airflow/example_dags/example_nested_branch_dag.py
[2024-09-30T14:12:30.136+0000] {logging_mixin.py:190} INFO - [2024-09-30T14:12:30.135+0000] {dag.py:3239} INFO - Sync 1 DAGs
[2024-09-30T14:12:30.158+0000] {logging_mixin.py:190} INFO - [2024-09-30T14:12:30.157+0000] {dag.py:4180} INFO - Setting next_dagrun for example_nested_branch_dag to 2024-09-29 00:00:00+00:00, run_after=2024-09-30 00:00:00+00:00
[2024-09-30T14:12:30.173+0000] {processor.py:208} INFO - Processing /home/airflow/.local/lib/python3.12/site-packages/airflow/example_dags/example_nested_branch_dag.py took 0.069 seconds
[2024-09-30T14:13:01.147+0000] {processor.py:186} INFO - Started process (PID=157) to work on /home/airflow/.local/lib/python3.12/site-packages/airflow/example_dags/example_nested_branch_dag.py
[2024-09-30T14:13:01.147+0000] {processor.py:914} INFO - Processing file /home/airflow/.local/lib/python3.12/site-packages/airflow/example_dags/example_nested_branch_dag.py for tasks to queue
[2024-09-30T14:13:01.149+0000] {logging_mixin.py:190} INFO - [2024-09-30T14:13:01.149+0000] {dagbag.py:588} INFO - Filling up the DagBag from /home/airflow/.local/lib/python3.12/site-packages/airflow/example_dags/example_nested_branch_dag.py
[2024-09-30T14:13:01.158+0000] {processor.py:925} INFO - DAG(s) 'example_nested_branch_dag' retrieved from /home/airflow/.local/lib/python3.12/site-packages/airflow/example_dags/example_nested_branch_dag.py
[2024-09-30T14:13:01.172+0000] {logging_mixin.py:190} INFO - [2024-09-30T14:13:01.172+0000] {dag.py:3239} INFO - Sync 1 DAGs
[2024-09-30T14:13:01.188+0000] {logging_mixin.py:190} INFO - [2024-09-30T14:13:01.187+0000] {dag.py:4180} INFO - Setting next_dagrun for example_nested_branch_dag to 2024-09-29 00:00:00+00:00, run_after=2024-09-30 00:00:00+00:00
[2024-09-30T14:13:01.201+0000] {processor.py:208} INFO - Processing /home/airflow/.local/lib/python3.12/site-packages/airflow/example_dags/example_nested_branch_dag.py took 0.058 seconds
[2024-09-30T14:13:31.847+0000] {processor.py:186} INFO - Started process (PID=220) to work on /home/airflow/.local/lib/python3.12/site-packages/airflow/example_dags/example_nested_branch_dag.py
[2024-09-30T14:13:31.847+0000] {processor.py:914} INFO - Processing file /home/airflow/.local/lib/python3.12/site-packages/airflow/example_dags/example_nested_branch_dag.py for tasks to queue
[2024-09-30T14:13:31.849+0000] {logging_mixin.py:190} INFO - [2024-09-30T14:13:31.849+0000] {dagbag.py:588} INFO - Filling up the DagBag from /home/airflow/.local/lib/python3.12/site-packages/airflow/example_dags/example_nested_branch_dag.py
[2024-09-30T14:13:31.857+0000] {processor.py:925} INFO - DAG(s) 'example_nested_branch_dag' retrieved from /home/airflow/.local/lib/python3.12/site-packages/airflow/example_dags/example_nested_branch_dag.py
[2024-09-30T14:13:31.871+0000] {logging_mixin.py:190} INFO - [2024-09-30T14:13:31.871+0000] {dag.py:3239} INFO - Sync 1 DAGs
[2024-09-30T14:13:31.886+0000] {logging_mixin.py:190} INFO - [2024-09-30T14:13:31.886+0000] {dag.py:4180} INFO - Setting next_dagrun for example_nested_branch_dag to 2024-09-29 00:00:00+00:00, run_after=2024-09-30 00:00:00+00:00
[2024-09-30T14:13:31.898+0000] {processor.py:208} INFO - Processing /home/airflow/.local/lib/python3.12/site-packages/airflow/example_dags/example_nested_branch_dag.py took 0.056 seconds
[2024-09-30T14:14:02.669+0000] {processor.py:186} INFO - Started process (PID=283) to work on /home/airflow/.local/lib/python3.12/site-packages/airflow/example_dags/example_nested_branch_dag.py
[2024-09-30T14:14:02.670+0000] {processor.py:914} INFO - Processing file /home/airflow/.local/lib/python3.12/site-packages/airflow/example_dags/example_nested_branch_dag.py for tasks to queue
[2024-09-30T14:14:02.672+0000] {logging_mixin.py:190} INFO - [2024-09-30T14:14:02.671+0000] {dagbag.py:588} INFO - Filling up the DagBag from /home/airflow/.local/lib/python3.12/site-packages/airflow/example_dags/example_nested_branch_dag.py
[2024-09-30T14:14:02.680+0000] {processor.py:925} INFO - DAG(s) 'example_nested_branch_dag' retrieved from /home/airflow/.local/lib/python3.12/site-packages/airflow/example_dags/example_nested_branch_dag.py
[2024-09-30T14:14:02.693+0000] {logging_mixin.py:190} INFO - [2024-09-30T14:14:02.693+0000] {dag.py:3239} INFO - Sync 1 DAGs
[2024-09-30T14:14:02.708+0000] {logging_mixin.py:190} INFO - [2024-09-30T14:14:02.708+0000] {dag.py:4180} INFO - Setting next_dagrun for example_nested_branch_dag to 2024-09-29 00:00:00+00:00, run_after=2024-09-30 00:00:00+00:00
[2024-09-30T14:14:02.720+0000] {processor.py:208} INFO - Processing /home/airflow/.local/lib/python3.12/site-packages/airflow/example_dags/example_nested_branch_dag.py took 0.054 seconds
[2024-09-30T14:14:33.448+0000] {processor.py:186} INFO - Started process (PID=346) to work on /home/airflow/.local/lib/python3.12/site-packages/airflow/example_dags/example_nested_branch_dag.py
[2024-09-30T14:14:33.449+0000] {processor.py:914} INFO - Processing file /home/airflow/.local/lib/python3.12/site-packages/airflow/example_dags/example_nested_branch_dag.py for tasks to queue
[2024-09-30T14:14:33.451+0000] {logging_mixin.py:190} INFO - [2024-09-30T14:14:33.451+0000] {dagbag.py:588} INFO - Filling up the DagBag from /home/airflow/.local/lib/python3.12/site-packages/airflow/example_dags/example_nested_branch_dag.py
[2024-09-30T14:14:33.460+0000] {processor.py:925} INFO - DAG(s) 'example_nested_branch_dag' retrieved from /home/airflow/.local/lib/python3.12/site-packages/airflow/example_dags/example_nested_branch_dag.py
[2024-09-30T14:14:33.479+0000] {logging_mixin.py:190} INFO - [2024-09-30T14:14:33.479+0000] {dag.py:3239} INFO - Sync 1 DAGs
[2024-09-30T14:14:33.495+0000] {logging_mixin.py:190} INFO - [2024-09-30T14:14:33.495+0000] {dag.py:4180} INFO - Setting next_dagrun for example_nested_branch_dag to 2024-09-29 00:00:00+00:00, run_after=2024-09-30 00:00:00+00:00
[2024-09-30T14:14:33.509+0000] {processor.py:208} INFO - Processing /home/airflow/.local/lib/python3.12/site-packages/airflow/example_dags/example_nested_branch_dag.py took 0.064 seconds
[2024-09-30T14:15:03.728+0000] {processor.py:186} INFO - Started process (PID=409) to work on /home/airflow/.local/lib/python3.12/site-packages/airflow/example_dags/example_nested_branch_dag.py
[2024-09-30T14:15:03.729+0000] {processor.py:914} INFO - Processing file /home/airflow/.local/lib/python3.12/site-packages/airflow/example_dags/example_nested_branch_dag.py for tasks to queue
[2024-09-30T14:15:03.731+0000] {logging_mixin.py:190} INFO - [2024-09-30T14:15:03.731+0000] {dagbag.py:588} INFO - Filling up the DagBag from /home/airflow/.local/lib/python3.12/site-packages/airflow/example_dags/example_nested_branch_dag.py
[2024-09-30T14:15:03.739+0000] {processor.py:925} INFO - DAG(s) 'example_nested_branch_dag' retrieved from /home/airflow/.local/lib/python3.12/site-packages/airflow/example_dags/example_nested_branch_dag.py
[2024-09-30T14:15:03.754+0000] {logging_mixin.py:190} INFO - [2024-09-30T14:15:03.753+0000] {dag.py:3239} INFO - Sync 1 DAGs
[2024-09-30T14:15:03.772+0000] {logging_mixin.py:190} INFO - [2024-09-30T14:15:03.772+0000] {dag.py:4180} INFO - Setting next_dagrun for example_nested_branch_dag to 2024-09-29 00:00:00+00:00, run_after=2024-09-30 00:00:00+00:00
[2024-09-30T14:15:03.786+0000] {processor.py:208} INFO - Processing /home/airflow/.local/lib/python3.12/site-packages/airflow/example_dags/example_nested_branch_dag.py took 0.063 seconds
[2024-09-30T14:15:34.657+0000] {processor.py:186} INFO - Started process (PID=472) to work on /home/airflow/.local/lib/python3.12/site-packages/airflow/example_dags/example_nested_branch_dag.py
[2024-09-30T14:15:34.658+0000] {processor.py:914} INFO - Processing file /home/airflow/.local/lib/python3.12/site-packages/airflow/example_dags/example_nested_branch_dag.py for tasks to queue
[2024-09-30T14:15:34.660+0000] {logging_mixin.py:190} INFO - [2024-09-30T14:15:34.659+0000] {dagbag.py:588} INFO - Filling up the DagBag from /home/airflow/.local/lib/python3.12/site-packages/airflow/example_dags/example_nested_branch_dag.py
[2024-09-30T14:15:34.667+0000] {processor.py:925} INFO - DAG(s) 'example_nested_branch_dag' retrieved from /home/airflow/.local/lib/python3.12/site-packages/airflow/example_dags/example_nested_branch_dag.py
[2024-09-30T14:15:34.681+0000] {logging_mixin.py:190} INFO - [2024-09-30T14:15:34.680+0000] {dag.py:3239} INFO - Sync 1 DAGs
[2024-09-30T14:15:34.697+0000] {logging_mixin.py:190} INFO - [2024-09-30T14:15:34.696+0000] {dag.py:4180} INFO - Setting next_dagrun for example_nested_branch_dag to 2024-09-29 00:00:00+00:00, run_after=2024-09-30 00:00:00+00:00
[2024-09-30T14:15:34.708+0000] {processor.py:208} INFO - Processing /home/airflow/.local/lib/python3.12/site-packages/airflow/example_dags/example_nested_branch_dag.py took 0.055 seconds
[2024-09-30T14:16:05.370+0000] {processor.py:186} INFO - Started process (PID=535) to work on /home/airflow/.local/lib/python3.12/site-packages/airflow/example_dags/example_nested_branch_dag.py
[2024-09-30T14:16:05.370+0000] {processor.py:914} INFO - Processing file /home/airflow/.local/lib/python3.12/site-packages/airflow/example_dags/example_nested_branch_dag.py for tasks to queue
[2024-09-30T14:16:05.372+0000] {logging_mixin.py:190} INFO - [2024-09-30T14:16:05.371+0000] {dagbag.py:588} INFO - Filling up the DagBag from /home/airflow/.local/lib/python3.12/site-packages/airflow/example_dags/example_nested_branch_dag.py
[2024-09-30T14:16:05.379+0000] {processor.py:925} INFO - DAG(s) 'example_nested_branch_dag' retrieved from /home/airflow/.local/lib/python3.12/site-packages/airflow/example_dags/example_nested_branch_dag.py
[2024-09-30T14:16:05.392+0000] {logging_mixin.py:190} INFO - [2024-09-30T14:16:05.392+0000] {dag.py:3239} INFO - Sync 1 DAGs
[2024-09-30T14:16:05.407+0000] {logging_mixin.py:190} INFO - [2024-09-30T14:16:05.407+0000] {dag.py:4180} INFO - Setting next_dagrun for example_nested_branch_dag to 2024-09-29 00:00:00+00:00, run_after=2024-09-30 00:00:00+00:00
[2024-09-30T14:16:05.420+0000] {processor.py:208} INFO - Processing /home/airflow/.local/lib/python3.12/site-packages/airflow/example_dags/example_nested_branch_dag.py took 0.054 seconds
[2024-09-30T14:16:36.029+0000] {processor.py:186} INFO - Started process (PID=599) to work on /home/airflow/.local/lib/python3.12/site-packages/airflow/example_dags/example_nested_branch_dag.py
[2024-09-30T14:16:36.029+0000] {processor.py:914} INFO - Processing file /home/airflow/.local/lib/python3.12/site-packages/airflow/example_dags/example_nested_branch_dag.py for tasks to queue
[2024-09-30T14:16:36.031+0000] {logging_mixin.py:190} INFO - [2024-09-30T14:16:36.031+0000] {dagbag.py:588} INFO - Filling up the DagBag from /home/airflow/.local/lib/python3.12/site-packages/airflow/example_dags/example_nested_branch_dag.py
[2024-09-30T14:16:36.038+0000] {processor.py:925} INFO - DAG(s) 'example_nested_branch_dag' retrieved from /home/airflow/.local/lib/python3.12/site-packages/airflow/example_dags/example_nested_branch_dag.py
[2024-09-30T14:16:36.050+0000] {logging_mixin.py:190} INFO - [2024-09-30T14:16:36.050+0000] {dag.py:3239} INFO - Sync 1 DAGs
[2024-09-30T14:16:36.065+0000] {logging_mixin.py:190} INFO - [2024-09-30T14:16:36.065+0000] {dag.py:4180} INFO - Setting next_dagrun for example_nested_branch_dag to 2024-09-29 00:00:00+00:00, run_after=2024-09-30 00:00:00+00:00
[2024-09-30T14:16:36.077+0000] {processor.py:208} INFO - Processing /home/airflow/.local/lib/python3.12/site-packages/airflow/example_dags/example_nested_branch_dag.py took 0.053 seconds
[2024-09-30T14:17:00.764+0000] {processor.py:186} INFO - Started process (PID=88) to work on /home/airflow/.local/lib/python3.12/site-packages/airflow/example_dags/example_nested_branch_dag.py
[2024-09-30T14:17:00.765+0000] {processor.py:914} INFO - Processing file /home/airflow/.local/lib/python3.12/site-packages/airflow/example_dags/example_nested_branch_dag.py for tasks to queue
[2024-09-30T14:17:00.767+0000] {logging_mixin.py:190} INFO - [2024-09-30T14:17:00.767+0000] {dagbag.py:588} INFO - Filling up the DagBag from /home/airflow/.local/lib/python3.12/site-packages/airflow/example_dags/example_nested_branch_dag.py
[2024-09-30T14:17:00.776+0000] {processor.py:925} INFO - DAG(s) 'example_nested_branch_dag' retrieved from /home/airflow/.local/lib/python3.12/site-packages/airflow/example_dags/example_nested_branch_dag.py
[2024-09-30T14:17:00.795+0000] {logging_mixin.py:190} INFO - [2024-09-30T14:17:00.794+0000] {dag.py:3239} INFO - Sync 1 DAGs
[2024-09-30T14:17:00.814+0000] {logging_mixin.py:190} INFO - [2024-09-30T14:17:00.814+0000] {dag.py:4180} INFO - Setting next_dagrun for example_nested_branch_dag to 2024-09-29 00:00:00+00:00, run_after=2024-09-30 00:00:00+00:00
[2024-09-30T14:17:00.828+0000] {processor.py:208} INFO - Processing /home/airflow/.local/lib/python3.12/site-packages/airflow/example_dags/example_nested_branch_dag.py took 0.068 seconds
[2024-09-30T14:17:31.448+0000] {processor.py:186} INFO - Started process (PID=151) to work on /home/airflow/.local/lib/python3.12/site-packages/airflow/example_dags/example_nested_branch_dag.py
[2024-09-30T14:17:31.448+0000] {processor.py:914} INFO - Processing file /home/airflow/.local/lib/python3.12/site-packages/airflow/example_dags/example_nested_branch_dag.py for tasks to queue
[2024-09-30T14:17:31.450+0000] {logging_mixin.py:190} INFO - [2024-09-30T14:17:31.450+0000] {dagbag.py:588} INFO - Filling up the DagBag from /home/airflow/.local/lib/python3.12/site-packages/airflow/example_dags/example_nested_branch_dag.py
[2024-09-30T14:17:31.459+0000] {processor.py:925} INFO - DAG(s) 'example_nested_branch_dag' retrieved from /home/airflow/.local/lib/python3.12/site-packages/airflow/example_dags/example_nested_branch_dag.py
[2024-09-30T14:17:31.477+0000] {logging_mixin.py:190} INFO - [2024-09-30T14:17:31.477+0000] {dag.py:3239} INFO - Sync 1 DAGs
[2024-09-30T14:17:31.499+0000] {logging_mixin.py:190} INFO - [2024-09-30T14:17:31.499+0000] {dag.py:4180} INFO - Setting next_dagrun for example_nested_branch_dag to 2024-09-29 00:00:00+00:00, run_after=2024-09-30 00:00:00+00:00
[2024-09-30T14:17:31.516+0000] {processor.py:208} INFO - Processing /home/airflow/.local/lib/python3.12/site-packages/airflow/example_dags/example_nested_branch_dag.py took 0.072 seconds
[2024-09-30T14:18:03.537+0000] {processor.py:186} INFO - Started process (PID=88) to work on /home/airflow/.local/lib/python3.12/site-packages/airflow/example_dags/example_nested_branch_dag.py
[2024-09-30T14:18:03.538+0000] {processor.py:914} INFO - Processing file /home/airflow/.local/lib/python3.12/site-packages/airflow/example_dags/example_nested_branch_dag.py for tasks to queue
[2024-09-30T14:18:03.539+0000] {logging_mixin.py:190} INFO - [2024-09-30T14:18:03.539+0000] {dagbag.py:588} INFO - Filling up the DagBag from /home/airflow/.local/lib/python3.12/site-packages/airflow/example_dags/example_nested_branch_dag.py
[2024-09-30T14:18:03.548+0000] {processor.py:925} INFO - DAG(s) 'example_nested_branch_dag' retrieved from /home/airflow/.local/lib/python3.12/site-packages/airflow/example_dags/example_nested_branch_dag.py
[2024-09-30T14:18:03.566+0000] {logging_mixin.py:190} INFO - [2024-09-30T14:18:03.566+0000] {dag.py:3239} INFO - Sync 1 DAGs
[2024-09-30T14:18:03.585+0000] {logging_mixin.py:190} INFO - [2024-09-30T14:18:03.585+0000] {dag.py:4180} INFO - Setting next_dagrun for example_nested_branch_dag to 2024-09-29 00:00:00+00:00, run_after=2024-09-30 00:00:00+00:00
[2024-09-30T14:18:03.600+0000] {processor.py:208} INFO - Processing /home/airflow/.local/lib/python3.12/site-packages/airflow/example_dags/example_nested_branch_dag.py took 0.067 seconds
[2024-09-30T14:18:34.145+0000] {processor.py:186} INFO - Started process (PID=151) to work on /home/airflow/.local/lib/python3.12/site-packages/airflow/example_dags/example_nested_branch_dag.py
[2024-09-30T14:18:34.146+0000] {processor.py:914} INFO - Processing file /home/airflow/.local/lib/python3.12/site-packages/airflow/example_dags/example_nested_branch_dag.py for tasks to queue
[2024-09-30T14:18:34.147+0000] {logging_mixin.py:190} INFO - [2024-09-30T14:18:34.147+0000] {dagbag.py:588} INFO - Filling up the DagBag from /home/airflow/.local/lib/python3.12/site-packages/airflow/example_dags/example_nested_branch_dag.py
[2024-09-30T14:18:34.155+0000] {processor.py:925} INFO - DAG(s) 'example_nested_branch_dag' retrieved from /home/airflow/.local/lib/python3.12/site-packages/airflow/example_dags/example_nested_branch_dag.py
[2024-09-30T14:18:34.169+0000] {logging_mixin.py:190} INFO - [2024-09-30T14:18:34.169+0000] {dag.py:3239} INFO - Sync 1 DAGs
[2024-09-30T14:18:34.186+0000] {logging_mixin.py:190} INFO - [2024-09-30T14:18:34.185+0000] {dag.py:4180} INFO - Setting next_dagrun for example_nested_branch_dag to 2024-09-29 00:00:00+00:00, run_after=2024-09-30 00:00:00+00:00
[2024-09-30T14:18:34.199+0000] {processor.py:208} INFO - Processing /home/airflow/.local/lib/python3.12/site-packages/airflow/example_dags/example_nested_branch_dag.py took 0.057 seconds
[2024-09-30T14:19:04.676+0000] {processor.py:186} INFO - Started process (PID=214) to work on /home/airflow/.local/lib/python3.12/site-packages/airflow/example_dags/example_nested_branch_dag.py
[2024-09-30T14:19:04.677+0000] {processor.py:914} INFO - Processing file /home/airflow/.local/lib/python3.12/site-packages/airflow/example_dags/example_nested_branch_dag.py for tasks to queue
[2024-09-30T14:19:04.678+0000] {logging_mixin.py:190} INFO - [2024-09-30T14:19:04.677+0000] {dagbag.py:588} INFO - Filling up the DagBag from /home/airflow/.local/lib/python3.12/site-packages/airflow/example_dags/example_nested_branch_dag.py
[2024-09-30T14:19:04.685+0000] {processor.py:925} INFO - DAG(s) 'example_nested_branch_dag' retrieved from /home/airflow/.local/lib/python3.12/site-packages/airflow/example_dags/example_nested_branch_dag.py
[2024-09-30T14:19:04.699+0000] {logging_mixin.py:190} INFO - [2024-09-30T14:19:04.699+0000] {dag.py:3239} INFO - Sync 1 DAGs
[2024-09-30T14:19:04.716+0000] {logging_mixin.py:190} INFO - [2024-09-30T14:19:04.716+0000] {dag.py:4180} INFO - Setting next_dagrun for example_nested_branch_dag to 2024-09-29 00:00:00+00:00, run_after=2024-09-30 00:00:00+00:00
[2024-09-30T14:19:04.729+0000] {processor.py:208} INFO - Processing /home/airflow/.local/lib/python3.12/site-packages/airflow/example_dags/example_nested_branch_dag.py took 0.056 seconds
[2024-09-30T14:19:47.895+0000] {processor.py:186} INFO - Started process (PID=82) to work on /home/airflow/.local/lib/python3.12/site-packages/airflow/example_dags/example_nested_branch_dag.py
[2024-09-30T14:19:47.896+0000] {processor.py:914} INFO - Processing file /home/airflow/.local/lib/python3.12/site-packages/airflow/example_dags/example_nested_branch_dag.py for tasks to queue
[2024-09-30T14:19:47.898+0000] {logging_mixin.py:190} INFO - [2024-09-30T14:19:47.897+0000] {dagbag.py:588} INFO - Filling up the DagBag from /home/airflow/.local/lib/python3.12/site-packages/airflow/example_dags/example_nested_branch_dag.py
[2024-09-30T14:19:47.908+0000] {processor.py:925} INFO - DAG(s) 'example_nested_branch_dag' retrieved from /home/airflow/.local/lib/python3.12/site-packages/airflow/example_dags/example_nested_branch_dag.py
[2024-09-30T14:19:47.933+0000] {logging_mixin.py:190} INFO - [2024-09-30T14:19:47.932+0000] {dag.py:3239} INFO - Sync 1 DAGs
[2024-09-30T14:19:47.953+0000] {logging_mixin.py:190} INFO - [2024-09-30T14:19:47.953+0000] {dag.py:4180} INFO - Setting next_dagrun for example_nested_branch_dag to 2024-09-29 00:00:00+00:00, run_after=2024-09-30 00:00:00+00:00
[2024-09-30T14:19:47.970+0000] {processor.py:208} INFO - Processing /home/airflow/.local/lib/python3.12/site-packages/airflow/example_dags/example_nested_branch_dag.py took 0.078 seconds
[2024-09-30T14:20:18.775+0000] {processor.py:186} INFO - Started process (PID=151) to work on /home/airflow/.local/lib/python3.12/site-packages/airflow/example_dags/example_nested_branch_dag.py
[2024-09-30T14:20:18.775+0000] {processor.py:914} INFO - Processing file /home/airflow/.local/lib/python3.12/site-packages/airflow/example_dags/example_nested_branch_dag.py for tasks to queue
[2024-09-30T14:20:18.777+0000] {logging_mixin.py:190} INFO - [2024-09-30T14:20:18.777+0000] {dagbag.py:588} INFO - Filling up the DagBag from /home/airflow/.local/lib/python3.12/site-packages/airflow/example_dags/example_nested_branch_dag.py
[2024-09-30T14:20:18.784+0000] {processor.py:925} INFO - DAG(s) 'example_nested_branch_dag' retrieved from /home/airflow/.local/lib/python3.12/site-packages/airflow/example_dags/example_nested_branch_dag.py
[2024-09-30T14:20:18.799+0000] {logging_mixin.py:190} INFO - [2024-09-30T14:20:18.799+0000] {dag.py:3239} INFO - Sync 1 DAGs
[2024-09-30T14:20:18.816+0000] {logging_mixin.py:190} INFO - [2024-09-30T14:20:18.815+0000] {dag.py:4180} INFO - Setting next_dagrun for example_nested_branch_dag to 2024-09-29 00:00:00+00:00, run_after=2024-09-30 00:00:00+00:00
[2024-09-30T14:20:18.829+0000] {processor.py:208} INFO - Processing /home/airflow/.local/lib/python3.12/site-packages/airflow/example_dags/example_nested_branch_dag.py took 0.058 seconds
[2024-09-30T14:20:49.748+0000] {processor.py:186} INFO - Started process (PID=214) to work on /home/airflow/.local/lib/python3.12/site-packages/airflow/example_dags/example_nested_branch_dag.py
[2024-09-30T14:20:49.749+0000] {processor.py:914} INFO - Processing file /home/airflow/.local/lib/python3.12/site-packages/airflow/example_dags/example_nested_branch_dag.py for tasks to queue
[2024-09-30T14:20:49.750+0000] {logging_mixin.py:190} INFO - [2024-09-30T14:20:49.750+0000] {dagbag.py:588} INFO - Filling up the DagBag from /home/airflow/.local/lib/python3.12/site-packages/airflow/example_dags/example_nested_branch_dag.py
[2024-09-30T14:20:49.759+0000] {processor.py:925} INFO - DAG(s) 'example_nested_branch_dag' retrieved from /home/airflow/.local/lib/python3.12/site-packages/airflow/example_dags/example_nested_branch_dag.py
[2024-09-30T14:20:49.772+0000] {logging_mixin.py:190} INFO - [2024-09-30T14:20:49.772+0000] {dag.py:3239} INFO - Sync 1 DAGs
[2024-09-30T14:20:49.790+0000] {logging_mixin.py:190} INFO - [2024-09-30T14:20:49.790+0000] {dag.py:4180} INFO - Setting next_dagrun for example_nested_branch_dag to 2024-09-29 00:00:00+00:00, run_after=2024-09-30 00:00:00+00:00
[2024-09-30T14:20:49.804+0000] {processor.py:208} INFO - Processing /home/airflow/.local/lib/python3.12/site-packages/airflow/example_dags/example_nested_branch_dag.py took 0.059 seconds
[2024-09-30T14:21:20.733+0000] {processor.py:186} INFO - Started process (PID=277) to work on /home/airflow/.local/lib/python3.12/site-packages/airflow/example_dags/example_nested_branch_dag.py
[2024-09-30T14:21:20.734+0000] {processor.py:914} INFO - Processing file /home/airflow/.local/lib/python3.12/site-packages/airflow/example_dags/example_nested_branch_dag.py for tasks to queue
[2024-09-30T14:21:20.736+0000] {logging_mixin.py:190} INFO - [2024-09-30T14:21:20.735+0000] {dagbag.py:588} INFO - Filling up the DagBag from /home/airflow/.local/lib/python3.12/site-packages/airflow/example_dags/example_nested_branch_dag.py
[2024-09-30T14:21:20.742+0000] {processor.py:925} INFO - DAG(s) 'example_nested_branch_dag' retrieved from /home/airflow/.local/lib/python3.12/site-packages/airflow/example_dags/example_nested_branch_dag.py
[2024-09-30T14:21:20.755+0000] {logging_mixin.py:190} INFO - [2024-09-30T14:21:20.755+0000] {dag.py:3239} INFO - Sync 1 DAGs
[2024-09-30T14:21:20.771+0000] {logging_mixin.py:190} INFO - [2024-09-30T14:21:20.771+0000] {dag.py:4180} INFO - Setting next_dagrun for example_nested_branch_dag to 2024-09-29 00:00:00+00:00, run_after=2024-09-30 00:00:00+00:00
[2024-09-30T14:21:20.783+0000] {processor.py:208} INFO - Processing /home/airflow/.local/lib/python3.12/site-packages/airflow/example_dags/example_nested_branch_dag.py took 0.054 seconds
[2024-09-30T14:21:50.881+0000] {processor.py:186} INFO - Started process (PID=341) to work on /home/airflow/.local/lib/python3.12/site-packages/airflow/example_dags/example_nested_branch_dag.py
[2024-09-30T14:21:50.882+0000] {processor.py:914} INFO - Processing file /home/airflow/.local/lib/python3.12/site-packages/airflow/example_dags/example_nested_branch_dag.py for tasks to queue
[2024-09-30T14:21:50.883+0000] {logging_mixin.py:190} INFO - [2024-09-30T14:21:50.883+0000] {dagbag.py:588} INFO - Filling up the DagBag from /home/airflow/.local/lib/python3.12/site-packages/airflow/example_dags/example_nested_branch_dag.py
[2024-09-30T14:21:50.891+0000] {processor.py:925} INFO - DAG(s) 'example_nested_branch_dag' retrieved from /home/airflow/.local/lib/python3.12/site-packages/airflow/example_dags/example_nested_branch_dag.py
[2024-09-30T14:21:50.905+0000] {logging_mixin.py:190} INFO - [2024-09-30T14:21:50.905+0000] {dag.py:3239} INFO - Sync 1 DAGs
[2024-09-30T14:21:50.921+0000] {logging_mixin.py:190} INFO - [2024-09-30T14:21:50.921+0000] {dag.py:4180} INFO - Setting next_dagrun for example_nested_branch_dag to 2024-09-29 00:00:00+00:00, run_after=2024-09-30 00:00:00+00:00
[2024-09-30T14:21:50.934+0000] {processor.py:208} INFO - Processing /home/airflow/.local/lib/python3.12/site-packages/airflow/example_dags/example_nested_branch_dag.py took 0.057 seconds
[2024-09-30T14:22:21.622+0000] {processor.py:186} INFO - Started process (PID=403) to work on /home/airflow/.local/lib/python3.12/site-packages/airflow/example_dags/example_nested_branch_dag.py
[2024-09-30T14:22:21.623+0000] {processor.py:914} INFO - Processing file /home/airflow/.local/lib/python3.12/site-packages/airflow/example_dags/example_nested_branch_dag.py for tasks to queue
[2024-09-30T14:22:21.624+0000] {logging_mixin.py:190} INFO - [2024-09-30T14:22:21.624+0000] {dagbag.py:588} INFO - Filling up the DagBag from /home/airflow/.local/lib/python3.12/site-packages/airflow/example_dags/example_nested_branch_dag.py
[2024-09-30T14:22:21.632+0000] {processor.py:925} INFO - DAG(s) 'example_nested_branch_dag' retrieved from /home/airflow/.local/lib/python3.12/site-packages/airflow/example_dags/example_nested_branch_dag.py
[2024-09-30T14:22:21.646+0000] {logging_mixin.py:190} INFO - [2024-09-30T14:22:21.646+0000] {dag.py:3239} INFO - Sync 1 DAGs
[2024-09-30T14:22:21.663+0000] {logging_mixin.py:190} INFO - [2024-09-30T14:22:21.662+0000] {dag.py:4180} INFO - Setting next_dagrun for example_nested_branch_dag to 2024-09-29 00:00:00+00:00, run_after=2024-09-30 00:00:00+00:00
[2024-09-30T14:22:21.674+0000] {processor.py:208} INFO - Processing /home/airflow/.local/lib/python3.12/site-packages/airflow/example_dags/example_nested_branch_dag.py took 0.056 seconds
[2024-09-30T14:22:52.346+0000] {processor.py:186} INFO - Started process (PID=466) to work on /home/airflow/.local/lib/python3.12/site-packages/airflow/example_dags/example_nested_branch_dag.py
[2024-09-30T14:22:52.347+0000] {processor.py:914} INFO - Processing file /home/airflow/.local/lib/python3.12/site-packages/airflow/example_dags/example_nested_branch_dag.py for tasks to queue
[2024-09-30T14:22:52.348+0000] {logging_mixin.py:190} INFO - [2024-09-30T14:22:52.348+0000] {dagbag.py:588} INFO - Filling up the DagBag from /home/airflow/.local/lib/python3.12/site-packages/airflow/example_dags/example_nested_branch_dag.py
[2024-09-30T14:22:52.355+0000] {processor.py:925} INFO - DAG(s) 'example_nested_branch_dag' retrieved from /home/airflow/.local/lib/python3.12/site-packages/airflow/example_dags/example_nested_branch_dag.py
[2024-09-30T14:22:52.370+0000] {logging_mixin.py:190} INFO - [2024-09-30T14:22:52.370+0000] {dag.py:3239} INFO - Sync 1 DAGs
[2024-09-30T14:22:52.388+0000] {logging_mixin.py:190} INFO - [2024-09-30T14:22:52.388+0000] {dag.py:4180} INFO - Setting next_dagrun for example_nested_branch_dag to 2024-09-29 00:00:00+00:00, run_after=2024-09-30 00:00:00+00:00
[2024-09-30T14:22:52.400+0000] {processor.py:208} INFO - Processing /home/airflow/.local/lib/python3.12/site-packages/airflow/example_dags/example_nested_branch_dag.py took 0.058 seconds
[2024-09-30T14:23:23.019+0000] {processor.py:186} INFO - Started process (PID=529) to work on /home/airflow/.local/lib/python3.12/site-packages/airflow/example_dags/example_nested_branch_dag.py
[2024-09-30T14:23:23.020+0000] {processor.py:914} INFO - Processing file /home/airflow/.local/lib/python3.12/site-packages/airflow/example_dags/example_nested_branch_dag.py for tasks to queue
[2024-09-30T14:23:23.021+0000] {logging_mixin.py:190} INFO - [2024-09-30T14:23:23.021+0000] {dagbag.py:588} INFO - Filling up the DagBag from /home/airflow/.local/lib/python3.12/site-packages/airflow/example_dags/example_nested_branch_dag.py
[2024-09-30T14:23:23.028+0000] {processor.py:925} INFO - DAG(s) 'example_nested_branch_dag' retrieved from /home/airflow/.local/lib/python3.12/site-packages/airflow/example_dags/example_nested_branch_dag.py
[2024-09-30T14:23:23.042+0000] {logging_mixin.py:190} INFO - [2024-09-30T14:23:23.042+0000] {dag.py:3239} INFO - Sync 1 DAGs
[2024-09-30T14:23:23.057+0000] {logging_mixin.py:190} INFO - [2024-09-30T14:23:23.057+0000] {dag.py:4180} INFO - Setting next_dagrun for example_nested_branch_dag to 2024-09-29 00:00:00+00:00, run_after=2024-09-30 00:00:00+00:00
[2024-09-30T14:23:23.069+0000] {processor.py:208} INFO - Processing /home/airflow/.local/lib/python3.12/site-packages/airflow/example_dags/example_nested_branch_dag.py took 0.054 seconds
[2024-09-30T14:23:53.860+0000] {processor.py:186} INFO - Started process (PID=592) to work on /home/airflow/.local/lib/python3.12/site-packages/airflow/example_dags/example_nested_branch_dag.py
[2024-09-30T14:23:53.861+0000] {processor.py:914} INFO - Processing file /home/airflow/.local/lib/python3.12/site-packages/airflow/example_dags/example_nested_branch_dag.py for tasks to queue
[2024-09-30T14:23:53.863+0000] {logging_mixin.py:190} INFO - [2024-09-30T14:23:53.862+0000] {dagbag.py:588} INFO - Filling up the DagBag from /home/airflow/.local/lib/python3.12/site-packages/airflow/example_dags/example_nested_branch_dag.py
[2024-09-30T14:23:53.870+0000] {processor.py:925} INFO - DAG(s) 'example_nested_branch_dag' retrieved from /home/airflow/.local/lib/python3.12/site-packages/airflow/example_dags/example_nested_branch_dag.py
[2024-09-30T14:23:53.885+0000] {logging_mixin.py:190} INFO - [2024-09-30T14:23:53.885+0000] {dag.py:3239} INFO - Sync 1 DAGs
[2024-09-30T14:23:53.903+0000] {logging_mixin.py:190} INFO - [2024-09-30T14:23:53.903+0000] {dag.py:4180} INFO - Setting next_dagrun for example_nested_branch_dag to 2024-09-29 00:00:00+00:00, run_after=2024-09-30 00:00:00+00:00
[2024-09-30T14:23:53.918+0000] {processor.py:208} INFO - Processing /home/airflow/.local/lib/python3.12/site-packages/airflow/example_dags/example_nested_branch_dag.py took 0.061 seconds
[2024-09-30T14:24:24.499+0000] {processor.py:186} INFO - Started process (PID=655) to work on /home/airflow/.local/lib/python3.12/site-packages/airflow/example_dags/example_nested_branch_dag.py
[2024-09-30T14:24:24.499+0000] {processor.py:914} INFO - Processing file /home/airflow/.local/lib/python3.12/site-packages/airflow/example_dags/example_nested_branch_dag.py for tasks to queue
[2024-09-30T14:24:24.501+0000] {logging_mixin.py:190} INFO - [2024-09-30T14:24:24.501+0000] {dagbag.py:588} INFO - Filling up the DagBag from /home/airflow/.local/lib/python3.12/site-packages/airflow/example_dags/example_nested_branch_dag.py
[2024-09-30T14:24:24.508+0000] {processor.py:925} INFO - DAG(s) 'example_nested_branch_dag' retrieved from /home/airflow/.local/lib/python3.12/site-packages/airflow/example_dags/example_nested_branch_dag.py
[2024-09-30T14:24:24.523+0000] {logging_mixin.py:190} INFO - [2024-09-30T14:24:24.522+0000] {dag.py:3239} INFO - Sync 1 DAGs
[2024-09-30T14:24:24.542+0000] {logging_mixin.py:190} INFO - [2024-09-30T14:24:24.542+0000] {dag.py:4180} INFO - Setting next_dagrun for example_nested_branch_dag to 2024-09-29 00:00:00+00:00, run_after=2024-09-30 00:00:00+00:00
[2024-09-30T14:24:24.555+0000] {processor.py:208} INFO - Processing /home/airflow/.local/lib/python3.12/site-packages/airflow/example_dags/example_nested_branch_dag.py took 0.060 seconds
[2024-09-30T14:24:55.203+0000] {processor.py:186} INFO - Started process (PID=718) to work on /home/airflow/.local/lib/python3.12/site-packages/airflow/example_dags/example_nested_branch_dag.py
[2024-09-30T14:24:55.203+0000] {processor.py:914} INFO - Processing file /home/airflow/.local/lib/python3.12/site-packages/airflow/example_dags/example_nested_branch_dag.py for tasks to queue
[2024-09-30T14:24:55.205+0000] {logging_mixin.py:190} INFO - [2024-09-30T14:24:55.205+0000] {dagbag.py:588} INFO - Filling up the DagBag from /home/airflow/.local/lib/python3.12/site-packages/airflow/example_dags/example_nested_branch_dag.py
[2024-09-30T14:24:55.212+0000] {processor.py:925} INFO - DAG(s) 'example_nested_branch_dag' retrieved from /home/airflow/.local/lib/python3.12/site-packages/airflow/example_dags/example_nested_branch_dag.py
[2024-09-30T14:24:55.226+0000] {logging_mixin.py:190} INFO - [2024-09-30T14:24:55.226+0000] {dag.py:3239} INFO - Sync 1 DAGs
[2024-09-30T14:24:55.241+0000] {logging_mixin.py:190} INFO - [2024-09-30T14:24:55.241+0000] {dag.py:4180} INFO - Setting next_dagrun for example_nested_branch_dag to 2024-09-29 00:00:00+00:00, run_after=2024-09-30 00:00:00+00:00
[2024-09-30T14:24:55.252+0000] {processor.py:208} INFO - Processing /home/airflow/.local/lib/python3.12/site-packages/airflow/example_dags/example_nested_branch_dag.py took 0.053 seconds
[2024-09-30T14:25:25.866+0000] {processor.py:186} INFO - Started process (PID=781) to work on /home/airflow/.local/lib/python3.12/site-packages/airflow/example_dags/example_nested_branch_dag.py
[2024-09-30T14:25:25.867+0000] {processor.py:914} INFO - Processing file /home/airflow/.local/lib/python3.12/site-packages/airflow/example_dags/example_nested_branch_dag.py for tasks to queue
[2024-09-30T14:25:25.868+0000] {logging_mixin.py:190} INFO - [2024-09-30T14:25:25.868+0000] {dagbag.py:588} INFO - Filling up the DagBag from /home/airflow/.local/lib/python3.12/site-packages/airflow/example_dags/example_nested_branch_dag.py
[2024-09-30T14:25:25.876+0000] {processor.py:925} INFO - DAG(s) 'example_nested_branch_dag' retrieved from /home/airflow/.local/lib/python3.12/site-packages/airflow/example_dags/example_nested_branch_dag.py
[2024-09-30T14:25:25.891+0000] {logging_mixin.py:190} INFO - [2024-09-30T14:25:25.891+0000] {dag.py:3239} INFO - Sync 1 DAGs
[2024-09-30T14:25:25.908+0000] {logging_mixin.py:190} INFO - [2024-09-30T14:25:25.908+0000] {dag.py:4180} INFO - Setting next_dagrun for example_nested_branch_dag to 2024-09-29 00:00:00+00:00, run_after=2024-09-30 00:00:00+00:00
[2024-09-30T14:25:25.924+0000] {processor.py:208} INFO - Processing /home/airflow/.local/lib/python3.12/site-packages/airflow/example_dags/example_nested_branch_dag.py took 0.062 seconds
[2024-09-30T14:25:56.680+0000] {processor.py:186} INFO - Started process (PID=844) to work on /home/airflow/.local/lib/python3.12/site-packages/airflow/example_dags/example_nested_branch_dag.py
[2024-09-30T14:25:56.680+0000] {processor.py:914} INFO - Processing file /home/airflow/.local/lib/python3.12/site-packages/airflow/example_dags/example_nested_branch_dag.py for tasks to queue
[2024-09-30T14:25:56.682+0000] {logging_mixin.py:190} INFO - [2024-09-30T14:25:56.681+0000] {dagbag.py:588} INFO - Filling up the DagBag from /home/airflow/.local/lib/python3.12/site-packages/airflow/example_dags/example_nested_branch_dag.py
[2024-09-30T14:25:56.691+0000] {processor.py:925} INFO - DAG(s) 'example_nested_branch_dag' retrieved from /home/airflow/.local/lib/python3.12/site-packages/airflow/example_dags/example_nested_branch_dag.py
[2024-09-30T14:25:56.705+0000] {logging_mixin.py:190} INFO - [2024-09-30T14:25:56.704+0000] {dag.py:3239} INFO - Sync 1 DAGs
[2024-09-30T14:25:56.722+0000] {logging_mixin.py:190} INFO - [2024-09-30T14:25:56.721+0000] {dag.py:4180} INFO - Setting next_dagrun for example_nested_branch_dag to 2024-09-29 00:00:00+00:00, run_after=2024-09-30 00:00:00+00:00
[2024-09-30T14:25:56.734+0000] {processor.py:208} INFO - Processing /home/airflow/.local/lib/python3.12/site-packages/airflow/example_dags/example_nested_branch_dag.py took 0.058 seconds
[2024-09-30T14:26:27.644+0000] {processor.py:186} INFO - Started process (PID=907) to work on /home/airflow/.local/lib/python3.12/site-packages/airflow/example_dags/example_nested_branch_dag.py
[2024-09-30T14:26:27.644+0000] {processor.py:914} INFO - Processing file /home/airflow/.local/lib/python3.12/site-packages/airflow/example_dags/example_nested_branch_dag.py for tasks to queue
[2024-09-30T14:26:27.646+0000] {logging_mixin.py:190} INFO - [2024-09-30T14:26:27.645+0000] {dagbag.py:588} INFO - Filling up the DagBag from /home/airflow/.local/lib/python3.12/site-packages/airflow/example_dags/example_nested_branch_dag.py
[2024-09-30T14:26:27.653+0000] {processor.py:925} INFO - DAG(s) 'example_nested_branch_dag' retrieved from /home/airflow/.local/lib/python3.12/site-packages/airflow/example_dags/example_nested_branch_dag.py
[2024-09-30T14:26:27.667+0000] {logging_mixin.py:190} INFO - [2024-09-30T14:26:27.667+0000] {dag.py:3239} INFO - Sync 1 DAGs
[2024-09-30T14:26:27.684+0000] {logging_mixin.py:190} INFO - [2024-09-30T14:26:27.684+0000] {dag.py:4180} INFO - Setting next_dagrun for example_nested_branch_dag to 2024-09-29 00:00:00+00:00, run_after=2024-09-30 00:00:00+00:00
[2024-09-30T14:26:27.695+0000] {processor.py:208} INFO - Processing /home/airflow/.local/lib/python3.12/site-packages/airflow/example_dags/example_nested_branch_dag.py took 0.056 seconds
[2024-09-30T14:26:58.273+0000] {processor.py:186} INFO - Started process (PID=970) to work on /home/airflow/.local/lib/python3.12/site-packages/airflow/example_dags/example_nested_branch_dag.py
[2024-09-30T14:26:58.273+0000] {processor.py:914} INFO - Processing file /home/airflow/.local/lib/python3.12/site-packages/airflow/example_dags/example_nested_branch_dag.py for tasks to queue
[2024-09-30T14:26:58.275+0000] {logging_mixin.py:190} INFO - [2024-09-30T14:26:58.275+0000] {dagbag.py:588} INFO - Filling up the DagBag from /home/airflow/.local/lib/python3.12/site-packages/airflow/example_dags/example_nested_branch_dag.py
[2024-09-30T14:26:58.282+0000] {processor.py:925} INFO - DAG(s) 'example_nested_branch_dag' retrieved from /home/airflow/.local/lib/python3.12/site-packages/airflow/example_dags/example_nested_branch_dag.py
[2024-09-30T14:26:58.296+0000] {logging_mixin.py:190} INFO - [2024-09-30T14:26:58.296+0000] {dag.py:3239} INFO - Sync 1 DAGs
[2024-09-30T14:26:58.312+0000] {logging_mixin.py:190} INFO - [2024-09-30T14:26:58.312+0000] {dag.py:4180} INFO - Setting next_dagrun for example_nested_branch_dag to 2024-09-29 00:00:00+00:00, run_after=2024-09-30 00:00:00+00:00
[2024-09-30T14:26:58.323+0000] {processor.py:208} INFO - Processing /home/airflow/.local/lib/python3.12/site-packages/airflow/example_dags/example_nested_branch_dag.py took 0.054 seconds
[2024-09-30T14:27:28.868+0000] {processor.py:186} INFO - Started process (PID=1033) to work on /home/airflow/.local/lib/python3.12/site-packages/airflow/example_dags/example_nested_branch_dag.py
[2024-09-30T14:27:28.868+0000] {processor.py:914} INFO - Processing file /home/airflow/.local/lib/python3.12/site-packages/airflow/example_dags/example_nested_branch_dag.py for tasks to queue
[2024-09-30T14:27:28.870+0000] {logging_mixin.py:190} INFO - [2024-09-30T14:27:28.870+0000] {dagbag.py:588} INFO - Filling up the DagBag from /home/airflow/.local/lib/python3.12/site-packages/airflow/example_dags/example_nested_branch_dag.py
[2024-09-30T14:27:28.877+0000] {processor.py:925} INFO - DAG(s) 'example_nested_branch_dag' retrieved from /home/airflow/.local/lib/python3.12/site-packages/airflow/example_dags/example_nested_branch_dag.py
[2024-09-30T14:27:28.892+0000] {logging_mixin.py:190} INFO - [2024-09-30T14:27:28.891+0000] {dag.py:3239} INFO - Sync 1 DAGs
[2024-09-30T14:27:28.907+0000] {logging_mixin.py:190} INFO - [2024-09-30T14:27:28.907+0000] {dag.py:4180} INFO - Setting next_dagrun for example_nested_branch_dag to 2024-09-29 00:00:00+00:00, run_after=2024-09-30 00:00:00+00:00
[2024-09-30T14:27:28.919+0000] {processor.py:208} INFO - Processing /home/airflow/.local/lib/python3.12/site-packages/airflow/example_dags/example_nested_branch_dag.py took 0.055 seconds
[2024-09-30T14:27:59.457+0000] {processor.py:186} INFO - Started process (PID=1096) to work on /home/airflow/.local/lib/python3.12/site-packages/airflow/example_dags/example_nested_branch_dag.py
[2024-09-30T14:27:59.458+0000] {processor.py:914} INFO - Processing file /home/airflow/.local/lib/python3.12/site-packages/airflow/example_dags/example_nested_branch_dag.py for tasks to queue
[2024-09-30T14:27:59.460+0000] {logging_mixin.py:190} INFO - [2024-09-30T14:27:59.459+0000] {dagbag.py:588} INFO - Filling up the DagBag from /home/airflow/.local/lib/python3.12/site-packages/airflow/example_dags/example_nested_branch_dag.py
[2024-09-30T14:27:59.467+0000] {processor.py:925} INFO - DAG(s) 'example_nested_branch_dag' retrieved from /home/airflow/.local/lib/python3.12/site-packages/airflow/example_dags/example_nested_branch_dag.py
[2024-09-30T14:27:59.482+0000] {logging_mixin.py:190} INFO - [2024-09-30T14:27:59.482+0000] {dag.py:3239} INFO - Sync 1 DAGs
[2024-09-30T14:27:59.500+0000] {logging_mixin.py:190} INFO - [2024-09-30T14:27:59.500+0000] {dag.py:4180} INFO - Setting next_dagrun for example_nested_branch_dag to 2024-09-29 00:00:00+00:00, run_after=2024-09-30 00:00:00+00:00
[2024-09-30T14:27:59.515+0000] {processor.py:208} INFO - Processing /home/airflow/.local/lib/python3.12/site-packages/airflow/example_dags/example_nested_branch_dag.py took 0.061 seconds
[2024-09-30T14:28:30.219+0000] {processor.py:186} INFO - Started process (PID=1159) to work on /home/airflow/.local/lib/python3.12/site-packages/airflow/example_dags/example_nested_branch_dag.py
[2024-09-30T14:28:30.220+0000] {processor.py:914} INFO - Processing file /home/airflow/.local/lib/python3.12/site-packages/airflow/example_dags/example_nested_branch_dag.py for tasks to queue
[2024-09-30T14:28:30.221+0000] {logging_mixin.py:190} INFO - [2024-09-30T14:28:30.221+0000] {dagbag.py:588} INFO - Filling up the DagBag from /home/airflow/.local/lib/python3.12/site-packages/airflow/example_dags/example_nested_branch_dag.py
[2024-09-30T14:28:30.228+0000] {processor.py:925} INFO - DAG(s) 'example_nested_branch_dag' retrieved from /home/airflow/.local/lib/python3.12/site-packages/airflow/example_dags/example_nested_branch_dag.py
[2024-09-30T14:28:30.241+0000] {logging_mixin.py:190} INFO - [2024-09-30T14:28:30.241+0000] {dag.py:3239} INFO - Sync 1 DAGs
[2024-09-30T14:28:30.256+0000] {logging_mixin.py:190} INFO - [2024-09-30T14:28:30.256+0000] {dag.py:4180} INFO - Setting next_dagrun for example_nested_branch_dag to 2024-09-29 00:00:00+00:00, run_after=2024-09-30 00:00:00+00:00
[2024-09-30T14:28:30.268+0000] {processor.py:208} INFO - Processing /home/airflow/.local/lib/python3.12/site-packages/airflow/example_dags/example_nested_branch_dag.py took 0.052 seconds
[2024-09-30T14:29:00.927+0000] {processor.py:186} INFO - Started process (PID=1223) to work on /home/airflow/.local/lib/python3.12/site-packages/airflow/example_dags/example_nested_branch_dag.py
[2024-09-30T14:29:00.928+0000] {processor.py:914} INFO - Processing file /home/airflow/.local/lib/python3.12/site-packages/airflow/example_dags/example_nested_branch_dag.py for tasks to queue
[2024-09-30T14:29:00.929+0000] {logging_mixin.py:190} INFO - [2024-09-30T14:29:00.929+0000] {dagbag.py:588} INFO - Filling up the DagBag from /home/airflow/.local/lib/python3.12/site-packages/airflow/example_dags/example_nested_branch_dag.py
[2024-09-30T14:29:00.937+0000] {processor.py:925} INFO - DAG(s) 'example_nested_branch_dag' retrieved from /home/airflow/.local/lib/python3.12/site-packages/airflow/example_dags/example_nested_branch_dag.py
[2024-09-30T14:29:00.952+0000] {logging_mixin.py:190} INFO - [2024-09-30T14:29:00.952+0000] {dag.py:3239} INFO - Sync 1 DAGs
[2024-09-30T14:29:00.970+0000] {logging_mixin.py:190} INFO - [2024-09-30T14:29:00.970+0000] {dag.py:4180} INFO - Setting next_dagrun for example_nested_branch_dag to 2024-09-29 00:00:00+00:00, run_after=2024-09-30 00:00:00+00:00
[2024-09-30T14:29:00.981+0000] {processor.py:208} INFO - Processing /home/airflow/.local/lib/python3.12/site-packages/airflow/example_dags/example_nested_branch_dag.py took 0.058 seconds
[2024-09-30T14:29:32.431+0000] {processor.py:186} INFO - Started process (PID=1286) to work on /home/airflow/.local/lib/python3.12/site-packages/airflow/example_dags/example_nested_branch_dag.py
[2024-09-30T14:29:32.432+0000] {processor.py:914} INFO - Processing file /home/airflow/.local/lib/python3.12/site-packages/airflow/example_dags/example_nested_branch_dag.py for tasks to queue
[2024-09-30T14:29:32.433+0000] {logging_mixin.py:190} INFO - [2024-09-30T14:29:32.433+0000] {dagbag.py:588} INFO - Filling up the DagBag from /home/airflow/.local/lib/python3.12/site-packages/airflow/example_dags/example_nested_branch_dag.py
[2024-09-30T14:29:32.442+0000] {processor.py:925} INFO - DAG(s) 'example_nested_branch_dag' retrieved from /home/airflow/.local/lib/python3.12/site-packages/airflow/example_dags/example_nested_branch_dag.py
[2024-09-30T14:29:32.457+0000] {logging_mixin.py:190} INFO - [2024-09-30T14:29:32.457+0000] {dag.py:3239} INFO - Sync 1 DAGs
[2024-09-30T14:29:32.475+0000] {logging_mixin.py:190} INFO - [2024-09-30T14:29:32.474+0000] {dag.py:4180} INFO - Setting next_dagrun for example_nested_branch_dag to 2024-09-29 00:00:00+00:00, run_after=2024-09-30 00:00:00+00:00
[2024-09-30T14:29:32.487+0000] {processor.py:208} INFO - Processing /home/airflow/.local/lib/python3.12/site-packages/airflow/example_dags/example_nested_branch_dag.py took 0.060 seconds
[2024-09-30T14:29:54.202+0000] {processor.py:186} INFO - Started process (PID=82) to work on /home/airflow/.local/lib/python3.12/site-packages/airflow/example_dags/example_nested_branch_dag.py
[2024-09-30T14:29:54.203+0000] {processor.py:914} INFO - Processing file /home/airflow/.local/lib/python3.12/site-packages/airflow/example_dags/example_nested_branch_dag.py for tasks to queue
[2024-09-30T14:29:54.204+0000] {logging_mixin.py:190} INFO - [2024-09-30T14:29:54.204+0000] {dagbag.py:588} INFO - Filling up the DagBag from /home/airflow/.local/lib/python3.12/site-packages/airflow/example_dags/example_nested_branch_dag.py
[2024-09-30T14:29:54.212+0000] {processor.py:925} INFO - DAG(s) 'example_nested_branch_dag' retrieved from /home/airflow/.local/lib/python3.12/site-packages/airflow/example_dags/example_nested_branch_dag.py
[2024-09-30T14:29:54.229+0000] {logging_mixin.py:190} INFO - [2024-09-30T14:29:54.228+0000] {dag.py:3239} INFO - Sync 1 DAGs
[2024-09-30T14:29:54.246+0000] {logging_mixin.py:190} INFO - [2024-09-30T14:29:54.246+0000] {dag.py:4180} INFO - Setting next_dagrun for example_nested_branch_dag to 2024-09-29 00:00:00+00:00, run_after=2024-09-30 00:00:00+00:00
[2024-09-30T14:29:54.258+0000] {processor.py:208} INFO - Processing /home/airflow/.local/lib/python3.12/site-packages/airflow/example_dags/example_nested_branch_dag.py took 0.059 seconds
[2024-09-30T14:30:24.981+0000] {processor.py:186} INFO - Started process (PID=151) to work on /home/airflow/.local/lib/python3.12/site-packages/airflow/example_dags/example_nested_branch_dag.py
[2024-09-30T14:30:24.982+0000] {processor.py:914} INFO - Processing file /home/airflow/.local/lib/python3.12/site-packages/airflow/example_dags/example_nested_branch_dag.py for tasks to queue
[2024-09-30T14:30:24.983+0000] {logging_mixin.py:190} INFO - [2024-09-30T14:30:24.983+0000] {dagbag.py:588} INFO - Filling up the DagBag from /home/airflow/.local/lib/python3.12/site-packages/airflow/example_dags/example_nested_branch_dag.py
[2024-09-30T14:30:24.990+0000] {processor.py:925} INFO - DAG(s) 'example_nested_branch_dag' retrieved from /home/airflow/.local/lib/python3.12/site-packages/airflow/example_dags/example_nested_branch_dag.py
[2024-09-30T14:30:25.005+0000] {logging_mixin.py:190} INFO - [2024-09-30T14:30:25.005+0000] {dag.py:3239} INFO - Sync 1 DAGs
[2024-09-30T14:30:25.022+0000] {logging_mixin.py:190} INFO - [2024-09-30T14:30:25.022+0000] {dag.py:4180} INFO - Setting next_dagrun for example_nested_branch_dag to 2024-09-29 00:00:00+00:00, run_after=2024-09-30 00:00:00+00:00
[2024-09-30T14:30:25.036+0000] {processor.py:208} INFO - Processing /home/airflow/.local/lib/python3.12/site-packages/airflow/example_dags/example_nested_branch_dag.py took 0.060 seconds
[2024-09-30T14:30:55.780+0000] {processor.py:186} INFO - Started process (PID=214) to work on /home/airflow/.local/lib/python3.12/site-packages/airflow/example_dags/example_nested_branch_dag.py
[2024-09-30T14:30:55.781+0000] {processor.py:914} INFO - Processing file /home/airflow/.local/lib/python3.12/site-packages/airflow/example_dags/example_nested_branch_dag.py for tasks to queue
[2024-09-30T14:30:55.782+0000] {logging_mixin.py:190} INFO - [2024-09-30T14:30:55.782+0000] {dagbag.py:588} INFO - Filling up the DagBag from /home/airflow/.local/lib/python3.12/site-packages/airflow/example_dags/example_nested_branch_dag.py
[2024-09-30T14:30:55.789+0000] {processor.py:925} INFO - DAG(s) 'example_nested_branch_dag' retrieved from /home/airflow/.local/lib/python3.12/site-packages/airflow/example_dags/example_nested_branch_dag.py
[2024-09-30T14:30:55.802+0000] {logging_mixin.py:190} INFO - [2024-09-30T14:30:55.802+0000] {dag.py:3239} INFO - Sync 1 DAGs
[2024-09-30T14:30:55.817+0000] {logging_mixin.py:190} INFO - [2024-09-30T14:30:55.817+0000] {dag.py:4180} INFO - Setting next_dagrun for example_nested_branch_dag to 2024-09-29 00:00:00+00:00, run_after=2024-09-30 00:00:00+00:00
[2024-09-30T14:30:55.829+0000] {processor.py:208} INFO - Processing /home/airflow/.local/lib/python3.12/site-packages/airflow/example_dags/example_nested_branch_dag.py took 0.053 seconds
[2024-09-30T14:31:26.544+0000] {processor.py:186} INFO - Started process (PID=277) to work on /home/airflow/.local/lib/python3.12/site-packages/airflow/example_dags/example_nested_branch_dag.py
[2024-09-30T14:31:26.545+0000] {processor.py:914} INFO - Processing file /home/airflow/.local/lib/python3.12/site-packages/airflow/example_dags/example_nested_branch_dag.py for tasks to queue
[2024-09-30T14:31:26.546+0000] {logging_mixin.py:190} INFO - [2024-09-30T14:31:26.546+0000] {dagbag.py:588} INFO - Filling up the DagBag from /home/airflow/.local/lib/python3.12/site-packages/airflow/example_dags/example_nested_branch_dag.py
[2024-09-30T14:31:26.554+0000] {processor.py:925} INFO - DAG(s) 'example_nested_branch_dag' retrieved from /home/airflow/.local/lib/python3.12/site-packages/airflow/example_dags/example_nested_branch_dag.py
[2024-09-30T14:31:26.568+0000] {logging_mixin.py:190} INFO - [2024-09-30T14:31:26.568+0000] {dag.py:3239} INFO - Sync 1 DAGs
[2024-09-30T14:31:26.584+0000] {logging_mixin.py:190} INFO - [2024-09-30T14:31:26.584+0000] {dag.py:4180} INFO - Setting next_dagrun for example_nested_branch_dag to 2024-09-29 00:00:00+00:00, run_after=2024-09-30 00:00:00+00:00
[2024-09-30T14:31:26.598+0000] {processor.py:208} INFO - Processing /home/airflow/.local/lib/python3.12/site-packages/airflow/example_dags/example_nested_branch_dag.py took 0.057 seconds
[2024-09-30T14:31:57.201+0000] {processor.py:186} INFO - Started process (PID=340) to work on /home/airflow/.local/lib/python3.12/site-packages/airflow/example_dags/example_nested_branch_dag.py
[2024-09-30T14:31:57.202+0000] {processor.py:914} INFO - Processing file /home/airflow/.local/lib/python3.12/site-packages/airflow/example_dags/example_nested_branch_dag.py for tasks to queue
[2024-09-30T14:31:57.203+0000] {logging_mixin.py:190} INFO - [2024-09-30T14:31:57.203+0000] {dagbag.py:588} INFO - Filling up the DagBag from /home/airflow/.local/lib/python3.12/site-packages/airflow/example_dags/example_nested_branch_dag.py
[2024-09-30T14:31:57.211+0000] {processor.py:925} INFO - DAG(s) 'example_nested_branch_dag' retrieved from /home/airflow/.local/lib/python3.12/site-packages/airflow/example_dags/example_nested_branch_dag.py
[2024-09-30T14:31:57.224+0000] {logging_mixin.py:190} INFO - [2024-09-30T14:31:57.224+0000] {dag.py:3239} INFO - Sync 1 DAGs
[2024-09-30T14:31:57.241+0000] {logging_mixin.py:190} INFO - [2024-09-30T14:31:57.241+0000] {dag.py:4180} INFO - Setting next_dagrun for example_nested_branch_dag to 2024-09-29 00:00:00+00:00, run_after=2024-09-30 00:00:00+00:00
[2024-09-30T14:31:57.252+0000] {processor.py:208} INFO - Processing /home/airflow/.local/lib/python3.12/site-packages/airflow/example_dags/example_nested_branch_dag.py took 0.055 seconds
[2024-09-30T14:32:27.946+0000] {processor.py:186} INFO - Started process (PID=403) to work on /home/airflow/.local/lib/python3.12/site-packages/airflow/example_dags/example_nested_branch_dag.py
[2024-09-30T14:32:27.947+0000] {processor.py:914} INFO - Processing file /home/airflow/.local/lib/python3.12/site-packages/airflow/example_dags/example_nested_branch_dag.py for tasks to queue
[2024-09-30T14:32:27.948+0000] {logging_mixin.py:190} INFO - [2024-09-30T14:32:27.948+0000] {dagbag.py:588} INFO - Filling up the DagBag from /home/airflow/.local/lib/python3.12/site-packages/airflow/example_dags/example_nested_branch_dag.py
[2024-09-30T14:32:27.956+0000] {processor.py:925} INFO - DAG(s) 'example_nested_branch_dag' retrieved from /home/airflow/.local/lib/python3.12/site-packages/airflow/example_dags/example_nested_branch_dag.py
[2024-09-30T14:32:27.975+0000] {logging_mixin.py:190} INFO - [2024-09-30T14:32:27.975+0000] {dag.py:3239} INFO - Sync 1 DAGs
[2024-09-30T14:32:28.000+0000] {logging_mixin.py:190} INFO - [2024-09-30T14:32:28.000+0000] {dag.py:4180} INFO - Setting next_dagrun for example_nested_branch_dag to 2024-09-29 00:00:00+00:00, run_after=2024-09-30 00:00:00+00:00
[2024-09-30T14:32:28.018+0000] {processor.py:208} INFO - Processing /home/airflow/.local/lib/python3.12/site-packages/airflow/example_dags/example_nested_branch_dag.py took 0.076 seconds
[2024-09-30T14:32:58.639+0000] {processor.py:186} INFO - Started process (PID=466) to work on /home/airflow/.local/lib/python3.12/site-packages/airflow/example_dags/example_nested_branch_dag.py
[2024-09-30T14:32:58.640+0000] {processor.py:914} INFO - Processing file /home/airflow/.local/lib/python3.12/site-packages/airflow/example_dags/example_nested_branch_dag.py for tasks to queue
[2024-09-30T14:32:58.641+0000] {logging_mixin.py:190} INFO - [2024-09-30T14:32:58.641+0000] {dagbag.py:588} INFO - Filling up the DagBag from /home/airflow/.local/lib/python3.12/site-packages/airflow/example_dags/example_nested_branch_dag.py
[2024-09-30T14:32:58.649+0000] {processor.py:925} INFO - DAG(s) 'example_nested_branch_dag' retrieved from /home/airflow/.local/lib/python3.12/site-packages/airflow/example_dags/example_nested_branch_dag.py
[2024-09-30T14:32:58.663+0000] {logging_mixin.py:190} INFO - [2024-09-30T14:32:58.663+0000] {dag.py:3239} INFO - Sync 1 DAGs
[2024-09-30T14:32:58.680+0000] {logging_mixin.py:190} INFO - [2024-09-30T14:32:58.679+0000] {dag.py:4180} INFO - Setting next_dagrun for example_nested_branch_dag to 2024-09-29 00:00:00+00:00, run_after=2024-09-30 00:00:00+00:00
[2024-09-30T14:32:58.693+0000] {processor.py:208} INFO - Processing /home/airflow/.local/lib/python3.12/site-packages/airflow/example_dags/example_nested_branch_dag.py took 0.057 seconds
[2024-09-30T14:33:29.489+0000] {processor.py:186} INFO - Started process (PID=529) to work on /home/airflow/.local/lib/python3.12/site-packages/airflow/example_dags/example_nested_branch_dag.py
[2024-09-30T14:33:29.490+0000] {processor.py:914} INFO - Processing file /home/airflow/.local/lib/python3.12/site-packages/airflow/example_dags/example_nested_branch_dag.py for tasks to queue
[2024-09-30T14:33:29.491+0000] {logging_mixin.py:190} INFO - [2024-09-30T14:33:29.491+0000] {dagbag.py:588} INFO - Filling up the DagBag from /home/airflow/.local/lib/python3.12/site-packages/airflow/example_dags/example_nested_branch_dag.py
[2024-09-30T14:33:29.499+0000] {processor.py:925} INFO - DAG(s) 'example_nested_branch_dag' retrieved from /home/airflow/.local/lib/python3.12/site-packages/airflow/example_dags/example_nested_branch_dag.py
[2024-09-30T14:33:29.515+0000] {logging_mixin.py:190} INFO - [2024-09-30T14:33:29.514+0000] {dag.py:3239} INFO - Sync 1 DAGs
[2024-09-30T14:33:29.533+0000] {logging_mixin.py:190} INFO - [2024-09-30T14:33:29.533+0000] {dag.py:4180} INFO - Setting next_dagrun for example_nested_branch_dag to 2024-09-29 00:00:00+00:00, run_after=2024-09-30 00:00:00+00:00
[2024-09-30T14:33:29.547+0000] {processor.py:208} INFO - Processing /home/airflow/.local/lib/python3.12/site-packages/airflow/example_dags/example_nested_branch_dag.py took 0.061 seconds
[2024-09-30T14:34:00.741+0000] {processor.py:186} INFO - Started process (PID=592) to work on /home/airflow/.local/lib/python3.12/site-packages/airflow/example_dags/example_nested_branch_dag.py
[2024-09-30T14:34:00.742+0000] {processor.py:914} INFO - Processing file /home/airflow/.local/lib/python3.12/site-packages/airflow/example_dags/example_nested_branch_dag.py for tasks to queue
[2024-09-30T14:34:00.744+0000] {logging_mixin.py:190} INFO - [2024-09-30T14:34:00.743+0000] {dagbag.py:588} INFO - Filling up the DagBag from /home/airflow/.local/lib/python3.12/site-packages/airflow/example_dags/example_nested_branch_dag.py
[2024-09-30T14:34:00.751+0000] {processor.py:925} INFO - DAG(s) 'example_nested_branch_dag' retrieved from /home/airflow/.local/lib/python3.12/site-packages/airflow/example_dags/example_nested_branch_dag.py
[2024-09-30T14:34:00.764+0000] {logging_mixin.py:190} INFO - [2024-09-30T14:34:00.764+0000] {dag.py:3239} INFO - Sync 1 DAGs
[2024-09-30T14:34:00.780+0000] {logging_mixin.py:190} INFO - [2024-09-30T14:34:00.780+0000] {dag.py:4180} INFO - Setting next_dagrun for example_nested_branch_dag to 2024-09-29 00:00:00+00:00, run_after=2024-09-30 00:00:00+00:00
[2024-09-30T14:34:00.793+0000] {processor.py:208} INFO - Processing /home/airflow/.local/lib/python3.12/site-packages/airflow/example_dags/example_nested_branch_dag.py took 0.055 seconds
[2024-09-30T14:34:32.005+0000] {processor.py:186} INFO - Started process (PID=655) to work on /home/airflow/.local/lib/python3.12/site-packages/airflow/example_dags/example_nested_branch_dag.py
[2024-09-30T14:34:32.006+0000] {processor.py:914} INFO - Processing file /home/airflow/.local/lib/python3.12/site-packages/airflow/example_dags/example_nested_branch_dag.py for tasks to queue
[2024-09-30T14:34:32.008+0000] {logging_mixin.py:190} INFO - [2024-09-30T14:34:32.008+0000] {dagbag.py:588} INFO - Filling up the DagBag from /home/airflow/.local/lib/python3.12/site-packages/airflow/example_dags/example_nested_branch_dag.py
[2024-09-30T14:34:32.015+0000] {processor.py:925} INFO - DAG(s) 'example_nested_branch_dag' retrieved from /home/airflow/.local/lib/python3.12/site-packages/airflow/example_dags/example_nested_branch_dag.py
[2024-09-30T14:34:32.030+0000] {logging_mixin.py:190} INFO - [2024-09-30T14:34:32.030+0000] {dag.py:3239} INFO - Sync 1 DAGs
[2024-09-30T14:34:32.048+0000] {logging_mixin.py:190} INFO - [2024-09-30T14:34:32.048+0000] {dag.py:4180} INFO - Setting next_dagrun for example_nested_branch_dag to 2024-09-29 00:00:00+00:00, run_after=2024-09-30 00:00:00+00:00
[2024-09-30T14:34:32.063+0000] {processor.py:208} INFO - Processing /home/airflow/.local/lib/python3.12/site-packages/airflow/example_dags/example_nested_branch_dag.py took 0.061 seconds
[2024-09-30T14:35:02.824+0000] {processor.py:186} INFO - Started process (PID=718) to work on /home/airflow/.local/lib/python3.12/site-packages/airflow/example_dags/example_nested_branch_dag.py
[2024-09-30T14:35:02.825+0000] {processor.py:914} INFO - Processing file /home/airflow/.local/lib/python3.12/site-packages/airflow/example_dags/example_nested_branch_dag.py for tasks to queue
[2024-09-30T14:35:02.827+0000] {logging_mixin.py:190} INFO - [2024-09-30T14:35:02.827+0000] {dagbag.py:588} INFO - Filling up the DagBag from /home/airflow/.local/lib/python3.12/site-packages/airflow/example_dags/example_nested_branch_dag.py
[2024-09-30T14:35:02.834+0000] {processor.py:925} INFO - DAG(s) 'example_nested_branch_dag' retrieved from /home/airflow/.local/lib/python3.12/site-packages/airflow/example_dags/example_nested_branch_dag.py
[2024-09-30T14:35:02.848+0000] {logging_mixin.py:190} INFO - [2024-09-30T14:35:02.848+0000] {dag.py:3239} INFO - Sync 1 DAGs
[2024-09-30T14:35:02.866+0000] {logging_mixin.py:190} INFO - [2024-09-30T14:35:02.865+0000] {dag.py:4180} INFO - Setting next_dagrun for example_nested_branch_dag to 2024-09-29 00:00:00+00:00, run_after=2024-09-30 00:00:00+00:00
[2024-09-30T14:35:02.878+0000] {processor.py:208} INFO - Processing /home/airflow/.local/lib/python3.12/site-packages/airflow/example_dags/example_nested_branch_dag.py took 0.057 seconds
[2024-09-30T14:35:33.475+0000] {processor.py:186} INFO - Started process (PID=781) to work on /home/airflow/.local/lib/python3.12/site-packages/airflow/example_dags/example_nested_branch_dag.py
[2024-09-30T14:35:33.475+0000] {processor.py:914} INFO - Processing file /home/airflow/.local/lib/python3.12/site-packages/airflow/example_dags/example_nested_branch_dag.py for tasks to queue
[2024-09-30T14:35:33.477+0000] {logging_mixin.py:190} INFO - [2024-09-30T14:35:33.477+0000] {dagbag.py:588} INFO - Filling up the DagBag from /home/airflow/.local/lib/python3.12/site-packages/airflow/example_dags/example_nested_branch_dag.py
[2024-09-30T14:35:33.484+0000] {processor.py:925} INFO - DAG(s) 'example_nested_branch_dag' retrieved from /home/airflow/.local/lib/python3.12/site-packages/airflow/example_dags/example_nested_branch_dag.py
[2024-09-30T14:35:33.499+0000] {logging_mixin.py:190} INFO - [2024-09-30T14:35:33.499+0000] {dag.py:3239} INFO - Sync 1 DAGs
[2024-09-30T14:35:33.517+0000] {logging_mixin.py:190} INFO - [2024-09-30T14:35:33.517+0000] {dag.py:4180} INFO - Setting next_dagrun for example_nested_branch_dag to 2024-09-29 00:00:00+00:00, run_after=2024-09-30 00:00:00+00:00
[2024-09-30T14:35:33.531+0000] {processor.py:208} INFO - Processing /home/airflow/.local/lib/python3.12/site-packages/airflow/example_dags/example_nested_branch_dag.py took 0.060 seconds
[2024-09-30T14:36:04.244+0000] {processor.py:186} INFO - Started process (PID=844) to work on /home/airflow/.local/lib/python3.12/site-packages/airflow/example_dags/example_nested_branch_dag.py
[2024-09-30T14:36:04.245+0000] {processor.py:914} INFO - Processing file /home/airflow/.local/lib/python3.12/site-packages/airflow/example_dags/example_nested_branch_dag.py for tasks to queue
[2024-09-30T14:36:04.247+0000] {logging_mixin.py:190} INFO - [2024-09-30T14:36:04.247+0000] {dagbag.py:588} INFO - Filling up the DagBag from /home/airflow/.local/lib/python3.12/site-packages/airflow/example_dags/example_nested_branch_dag.py
[2024-09-30T14:36:04.255+0000] {processor.py:925} INFO - DAG(s) 'example_nested_branch_dag' retrieved from /home/airflow/.local/lib/python3.12/site-packages/airflow/example_dags/example_nested_branch_dag.py
[2024-09-30T14:36:04.271+0000] {logging_mixin.py:190} INFO - [2024-09-30T14:36:04.270+0000] {dag.py:3239} INFO - Sync 1 DAGs
[2024-09-30T14:36:04.289+0000] {logging_mixin.py:190} INFO - [2024-09-30T14:36:04.289+0000] {dag.py:4180} INFO - Setting next_dagrun for example_nested_branch_dag to 2024-09-29 00:00:00+00:00, run_after=2024-09-30 00:00:00+00:00
[2024-09-30T14:36:04.303+0000] {processor.py:208} INFO - Processing /home/airflow/.local/lib/python3.12/site-packages/airflow/example_dags/example_nested_branch_dag.py took 0.063 seconds
[2024-09-30T14:36:42.232+0000] {processor.py:186} INFO - Started process (PID=88) to work on /home/airflow/.local/lib/python3.12/site-packages/airflow/example_dags/example_nested_branch_dag.py
[2024-09-30T14:36:42.233+0000] {processor.py:914} INFO - Processing file /home/airflow/.local/lib/python3.12/site-packages/airflow/example_dags/example_nested_branch_dag.py for tasks to queue
[2024-09-30T14:36:42.234+0000] {logging_mixin.py:190} INFO - [2024-09-30T14:36:42.234+0000] {dagbag.py:588} INFO - Filling up the DagBag from /home/airflow/.local/lib/python3.12/site-packages/airflow/example_dags/example_nested_branch_dag.py
[2024-09-30T14:36:42.241+0000] {processor.py:925} INFO - DAG(s) 'example_nested_branch_dag' retrieved from /home/airflow/.local/lib/python3.12/site-packages/airflow/example_dags/example_nested_branch_dag.py
[2024-09-30T14:36:42.262+0000] {logging_mixin.py:190} INFO - [2024-09-30T14:36:42.262+0000] {dag.py:3239} INFO - Sync 1 DAGs
[2024-09-30T14:36:42.282+0000] {logging_mixin.py:190} INFO - [2024-09-30T14:36:42.282+0000] {dag.py:4180} INFO - Setting next_dagrun for example_nested_branch_dag to 2024-09-29 00:00:00+00:00, run_after=2024-09-30 00:00:00+00:00
[2024-09-30T14:36:42.297+0000] {processor.py:208} INFO - Processing /home/airflow/.local/lib/python3.12/site-packages/airflow/example_dags/example_nested_branch_dag.py took 0.069 seconds
[2024-09-30T14:37:12.983+0000] {processor.py:186} INFO - Started process (PID=151) to work on /home/airflow/.local/lib/python3.12/site-packages/airflow/example_dags/example_nested_branch_dag.py
[2024-09-30T14:37:12.984+0000] {processor.py:914} INFO - Processing file /home/airflow/.local/lib/python3.12/site-packages/airflow/example_dags/example_nested_branch_dag.py for tasks to queue
[2024-09-30T14:37:12.985+0000] {logging_mixin.py:190} INFO - [2024-09-30T14:37:12.985+0000] {dagbag.py:588} INFO - Filling up the DagBag from /home/airflow/.local/lib/python3.12/site-packages/airflow/example_dags/example_nested_branch_dag.py
[2024-09-30T14:37:12.993+0000] {processor.py:925} INFO - DAG(s) 'example_nested_branch_dag' retrieved from /home/airflow/.local/lib/python3.12/site-packages/airflow/example_dags/example_nested_branch_dag.py
[2024-09-30T14:37:13.007+0000] {logging_mixin.py:190} INFO - [2024-09-30T14:37:13.007+0000] {dag.py:3239} INFO - Sync 1 DAGs
[2024-09-30T14:37:13.025+0000] {logging_mixin.py:190} INFO - [2024-09-30T14:37:13.025+0000] {dag.py:4180} INFO - Setting next_dagrun for example_nested_branch_dag to 2024-09-29 00:00:00+00:00, run_after=2024-09-30 00:00:00+00:00
[2024-09-30T14:37:13.038+0000] {processor.py:208} INFO - Processing /home/airflow/.local/lib/python3.12/site-packages/airflow/example_dags/example_nested_branch_dag.py took 0.058 seconds
[2024-09-30T14:37:43.944+0000] {processor.py:186} INFO - Started process (PID=214) to work on /home/airflow/.local/lib/python3.12/site-packages/airflow/example_dags/example_nested_branch_dag.py
[2024-09-30T14:37:43.945+0000] {processor.py:914} INFO - Processing file /home/airflow/.local/lib/python3.12/site-packages/airflow/example_dags/example_nested_branch_dag.py for tasks to queue
[2024-09-30T14:37:43.946+0000] {logging_mixin.py:190} INFO - [2024-09-30T14:37:43.946+0000] {dagbag.py:588} INFO - Filling up the DagBag from /home/airflow/.local/lib/python3.12/site-packages/airflow/example_dags/example_nested_branch_dag.py
[2024-09-30T14:37:43.956+0000] {processor.py:925} INFO - DAG(s) 'example_nested_branch_dag' retrieved from /home/airflow/.local/lib/python3.12/site-packages/airflow/example_dags/example_nested_branch_dag.py
[2024-09-30T14:37:43.973+0000] {logging_mixin.py:190} INFO - [2024-09-30T14:37:43.973+0000] {dag.py:3239} INFO - Sync 1 DAGs
[2024-09-30T14:37:43.990+0000] {logging_mixin.py:190} INFO - [2024-09-30T14:37:43.990+0000] {dag.py:4180} INFO - Setting next_dagrun for example_nested_branch_dag to 2024-09-29 00:00:00+00:00, run_after=2024-09-30 00:00:00+00:00
[2024-09-30T14:37:44.003+0000] {processor.py:208} INFO - Processing /home/airflow/.local/lib/python3.12/site-packages/airflow/example_dags/example_nested_branch_dag.py took 0.063 seconds
[2024-09-30T14:38:14.716+0000] {processor.py:186} INFO - Started process (PID=277) to work on /home/airflow/.local/lib/python3.12/site-packages/airflow/example_dags/example_nested_branch_dag.py
[2024-09-30T14:38:14.717+0000] {processor.py:914} INFO - Processing file /home/airflow/.local/lib/python3.12/site-packages/airflow/example_dags/example_nested_branch_dag.py for tasks to queue
[2024-09-30T14:38:14.719+0000] {logging_mixin.py:190} INFO - [2024-09-30T14:38:14.718+0000] {dagbag.py:588} INFO - Filling up the DagBag from /home/airflow/.local/lib/python3.12/site-packages/airflow/example_dags/example_nested_branch_dag.py
[2024-09-30T14:38:14.726+0000] {processor.py:925} INFO - DAG(s) 'example_nested_branch_dag' retrieved from /home/airflow/.local/lib/python3.12/site-packages/airflow/example_dags/example_nested_branch_dag.py
[2024-09-30T14:38:14.738+0000] {logging_mixin.py:190} INFO - [2024-09-30T14:38:14.738+0000] {dag.py:3239} INFO - Sync 1 DAGs
[2024-09-30T14:38:14.755+0000] {logging_mixin.py:190} INFO - [2024-09-30T14:38:14.754+0000] {dag.py:4180} INFO - Setting next_dagrun for example_nested_branch_dag to 2024-09-29 00:00:00+00:00, run_after=2024-09-30 00:00:00+00:00
[2024-09-30T14:38:14.767+0000] {processor.py:208} INFO - Processing /home/airflow/.local/lib/python3.12/site-packages/airflow/example_dags/example_nested_branch_dag.py took 0.054 seconds
[2024-09-30T14:38:45.372+0000] {processor.py:186} INFO - Started process (PID=340) to work on /home/airflow/.local/lib/python3.12/site-packages/airflow/example_dags/example_nested_branch_dag.py
[2024-09-30T14:38:45.373+0000] {processor.py:914} INFO - Processing file /home/airflow/.local/lib/python3.12/site-packages/airflow/example_dags/example_nested_branch_dag.py for tasks to queue
[2024-09-30T14:38:45.376+0000] {logging_mixin.py:190} INFO - [2024-09-30T14:38:45.376+0000] {dagbag.py:588} INFO - Filling up the DagBag from /home/airflow/.local/lib/python3.12/site-packages/airflow/example_dags/example_nested_branch_dag.py
[2024-09-30T14:38:45.384+0000] {processor.py:925} INFO - DAG(s) 'example_nested_branch_dag' retrieved from /home/airflow/.local/lib/python3.12/site-packages/airflow/example_dags/example_nested_branch_dag.py
[2024-09-30T14:38:45.406+0000] {logging_mixin.py:190} INFO - [2024-09-30T14:38:45.405+0000] {dag.py:3239} INFO - Sync 1 DAGs
[2024-09-30T14:38:45.431+0000] {logging_mixin.py:190} INFO - [2024-09-30T14:38:45.431+0000] {dag.py:4180} INFO - Setting next_dagrun for example_nested_branch_dag to 2024-09-29 00:00:00+00:00, run_after=2024-09-30 00:00:00+00:00
[2024-09-30T14:38:45.447+0000] {processor.py:208} INFO - Processing /home/airflow/.local/lib/python3.12/site-packages/airflow/example_dags/example_nested_branch_dag.py took 0.080 seconds
[2024-09-30T14:39:16.124+0000] {processor.py:186} INFO - Started process (PID=403) to work on /home/airflow/.local/lib/python3.12/site-packages/airflow/example_dags/example_nested_branch_dag.py
[2024-09-30T14:39:16.125+0000] {processor.py:914} INFO - Processing file /home/airflow/.local/lib/python3.12/site-packages/airflow/example_dags/example_nested_branch_dag.py for tasks to queue
[2024-09-30T14:39:16.127+0000] {logging_mixin.py:190} INFO - [2024-09-30T14:39:16.126+0000] {dagbag.py:588} INFO - Filling up the DagBag from /home/airflow/.local/lib/python3.12/site-packages/airflow/example_dags/example_nested_branch_dag.py
[2024-09-30T14:39:16.135+0000] {processor.py:925} INFO - DAG(s) 'example_nested_branch_dag' retrieved from /home/airflow/.local/lib/python3.12/site-packages/airflow/example_dags/example_nested_branch_dag.py
[2024-09-30T14:39:16.149+0000] {logging_mixin.py:190} INFO - [2024-09-30T14:39:16.149+0000] {dag.py:3239} INFO - Sync 1 DAGs
[2024-09-30T14:39:16.165+0000] {logging_mixin.py:190} INFO - [2024-09-30T14:39:16.165+0000] {dag.py:4180} INFO - Setting next_dagrun for example_nested_branch_dag to 2024-09-29 00:00:00+00:00, run_after=2024-09-30 00:00:00+00:00
[2024-09-30T14:39:16.177+0000] {processor.py:208} INFO - Processing /home/airflow/.local/lib/python3.12/site-packages/airflow/example_dags/example_nested_branch_dag.py took 0.058 seconds
[2024-09-30T14:39:42.985+0000] {processor.py:186} INFO - Started process (PID=88) to work on /home/airflow/.local/lib/python3.12/site-packages/airflow/example_dags/example_nested_branch_dag.py
[2024-09-30T14:39:42.986+0000] {processor.py:914} INFO - Processing file /home/airflow/.local/lib/python3.12/site-packages/airflow/example_dags/example_nested_branch_dag.py for tasks to queue
[2024-09-30T14:39:42.988+0000] {logging_mixin.py:190} INFO - [2024-09-30T14:39:42.988+0000] {dagbag.py:588} INFO - Filling up the DagBag from /home/airflow/.local/lib/python3.12/site-packages/airflow/example_dags/example_nested_branch_dag.py
[2024-09-30T14:39:42.997+0000] {processor.py:925} INFO - DAG(s) 'example_nested_branch_dag' retrieved from /home/airflow/.local/lib/python3.12/site-packages/airflow/example_dags/example_nested_branch_dag.py
[2024-09-30T14:39:43.014+0000] {logging_mixin.py:190} INFO - [2024-09-30T14:39:43.014+0000] {dag.py:3239} INFO - Sync 1 DAGs
[2024-09-30T14:39:43.034+0000] {logging_mixin.py:190} INFO - [2024-09-30T14:39:43.033+0000] {dag.py:4180} INFO - Setting next_dagrun for example_nested_branch_dag to 2024-09-29 00:00:00+00:00, run_after=2024-09-30 00:00:00+00:00
[2024-09-30T14:39:43.049+0000] {processor.py:208} INFO - Processing /home/airflow/.local/lib/python3.12/site-packages/airflow/example_dags/example_nested_branch_dag.py took 0.067 seconds
[2024-09-30T14:40:13.903+0000] {processor.py:186} INFO - Started process (PID=151) to work on /home/airflow/.local/lib/python3.12/site-packages/airflow/example_dags/example_nested_branch_dag.py
[2024-09-30T14:40:13.904+0000] {processor.py:914} INFO - Processing file /home/airflow/.local/lib/python3.12/site-packages/airflow/example_dags/example_nested_branch_dag.py for tasks to queue
[2024-09-30T14:40:13.905+0000] {logging_mixin.py:190} INFO - [2024-09-30T14:40:13.905+0000] {dagbag.py:588} INFO - Filling up the DagBag from /home/airflow/.local/lib/python3.12/site-packages/airflow/example_dags/example_nested_branch_dag.py
[2024-09-30T14:40:13.912+0000] {processor.py:925} INFO - DAG(s) 'example_nested_branch_dag' retrieved from /home/airflow/.local/lib/python3.12/site-packages/airflow/example_dags/example_nested_branch_dag.py
[2024-09-30T14:40:13.927+0000] {logging_mixin.py:190} INFO - [2024-09-30T14:40:13.927+0000] {dag.py:3239} INFO - Sync 1 DAGs
[2024-09-30T14:40:13.945+0000] {logging_mixin.py:190} INFO - [2024-09-30T14:40:13.945+0000] {dag.py:4180} INFO - Setting next_dagrun for example_nested_branch_dag to 2024-09-29 00:00:00+00:00, run_after=2024-09-30 00:00:00+00:00
[2024-09-30T14:40:13.958+0000] {processor.py:208} INFO - Processing /home/airflow/.local/lib/python3.12/site-packages/airflow/example_dags/example_nested_branch_dag.py took 0.059 seconds
[2024-09-30T14:40:44.617+0000] {processor.py:186} INFO - Started process (PID=214) to work on /home/airflow/.local/lib/python3.12/site-packages/airflow/example_dags/example_nested_branch_dag.py
[2024-09-30T14:40:44.617+0000] {processor.py:914} INFO - Processing file /home/airflow/.local/lib/python3.12/site-packages/airflow/example_dags/example_nested_branch_dag.py for tasks to queue
[2024-09-30T14:40:44.619+0000] {logging_mixin.py:190} INFO - [2024-09-30T14:40:44.619+0000] {dagbag.py:588} INFO - Filling up the DagBag from /home/airflow/.local/lib/python3.12/site-packages/airflow/example_dags/example_nested_branch_dag.py
[2024-09-30T14:40:44.626+0000] {processor.py:925} INFO - DAG(s) 'example_nested_branch_dag' retrieved from /home/airflow/.local/lib/python3.12/site-packages/airflow/example_dags/example_nested_branch_dag.py
[2024-09-30T14:40:44.641+0000] {logging_mixin.py:190} INFO - [2024-09-30T14:40:44.641+0000] {dag.py:3239} INFO - Sync 1 DAGs
[2024-09-30T14:40:44.657+0000] {logging_mixin.py:190} INFO - [2024-09-30T14:40:44.657+0000] {dag.py:4180} INFO - Setting next_dagrun for example_nested_branch_dag to 2024-09-29 00:00:00+00:00, run_after=2024-09-30 00:00:00+00:00
[2024-09-30T14:40:44.670+0000] {processor.py:208} INFO - Processing /home/airflow/.local/lib/python3.12/site-packages/airflow/example_dags/example_nested_branch_dag.py took 0.057 seconds
[2024-09-30T14:41:15.490+0000] {processor.py:186} INFO - Started process (PID=277) to work on /home/airflow/.local/lib/python3.12/site-packages/airflow/example_dags/example_nested_branch_dag.py
[2024-09-30T14:41:15.491+0000] {processor.py:914} INFO - Processing file /home/airflow/.local/lib/python3.12/site-packages/airflow/example_dags/example_nested_branch_dag.py for tasks to queue
[2024-09-30T14:41:15.492+0000] {logging_mixin.py:190} INFO - [2024-09-30T14:41:15.492+0000] {dagbag.py:588} INFO - Filling up the DagBag from /home/airflow/.local/lib/python3.12/site-packages/airflow/example_dags/example_nested_branch_dag.py
[2024-09-30T14:41:15.500+0000] {processor.py:925} INFO - DAG(s) 'example_nested_branch_dag' retrieved from /home/airflow/.local/lib/python3.12/site-packages/airflow/example_dags/example_nested_branch_dag.py
[2024-09-30T14:41:15.515+0000] {logging_mixin.py:190} INFO - [2024-09-30T14:41:15.515+0000] {dag.py:3239} INFO - Sync 1 DAGs
[2024-09-30T14:41:15.533+0000] {logging_mixin.py:190} INFO - [2024-09-30T14:41:15.532+0000] {dag.py:4180} INFO - Setting next_dagrun for example_nested_branch_dag to 2024-09-29 00:00:00+00:00, run_after=2024-09-30 00:00:00+00:00
[2024-09-30T14:41:15.546+0000] {processor.py:208} INFO - Processing /home/airflow/.local/lib/python3.12/site-packages/airflow/example_dags/example_nested_branch_dag.py took 0.059 seconds
