[2024-09-30T14:12:30.198+0000] {processor.py:186} INFO - Started process (PID=96) to work on /home/airflow/.local/lib/python3.12/site-packages/airflow/example_dags/example_complex.py
[2024-09-30T14:12:30.199+0000] {processor.py:914} INFO - Processing file /home/airflow/.local/lib/python3.12/site-packages/airflow/example_dags/example_complex.py for tasks to queue
[2024-09-30T14:12:30.201+0000] {logging_mixin.py:190} INFO - [2024-09-30T14:12:30.200+0000] {dagbag.py:588} INFO - Filling up the DagBag from /home/airflow/.local/lib/python3.12/site-packages/airflow/example_dags/example_complex.py
[2024-09-30T14:12:30.213+0000] {processor.py:925} INFO - DAG(s) 'example_complex' retrieved from /home/airflow/.local/lib/python3.12/site-packages/airflow/example_dags/example_complex.py
[2024-09-30T14:12:30.236+0000] {logging_mixin.py:190} INFO - [2024-09-30T14:12:30.235+0000] {dag.py:3239} INFO - Sync 1 DAGs
[2024-09-30T14:12:30.253+0000] {logging_mixin.py:190} INFO - [2024-09-30T14:12:30.253+0000] {dag.py:4180} INFO - Setting next_dagrun for example_complex to None, run_after=None
[2024-09-30T14:12:30.273+0000] {processor.py:208} INFO - Processing /home/airflow/.local/lib/python3.12/site-packages/airflow/example_dags/example_complex.py took 0.078 seconds
[2024-09-30T14:13:01.224+0000] {processor.py:186} INFO - Started process (PID=159) to work on /home/airflow/.local/lib/python3.12/site-packages/airflow/example_dags/example_complex.py
[2024-09-30T14:13:01.224+0000] {processor.py:914} INFO - Processing file /home/airflow/.local/lib/python3.12/site-packages/airflow/example_dags/example_complex.py for tasks to queue
[2024-09-30T14:13:01.226+0000] {logging_mixin.py:190} INFO - [2024-09-30T14:13:01.226+0000] {dagbag.py:588} INFO - Filling up the DagBag from /home/airflow/.local/lib/python3.12/site-packages/airflow/example_dags/example_complex.py
[2024-09-30T14:13:01.234+0000] {processor.py:925} INFO - DAG(s) 'example_complex' retrieved from /home/airflow/.local/lib/python3.12/site-packages/airflow/example_dags/example_complex.py
[2024-09-30T14:13:01.254+0000] {logging_mixin.py:190} INFO - [2024-09-30T14:13:01.254+0000] {dag.py:3239} INFO - Sync 1 DAGs
[2024-09-30T14:13:01.264+0000] {logging_mixin.py:190} INFO - [2024-09-30T14:13:01.263+0000] {dag.py:4180} INFO - Setting next_dagrun for example_complex to None, run_after=None
[2024-09-30T14:13:01.277+0000] {processor.py:208} INFO - Processing /home/airflow/.local/lib/python3.12/site-packages/airflow/example_dags/example_complex.py took 0.057 seconds
[2024-09-30T14:13:31.922+0000] {processor.py:186} INFO - Started process (PID=222) to work on /home/airflow/.local/lib/python3.12/site-packages/airflow/example_dags/example_complex.py
[2024-09-30T14:13:31.923+0000] {processor.py:914} INFO - Processing file /home/airflow/.local/lib/python3.12/site-packages/airflow/example_dags/example_complex.py for tasks to queue
[2024-09-30T14:13:31.924+0000] {logging_mixin.py:190} INFO - [2024-09-30T14:13:31.924+0000] {dagbag.py:588} INFO - Filling up the DagBag from /home/airflow/.local/lib/python3.12/site-packages/airflow/example_dags/example_complex.py
[2024-09-30T14:13:31.932+0000] {processor.py:925} INFO - DAG(s) 'example_complex' retrieved from /home/airflow/.local/lib/python3.12/site-packages/airflow/example_dags/example_complex.py
[2024-09-30T14:13:31.952+0000] {logging_mixin.py:190} INFO - [2024-09-30T14:13:31.952+0000] {dag.py:3239} INFO - Sync 1 DAGs
[2024-09-30T14:13:31.962+0000] {logging_mixin.py:190} INFO - [2024-09-30T14:13:31.961+0000] {dag.py:4180} INFO - Setting next_dagrun for example_complex to None, run_after=None
[2024-09-30T14:13:31.974+0000] {processor.py:208} INFO - Processing /home/airflow/.local/lib/python3.12/site-packages/airflow/example_dags/example_complex.py took 0.055 seconds
[2024-09-30T14:14:02.745+0000] {processor.py:186} INFO - Started process (PID=285) to work on /home/airflow/.local/lib/python3.12/site-packages/airflow/example_dags/example_complex.py
[2024-09-30T14:14:02.746+0000] {processor.py:914} INFO - Processing file /home/airflow/.local/lib/python3.12/site-packages/airflow/example_dags/example_complex.py for tasks to queue
[2024-09-30T14:14:02.747+0000] {logging_mixin.py:190} INFO - [2024-09-30T14:14:02.747+0000] {dagbag.py:588} INFO - Filling up the DagBag from /home/airflow/.local/lib/python3.12/site-packages/airflow/example_dags/example_complex.py
[2024-09-30T14:14:02.754+0000] {processor.py:925} INFO - DAG(s) 'example_complex' retrieved from /home/airflow/.local/lib/python3.12/site-packages/airflow/example_dags/example_complex.py
[2024-09-30T14:14:02.774+0000] {logging_mixin.py:190} INFO - [2024-09-30T14:14:02.774+0000] {dag.py:3239} INFO - Sync 1 DAGs
[2024-09-30T14:14:02.786+0000] {logging_mixin.py:190} INFO - [2024-09-30T14:14:02.786+0000] {dag.py:4180} INFO - Setting next_dagrun for example_complex to None, run_after=None
[2024-09-30T14:14:02.805+0000] {processor.py:208} INFO - Processing /home/airflow/.local/lib/python3.12/site-packages/airflow/example_dags/example_complex.py took 0.064 seconds
[2024-09-30T14:14:33.537+0000] {processor.py:186} INFO - Started process (PID=348) to work on /home/airflow/.local/lib/python3.12/site-packages/airflow/example_dags/example_complex.py
[2024-09-30T14:14:33.538+0000] {processor.py:914} INFO - Processing file /home/airflow/.local/lib/python3.12/site-packages/airflow/example_dags/example_complex.py for tasks to queue
[2024-09-30T14:14:33.539+0000] {logging_mixin.py:190} INFO - [2024-09-30T14:14:33.539+0000] {dagbag.py:588} INFO - Filling up the DagBag from /home/airflow/.local/lib/python3.12/site-packages/airflow/example_dags/example_complex.py
[2024-09-30T14:14:33.548+0000] {processor.py:925} INFO - DAG(s) 'example_complex' retrieved from /home/airflow/.local/lib/python3.12/site-packages/airflow/example_dags/example_complex.py
[2024-09-30T14:14:33.569+0000] {logging_mixin.py:190} INFO - [2024-09-30T14:14:33.569+0000] {dag.py:3239} INFO - Sync 1 DAGs
[2024-09-30T14:14:33.579+0000] {logging_mixin.py:190} INFO - [2024-09-30T14:14:33.579+0000] {dag.py:4180} INFO - Setting next_dagrun for example_complex to None, run_after=None
[2024-09-30T14:14:33.592+0000] {processor.py:208} INFO - Processing /home/airflow/.local/lib/python3.12/site-packages/airflow/example_dags/example_complex.py took 0.059 seconds
[2024-09-30T14:15:03.811+0000] {processor.py:186} INFO - Started process (PID=411) to work on /home/airflow/.local/lib/python3.12/site-packages/airflow/example_dags/example_complex.py
[2024-09-30T14:15:03.811+0000] {processor.py:914} INFO - Processing file /home/airflow/.local/lib/python3.12/site-packages/airflow/example_dags/example_complex.py for tasks to queue
[2024-09-30T14:15:03.813+0000] {logging_mixin.py:190} INFO - [2024-09-30T14:15:03.813+0000] {dagbag.py:588} INFO - Filling up the DagBag from /home/airflow/.local/lib/python3.12/site-packages/airflow/example_dags/example_complex.py
[2024-09-30T14:15:03.821+0000] {processor.py:925} INFO - DAG(s) 'example_complex' retrieved from /home/airflow/.local/lib/python3.12/site-packages/airflow/example_dags/example_complex.py
[2024-09-30T14:15:03.844+0000] {logging_mixin.py:190} INFO - [2024-09-30T14:15:03.844+0000] {dag.py:3239} INFO - Sync 1 DAGs
[2024-09-30T14:15:03.855+0000] {logging_mixin.py:190} INFO - [2024-09-30T14:15:03.855+0000] {dag.py:4180} INFO - Setting next_dagrun for example_complex to None, run_after=None
[2024-09-30T14:15:03.869+0000] {processor.py:208} INFO - Processing /home/airflow/.local/lib/python3.12/site-packages/airflow/example_dags/example_complex.py took 0.062 seconds
[2024-09-30T14:15:34.734+0000] {processor.py:186} INFO - Started process (PID=474) to work on /home/airflow/.local/lib/python3.12/site-packages/airflow/example_dags/example_complex.py
[2024-09-30T14:15:34.734+0000] {processor.py:914} INFO - Processing file /home/airflow/.local/lib/python3.12/site-packages/airflow/example_dags/example_complex.py for tasks to queue
[2024-09-30T14:15:34.736+0000] {logging_mixin.py:190} INFO - [2024-09-30T14:15:34.735+0000] {dagbag.py:588} INFO - Filling up the DagBag from /home/airflow/.local/lib/python3.12/site-packages/airflow/example_dags/example_complex.py
[2024-09-30T14:15:34.743+0000] {processor.py:925} INFO - DAG(s) 'example_complex' retrieved from /home/airflow/.local/lib/python3.12/site-packages/airflow/example_dags/example_complex.py
[2024-09-30T14:15:34.763+0000] {logging_mixin.py:190} INFO - [2024-09-30T14:15:34.763+0000] {dag.py:3239} INFO - Sync 1 DAGs
[2024-09-30T14:15:34.772+0000] {logging_mixin.py:190} INFO - [2024-09-30T14:15:34.772+0000] {dag.py:4180} INFO - Setting next_dagrun for example_complex to None, run_after=None
[2024-09-30T14:15:34.784+0000] {processor.py:208} INFO - Processing /home/airflow/.local/lib/python3.12/site-packages/airflow/example_dags/example_complex.py took 0.055 seconds
[2024-09-30T14:16:05.440+0000] {processor.py:186} INFO - Started process (PID=537) to work on /home/airflow/.local/lib/python3.12/site-packages/airflow/example_dags/example_complex.py
[2024-09-30T14:16:05.440+0000] {processor.py:914} INFO - Processing file /home/airflow/.local/lib/python3.12/site-packages/airflow/example_dags/example_complex.py for tasks to queue
[2024-09-30T14:16:05.442+0000] {logging_mixin.py:190} INFO - [2024-09-30T14:16:05.442+0000] {dagbag.py:588} INFO - Filling up the DagBag from /home/airflow/.local/lib/python3.12/site-packages/airflow/example_dags/example_complex.py
[2024-09-30T14:16:05.449+0000] {processor.py:925} INFO - DAG(s) 'example_complex' retrieved from /home/airflow/.local/lib/python3.12/site-packages/airflow/example_dags/example_complex.py
[2024-09-30T14:16:05.470+0000] {logging_mixin.py:190} INFO - [2024-09-30T14:16:05.469+0000] {dag.py:3239} INFO - Sync 1 DAGs
[2024-09-30T14:16:05.479+0000] {logging_mixin.py:190} INFO - [2024-09-30T14:16:05.479+0000] {dag.py:4180} INFO - Setting next_dagrun for example_complex to None, run_after=None
[2024-09-30T14:16:05.491+0000] {processor.py:208} INFO - Processing /home/airflow/.local/lib/python3.12/site-packages/airflow/example_dags/example_complex.py took 0.055 seconds
[2024-09-30T14:16:36.097+0000] {processor.py:186} INFO - Started process (PID=601) to work on /home/airflow/.local/lib/python3.12/site-packages/airflow/example_dags/example_complex.py
[2024-09-30T14:16:36.098+0000] {processor.py:914} INFO - Processing file /home/airflow/.local/lib/python3.12/site-packages/airflow/example_dags/example_complex.py for tasks to queue
[2024-09-30T14:16:36.100+0000] {logging_mixin.py:190} INFO - [2024-09-30T14:16:36.099+0000] {dagbag.py:588} INFO - Filling up the DagBag from /home/airflow/.local/lib/python3.12/site-packages/airflow/example_dags/example_complex.py
[2024-09-30T14:16:36.108+0000] {processor.py:925} INFO - DAG(s) 'example_complex' retrieved from /home/airflow/.local/lib/python3.12/site-packages/airflow/example_dags/example_complex.py
[2024-09-30T14:16:36.128+0000] {logging_mixin.py:190} INFO - [2024-09-30T14:16:36.128+0000] {dag.py:3239} INFO - Sync 1 DAGs
[2024-09-30T14:16:36.137+0000] {logging_mixin.py:190} INFO - [2024-09-30T14:16:36.137+0000] {dag.py:4180} INFO - Setting next_dagrun for example_complex to None, run_after=None
[2024-09-30T14:16:36.149+0000] {processor.py:208} INFO - Processing /home/airflow/.local/lib/python3.12/site-packages/airflow/example_dags/example_complex.py took 0.055 seconds
[2024-09-30T14:17:00.854+0000] {processor.py:186} INFO - Started process (PID=90) to work on /home/airflow/.local/lib/python3.12/site-packages/airflow/example_dags/example_complex.py
[2024-09-30T14:17:00.855+0000] {processor.py:914} INFO - Processing file /home/airflow/.local/lib/python3.12/site-packages/airflow/example_dags/example_complex.py for tasks to queue
[2024-09-30T14:17:00.857+0000] {logging_mixin.py:190} INFO - [2024-09-30T14:17:00.857+0000] {dagbag.py:588} INFO - Filling up the DagBag from /home/airflow/.local/lib/python3.12/site-packages/airflow/example_dags/example_complex.py
[2024-09-30T14:17:00.865+0000] {processor.py:925} INFO - DAG(s) 'example_complex' retrieved from /home/airflow/.local/lib/python3.12/site-packages/airflow/example_dags/example_complex.py
[2024-09-30T14:17:00.889+0000] {logging_mixin.py:190} INFO - [2024-09-30T14:17:00.889+0000] {dag.py:3239} INFO - Sync 1 DAGs
[2024-09-30T14:17:00.900+0000] {logging_mixin.py:190} INFO - [2024-09-30T14:17:00.900+0000] {dag.py:4180} INFO - Setting next_dagrun for example_complex to None, run_after=None
[2024-09-30T14:17:00.915+0000] {processor.py:208} INFO - Processing /home/airflow/.local/lib/python3.12/site-packages/airflow/example_dags/example_complex.py took 0.064 seconds
[2024-09-30T14:17:31.551+0000] {processor.py:186} INFO - Started process (PID=153) to work on /home/airflow/.local/lib/python3.12/site-packages/airflow/example_dags/example_complex.py
[2024-09-30T14:17:31.552+0000] {processor.py:914} INFO - Processing file /home/airflow/.local/lib/python3.12/site-packages/airflow/example_dags/example_complex.py for tasks to queue
[2024-09-30T14:17:31.553+0000] {logging_mixin.py:190} INFO - [2024-09-30T14:17:31.553+0000] {dagbag.py:588} INFO - Filling up the DagBag from /home/airflow/.local/lib/python3.12/site-packages/airflow/example_dags/example_complex.py
[2024-09-30T14:17:31.561+0000] {processor.py:925} INFO - DAG(s) 'example_complex' retrieved from /home/airflow/.local/lib/python3.12/site-packages/airflow/example_dags/example_complex.py
[2024-09-30T14:17:31.581+0000] {logging_mixin.py:190} INFO - [2024-09-30T14:17:31.581+0000] {dag.py:3239} INFO - Sync 1 DAGs
[2024-09-30T14:17:31.592+0000] {logging_mixin.py:190} INFO - [2024-09-30T14:17:31.592+0000] {dag.py:4180} INFO - Setting next_dagrun for example_complex to None, run_after=None
[2024-09-30T14:17:31.604+0000] {processor.py:208} INFO - Processing /home/airflow/.local/lib/python3.12/site-packages/airflow/example_dags/example_complex.py took 0.057 seconds
[2024-09-30T14:18:03.630+0000] {processor.py:186} INFO - Started process (PID=90) to work on /home/airflow/.local/lib/python3.12/site-packages/airflow/example_dags/example_complex.py
[2024-09-30T14:18:03.631+0000] {processor.py:914} INFO - Processing file /home/airflow/.local/lib/python3.12/site-packages/airflow/example_dags/example_complex.py for tasks to queue
[2024-09-30T14:18:03.633+0000] {logging_mixin.py:190} INFO - [2024-09-30T14:18:03.633+0000] {dagbag.py:588} INFO - Filling up the DagBag from /home/airflow/.local/lib/python3.12/site-packages/airflow/example_dags/example_complex.py
[2024-09-30T14:18:03.642+0000] {processor.py:925} INFO - DAG(s) 'example_complex' retrieved from /home/airflow/.local/lib/python3.12/site-packages/airflow/example_dags/example_complex.py
[2024-09-30T14:18:03.666+0000] {logging_mixin.py:190} INFO - [2024-09-30T14:18:03.666+0000] {dag.py:3239} INFO - Sync 1 DAGs
[2024-09-30T14:18:03.677+0000] {logging_mixin.py:190} INFO - [2024-09-30T14:18:03.676+0000] {dag.py:4180} INFO - Setting next_dagrun for example_complex to None, run_after=None
[2024-09-30T14:18:03.692+0000] {processor.py:208} INFO - Processing /home/airflow/.local/lib/python3.12/site-packages/airflow/example_dags/example_complex.py took 0.067 seconds
[2024-09-30T14:18:34.221+0000] {processor.py:186} INFO - Started process (PID=153) to work on /home/airflow/.local/lib/python3.12/site-packages/airflow/example_dags/example_complex.py
[2024-09-30T14:18:34.222+0000] {processor.py:914} INFO - Processing file /home/airflow/.local/lib/python3.12/site-packages/airflow/example_dags/example_complex.py for tasks to queue
[2024-09-30T14:18:34.224+0000] {logging_mixin.py:190} INFO - [2024-09-30T14:18:34.223+0000] {dagbag.py:588} INFO - Filling up the DagBag from /home/airflow/.local/lib/python3.12/site-packages/airflow/example_dags/example_complex.py
[2024-09-30T14:18:34.231+0000] {processor.py:925} INFO - DAG(s) 'example_complex' retrieved from /home/airflow/.local/lib/python3.12/site-packages/airflow/example_dags/example_complex.py
[2024-09-30T14:18:34.252+0000] {logging_mixin.py:190} INFO - [2024-09-30T14:18:34.252+0000] {dag.py:3239} INFO - Sync 1 DAGs
[2024-09-30T14:18:34.262+0000] {logging_mixin.py:190} INFO - [2024-09-30T14:18:34.262+0000] {dag.py:4180} INFO - Setting next_dagrun for example_complex to None, run_after=None
[2024-09-30T14:18:34.275+0000] {processor.py:208} INFO - Processing /home/airflow/.local/lib/python3.12/site-packages/airflow/example_dags/example_complex.py took 0.057 seconds
[2024-09-30T14:19:04.754+0000] {processor.py:186} INFO - Started process (PID=216) to work on /home/airflow/.local/lib/python3.12/site-packages/airflow/example_dags/example_complex.py
[2024-09-30T14:19:04.755+0000] {processor.py:914} INFO - Processing file /home/airflow/.local/lib/python3.12/site-packages/airflow/example_dags/example_complex.py for tasks to queue
[2024-09-30T14:19:04.755+0000] {logging_mixin.py:190} INFO - [2024-09-30T14:19:04.755+0000] {dagbag.py:588} INFO - Filling up the DagBag from /home/airflow/.local/lib/python3.12/site-packages/airflow/example_dags/example_complex.py
[2024-09-30T14:19:04.763+0000] {processor.py:925} INFO - DAG(s) 'example_complex' retrieved from /home/airflow/.local/lib/python3.12/site-packages/airflow/example_dags/example_complex.py
[2024-09-30T14:19:04.786+0000] {logging_mixin.py:190} INFO - [2024-09-30T14:19:04.786+0000] {dag.py:3239} INFO - Sync 1 DAGs
[2024-09-30T14:19:04.796+0000] {logging_mixin.py:190} INFO - [2024-09-30T14:19:04.796+0000] {dag.py:4180} INFO - Setting next_dagrun for example_complex to None, run_after=None
[2024-09-30T14:19:04.809+0000] {processor.py:208} INFO - Processing /home/airflow/.local/lib/python3.12/site-packages/airflow/example_dags/example_complex.py took 0.059 seconds
[2024-09-30T14:19:47.999+0000] {processor.py:186} INFO - Started process (PID=84) to work on /home/airflow/.local/lib/python3.12/site-packages/airflow/example_dags/example_complex.py
[2024-09-30T14:19:48.000+0000] {processor.py:914} INFO - Processing file /home/airflow/.local/lib/python3.12/site-packages/airflow/example_dags/example_complex.py for tasks to queue
[2024-09-30T14:19:48.002+0000] {logging_mixin.py:190} INFO - [2024-09-30T14:19:48.002+0000] {dagbag.py:588} INFO - Filling up the DagBag from /home/airflow/.local/lib/python3.12/site-packages/airflow/example_dags/example_complex.py
[2024-09-30T14:19:48.010+0000] {processor.py:925} INFO - DAG(s) 'example_complex' retrieved from /home/airflow/.local/lib/python3.12/site-packages/airflow/example_dags/example_complex.py
[2024-09-30T14:19:48.041+0000] {logging_mixin.py:190} INFO - [2024-09-30T14:19:48.041+0000] {dag.py:3239} INFO - Sync 1 DAGs
[2024-09-30T14:19:48.053+0000] {logging_mixin.py:190} INFO - [2024-09-30T14:19:48.052+0000] {dag.py:4180} INFO - Setting next_dagrun for example_complex to None, run_after=None
[2024-09-30T14:19:48.073+0000] {processor.py:208} INFO - Processing /home/airflow/.local/lib/python3.12/site-packages/airflow/example_dags/example_complex.py took 0.078 seconds
[2024-09-30T14:20:18.855+0000] {processor.py:186} INFO - Started process (PID=153) to work on /home/airflow/.local/lib/python3.12/site-packages/airflow/example_dags/example_complex.py
[2024-09-30T14:20:18.856+0000] {processor.py:914} INFO - Processing file /home/airflow/.local/lib/python3.12/site-packages/airflow/example_dags/example_complex.py for tasks to queue
[2024-09-30T14:20:18.858+0000] {logging_mixin.py:190} INFO - [2024-09-30T14:20:18.857+0000] {dagbag.py:588} INFO - Filling up the DagBag from /home/airflow/.local/lib/python3.12/site-packages/airflow/example_dags/example_complex.py
[2024-09-30T14:20:18.866+0000] {processor.py:925} INFO - DAG(s) 'example_complex' retrieved from /home/airflow/.local/lib/python3.12/site-packages/airflow/example_dags/example_complex.py
[2024-09-30T14:20:18.887+0000] {logging_mixin.py:190} INFO - [2024-09-30T14:20:18.886+0000] {dag.py:3239} INFO - Sync 1 DAGs
[2024-09-30T14:20:18.897+0000] {logging_mixin.py:190} INFO - [2024-09-30T14:20:18.896+0000] {dag.py:4180} INFO - Setting next_dagrun for example_complex to None, run_after=None
[2024-09-30T14:20:18.911+0000] {processor.py:208} INFO - Processing /home/airflow/.local/lib/python3.12/site-packages/airflow/example_dags/example_complex.py took 0.059 seconds
[2024-09-30T14:20:49.826+0000] {processor.py:186} INFO - Started process (PID=216) to work on /home/airflow/.local/lib/python3.12/site-packages/airflow/example_dags/example_complex.py
[2024-09-30T14:20:49.827+0000] {processor.py:914} INFO - Processing file /home/airflow/.local/lib/python3.12/site-packages/airflow/example_dags/example_complex.py for tasks to queue
[2024-09-30T14:20:49.828+0000] {logging_mixin.py:190} INFO - [2024-09-30T14:20:49.828+0000] {dagbag.py:588} INFO - Filling up the DagBag from /home/airflow/.local/lib/python3.12/site-packages/airflow/example_dags/example_complex.py
[2024-09-30T14:20:49.836+0000] {processor.py:925} INFO - DAG(s) 'example_complex' retrieved from /home/airflow/.local/lib/python3.12/site-packages/airflow/example_dags/example_complex.py
[2024-09-30T14:20:49.857+0000] {logging_mixin.py:190} INFO - [2024-09-30T14:20:49.857+0000] {dag.py:3239} INFO - Sync 1 DAGs
[2024-09-30T14:20:49.867+0000] {logging_mixin.py:190} INFO - [2024-09-30T14:20:49.867+0000] {dag.py:4180} INFO - Setting next_dagrun for example_complex to None, run_after=None
[2024-09-30T14:20:49.880+0000] {processor.py:208} INFO - Processing /home/airflow/.local/lib/python3.12/site-packages/airflow/example_dags/example_complex.py took 0.058 seconds
[2024-09-30T14:21:20.806+0000] {processor.py:186} INFO - Started process (PID=279) to work on /home/airflow/.local/lib/python3.12/site-packages/airflow/example_dags/example_complex.py
[2024-09-30T14:21:20.806+0000] {processor.py:914} INFO - Processing file /home/airflow/.local/lib/python3.12/site-packages/airflow/example_dags/example_complex.py for tasks to queue
[2024-09-30T14:21:20.808+0000] {logging_mixin.py:190} INFO - [2024-09-30T14:21:20.808+0000] {dagbag.py:588} INFO - Filling up the DagBag from /home/airflow/.local/lib/python3.12/site-packages/airflow/example_dags/example_complex.py
[2024-09-30T14:21:20.816+0000] {processor.py:925} INFO - DAG(s) 'example_complex' retrieved from /home/airflow/.local/lib/python3.12/site-packages/airflow/example_dags/example_complex.py
[2024-09-30T14:21:20.836+0000] {logging_mixin.py:190} INFO - [2024-09-30T14:21:20.836+0000] {dag.py:3239} INFO - Sync 1 DAGs
[2024-09-30T14:21:20.846+0000] {logging_mixin.py:190} INFO - [2024-09-30T14:21:20.846+0000] {dag.py:4180} INFO - Setting next_dagrun for example_complex to None, run_after=None
[2024-09-30T14:21:20.859+0000] {processor.py:208} INFO - Processing /home/airflow/.local/lib/python3.12/site-packages/airflow/example_dags/example_complex.py took 0.057 seconds
[2024-09-30T14:21:50.910+0000] {processor.py:186} INFO - Started process (PID=342) to work on /home/airflow/.local/lib/python3.12/site-packages/airflow/example_dags/example_complex.py
[2024-09-30T14:21:50.910+0000] {processor.py:914} INFO - Processing file /home/airflow/.local/lib/python3.12/site-packages/airflow/example_dags/example_complex.py for tasks to queue
[2024-09-30T14:21:50.912+0000] {logging_mixin.py:190} INFO - [2024-09-30T14:21:50.912+0000] {dagbag.py:588} INFO - Filling up the DagBag from /home/airflow/.local/lib/python3.12/site-packages/airflow/example_dags/example_complex.py
[2024-09-30T14:21:50.919+0000] {processor.py:925} INFO - DAG(s) 'example_complex' retrieved from /home/airflow/.local/lib/python3.12/site-packages/airflow/example_dags/example_complex.py
[2024-09-30T14:21:50.940+0000] {logging_mixin.py:190} INFO - [2024-09-30T14:21:50.940+0000] {dag.py:3239} INFO - Sync 1 DAGs
[2024-09-30T14:21:50.951+0000] {logging_mixin.py:190} INFO - [2024-09-30T14:21:50.950+0000] {dag.py:4180} INFO - Setting next_dagrun for example_complex to None, run_after=None
[2024-09-30T14:21:50.963+0000] {processor.py:208} INFO - Processing /home/airflow/.local/lib/python3.12/site-packages/airflow/example_dags/example_complex.py took 0.056 seconds
[2024-09-30T14:22:21.697+0000] {processor.py:186} INFO - Started process (PID=405) to work on /home/airflow/.local/lib/python3.12/site-packages/airflow/example_dags/example_complex.py
[2024-09-30T14:22:21.697+0000] {processor.py:914} INFO - Processing file /home/airflow/.local/lib/python3.12/site-packages/airflow/example_dags/example_complex.py for tasks to queue
[2024-09-30T14:22:21.699+0000] {logging_mixin.py:190} INFO - [2024-09-30T14:22:21.698+0000] {dagbag.py:588} INFO - Filling up the DagBag from /home/airflow/.local/lib/python3.12/site-packages/airflow/example_dags/example_complex.py
[2024-09-30T14:22:21.706+0000] {processor.py:925} INFO - DAG(s) 'example_complex' retrieved from /home/airflow/.local/lib/python3.12/site-packages/airflow/example_dags/example_complex.py
[2024-09-30T14:22:21.730+0000] {logging_mixin.py:190} INFO - [2024-09-30T14:22:21.729+0000] {dag.py:3239} INFO - Sync 1 DAGs
[2024-09-30T14:22:21.740+0000] {logging_mixin.py:190} INFO - [2024-09-30T14:22:21.739+0000] {dag.py:4180} INFO - Setting next_dagrun for example_complex to None, run_after=None
[2024-09-30T14:22:21.753+0000] {processor.py:208} INFO - Processing /home/airflow/.local/lib/python3.12/site-packages/airflow/example_dags/example_complex.py took 0.060 seconds
[2024-09-30T14:22:52.424+0000] {processor.py:186} INFO - Started process (PID=468) to work on /home/airflow/.local/lib/python3.12/site-packages/airflow/example_dags/example_complex.py
[2024-09-30T14:22:52.425+0000] {processor.py:914} INFO - Processing file /home/airflow/.local/lib/python3.12/site-packages/airflow/example_dags/example_complex.py for tasks to queue
[2024-09-30T14:22:52.426+0000] {logging_mixin.py:190} INFO - [2024-09-30T14:22:52.426+0000] {dagbag.py:588} INFO - Filling up the DagBag from /home/airflow/.local/lib/python3.12/site-packages/airflow/example_dags/example_complex.py
[2024-09-30T14:22:52.434+0000] {processor.py:925} INFO - DAG(s) 'example_complex' retrieved from /home/airflow/.local/lib/python3.12/site-packages/airflow/example_dags/example_complex.py
[2024-09-30T14:22:52.456+0000] {logging_mixin.py:190} INFO - [2024-09-30T14:22:52.456+0000] {dag.py:3239} INFO - Sync 1 DAGs
[2024-09-30T14:22:52.466+0000] {logging_mixin.py:190} INFO - [2024-09-30T14:22:52.466+0000] {dag.py:4180} INFO - Setting next_dagrun for example_complex to None, run_after=None
[2024-09-30T14:22:52.479+0000] {processor.py:208} INFO - Processing /home/airflow/.local/lib/python3.12/site-packages/airflow/example_dags/example_complex.py took 0.058 seconds
[2024-09-30T14:23:23.096+0000] {processor.py:186} INFO - Started process (PID=531) to work on /home/airflow/.local/lib/python3.12/site-packages/airflow/example_dags/example_complex.py
[2024-09-30T14:23:23.096+0000] {processor.py:914} INFO - Processing file /home/airflow/.local/lib/python3.12/site-packages/airflow/example_dags/example_complex.py for tasks to queue
[2024-09-30T14:23:23.098+0000] {logging_mixin.py:190} INFO - [2024-09-30T14:23:23.097+0000] {dagbag.py:588} INFO - Filling up the DagBag from /home/airflow/.local/lib/python3.12/site-packages/airflow/example_dags/example_complex.py
[2024-09-30T14:23:23.104+0000] {processor.py:925} INFO - DAG(s) 'example_complex' retrieved from /home/airflow/.local/lib/python3.12/site-packages/airflow/example_dags/example_complex.py
[2024-09-30T14:23:23.123+0000] {logging_mixin.py:190} INFO - [2024-09-30T14:23:23.123+0000] {dag.py:3239} INFO - Sync 1 DAGs
[2024-09-30T14:23:23.132+0000] {logging_mixin.py:190} INFO - [2024-09-30T14:23:23.132+0000] {dag.py:4180} INFO - Setting next_dagrun for example_complex to None, run_after=None
[2024-09-30T14:23:23.144+0000] {processor.py:208} INFO - Processing /home/airflow/.local/lib/python3.12/site-packages/airflow/example_dags/example_complex.py took 0.051 seconds
[2024-09-30T14:23:53.943+0000] {processor.py:186} INFO - Started process (PID=594) to work on /home/airflow/.local/lib/python3.12/site-packages/airflow/example_dags/example_complex.py
[2024-09-30T14:23:53.944+0000] {processor.py:914} INFO - Processing file /home/airflow/.local/lib/python3.12/site-packages/airflow/example_dags/example_complex.py for tasks to queue
[2024-09-30T14:23:53.945+0000] {logging_mixin.py:190} INFO - [2024-09-30T14:23:53.945+0000] {dagbag.py:588} INFO - Filling up the DagBag from /home/airflow/.local/lib/python3.12/site-packages/airflow/example_dags/example_complex.py
[2024-09-30T14:23:53.953+0000] {processor.py:925} INFO - DAG(s) 'example_complex' retrieved from /home/airflow/.local/lib/python3.12/site-packages/airflow/example_dags/example_complex.py
[2024-09-30T14:23:53.975+0000] {logging_mixin.py:190} INFO - [2024-09-30T14:23:53.975+0000] {dag.py:3239} INFO - Sync 1 DAGs
[2024-09-30T14:23:53.985+0000] {logging_mixin.py:190} INFO - [2024-09-30T14:23:53.985+0000] {dag.py:4180} INFO - Setting next_dagrun for example_complex to None, run_after=None
[2024-09-30T14:23:53.999+0000] {processor.py:208} INFO - Processing /home/airflow/.local/lib/python3.12/site-packages/airflow/example_dags/example_complex.py took 0.060 seconds
[2024-09-30T14:24:24.578+0000] {processor.py:186} INFO - Started process (PID=657) to work on /home/airflow/.local/lib/python3.12/site-packages/airflow/example_dags/example_complex.py
[2024-09-30T14:24:24.579+0000] {processor.py:914} INFO - Processing file /home/airflow/.local/lib/python3.12/site-packages/airflow/example_dags/example_complex.py for tasks to queue
[2024-09-30T14:24:24.580+0000] {logging_mixin.py:190} INFO - [2024-09-30T14:24:24.580+0000] {dagbag.py:588} INFO - Filling up the DagBag from /home/airflow/.local/lib/python3.12/site-packages/airflow/example_dags/example_complex.py
[2024-09-30T14:24:24.588+0000] {processor.py:925} INFO - DAG(s) 'example_complex' retrieved from /home/airflow/.local/lib/python3.12/site-packages/airflow/example_dags/example_complex.py
[2024-09-30T14:24:24.610+0000] {logging_mixin.py:190} INFO - [2024-09-30T14:24:24.610+0000] {dag.py:3239} INFO - Sync 1 DAGs
[2024-09-30T14:24:24.620+0000] {logging_mixin.py:190} INFO - [2024-09-30T14:24:24.620+0000] {dag.py:4180} INFO - Setting next_dagrun for example_complex to None, run_after=None
[2024-09-30T14:24:24.633+0000] {processor.py:208} INFO - Processing /home/airflow/.local/lib/python3.12/site-packages/airflow/example_dags/example_complex.py took 0.059 seconds
[2024-09-30T14:24:55.278+0000] {processor.py:186} INFO - Started process (PID=720) to work on /home/airflow/.local/lib/python3.12/site-packages/airflow/example_dags/example_complex.py
[2024-09-30T14:24:55.279+0000] {processor.py:914} INFO - Processing file /home/airflow/.local/lib/python3.12/site-packages/airflow/example_dags/example_complex.py for tasks to queue
[2024-09-30T14:24:55.280+0000] {logging_mixin.py:190} INFO - [2024-09-30T14:24:55.280+0000] {dagbag.py:588} INFO - Filling up the DagBag from /home/airflow/.local/lib/python3.12/site-packages/airflow/example_dags/example_complex.py
[2024-09-30T14:24:55.287+0000] {processor.py:925} INFO - DAG(s) 'example_complex' retrieved from /home/airflow/.local/lib/python3.12/site-packages/airflow/example_dags/example_complex.py
[2024-09-30T14:24:55.306+0000] {logging_mixin.py:190} INFO - [2024-09-30T14:24:55.306+0000] {dag.py:3239} INFO - Sync 1 DAGs
[2024-09-30T14:24:55.315+0000] {logging_mixin.py:190} INFO - [2024-09-30T14:24:55.315+0000] {dag.py:4180} INFO - Setting next_dagrun for example_complex to None, run_after=None
[2024-09-30T14:24:55.327+0000] {processor.py:208} INFO - Processing /home/airflow/.local/lib/python3.12/site-packages/airflow/example_dags/example_complex.py took 0.051 seconds
[2024-09-30T14:25:25.950+0000] {processor.py:186} INFO - Started process (PID=783) to work on /home/airflow/.local/lib/python3.12/site-packages/airflow/example_dags/example_complex.py
[2024-09-30T14:25:25.950+0000] {processor.py:914} INFO - Processing file /home/airflow/.local/lib/python3.12/site-packages/airflow/example_dags/example_complex.py for tasks to queue
[2024-09-30T14:25:25.952+0000] {logging_mixin.py:190} INFO - [2024-09-30T14:25:25.952+0000] {dagbag.py:588} INFO - Filling up the DagBag from /home/airflow/.local/lib/python3.12/site-packages/airflow/example_dags/example_complex.py
[2024-09-30T14:25:25.960+0000] {processor.py:925} INFO - DAG(s) 'example_complex' retrieved from /home/airflow/.local/lib/python3.12/site-packages/airflow/example_dags/example_complex.py
[2024-09-30T14:25:25.980+0000] {logging_mixin.py:190} INFO - [2024-09-30T14:25:25.980+0000] {dag.py:3239} INFO - Sync 1 DAGs
[2024-09-30T14:25:25.990+0000] {logging_mixin.py:190} INFO - [2024-09-30T14:25:25.990+0000] {dag.py:4180} INFO - Setting next_dagrun for example_complex to None, run_after=None
[2024-09-30T14:25:26.002+0000] {processor.py:208} INFO - Processing /home/airflow/.local/lib/python3.12/site-packages/airflow/example_dags/example_complex.py took 0.057 seconds
[2024-09-30T14:25:56.829+0000] {processor.py:186} INFO - Started process (PID=846) to work on /home/airflow/.local/lib/python3.12/site-packages/airflow/example_dags/example_complex.py
[2024-09-30T14:25:56.830+0000] {processor.py:914} INFO - Processing file /home/airflow/.local/lib/python3.12/site-packages/airflow/example_dags/example_complex.py for tasks to queue
[2024-09-30T14:25:56.828+0000] {logging_mixin.py:190} INFO - [2024-09-30T14:25:56.828+0000] {dagbag.py:588} INFO - Filling up the DagBag from /home/airflow/.local/lib/python3.12/site-packages/airflow/example_dags/example_complex.py
[2024-09-30T14:25:56.835+0000] {processor.py:925} INFO - DAG(s) 'example_complex' retrieved from /home/airflow/.local/lib/python3.12/site-packages/airflow/example_dags/example_complex.py
[2024-09-30T14:25:56.856+0000] {logging_mixin.py:190} INFO - [2024-09-30T14:25:56.855+0000] {dag.py:3239} INFO - Sync 1 DAGs
[2024-09-30T14:25:56.865+0000] {logging_mixin.py:190} INFO - [2024-09-30T14:25:56.865+0000] {dag.py:4180} INFO - Setting next_dagrun for example_complex to None, run_after=None
[2024-09-30T14:25:56.877+0000] {processor.py:208} INFO - Processing /home/airflow/.local/lib/python3.12/site-packages/airflow/example_dags/example_complex.py took 0.055 seconds
[2024-09-30T14:26:27.718+0000] {processor.py:186} INFO - Started process (PID=909) to work on /home/airflow/.local/lib/python3.12/site-packages/airflow/example_dags/example_complex.py
[2024-09-30T14:26:27.719+0000] {processor.py:914} INFO - Processing file /home/airflow/.local/lib/python3.12/site-packages/airflow/example_dags/example_complex.py for tasks to queue
[2024-09-30T14:26:27.720+0000] {logging_mixin.py:190} INFO - [2024-09-30T14:26:27.720+0000] {dagbag.py:588} INFO - Filling up the DagBag from /home/airflow/.local/lib/python3.12/site-packages/airflow/example_dags/example_complex.py
[2024-09-30T14:26:27.728+0000] {processor.py:925} INFO - DAG(s) 'example_complex' retrieved from /home/airflow/.local/lib/python3.12/site-packages/airflow/example_dags/example_complex.py
[2024-09-30T14:26:27.748+0000] {logging_mixin.py:190} INFO - [2024-09-30T14:26:27.748+0000] {dag.py:3239} INFO - Sync 1 DAGs
[2024-09-30T14:26:27.758+0000] {logging_mixin.py:190} INFO - [2024-09-30T14:26:27.758+0000] {dag.py:4180} INFO - Setting next_dagrun for example_complex to None, run_after=None
[2024-09-30T14:26:27.772+0000] {processor.py:208} INFO - Processing /home/airflow/.local/lib/python3.12/site-packages/airflow/example_dags/example_complex.py took 0.057 seconds
[2024-09-30T14:26:58.346+0000] {processor.py:186} INFO - Started process (PID=972) to work on /home/airflow/.local/lib/python3.12/site-packages/airflow/example_dags/example_complex.py
[2024-09-30T14:26:58.346+0000] {processor.py:914} INFO - Processing file /home/airflow/.local/lib/python3.12/site-packages/airflow/example_dags/example_complex.py for tasks to queue
[2024-09-30T14:26:58.348+0000] {logging_mixin.py:190} INFO - [2024-09-30T14:26:58.347+0000] {dagbag.py:588} INFO - Filling up the DagBag from /home/airflow/.local/lib/python3.12/site-packages/airflow/example_dags/example_complex.py
[2024-09-30T14:26:58.355+0000] {processor.py:925} INFO - DAG(s) 'example_complex' retrieved from /home/airflow/.local/lib/python3.12/site-packages/airflow/example_dags/example_complex.py
[2024-09-30T14:26:58.376+0000] {logging_mixin.py:190} INFO - [2024-09-30T14:26:58.376+0000] {dag.py:3239} INFO - Sync 1 DAGs
[2024-09-30T14:26:58.391+0000] {logging_mixin.py:190} INFO - [2024-09-30T14:26:58.390+0000] {dag.py:4180} INFO - Setting next_dagrun for example_complex to None, run_after=None
[2024-09-30T14:26:58.405+0000] {processor.py:208} INFO - Processing /home/airflow/.local/lib/python3.12/site-packages/airflow/example_dags/example_complex.py took 0.063 seconds
[2024-09-30T14:27:28.943+0000] {processor.py:186} INFO - Started process (PID=1035) to work on /home/airflow/.local/lib/python3.12/site-packages/airflow/example_dags/example_complex.py
[2024-09-30T14:27:28.944+0000] {processor.py:914} INFO - Processing file /home/airflow/.local/lib/python3.12/site-packages/airflow/example_dags/example_complex.py for tasks to queue
[2024-09-30T14:27:28.945+0000] {logging_mixin.py:190} INFO - [2024-09-30T14:27:28.945+0000] {dagbag.py:588} INFO - Filling up the DagBag from /home/airflow/.local/lib/python3.12/site-packages/airflow/example_dags/example_complex.py
[2024-09-30T14:27:28.954+0000] {processor.py:925} INFO - DAG(s) 'example_complex' retrieved from /home/airflow/.local/lib/python3.12/site-packages/airflow/example_dags/example_complex.py
[2024-09-30T14:27:28.974+0000] {logging_mixin.py:190} INFO - [2024-09-30T14:27:28.974+0000] {dag.py:3239} INFO - Sync 1 DAGs
[2024-09-30T14:27:28.984+0000] {logging_mixin.py:190} INFO - [2024-09-30T14:27:28.984+0000] {dag.py:4180} INFO - Setting next_dagrun for example_complex to None, run_after=None
[2024-09-30T14:27:28.996+0000] {processor.py:208} INFO - Processing /home/airflow/.local/lib/python3.12/site-packages/airflow/example_dags/example_complex.py took 0.056 seconds
[2024-09-30T14:27:59.540+0000] {processor.py:186} INFO - Started process (PID=1098) to work on /home/airflow/.local/lib/python3.12/site-packages/airflow/example_dags/example_complex.py
[2024-09-30T14:27:59.541+0000] {processor.py:914} INFO - Processing file /home/airflow/.local/lib/python3.12/site-packages/airflow/example_dags/example_complex.py for tasks to queue
[2024-09-30T14:27:59.544+0000] {logging_mixin.py:190} INFO - [2024-09-30T14:27:59.544+0000] {dagbag.py:588} INFO - Filling up the DagBag from /home/airflow/.local/lib/python3.12/site-packages/airflow/example_dags/example_complex.py
[2024-09-30T14:27:59.553+0000] {processor.py:925} INFO - DAG(s) 'example_complex' retrieved from /home/airflow/.local/lib/python3.12/site-packages/airflow/example_dags/example_complex.py
[2024-09-30T14:27:59.575+0000] {logging_mixin.py:190} INFO - [2024-09-30T14:27:59.575+0000] {dag.py:3239} INFO - Sync 1 DAGs
[2024-09-30T14:27:59.588+0000] {logging_mixin.py:190} INFO - [2024-09-30T14:27:59.588+0000] {dag.py:4180} INFO - Setting next_dagrun for example_complex to None, run_after=None
[2024-09-30T14:27:59.600+0000] {processor.py:208} INFO - Processing /home/airflow/.local/lib/python3.12/site-packages/airflow/example_dags/example_complex.py took 0.064 seconds
[2024-09-30T14:28:30.368+0000] {processor.py:186} INFO - Started process (PID=1161) to work on /home/airflow/.local/lib/python3.12/site-packages/airflow/example_dags/example_complex.py
[2024-09-30T14:28:30.369+0000] {processor.py:914} INFO - Processing file /home/airflow/.local/lib/python3.12/site-packages/airflow/example_dags/example_complex.py for tasks to queue
[2024-09-30T14:28:30.371+0000] {logging_mixin.py:190} INFO - [2024-09-30T14:28:30.370+0000] {dagbag.py:588} INFO - Filling up the DagBag from /home/airflow/.local/lib/python3.12/site-packages/airflow/example_dags/example_complex.py
[2024-09-30T14:28:30.378+0000] {processor.py:925} INFO - DAG(s) 'example_complex' retrieved from /home/airflow/.local/lib/python3.12/site-packages/airflow/example_dags/example_complex.py
[2024-09-30T14:28:30.399+0000] {logging_mixin.py:190} INFO - [2024-09-30T14:28:30.399+0000] {dag.py:3239} INFO - Sync 1 DAGs
[2024-09-30T14:28:30.408+0000] {logging_mixin.py:190} INFO - [2024-09-30T14:28:30.408+0000] {dag.py:4180} INFO - Setting next_dagrun for example_complex to None, run_after=None
[2024-09-30T14:28:30.420+0000] {processor.py:208} INFO - Processing /home/airflow/.local/lib/python3.12/site-packages/airflow/example_dags/example_complex.py took 0.056 seconds
[2024-09-30T14:29:01.003+0000] {processor.py:186} INFO - Started process (PID=1225) to work on /home/airflow/.local/lib/python3.12/site-packages/airflow/example_dags/example_complex.py
[2024-09-30T14:29:01.004+0000] {processor.py:914} INFO - Processing file /home/airflow/.local/lib/python3.12/site-packages/airflow/example_dags/example_complex.py for tasks to queue
[2024-09-30T14:29:01.005+0000] {logging_mixin.py:190} INFO - [2024-09-30T14:29:01.005+0000] {dagbag.py:588} INFO - Filling up the DagBag from /home/airflow/.local/lib/python3.12/site-packages/airflow/example_dags/example_complex.py
[2024-09-30T14:29:01.013+0000] {processor.py:925} INFO - DAG(s) 'example_complex' retrieved from /home/airflow/.local/lib/python3.12/site-packages/airflow/example_dags/example_complex.py
[2024-09-30T14:29:01.036+0000] {logging_mixin.py:190} INFO - [2024-09-30T14:29:01.036+0000] {dag.py:3239} INFO - Sync 1 DAGs
[2024-09-30T14:29:01.046+0000] {logging_mixin.py:190} INFO - [2024-09-30T14:29:01.046+0000] {dag.py:4180} INFO - Setting next_dagrun for example_complex to None, run_after=None
[2024-09-30T14:29:01.059+0000] {processor.py:208} INFO - Processing /home/airflow/.local/lib/python3.12/site-packages/airflow/example_dags/example_complex.py took 0.059 seconds
[2024-09-30T14:29:32.510+0000] {processor.py:186} INFO - Started process (PID=1288) to work on /home/airflow/.local/lib/python3.12/site-packages/airflow/example_dags/example_complex.py
[2024-09-30T14:29:32.511+0000] {processor.py:914} INFO - Processing file /home/airflow/.local/lib/python3.12/site-packages/airflow/example_dags/example_complex.py for tasks to queue
[2024-09-30T14:29:32.512+0000] {logging_mixin.py:190} INFO - [2024-09-30T14:29:32.512+0000] {dagbag.py:588} INFO - Filling up the DagBag from /home/airflow/.local/lib/python3.12/site-packages/airflow/example_dags/example_complex.py
[2024-09-30T14:29:32.520+0000] {processor.py:925} INFO - DAG(s) 'example_complex' retrieved from /home/airflow/.local/lib/python3.12/site-packages/airflow/example_dags/example_complex.py
[2024-09-30T14:29:32.543+0000] {logging_mixin.py:190} INFO - [2024-09-30T14:29:32.543+0000] {dag.py:3239} INFO - Sync 1 DAGs
[2024-09-30T14:29:32.557+0000] {logging_mixin.py:190} INFO - [2024-09-30T14:29:32.557+0000] {dag.py:4180} INFO - Setting next_dagrun for example_complex to None, run_after=None
[2024-09-30T14:29:32.570+0000] {processor.py:208} INFO - Processing /home/airflow/.local/lib/python3.12/site-packages/airflow/example_dags/example_complex.py took 0.063 seconds
[2024-09-30T14:29:54.280+0000] {processor.py:186} INFO - Started process (PID=84) to work on /home/airflow/.local/lib/python3.12/site-packages/airflow/example_dags/example_complex.py
[2024-09-30T14:29:54.281+0000] {processor.py:914} INFO - Processing file /home/airflow/.local/lib/python3.12/site-packages/airflow/example_dags/example_complex.py for tasks to queue
[2024-09-30T14:29:54.283+0000] {logging_mixin.py:190} INFO - [2024-09-30T14:29:54.283+0000] {dagbag.py:588} INFO - Filling up the DagBag from /home/airflow/.local/lib/python3.12/site-packages/airflow/example_dags/example_complex.py
[2024-09-30T14:29:54.291+0000] {processor.py:925} INFO - DAG(s) 'example_complex' retrieved from /home/airflow/.local/lib/python3.12/site-packages/airflow/example_dags/example_complex.py
[2024-09-30T14:29:54.311+0000] {logging_mixin.py:190} INFO - [2024-09-30T14:29:54.311+0000] {dag.py:3239} INFO - Sync 1 DAGs
[2024-09-30T14:29:54.322+0000] {logging_mixin.py:190} INFO - [2024-09-30T14:29:54.321+0000] {dag.py:4180} INFO - Setting next_dagrun for example_complex to None, run_after=None
[2024-09-30T14:29:54.334+0000] {processor.py:208} INFO - Processing /home/airflow/.local/lib/python3.12/site-packages/airflow/example_dags/example_complex.py took 0.057 seconds
[2024-09-30T14:30:25.055+0000] {processor.py:186} INFO - Started process (PID=153) to work on /home/airflow/.local/lib/python3.12/site-packages/airflow/example_dags/example_complex.py
[2024-09-30T14:30:25.056+0000] {processor.py:914} INFO - Processing file /home/airflow/.local/lib/python3.12/site-packages/airflow/example_dags/example_complex.py for tasks to queue
[2024-09-30T14:30:25.057+0000] {logging_mixin.py:190} INFO - [2024-09-30T14:30:25.057+0000] {dagbag.py:588} INFO - Filling up the DagBag from /home/airflow/.local/lib/python3.12/site-packages/airflow/example_dags/example_complex.py
[2024-09-30T14:30:25.065+0000] {processor.py:925} INFO - DAG(s) 'example_complex' retrieved from /home/airflow/.local/lib/python3.12/site-packages/airflow/example_dags/example_complex.py
[2024-09-30T14:30:25.086+0000] {logging_mixin.py:190} INFO - [2024-09-30T14:30:25.086+0000] {dag.py:3239} INFO - Sync 1 DAGs
[2024-09-30T14:30:25.096+0000] {logging_mixin.py:190} INFO - [2024-09-30T14:30:25.095+0000] {dag.py:4180} INFO - Setting next_dagrun for example_complex to None, run_after=None
[2024-09-30T14:30:25.108+0000] {processor.py:208} INFO - Processing /home/airflow/.local/lib/python3.12/site-packages/airflow/example_dags/example_complex.py took 0.057 seconds
[2024-09-30T14:30:55.850+0000] {processor.py:186} INFO - Started process (PID=216) to work on /home/airflow/.local/lib/python3.12/site-packages/airflow/example_dags/example_complex.py
[2024-09-30T14:30:55.851+0000] {processor.py:914} INFO - Processing file /home/airflow/.local/lib/python3.12/site-packages/airflow/example_dags/example_complex.py for tasks to queue
[2024-09-30T14:30:55.852+0000] {logging_mixin.py:190} INFO - [2024-09-30T14:30:55.852+0000] {dagbag.py:588} INFO - Filling up the DagBag from /home/airflow/.local/lib/python3.12/site-packages/airflow/example_dags/example_complex.py
[2024-09-30T14:30:55.859+0000] {processor.py:925} INFO - DAG(s) 'example_complex' retrieved from /home/airflow/.local/lib/python3.12/site-packages/airflow/example_dags/example_complex.py
[2024-09-30T14:30:55.880+0000] {logging_mixin.py:190} INFO - [2024-09-30T14:30:55.880+0000] {dag.py:3239} INFO - Sync 1 DAGs
[2024-09-30T14:30:55.890+0000] {logging_mixin.py:190} INFO - [2024-09-30T14:30:55.890+0000] {dag.py:4180} INFO - Setting next_dagrun for example_complex to None, run_after=None
[2024-09-30T14:30:55.906+0000] {processor.py:208} INFO - Processing /home/airflow/.local/lib/python3.12/site-packages/airflow/example_dags/example_complex.py took 0.059 seconds
[2024-09-30T14:31:26.620+0000] {processor.py:186} INFO - Started process (PID=279) to work on /home/airflow/.local/lib/python3.12/site-packages/airflow/example_dags/example_complex.py
[2024-09-30T14:31:26.621+0000] {processor.py:914} INFO - Processing file /home/airflow/.local/lib/python3.12/site-packages/airflow/example_dags/example_complex.py for tasks to queue
[2024-09-30T14:31:26.622+0000] {logging_mixin.py:190} INFO - [2024-09-30T14:31:26.622+0000] {dagbag.py:588} INFO - Filling up the DagBag from /home/airflow/.local/lib/python3.12/site-packages/airflow/example_dags/example_complex.py
[2024-09-30T14:31:26.630+0000] {processor.py:925} INFO - DAG(s) 'example_complex' retrieved from /home/airflow/.local/lib/python3.12/site-packages/airflow/example_dags/example_complex.py
[2024-09-30T14:31:26.651+0000] {logging_mixin.py:190} INFO - [2024-09-30T14:31:26.651+0000] {dag.py:3239} INFO - Sync 1 DAGs
[2024-09-30T14:31:26.660+0000] {logging_mixin.py:190} INFO - [2024-09-30T14:31:26.660+0000] {dag.py:4180} INFO - Setting next_dagrun for example_complex to None, run_after=None
[2024-09-30T14:31:26.672+0000] {processor.py:208} INFO - Processing /home/airflow/.local/lib/python3.12/site-packages/airflow/example_dags/example_complex.py took 0.056 seconds
[2024-09-30T14:31:57.276+0000] {processor.py:186} INFO - Started process (PID=342) to work on /home/airflow/.local/lib/python3.12/site-packages/airflow/example_dags/example_complex.py
[2024-09-30T14:31:57.276+0000] {processor.py:914} INFO - Processing file /home/airflow/.local/lib/python3.12/site-packages/airflow/example_dags/example_complex.py for tasks to queue
[2024-09-30T14:31:57.278+0000] {logging_mixin.py:190} INFO - [2024-09-30T14:31:57.278+0000] {dagbag.py:588} INFO - Filling up the DagBag from /home/airflow/.local/lib/python3.12/site-packages/airflow/example_dags/example_complex.py
[2024-09-30T14:31:57.285+0000] {processor.py:925} INFO - DAG(s) 'example_complex' retrieved from /home/airflow/.local/lib/python3.12/site-packages/airflow/example_dags/example_complex.py
[2024-09-30T14:31:57.306+0000] {logging_mixin.py:190} INFO - [2024-09-30T14:31:57.306+0000] {dag.py:3239} INFO - Sync 1 DAGs
[2024-09-30T14:31:57.316+0000] {logging_mixin.py:190} INFO - [2024-09-30T14:31:57.315+0000] {dag.py:4180} INFO - Setting next_dagrun for example_complex to None, run_after=None
[2024-09-30T14:31:57.327+0000] {processor.py:208} INFO - Processing /home/airflow/.local/lib/python3.12/site-packages/airflow/example_dags/example_complex.py took 0.055 seconds
[2024-09-30T14:32:28.043+0000] {processor.py:186} INFO - Started process (PID=405) to work on /home/airflow/.local/lib/python3.12/site-packages/airflow/example_dags/example_complex.py
[2024-09-30T14:32:28.043+0000] {processor.py:914} INFO - Processing file /home/airflow/.local/lib/python3.12/site-packages/airflow/example_dags/example_complex.py for tasks to queue
[2024-09-30T14:32:28.045+0000] {logging_mixin.py:190} INFO - [2024-09-30T14:32:28.045+0000] {dagbag.py:588} INFO - Filling up the DagBag from /home/airflow/.local/lib/python3.12/site-packages/airflow/example_dags/example_complex.py
[2024-09-30T14:32:28.053+0000] {processor.py:925} INFO - DAG(s) 'example_complex' retrieved from /home/airflow/.local/lib/python3.12/site-packages/airflow/example_dags/example_complex.py
[2024-09-30T14:32:28.075+0000] {logging_mixin.py:190} INFO - [2024-09-30T14:32:28.074+0000] {dag.py:3239} INFO - Sync 1 DAGs
[2024-09-30T14:32:28.084+0000] {logging_mixin.py:190} INFO - [2024-09-30T14:32:28.084+0000] {dag.py:4180} INFO - Setting next_dagrun for example_complex to None, run_after=None
[2024-09-30T14:32:28.098+0000] {processor.py:208} INFO - Processing /home/airflow/.local/lib/python3.12/site-packages/airflow/example_dags/example_complex.py took 0.059 seconds
[2024-09-30T14:32:58.717+0000] {processor.py:186} INFO - Started process (PID=468) to work on /home/airflow/.local/lib/python3.12/site-packages/airflow/example_dags/example_complex.py
[2024-09-30T14:32:58.718+0000] {processor.py:914} INFO - Processing file /home/airflow/.local/lib/python3.12/site-packages/airflow/example_dags/example_complex.py for tasks to queue
[2024-09-30T14:32:58.720+0000] {logging_mixin.py:190} INFO - [2024-09-30T14:32:58.720+0000] {dagbag.py:588} INFO - Filling up the DagBag from /home/airflow/.local/lib/python3.12/site-packages/airflow/example_dags/example_complex.py
[2024-09-30T14:32:58.728+0000] {processor.py:925} INFO - DAG(s) 'example_complex' retrieved from /home/airflow/.local/lib/python3.12/site-packages/airflow/example_dags/example_complex.py
[2024-09-30T14:32:58.749+0000] {logging_mixin.py:190} INFO - [2024-09-30T14:32:58.749+0000] {dag.py:3239} INFO - Sync 1 DAGs
[2024-09-30T14:32:58.760+0000] {logging_mixin.py:190} INFO - [2024-09-30T14:32:58.760+0000] {dag.py:4180} INFO - Setting next_dagrun for example_complex to None, run_after=None
[2024-09-30T14:32:58.774+0000] {processor.py:208} INFO - Processing /home/airflow/.local/lib/python3.12/site-packages/airflow/example_dags/example_complex.py took 0.060 seconds
[2024-09-30T14:33:29.577+0000] {processor.py:186} INFO - Started process (PID=531) to work on /home/airflow/.local/lib/python3.12/site-packages/airflow/example_dags/example_complex.py
[2024-09-30T14:33:29.577+0000] {processor.py:914} INFO - Processing file /home/airflow/.local/lib/python3.12/site-packages/airflow/example_dags/example_complex.py for tasks to queue
[2024-09-30T14:33:29.579+0000] {logging_mixin.py:190} INFO - [2024-09-30T14:33:29.579+0000] {dagbag.py:588} INFO - Filling up the DagBag from /home/airflow/.local/lib/python3.12/site-packages/airflow/example_dags/example_complex.py
[2024-09-30T14:33:29.589+0000] {processor.py:925} INFO - DAG(s) 'example_complex' retrieved from /home/airflow/.local/lib/python3.12/site-packages/airflow/example_dags/example_complex.py
[2024-09-30T14:33:29.618+0000] {logging_mixin.py:190} INFO - [2024-09-30T14:33:29.618+0000] {dag.py:3239} INFO - Sync 1 DAGs
[2024-09-30T14:33:29.632+0000] {logging_mixin.py:190} INFO - [2024-09-30T14:33:29.632+0000] {dag.py:4180} INFO - Setting next_dagrun for example_complex to None, run_after=None
[2024-09-30T14:33:29.649+0000] {processor.py:208} INFO - Processing /home/airflow/.local/lib/python3.12/site-packages/airflow/example_dags/example_complex.py took 0.077 seconds
[2024-09-30T14:34:00.817+0000] {processor.py:186} INFO - Started process (PID=594) to work on /home/airflow/.local/lib/python3.12/site-packages/airflow/example_dags/example_complex.py
[2024-09-30T14:34:00.818+0000] {processor.py:914} INFO - Processing file /home/airflow/.local/lib/python3.12/site-packages/airflow/example_dags/example_complex.py for tasks to queue
[2024-09-30T14:34:00.820+0000] {logging_mixin.py:190} INFO - [2024-09-30T14:34:00.819+0000] {dagbag.py:588} INFO - Filling up the DagBag from /home/airflow/.local/lib/python3.12/site-packages/airflow/example_dags/example_complex.py
[2024-09-30T14:34:00.827+0000] {processor.py:925} INFO - DAG(s) 'example_complex' retrieved from /home/airflow/.local/lib/python3.12/site-packages/airflow/example_dags/example_complex.py
[2024-09-30T14:34:00.847+0000] {logging_mixin.py:190} INFO - [2024-09-30T14:34:00.846+0000] {dag.py:3239} INFO - Sync 1 DAGs
[2024-09-30T14:34:00.858+0000] {logging_mixin.py:190} INFO - [2024-09-30T14:34:00.857+0000] {dag.py:4180} INFO - Setting next_dagrun for example_complex to None, run_after=None
[2024-09-30T14:34:00.871+0000] {processor.py:208} INFO - Processing /home/airflow/.local/lib/python3.12/site-packages/airflow/example_dags/example_complex.py took 0.057 seconds
[2024-09-30T14:34:32.092+0000] {processor.py:186} INFO - Started process (PID=657) to work on /home/airflow/.local/lib/python3.12/site-packages/airflow/example_dags/example_complex.py
[2024-09-30T14:34:32.093+0000] {processor.py:914} INFO - Processing file /home/airflow/.local/lib/python3.12/site-packages/airflow/example_dags/example_complex.py for tasks to queue
[2024-09-30T14:34:32.095+0000] {logging_mixin.py:190} INFO - [2024-09-30T14:34:32.094+0000] {dagbag.py:588} INFO - Filling up the DagBag from /home/airflow/.local/lib/python3.12/site-packages/airflow/example_dags/example_complex.py
[2024-09-30T14:34:32.102+0000] {processor.py:925} INFO - DAG(s) 'example_complex' retrieved from /home/airflow/.local/lib/python3.12/site-packages/airflow/example_dags/example_complex.py
[2024-09-30T14:34:32.124+0000] {logging_mixin.py:190} INFO - [2024-09-30T14:34:32.124+0000] {dag.py:3239} INFO - Sync 1 DAGs
[2024-09-30T14:34:32.135+0000] {logging_mixin.py:190} INFO - [2024-09-30T14:34:32.134+0000] {dag.py:4180} INFO - Setting next_dagrun for example_complex to None, run_after=None
[2024-09-30T14:34:32.150+0000] {processor.py:208} INFO - Processing /home/airflow/.local/lib/python3.12/site-packages/airflow/example_dags/example_complex.py took 0.062 seconds
[2024-09-30T14:35:02.901+0000] {processor.py:186} INFO - Started process (PID=720) to work on /home/airflow/.local/lib/python3.12/site-packages/airflow/example_dags/example_complex.py
[2024-09-30T14:35:02.902+0000] {processor.py:914} INFO - Processing file /home/airflow/.local/lib/python3.12/site-packages/airflow/example_dags/example_complex.py for tasks to queue
[2024-09-30T14:35:02.903+0000] {logging_mixin.py:190} INFO - [2024-09-30T14:35:02.903+0000] {dagbag.py:588} INFO - Filling up the DagBag from /home/airflow/.local/lib/python3.12/site-packages/airflow/example_dags/example_complex.py
[2024-09-30T14:35:02.911+0000] {processor.py:925} INFO - DAG(s) 'example_complex' retrieved from /home/airflow/.local/lib/python3.12/site-packages/airflow/example_dags/example_complex.py
[2024-09-30T14:35:02.932+0000] {logging_mixin.py:190} INFO - [2024-09-30T14:35:02.932+0000] {dag.py:3239} INFO - Sync 1 DAGs
[2024-09-30T14:35:02.942+0000] {logging_mixin.py:190} INFO - [2024-09-30T14:35:02.942+0000] {dag.py:4180} INFO - Setting next_dagrun for example_complex to None, run_after=None
[2024-09-30T14:35:02.954+0000] {processor.py:208} INFO - Processing /home/airflow/.local/lib/python3.12/site-packages/airflow/example_dags/example_complex.py took 0.056 seconds
[2024-09-30T14:35:33.557+0000] {processor.py:186} INFO - Started process (PID=783) to work on /home/airflow/.local/lib/python3.12/site-packages/airflow/example_dags/example_complex.py
[2024-09-30T14:35:33.558+0000] {processor.py:914} INFO - Processing file /home/airflow/.local/lib/python3.12/site-packages/airflow/example_dags/example_complex.py for tasks to queue
[2024-09-30T14:35:33.559+0000] {logging_mixin.py:190} INFO - [2024-09-30T14:35:33.559+0000] {dagbag.py:588} INFO - Filling up the DagBag from /home/airflow/.local/lib/python3.12/site-packages/airflow/example_dags/example_complex.py
[2024-09-30T14:35:33.567+0000] {processor.py:925} INFO - DAG(s) 'example_complex' retrieved from /home/airflow/.local/lib/python3.12/site-packages/airflow/example_dags/example_complex.py
[2024-09-30T14:35:33.590+0000] {logging_mixin.py:190} INFO - [2024-09-30T14:35:33.590+0000] {dag.py:3239} INFO - Sync 1 DAGs
[2024-09-30T14:35:33.600+0000] {logging_mixin.py:190} INFO - [2024-09-30T14:35:33.600+0000] {dag.py:4180} INFO - Setting next_dagrun for example_complex to None, run_after=None
[2024-09-30T14:35:33.613+0000] {processor.py:208} INFO - Processing /home/airflow/.local/lib/python3.12/site-packages/airflow/example_dags/example_complex.py took 0.061 seconds
[2024-09-30T14:36:04.326+0000] {processor.py:186} INFO - Started process (PID=846) to work on /home/airflow/.local/lib/python3.12/site-packages/airflow/example_dags/example_complex.py
[2024-09-30T14:36:04.327+0000] {processor.py:914} INFO - Processing file /home/airflow/.local/lib/python3.12/site-packages/airflow/example_dags/example_complex.py for tasks to queue
[2024-09-30T14:36:04.329+0000] {logging_mixin.py:190} INFO - [2024-09-30T14:36:04.329+0000] {dagbag.py:588} INFO - Filling up the DagBag from /home/airflow/.local/lib/python3.12/site-packages/airflow/example_dags/example_complex.py
[2024-09-30T14:36:04.337+0000] {processor.py:925} INFO - DAG(s) 'example_complex' retrieved from /home/airflow/.local/lib/python3.12/site-packages/airflow/example_dags/example_complex.py
[2024-09-30T14:36:04.359+0000] {logging_mixin.py:190} INFO - [2024-09-30T14:36:04.359+0000] {dag.py:3239} INFO - Sync 1 DAGs
[2024-09-30T14:36:04.370+0000] {logging_mixin.py:190} INFO - [2024-09-30T14:36:04.370+0000] {dag.py:4180} INFO - Setting next_dagrun for example_complex to None, run_after=None
[2024-09-30T14:36:04.384+0000] {processor.py:208} INFO - Processing /home/airflow/.local/lib/python3.12/site-packages/airflow/example_dags/example_complex.py took 0.061 seconds
[2024-09-30T14:36:42.329+0000] {processor.py:186} INFO - Started process (PID=90) to work on /home/airflow/.local/lib/python3.12/site-packages/airflow/example_dags/example_complex.py
[2024-09-30T14:36:42.330+0000] {processor.py:914} INFO - Processing file /home/airflow/.local/lib/python3.12/site-packages/airflow/example_dags/example_complex.py for tasks to queue
[2024-09-30T14:36:42.331+0000] {logging_mixin.py:190} INFO - [2024-09-30T14:36:42.331+0000] {dagbag.py:588} INFO - Filling up the DagBag from /home/airflow/.local/lib/python3.12/site-packages/airflow/example_dags/example_complex.py
[2024-09-30T14:36:42.339+0000] {processor.py:925} INFO - DAG(s) 'example_complex' retrieved from /home/airflow/.local/lib/python3.12/site-packages/airflow/example_dags/example_complex.py
[2024-09-30T14:36:42.361+0000] {logging_mixin.py:190} INFO - [2024-09-30T14:36:42.360+0000] {dag.py:3239} INFO - Sync 1 DAGs
[2024-09-30T14:36:42.372+0000] {logging_mixin.py:190} INFO - [2024-09-30T14:36:42.372+0000] {dag.py:4180} INFO - Setting next_dagrun for example_complex to None, run_after=None
[2024-09-30T14:36:42.390+0000] {processor.py:208} INFO - Processing /home/airflow/.local/lib/python3.12/site-packages/airflow/example_dags/example_complex.py took 0.066 seconds
[2024-09-30T14:37:13.060+0000] {processor.py:186} INFO - Started process (PID=153) to work on /home/airflow/.local/lib/python3.12/site-packages/airflow/example_dags/example_complex.py
[2024-09-30T14:37:13.061+0000] {processor.py:914} INFO - Processing file /home/airflow/.local/lib/python3.12/site-packages/airflow/example_dags/example_complex.py for tasks to queue
[2024-09-30T14:37:13.062+0000] {logging_mixin.py:190} INFO - [2024-09-30T14:37:13.062+0000] {dagbag.py:588} INFO - Filling up the DagBag from /home/airflow/.local/lib/python3.12/site-packages/airflow/example_dags/example_complex.py
[2024-09-30T14:37:13.070+0000] {processor.py:925} INFO - DAG(s) 'example_complex' retrieved from /home/airflow/.local/lib/python3.12/site-packages/airflow/example_dags/example_complex.py
[2024-09-30T14:37:13.093+0000] {logging_mixin.py:190} INFO - [2024-09-30T14:37:13.092+0000] {dag.py:3239} INFO - Sync 1 DAGs
[2024-09-30T14:37:13.103+0000] {logging_mixin.py:190} INFO - [2024-09-30T14:37:13.103+0000] {dag.py:4180} INFO - Setting next_dagrun for example_complex to None, run_after=None
[2024-09-30T14:37:13.118+0000] {processor.py:208} INFO - Processing /home/airflow/.local/lib/python3.12/site-packages/airflow/example_dags/example_complex.py took 0.061 seconds
[2024-09-30T14:37:44.027+0000] {processor.py:186} INFO - Started process (PID=216) to work on /home/airflow/.local/lib/python3.12/site-packages/airflow/example_dags/example_complex.py
[2024-09-30T14:37:44.028+0000] {processor.py:914} INFO - Processing file /home/airflow/.local/lib/python3.12/site-packages/airflow/example_dags/example_complex.py for tasks to queue
[2024-09-30T14:37:44.030+0000] {logging_mixin.py:190} INFO - [2024-09-30T14:37:44.029+0000] {dagbag.py:588} INFO - Filling up the DagBag from /home/airflow/.local/lib/python3.12/site-packages/airflow/example_dags/example_complex.py
[2024-09-30T14:37:44.039+0000] {processor.py:925} INFO - DAG(s) 'example_complex' retrieved from /home/airflow/.local/lib/python3.12/site-packages/airflow/example_dags/example_complex.py
[2024-09-30T14:37:44.059+0000] {logging_mixin.py:190} INFO - [2024-09-30T14:37:44.059+0000] {dag.py:3239} INFO - Sync 1 DAGs
[2024-09-30T14:37:44.070+0000] {logging_mixin.py:190} INFO - [2024-09-30T14:37:44.070+0000] {dag.py:4180} INFO - Setting next_dagrun for example_complex to None, run_after=None
[2024-09-30T14:37:44.084+0000] {processor.py:208} INFO - Processing /home/airflow/.local/lib/python3.12/site-packages/airflow/example_dags/example_complex.py took 0.061 seconds
[2024-09-30T14:38:14.788+0000] {processor.py:186} INFO - Started process (PID=279) to work on /home/airflow/.local/lib/python3.12/site-packages/airflow/example_dags/example_complex.py
[2024-09-30T14:38:14.789+0000] {processor.py:914} INFO - Processing file /home/airflow/.local/lib/python3.12/site-packages/airflow/example_dags/example_complex.py for tasks to queue
[2024-09-30T14:38:14.791+0000] {logging_mixin.py:190} INFO - [2024-09-30T14:38:14.790+0000] {dagbag.py:588} INFO - Filling up the DagBag from /home/airflow/.local/lib/python3.12/site-packages/airflow/example_dags/example_complex.py
[2024-09-30T14:38:14.798+0000] {processor.py:925} INFO - DAG(s) 'example_complex' retrieved from /home/airflow/.local/lib/python3.12/site-packages/airflow/example_dags/example_complex.py
[2024-09-30T14:38:14.819+0000] {logging_mixin.py:190} INFO - [2024-09-30T14:38:14.819+0000] {dag.py:3239} INFO - Sync 1 DAGs
[2024-09-30T14:38:14.829+0000] {logging_mixin.py:190} INFO - [2024-09-30T14:38:14.829+0000] {dag.py:4180} INFO - Setting next_dagrun for example_complex to None, run_after=None
[2024-09-30T14:38:14.842+0000] {processor.py:208} INFO - Processing /home/airflow/.local/lib/python3.12/site-packages/airflow/example_dags/example_complex.py took 0.057 seconds
[2024-09-30T14:38:45.475+0000] {processor.py:186} INFO - Started process (PID=342) to work on /home/airflow/.local/lib/python3.12/site-packages/airflow/example_dags/example_complex.py
[2024-09-30T14:38:45.476+0000] {processor.py:914} INFO - Processing file /home/airflow/.local/lib/python3.12/site-packages/airflow/example_dags/example_complex.py for tasks to queue
[2024-09-30T14:38:45.477+0000] {logging_mixin.py:190} INFO - [2024-09-30T14:38:45.477+0000] {dagbag.py:588} INFO - Filling up the DagBag from /home/airflow/.local/lib/python3.12/site-packages/airflow/example_dags/example_complex.py
[2024-09-30T14:38:45.486+0000] {processor.py:925} INFO - DAG(s) 'example_complex' retrieved from /home/airflow/.local/lib/python3.12/site-packages/airflow/example_dags/example_complex.py
[2024-09-30T14:38:45.508+0000] {logging_mixin.py:190} INFO - [2024-09-30T14:38:45.508+0000] {dag.py:3239} INFO - Sync 1 DAGs
[2024-09-30T14:38:45.519+0000] {logging_mixin.py:190} INFO - [2024-09-30T14:38:45.518+0000] {dag.py:4180} INFO - Setting next_dagrun for example_complex to None, run_after=None
[2024-09-30T14:38:45.532+0000] {processor.py:208} INFO - Processing /home/airflow/.local/lib/python3.12/site-packages/airflow/example_dags/example_complex.py took 0.061 seconds
[2024-09-30T14:39:16.200+0000] {processor.py:186} INFO - Started process (PID=405) to work on /home/airflow/.local/lib/python3.12/site-packages/airflow/example_dags/example_complex.py
[2024-09-30T14:39:16.200+0000] {processor.py:914} INFO - Processing file /home/airflow/.local/lib/python3.12/site-packages/airflow/example_dags/example_complex.py for tasks to queue
[2024-09-30T14:39:16.202+0000] {logging_mixin.py:190} INFO - [2024-09-30T14:39:16.202+0000] {dagbag.py:588} INFO - Filling up the DagBag from /home/airflow/.local/lib/python3.12/site-packages/airflow/example_dags/example_complex.py
[2024-09-30T14:39:16.209+0000] {processor.py:925} INFO - DAG(s) 'example_complex' retrieved from /home/airflow/.local/lib/python3.12/site-packages/airflow/example_dags/example_complex.py
[2024-09-30T14:39:16.230+0000] {logging_mixin.py:190} INFO - [2024-09-30T14:39:16.229+0000] {dag.py:3239} INFO - Sync 1 DAGs
[2024-09-30T14:39:16.239+0000] {logging_mixin.py:190} INFO - [2024-09-30T14:39:16.239+0000] {dag.py:4180} INFO - Setting next_dagrun for example_complex to None, run_after=None
[2024-09-30T14:39:16.251+0000] {processor.py:208} INFO - Processing /home/airflow/.local/lib/python3.12/site-packages/airflow/example_dags/example_complex.py took 0.055 seconds
[2024-09-30T14:39:43.074+0000] {processor.py:186} INFO - Started process (PID=90) to work on /home/airflow/.local/lib/python3.12/site-packages/airflow/example_dags/example_complex.py
[2024-09-30T14:39:43.075+0000] {processor.py:914} INFO - Processing file /home/airflow/.local/lib/python3.12/site-packages/airflow/example_dags/example_complex.py for tasks to queue
[2024-09-30T14:39:43.077+0000] {logging_mixin.py:190} INFO - [2024-09-30T14:39:43.077+0000] {dagbag.py:588} INFO - Filling up the DagBag from /home/airflow/.local/lib/python3.12/site-packages/airflow/example_dags/example_complex.py
[2024-09-30T14:39:43.088+0000] {processor.py:925} INFO - DAG(s) 'example_complex' retrieved from /home/airflow/.local/lib/python3.12/site-packages/airflow/example_dags/example_complex.py
[2024-09-30T14:39:43.110+0000] {logging_mixin.py:190} INFO - [2024-09-30T14:39:43.109+0000] {dag.py:3239} INFO - Sync 1 DAGs
[2024-09-30T14:39:43.122+0000] {logging_mixin.py:190} INFO - [2024-09-30T14:39:43.122+0000] {dag.py:4180} INFO - Setting next_dagrun for example_complex to None, run_after=None
[2024-09-30T14:39:43.138+0000] {processor.py:208} INFO - Processing /home/airflow/.local/lib/python3.12/site-packages/airflow/example_dags/example_complex.py took 0.068 seconds
[2024-09-30T14:40:13.981+0000] {processor.py:186} INFO - Started process (PID=153) to work on /home/airflow/.local/lib/python3.12/site-packages/airflow/example_dags/example_complex.py
[2024-09-30T14:40:13.982+0000] {processor.py:914} INFO - Processing file /home/airflow/.local/lib/python3.12/site-packages/airflow/example_dags/example_complex.py for tasks to queue
[2024-09-30T14:40:13.983+0000] {logging_mixin.py:190} INFO - [2024-09-30T14:40:13.983+0000] {dagbag.py:588} INFO - Filling up the DagBag from /home/airflow/.local/lib/python3.12/site-packages/airflow/example_dags/example_complex.py
[2024-09-30T14:40:13.991+0000] {processor.py:925} INFO - DAG(s) 'example_complex' retrieved from /home/airflow/.local/lib/python3.12/site-packages/airflow/example_dags/example_complex.py
[2024-09-30T14:40:14.012+0000] {logging_mixin.py:190} INFO - [2024-09-30T14:40:14.012+0000] {dag.py:3239} INFO - Sync 1 DAGs
[2024-09-30T14:40:14.022+0000] {logging_mixin.py:190} INFO - [2024-09-30T14:40:14.022+0000] {dag.py:4180} INFO - Setting next_dagrun for example_complex to None, run_after=None
[2024-09-30T14:40:14.035+0000] {processor.py:208} INFO - Processing /home/airflow/.local/lib/python3.12/site-packages/airflow/example_dags/example_complex.py took 0.058 seconds
[2024-09-30T14:40:44.695+0000] {processor.py:186} INFO - Started process (PID=216) to work on /home/airflow/.local/lib/python3.12/site-packages/airflow/example_dags/example_complex.py
[2024-09-30T14:40:44.696+0000] {processor.py:914} INFO - Processing file /home/airflow/.local/lib/python3.12/site-packages/airflow/example_dags/example_complex.py for tasks to queue
[2024-09-30T14:40:44.697+0000] {logging_mixin.py:190} INFO - [2024-09-30T14:40:44.697+0000] {dagbag.py:588} INFO - Filling up the DagBag from /home/airflow/.local/lib/python3.12/site-packages/airflow/example_dags/example_complex.py
[2024-09-30T14:40:44.705+0000] {processor.py:925} INFO - DAG(s) 'example_complex' retrieved from /home/airflow/.local/lib/python3.12/site-packages/airflow/example_dags/example_complex.py
[2024-09-30T14:40:44.731+0000] {logging_mixin.py:190} INFO - [2024-09-30T14:40:44.730+0000] {dag.py:3239} INFO - Sync 1 DAGs
[2024-09-30T14:40:44.741+0000] {logging_mixin.py:190} INFO - [2024-09-30T14:40:44.741+0000] {dag.py:4180} INFO - Setting next_dagrun for example_complex to None, run_after=None
[2024-09-30T14:40:44.754+0000] {processor.py:208} INFO - Processing /home/airflow/.local/lib/python3.12/site-packages/airflow/example_dags/example_complex.py took 0.063 seconds
[2024-09-30T14:41:15.569+0000] {processor.py:186} INFO - Started process (PID=279) to work on /home/airflow/.local/lib/python3.12/site-packages/airflow/example_dags/example_complex.py
[2024-09-30T14:41:15.570+0000] {processor.py:914} INFO - Processing file /home/airflow/.local/lib/python3.12/site-packages/airflow/example_dags/example_complex.py for tasks to queue
[2024-09-30T14:41:15.571+0000] {logging_mixin.py:190} INFO - [2024-09-30T14:41:15.571+0000] {dagbag.py:588} INFO - Filling up the DagBag from /home/airflow/.local/lib/python3.12/site-packages/airflow/example_dags/example_complex.py
[2024-09-30T14:41:15.579+0000] {processor.py:925} INFO - DAG(s) 'example_complex' retrieved from /home/airflow/.local/lib/python3.12/site-packages/airflow/example_dags/example_complex.py
[2024-09-30T14:41:15.602+0000] {logging_mixin.py:190} INFO - [2024-09-30T14:41:15.602+0000] {dag.py:3239} INFO - Sync 1 DAGs
[2024-09-30T14:41:15.612+0000] {logging_mixin.py:190} INFO - [2024-09-30T14:41:15.612+0000] {dag.py:4180} INFO - Setting next_dagrun for example_complex to None, run_after=None
[2024-09-30T14:41:15.625+0000] {processor.py:208} INFO - Processing /home/airflow/.local/lib/python3.12/site-packages/airflow/example_dags/example_complex.py took 0.060 seconds
