[2024-09-30T14:12:28.367+0000] {processor.py:186} INFO - Started process (PID=64) to work on /home/airflow/.local/lib/python3.12/site-packages/airflow/example_dags/example_branch_python_dop_operator_3.py
[2024-09-30T14:12:28.367+0000] {processor.py:914} INFO - Processing file /home/airflow/.local/lib/python3.12/site-packages/airflow/example_dags/example_branch_python_dop_operator_3.py for tasks to queue
[2024-09-30T14:12:28.369+0000] {logging_mixin.py:190} INFO - [2024-09-30T14:12:28.369+0000] {dagbag.py:588} INFO - Filling up the DagBag from /home/airflow/.local/lib/python3.12/site-packages/airflow/example_dags/example_branch_python_dop_operator_3.py
[2024-09-30T14:12:28.377+0000] {processor.py:925} INFO - DAG(s) 'example_branch_dop_operator_v3' retrieved from /home/airflow/.local/lib/python3.12/site-packages/airflow/example_dags/example_branch_python_dop_operator_3.py
[2024-09-30T14:12:28.393+0000] {logging_mixin.py:190} INFO - [2024-09-30T14:12:28.393+0000] {dag.py:3239} INFO - Sync 1 DAGs
[2024-09-30T14:12:28.423+0000] {logging_mixin.py:190} INFO - [2024-09-30T14:12:28.423+0000] {dag.py:4180} INFO - Setting next_dagrun for example_branch_dop_operator_v3 to 2024-09-30 14:11:00+00:00, run_after=2024-09-30 14:12:00+00:00
[2024-09-30T14:12:28.441+0000] {processor.py:208} INFO - Processing /home/airflow/.local/lib/python3.12/site-packages/airflow/example_dags/example_branch_python_dop_operator_3.py took 0.078 seconds
[2024-09-30T14:12:58.834+0000] {processor.py:186} INFO - Started process (PID=127) to work on /home/airflow/.local/lib/python3.12/site-packages/airflow/example_dags/example_branch_python_dop_operator_3.py
[2024-09-30T14:12:58.835+0000] {processor.py:914} INFO - Processing file /home/airflow/.local/lib/python3.12/site-packages/airflow/example_dags/example_branch_python_dop_operator_3.py for tasks to queue
[2024-09-30T14:12:58.836+0000] {logging_mixin.py:190} INFO - [2024-09-30T14:12:58.836+0000] {dagbag.py:588} INFO - Filling up the DagBag from /home/airflow/.local/lib/python3.12/site-packages/airflow/example_dags/example_branch_python_dop_operator_3.py
[2024-09-30T14:12:58.844+0000] {processor.py:925} INFO - DAG(s) 'example_branch_dop_operator_v3' retrieved from /home/airflow/.local/lib/python3.12/site-packages/airflow/example_dags/example_branch_python_dop_operator_3.py
[2024-09-30T14:12:58.857+0000] {logging_mixin.py:190} INFO - [2024-09-30T14:12:58.857+0000] {dag.py:3239} INFO - Sync 1 DAGs
[2024-09-30T14:12:58.874+0000] {logging_mixin.py:190} INFO - [2024-09-30T14:12:58.874+0000] {dag.py:4180} INFO - Setting next_dagrun for example_branch_dop_operator_v3 to 2024-09-30 14:11:00+00:00, run_after=2024-09-30 14:12:00+00:00
[2024-09-30T14:12:58.887+0000] {processor.py:208} INFO - Processing /home/airflow/.local/lib/python3.12/site-packages/airflow/example_dags/example_branch_python_dop_operator_3.py took 0.057 seconds
[2024-09-30T14:13:29.664+0000] {processor.py:186} INFO - Started process (PID=190) to work on /home/airflow/.local/lib/python3.12/site-packages/airflow/example_dags/example_branch_python_dop_operator_3.py
[2024-09-30T14:13:29.665+0000] {processor.py:914} INFO - Processing file /home/airflow/.local/lib/python3.12/site-packages/airflow/example_dags/example_branch_python_dop_operator_3.py for tasks to queue
[2024-09-30T14:13:29.667+0000] {logging_mixin.py:190} INFO - [2024-09-30T14:13:29.667+0000] {dagbag.py:588} INFO - Filling up the DagBag from /home/airflow/.local/lib/python3.12/site-packages/airflow/example_dags/example_branch_python_dop_operator_3.py
[2024-09-30T14:13:29.674+0000] {processor.py:925} INFO - DAG(s) 'example_branch_dop_operator_v3' retrieved from /home/airflow/.local/lib/python3.12/site-packages/airflow/example_dags/example_branch_python_dop_operator_3.py
[2024-09-30T14:13:29.690+0000] {logging_mixin.py:190} INFO - [2024-09-30T14:13:29.689+0000] {dag.py:3239} INFO - Sync 1 DAGs
[2024-09-30T14:13:29.712+0000] {logging_mixin.py:190} INFO - [2024-09-30T14:13:29.712+0000] {dag.py:4180} INFO - Setting next_dagrun for example_branch_dop_operator_v3 to 2024-09-30 14:12:00+00:00, run_after=2024-09-30 14:13:00+00:00
[2024-09-30T14:13:29.726+0000] {processor.py:208} INFO - Processing /home/airflow/.local/lib/python3.12/site-packages/airflow/example_dags/example_branch_python_dop_operator_3.py took 0.066 seconds
[2024-09-30T14:14:01.328+0000] {processor.py:186} INFO - Started process (PID=259) to work on /home/airflow/.local/lib/python3.12/site-packages/airflow/example_dags/example_branch_python_dop_operator_3.py
[2024-09-30T14:14:01.329+0000] {processor.py:914} INFO - Processing file /home/airflow/.local/lib/python3.12/site-packages/airflow/example_dags/example_branch_python_dop_operator_3.py for tasks to queue
[2024-09-30T14:14:01.331+0000] {logging_mixin.py:190} INFO - [2024-09-30T14:14:01.330+0000] {dagbag.py:588} INFO - Filling up the DagBag from /home/airflow/.local/lib/python3.12/site-packages/airflow/example_dags/example_branch_python_dop_operator_3.py
[2024-09-30T14:14:01.338+0000] {processor.py:925} INFO - DAG(s) 'example_branch_dop_operator_v3' retrieved from /home/airflow/.local/lib/python3.12/site-packages/airflow/example_dags/example_branch_python_dop_operator_3.py
[2024-09-30T14:14:01.351+0000] {logging_mixin.py:190} INFO - [2024-09-30T14:14:01.351+0000] {dag.py:3239} INFO - Sync 1 DAGs
[2024-09-30T14:14:01.371+0000] {logging_mixin.py:190} INFO - [2024-09-30T14:14:01.370+0000] {dag.py:4180} INFO - Setting next_dagrun for example_branch_dop_operator_v3 to 2024-09-30 14:13:00+00:00, run_after=2024-09-30 14:14:00+00:00
[2024-09-30T14:14:01.384+0000] {processor.py:208} INFO - Processing /home/airflow/.local/lib/python3.12/site-packages/airflow/example_dags/example_branch_python_dop_operator_3.py took 0.061 seconds
[2024-09-30T14:14:32.208+0000] {processor.py:186} INFO - Started process (PID=322) to work on /home/airflow/.local/lib/python3.12/site-packages/airflow/example_dags/example_branch_python_dop_operator_3.py
[2024-09-30T14:14:32.208+0000] {processor.py:914} INFO - Processing file /home/airflow/.local/lib/python3.12/site-packages/airflow/example_dags/example_branch_python_dop_operator_3.py for tasks to queue
[2024-09-30T14:14:32.210+0000] {logging_mixin.py:190} INFO - [2024-09-30T14:14:32.210+0000] {dagbag.py:588} INFO - Filling up the DagBag from /home/airflow/.local/lib/python3.12/site-packages/airflow/example_dags/example_branch_python_dop_operator_3.py
[2024-09-30T14:14:32.216+0000] {processor.py:925} INFO - DAG(s) 'example_branch_dop_operator_v3' retrieved from /home/airflow/.local/lib/python3.12/site-packages/airflow/example_dags/example_branch_python_dop_operator_3.py
[2024-09-30T14:14:32.229+0000] {logging_mixin.py:190} INFO - [2024-09-30T14:14:32.229+0000] {dag.py:3239} INFO - Sync 1 DAGs
[2024-09-30T14:14:32.246+0000] {logging_mixin.py:190} INFO - [2024-09-30T14:14:32.245+0000] {dag.py:4180} INFO - Setting next_dagrun for example_branch_dop_operator_v3 to 2024-09-30 14:13:00+00:00, run_after=2024-09-30 14:14:00+00:00
[2024-09-30T14:14:32.257+0000] {processor.py:208} INFO - Processing /home/airflow/.local/lib/python3.12/site-packages/airflow/example_dags/example_branch_python_dop_operator_3.py took 0.053 seconds
[2024-09-30T14:15:02.330+0000] {processor.py:186} INFO - Started process (PID=385) to work on /home/airflow/.local/lib/python3.12/site-packages/airflow/example_dags/example_branch_python_dop_operator_3.py
[2024-09-30T14:15:02.331+0000] {processor.py:914} INFO - Processing file /home/airflow/.local/lib/python3.12/site-packages/airflow/example_dags/example_branch_python_dop_operator_3.py for tasks to queue
[2024-09-30T14:15:02.332+0000] {logging_mixin.py:190} INFO - [2024-09-30T14:15:02.332+0000] {dagbag.py:588} INFO - Filling up the DagBag from /home/airflow/.local/lib/python3.12/site-packages/airflow/example_dags/example_branch_python_dop_operator_3.py
[2024-09-30T14:15:02.339+0000] {processor.py:925} INFO - DAG(s) 'example_branch_dop_operator_v3' retrieved from /home/airflow/.local/lib/python3.12/site-packages/airflow/example_dags/example_branch_python_dop_operator_3.py
[2024-09-30T14:15:02.352+0000] {logging_mixin.py:190} INFO - [2024-09-30T14:15:02.352+0000] {dag.py:3239} INFO - Sync 1 DAGs
[2024-09-30T14:15:02.369+0000] {logging_mixin.py:190} INFO - [2024-09-30T14:15:02.369+0000] {dag.py:4180} INFO - Setting next_dagrun for example_branch_dop_operator_v3 to 2024-09-30 14:14:00+00:00, run_after=2024-09-30 14:15:00+00:00
[2024-09-30T14:15:02.384+0000] {processor.py:208} INFO - Processing /home/airflow/.local/lib/python3.12/site-packages/airflow/example_dags/example_branch_python_dop_operator_3.py took 0.057 seconds
[2024-09-30T14:15:32.489+0000] {processor.py:186} INFO - Started process (PID=448) to work on /home/airflow/.local/lib/python3.12/site-packages/airflow/example_dags/example_branch_python_dop_operator_3.py
[2024-09-30T14:15:32.490+0000] {processor.py:914} INFO - Processing file /home/airflow/.local/lib/python3.12/site-packages/airflow/example_dags/example_branch_python_dop_operator_3.py for tasks to queue
[2024-09-30T14:15:32.492+0000] {logging_mixin.py:190} INFO - [2024-09-30T14:15:32.491+0000] {dagbag.py:588} INFO - Filling up the DagBag from /home/airflow/.local/lib/python3.12/site-packages/airflow/example_dags/example_branch_python_dop_operator_3.py
[2024-09-30T14:15:32.498+0000] {processor.py:925} INFO - DAG(s) 'example_branch_dop_operator_v3' retrieved from /home/airflow/.local/lib/python3.12/site-packages/airflow/example_dags/example_branch_python_dop_operator_3.py
[2024-09-30T14:15:32.510+0000] {logging_mixin.py:190} INFO - [2024-09-30T14:15:32.510+0000] {dag.py:3239} INFO - Sync 1 DAGs
[2024-09-30T14:15:32.526+0000] {logging_mixin.py:190} INFO - [2024-09-30T14:15:32.526+0000] {dag.py:4180} INFO - Setting next_dagrun for example_branch_dop_operator_v3 to 2024-09-30 14:14:00+00:00, run_after=2024-09-30 14:15:00+00:00
[2024-09-30T14:15:32.538+0000] {processor.py:208} INFO - Processing /home/airflow/.local/lib/python3.12/site-packages/airflow/example_dags/example_branch_python_dop_operator_3.py took 0.052 seconds
[2024-09-30T14:16:03.275+0000] {processor.py:186} INFO - Started process (PID=511) to work on /home/airflow/.local/lib/python3.12/site-packages/airflow/example_dags/example_branch_python_dop_operator_3.py
[2024-09-30T14:16:03.276+0000] {processor.py:914} INFO - Processing file /home/airflow/.local/lib/python3.12/site-packages/airflow/example_dags/example_branch_python_dop_operator_3.py for tasks to queue
[2024-09-30T14:16:03.277+0000] {logging_mixin.py:190} INFO - [2024-09-30T14:16:03.277+0000] {dagbag.py:588} INFO - Filling up the DagBag from /home/airflow/.local/lib/python3.12/site-packages/airflow/example_dags/example_branch_python_dop_operator_3.py
[2024-09-30T14:16:03.284+0000] {processor.py:925} INFO - DAG(s) 'example_branch_dop_operator_v3' retrieved from /home/airflow/.local/lib/python3.12/site-packages/airflow/example_dags/example_branch_python_dop_operator_3.py
[2024-09-30T14:16:03.295+0000] {logging_mixin.py:190} INFO - [2024-09-30T14:16:03.295+0000] {dag.py:3239} INFO - Sync 1 DAGs
[2024-09-30T14:16:03.331+0000] {logging_mixin.py:190} INFO - [2024-09-30T14:16:03.331+0000] {dag.py:4180} INFO - Setting next_dagrun for example_branch_dop_operator_v3 to 2024-09-30 14:15:00+00:00, run_after=2024-09-30 14:16:00+00:00
[2024-09-30T14:16:03.343+0000] {processor.py:208} INFO - Processing /home/airflow/.local/lib/python3.12/site-packages/airflow/example_dags/example_branch_python_dop_operator_3.py took 0.072 seconds
[2024-09-30T14:16:33.941+0000] {processor.py:186} INFO - Started process (PID=575) to work on /home/airflow/.local/lib/python3.12/site-packages/airflow/example_dags/example_branch_python_dop_operator_3.py
[2024-09-30T14:16:33.941+0000] {processor.py:914} INFO - Processing file /home/airflow/.local/lib/python3.12/site-packages/airflow/example_dags/example_branch_python_dop_operator_3.py for tasks to queue
[2024-09-30T14:16:33.943+0000] {logging_mixin.py:190} INFO - [2024-09-30T14:16:33.943+0000] {dagbag.py:588} INFO - Filling up the DagBag from /home/airflow/.local/lib/python3.12/site-packages/airflow/example_dags/example_branch_python_dop_operator_3.py
[2024-09-30T14:16:33.950+0000] {processor.py:925} INFO - DAG(s) 'example_branch_dop_operator_v3' retrieved from /home/airflow/.local/lib/python3.12/site-packages/airflow/example_dags/example_branch_python_dop_operator_3.py
[2024-09-30T14:16:33.962+0000] {logging_mixin.py:190} INFO - [2024-09-30T14:16:33.962+0000] {dag.py:3239} INFO - Sync 1 DAGs
[2024-09-30T14:16:33.979+0000] {logging_mixin.py:190} INFO - [2024-09-30T14:16:33.979+0000] {dag.py:4180} INFO - Setting next_dagrun for example_branch_dop_operator_v3 to 2024-09-30 14:15:00+00:00, run_after=2024-09-30 14:16:00+00:00
[2024-09-30T14:16:33.992+0000] {processor.py:208} INFO - Processing /home/airflow/.local/lib/python3.12/site-packages/airflow/example_dags/example_branch_python_dop_operator_3.py took 0.055 seconds
[2024-09-30T14:16:59.504+0000] {processor.py:186} INFO - Started process (PID=58) to work on /home/airflow/.local/lib/python3.12/site-packages/airflow/example_dags/example_branch_python_dop_operator_3.py
[2024-09-30T14:16:59.504+0000] {processor.py:914} INFO - Processing file /home/airflow/.local/lib/python3.12/site-packages/airflow/example_dags/example_branch_python_dop_operator_3.py for tasks to queue
[2024-09-30T14:16:59.506+0000] {logging_mixin.py:190} INFO - [2024-09-30T14:16:59.505+0000] {dagbag.py:588} INFO - Filling up the DagBag from /home/airflow/.local/lib/python3.12/site-packages/airflow/example_dags/example_branch_python_dop_operator_3.py
[2024-09-30T14:16:59.512+0000] {processor.py:925} INFO - DAG(s) 'example_branch_dop_operator_v3' retrieved from /home/airflow/.local/lib/python3.12/site-packages/airflow/example_dags/example_branch_python_dop_operator_3.py
[2024-09-30T14:16:59.526+0000] {logging_mixin.py:190} INFO - [2024-09-30T14:16:59.526+0000] {dag.py:3239} INFO - Sync 1 DAGs
[2024-09-30T14:16:59.544+0000] {logging_mixin.py:190} INFO - [2024-09-30T14:16:59.543+0000] {dag.py:4180} INFO - Setting next_dagrun for example_branch_dop_operator_v3 to 2024-09-30 14:15:00+00:00, run_after=2024-09-30 14:16:00+00:00
[2024-09-30T14:16:59.557+0000] {processor.py:208} INFO - Processing /home/airflow/.local/lib/python3.12/site-packages/airflow/example_dags/example_branch_python_dop_operator_3.py took 0.057 seconds
[2024-09-30T14:17:30.322+0000] {processor.py:186} INFO - Started process (PID=121) to work on /home/airflow/.local/lib/python3.12/site-packages/airflow/example_dags/example_branch_python_dop_operator_3.py
[2024-09-30T14:17:30.323+0000] {processor.py:914} INFO - Processing file /home/airflow/.local/lib/python3.12/site-packages/airflow/example_dags/example_branch_python_dop_operator_3.py for tasks to queue
[2024-09-30T14:17:30.325+0000] {logging_mixin.py:190} INFO - [2024-09-30T14:17:30.324+0000] {dagbag.py:588} INFO - Filling up the DagBag from /home/airflow/.local/lib/python3.12/site-packages/airflow/example_dags/example_branch_python_dop_operator_3.py
[2024-09-30T14:17:30.331+0000] {processor.py:925} INFO - DAG(s) 'example_branch_dop_operator_v3' retrieved from /home/airflow/.local/lib/python3.12/site-packages/airflow/example_dags/example_branch_python_dop_operator_3.py
[2024-09-30T14:17:30.346+0000] {logging_mixin.py:190} INFO - [2024-09-30T14:17:30.345+0000] {dag.py:3239} INFO - Sync 1 DAGs
[2024-09-30T14:17:30.363+0000] {logging_mixin.py:190} INFO - [2024-09-30T14:17:30.362+0000] {dag.py:4180} INFO - Setting next_dagrun for example_branch_dop_operator_v3 to 2024-09-30 14:16:00+00:00, run_after=2024-09-30 14:17:00+00:00
[2024-09-30T14:17:30.375+0000] {processor.py:208} INFO - Processing /home/airflow/.local/lib/python3.12/site-packages/airflow/example_dags/example_branch_python_dop_operator_3.py took 0.056 seconds
[2024-09-30T14:18:02.072+0000] {processor.py:186} INFO - Started process (PID=58) to work on /home/airflow/.local/lib/python3.12/site-packages/airflow/example_dags/example_branch_python_dop_operator_3.py
[2024-09-30T14:18:02.073+0000] {processor.py:914} INFO - Processing file /home/airflow/.local/lib/python3.12/site-packages/airflow/example_dags/example_branch_python_dop_operator_3.py for tasks to queue
[2024-09-30T14:18:02.075+0000] {logging_mixin.py:190} INFO - [2024-09-30T14:18:02.074+0000] {dagbag.py:588} INFO - Filling up the DagBag from /home/airflow/.local/lib/python3.12/site-packages/airflow/example_dags/example_branch_python_dop_operator_3.py
[2024-09-30T14:18:02.081+0000] {processor.py:925} INFO - DAG(s) 'example_branch_dop_operator_v3' retrieved from /home/airflow/.local/lib/python3.12/site-packages/airflow/example_dags/example_branch_python_dop_operator_3.py
[2024-09-30T14:18:02.097+0000] {logging_mixin.py:190} INFO - [2024-09-30T14:18:02.097+0000] {dag.py:3239} INFO - Sync 1 DAGs
[2024-09-30T14:18:02.116+0000] {logging_mixin.py:190} INFO - [2024-09-30T14:18:02.116+0000] {dag.py:4180} INFO - Setting next_dagrun for example_branch_dop_operator_v3 to 2024-09-30 14:17:00+00:00, run_after=2024-09-30 14:18:00+00:00
[2024-09-30T14:18:02.131+0000] {processor.py:208} INFO - Processing /home/airflow/.local/lib/python3.12/site-packages/airflow/example_dags/example_branch_python_dop_operator_3.py took 0.063 seconds
[2024-09-30T14:18:32.152+0000] {processor.py:186} INFO - Started process (PID=121) to work on /home/airflow/.local/lib/python3.12/site-packages/airflow/example_dags/example_branch_python_dop_operator_3.py
[2024-09-30T14:18:32.153+0000] {processor.py:914} INFO - Processing file /home/airflow/.local/lib/python3.12/site-packages/airflow/example_dags/example_branch_python_dop_operator_3.py for tasks to queue
[2024-09-30T14:18:32.154+0000] {logging_mixin.py:190} INFO - [2024-09-30T14:18:32.154+0000] {dagbag.py:588} INFO - Filling up the DagBag from /home/airflow/.local/lib/python3.12/site-packages/airflow/example_dags/example_branch_python_dop_operator_3.py
[2024-09-30T14:18:32.160+0000] {processor.py:925} INFO - DAG(s) 'example_branch_dop_operator_v3' retrieved from /home/airflow/.local/lib/python3.12/site-packages/airflow/example_dags/example_branch_python_dop_operator_3.py
[2024-09-30T14:18:32.173+0000] {logging_mixin.py:190} INFO - [2024-09-30T14:18:32.173+0000] {dag.py:3239} INFO - Sync 1 DAGs
[2024-09-30T14:18:32.191+0000] {logging_mixin.py:190} INFO - [2024-09-30T14:18:32.191+0000] {dag.py:4180} INFO - Setting next_dagrun for example_branch_dop_operator_v3 to 2024-09-30 14:17:00+00:00, run_after=2024-09-30 14:18:00+00:00
[2024-09-30T14:18:32.203+0000] {processor.py:208} INFO - Processing /home/airflow/.local/lib/python3.12/site-packages/airflow/example_dags/example_branch_python_dop_operator_3.py took 0.054 seconds
[2024-09-30T14:19:02.711+0000] {processor.py:186} INFO - Started process (PID=184) to work on /home/airflow/.local/lib/python3.12/site-packages/airflow/example_dags/example_branch_python_dop_operator_3.py
[2024-09-30T14:19:02.712+0000] {processor.py:914} INFO - Processing file /home/airflow/.local/lib/python3.12/site-packages/airflow/example_dags/example_branch_python_dop_operator_3.py for tasks to queue
[2024-09-30T14:19:02.712+0000] {logging_mixin.py:190} INFO - [2024-09-30T14:19:02.712+0000] {dagbag.py:588} INFO - Filling up the DagBag from /home/airflow/.local/lib/python3.12/site-packages/airflow/example_dags/example_branch_python_dop_operator_3.py
[2024-09-30T14:19:02.719+0000] {processor.py:925} INFO - DAG(s) 'example_branch_dop_operator_v3' retrieved from /home/airflow/.local/lib/python3.12/site-packages/airflow/example_dags/example_branch_python_dop_operator_3.py
[2024-09-30T14:19:02.731+0000] {logging_mixin.py:190} INFO - [2024-09-30T14:19:02.731+0000] {dag.py:3239} INFO - Sync 1 DAGs
[2024-09-30T14:19:02.749+0000] {logging_mixin.py:190} INFO - [2024-09-30T14:19:02.749+0000] {dag.py:4180} INFO - Setting next_dagrun for example_branch_dop_operator_v3 to 2024-09-30 14:18:00+00:00, run_after=2024-09-30 14:19:00+00:00
[2024-09-30T14:19:02.761+0000] {processor.py:208} INFO - Processing /home/airflow/.local/lib/python3.12/site-packages/airflow/example_dags/example_branch_python_dop_operator_3.py took 0.053 seconds
[2024-09-30T14:19:46.589+0000] {processor.py:186} INFO - Started process (PID=58) to work on /home/airflow/.local/lib/python3.12/site-packages/airflow/example_dags/example_branch_python_dop_operator_3.py
[2024-09-30T14:19:46.590+0000] {processor.py:914} INFO - Processing file /home/airflow/.local/lib/python3.12/site-packages/airflow/example_dags/example_branch_python_dop_operator_3.py for tasks to queue
[2024-09-30T14:19:46.591+0000] {logging_mixin.py:190} INFO - [2024-09-30T14:19:46.591+0000] {dagbag.py:588} INFO - Filling up the DagBag from /home/airflow/.local/lib/python3.12/site-packages/airflow/example_dags/example_branch_python_dop_operator_3.py
[2024-09-30T14:19:46.597+0000] {processor.py:925} INFO - DAG(s) 'example_branch_dop_operator_v3' retrieved from /home/airflow/.local/lib/python3.12/site-packages/airflow/example_dags/example_branch_python_dop_operator_3.py
[2024-09-30T14:19:46.611+0000] {logging_mixin.py:190} INFO - [2024-09-30T14:19:46.611+0000] {dag.py:3239} INFO - Sync 1 DAGs
[2024-09-30T14:19:46.628+0000] {logging_mixin.py:190} INFO - [2024-09-30T14:19:46.628+0000] {dag.py:4180} INFO - Setting next_dagrun for example_branch_dop_operator_v3 to 2024-09-30 14:18:00+00:00, run_after=2024-09-30 14:19:00+00:00
[2024-09-30T14:19:46.640+0000] {processor.py:208} INFO - Processing /home/airflow/.local/lib/python3.12/site-packages/airflow/example_dags/example_branch_python_dop_operator_3.py took 0.054 seconds
[2024-09-30T14:20:17.581+0000] {processor.py:186} INFO - Started process (PID=121) to work on /home/airflow/.local/lib/python3.12/site-packages/airflow/example_dags/example_branch_python_dop_operator_3.py
[2024-09-30T14:20:17.581+0000] {processor.py:914} INFO - Processing file /home/airflow/.local/lib/python3.12/site-packages/airflow/example_dags/example_branch_python_dop_operator_3.py for tasks to queue
[2024-09-30T14:20:17.583+0000] {logging_mixin.py:190} INFO - [2024-09-30T14:20:17.583+0000] {dagbag.py:588} INFO - Filling up the DagBag from /home/airflow/.local/lib/python3.12/site-packages/airflow/example_dags/example_branch_python_dop_operator_3.py
[2024-09-30T14:20:17.589+0000] {processor.py:925} INFO - DAG(s) 'example_branch_dop_operator_v3' retrieved from /home/airflow/.local/lib/python3.12/site-packages/airflow/example_dags/example_branch_python_dop_operator_3.py
[2024-09-30T14:20:17.605+0000] {logging_mixin.py:190} INFO - [2024-09-30T14:20:17.605+0000] {dag.py:3239} INFO - Sync 1 DAGs
[2024-09-30T14:20:17.623+0000] {logging_mixin.py:190} INFO - [2024-09-30T14:20:17.623+0000] {dag.py:4180} INFO - Setting next_dagrun for example_branch_dop_operator_v3 to 2024-09-30 14:19:00+00:00, run_after=2024-09-30 14:20:00+00:00
[2024-09-30T14:20:17.636+0000] {processor.py:208} INFO - Processing /home/airflow/.local/lib/python3.12/site-packages/airflow/example_dags/example_branch_python_dop_operator_3.py took 0.059 seconds
[2024-09-30T14:20:48.451+0000] {processor.py:186} INFO - Started process (PID=190) to work on /home/airflow/.local/lib/python3.12/site-packages/airflow/example_dags/example_branch_python_dop_operator_3.py
[2024-09-30T14:20:48.452+0000] {processor.py:914} INFO - Processing file /home/airflow/.local/lib/python3.12/site-packages/airflow/example_dags/example_branch_python_dop_operator_3.py for tasks to queue
[2024-09-30T14:20:48.453+0000] {logging_mixin.py:190} INFO - [2024-09-30T14:20:48.453+0000] {dagbag.py:588} INFO - Filling up the DagBag from /home/airflow/.local/lib/python3.12/site-packages/airflow/example_dags/example_branch_python_dop_operator_3.py
[2024-09-30T14:20:48.460+0000] {processor.py:925} INFO - DAG(s) 'example_branch_dop_operator_v3' retrieved from /home/airflow/.local/lib/python3.12/site-packages/airflow/example_dags/example_branch_python_dop_operator_3.py
[2024-09-30T14:20:48.477+0000] {logging_mixin.py:190} INFO - [2024-09-30T14:20:48.477+0000] {dag.py:3239} INFO - Sync 1 DAGs
[2024-09-30T14:20:48.500+0000] {logging_mixin.py:190} INFO - [2024-09-30T14:20:48.500+0000] {dag.py:4180} INFO - Setting next_dagrun for example_branch_dop_operator_v3 to 2024-09-30 14:19:00+00:00, run_after=2024-09-30 14:20:00+00:00
[2024-09-30T14:20:48.512+0000] {processor.py:208} INFO - Processing /home/airflow/.local/lib/python3.12/site-packages/airflow/example_dags/example_branch_python_dop_operator_3.py took 0.065 seconds
[2024-09-30T14:21:19.449+0000] {processor.py:186} INFO - Started process (PID=253) to work on /home/airflow/.local/lib/python3.12/site-packages/airflow/example_dags/example_branch_python_dop_operator_3.py
[2024-09-30T14:21:19.450+0000] {processor.py:914} INFO - Processing file /home/airflow/.local/lib/python3.12/site-packages/airflow/example_dags/example_branch_python_dop_operator_3.py for tasks to queue
[2024-09-30T14:21:19.451+0000] {logging_mixin.py:190} INFO - [2024-09-30T14:21:19.451+0000] {dagbag.py:588} INFO - Filling up the DagBag from /home/airflow/.local/lib/python3.12/site-packages/airflow/example_dags/example_branch_python_dop_operator_3.py
[2024-09-30T14:21:19.458+0000] {processor.py:925} INFO - DAG(s) 'example_branch_dop_operator_v3' retrieved from /home/airflow/.local/lib/python3.12/site-packages/airflow/example_dags/example_branch_python_dop_operator_3.py
[2024-09-30T14:21:19.470+0000] {logging_mixin.py:190} INFO - [2024-09-30T14:21:19.470+0000] {dag.py:3239} INFO - Sync 1 DAGs
[2024-09-30T14:21:19.488+0000] {logging_mixin.py:190} INFO - [2024-09-30T14:21:19.488+0000] {dag.py:4180} INFO - Setting next_dagrun for example_branch_dop_operator_v3 to 2024-09-30 14:20:00+00:00, run_after=2024-09-30 14:21:00+00:00
[2024-09-30T14:21:19.501+0000] {processor.py:208} INFO - Processing /home/airflow/.local/lib/python3.12/site-packages/airflow/example_dags/example_branch_python_dop_operator_3.py took 0.056 seconds
[2024-09-30T14:21:49.625+0000] {processor.py:186} INFO - Started process (PID=316) to work on /home/airflow/.local/lib/python3.12/site-packages/airflow/example_dags/example_branch_python_dop_operator_3.py
[2024-09-30T14:21:49.626+0000] {processor.py:914} INFO - Processing file /home/airflow/.local/lib/python3.12/site-packages/airflow/example_dags/example_branch_python_dop_operator_3.py for tasks to queue
[2024-09-30T14:21:49.627+0000] {logging_mixin.py:190} INFO - [2024-09-30T14:21:49.627+0000] {dagbag.py:588} INFO - Filling up the DagBag from /home/airflow/.local/lib/python3.12/site-packages/airflow/example_dags/example_branch_python_dop_operator_3.py
[2024-09-30T14:21:49.634+0000] {processor.py:925} INFO - DAG(s) 'example_branch_dop_operator_v3' retrieved from /home/airflow/.local/lib/python3.12/site-packages/airflow/example_dags/example_branch_python_dop_operator_3.py
[2024-09-30T14:21:49.646+0000] {logging_mixin.py:190} INFO - [2024-09-30T14:21:49.646+0000] {dag.py:3239} INFO - Sync 1 DAGs
[2024-09-30T14:21:49.663+0000] {logging_mixin.py:190} INFO - [2024-09-30T14:21:49.663+0000] {dag.py:4180} INFO - Setting next_dagrun for example_branch_dop_operator_v3 to 2024-09-30 14:20:00+00:00, run_after=2024-09-30 14:21:00+00:00
[2024-09-30T14:21:49.675+0000] {processor.py:208} INFO - Processing /home/airflow/.local/lib/python3.12/site-packages/airflow/example_dags/example_branch_python_dop_operator_3.py took 0.053 seconds
[2024-09-30T14:22:20.414+0000] {processor.py:186} INFO - Started process (PID=379) to work on /home/airflow/.local/lib/python3.12/site-packages/airflow/example_dags/example_branch_python_dop_operator_3.py
[2024-09-30T14:22:20.415+0000] {processor.py:914} INFO - Processing file /home/airflow/.local/lib/python3.12/site-packages/airflow/example_dags/example_branch_python_dop_operator_3.py for tasks to queue
[2024-09-30T14:22:20.417+0000] {logging_mixin.py:190} INFO - [2024-09-30T14:22:20.416+0000] {dagbag.py:588} INFO - Filling up the DagBag from /home/airflow/.local/lib/python3.12/site-packages/airflow/example_dags/example_branch_python_dop_operator_3.py
[2024-09-30T14:22:20.423+0000] {processor.py:925} INFO - DAG(s) 'example_branch_dop_operator_v3' retrieved from /home/airflow/.local/lib/python3.12/site-packages/airflow/example_dags/example_branch_python_dop_operator_3.py
[2024-09-30T14:22:20.437+0000] {logging_mixin.py:190} INFO - [2024-09-30T14:22:20.437+0000] {dag.py:3239} INFO - Sync 1 DAGs
[2024-09-30T14:22:20.456+0000] {logging_mixin.py:190} INFO - [2024-09-30T14:22:20.455+0000] {dag.py:4180} INFO - Setting next_dagrun for example_branch_dop_operator_v3 to 2024-09-30 14:21:00+00:00, run_after=2024-09-30 14:22:00+00:00
[2024-09-30T14:22:20.469+0000] {processor.py:208} INFO - Processing /home/airflow/.local/lib/python3.12/site-packages/airflow/example_dags/example_branch_python_dop_operator_3.py took 0.058 seconds
[2024-09-30T14:22:51.214+0000] {processor.py:186} INFO - Started process (PID=442) to work on /home/airflow/.local/lib/python3.12/site-packages/airflow/example_dags/example_branch_python_dop_operator_3.py
[2024-09-30T14:22:51.214+0000] {processor.py:914} INFO - Processing file /home/airflow/.local/lib/python3.12/site-packages/airflow/example_dags/example_branch_python_dop_operator_3.py for tasks to queue
[2024-09-30T14:22:51.216+0000] {logging_mixin.py:190} INFO - [2024-09-30T14:22:51.216+0000] {dagbag.py:588} INFO - Filling up the DagBag from /home/airflow/.local/lib/python3.12/site-packages/airflow/example_dags/example_branch_python_dop_operator_3.py
[2024-09-30T14:22:51.222+0000] {processor.py:925} INFO - DAG(s) 'example_branch_dop_operator_v3' retrieved from /home/airflow/.local/lib/python3.12/site-packages/airflow/example_dags/example_branch_python_dop_operator_3.py
[2024-09-30T14:22:51.234+0000] {logging_mixin.py:190} INFO - [2024-09-30T14:22:51.234+0000] {dag.py:3239} INFO - Sync 1 DAGs
[2024-09-30T14:22:51.251+0000] {logging_mixin.py:190} INFO - [2024-09-30T14:22:51.251+0000] {dag.py:4180} INFO - Setting next_dagrun for example_branch_dop_operator_v3 to 2024-09-30 14:21:00+00:00, run_after=2024-09-30 14:22:00+00:00
[2024-09-30T14:22:51.263+0000] {processor.py:208} INFO - Processing /home/airflow/.local/lib/python3.12/site-packages/airflow/example_dags/example_branch_python_dop_operator_3.py took 0.053 seconds
[2024-09-30T14:23:21.845+0000] {processor.py:186} INFO - Started process (PID=505) to work on /home/airflow/.local/lib/python3.12/site-packages/airflow/example_dags/example_branch_python_dop_operator_3.py
[2024-09-30T14:23:21.845+0000] {processor.py:914} INFO - Processing file /home/airflow/.local/lib/python3.12/site-packages/airflow/example_dags/example_branch_python_dop_operator_3.py for tasks to queue
[2024-09-30T14:23:21.847+0000] {logging_mixin.py:190} INFO - [2024-09-30T14:23:21.847+0000] {dagbag.py:588} INFO - Filling up the DagBag from /home/airflow/.local/lib/python3.12/site-packages/airflow/example_dags/example_branch_python_dop_operator_3.py
[2024-09-30T14:23:21.853+0000] {processor.py:925} INFO - DAG(s) 'example_branch_dop_operator_v3' retrieved from /home/airflow/.local/lib/python3.12/site-packages/airflow/example_dags/example_branch_python_dop_operator_3.py
[2024-09-30T14:23:21.865+0000] {logging_mixin.py:190} INFO - [2024-09-30T14:23:21.865+0000] {dag.py:3239} INFO - Sync 1 DAGs
[2024-09-30T14:23:21.882+0000] {logging_mixin.py:190} INFO - [2024-09-30T14:23:21.882+0000] {dag.py:4180} INFO - Setting next_dagrun for example_branch_dop_operator_v3 to 2024-09-30 14:22:00+00:00, run_after=2024-09-30 14:23:00+00:00
[2024-09-30T14:23:21.895+0000] {processor.py:208} INFO - Processing /home/airflow/.local/lib/python3.12/site-packages/airflow/example_dags/example_branch_python_dop_operator_3.py took 0.054 seconds
[2024-09-30T14:23:52.624+0000] {processor.py:186} INFO - Started process (PID=568) to work on /home/airflow/.local/lib/python3.12/site-packages/airflow/example_dags/example_branch_python_dop_operator_3.py
[2024-09-30T14:23:52.625+0000] {processor.py:914} INFO - Processing file /home/airflow/.local/lib/python3.12/site-packages/airflow/example_dags/example_branch_python_dop_operator_3.py for tasks to queue
[2024-09-30T14:23:52.626+0000] {logging_mixin.py:190} INFO - [2024-09-30T14:23:52.626+0000] {dagbag.py:588} INFO - Filling up the DagBag from /home/airflow/.local/lib/python3.12/site-packages/airflow/example_dags/example_branch_python_dop_operator_3.py
[2024-09-30T14:23:52.633+0000] {processor.py:925} INFO - DAG(s) 'example_branch_dop_operator_v3' retrieved from /home/airflow/.local/lib/python3.12/site-packages/airflow/example_dags/example_branch_python_dop_operator_3.py
[2024-09-30T14:23:52.646+0000] {logging_mixin.py:190} INFO - [2024-09-30T14:23:52.646+0000] {dag.py:3239} INFO - Sync 1 DAGs
[2024-09-30T14:23:52.663+0000] {logging_mixin.py:190} INFO - [2024-09-30T14:23:52.662+0000] {dag.py:4180} INFO - Setting next_dagrun for example_branch_dop_operator_v3 to 2024-09-30 14:22:00+00:00, run_after=2024-09-30 14:23:00+00:00
[2024-09-30T14:23:52.676+0000] {processor.py:208} INFO - Processing /home/airflow/.local/lib/python3.12/site-packages/airflow/example_dags/example_branch_python_dop_operator_3.py took 0.055 seconds
[2024-09-30T14:24:23.456+0000] {processor.py:186} INFO - Started process (PID=631) to work on /home/airflow/.local/lib/python3.12/site-packages/airflow/example_dags/example_branch_python_dop_operator_3.py
[2024-09-30T14:24:23.457+0000] {processor.py:914} INFO - Processing file /home/airflow/.local/lib/python3.12/site-packages/airflow/example_dags/example_branch_python_dop_operator_3.py for tasks to queue
[2024-09-30T14:24:23.458+0000] {logging_mixin.py:190} INFO - [2024-09-30T14:24:23.458+0000] {dagbag.py:588} INFO - Filling up the DagBag from /home/airflow/.local/lib/python3.12/site-packages/airflow/example_dags/example_branch_python_dop_operator_3.py
[2024-09-30T14:24:23.464+0000] {processor.py:925} INFO - DAG(s) 'example_branch_dop_operator_v3' retrieved from /home/airflow/.local/lib/python3.12/site-packages/airflow/example_dags/example_branch_python_dop_operator_3.py
[2024-09-30T14:24:23.477+0000] {logging_mixin.py:190} INFO - [2024-09-30T14:24:23.476+0000] {dag.py:3239} INFO - Sync 1 DAGs
[2024-09-30T14:24:23.493+0000] {logging_mixin.py:190} INFO - [2024-09-30T14:24:23.493+0000] {dag.py:4180} INFO - Setting next_dagrun for example_branch_dop_operator_v3 to 2024-09-30 14:23:00+00:00, run_after=2024-09-30 14:24:00+00:00
[2024-09-30T14:24:23.505+0000] {processor.py:208} INFO - Processing /home/airflow/.local/lib/python3.12/site-packages/airflow/example_dags/example_branch_python_dop_operator_3.py took 0.053 seconds
[2024-09-30T14:24:53.982+0000] {processor.py:186} INFO - Started process (PID=694) to work on /home/airflow/.local/lib/python3.12/site-packages/airflow/example_dags/example_branch_python_dop_operator_3.py
[2024-09-30T14:24:53.983+0000] {processor.py:914} INFO - Processing file /home/airflow/.local/lib/python3.12/site-packages/airflow/example_dags/example_branch_python_dop_operator_3.py for tasks to queue
[2024-09-30T14:24:53.985+0000] {logging_mixin.py:190} INFO - [2024-09-30T14:24:53.984+0000] {dagbag.py:588} INFO - Filling up the DagBag from /home/airflow/.local/lib/python3.12/site-packages/airflow/example_dags/example_branch_python_dop_operator_3.py
[2024-09-30T14:24:53.991+0000] {processor.py:925} INFO - DAG(s) 'example_branch_dop_operator_v3' retrieved from /home/airflow/.local/lib/python3.12/site-packages/airflow/example_dags/example_branch_python_dop_operator_3.py
[2024-09-30T14:24:54.003+0000] {logging_mixin.py:190} INFO - [2024-09-30T14:24:54.003+0000] {dag.py:3239} INFO - Sync 1 DAGs
[2024-09-30T14:24:54.021+0000] {logging_mixin.py:190} INFO - [2024-09-30T14:24:54.020+0000] {dag.py:4180} INFO - Setting next_dagrun for example_branch_dop_operator_v3 to 2024-09-30 14:23:00+00:00, run_after=2024-09-30 14:24:00+00:00
[2024-09-30T14:24:54.034+0000] {processor.py:208} INFO - Processing /home/airflow/.local/lib/python3.12/site-packages/airflow/example_dags/example_branch_python_dop_operator_3.py took 0.055 seconds
[2024-09-30T14:25:24.787+0000] {processor.py:186} INFO - Started process (PID=757) to work on /home/airflow/.local/lib/python3.12/site-packages/airflow/example_dags/example_branch_python_dop_operator_3.py
[2024-09-30T14:25:24.787+0000] {processor.py:914} INFO - Processing file /home/airflow/.local/lib/python3.12/site-packages/airflow/example_dags/example_branch_python_dop_operator_3.py for tasks to queue
[2024-09-30T14:25:24.789+0000] {logging_mixin.py:190} INFO - [2024-09-30T14:25:24.788+0000] {dagbag.py:588} INFO - Filling up the DagBag from /home/airflow/.local/lib/python3.12/site-packages/airflow/example_dags/example_branch_python_dop_operator_3.py
[2024-09-30T14:25:24.795+0000] {processor.py:925} INFO - DAG(s) 'example_branch_dop_operator_v3' retrieved from /home/airflow/.local/lib/python3.12/site-packages/airflow/example_dags/example_branch_python_dop_operator_3.py
[2024-09-30T14:25:24.808+0000] {logging_mixin.py:190} INFO - [2024-09-30T14:25:24.807+0000] {dag.py:3239} INFO - Sync 1 DAGs
[2024-09-30T14:25:24.825+0000] {logging_mixin.py:190} INFO - [2024-09-30T14:25:24.824+0000] {dag.py:4180} INFO - Setting next_dagrun for example_branch_dop_operator_v3 to 2024-09-30 14:24:00+00:00, run_after=2024-09-30 14:25:00+00:00
[2024-09-30T14:25:24.838+0000] {processor.py:208} INFO - Processing /home/airflow/.local/lib/python3.12/site-packages/airflow/example_dags/example_branch_python_dop_operator_3.py took 0.054 seconds
[2024-09-30T14:25:55.499+0000] {processor.py:186} INFO - Started process (PID=820) to work on /home/airflow/.local/lib/python3.12/site-packages/airflow/example_dags/example_branch_python_dop_operator_3.py
[2024-09-30T14:25:55.499+0000] {processor.py:914} INFO - Processing file /home/airflow/.local/lib/python3.12/site-packages/airflow/example_dags/example_branch_python_dop_operator_3.py for tasks to queue
[2024-09-30T14:25:55.501+0000] {logging_mixin.py:190} INFO - [2024-09-30T14:25:55.501+0000] {dagbag.py:588} INFO - Filling up the DagBag from /home/airflow/.local/lib/python3.12/site-packages/airflow/example_dags/example_branch_python_dop_operator_3.py
[2024-09-30T14:25:55.507+0000] {processor.py:925} INFO - DAG(s) 'example_branch_dop_operator_v3' retrieved from /home/airflow/.local/lib/python3.12/site-packages/airflow/example_dags/example_branch_python_dop_operator_3.py
[2024-09-30T14:25:55.521+0000] {logging_mixin.py:190} INFO - [2024-09-30T14:25:55.521+0000] {dag.py:3239} INFO - Sync 1 DAGs
[2024-09-30T14:25:55.538+0000] {logging_mixin.py:190} INFO - [2024-09-30T14:25:55.538+0000] {dag.py:4180} INFO - Setting next_dagrun for example_branch_dop_operator_v3 to 2024-09-30 14:24:00+00:00, run_after=2024-09-30 14:25:00+00:00
[2024-09-30T14:25:55.550+0000] {processor.py:208} INFO - Processing /home/airflow/.local/lib/python3.12/site-packages/airflow/example_dags/example_branch_python_dop_operator_3.py took 0.055 seconds
[2024-09-30T14:26:26.371+0000] {processor.py:186} INFO - Started process (PID=883) to work on /home/airflow/.local/lib/python3.12/site-packages/airflow/example_dags/example_branch_python_dop_operator_3.py
[2024-09-30T14:26:26.372+0000] {processor.py:914} INFO - Processing file /home/airflow/.local/lib/python3.12/site-packages/airflow/example_dags/example_branch_python_dop_operator_3.py for tasks to queue
[2024-09-30T14:26:26.373+0000] {logging_mixin.py:190} INFO - [2024-09-30T14:26:26.373+0000] {dagbag.py:588} INFO - Filling up the DagBag from /home/airflow/.local/lib/python3.12/site-packages/airflow/example_dags/example_branch_python_dop_operator_3.py
[2024-09-30T14:26:26.380+0000] {processor.py:925} INFO - DAG(s) 'example_branch_dop_operator_v3' retrieved from /home/airflow/.local/lib/python3.12/site-packages/airflow/example_dags/example_branch_python_dop_operator_3.py
[2024-09-30T14:26:26.394+0000] {logging_mixin.py:190} INFO - [2024-09-30T14:26:26.394+0000] {dag.py:3239} INFO - Sync 1 DAGs
[2024-09-30T14:26:26.412+0000] {logging_mixin.py:190} INFO - [2024-09-30T14:26:26.412+0000] {dag.py:4180} INFO - Setting next_dagrun for example_branch_dop_operator_v3 to 2024-09-30 14:25:00+00:00, run_after=2024-09-30 14:26:00+00:00
[2024-09-30T14:26:26.428+0000] {processor.py:208} INFO - Processing /home/airflow/.local/lib/python3.12/site-packages/airflow/example_dags/example_branch_python_dop_operator_3.py took 0.060 seconds
[2024-09-30T14:26:57.220+0000] {processor.py:186} INFO - Started process (PID=946) to work on /home/airflow/.local/lib/python3.12/site-packages/airflow/example_dags/example_branch_python_dop_operator_3.py
[2024-09-30T14:26:57.221+0000] {processor.py:914} INFO - Processing file /home/airflow/.local/lib/python3.12/site-packages/airflow/example_dags/example_branch_python_dop_operator_3.py for tasks to queue
[2024-09-30T14:26:57.222+0000] {logging_mixin.py:190} INFO - [2024-09-30T14:26:57.222+0000] {dagbag.py:588} INFO - Filling up the DagBag from /home/airflow/.local/lib/python3.12/site-packages/airflow/example_dags/example_branch_python_dop_operator_3.py
[2024-09-30T14:26:57.228+0000] {processor.py:925} INFO - DAG(s) 'example_branch_dop_operator_v3' retrieved from /home/airflow/.local/lib/python3.12/site-packages/airflow/example_dags/example_branch_python_dop_operator_3.py
[2024-09-30T14:26:57.241+0000] {logging_mixin.py:190} INFO - [2024-09-30T14:26:57.241+0000] {dag.py:3239} INFO - Sync 1 DAGs
[2024-09-30T14:26:57.260+0000] {logging_mixin.py:190} INFO - [2024-09-30T14:26:57.260+0000] {dag.py:4180} INFO - Setting next_dagrun for example_branch_dop_operator_v3 to 2024-09-30 14:25:00+00:00, run_after=2024-09-30 14:26:00+00:00
[2024-09-30T14:26:57.273+0000] {processor.py:208} INFO - Processing /home/airflow/.local/lib/python3.12/site-packages/airflow/example_dags/example_branch_python_dop_operator_3.py took 0.056 seconds
[2024-09-30T14:27:27.694+0000] {processor.py:186} INFO - Started process (PID=1009) to work on /home/airflow/.local/lib/python3.12/site-packages/airflow/example_dags/example_branch_python_dop_operator_3.py
[2024-09-30T14:27:27.694+0000] {processor.py:914} INFO - Processing file /home/airflow/.local/lib/python3.12/site-packages/airflow/example_dags/example_branch_python_dop_operator_3.py for tasks to queue
[2024-09-30T14:27:27.696+0000] {logging_mixin.py:190} INFO - [2024-09-30T14:27:27.695+0000] {dagbag.py:588} INFO - Filling up the DagBag from /home/airflow/.local/lib/python3.12/site-packages/airflow/example_dags/example_branch_python_dop_operator_3.py
[2024-09-30T14:27:27.702+0000] {processor.py:925} INFO - DAG(s) 'example_branch_dop_operator_v3' retrieved from /home/airflow/.local/lib/python3.12/site-packages/airflow/example_dags/example_branch_python_dop_operator_3.py
[2024-09-30T14:27:27.714+0000] {logging_mixin.py:190} INFO - [2024-09-30T14:27:27.714+0000] {dag.py:3239} INFO - Sync 1 DAGs
[2024-09-30T14:27:27.731+0000] {logging_mixin.py:190} INFO - [2024-09-30T14:27:27.730+0000] {dag.py:4180} INFO - Setting next_dagrun for example_branch_dop_operator_v3 to 2024-09-30 14:26:00+00:00, run_after=2024-09-30 14:27:00+00:00
[2024-09-30T14:27:27.742+0000] {processor.py:208} INFO - Processing /home/airflow/.local/lib/python3.12/site-packages/airflow/example_dags/example_branch_python_dop_operator_3.py took 0.052 seconds
[2024-09-30T14:27:58.444+0000] {processor.py:186} INFO - Started process (PID=1072) to work on /home/airflow/.local/lib/python3.12/site-packages/airflow/example_dags/example_branch_python_dop_operator_3.py
[2024-09-30T14:27:58.445+0000] {processor.py:914} INFO - Processing file /home/airflow/.local/lib/python3.12/site-packages/airflow/example_dags/example_branch_python_dop_operator_3.py for tasks to queue
[2024-09-30T14:27:58.446+0000] {logging_mixin.py:190} INFO - [2024-09-30T14:27:58.446+0000] {dagbag.py:588} INFO - Filling up the DagBag from /home/airflow/.local/lib/python3.12/site-packages/airflow/example_dags/example_branch_python_dop_operator_3.py
[2024-09-30T14:27:58.453+0000] {processor.py:925} INFO - DAG(s) 'example_branch_dop_operator_v3' retrieved from /home/airflow/.local/lib/python3.12/site-packages/airflow/example_dags/example_branch_python_dop_operator_3.py
[2024-09-30T14:27:58.466+0000] {logging_mixin.py:190} INFO - [2024-09-30T14:27:58.465+0000] {dag.py:3239} INFO - Sync 1 DAGs
[2024-09-30T14:27:58.482+0000] {logging_mixin.py:190} INFO - [2024-09-30T14:27:58.482+0000] {dag.py:4180} INFO - Setting next_dagrun for example_branch_dop_operator_v3 to 2024-09-30 14:26:00+00:00, run_after=2024-09-30 14:27:00+00:00
[2024-09-30T14:27:58.494+0000] {processor.py:208} INFO - Processing /home/airflow/.local/lib/python3.12/site-packages/airflow/example_dags/example_branch_python_dop_operator_3.py took 0.054 seconds
[2024-09-30T14:28:29.063+0000] {processor.py:186} INFO - Started process (PID=1135) to work on /home/airflow/.local/lib/python3.12/site-packages/airflow/example_dags/example_branch_python_dop_operator_3.py
[2024-09-30T14:28:29.064+0000] {processor.py:914} INFO - Processing file /home/airflow/.local/lib/python3.12/site-packages/airflow/example_dags/example_branch_python_dop_operator_3.py for tasks to queue
[2024-09-30T14:28:29.065+0000] {logging_mixin.py:190} INFO - [2024-09-30T14:28:29.065+0000] {dagbag.py:588} INFO - Filling up the DagBag from /home/airflow/.local/lib/python3.12/site-packages/airflow/example_dags/example_branch_python_dop_operator_3.py
[2024-09-30T14:28:29.071+0000] {processor.py:925} INFO - DAG(s) 'example_branch_dop_operator_v3' retrieved from /home/airflow/.local/lib/python3.12/site-packages/airflow/example_dags/example_branch_python_dop_operator_3.py
[2024-09-30T14:28:29.084+0000] {logging_mixin.py:190} INFO - [2024-09-30T14:28:29.083+0000] {dag.py:3239} INFO - Sync 1 DAGs
[2024-09-30T14:28:29.101+0000] {logging_mixin.py:190} INFO - [2024-09-30T14:28:29.101+0000] {dag.py:4180} INFO - Setting next_dagrun for example_branch_dop_operator_v3 to 2024-09-30 14:27:00+00:00, run_after=2024-09-30 14:28:00+00:00
[2024-09-30T14:28:29.114+0000] {processor.py:208} INFO - Processing /home/airflow/.local/lib/python3.12/site-packages/airflow/example_dags/example_branch_python_dop_operator_3.py took 0.054 seconds
[2024-09-30T14:28:59.900+0000] {processor.py:186} INFO - Started process (PID=1199) to work on /home/airflow/.local/lib/python3.12/site-packages/airflow/example_dags/example_branch_python_dop_operator_3.py
[2024-09-30T14:28:59.900+0000] {processor.py:914} INFO - Processing file /home/airflow/.local/lib/python3.12/site-packages/airflow/example_dags/example_branch_python_dop_operator_3.py for tasks to queue
[2024-09-30T14:28:59.902+0000] {logging_mixin.py:190} INFO - [2024-09-30T14:28:59.902+0000] {dagbag.py:588} INFO - Filling up the DagBag from /home/airflow/.local/lib/python3.12/site-packages/airflow/example_dags/example_branch_python_dop_operator_3.py
[2024-09-30T14:28:59.908+0000] {processor.py:925} INFO - DAG(s) 'example_branch_dop_operator_v3' retrieved from /home/airflow/.local/lib/python3.12/site-packages/airflow/example_dags/example_branch_python_dop_operator_3.py
[2024-09-30T14:28:59.920+0000] {logging_mixin.py:190} INFO - [2024-09-30T14:28:59.920+0000] {dag.py:3239} INFO - Sync 1 DAGs
[2024-09-30T14:28:59.937+0000] {logging_mixin.py:190} INFO - [2024-09-30T14:28:59.936+0000] {dag.py:4180} INFO - Setting next_dagrun for example_branch_dop_operator_v3 to 2024-09-30 14:27:00+00:00, run_after=2024-09-30 14:28:00+00:00
[2024-09-30T14:28:59.950+0000] {processor.py:208} INFO - Processing /home/airflow/.local/lib/python3.12/site-packages/airflow/example_dags/example_branch_python_dop_operator_3.py took 0.054 seconds
[2024-09-30T14:29:31.038+0000] {processor.py:186} INFO - Started process (PID=1262) to work on /home/airflow/.local/lib/python3.12/site-packages/airflow/example_dags/example_branch_python_dop_operator_3.py
[2024-09-30T14:29:31.039+0000] {processor.py:914} INFO - Processing file /home/airflow/.local/lib/python3.12/site-packages/airflow/example_dags/example_branch_python_dop_operator_3.py for tasks to queue
[2024-09-30T14:29:31.041+0000] {logging_mixin.py:190} INFO - [2024-09-30T14:29:31.041+0000] {dagbag.py:588} INFO - Filling up the DagBag from /home/airflow/.local/lib/python3.12/site-packages/airflow/example_dags/example_branch_python_dop_operator_3.py
[2024-09-30T14:29:31.050+0000] {processor.py:925} INFO - DAG(s) 'example_branch_dop_operator_v3' retrieved from /home/airflow/.local/lib/python3.12/site-packages/airflow/example_dags/example_branch_python_dop_operator_3.py
[2024-09-30T14:29:31.068+0000] {logging_mixin.py:190} INFO - [2024-09-30T14:29:31.067+0000] {dag.py:3239} INFO - Sync 1 DAGs
[2024-09-30T14:29:31.091+0000] {logging_mixin.py:190} INFO - [2024-09-30T14:29:31.091+0000] {dag.py:4180} INFO - Setting next_dagrun for example_branch_dop_operator_v3 to 2024-09-30 14:28:00+00:00, run_after=2024-09-30 14:29:00+00:00
[2024-09-30T14:29:31.103+0000] {processor.py:208} INFO - Processing /home/airflow/.local/lib/python3.12/site-packages/airflow/example_dags/example_branch_python_dop_operator_3.py took 0.075 seconds
[2024-09-30T14:29:52.985+0000] {processor.py:186} INFO - Started process (PID=58) to work on /home/airflow/.local/lib/python3.12/site-packages/airflow/example_dags/example_branch_python_dop_operator_3.py
[2024-09-30T14:29:52.986+0000] {processor.py:914} INFO - Processing file /home/airflow/.local/lib/python3.12/site-packages/airflow/example_dags/example_branch_python_dop_operator_3.py for tasks to queue
[2024-09-30T14:29:52.987+0000] {logging_mixin.py:190} INFO - [2024-09-30T14:29:52.987+0000] {dagbag.py:588} INFO - Filling up the DagBag from /home/airflow/.local/lib/python3.12/site-packages/airflow/example_dags/example_branch_python_dop_operator_3.py
[2024-09-30T14:29:52.995+0000] {processor.py:925} INFO - DAG(s) 'example_branch_dop_operator_v3' retrieved from /home/airflow/.local/lib/python3.12/site-packages/airflow/example_dags/example_branch_python_dop_operator_3.py
[2024-09-30T14:29:53.012+0000] {logging_mixin.py:190} INFO - [2024-09-30T14:29:53.011+0000] {dag.py:3239} INFO - Sync 1 DAGs
[2024-09-30T14:29:53.032+0000] {logging_mixin.py:190} INFO - [2024-09-30T14:29:53.031+0000] {dag.py:4180} INFO - Setting next_dagrun for example_branch_dop_operator_v3 to 2024-09-30 14:28:00+00:00, run_after=2024-09-30 14:29:00+00:00
[2024-09-30T14:29:53.047+0000] {processor.py:208} INFO - Processing /home/airflow/.local/lib/python3.12/site-packages/airflow/example_dags/example_branch_python_dop_operator_3.py took 0.067 seconds
[2024-09-30T14:30:23.859+0000] {processor.py:186} INFO - Started process (PID=121) to work on /home/airflow/.local/lib/python3.12/site-packages/airflow/example_dags/example_branch_python_dop_operator_3.py
[2024-09-30T14:30:23.859+0000] {processor.py:914} INFO - Processing file /home/airflow/.local/lib/python3.12/site-packages/airflow/example_dags/example_branch_python_dop_operator_3.py for tasks to queue
[2024-09-30T14:30:23.861+0000] {logging_mixin.py:190} INFO - [2024-09-30T14:30:23.860+0000] {dagbag.py:588} INFO - Filling up the DagBag from /home/airflow/.local/lib/python3.12/site-packages/airflow/example_dags/example_branch_python_dop_operator_3.py
[2024-09-30T14:30:23.867+0000] {processor.py:925} INFO - DAG(s) 'example_branch_dop_operator_v3' retrieved from /home/airflow/.local/lib/python3.12/site-packages/airflow/example_dags/example_branch_python_dop_operator_3.py
[2024-09-30T14:30:23.880+0000] {logging_mixin.py:190} INFO - [2024-09-30T14:30:23.880+0000] {dag.py:3239} INFO - Sync 1 DAGs
[2024-09-30T14:30:23.897+0000] {logging_mixin.py:190} INFO - [2024-09-30T14:30:23.897+0000] {dag.py:4180} INFO - Setting next_dagrun for example_branch_dop_operator_v3 to 2024-09-30 14:29:00+00:00, run_after=2024-09-30 14:30:00+00:00
[2024-09-30T14:30:23.909+0000] {processor.py:208} INFO - Processing /home/airflow/.local/lib/python3.12/site-packages/airflow/example_dags/example_branch_python_dop_operator_3.py took 0.055 seconds
[2024-09-30T14:30:54.626+0000] {processor.py:186} INFO - Started process (PID=190) to work on /home/airflow/.local/lib/python3.12/site-packages/airflow/example_dags/example_branch_python_dop_operator_3.py
[2024-09-30T14:30:54.627+0000] {processor.py:914} INFO - Processing file /home/airflow/.local/lib/python3.12/site-packages/airflow/example_dags/example_branch_python_dop_operator_3.py for tasks to queue
[2024-09-30T14:30:54.628+0000] {logging_mixin.py:190} INFO - [2024-09-30T14:30:54.628+0000] {dagbag.py:588} INFO - Filling up the DagBag from /home/airflow/.local/lib/python3.12/site-packages/airflow/example_dags/example_branch_python_dop_operator_3.py
[2024-09-30T14:30:54.634+0000] {processor.py:925} INFO - DAG(s) 'example_branch_dop_operator_v3' retrieved from /home/airflow/.local/lib/python3.12/site-packages/airflow/example_dags/example_branch_python_dop_operator_3.py
[2024-09-30T14:30:54.647+0000] {logging_mixin.py:190} INFO - [2024-09-30T14:30:54.647+0000] {dag.py:3239} INFO - Sync 1 DAGs
[2024-09-30T14:30:54.665+0000] {logging_mixin.py:190} INFO - [2024-09-30T14:30:54.665+0000] {dag.py:4180} INFO - Setting next_dagrun for example_branch_dop_operator_v3 to 2024-09-30 14:29:00+00:00, run_after=2024-09-30 14:30:00+00:00
[2024-09-30T14:30:54.679+0000] {processor.py:208} INFO - Processing /home/airflow/.local/lib/python3.12/site-packages/airflow/example_dags/example_branch_python_dop_operator_3.py took 0.056 seconds
[2024-09-30T14:31:25.408+0000] {processor.py:186} INFO - Started process (PID=253) to work on /home/airflow/.local/lib/python3.12/site-packages/airflow/example_dags/example_branch_python_dop_operator_3.py
[2024-09-30T14:31:25.409+0000] {processor.py:914} INFO - Processing file /home/airflow/.local/lib/python3.12/site-packages/airflow/example_dags/example_branch_python_dop_operator_3.py for tasks to queue
[2024-09-30T14:31:25.410+0000] {logging_mixin.py:190} INFO - [2024-09-30T14:31:25.410+0000] {dagbag.py:588} INFO - Filling up the DagBag from /home/airflow/.local/lib/python3.12/site-packages/airflow/example_dags/example_branch_python_dop_operator_3.py
[2024-09-30T14:31:25.417+0000] {processor.py:925} INFO - DAG(s) 'example_branch_dop_operator_v3' retrieved from /home/airflow/.local/lib/python3.12/site-packages/airflow/example_dags/example_branch_python_dop_operator_3.py
[2024-09-30T14:31:25.429+0000] {logging_mixin.py:190} INFO - [2024-09-30T14:31:25.429+0000] {dag.py:3239} INFO - Sync 1 DAGs
[2024-09-30T14:31:25.446+0000] {logging_mixin.py:190} INFO - [2024-09-30T14:31:25.446+0000] {dag.py:4180} INFO - Setting next_dagrun for example_branch_dop_operator_v3 to 2024-09-30 14:30:00+00:00, run_after=2024-09-30 14:31:00+00:00
[2024-09-30T14:31:25.459+0000] {processor.py:208} INFO - Processing /home/airflow/.local/lib/python3.12/site-packages/airflow/example_dags/example_branch_python_dop_operator_3.py took 0.054 seconds
[2024-09-30T14:31:56.131+0000] {processor.py:186} INFO - Started process (PID=316) to work on /home/airflow/.local/lib/python3.12/site-packages/airflow/example_dags/example_branch_python_dop_operator_3.py
[2024-09-30T14:31:56.132+0000] {processor.py:914} INFO - Processing file /home/airflow/.local/lib/python3.12/site-packages/airflow/example_dags/example_branch_python_dop_operator_3.py for tasks to queue
[2024-09-30T14:31:56.133+0000] {logging_mixin.py:190} INFO - [2024-09-30T14:31:56.133+0000] {dagbag.py:588} INFO - Filling up the DagBag from /home/airflow/.local/lib/python3.12/site-packages/airflow/example_dags/example_branch_python_dop_operator_3.py
[2024-09-30T14:31:56.140+0000] {processor.py:925} INFO - DAG(s) 'example_branch_dop_operator_v3' retrieved from /home/airflow/.local/lib/python3.12/site-packages/airflow/example_dags/example_branch_python_dop_operator_3.py
[2024-09-30T14:31:56.152+0000] {logging_mixin.py:190} INFO - [2024-09-30T14:31:56.152+0000] {dag.py:3239} INFO - Sync 1 DAGs
[2024-09-30T14:31:56.168+0000] {logging_mixin.py:190} INFO - [2024-09-30T14:31:56.168+0000] {dag.py:4180} INFO - Setting next_dagrun for example_branch_dop_operator_v3 to 2024-09-30 14:30:00+00:00, run_after=2024-09-30 14:31:00+00:00
[2024-09-30T14:31:56.179+0000] {processor.py:208} INFO - Processing /home/airflow/.local/lib/python3.12/site-packages/airflow/example_dags/example_branch_python_dop_operator_3.py took 0.052 seconds
[2024-09-30T14:32:26.827+0000] {processor.py:186} INFO - Started process (PID=379) to work on /home/airflow/.local/lib/python3.12/site-packages/airflow/example_dags/example_branch_python_dop_operator_3.py
[2024-09-30T14:32:26.828+0000] {processor.py:914} INFO - Processing file /home/airflow/.local/lib/python3.12/site-packages/airflow/example_dags/example_branch_python_dop_operator_3.py for tasks to queue
[2024-09-30T14:32:26.829+0000] {logging_mixin.py:190} INFO - [2024-09-30T14:32:26.829+0000] {dagbag.py:588} INFO - Filling up the DagBag from /home/airflow/.local/lib/python3.12/site-packages/airflow/example_dags/example_branch_python_dop_operator_3.py
[2024-09-30T14:32:26.835+0000] {processor.py:925} INFO - DAG(s) 'example_branch_dop_operator_v3' retrieved from /home/airflow/.local/lib/python3.12/site-packages/airflow/example_dags/example_branch_python_dop_operator_3.py
[2024-09-30T14:32:26.849+0000] {logging_mixin.py:190} INFO - [2024-09-30T14:32:26.848+0000] {dag.py:3239} INFO - Sync 1 DAGs
[2024-09-30T14:32:26.868+0000] {logging_mixin.py:190} INFO - [2024-09-30T14:32:26.868+0000] {dag.py:4180} INFO - Setting next_dagrun for example_branch_dop_operator_v3 to 2024-09-30 14:31:00+00:00, run_after=2024-09-30 14:32:00+00:00
[2024-09-30T14:32:26.883+0000] {processor.py:208} INFO - Processing /home/airflow/.local/lib/python3.12/site-packages/airflow/example_dags/example_branch_python_dop_operator_3.py took 0.060 seconds
[2024-09-30T14:32:57.559+0000] {processor.py:186} INFO - Started process (PID=442) to work on /home/airflow/.local/lib/python3.12/site-packages/airflow/example_dags/example_branch_python_dop_operator_3.py
[2024-09-30T14:32:57.560+0000] {processor.py:914} INFO - Processing file /home/airflow/.local/lib/python3.12/site-packages/airflow/example_dags/example_branch_python_dop_operator_3.py for tasks to queue
[2024-09-30T14:32:57.562+0000] {logging_mixin.py:190} INFO - [2024-09-30T14:32:57.561+0000] {dagbag.py:588} INFO - Filling up the DagBag from /home/airflow/.local/lib/python3.12/site-packages/airflow/example_dags/example_branch_python_dop_operator_3.py
[2024-09-30T14:32:57.568+0000] {processor.py:925} INFO - DAG(s) 'example_branch_dop_operator_v3' retrieved from /home/airflow/.local/lib/python3.12/site-packages/airflow/example_dags/example_branch_python_dop_operator_3.py
[2024-09-30T14:32:57.580+0000] {logging_mixin.py:190} INFO - [2024-09-30T14:32:57.580+0000] {dag.py:3239} INFO - Sync 1 DAGs
[2024-09-30T14:32:57.597+0000] {logging_mixin.py:190} INFO - [2024-09-30T14:32:57.597+0000] {dag.py:4180} INFO - Setting next_dagrun for example_branch_dop_operator_v3 to 2024-09-30 14:31:00+00:00, run_after=2024-09-30 14:32:00+00:00
[2024-09-30T14:32:57.610+0000] {processor.py:208} INFO - Processing /home/airflow/.local/lib/python3.12/site-packages/airflow/example_dags/example_branch_python_dop_operator_3.py took 0.054 seconds
[2024-09-30T14:33:28.321+0000] {processor.py:186} INFO - Started process (PID=505) to work on /home/airflow/.local/lib/python3.12/site-packages/airflow/example_dags/example_branch_python_dop_operator_3.py
[2024-09-30T14:33:28.321+0000] {processor.py:914} INFO - Processing file /home/airflow/.local/lib/python3.12/site-packages/airflow/example_dags/example_branch_python_dop_operator_3.py for tasks to queue
[2024-09-30T14:33:28.323+0000] {logging_mixin.py:190} INFO - [2024-09-30T14:33:28.322+0000] {dagbag.py:588} INFO - Filling up the DagBag from /home/airflow/.local/lib/python3.12/site-packages/airflow/example_dags/example_branch_python_dop_operator_3.py
[2024-09-30T14:33:28.329+0000] {processor.py:925} INFO - DAG(s) 'example_branch_dop_operator_v3' retrieved from /home/airflow/.local/lib/python3.12/site-packages/airflow/example_dags/example_branch_python_dop_operator_3.py
[2024-09-30T14:33:28.342+0000] {logging_mixin.py:190} INFO - [2024-09-30T14:33:28.341+0000] {dag.py:3239} INFO - Sync 1 DAGs
[2024-09-30T14:33:28.361+0000] {logging_mixin.py:190} INFO - [2024-09-30T14:33:28.361+0000] {dag.py:4180} INFO - Setting next_dagrun for example_branch_dop_operator_v3 to 2024-09-30 14:32:00+00:00, run_after=2024-09-30 14:33:00+00:00
[2024-09-30T14:33:28.377+0000] {processor.py:208} INFO - Processing /home/airflow/.local/lib/python3.12/site-packages/airflow/example_dags/example_branch_python_dop_operator_3.py took 0.059 seconds
[2024-09-30T14:33:59.294+0000] {processor.py:186} INFO - Started process (PID=568) to work on /home/airflow/.local/lib/python3.12/site-packages/airflow/example_dags/example_branch_python_dop_operator_3.py
[2024-09-30T14:33:59.295+0000] {processor.py:914} INFO - Processing file /home/airflow/.local/lib/python3.12/site-packages/airflow/example_dags/example_branch_python_dop_operator_3.py for tasks to queue
[2024-09-30T14:33:59.296+0000] {logging_mixin.py:190} INFO - [2024-09-30T14:33:59.296+0000] {dagbag.py:588} INFO - Filling up the DagBag from /home/airflow/.local/lib/python3.12/site-packages/airflow/example_dags/example_branch_python_dop_operator_3.py
[2024-09-30T14:33:59.303+0000] {processor.py:925} INFO - DAG(s) 'example_branch_dop_operator_v3' retrieved from /home/airflow/.local/lib/python3.12/site-packages/airflow/example_dags/example_branch_python_dop_operator_3.py
[2024-09-30T14:33:59.315+0000] {logging_mixin.py:190} INFO - [2024-09-30T14:33:59.315+0000] {dag.py:3239} INFO - Sync 1 DAGs
[2024-09-30T14:33:59.332+0000] {logging_mixin.py:190} INFO - [2024-09-30T14:33:59.332+0000] {dag.py:4180} INFO - Setting next_dagrun for example_branch_dop_operator_v3 to 2024-09-30 14:32:00+00:00, run_after=2024-09-30 14:33:00+00:00
[2024-09-30T14:33:59.345+0000] {processor.py:208} INFO - Processing /home/airflow/.local/lib/python3.12/site-packages/airflow/example_dags/example_branch_python_dop_operator_3.py took 0.054 seconds
[2024-09-30T14:34:30.367+0000] {processor.py:186} INFO - Started process (PID=631) to work on /home/airflow/.local/lib/python3.12/site-packages/airflow/example_dags/example_branch_python_dop_operator_3.py
[2024-09-30T14:34:30.368+0000] {processor.py:914} INFO - Processing file /home/airflow/.local/lib/python3.12/site-packages/airflow/example_dags/example_branch_python_dop_operator_3.py for tasks to queue
[2024-09-30T14:34:30.370+0000] {logging_mixin.py:190} INFO - [2024-09-30T14:34:30.369+0000] {dagbag.py:588} INFO - Filling up the DagBag from /home/airflow/.local/lib/python3.12/site-packages/airflow/example_dags/example_branch_python_dop_operator_3.py
[2024-09-30T14:34:30.376+0000] {processor.py:925} INFO - DAG(s) 'example_branch_dop_operator_v3' retrieved from /home/airflow/.local/lib/python3.12/site-packages/airflow/example_dags/example_branch_python_dop_operator_3.py
[2024-09-30T14:34:30.388+0000] {logging_mixin.py:190} INFO - [2024-09-30T14:34:30.388+0000] {dag.py:3239} INFO - Sync 1 DAGs
[2024-09-30T14:34:30.405+0000] {logging_mixin.py:190} INFO - [2024-09-30T14:34:30.404+0000] {dag.py:4180} INFO - Setting next_dagrun for example_branch_dop_operator_v3 to 2024-09-30 14:33:00+00:00, run_after=2024-09-30 14:34:00+00:00
[2024-09-30T14:34:30.417+0000] {processor.py:208} INFO - Processing /home/airflow/.local/lib/python3.12/site-packages/airflow/example_dags/example_branch_python_dop_operator_3.py took 0.053 seconds
[2024-09-30T14:35:00.758+0000] {processor.py:186} INFO - Started process (PID=694) to work on /home/airflow/.local/lib/python3.12/site-packages/airflow/example_dags/example_branch_python_dop_operator_3.py
[2024-09-30T14:35:00.758+0000] {processor.py:914} INFO - Processing file /home/airflow/.local/lib/python3.12/site-packages/airflow/example_dags/example_branch_python_dop_operator_3.py for tasks to queue
[2024-09-30T14:35:00.760+0000] {logging_mixin.py:190} INFO - [2024-09-30T14:35:00.760+0000] {dagbag.py:588} INFO - Filling up the DagBag from /home/airflow/.local/lib/python3.12/site-packages/airflow/example_dags/example_branch_python_dop_operator_3.py
[2024-09-30T14:35:00.767+0000] {processor.py:925} INFO - DAG(s) 'example_branch_dop_operator_v3' retrieved from /home/airflow/.local/lib/python3.12/site-packages/airflow/example_dags/example_branch_python_dop_operator_3.py
[2024-09-30T14:35:00.780+0000] {logging_mixin.py:190} INFO - [2024-09-30T14:35:00.780+0000] {dag.py:3239} INFO - Sync 1 DAGs
[2024-09-30T14:35:00.796+0000] {logging_mixin.py:190} INFO - [2024-09-30T14:35:00.796+0000] {dag.py:4180} INFO - Setting next_dagrun for example_branch_dop_operator_v3 to 2024-09-30 14:34:00+00:00, run_after=2024-09-30 14:35:00+00:00
[2024-09-30T14:35:00.809+0000] {processor.py:208} INFO - Processing /home/airflow/.local/lib/python3.12/site-packages/airflow/example_dags/example_branch_python_dop_operator_3.py took 0.055 seconds
[2024-09-30T14:35:31.379+0000] {processor.py:186} INFO - Started process (PID=757) to work on /home/airflow/.local/lib/python3.12/site-packages/airflow/example_dags/example_branch_python_dop_operator_3.py
[2024-09-30T14:35:31.380+0000] {processor.py:914} INFO - Processing file /home/airflow/.local/lib/python3.12/site-packages/airflow/example_dags/example_branch_python_dop_operator_3.py for tasks to queue
[2024-09-30T14:35:31.381+0000] {logging_mixin.py:190} INFO - [2024-09-30T14:35:31.381+0000] {dagbag.py:588} INFO - Filling up the DagBag from /home/airflow/.local/lib/python3.12/site-packages/airflow/example_dags/example_branch_python_dop_operator_3.py
[2024-09-30T14:35:31.388+0000] {processor.py:925} INFO - DAG(s) 'example_branch_dop_operator_v3' retrieved from /home/airflow/.local/lib/python3.12/site-packages/airflow/example_dags/example_branch_python_dop_operator_3.py
[2024-09-30T14:35:31.400+0000] {logging_mixin.py:190} INFO - [2024-09-30T14:35:31.400+0000] {dag.py:3239} INFO - Sync 1 DAGs
[2024-09-30T14:35:31.417+0000] {logging_mixin.py:190} INFO - [2024-09-30T14:35:31.417+0000] {dag.py:4180} INFO - Setting next_dagrun for example_branch_dop_operator_v3 to 2024-09-30 14:34:00+00:00, run_after=2024-09-30 14:35:00+00:00
[2024-09-30T14:35:31.429+0000] {processor.py:208} INFO - Processing /home/airflow/.local/lib/python3.12/site-packages/airflow/example_dags/example_branch_python_dop_operator_3.py took 0.054 seconds
[2024-09-30T14:36:02.118+0000] {processor.py:186} INFO - Started process (PID=820) to work on /home/airflow/.local/lib/python3.12/site-packages/airflow/example_dags/example_branch_python_dop_operator_3.py
[2024-09-30T14:36:02.119+0000] {processor.py:914} INFO - Processing file /home/airflow/.local/lib/python3.12/site-packages/airflow/example_dags/example_branch_python_dop_operator_3.py for tasks to queue
[2024-09-30T14:36:02.121+0000] {logging_mixin.py:190} INFO - [2024-09-30T14:36:02.120+0000] {dagbag.py:588} INFO - Filling up the DagBag from /home/airflow/.local/lib/python3.12/site-packages/airflow/example_dags/example_branch_python_dop_operator_3.py
[2024-09-30T14:36:02.128+0000] {processor.py:925} INFO - DAG(s) 'example_branch_dop_operator_v3' retrieved from /home/airflow/.local/lib/python3.12/site-packages/airflow/example_dags/example_branch_python_dop_operator_3.py
[2024-09-30T14:36:02.142+0000] {logging_mixin.py:190} INFO - [2024-09-30T14:36:02.141+0000] {dag.py:3239} INFO - Sync 1 DAGs
[2024-09-30T14:36:02.161+0000] {logging_mixin.py:190} INFO - [2024-09-30T14:36:02.161+0000] {dag.py:4180} INFO - Setting next_dagrun for example_branch_dop_operator_v3 to 2024-09-30 14:35:00+00:00, run_after=2024-09-30 14:36:00+00:00
[2024-09-30T14:36:02.175+0000] {processor.py:208} INFO - Processing /home/airflow/.local/lib/python3.12/site-packages/airflow/example_dags/example_branch_python_dop_operator_3.py took 0.060 seconds
[2024-09-30T14:36:40.927+0000] {processor.py:186} INFO - Started process (PID=58) to work on /home/airflow/.local/lib/python3.12/site-packages/airflow/example_dags/example_branch_python_dop_operator_3.py
[2024-09-30T14:36:40.927+0000] {processor.py:914} INFO - Processing file /home/airflow/.local/lib/python3.12/site-packages/airflow/example_dags/example_branch_python_dop_operator_3.py for tasks to queue
[2024-09-30T14:36:40.929+0000] {logging_mixin.py:190} INFO - [2024-09-30T14:36:40.928+0000] {dagbag.py:588} INFO - Filling up the DagBag from /home/airflow/.local/lib/python3.12/site-packages/airflow/example_dags/example_branch_python_dop_operator_3.py
[2024-09-30T14:36:40.935+0000] {processor.py:925} INFO - DAG(s) 'example_branch_dop_operator_v3' retrieved from /home/airflow/.local/lib/python3.12/site-packages/airflow/example_dags/example_branch_python_dop_operator_3.py
[2024-09-30T14:36:40.948+0000] {logging_mixin.py:190} INFO - [2024-09-30T14:36:40.948+0000] {dag.py:3239} INFO - Sync 1 DAGs
[2024-09-30T14:36:40.965+0000] {logging_mixin.py:190} INFO - [2024-09-30T14:36:40.965+0000] {dag.py:4180} INFO - Setting next_dagrun for example_branch_dop_operator_v3 to 2024-09-30 14:35:00+00:00, run_after=2024-09-30 14:36:00+00:00
[2024-09-30T14:36:40.978+0000] {processor.py:208} INFO - Processing /home/airflow/.local/lib/python3.12/site-packages/airflow/example_dags/example_branch_python_dop_operator_3.py took 0.055 seconds
[2024-09-30T14:37:11.874+0000] {processor.py:186} INFO - Started process (PID=121) to work on /home/airflow/.local/lib/python3.12/site-packages/airflow/example_dags/example_branch_python_dop_operator_3.py
[2024-09-30T14:37:11.874+0000] {processor.py:914} INFO - Processing file /home/airflow/.local/lib/python3.12/site-packages/airflow/example_dags/example_branch_python_dop_operator_3.py for tasks to queue
[2024-09-30T14:37:11.876+0000] {logging_mixin.py:190} INFO - [2024-09-30T14:37:11.876+0000] {dagbag.py:588} INFO - Filling up the DagBag from /home/airflow/.local/lib/python3.12/site-packages/airflow/example_dags/example_branch_python_dop_operator_3.py
[2024-09-30T14:37:11.882+0000] {processor.py:925} INFO - DAG(s) 'example_branch_dop_operator_v3' retrieved from /home/airflow/.local/lib/python3.12/site-packages/airflow/example_dags/example_branch_python_dop_operator_3.py
[2024-09-30T14:37:11.896+0000] {logging_mixin.py:190} INFO - [2024-09-30T14:37:11.895+0000] {dag.py:3239} INFO - Sync 1 DAGs
[2024-09-30T14:37:11.913+0000] {logging_mixin.py:190} INFO - [2024-09-30T14:37:11.913+0000] {dag.py:4180} INFO - Setting next_dagrun for example_branch_dop_operator_v3 to 2024-09-30 14:36:00+00:00, run_after=2024-09-30 14:37:00+00:00
[2024-09-30T14:37:11.927+0000] {processor.py:208} INFO - Processing /home/airflow/.local/lib/python3.12/site-packages/airflow/example_dags/example_branch_python_dop_operator_3.py took 0.057 seconds
[2024-09-30T14:37:42.732+0000] {processor.py:186} INFO - Started process (PID=190) to work on /home/airflow/.local/lib/python3.12/site-packages/airflow/example_dags/example_branch_python_dop_operator_3.py
[2024-09-30T14:37:42.732+0000] {processor.py:914} INFO - Processing file /home/airflow/.local/lib/python3.12/site-packages/airflow/example_dags/example_branch_python_dop_operator_3.py for tasks to queue
[2024-09-30T14:37:42.734+0000] {logging_mixin.py:190} INFO - [2024-09-30T14:37:42.734+0000] {dagbag.py:588} INFO - Filling up the DagBag from /home/airflow/.local/lib/python3.12/site-packages/airflow/example_dags/example_branch_python_dop_operator_3.py
[2024-09-30T14:37:42.741+0000] {processor.py:925} INFO - DAG(s) 'example_branch_dop_operator_v3' retrieved from /home/airflow/.local/lib/python3.12/site-packages/airflow/example_dags/example_branch_python_dop_operator_3.py
[2024-09-30T14:37:42.754+0000] {logging_mixin.py:190} INFO - [2024-09-30T14:37:42.753+0000] {dag.py:3239} INFO - Sync 1 DAGs
[2024-09-30T14:37:42.771+0000] {logging_mixin.py:190} INFO - [2024-09-30T14:37:42.771+0000] {dag.py:4180} INFO - Setting next_dagrun for example_branch_dop_operator_v3 to 2024-09-30 14:36:00+00:00, run_after=2024-09-30 14:37:00+00:00
[2024-09-30T14:37:42.784+0000] {processor.py:208} INFO - Processing /home/airflow/.local/lib/python3.12/site-packages/airflow/example_dags/example_branch_python_dop_operator_3.py took 0.056 seconds
[2024-09-30T14:38:13.517+0000] {processor.py:186} INFO - Started process (PID=253) to work on /home/airflow/.local/lib/python3.12/site-packages/airflow/example_dags/example_branch_python_dop_operator_3.py
[2024-09-30T14:38:13.518+0000] {processor.py:914} INFO - Processing file /home/airflow/.local/lib/python3.12/site-packages/airflow/example_dags/example_branch_python_dop_operator_3.py for tasks to queue
[2024-09-30T14:38:13.520+0000] {logging_mixin.py:190} INFO - [2024-09-30T14:38:13.519+0000] {dagbag.py:588} INFO - Filling up the DagBag from /home/airflow/.local/lib/python3.12/site-packages/airflow/example_dags/example_branch_python_dop_operator_3.py
[2024-09-30T14:38:13.526+0000] {processor.py:925} INFO - DAG(s) 'example_branch_dop_operator_v3' retrieved from /home/airflow/.local/lib/python3.12/site-packages/airflow/example_dags/example_branch_python_dop_operator_3.py
[2024-09-30T14:38:13.539+0000] {logging_mixin.py:190} INFO - [2024-09-30T14:38:13.539+0000] {dag.py:3239} INFO - Sync 1 DAGs
[2024-09-30T14:38:13.557+0000] {logging_mixin.py:190} INFO - [2024-09-30T14:38:13.557+0000] {dag.py:4180} INFO - Setting next_dagrun for example_branch_dop_operator_v3 to 2024-09-30 14:37:00+00:00, run_after=2024-09-30 14:38:00+00:00
[2024-09-30T14:38:13.571+0000] {processor.py:208} INFO - Processing /home/airflow/.local/lib/python3.12/site-packages/airflow/example_dags/example_branch_python_dop_operator_3.py took 0.057 seconds
[2024-09-30T14:38:44.336+0000] {processor.py:186} INFO - Started process (PID=316) to work on /home/airflow/.local/lib/python3.12/site-packages/airflow/example_dags/example_branch_python_dop_operator_3.py
[2024-09-30T14:38:44.337+0000] {processor.py:914} INFO - Processing file /home/airflow/.local/lib/python3.12/site-packages/airflow/example_dags/example_branch_python_dop_operator_3.py for tasks to queue
[2024-09-30T14:38:44.338+0000] {logging_mixin.py:190} INFO - [2024-09-30T14:38:44.338+0000] {dagbag.py:588} INFO - Filling up the DagBag from /home/airflow/.local/lib/python3.12/site-packages/airflow/example_dags/example_branch_python_dop_operator_3.py
[2024-09-30T14:38:44.345+0000] {processor.py:925} INFO - DAG(s) 'example_branch_dop_operator_v3' retrieved from /home/airflow/.local/lib/python3.12/site-packages/airflow/example_dags/example_branch_python_dop_operator_3.py
[2024-09-30T14:38:44.357+0000] {logging_mixin.py:190} INFO - [2024-09-30T14:38:44.357+0000] {dag.py:3239} INFO - Sync 1 DAGs
[2024-09-30T14:38:44.374+0000] {logging_mixin.py:190} INFO - [2024-09-30T14:38:44.373+0000] {dag.py:4180} INFO - Setting next_dagrun for example_branch_dop_operator_v3 to 2024-09-30 14:37:00+00:00, run_after=2024-09-30 14:38:00+00:00
[2024-09-30T14:38:44.387+0000] {processor.py:208} INFO - Processing /home/airflow/.local/lib/python3.12/site-packages/airflow/example_dags/example_branch_python_dop_operator_3.py took 0.054 seconds
[2024-09-30T14:39:14.945+0000] {processor.py:186} INFO - Started process (PID=379) to work on /home/airflow/.local/lib/python3.12/site-packages/airflow/example_dags/example_branch_python_dop_operator_3.py
[2024-09-30T14:39:14.945+0000] {processor.py:914} INFO - Processing file /home/airflow/.local/lib/python3.12/site-packages/airflow/example_dags/example_branch_python_dop_operator_3.py for tasks to queue
[2024-09-30T14:39:14.947+0000] {logging_mixin.py:190} INFO - [2024-09-30T14:39:14.947+0000] {dagbag.py:588} INFO - Filling up the DagBag from /home/airflow/.local/lib/python3.12/site-packages/airflow/example_dags/example_branch_python_dop_operator_3.py
[2024-09-30T14:39:14.953+0000] {processor.py:925} INFO - DAG(s) 'example_branch_dop_operator_v3' retrieved from /home/airflow/.local/lib/python3.12/site-packages/airflow/example_dags/example_branch_python_dop_operator_3.py
[2024-09-30T14:39:14.965+0000] {logging_mixin.py:190} INFO - [2024-09-30T14:39:14.965+0000] {dag.py:3239} INFO - Sync 1 DAGs
[2024-09-30T14:39:14.985+0000] {logging_mixin.py:190} INFO - [2024-09-30T14:39:14.984+0000] {dag.py:4180} INFO - Setting next_dagrun for example_branch_dop_operator_v3 to 2024-09-30 14:38:00+00:00, run_after=2024-09-30 14:39:00+00:00
[2024-09-30T14:39:14.999+0000] {processor.py:208} INFO - Processing /home/airflow/.local/lib/python3.12/site-packages/airflow/example_dags/example_branch_python_dop_operator_3.py took 0.058 seconds
[2024-09-30T14:39:41.472+0000] {processor.py:186} INFO - Started process (PID=58) to work on /home/airflow/.local/lib/python3.12/site-packages/airflow/example_dags/example_branch_python_dop_operator_3.py
[2024-09-30T14:39:41.473+0000] {processor.py:914} INFO - Processing file /home/airflow/.local/lib/python3.12/site-packages/airflow/example_dags/example_branch_python_dop_operator_3.py for tasks to queue
[2024-09-30T14:39:41.474+0000] {logging_mixin.py:190} INFO - [2024-09-30T14:39:41.474+0000] {dagbag.py:588} INFO - Filling up the DagBag from /home/airflow/.local/lib/python3.12/site-packages/airflow/example_dags/example_branch_python_dop_operator_3.py
[2024-09-30T14:39:41.481+0000] {processor.py:925} INFO - DAG(s) 'example_branch_dop_operator_v3' retrieved from /home/airflow/.local/lib/python3.12/site-packages/airflow/example_dags/example_branch_python_dop_operator_3.py
[2024-09-30T14:39:41.497+0000] {logging_mixin.py:190} INFO - [2024-09-30T14:39:41.497+0000] {dag.py:3239} INFO - Sync 1 DAGs
[2024-09-30T14:39:41.514+0000] {logging_mixin.py:190} INFO - [2024-09-30T14:39:41.513+0000] {dag.py:4180} INFO - Setting next_dagrun for example_branch_dop_operator_v3 to 2024-09-30 14:38:00+00:00, run_after=2024-09-30 14:39:00+00:00
[2024-09-30T14:39:41.526+0000] {processor.py:208} INFO - Processing /home/airflow/.local/lib/python3.12/site-packages/airflow/example_dags/example_branch_python_dop_operator_3.py took 0.057 seconds
[2024-09-30T14:40:11.559+0000] {processor.py:186} INFO - Started process (PID=121) to work on /home/airflow/.local/lib/python3.12/site-packages/airflow/example_dags/example_branch_python_dop_operator_3.py
[2024-09-30T14:40:11.560+0000] {processor.py:914} INFO - Processing file /home/airflow/.local/lib/python3.12/site-packages/airflow/example_dags/example_branch_python_dop_operator_3.py for tasks to queue
[2024-09-30T14:40:11.561+0000] {logging_mixin.py:190} INFO - [2024-09-30T14:40:11.561+0000] {dagbag.py:588} INFO - Filling up the DagBag from /home/airflow/.local/lib/python3.12/site-packages/airflow/example_dags/example_branch_python_dop_operator_3.py
[2024-09-30T14:40:11.568+0000] {processor.py:925} INFO - DAG(s) 'example_branch_dop_operator_v3' retrieved from /home/airflow/.local/lib/python3.12/site-packages/airflow/example_dags/example_branch_python_dop_operator_3.py
[2024-09-30T14:40:11.582+0000] {logging_mixin.py:190} INFO - [2024-09-30T14:40:11.582+0000] {dag.py:3239} INFO - Sync 1 DAGs
[2024-09-30T14:40:11.600+0000] {logging_mixin.py:190} INFO - [2024-09-30T14:40:11.600+0000] {dag.py:4180} INFO - Setting next_dagrun for example_branch_dop_operator_v3 to 2024-09-30 14:39:00+00:00, run_after=2024-09-30 14:40:00+00:00
[2024-09-30T14:40:11.613+0000] {processor.py:208} INFO - Processing /home/airflow/.local/lib/python3.12/site-packages/airflow/example_dags/example_branch_python_dop_operator_3.py took 0.057 seconds
[2024-09-30T14:40:42.563+0000] {processor.py:186} INFO - Started process (PID=190) to work on /home/airflow/.local/lib/python3.12/site-packages/airflow/example_dags/example_branch_python_dop_operator_3.py
[2024-09-30T14:40:42.564+0000] {processor.py:914} INFO - Processing file /home/airflow/.local/lib/python3.12/site-packages/airflow/example_dags/example_branch_python_dop_operator_3.py for tasks to queue
[2024-09-30T14:40:42.566+0000] {logging_mixin.py:190} INFO - [2024-09-30T14:40:42.566+0000] {dagbag.py:588} INFO - Filling up the DagBag from /home/airflow/.local/lib/python3.12/site-packages/airflow/example_dags/example_branch_python_dop_operator_3.py
[2024-09-30T14:40:42.573+0000] {processor.py:925} INFO - DAG(s) 'example_branch_dop_operator_v3' retrieved from /home/airflow/.local/lib/python3.12/site-packages/airflow/example_dags/example_branch_python_dop_operator_3.py
[2024-09-30T14:40:42.588+0000] {logging_mixin.py:190} INFO - [2024-09-30T14:40:42.588+0000] {dag.py:3239} INFO - Sync 1 DAGs
[2024-09-30T14:40:42.611+0000] {logging_mixin.py:190} INFO - [2024-09-30T14:40:42.610+0000] {dag.py:4180} INFO - Setting next_dagrun for example_branch_dop_operator_v3 to 2024-09-30 14:39:00+00:00, run_after=2024-09-30 14:40:00+00:00
[2024-09-30T14:40:42.624+0000] {processor.py:208} INFO - Processing /home/airflow/.local/lib/python3.12/site-packages/airflow/example_dags/example_branch_python_dop_operator_3.py took 0.065 seconds
[2024-09-30T14:41:13.368+0000] {processor.py:186} INFO - Started process (PID=253) to work on /home/airflow/.local/lib/python3.12/site-packages/airflow/example_dags/example_branch_python_dop_operator_3.py
[2024-09-30T14:41:13.369+0000] {processor.py:914} INFO - Processing file /home/airflow/.local/lib/python3.12/site-packages/airflow/example_dags/example_branch_python_dop_operator_3.py for tasks to queue
[2024-09-30T14:41:13.371+0000] {logging_mixin.py:190} INFO - [2024-09-30T14:41:13.370+0000] {dagbag.py:588} INFO - Filling up the DagBag from /home/airflow/.local/lib/python3.12/site-packages/airflow/example_dags/example_branch_python_dop_operator_3.py
[2024-09-30T14:41:13.378+0000] {processor.py:925} INFO - DAG(s) 'example_branch_dop_operator_v3' retrieved from /home/airflow/.local/lib/python3.12/site-packages/airflow/example_dags/example_branch_python_dop_operator_3.py
[2024-09-30T14:41:13.392+0000] {logging_mixin.py:190} INFO - [2024-09-30T14:41:13.392+0000] {dag.py:3239} INFO - Sync 1 DAGs
[2024-09-30T14:41:13.412+0000] {logging_mixin.py:190} INFO - [2024-09-30T14:41:13.412+0000] {dag.py:4180} INFO - Setting next_dagrun for example_branch_dop_operator_v3 to 2024-09-30 14:40:00+00:00, run_after=2024-09-30 14:41:00+00:00
[2024-09-30T14:41:13.428+0000] {processor.py:208} INFO - Processing /home/airflow/.local/lib/python3.12/site-packages/airflow/example_dags/example_branch_python_dop_operator_3.py took 0.063 seconds
