[2024-09-30T14:12:29.220+0000] {processor.py:186} INFO - Started process (PID=73) to work on /home/airflow/.local/lib/python3.12/site-packages/airflow/example_dags/example_sensors.py
[2024-09-30T14:12:29.221+0000] {processor.py:914} INFO - Processing file /home/airflow/.local/lib/python3.12/site-packages/airflow/example_dags/example_sensors.py for tasks to queue
[2024-09-30T14:12:29.224+0000] {logging_mixin.py:190} INFO - [2024-09-30T14:12:29.223+0000] {dagbag.py:588} INFO - Filling up the DagBag from /home/airflow/.local/lib/python3.12/site-packages/airflow/example_dags/example_sensors.py
[2024-09-30T14:12:29.233+0000] {processor.py:925} INFO - DAG(s) 'example_sensors' retrieved from /home/airflow/.local/lib/python3.12/site-packages/airflow/example_dags/example_sensors.py
[2024-09-30T14:12:29.254+0000] {logging_mixin.py:190} INFO - [2024-09-30T14:12:29.253+0000] {dag.py:3239} INFO - Sync 1 DAGs
[2024-09-30T14:12:29.265+0000] {logging_mixin.py:190} INFO - [2024-09-30T14:12:29.265+0000] {dag.py:4180} INFO - Setting next_dagrun for example_sensors to None, run_after=None
[2024-09-30T14:12:29.280+0000] {processor.py:208} INFO - Processing /home/airflow/.local/lib/python3.12/site-packages/airflow/example_dags/example_sensors.py took 0.065 seconds
[2024-09-30T14:12:59.354+0000] {processor.py:186} INFO - Started process (PID=136) to work on /home/airflow/.local/lib/python3.12/site-packages/airflow/example_dags/example_sensors.py
[2024-09-30T14:12:59.355+0000] {processor.py:914} INFO - Processing file /home/airflow/.local/lib/python3.12/site-packages/airflow/example_dags/example_sensors.py for tasks to queue
[2024-09-30T14:12:59.357+0000] {logging_mixin.py:190} INFO - [2024-09-30T14:12:59.357+0000] {dagbag.py:588} INFO - Filling up the DagBag from /home/airflow/.local/lib/python3.12/site-packages/airflow/example_dags/example_sensors.py
[2024-09-30T14:12:59.364+0000] {processor.py:925} INFO - DAG(s) 'example_sensors' retrieved from /home/airflow/.local/lib/python3.12/site-packages/airflow/example_dags/example_sensors.py
[2024-09-30T14:12:59.381+0000] {logging_mixin.py:190} INFO - [2024-09-30T14:12:59.380+0000] {dag.py:3239} INFO - Sync 1 DAGs
[2024-09-30T14:12:59.391+0000] {logging_mixin.py:190} INFO - [2024-09-30T14:12:59.391+0000] {dag.py:4180} INFO - Setting next_dagrun for example_sensors to None, run_after=None
[2024-09-30T14:12:59.406+0000] {processor.py:208} INFO - Processing /home/airflow/.local/lib/python3.12/site-packages/airflow/example_dags/example_sensors.py took 0.056 seconds
[2024-09-30T14:13:30.148+0000] {processor.py:186} INFO - Started process (PID=205) to work on /home/airflow/.local/lib/python3.12/site-packages/airflow/example_dags/example_sensors.py
[2024-09-30T14:13:30.149+0000] {processor.py:914} INFO - Processing file /home/airflow/.local/lib/python3.12/site-packages/airflow/example_dags/example_sensors.py for tasks to queue
[2024-09-30T14:13:30.151+0000] {logging_mixin.py:190} INFO - [2024-09-30T14:13:30.150+0000] {dagbag.py:588} INFO - Filling up the DagBag from /home/airflow/.local/lib/python3.12/site-packages/airflow/example_dags/example_sensors.py
[2024-09-30T14:13:30.158+0000] {processor.py:925} INFO - DAG(s) 'example_sensors' retrieved from /home/airflow/.local/lib/python3.12/site-packages/airflow/example_dags/example_sensors.py
[2024-09-30T14:13:30.177+0000] {logging_mixin.py:190} INFO - [2024-09-30T14:13:30.176+0000] {dag.py:3239} INFO - Sync 1 DAGs
[2024-09-30T14:13:30.187+0000] {logging_mixin.py:190} INFO - [2024-09-30T14:13:30.186+0000] {dag.py:4180} INFO - Setting next_dagrun for example_sensors to None, run_after=None
[2024-09-30T14:13:30.202+0000] {processor.py:208} INFO - Processing /home/airflow/.local/lib/python3.12/site-packages/airflow/example_dags/example_sensors.py took 0.057 seconds
[2024-09-30T14:14:01.887+0000] {processor.py:186} INFO - Started process (PID=268) to work on /home/airflow/.local/lib/python3.12/site-packages/airflow/example_dags/example_sensors.py
[2024-09-30T14:14:01.887+0000] {processor.py:914} INFO - Processing file /home/airflow/.local/lib/python3.12/site-packages/airflow/example_dags/example_sensors.py for tasks to queue
[2024-09-30T14:14:01.889+0000] {logging_mixin.py:190} INFO - [2024-09-30T14:14:01.889+0000] {dagbag.py:588} INFO - Filling up the DagBag from /home/airflow/.local/lib/python3.12/site-packages/airflow/example_dags/example_sensors.py
[2024-09-30T14:14:01.896+0000] {processor.py:925} INFO - DAG(s) 'example_sensors' retrieved from /home/airflow/.local/lib/python3.12/site-packages/airflow/example_dags/example_sensors.py
[2024-09-30T14:14:01.913+0000] {logging_mixin.py:190} INFO - [2024-09-30T14:14:01.912+0000] {dag.py:3239} INFO - Sync 1 DAGs
[2024-09-30T14:14:01.922+0000] {logging_mixin.py:190} INFO - [2024-09-30T14:14:01.922+0000] {dag.py:4180} INFO - Setting next_dagrun for example_sensors to None, run_after=None
[2024-09-30T14:14:01.935+0000] {processor.py:208} INFO - Processing /home/airflow/.local/lib/python3.12/site-packages/airflow/example_dags/example_sensors.py took 0.051 seconds
[2024-09-30T14:14:32.735+0000] {processor.py:186} INFO - Started process (PID=331) to work on /home/airflow/.local/lib/python3.12/site-packages/airflow/example_dags/example_sensors.py
[2024-09-30T14:14:32.736+0000] {processor.py:914} INFO - Processing file /home/airflow/.local/lib/python3.12/site-packages/airflow/example_dags/example_sensors.py for tasks to queue
[2024-09-30T14:14:32.737+0000] {logging_mixin.py:190} INFO - [2024-09-30T14:14:32.737+0000] {dagbag.py:588} INFO - Filling up the DagBag from /home/airflow/.local/lib/python3.12/site-packages/airflow/example_dags/example_sensors.py
[2024-09-30T14:14:32.744+0000] {processor.py:925} INFO - DAG(s) 'example_sensors' retrieved from /home/airflow/.local/lib/python3.12/site-packages/airflow/example_dags/example_sensors.py
[2024-09-30T14:14:32.761+0000] {logging_mixin.py:190} INFO - [2024-09-30T14:14:32.761+0000] {dag.py:3239} INFO - Sync 1 DAGs
[2024-09-30T14:14:32.771+0000] {logging_mixin.py:190} INFO - [2024-09-30T14:14:32.771+0000] {dag.py:4180} INFO - Setting next_dagrun for example_sensors to None, run_after=None
[2024-09-30T14:14:32.785+0000] {processor.py:208} INFO - Processing /home/airflow/.local/lib/python3.12/site-packages/airflow/example_dags/example_sensors.py took 0.054 seconds
[2024-09-30T14:15:03.035+0000] {processor.py:186} INFO - Started process (PID=394) to work on /home/airflow/.local/lib/python3.12/site-packages/airflow/example_dags/example_sensors.py
[2024-09-30T14:15:03.036+0000] {processor.py:914} INFO - Processing file /home/airflow/.local/lib/python3.12/site-packages/airflow/example_dags/example_sensors.py for tasks to queue
[2024-09-30T14:15:03.039+0000] {logging_mixin.py:190} INFO - [2024-09-30T14:15:03.039+0000] {dagbag.py:588} INFO - Filling up the DagBag from /home/airflow/.local/lib/python3.12/site-packages/airflow/example_dags/example_sensors.py
[2024-09-30T14:15:03.048+0000] {processor.py:925} INFO - DAG(s) 'example_sensors' retrieved from /home/airflow/.local/lib/python3.12/site-packages/airflow/example_dags/example_sensors.py
[2024-09-30T14:15:03.066+0000] {logging_mixin.py:190} INFO - [2024-09-30T14:15:03.066+0000] {dag.py:3239} INFO - Sync 1 DAGs
[2024-09-30T14:15:03.077+0000] {logging_mixin.py:190} INFO - [2024-09-30T14:15:03.077+0000] {dag.py:4180} INFO - Setting next_dagrun for example_sensors to None, run_after=None
[2024-09-30T14:15:03.090+0000] {processor.py:208} INFO - Processing /home/airflow/.local/lib/python3.12/site-packages/airflow/example_dags/example_sensors.py took 0.059 seconds
[2024-09-30T14:15:33.935+0000] {processor.py:186} INFO - Started process (PID=457) to work on /home/airflow/.local/lib/python3.12/site-packages/airflow/example_dags/example_sensors.py
[2024-09-30T14:15:33.936+0000] {processor.py:914} INFO - Processing file /home/airflow/.local/lib/python3.12/site-packages/airflow/example_dags/example_sensors.py for tasks to queue
[2024-09-30T14:15:33.937+0000] {logging_mixin.py:190} INFO - [2024-09-30T14:15:33.937+0000] {dagbag.py:588} INFO - Filling up the DagBag from /home/airflow/.local/lib/python3.12/site-packages/airflow/example_dags/example_sensors.py
[2024-09-30T14:15:33.944+0000] {processor.py:925} INFO - DAG(s) 'example_sensors' retrieved from /home/airflow/.local/lib/python3.12/site-packages/airflow/example_dags/example_sensors.py
[2024-09-30T14:15:33.961+0000] {logging_mixin.py:190} INFO - [2024-09-30T14:15:33.960+0000] {dag.py:3239} INFO - Sync 1 DAGs
[2024-09-30T14:15:33.970+0000] {logging_mixin.py:190} INFO - [2024-09-30T14:15:33.970+0000] {dag.py:4180} INFO - Setting next_dagrun for example_sensors to None, run_after=None
[2024-09-30T14:15:33.985+0000] {processor.py:208} INFO - Processing /home/airflow/.local/lib/python3.12/site-packages/airflow/example_dags/example_sensors.py took 0.054 seconds
[2024-09-30T14:16:04.613+0000] {processor.py:186} INFO - Started process (PID=520) to work on /home/airflow/.local/lib/python3.12/site-packages/airflow/example_dags/example_sensors.py
[2024-09-30T14:16:04.614+0000] {processor.py:914} INFO - Processing file /home/airflow/.local/lib/python3.12/site-packages/airflow/example_dags/example_sensors.py for tasks to queue
[2024-09-30T14:16:04.615+0000] {logging_mixin.py:190} INFO - [2024-09-30T14:16:04.615+0000] {dagbag.py:588} INFO - Filling up the DagBag from /home/airflow/.local/lib/python3.12/site-packages/airflow/example_dags/example_sensors.py
[2024-09-30T14:16:04.622+0000] {processor.py:925} INFO - DAG(s) 'example_sensors' retrieved from /home/airflow/.local/lib/python3.12/site-packages/airflow/example_dags/example_sensors.py
[2024-09-30T14:16:04.644+0000] {logging_mixin.py:190} INFO - [2024-09-30T14:16:04.643+0000] {dag.py:3239} INFO - Sync 1 DAGs
[2024-09-30T14:16:04.653+0000] {logging_mixin.py:190} INFO - [2024-09-30T14:16:04.653+0000] {dag.py:4180} INFO - Setting next_dagrun for example_sensors to None, run_after=None
[2024-09-30T14:16:04.668+0000] {processor.py:208} INFO - Processing /home/airflow/.local/lib/python3.12/site-packages/airflow/example_dags/example_sensors.py took 0.058 seconds
[2024-09-30T14:16:35.333+0000] {processor.py:186} INFO - Started process (PID=584) to work on /home/airflow/.local/lib/python3.12/site-packages/airflow/example_dags/example_sensors.py
[2024-09-30T14:16:35.334+0000] {processor.py:914} INFO - Processing file /home/airflow/.local/lib/python3.12/site-packages/airflow/example_dags/example_sensors.py for tasks to queue
[2024-09-30T14:16:35.336+0000] {logging_mixin.py:190} INFO - [2024-09-30T14:16:35.335+0000] {dagbag.py:588} INFO - Filling up the DagBag from /home/airflow/.local/lib/python3.12/site-packages/airflow/example_dags/example_sensors.py
[2024-09-30T14:16:35.342+0000] {processor.py:925} INFO - DAG(s) 'example_sensors' retrieved from /home/airflow/.local/lib/python3.12/site-packages/airflow/example_dags/example_sensors.py
[2024-09-30T14:16:35.359+0000] {logging_mixin.py:190} INFO - [2024-09-30T14:16:35.359+0000] {dag.py:3239} INFO - Sync 1 DAGs
[2024-09-30T14:16:35.369+0000] {logging_mixin.py:190} INFO - [2024-09-30T14:16:35.369+0000] {dag.py:4180} INFO - Setting next_dagrun for example_sensors to None, run_after=None
[2024-09-30T14:16:35.382+0000] {processor.py:208} INFO - Processing /home/airflow/.local/lib/python3.12/site-packages/airflow/example_dags/example_sensors.py took 0.053 seconds
[2024-09-30T14:16:59.971+0000] {processor.py:186} INFO - Started process (PID=67) to work on /home/airflow/.local/lib/python3.12/site-packages/airflow/example_dags/example_sensors.py
[2024-09-30T14:16:59.972+0000] {processor.py:914} INFO - Processing file /home/airflow/.local/lib/python3.12/site-packages/airflow/example_dags/example_sensors.py for tasks to queue
[2024-09-30T14:16:59.974+0000] {logging_mixin.py:190} INFO - [2024-09-30T14:16:59.973+0000] {dagbag.py:588} INFO - Filling up the DagBag from /home/airflow/.local/lib/python3.12/site-packages/airflow/example_dags/example_sensors.py
[2024-09-30T14:16:59.980+0000] {processor.py:925} INFO - DAG(s) 'example_sensors' retrieved from /home/airflow/.local/lib/python3.12/site-packages/airflow/example_dags/example_sensors.py
[2024-09-30T14:16:59.998+0000] {logging_mixin.py:190} INFO - [2024-09-30T14:16:59.998+0000] {dag.py:3239} INFO - Sync 1 DAGs
[2024-09-30T14:17:00.009+0000] {logging_mixin.py:190} INFO - [2024-09-30T14:17:00.009+0000] {dag.py:4180} INFO - Setting next_dagrun for example_sensors to None, run_after=None
[2024-09-30T14:17:00.023+0000] {processor.py:208} INFO - Processing /home/airflow/.local/lib/python3.12/site-packages/airflow/example_dags/example_sensors.py took 0.056 seconds
[2024-09-30T14:17:30.731+0000] {processor.py:186} INFO - Started process (PID=136) to work on /home/airflow/.local/lib/python3.12/site-packages/airflow/example_dags/example_sensors.py
[2024-09-30T14:17:30.731+0000] {processor.py:914} INFO - Processing file /home/airflow/.local/lib/python3.12/site-packages/airflow/example_dags/example_sensors.py for tasks to queue
[2024-09-30T14:17:30.733+0000] {logging_mixin.py:190} INFO - [2024-09-30T14:17:30.733+0000] {dagbag.py:588} INFO - Filling up the DagBag from /home/airflow/.local/lib/python3.12/site-packages/airflow/example_dags/example_sensors.py
[2024-09-30T14:17:30.744+0000] {processor.py:925} INFO - DAG(s) 'example_sensors' retrieved from /home/airflow/.local/lib/python3.12/site-packages/airflow/example_dags/example_sensors.py
[2024-09-30T14:17:30.761+0000] {logging_mixin.py:190} INFO - [2024-09-30T14:17:30.761+0000] {dag.py:3239} INFO - Sync 1 DAGs
[2024-09-30T14:17:30.771+0000] {logging_mixin.py:190} INFO - [2024-09-30T14:17:30.771+0000] {dag.py:4180} INFO - Setting next_dagrun for example_sensors to None, run_after=None
[2024-09-30T14:17:30.785+0000] {processor.py:208} INFO - Processing /home/airflow/.local/lib/python3.12/site-packages/airflow/example_dags/example_sensors.py took 0.059 seconds
[2024-09-30T14:18:02.628+0000] {processor.py:186} INFO - Started process (PID=67) to work on /home/airflow/.local/lib/python3.12/site-packages/airflow/example_dags/example_sensors.py
[2024-09-30T14:18:02.628+0000] {processor.py:914} INFO - Processing file /home/airflow/.local/lib/python3.12/site-packages/airflow/example_dags/example_sensors.py for tasks to queue
[2024-09-30T14:18:02.630+0000] {logging_mixin.py:190} INFO - [2024-09-30T14:18:02.630+0000] {dagbag.py:588} INFO - Filling up the DagBag from /home/airflow/.local/lib/python3.12/site-packages/airflow/example_dags/example_sensors.py
[2024-09-30T14:18:02.640+0000] {processor.py:925} INFO - DAG(s) 'example_sensors' retrieved from /home/airflow/.local/lib/python3.12/site-packages/airflow/example_dags/example_sensors.py
[2024-09-30T14:18:02.663+0000] {logging_mixin.py:190} INFO - [2024-09-30T14:18:02.663+0000] {dag.py:3239} INFO - Sync 1 DAGs
[2024-09-30T14:18:02.683+0000] {logging_mixin.py:190} INFO - [2024-09-30T14:18:02.683+0000] {dag.py:4180} INFO - Setting next_dagrun for example_sensors to None, run_after=None
[2024-09-30T14:18:02.700+0000] {processor.py:208} INFO - Processing /home/airflow/.local/lib/python3.12/site-packages/airflow/example_dags/example_sensors.py took 0.078 seconds
[2024-09-30T14:18:33.541+0000] {processor.py:186} INFO - Started process (PID=136) to work on /home/airflow/.local/lib/python3.12/site-packages/airflow/example_dags/example_sensors.py
[2024-09-30T14:18:33.541+0000] {processor.py:914} INFO - Processing file /home/airflow/.local/lib/python3.12/site-packages/airflow/example_dags/example_sensors.py for tasks to queue
[2024-09-30T14:18:33.543+0000] {logging_mixin.py:190} INFO - [2024-09-30T14:18:33.543+0000] {dagbag.py:588} INFO - Filling up the DagBag from /home/airflow/.local/lib/python3.12/site-packages/airflow/example_dags/example_sensors.py
[2024-09-30T14:18:33.549+0000] {processor.py:925} INFO - DAG(s) 'example_sensors' retrieved from /home/airflow/.local/lib/python3.12/site-packages/airflow/example_dags/example_sensors.py
[2024-09-30T14:18:33.566+0000] {logging_mixin.py:190} INFO - [2024-09-30T14:18:33.566+0000] {dag.py:3239} INFO - Sync 1 DAGs
[2024-09-30T14:18:33.575+0000] {logging_mixin.py:190} INFO - [2024-09-30T14:18:33.575+0000] {dag.py:4180} INFO - Setting next_dagrun for example_sensors to None, run_after=None
[2024-09-30T14:18:33.588+0000] {processor.py:208} INFO - Processing /home/airflow/.local/lib/python3.12/site-packages/airflow/example_dags/example_sensors.py took 0.050 seconds
[2024-09-30T14:19:04.078+0000] {processor.py:186} INFO - Started process (PID=199) to work on /home/airflow/.local/lib/python3.12/site-packages/airflow/example_dags/example_sensors.py
[2024-09-30T14:19:04.079+0000] {processor.py:914} INFO - Processing file /home/airflow/.local/lib/python3.12/site-packages/airflow/example_dags/example_sensors.py for tasks to queue
[2024-09-30T14:19:04.079+0000] {logging_mixin.py:190} INFO - [2024-09-30T14:19:04.079+0000] {dagbag.py:588} INFO - Filling up the DagBag from /home/airflow/.local/lib/python3.12/site-packages/airflow/example_dags/example_sensors.py
[2024-09-30T14:19:04.086+0000] {processor.py:925} INFO - DAG(s) 'example_sensors' retrieved from /home/airflow/.local/lib/python3.12/site-packages/airflow/example_dags/example_sensors.py
[2024-09-30T14:19:04.103+0000] {logging_mixin.py:190} INFO - [2024-09-30T14:19:04.103+0000] {dag.py:3239} INFO - Sync 1 DAGs
[2024-09-30T14:19:04.111+0000] {logging_mixin.py:190} INFO - [2024-09-30T14:19:04.111+0000] {dag.py:4180} INFO - Setting next_dagrun for example_sensors to None, run_after=None
[2024-09-30T14:19:04.123+0000] {processor.py:208} INFO - Processing /home/airflow/.local/lib/python3.12/site-packages/airflow/example_dags/example_sensors.py took 0.049 seconds
[2024-09-30T14:19:47.151+0000] {processor.py:186} INFO - Started process (PID=67) to work on /home/airflow/.local/lib/python3.12/site-packages/airflow/example_dags/example_sensors.py
[2024-09-30T14:19:47.152+0000] {processor.py:914} INFO - Processing file /home/airflow/.local/lib/python3.12/site-packages/airflow/example_dags/example_sensors.py for tasks to queue
[2024-09-30T14:19:47.153+0000] {logging_mixin.py:190} INFO - [2024-09-30T14:19:47.153+0000] {dagbag.py:588} INFO - Filling up the DagBag from /home/airflow/.local/lib/python3.12/site-packages/airflow/example_dags/example_sensors.py
[2024-09-30T14:19:47.161+0000] {processor.py:925} INFO - DAG(s) 'example_sensors' retrieved from /home/airflow/.local/lib/python3.12/site-packages/airflow/example_dags/example_sensors.py
[2024-09-30T14:19:47.180+0000] {logging_mixin.py:190} INFO - [2024-09-30T14:19:47.180+0000] {dag.py:3239} INFO - Sync 1 DAGs
[2024-09-30T14:19:47.190+0000] {logging_mixin.py:190} INFO - [2024-09-30T14:19:47.190+0000] {dag.py:4180} INFO - Setting next_dagrun for example_sensors to None, run_after=None
[2024-09-30T14:19:47.204+0000] {processor.py:208} INFO - Processing /home/airflow/.local/lib/python3.12/site-packages/airflow/example_dags/example_sensors.py took 0.057 seconds
[2024-09-30T14:20:18.075+0000] {processor.py:186} INFO - Started process (PID=130) to work on /home/airflow/.local/lib/python3.12/site-packages/airflow/example_dags/example_sensors.py
[2024-09-30T14:20:18.076+0000] {processor.py:914} INFO - Processing file /home/airflow/.local/lib/python3.12/site-packages/airflow/example_dags/example_sensors.py for tasks to queue
[2024-09-30T14:20:18.077+0000] {logging_mixin.py:190} INFO - [2024-09-30T14:20:18.077+0000] {dagbag.py:588} INFO - Filling up the DagBag from /home/airflow/.local/lib/python3.12/site-packages/airflow/example_dags/example_sensors.py
[2024-09-30T14:20:18.085+0000] {processor.py:925} INFO - DAG(s) 'example_sensors' retrieved from /home/airflow/.local/lib/python3.12/site-packages/airflow/example_dags/example_sensors.py
[2024-09-30T14:20:18.107+0000] {logging_mixin.py:190} INFO - [2024-09-30T14:20:18.107+0000] {dag.py:3239} INFO - Sync 1 DAGs
[2024-09-30T14:20:18.123+0000] {logging_mixin.py:190} INFO - [2024-09-30T14:20:18.123+0000] {dag.py:4180} INFO - Setting next_dagrun for example_sensors to None, run_after=None
[2024-09-30T14:20:18.146+0000] {processor.py:208} INFO - Processing /home/airflow/.local/lib/python3.12/site-packages/airflow/example_dags/example_sensors.py took 0.076 seconds
[2024-09-30T14:20:48.912+0000] {processor.py:186} INFO - Started process (PID=199) to work on /home/airflow/.local/lib/python3.12/site-packages/airflow/example_dags/example_sensors.py
[2024-09-30T14:20:48.913+0000] {processor.py:914} INFO - Processing file /home/airflow/.local/lib/python3.12/site-packages/airflow/example_dags/example_sensors.py for tasks to queue
[2024-09-30T14:20:48.914+0000] {logging_mixin.py:190} INFO - [2024-09-30T14:20:48.914+0000] {dagbag.py:588} INFO - Filling up the DagBag from /home/airflow/.local/lib/python3.12/site-packages/airflow/example_dags/example_sensors.py
[2024-09-30T14:20:48.923+0000] {processor.py:925} INFO - DAG(s) 'example_sensors' retrieved from /home/airflow/.local/lib/python3.12/site-packages/airflow/example_dags/example_sensors.py
[2024-09-30T14:20:48.942+0000] {logging_mixin.py:190} INFO - [2024-09-30T14:20:48.941+0000] {dag.py:3239} INFO - Sync 1 DAGs
[2024-09-30T14:20:48.955+0000] {logging_mixin.py:190} INFO - [2024-09-30T14:20:48.954+0000] {dag.py:4180} INFO - Setting next_dagrun for example_sensors to None, run_after=None
[2024-09-30T14:20:48.974+0000] {processor.py:208} INFO - Processing /home/airflow/.local/lib/python3.12/site-packages/airflow/example_dags/example_sensors.py took 0.066 seconds
[2024-09-30T14:21:19.892+0000] {processor.py:186} INFO - Started process (PID=262) to work on /home/airflow/.local/lib/python3.12/site-packages/airflow/example_dags/example_sensors.py
[2024-09-30T14:21:19.892+0000] {processor.py:914} INFO - Processing file /home/airflow/.local/lib/python3.12/site-packages/airflow/example_dags/example_sensors.py for tasks to queue
[2024-09-30T14:21:19.894+0000] {logging_mixin.py:190} INFO - [2024-09-30T14:21:19.894+0000] {dagbag.py:588} INFO - Filling up the DagBag from /home/airflow/.local/lib/python3.12/site-packages/airflow/example_dags/example_sensors.py
[2024-09-30T14:21:19.901+0000] {processor.py:925} INFO - DAG(s) 'example_sensors' retrieved from /home/airflow/.local/lib/python3.12/site-packages/airflow/example_dags/example_sensors.py
[2024-09-30T14:21:19.919+0000] {logging_mixin.py:190} INFO - [2024-09-30T14:21:19.919+0000] {dag.py:3239} INFO - Sync 1 DAGs
[2024-09-30T14:21:19.929+0000] {logging_mixin.py:190} INFO - [2024-09-30T14:21:19.929+0000] {dag.py:4180} INFO - Setting next_dagrun for example_sensors to None, run_after=None
[2024-09-30T14:21:19.943+0000] {processor.py:208} INFO - Processing /home/airflow/.local/lib/python3.12/site-packages/airflow/example_dags/example_sensors.py took 0.055 seconds
[2024-09-30T14:21:50.044+0000] {processor.py:186} INFO - Started process (PID=325) to work on /home/airflow/.local/lib/python3.12/site-packages/airflow/example_dags/example_sensors.py
[2024-09-30T14:21:50.045+0000] {processor.py:914} INFO - Processing file /home/airflow/.local/lib/python3.12/site-packages/airflow/example_dags/example_sensors.py for tasks to queue
[2024-09-30T14:21:50.046+0000] {logging_mixin.py:190} INFO - [2024-09-30T14:21:50.046+0000] {dagbag.py:588} INFO - Filling up the DagBag from /home/airflow/.local/lib/python3.12/site-packages/airflow/example_dags/example_sensors.py
[2024-09-30T14:21:50.053+0000] {processor.py:925} INFO - DAG(s) 'example_sensors' retrieved from /home/airflow/.local/lib/python3.12/site-packages/airflow/example_dags/example_sensors.py
[2024-09-30T14:21:50.069+0000] {logging_mixin.py:190} INFO - [2024-09-30T14:21:50.069+0000] {dag.py:3239} INFO - Sync 1 DAGs
[2024-09-30T14:21:50.079+0000] {logging_mixin.py:190} INFO - [2024-09-30T14:21:50.079+0000] {dag.py:4180} INFO - Setting next_dagrun for example_sensors to None, run_after=None
[2024-09-30T14:21:50.093+0000] {processor.py:208} INFO - Processing /home/airflow/.local/lib/python3.12/site-packages/airflow/example_dags/example_sensors.py took 0.052 seconds
[2024-09-30T14:22:20.913+0000] {processor.py:186} INFO - Started process (PID=388) to work on /home/airflow/.local/lib/python3.12/site-packages/airflow/example_dags/example_sensors.py
[2024-09-30T14:22:20.913+0000] {processor.py:914} INFO - Processing file /home/airflow/.local/lib/python3.12/site-packages/airflow/example_dags/example_sensors.py for tasks to queue
[2024-09-30T14:22:20.915+0000] {logging_mixin.py:190} INFO - [2024-09-30T14:22:20.915+0000] {dagbag.py:588} INFO - Filling up the DagBag from /home/airflow/.local/lib/python3.12/site-packages/airflow/example_dags/example_sensors.py
[2024-09-30T14:22:20.923+0000] {processor.py:925} INFO - DAG(s) 'example_sensors' retrieved from /home/airflow/.local/lib/python3.12/site-packages/airflow/example_dags/example_sensors.py
[2024-09-30T14:22:20.940+0000] {logging_mixin.py:190} INFO - [2024-09-30T14:22:20.940+0000] {dag.py:3239} INFO - Sync 1 DAGs
[2024-09-30T14:22:20.951+0000] {logging_mixin.py:190} INFO - [2024-09-30T14:22:20.950+0000] {dag.py:4180} INFO - Setting next_dagrun for example_sensors to None, run_after=None
[2024-09-30T14:22:20.973+0000] {processor.py:208} INFO - Processing /home/airflow/.local/lib/python3.12/site-packages/airflow/example_dags/example_sensors.py took 0.066 seconds
[2024-09-30T14:22:51.717+0000] {processor.py:186} INFO - Started process (PID=451) to work on /home/airflow/.local/lib/python3.12/site-packages/airflow/example_dags/example_sensors.py
[2024-09-30T14:22:51.718+0000] {processor.py:914} INFO - Processing file /home/airflow/.local/lib/python3.12/site-packages/airflow/example_dags/example_sensors.py for tasks to queue
[2024-09-30T14:22:51.719+0000] {logging_mixin.py:190} INFO - [2024-09-30T14:22:51.719+0000] {dagbag.py:588} INFO - Filling up the DagBag from /home/airflow/.local/lib/python3.12/site-packages/airflow/example_dags/example_sensors.py
[2024-09-30T14:22:51.730+0000] {processor.py:925} INFO - DAG(s) 'example_sensors' retrieved from /home/airflow/.local/lib/python3.12/site-packages/airflow/example_dags/example_sensors.py
[2024-09-30T14:22:51.748+0000] {logging_mixin.py:190} INFO - [2024-09-30T14:22:51.748+0000] {dag.py:3239} INFO - Sync 1 DAGs
[2024-09-30T14:22:51.761+0000] {logging_mixin.py:190} INFO - [2024-09-30T14:22:51.760+0000] {dag.py:4180} INFO - Setting next_dagrun for example_sensors to None, run_after=None
[2024-09-30T14:22:51.779+0000] {processor.py:208} INFO - Processing /home/airflow/.local/lib/python3.12/site-packages/airflow/example_dags/example_sensors.py took 0.067 seconds
[2024-09-30T14:23:22.313+0000] {processor.py:186} INFO - Started process (PID=514) to work on /home/airflow/.local/lib/python3.12/site-packages/airflow/example_dags/example_sensors.py
[2024-09-30T14:23:22.313+0000] {processor.py:914} INFO - Processing file /home/airflow/.local/lib/python3.12/site-packages/airflow/example_dags/example_sensors.py for tasks to queue
[2024-09-30T14:23:22.315+0000] {logging_mixin.py:190} INFO - [2024-09-30T14:23:22.315+0000] {dagbag.py:588} INFO - Filling up the DagBag from /home/airflow/.local/lib/python3.12/site-packages/airflow/example_dags/example_sensors.py
[2024-09-30T14:23:22.322+0000] {processor.py:925} INFO - DAG(s) 'example_sensors' retrieved from /home/airflow/.local/lib/python3.12/site-packages/airflow/example_dags/example_sensors.py
[2024-09-30T14:23:22.338+0000] {logging_mixin.py:190} INFO - [2024-09-30T14:23:22.338+0000] {dag.py:3239} INFO - Sync 1 DAGs
[2024-09-30T14:23:22.347+0000] {logging_mixin.py:190} INFO - [2024-09-30T14:23:22.347+0000] {dag.py:4180} INFO - Setting next_dagrun for example_sensors to None, run_after=None
[2024-09-30T14:23:22.360+0000] {processor.py:208} INFO - Processing /home/airflow/.local/lib/python3.12/site-packages/airflow/example_dags/example_sensors.py took 0.051 seconds
[2024-09-30T14:23:53.134+0000] {processor.py:186} INFO - Started process (PID=577) to work on /home/airflow/.local/lib/python3.12/site-packages/airflow/example_dags/example_sensors.py
[2024-09-30T14:23:53.135+0000] {processor.py:914} INFO - Processing file /home/airflow/.local/lib/python3.12/site-packages/airflow/example_dags/example_sensors.py for tasks to queue
[2024-09-30T14:23:53.136+0000] {logging_mixin.py:190} INFO - [2024-09-30T14:23:53.136+0000] {dagbag.py:588} INFO - Filling up the DagBag from /home/airflow/.local/lib/python3.12/site-packages/airflow/example_dags/example_sensors.py
[2024-09-30T14:23:53.143+0000] {processor.py:925} INFO - DAG(s) 'example_sensors' retrieved from /home/airflow/.local/lib/python3.12/site-packages/airflow/example_dags/example_sensors.py
[2024-09-30T14:23:53.161+0000] {logging_mixin.py:190} INFO - [2024-09-30T14:23:53.161+0000] {dag.py:3239} INFO - Sync 1 DAGs
[2024-09-30T14:23:53.171+0000] {logging_mixin.py:190} INFO - [2024-09-30T14:23:53.171+0000] {dag.py:4180} INFO - Setting next_dagrun for example_sensors to None, run_after=None
[2024-09-30T14:23:53.184+0000] {processor.py:208} INFO - Processing /home/airflow/.local/lib/python3.12/site-packages/airflow/example_dags/example_sensors.py took 0.054 seconds
[2024-09-30T14:24:23.869+0000] {processor.py:186} INFO - Started process (PID=640) to work on /home/airflow/.local/lib/python3.12/site-packages/airflow/example_dags/example_sensors.py
[2024-09-30T14:24:23.870+0000] {processor.py:914} INFO - Processing file /home/airflow/.local/lib/python3.12/site-packages/airflow/example_dags/example_sensors.py for tasks to queue
[2024-09-30T14:24:23.871+0000] {logging_mixin.py:190} INFO - [2024-09-30T14:24:23.871+0000] {dagbag.py:588} INFO - Filling up the DagBag from /home/airflow/.local/lib/python3.12/site-packages/airflow/example_dags/example_sensors.py
[2024-09-30T14:24:23.878+0000] {processor.py:925} INFO - DAG(s) 'example_sensors' retrieved from /home/airflow/.local/lib/python3.12/site-packages/airflow/example_dags/example_sensors.py
[2024-09-30T14:24:23.895+0000] {logging_mixin.py:190} INFO - [2024-09-30T14:24:23.894+0000] {dag.py:3239} INFO - Sync 1 DAGs
[2024-09-30T14:24:23.904+0000] {logging_mixin.py:190} INFO - [2024-09-30T14:24:23.904+0000] {dag.py:4180} INFO - Setting next_dagrun for example_sensors to None, run_after=None
[2024-09-30T14:24:23.917+0000] {processor.py:208} INFO - Processing /home/airflow/.local/lib/python3.12/site-packages/airflow/example_dags/example_sensors.py took 0.051 seconds
[2024-09-30T14:24:54.442+0000] {processor.py:186} INFO - Started process (PID=703) to work on /home/airflow/.local/lib/python3.12/site-packages/airflow/example_dags/example_sensors.py
[2024-09-30T14:24:54.442+0000] {processor.py:914} INFO - Processing file /home/airflow/.local/lib/python3.12/site-packages/airflow/example_dags/example_sensors.py for tasks to queue
[2024-09-30T14:24:54.444+0000] {logging_mixin.py:190} INFO - [2024-09-30T14:24:54.444+0000] {dagbag.py:588} INFO - Filling up the DagBag from /home/airflow/.local/lib/python3.12/site-packages/airflow/example_dags/example_sensors.py
[2024-09-30T14:24:54.450+0000] {processor.py:925} INFO - DAG(s) 'example_sensors' retrieved from /home/airflow/.local/lib/python3.12/site-packages/airflow/example_dags/example_sensors.py
[2024-09-30T14:24:54.467+0000] {logging_mixin.py:190} INFO - [2024-09-30T14:24:54.466+0000] {dag.py:3239} INFO - Sync 1 DAGs
[2024-09-30T14:24:54.476+0000] {logging_mixin.py:190} INFO - [2024-09-30T14:24:54.476+0000] {dag.py:4180} INFO - Setting next_dagrun for example_sensors to None, run_after=None
[2024-09-30T14:24:54.489+0000] {processor.py:208} INFO - Processing /home/airflow/.local/lib/python3.12/site-packages/airflow/example_dags/example_sensors.py took 0.050 seconds
[2024-09-30T14:25:25.206+0000] {processor.py:186} INFO - Started process (PID=766) to work on /home/airflow/.local/lib/python3.12/site-packages/airflow/example_dags/example_sensors.py
[2024-09-30T14:25:25.206+0000] {processor.py:914} INFO - Processing file /home/airflow/.local/lib/python3.12/site-packages/airflow/example_dags/example_sensors.py for tasks to queue
[2024-09-30T14:25:25.208+0000] {logging_mixin.py:190} INFO - [2024-09-30T14:25:25.207+0000] {dagbag.py:588} INFO - Filling up the DagBag from /home/airflow/.local/lib/python3.12/site-packages/airflow/example_dags/example_sensors.py
[2024-09-30T14:25:25.215+0000] {processor.py:925} INFO - DAG(s) 'example_sensors' retrieved from /home/airflow/.local/lib/python3.12/site-packages/airflow/example_dags/example_sensors.py
[2024-09-30T14:25:25.232+0000] {logging_mixin.py:190} INFO - [2024-09-30T14:25:25.232+0000] {dag.py:3239} INFO - Sync 1 DAGs
[2024-09-30T14:25:25.241+0000] {logging_mixin.py:190} INFO - [2024-09-30T14:25:25.241+0000] {dag.py:4180} INFO - Setting next_dagrun for example_sensors to None, run_after=None
[2024-09-30T14:25:25.254+0000] {processor.py:208} INFO - Processing /home/airflow/.local/lib/python3.12/site-packages/airflow/example_dags/example_sensors.py took 0.052 seconds
[2024-09-30T14:25:55.900+0000] {processor.py:186} INFO - Started process (PID=829) to work on /home/airflow/.local/lib/python3.12/site-packages/airflow/example_dags/example_sensors.py
[2024-09-30T14:25:55.900+0000] {processor.py:914} INFO - Processing file /home/airflow/.local/lib/python3.12/site-packages/airflow/example_dags/example_sensors.py for tasks to queue
[2024-09-30T14:25:55.902+0000] {logging_mixin.py:190} INFO - [2024-09-30T14:25:55.902+0000] {dagbag.py:588} INFO - Filling up the DagBag from /home/airflow/.local/lib/python3.12/site-packages/airflow/example_dags/example_sensors.py
[2024-09-30T14:25:55.909+0000] {processor.py:925} INFO - DAG(s) 'example_sensors' retrieved from /home/airflow/.local/lib/python3.12/site-packages/airflow/example_dags/example_sensors.py
[2024-09-30T14:25:55.926+0000] {logging_mixin.py:190} INFO - [2024-09-30T14:25:55.926+0000] {dag.py:3239} INFO - Sync 1 DAGs
[2024-09-30T14:25:55.936+0000] {logging_mixin.py:190} INFO - [2024-09-30T14:25:55.935+0000] {dag.py:4180} INFO - Setting next_dagrun for example_sensors to None, run_after=None
[2024-09-30T14:25:55.948+0000] {processor.py:208} INFO - Processing /home/airflow/.local/lib/python3.12/site-packages/airflow/example_dags/example_sensors.py took 0.052 seconds
[2024-09-30T14:26:26.867+0000] {processor.py:186} INFO - Started process (PID=892) to work on /home/airflow/.local/lib/python3.12/site-packages/airflow/example_dags/example_sensors.py
[2024-09-30T14:26:26.868+0000] {processor.py:914} INFO - Processing file /home/airflow/.local/lib/python3.12/site-packages/airflow/example_dags/example_sensors.py for tasks to queue
[2024-09-30T14:26:26.870+0000] {logging_mixin.py:190} INFO - [2024-09-30T14:26:26.869+0000] {dagbag.py:588} INFO - Filling up the DagBag from /home/airflow/.local/lib/python3.12/site-packages/airflow/example_dags/example_sensors.py
[2024-09-30T14:26:26.877+0000] {processor.py:925} INFO - DAG(s) 'example_sensors' retrieved from /home/airflow/.local/lib/python3.12/site-packages/airflow/example_dags/example_sensors.py
[2024-09-30T14:26:26.895+0000] {logging_mixin.py:190} INFO - [2024-09-30T14:26:26.894+0000] {dag.py:3239} INFO - Sync 1 DAGs
[2024-09-30T14:26:26.905+0000] {logging_mixin.py:190} INFO - [2024-09-30T14:26:26.905+0000] {dag.py:4180} INFO - Setting next_dagrun for example_sensors to None, run_after=None
[2024-09-30T14:26:26.922+0000] {processor.py:208} INFO - Processing /home/airflow/.local/lib/python3.12/site-packages/airflow/example_dags/example_sensors.py took 0.058 seconds
[2024-09-30T14:26:57.619+0000] {processor.py:186} INFO - Started process (PID=955) to work on /home/airflow/.local/lib/python3.12/site-packages/airflow/example_dags/example_sensors.py
[2024-09-30T14:26:57.620+0000] {processor.py:914} INFO - Processing file /home/airflow/.local/lib/python3.12/site-packages/airflow/example_dags/example_sensors.py for tasks to queue
[2024-09-30T14:26:57.621+0000] {logging_mixin.py:190} INFO - [2024-09-30T14:26:57.621+0000] {dagbag.py:588} INFO - Filling up the DagBag from /home/airflow/.local/lib/python3.12/site-packages/airflow/example_dags/example_sensors.py
[2024-09-30T14:26:57.630+0000] {processor.py:925} INFO - DAG(s) 'example_sensors' retrieved from /home/airflow/.local/lib/python3.12/site-packages/airflow/example_dags/example_sensors.py
[2024-09-30T14:26:57.647+0000] {logging_mixin.py:190} INFO - [2024-09-30T14:26:57.647+0000] {dag.py:3239} INFO - Sync 1 DAGs
[2024-09-30T14:26:57.656+0000] {logging_mixin.py:190} INFO - [2024-09-30T14:26:57.656+0000] {dag.py:4180} INFO - Setting next_dagrun for example_sensors to None, run_after=None
[2024-09-30T14:26:57.667+0000] {processor.py:208} INFO - Processing /home/airflow/.local/lib/python3.12/site-packages/airflow/example_dags/example_sensors.py took 0.052 seconds
[2024-09-30T14:27:28.127+0000] {processor.py:186} INFO - Started process (PID=1018) to work on /home/airflow/.local/lib/python3.12/site-packages/airflow/example_dags/example_sensors.py
[2024-09-30T14:27:28.127+0000] {processor.py:914} INFO - Processing file /home/airflow/.local/lib/python3.12/site-packages/airflow/example_dags/example_sensors.py for tasks to queue
[2024-09-30T14:27:28.129+0000] {logging_mixin.py:190} INFO - [2024-09-30T14:27:28.129+0000] {dagbag.py:588} INFO - Filling up the DagBag from /home/airflow/.local/lib/python3.12/site-packages/airflow/example_dags/example_sensors.py
[2024-09-30T14:27:28.136+0000] {processor.py:925} INFO - DAG(s) 'example_sensors' retrieved from /home/airflow/.local/lib/python3.12/site-packages/airflow/example_dags/example_sensors.py
[2024-09-30T14:27:28.152+0000] {logging_mixin.py:190} INFO - [2024-09-30T14:27:28.152+0000] {dag.py:3239} INFO - Sync 1 DAGs
[2024-09-30T14:27:28.161+0000] {logging_mixin.py:190} INFO - [2024-09-30T14:27:28.161+0000] {dag.py:4180} INFO - Setting next_dagrun for example_sensors to None, run_after=None
[2024-09-30T14:27:28.173+0000] {processor.py:208} INFO - Processing /home/airflow/.local/lib/python3.12/site-packages/airflow/example_dags/example_sensors.py took 0.050 seconds
[2024-09-30T14:27:58.799+0000] {processor.py:186} INFO - Started process (PID=1081) to work on /home/airflow/.local/lib/python3.12/site-packages/airflow/example_dags/example_sensors.py
[2024-09-30T14:27:58.800+0000] {processor.py:914} INFO - Processing file /home/airflow/.local/lib/python3.12/site-packages/airflow/example_dags/example_sensors.py for tasks to queue
[2024-09-30T14:27:58.802+0000] {logging_mixin.py:190} INFO - [2024-09-30T14:27:58.801+0000] {dagbag.py:588} INFO - Filling up the DagBag from /home/airflow/.local/lib/python3.12/site-packages/airflow/example_dags/example_sensors.py
[2024-09-30T14:27:58.809+0000] {processor.py:925} INFO - DAG(s) 'example_sensors' retrieved from /home/airflow/.local/lib/python3.12/site-packages/airflow/example_dags/example_sensors.py
[2024-09-30T14:27:58.827+0000] {logging_mixin.py:190} INFO - [2024-09-30T14:27:58.826+0000] {dag.py:3239} INFO - Sync 1 DAGs
[2024-09-30T14:27:58.836+0000] {logging_mixin.py:190} INFO - [2024-09-30T14:27:58.836+0000] {dag.py:4180} INFO - Setting next_dagrun for example_sensors to None, run_after=None
[2024-09-30T14:27:58.850+0000] {processor.py:208} INFO - Processing /home/airflow/.local/lib/python3.12/site-packages/airflow/example_dags/example_sensors.py took 0.054 seconds
[2024-09-30T14:28:29.611+0000] {processor.py:186} INFO - Started process (PID=1144) to work on /home/airflow/.local/lib/python3.12/site-packages/airflow/example_dags/example_sensors.py
[2024-09-30T14:28:29.612+0000] {processor.py:914} INFO - Processing file /home/airflow/.local/lib/python3.12/site-packages/airflow/example_dags/example_sensors.py for tasks to queue
[2024-09-30T14:28:29.613+0000] {logging_mixin.py:190} INFO - [2024-09-30T14:28:29.613+0000] {dagbag.py:588} INFO - Filling up the DagBag from /home/airflow/.local/lib/python3.12/site-packages/airflow/example_dags/example_sensors.py
[2024-09-30T14:28:29.620+0000] {processor.py:925} INFO - DAG(s) 'example_sensors' retrieved from /home/airflow/.local/lib/python3.12/site-packages/airflow/example_dags/example_sensors.py
[2024-09-30T14:28:29.637+0000] {logging_mixin.py:190} INFO - [2024-09-30T14:28:29.636+0000] {dag.py:3239} INFO - Sync 1 DAGs
[2024-09-30T14:28:29.647+0000] {logging_mixin.py:190} INFO - [2024-09-30T14:28:29.647+0000] {dag.py:4180} INFO - Setting next_dagrun for example_sensors to None, run_after=None
[2024-09-30T14:28:29.660+0000] {processor.py:208} INFO - Processing /home/airflow/.local/lib/python3.12/site-packages/airflow/example_dags/example_sensors.py took 0.053 seconds
[2024-09-30T14:29:00.323+0000] {processor.py:186} INFO - Started process (PID=1208) to work on /home/airflow/.local/lib/python3.12/site-packages/airflow/example_dags/example_sensors.py
[2024-09-30T14:29:00.324+0000] {processor.py:914} INFO - Processing file /home/airflow/.local/lib/python3.12/site-packages/airflow/example_dags/example_sensors.py for tasks to queue
[2024-09-30T14:29:00.326+0000] {logging_mixin.py:190} INFO - [2024-09-30T14:29:00.325+0000] {dagbag.py:588} INFO - Filling up the DagBag from /home/airflow/.local/lib/python3.12/site-packages/airflow/example_dags/example_sensors.py
[2024-09-30T14:29:00.332+0000] {processor.py:925} INFO - DAG(s) 'example_sensors' retrieved from /home/airflow/.local/lib/python3.12/site-packages/airflow/example_dags/example_sensors.py
[2024-09-30T14:29:00.349+0000] {logging_mixin.py:190} INFO - [2024-09-30T14:29:00.349+0000] {dag.py:3239} INFO - Sync 1 DAGs
[2024-09-30T14:29:00.359+0000] {logging_mixin.py:190} INFO - [2024-09-30T14:29:00.359+0000] {dag.py:4180} INFO - Setting next_dagrun for example_sensors to None, run_after=None
[2024-09-30T14:29:00.371+0000] {processor.py:208} INFO - Processing /home/airflow/.local/lib/python3.12/site-packages/airflow/example_dags/example_sensors.py took 0.051 seconds
[2024-09-30T14:29:31.771+0000] {processor.py:186} INFO - Started process (PID=1271) to work on /home/airflow/.local/lib/python3.12/site-packages/airflow/example_dags/example_sensors.py
[2024-09-30T14:29:31.771+0000] {processor.py:914} INFO - Processing file /home/airflow/.local/lib/python3.12/site-packages/airflow/example_dags/example_sensors.py for tasks to queue
[2024-09-30T14:29:31.773+0000] {logging_mixin.py:190} INFO - [2024-09-30T14:29:31.773+0000] {dagbag.py:588} INFO - Filling up the DagBag from /home/airflow/.local/lib/python3.12/site-packages/airflow/example_dags/example_sensors.py
[2024-09-30T14:29:31.780+0000] {processor.py:925} INFO - DAG(s) 'example_sensors' retrieved from /home/airflow/.local/lib/python3.12/site-packages/airflow/example_dags/example_sensors.py
[2024-09-30T14:29:31.799+0000] {logging_mixin.py:190} INFO - [2024-09-30T14:29:31.799+0000] {dag.py:3239} INFO - Sync 1 DAGs
[2024-09-30T14:29:31.810+0000] {logging_mixin.py:190} INFO - [2024-09-30T14:29:31.810+0000] {dag.py:4180} INFO - Setting next_dagrun for example_sensors to None, run_after=None
[2024-09-30T14:29:31.825+0000] {processor.py:208} INFO - Processing /home/airflow/.local/lib/python3.12/site-packages/airflow/example_dags/example_sensors.py took 0.059 seconds
[2024-09-30T14:29:53.474+0000] {processor.py:186} INFO - Started process (PID=67) to work on /home/airflow/.local/lib/python3.12/site-packages/airflow/example_dags/example_sensors.py
[2024-09-30T14:29:53.475+0000] {processor.py:914} INFO - Processing file /home/airflow/.local/lib/python3.12/site-packages/airflow/example_dags/example_sensors.py for tasks to queue
[2024-09-30T14:29:53.476+0000] {logging_mixin.py:190} INFO - [2024-09-30T14:29:53.476+0000] {dagbag.py:588} INFO - Filling up the DagBag from /home/airflow/.local/lib/python3.12/site-packages/airflow/example_dags/example_sensors.py
[2024-09-30T14:29:53.484+0000] {processor.py:925} INFO - DAG(s) 'example_sensors' retrieved from /home/airflow/.local/lib/python3.12/site-packages/airflow/example_dags/example_sensors.py
[2024-09-30T14:29:53.502+0000] {logging_mixin.py:190} INFO - [2024-09-30T14:29:53.502+0000] {dag.py:3239} INFO - Sync 1 DAGs
[2024-09-30T14:29:53.512+0000] {logging_mixin.py:190} INFO - [2024-09-30T14:29:53.512+0000] {dag.py:4180} INFO - Setting next_dagrun for example_sensors to None, run_after=None
[2024-09-30T14:29:53.526+0000] {processor.py:208} INFO - Processing /home/airflow/.local/lib/python3.12/site-packages/airflow/example_dags/example_sensors.py took 0.056 seconds
[2024-09-30T14:30:24.249+0000] {processor.py:186} INFO - Started process (PID=130) to work on /home/airflow/.local/lib/python3.12/site-packages/airflow/example_dags/example_sensors.py
[2024-09-30T14:30:24.250+0000] {processor.py:914} INFO - Processing file /home/airflow/.local/lib/python3.12/site-packages/airflow/example_dags/example_sensors.py for tasks to queue
[2024-09-30T14:30:24.251+0000] {logging_mixin.py:190} INFO - [2024-09-30T14:30:24.251+0000] {dagbag.py:588} INFO - Filling up the DagBag from /home/airflow/.local/lib/python3.12/site-packages/airflow/example_dags/example_sensors.py
[2024-09-30T14:30:24.258+0000] {processor.py:925} INFO - DAG(s) 'example_sensors' retrieved from /home/airflow/.local/lib/python3.12/site-packages/airflow/example_dags/example_sensors.py
[2024-09-30T14:30:24.275+0000] {logging_mixin.py:190} INFO - [2024-09-30T14:30:24.275+0000] {dag.py:3239} INFO - Sync 1 DAGs
[2024-09-30T14:30:24.285+0000] {logging_mixin.py:190} INFO - [2024-09-30T14:30:24.285+0000] {dag.py:4180} INFO - Setting next_dagrun for example_sensors to None, run_after=None
[2024-09-30T14:30:24.297+0000] {processor.py:208} INFO - Processing /home/airflow/.local/lib/python3.12/site-packages/airflow/example_dags/example_sensors.py took 0.052 seconds
[2024-09-30T14:30:55.087+0000] {processor.py:186} INFO - Started process (PID=199) to work on /home/airflow/.local/lib/python3.12/site-packages/airflow/example_dags/example_sensors.py
[2024-09-30T14:30:55.088+0000] {processor.py:914} INFO - Processing file /home/airflow/.local/lib/python3.12/site-packages/airflow/example_dags/example_sensors.py for tasks to queue
[2024-09-30T14:30:55.090+0000] {logging_mixin.py:190} INFO - [2024-09-30T14:30:55.089+0000] {dagbag.py:588} INFO - Filling up the DagBag from /home/airflow/.local/lib/python3.12/site-packages/airflow/example_dags/example_sensors.py
[2024-09-30T14:30:55.097+0000] {processor.py:925} INFO - DAG(s) 'example_sensors' retrieved from /home/airflow/.local/lib/python3.12/site-packages/airflow/example_dags/example_sensors.py
[2024-09-30T14:30:55.114+0000] {logging_mixin.py:190} INFO - [2024-09-30T14:30:55.113+0000] {dag.py:3239} INFO - Sync 1 DAGs
[2024-09-30T14:30:55.124+0000] {logging_mixin.py:190} INFO - [2024-09-30T14:30:55.124+0000] {dag.py:4180} INFO - Setting next_dagrun for example_sensors to None, run_after=None
[2024-09-30T14:30:55.136+0000] {processor.py:208} INFO - Processing /home/airflow/.local/lib/python3.12/site-packages/airflow/example_dags/example_sensors.py took 0.052 seconds
[2024-09-30T14:31:25.873+0000] {processor.py:186} INFO - Started process (PID=262) to work on /home/airflow/.local/lib/python3.12/site-packages/airflow/example_dags/example_sensors.py
[2024-09-30T14:31:25.873+0000] {processor.py:914} INFO - Processing file /home/airflow/.local/lib/python3.12/site-packages/airflow/example_dags/example_sensors.py for tasks to queue
[2024-09-30T14:31:25.875+0000] {logging_mixin.py:190} INFO - [2024-09-30T14:31:25.874+0000] {dagbag.py:588} INFO - Filling up the DagBag from /home/airflow/.local/lib/python3.12/site-packages/airflow/example_dags/example_sensors.py
[2024-09-30T14:31:25.881+0000] {processor.py:925} INFO - DAG(s) 'example_sensors' retrieved from /home/airflow/.local/lib/python3.12/site-packages/airflow/example_dags/example_sensors.py
[2024-09-30T14:31:25.900+0000] {logging_mixin.py:190} INFO - [2024-09-30T14:31:25.899+0000] {dag.py:3239} INFO - Sync 1 DAGs
[2024-09-30T14:31:25.909+0000] {logging_mixin.py:190} INFO - [2024-09-30T14:31:25.909+0000] {dag.py:4180} INFO - Setting next_dagrun for example_sensors to None, run_after=None
[2024-09-30T14:31:25.921+0000] {processor.py:208} INFO - Processing /home/airflow/.local/lib/python3.12/site-packages/airflow/example_dags/example_sensors.py took 0.052 seconds
[2024-09-30T14:31:56.601+0000] {processor.py:186} INFO - Started process (PID=325) to work on /home/airflow/.local/lib/python3.12/site-packages/airflow/example_dags/example_sensors.py
[2024-09-30T14:31:56.602+0000] {processor.py:914} INFO - Processing file /home/airflow/.local/lib/python3.12/site-packages/airflow/example_dags/example_sensors.py for tasks to queue
[2024-09-30T14:31:56.604+0000] {logging_mixin.py:190} INFO - [2024-09-30T14:31:56.603+0000] {dagbag.py:588} INFO - Filling up the DagBag from /home/airflow/.local/lib/python3.12/site-packages/airflow/example_dags/example_sensors.py
[2024-09-30T14:31:56.610+0000] {processor.py:925} INFO - DAG(s) 'example_sensors' retrieved from /home/airflow/.local/lib/python3.12/site-packages/airflow/example_dags/example_sensors.py
[2024-09-30T14:31:56.627+0000] {logging_mixin.py:190} INFO - [2024-09-30T14:31:56.627+0000] {dag.py:3239} INFO - Sync 1 DAGs
[2024-09-30T14:31:56.637+0000] {logging_mixin.py:190} INFO - [2024-09-30T14:31:56.636+0000] {dag.py:4180} INFO - Setting next_dagrun for example_sensors to None, run_after=None
[2024-09-30T14:31:56.651+0000] {processor.py:208} INFO - Processing /home/airflow/.local/lib/python3.12/site-packages/airflow/example_dags/example_sensors.py took 0.053 seconds
[2024-09-30T14:32:27.310+0000] {processor.py:186} INFO - Started process (PID=388) to work on /home/airflow/.local/lib/python3.12/site-packages/airflow/example_dags/example_sensors.py
[2024-09-30T14:32:27.311+0000] {processor.py:914} INFO - Processing file /home/airflow/.local/lib/python3.12/site-packages/airflow/example_dags/example_sensors.py for tasks to queue
[2024-09-30T14:32:27.313+0000] {logging_mixin.py:190} INFO - [2024-09-30T14:32:27.312+0000] {dagbag.py:588} INFO - Filling up the DagBag from /home/airflow/.local/lib/python3.12/site-packages/airflow/example_dags/example_sensors.py
[2024-09-30T14:32:27.319+0000] {processor.py:925} INFO - DAG(s) 'example_sensors' retrieved from /home/airflow/.local/lib/python3.12/site-packages/airflow/example_dags/example_sensors.py
[2024-09-30T14:32:27.337+0000] {logging_mixin.py:190} INFO - [2024-09-30T14:32:27.337+0000] {dag.py:3239} INFO - Sync 1 DAGs
[2024-09-30T14:32:27.348+0000] {logging_mixin.py:190} INFO - [2024-09-30T14:32:27.348+0000] {dag.py:4180} INFO - Setting next_dagrun for example_sensors to None, run_after=None
[2024-09-30T14:32:27.361+0000] {processor.py:208} INFO - Processing /home/airflow/.local/lib/python3.12/site-packages/airflow/example_dags/example_sensors.py took 0.054 seconds
[2024-09-30T14:32:57.938+0000] {processor.py:186} INFO - Started process (PID=451) to work on /home/airflow/.local/lib/python3.12/site-packages/airflow/example_dags/example_sensors.py
[2024-09-30T14:32:57.939+0000] {processor.py:914} INFO - Processing file /home/airflow/.local/lib/python3.12/site-packages/airflow/example_dags/example_sensors.py for tasks to queue
[2024-09-30T14:32:57.940+0000] {logging_mixin.py:190} INFO - [2024-09-30T14:32:57.940+0000] {dagbag.py:588} INFO - Filling up the DagBag from /home/airflow/.local/lib/python3.12/site-packages/airflow/example_dags/example_sensors.py
[2024-09-30T14:32:57.947+0000] {processor.py:925} INFO - DAG(s) 'example_sensors' retrieved from /home/airflow/.local/lib/python3.12/site-packages/airflow/example_dags/example_sensors.py
[2024-09-30T14:32:57.963+0000] {logging_mixin.py:190} INFO - [2024-09-30T14:32:57.963+0000] {dag.py:3239} INFO - Sync 1 DAGs
[2024-09-30T14:32:57.972+0000] {logging_mixin.py:190} INFO - [2024-09-30T14:32:57.972+0000] {dag.py:4180} INFO - Setting next_dagrun for example_sensors to None, run_after=None
[2024-09-30T14:32:57.985+0000] {processor.py:208} INFO - Processing /home/airflow/.local/lib/python3.12/site-packages/airflow/example_dags/example_sensors.py took 0.051 seconds
[2024-09-30T14:33:28.744+0000] {processor.py:186} INFO - Started process (PID=514) to work on /home/airflow/.local/lib/python3.12/site-packages/airflow/example_dags/example_sensors.py
[2024-09-30T14:33:28.744+0000] {processor.py:914} INFO - Processing file /home/airflow/.local/lib/python3.12/site-packages/airflow/example_dags/example_sensors.py for tasks to queue
[2024-09-30T14:33:28.746+0000] {logging_mixin.py:190} INFO - [2024-09-30T14:33:28.746+0000] {dagbag.py:588} INFO - Filling up the DagBag from /home/airflow/.local/lib/python3.12/site-packages/airflow/example_dags/example_sensors.py
[2024-09-30T14:33:28.753+0000] {processor.py:925} INFO - DAG(s) 'example_sensors' retrieved from /home/airflow/.local/lib/python3.12/site-packages/airflow/example_dags/example_sensors.py
[2024-09-30T14:33:28.774+0000] {logging_mixin.py:190} INFO - [2024-09-30T14:33:28.774+0000] {dag.py:3239} INFO - Sync 1 DAGs
[2024-09-30T14:33:28.784+0000] {logging_mixin.py:190} INFO - [2024-09-30T14:33:28.784+0000] {dag.py:4180} INFO - Setting next_dagrun for example_sensors to None, run_after=None
[2024-09-30T14:33:28.797+0000] {processor.py:208} INFO - Processing /home/airflow/.local/lib/python3.12/site-packages/airflow/example_dags/example_sensors.py took 0.057 seconds
[2024-09-30T14:33:59.930+0000] {processor.py:186} INFO - Started process (PID=577) to work on /home/airflow/.local/lib/python3.12/site-packages/airflow/example_dags/example_sensors.py
[2024-09-30T14:33:59.931+0000] {processor.py:914} INFO - Processing file /home/airflow/.local/lib/python3.12/site-packages/airflow/example_dags/example_sensors.py for tasks to queue
[2024-09-30T14:33:59.933+0000] {logging_mixin.py:190} INFO - [2024-09-30T14:33:59.933+0000] {dagbag.py:588} INFO - Filling up the DagBag from /home/airflow/.local/lib/python3.12/site-packages/airflow/example_dags/example_sensors.py
[2024-09-30T14:33:59.941+0000] {processor.py:925} INFO - DAG(s) 'example_sensors' retrieved from /home/airflow/.local/lib/python3.12/site-packages/airflow/example_dags/example_sensors.py
[2024-09-30T14:33:59.962+0000] {logging_mixin.py:190} INFO - [2024-09-30T14:33:59.962+0000] {dag.py:3239} INFO - Sync 1 DAGs
[2024-09-30T14:33:59.972+0000] {logging_mixin.py:190} INFO - [2024-09-30T14:33:59.971+0000] {dag.py:4180} INFO - Setting next_dagrun for example_sensors to None, run_after=None
[2024-09-30T14:33:59.985+0000] {processor.py:208} INFO - Processing /home/airflow/.local/lib/python3.12/site-packages/airflow/example_dags/example_sensors.py took 0.058 seconds
[2024-09-30T14:34:30.857+0000] {processor.py:186} INFO - Started process (PID=640) to work on /home/airflow/.local/lib/python3.12/site-packages/airflow/example_dags/example_sensors.py
[2024-09-30T14:34:30.858+0000] {processor.py:914} INFO - Processing file /home/airflow/.local/lib/python3.12/site-packages/airflow/example_dags/example_sensors.py for tasks to queue
[2024-09-30T14:34:30.859+0000] {logging_mixin.py:190} INFO - [2024-09-30T14:34:30.859+0000] {dagbag.py:588} INFO - Filling up the DagBag from /home/airflow/.local/lib/python3.12/site-packages/airflow/example_dags/example_sensors.py
[2024-09-30T14:34:30.866+0000] {processor.py:925} INFO - DAG(s) 'example_sensors' retrieved from /home/airflow/.local/lib/python3.12/site-packages/airflow/example_dags/example_sensors.py
[2024-09-30T14:34:30.883+0000] {logging_mixin.py:190} INFO - [2024-09-30T14:34:30.882+0000] {dag.py:3239} INFO - Sync 1 DAGs
[2024-09-30T14:34:30.892+0000] {logging_mixin.py:190} INFO - [2024-09-30T14:34:30.892+0000] {dag.py:4180} INFO - Setting next_dagrun for example_sensors to None, run_after=None
[2024-09-30T14:34:30.906+0000] {processor.py:208} INFO - Processing /home/airflow/.local/lib/python3.12/site-packages/airflow/example_dags/example_sensors.py took 0.052 seconds
[2024-09-30T14:35:01.169+0000] {processor.py:186} INFO - Started process (PID=703) to work on /home/airflow/.local/lib/python3.12/site-packages/airflow/example_dags/example_sensors.py
[2024-09-30T14:35:01.169+0000] {processor.py:914} INFO - Processing file /home/airflow/.local/lib/python3.12/site-packages/airflow/example_dags/example_sensors.py for tasks to queue
[2024-09-30T14:35:01.171+0000] {logging_mixin.py:190} INFO - [2024-09-30T14:35:01.171+0000] {dagbag.py:588} INFO - Filling up the DagBag from /home/airflow/.local/lib/python3.12/site-packages/airflow/example_dags/example_sensors.py
[2024-09-30T14:35:01.178+0000] {processor.py:925} INFO - DAG(s) 'example_sensors' retrieved from /home/airflow/.local/lib/python3.12/site-packages/airflow/example_dags/example_sensors.py
[2024-09-30T14:35:01.194+0000] {logging_mixin.py:190} INFO - [2024-09-30T14:35:01.194+0000] {dag.py:3239} INFO - Sync 1 DAGs
[2024-09-30T14:35:01.203+0000] {logging_mixin.py:190} INFO - [2024-09-30T14:35:01.203+0000] {dag.py:4180} INFO - Setting next_dagrun for example_sensors to None, run_after=None
[2024-09-30T14:35:01.216+0000] {processor.py:208} INFO - Processing /home/airflow/.local/lib/python3.12/site-packages/airflow/example_dags/example_sensors.py took 0.051 seconds
[2024-09-30T14:35:31.899+0000] {processor.py:186} INFO - Started process (PID=766) to work on /home/airflow/.local/lib/python3.12/site-packages/airflow/example_dags/example_sensors.py
[2024-09-30T14:35:31.899+0000] {processor.py:914} INFO - Processing file /home/airflow/.local/lib/python3.12/site-packages/airflow/example_dags/example_sensors.py for tasks to queue
[2024-09-30T14:35:31.901+0000] {logging_mixin.py:190} INFO - [2024-09-30T14:35:31.901+0000] {dagbag.py:588} INFO - Filling up the DagBag from /home/airflow/.local/lib/python3.12/site-packages/airflow/example_dags/example_sensors.py
[2024-09-30T14:35:31.908+0000] {processor.py:925} INFO - DAG(s) 'example_sensors' retrieved from /home/airflow/.local/lib/python3.12/site-packages/airflow/example_dags/example_sensors.py
[2024-09-30T14:35:31.926+0000] {logging_mixin.py:190} INFO - [2024-09-30T14:35:31.926+0000] {dag.py:3239} INFO - Sync 1 DAGs
[2024-09-30T14:35:31.937+0000] {logging_mixin.py:190} INFO - [2024-09-30T14:35:31.937+0000] {dag.py:4180} INFO - Setting next_dagrun for example_sensors to None, run_after=None
[2024-09-30T14:35:31.952+0000] {processor.py:208} INFO - Processing /home/airflow/.local/lib/python3.12/site-packages/airflow/example_dags/example_sensors.py took 0.057 seconds
[2024-09-30T14:36:02.636+0000] {processor.py:186} INFO - Started process (PID=829) to work on /home/airflow/.local/lib/python3.12/site-packages/airflow/example_dags/example_sensors.py
[2024-09-30T14:36:02.636+0000] {processor.py:914} INFO - Processing file /home/airflow/.local/lib/python3.12/site-packages/airflow/example_dags/example_sensors.py for tasks to queue
[2024-09-30T14:36:02.638+0000] {logging_mixin.py:190} INFO - [2024-09-30T14:36:02.638+0000] {dagbag.py:588} INFO - Filling up the DagBag from /home/airflow/.local/lib/python3.12/site-packages/airflow/example_dags/example_sensors.py
[2024-09-30T14:36:02.646+0000] {processor.py:925} INFO - DAG(s) 'example_sensors' retrieved from /home/airflow/.local/lib/python3.12/site-packages/airflow/example_dags/example_sensors.py
[2024-09-30T14:36:02.663+0000] {logging_mixin.py:190} INFO - [2024-09-30T14:36:02.663+0000] {dag.py:3239} INFO - Sync 1 DAGs
[2024-09-30T14:36:02.674+0000] {logging_mixin.py:190} INFO - [2024-09-30T14:36:02.674+0000] {dag.py:4180} INFO - Setting next_dagrun for example_sensors to None, run_after=None
[2024-09-30T14:36:02.687+0000] {processor.py:208} INFO - Processing /home/airflow/.local/lib/python3.12/site-packages/airflow/example_dags/example_sensors.py took 0.055 seconds
[2024-09-30T14:36:41.486+0000] {processor.py:186} INFO - Started process (PID=67) to work on /home/airflow/.local/lib/python3.12/site-packages/airflow/example_dags/example_sensors.py
[2024-09-30T14:36:41.487+0000] {processor.py:914} INFO - Processing file /home/airflow/.local/lib/python3.12/site-packages/airflow/example_dags/example_sensors.py for tasks to queue
[2024-09-30T14:36:41.488+0000] {logging_mixin.py:190} INFO - [2024-09-30T14:36:41.488+0000] {dagbag.py:588} INFO - Filling up the DagBag from /home/airflow/.local/lib/python3.12/site-packages/airflow/example_dags/example_sensors.py
[2024-09-30T14:36:41.495+0000] {processor.py:925} INFO - DAG(s) 'example_sensors' retrieved from /home/airflow/.local/lib/python3.12/site-packages/airflow/example_dags/example_sensors.py
[2024-09-30T14:36:41.514+0000] {logging_mixin.py:190} INFO - [2024-09-30T14:36:41.513+0000] {dag.py:3239} INFO - Sync 1 DAGs
[2024-09-30T14:36:41.524+0000] {logging_mixin.py:190} INFO - [2024-09-30T14:36:41.523+0000] {dag.py:4180} INFO - Setting next_dagrun for example_sensors to None, run_after=None
[2024-09-30T14:36:41.536+0000] {processor.py:208} INFO - Processing /home/airflow/.local/lib/python3.12/site-packages/airflow/example_dags/example_sensors.py took 0.054 seconds
[2024-09-30T14:37:12.306+0000] {processor.py:186} INFO - Started process (PID=136) to work on /home/airflow/.local/lib/python3.12/site-packages/airflow/example_dags/example_sensors.py
[2024-09-30T14:37:12.307+0000] {processor.py:914} INFO - Processing file /home/airflow/.local/lib/python3.12/site-packages/airflow/example_dags/example_sensors.py for tasks to queue
[2024-09-30T14:37:12.309+0000] {logging_mixin.py:190} INFO - [2024-09-30T14:37:12.308+0000] {dagbag.py:588} INFO - Filling up the DagBag from /home/airflow/.local/lib/python3.12/site-packages/airflow/example_dags/example_sensors.py
[2024-09-30T14:37:12.316+0000] {processor.py:925} INFO - DAG(s) 'example_sensors' retrieved from /home/airflow/.local/lib/python3.12/site-packages/airflow/example_dags/example_sensors.py
[2024-09-30T14:37:12.333+0000] {logging_mixin.py:190} INFO - [2024-09-30T14:37:12.333+0000] {dag.py:3239} INFO - Sync 1 DAGs
[2024-09-30T14:37:12.343+0000] {logging_mixin.py:190} INFO - [2024-09-30T14:37:12.343+0000] {dag.py:4180} INFO - Setting next_dagrun for example_sensors to None, run_after=None
[2024-09-30T14:37:12.356+0000] {processor.py:208} INFO - Processing /home/airflow/.local/lib/python3.12/site-packages/airflow/example_dags/example_sensors.py took 0.053 seconds
[2024-09-30T14:37:43.143+0000] {processor.py:186} INFO - Started process (PID=199) to work on /home/airflow/.local/lib/python3.12/site-packages/airflow/example_dags/example_sensors.py
[2024-09-30T14:37:43.144+0000] {processor.py:914} INFO - Processing file /home/airflow/.local/lib/python3.12/site-packages/airflow/example_dags/example_sensors.py for tasks to queue
[2024-09-30T14:37:43.146+0000] {logging_mixin.py:190} INFO - [2024-09-30T14:37:43.146+0000] {dagbag.py:588} INFO - Filling up the DagBag from /home/airflow/.local/lib/python3.12/site-packages/airflow/example_dags/example_sensors.py
[2024-09-30T14:37:43.153+0000] {processor.py:925} INFO - DAG(s) 'example_sensors' retrieved from /home/airflow/.local/lib/python3.12/site-packages/airflow/example_dags/example_sensors.py
[2024-09-30T14:37:43.173+0000] {logging_mixin.py:190} INFO - [2024-09-30T14:37:43.173+0000] {dag.py:3239} INFO - Sync 1 DAGs
[2024-09-30T14:37:43.185+0000] {logging_mixin.py:190} INFO - [2024-09-30T14:37:43.185+0000] {dag.py:4180} INFO - Setting next_dagrun for example_sensors to None, run_after=None
[2024-09-30T14:37:43.201+0000] {processor.py:208} INFO - Processing /home/airflow/.local/lib/python3.12/site-packages/airflow/example_dags/example_sensors.py took 0.062 seconds
[2024-09-30T14:38:13.989+0000] {processor.py:186} INFO - Started process (PID=262) to work on /home/airflow/.local/lib/python3.12/site-packages/airflow/example_dags/example_sensors.py
[2024-09-30T14:38:13.989+0000] {processor.py:914} INFO - Processing file /home/airflow/.local/lib/python3.12/site-packages/airflow/example_dags/example_sensors.py for tasks to queue
[2024-09-30T14:38:13.991+0000] {logging_mixin.py:190} INFO - [2024-09-30T14:38:13.991+0000] {dagbag.py:588} INFO - Filling up the DagBag from /home/airflow/.local/lib/python3.12/site-packages/airflow/example_dags/example_sensors.py
[2024-09-30T14:38:13.998+0000] {processor.py:925} INFO - DAG(s) 'example_sensors' retrieved from /home/airflow/.local/lib/python3.12/site-packages/airflow/example_dags/example_sensors.py
[2024-09-30T14:38:14.018+0000] {logging_mixin.py:190} INFO - [2024-09-30T14:38:14.018+0000] {dag.py:3239} INFO - Sync 1 DAGs
[2024-09-30T14:38:14.029+0000] {logging_mixin.py:190} INFO - [2024-09-30T14:38:14.028+0000] {dag.py:4180} INFO - Setting next_dagrun for example_sensors to None, run_after=None
[2024-09-30T14:38:14.041+0000] {processor.py:208} INFO - Processing /home/airflow/.local/lib/python3.12/site-packages/airflow/example_dags/example_sensors.py took 0.057 seconds
[2024-09-30T14:38:44.785+0000] {processor.py:186} INFO - Started process (PID=325) to work on /home/airflow/.local/lib/python3.12/site-packages/airflow/example_dags/example_sensors.py
[2024-09-30T14:38:44.786+0000] {processor.py:914} INFO - Processing file /home/airflow/.local/lib/python3.12/site-packages/airflow/example_dags/example_sensors.py for tasks to queue
[2024-09-30T14:38:44.787+0000] {logging_mixin.py:190} INFO - [2024-09-30T14:38:44.787+0000] {dagbag.py:588} INFO - Filling up the DagBag from /home/airflow/.local/lib/python3.12/site-packages/airflow/example_dags/example_sensors.py
[2024-09-30T14:38:44.794+0000] {processor.py:925} INFO - DAG(s) 'example_sensors' retrieved from /home/airflow/.local/lib/python3.12/site-packages/airflow/example_dags/example_sensors.py
[2024-09-30T14:38:44.811+0000] {logging_mixin.py:190} INFO - [2024-09-30T14:38:44.811+0000] {dag.py:3239} INFO - Sync 1 DAGs
[2024-09-30T14:38:44.820+0000] {logging_mixin.py:190} INFO - [2024-09-30T14:38:44.820+0000] {dag.py:4180} INFO - Setting next_dagrun for example_sensors to None, run_after=None
[2024-09-30T14:38:44.832+0000] {processor.py:208} INFO - Processing /home/airflow/.local/lib/python3.12/site-packages/airflow/example_dags/example_sensors.py took 0.050 seconds
[2024-09-30T14:39:15.399+0000] {processor.py:186} INFO - Started process (PID=388) to work on /home/airflow/.local/lib/python3.12/site-packages/airflow/example_dags/example_sensors.py
[2024-09-30T14:39:15.400+0000] {processor.py:914} INFO - Processing file /home/airflow/.local/lib/python3.12/site-packages/airflow/example_dags/example_sensors.py for tasks to queue
[2024-09-30T14:39:15.401+0000] {logging_mixin.py:190} INFO - [2024-09-30T14:39:15.401+0000] {dagbag.py:588} INFO - Filling up the DagBag from /home/airflow/.local/lib/python3.12/site-packages/airflow/example_dags/example_sensors.py
[2024-09-30T14:39:15.408+0000] {processor.py:925} INFO - DAG(s) 'example_sensors' retrieved from /home/airflow/.local/lib/python3.12/site-packages/airflow/example_dags/example_sensors.py
[2024-09-30T14:39:15.425+0000] {logging_mixin.py:190} INFO - [2024-09-30T14:39:15.425+0000] {dag.py:3239} INFO - Sync 1 DAGs
[2024-09-30T14:39:15.434+0000] {logging_mixin.py:190} INFO - [2024-09-30T14:39:15.434+0000] {dag.py:4180} INFO - Setting next_dagrun for example_sensors to None, run_after=None
[2024-09-30T14:39:15.447+0000] {processor.py:208} INFO - Processing /home/airflow/.local/lib/python3.12/site-packages/airflow/example_dags/example_sensors.py took 0.052 seconds
[2024-09-30T14:39:42.113+0000] {processor.py:186} INFO - Started process (PID=67) to work on /home/airflow/.local/lib/python3.12/site-packages/airflow/example_dags/example_sensors.py
[2024-09-30T14:39:42.114+0000] {processor.py:914} INFO - Processing file /home/airflow/.local/lib/python3.12/site-packages/airflow/example_dags/example_sensors.py for tasks to queue
[2024-09-30T14:39:42.116+0000] {logging_mixin.py:190} INFO - [2024-09-30T14:39:42.116+0000] {dagbag.py:588} INFO - Filling up the DagBag from /home/airflow/.local/lib/python3.12/site-packages/airflow/example_dags/example_sensors.py
[2024-09-30T14:39:42.126+0000] {processor.py:925} INFO - DAG(s) 'example_sensors' retrieved from /home/airflow/.local/lib/python3.12/site-packages/airflow/example_dags/example_sensors.py
[2024-09-30T14:39:42.156+0000] {logging_mixin.py:190} INFO - [2024-09-30T14:39:42.156+0000] {dag.py:3239} INFO - Sync 1 DAGs
[2024-09-30T14:39:42.175+0000] {logging_mixin.py:190} INFO - [2024-09-30T14:39:42.174+0000] {dag.py:4180} INFO - Setting next_dagrun for example_sensors to None, run_after=None
[2024-09-30T14:39:42.195+0000] {processor.py:208} INFO - Processing /home/airflow/.local/lib/python3.12/site-packages/airflow/example_dags/example_sensors.py took 0.087 seconds
[2024-09-30T14:40:12.262+0000] {processor.py:186} INFO - Started process (PID=130) to work on /home/airflow/.local/lib/python3.12/site-packages/airflow/example_dags/example_sensors.py
[2024-09-30T14:40:12.263+0000] {processor.py:914} INFO - Processing file /home/airflow/.local/lib/python3.12/site-packages/airflow/example_dags/example_sensors.py for tasks to queue
[2024-09-30T14:40:12.265+0000] {logging_mixin.py:190} INFO - [2024-09-30T14:40:12.264+0000] {dagbag.py:588} INFO - Filling up the DagBag from /home/airflow/.local/lib/python3.12/site-packages/airflow/example_dags/example_sensors.py
[2024-09-30T14:40:12.273+0000] {processor.py:925} INFO - DAG(s) 'example_sensors' retrieved from /home/airflow/.local/lib/python3.12/site-packages/airflow/example_dags/example_sensors.py
[2024-09-30T14:40:12.294+0000] {logging_mixin.py:190} INFO - [2024-09-30T14:40:12.293+0000] {dag.py:3239} INFO - Sync 1 DAGs
[2024-09-30T14:40:12.304+0000] {logging_mixin.py:190} INFO - [2024-09-30T14:40:12.304+0000] {dag.py:4180} INFO - Setting next_dagrun for example_sensors to None, run_after=None
[2024-09-30T14:40:12.319+0000] {processor.py:208} INFO - Processing /home/airflow/.local/lib/python3.12/site-packages/airflow/example_dags/example_sensors.py took 0.061 seconds
[2024-09-30T14:40:42.993+0000] {processor.py:186} INFO - Started process (PID=199) to work on /home/airflow/.local/lib/python3.12/site-packages/airflow/example_dags/example_sensors.py
[2024-09-30T14:40:42.994+0000] {processor.py:914} INFO - Processing file /home/airflow/.local/lib/python3.12/site-packages/airflow/example_dags/example_sensors.py for tasks to queue
[2024-09-30T14:40:42.996+0000] {logging_mixin.py:190} INFO - [2024-09-30T14:40:42.995+0000] {dagbag.py:588} INFO - Filling up the DagBag from /home/airflow/.local/lib/python3.12/site-packages/airflow/example_dags/example_sensors.py
[2024-09-30T14:40:43.003+0000] {processor.py:925} INFO - DAG(s) 'example_sensors' retrieved from /home/airflow/.local/lib/python3.12/site-packages/airflow/example_dags/example_sensors.py
[2024-09-30T14:40:43.021+0000] {logging_mixin.py:190} INFO - [2024-09-30T14:40:43.020+0000] {dag.py:3239} INFO - Sync 1 DAGs
[2024-09-30T14:40:43.031+0000] {logging_mixin.py:190} INFO - [2024-09-30T14:40:43.031+0000] {dag.py:4180} INFO - Setting next_dagrun for example_sensors to None, run_after=None
[2024-09-30T14:40:43.045+0000] {processor.py:208} INFO - Processing /home/airflow/.local/lib/python3.12/site-packages/airflow/example_dags/example_sensors.py took 0.055 seconds
[2024-09-30T14:41:13.857+0000] {processor.py:186} INFO - Started process (PID=262) to work on /home/airflow/.local/lib/python3.12/site-packages/airflow/example_dags/example_sensors.py
[2024-09-30T14:41:13.857+0000] {processor.py:914} INFO - Processing file /home/airflow/.local/lib/python3.12/site-packages/airflow/example_dags/example_sensors.py for tasks to queue
[2024-09-30T14:41:13.859+0000] {logging_mixin.py:190} INFO - [2024-09-30T14:41:13.859+0000] {dagbag.py:588} INFO - Filling up the DagBag from /home/airflow/.local/lib/python3.12/site-packages/airflow/example_dags/example_sensors.py
[2024-09-30T14:41:13.866+0000] {processor.py:925} INFO - DAG(s) 'example_sensors' retrieved from /home/airflow/.local/lib/python3.12/site-packages/airflow/example_dags/example_sensors.py
[2024-09-30T14:41:13.883+0000] {logging_mixin.py:190} INFO - [2024-09-30T14:41:13.883+0000] {dag.py:3239} INFO - Sync 1 DAGs
[2024-09-30T14:41:13.892+0000] {logging_mixin.py:190} INFO - [2024-09-30T14:41:13.892+0000] {dag.py:4180} INFO - Setting next_dagrun for example_sensors to None, run_after=None
[2024-09-30T14:41:13.904+0000] {processor.py:208} INFO - Processing /home/airflow/.local/lib/python3.12/site-packages/airflow/example_dags/example_sensors.py took 0.051 seconds
