[2024-09-30T14:12:27.785+0000] {processor.py:186} INFO - Started process (PID=54) to work on /home/airflow/.local/lib/python3.12/site-packages/airflow/example_dags/example_bash_decorator.py
[2024-09-30T14:12:27.786+0000] {processor.py:914} INFO - Processing file /home/airflow/.local/lib/python3.12/site-packages/airflow/example_dags/example_bash_decorator.py for tasks to queue
[2024-09-30T14:12:27.788+0000] {logging_mixin.py:190} INFO - [2024-09-30T14:12:27.788+0000] {dagbag.py:588} INFO - Filling up the DagBag from /home/airflow/.local/lib/python3.12/site-packages/airflow/example_dags/example_bash_decorator.py
[2024-09-30T14:12:27.811+0000] {processor.py:925} INFO - DAG(s) 'example_bash_decorator' retrieved from /home/airflow/.local/lib/python3.12/site-packages/airflow/example_dags/example_bash_decorator.py
[2024-09-30T14:12:27.995+0000] {logging_mixin.py:190} INFO - [2024-09-30T14:12:27.995+0000] {dag.py:3239} INFO - Sync 1 DAGs
[2024-09-30T14:12:28.003+0000] {logging_mixin.py:190} INFO - [2024-09-30T14:12:28.003+0000] {dag.py:4180} INFO - Setting next_dagrun for example_bash_decorator to None, run_after=None
[2024-09-30T14:12:28.018+0000] {processor.py:208} INFO - Processing /home/airflow/.local/lib/python3.12/site-packages/airflow/example_dags/example_bash_decorator.py took 0.238 seconds
[2024-09-30T14:12:58.364+0000] {processor.py:186} INFO - Started process (PID=117) to work on /home/airflow/.local/lib/python3.12/site-packages/airflow/example_dags/example_bash_decorator.py
[2024-09-30T14:12:58.365+0000] {processor.py:914} INFO - Processing file /home/airflow/.local/lib/python3.12/site-packages/airflow/example_dags/example_bash_decorator.py for tasks to queue
[2024-09-30T14:12:58.366+0000] {logging_mixin.py:190} INFO - [2024-09-30T14:12:58.366+0000] {dagbag.py:588} INFO - Filling up the DagBag from /home/airflow/.local/lib/python3.12/site-packages/airflow/example_dags/example_bash_decorator.py
[2024-09-30T14:12:58.375+0000] {processor.py:925} INFO - DAG(s) 'example_bash_decorator' retrieved from /home/airflow/.local/lib/python3.12/site-packages/airflow/example_dags/example_bash_decorator.py
[2024-09-30T14:12:58.390+0000] {logging_mixin.py:190} INFO - [2024-09-30T14:12:58.390+0000] {dag.py:3239} INFO - Sync 1 DAGs
[2024-09-30T14:12:58.399+0000] {logging_mixin.py:190} INFO - [2024-09-30T14:12:58.399+0000] {dag.py:4180} INFO - Setting next_dagrun for example_bash_decorator to None, run_after=None
[2024-09-30T14:12:58.411+0000] {processor.py:208} INFO - Processing /home/airflow/.local/lib/python3.12/site-packages/airflow/example_dags/example_bash_decorator.py took 0.051 seconds
[2024-09-30T14:13:29.252+0000] {processor.py:186} INFO - Started process (PID=180) to work on /home/airflow/.local/lib/python3.12/site-packages/airflow/example_dags/example_bash_decorator.py
[2024-09-30T14:13:29.253+0000] {processor.py:914} INFO - Processing file /home/airflow/.local/lib/python3.12/site-packages/airflow/example_dags/example_bash_decorator.py for tasks to queue
[2024-09-30T14:13:29.255+0000] {logging_mixin.py:190} INFO - [2024-09-30T14:13:29.255+0000] {dagbag.py:588} INFO - Filling up the DagBag from /home/airflow/.local/lib/python3.12/site-packages/airflow/example_dags/example_bash_decorator.py
[2024-09-30T14:13:29.272+0000] {processor.py:925} INFO - DAG(s) 'example_bash_decorator' retrieved from /home/airflow/.local/lib/python3.12/site-packages/airflow/example_dags/example_bash_decorator.py
[2024-09-30T14:13:29.290+0000] {logging_mixin.py:190} INFO - [2024-09-30T14:13:29.290+0000] {dag.py:3239} INFO - Sync 1 DAGs
[2024-09-30T14:13:29.300+0000] {logging_mixin.py:190} INFO - [2024-09-30T14:13:29.300+0000] {dag.py:4180} INFO - Setting next_dagrun for example_bash_decorator to None, run_after=None
[2024-09-30T14:13:29.314+0000] {processor.py:208} INFO - Processing /home/airflow/.local/lib/python3.12/site-packages/airflow/example_dags/example_bash_decorator.py took 0.066 seconds
[2024-09-30T14:13:59.935+0000] {processor.py:186} INFO - Started process (PID=249) to work on /home/airflow/.local/lib/python3.12/site-packages/airflow/example_dags/example_bash_decorator.py
[2024-09-30T14:13:59.935+0000] {processor.py:914} INFO - Processing file /home/airflow/.local/lib/python3.12/site-packages/airflow/example_dags/example_bash_decorator.py for tasks to queue
[2024-09-30T14:13:59.937+0000] {logging_mixin.py:190} INFO - [2024-09-30T14:13:59.936+0000] {dagbag.py:588} INFO - Filling up the DagBag from /home/airflow/.local/lib/python3.12/site-packages/airflow/example_dags/example_bash_decorator.py
[2024-09-30T14:13:59.945+0000] {processor.py:925} INFO - DAG(s) 'example_bash_decorator' retrieved from /home/airflow/.local/lib/python3.12/site-packages/airflow/example_dags/example_bash_decorator.py
[2024-09-30T14:13:59.960+0000] {logging_mixin.py:190} INFO - [2024-09-30T14:13:59.960+0000] {dag.py:3239} INFO - Sync 1 DAGs
[2024-09-30T14:13:59.969+0000] {logging_mixin.py:190} INFO - [2024-09-30T14:13:59.969+0000] {dag.py:4180} INFO - Setting next_dagrun for example_bash_decorator to None, run_after=None
[2024-09-30T14:13:59.981+0000] {processor.py:208} INFO - Processing /home/airflow/.local/lib/python3.12/site-packages/airflow/example_dags/example_bash_decorator.py took 0.050 seconds
[2024-09-30T14:14:30.783+0000] {processor.py:186} INFO - Started process (PID=312) to work on /home/airflow/.local/lib/python3.12/site-packages/airflow/example_dags/example_bash_decorator.py
[2024-09-30T14:14:30.784+0000] {processor.py:914} INFO - Processing file /home/airflow/.local/lib/python3.12/site-packages/airflow/example_dags/example_bash_decorator.py for tasks to queue
[2024-09-30T14:14:30.785+0000] {logging_mixin.py:190} INFO - [2024-09-30T14:14:30.785+0000] {dagbag.py:588} INFO - Filling up the DagBag from /home/airflow/.local/lib/python3.12/site-packages/airflow/example_dags/example_bash_decorator.py
[2024-09-30T14:14:30.794+0000] {processor.py:925} INFO - DAG(s) 'example_bash_decorator' retrieved from /home/airflow/.local/lib/python3.12/site-packages/airflow/example_dags/example_bash_decorator.py
[2024-09-30T14:14:30.809+0000] {logging_mixin.py:190} INFO - [2024-09-30T14:14:30.808+0000] {dag.py:3239} INFO - Sync 1 DAGs
[2024-09-30T14:14:30.818+0000] {logging_mixin.py:190} INFO - [2024-09-30T14:14:30.818+0000] {dag.py:4180} INFO - Setting next_dagrun for example_bash_decorator to None, run_after=None
[2024-09-30T14:14:30.830+0000] {processor.py:208} INFO - Processing /home/airflow/.local/lib/python3.12/site-packages/airflow/example_dags/example_bash_decorator.py took 0.050 seconds
[2024-09-30T14:15:00.880+0000] {processor.py:186} INFO - Started process (PID=375) to work on /home/airflow/.local/lib/python3.12/site-packages/airflow/example_dags/example_bash_decorator.py
[2024-09-30T14:15:00.881+0000] {processor.py:914} INFO - Processing file /home/airflow/.local/lib/python3.12/site-packages/airflow/example_dags/example_bash_decorator.py for tasks to queue
[2024-09-30T14:15:00.882+0000] {logging_mixin.py:190} INFO - [2024-09-30T14:15:00.882+0000] {dagbag.py:588} INFO - Filling up the DagBag from /home/airflow/.local/lib/python3.12/site-packages/airflow/example_dags/example_bash_decorator.py
[2024-09-30T14:15:00.893+0000] {processor.py:925} INFO - DAG(s) 'example_bash_decorator' retrieved from /home/airflow/.local/lib/python3.12/site-packages/airflow/example_dags/example_bash_decorator.py
[2024-09-30T14:15:00.910+0000] {logging_mixin.py:190} INFO - [2024-09-30T14:15:00.910+0000] {dag.py:3239} INFO - Sync 1 DAGs
[2024-09-30T14:15:00.921+0000] {logging_mixin.py:190} INFO - [2024-09-30T14:15:00.920+0000] {dag.py:4180} INFO - Setting next_dagrun for example_bash_decorator to None, run_after=None
[2024-09-30T14:15:00.933+0000] {processor.py:208} INFO - Processing /home/airflow/.local/lib/python3.12/site-packages/airflow/example_dags/example_bash_decorator.py took 0.057 seconds
[2024-09-30T14:15:31.081+0000] {processor.py:186} INFO - Started process (PID=438) to work on /home/airflow/.local/lib/python3.12/site-packages/airflow/example_dags/example_bash_decorator.py
[2024-09-30T14:15:31.082+0000] {processor.py:914} INFO - Processing file /home/airflow/.local/lib/python3.12/site-packages/airflow/example_dags/example_bash_decorator.py for tasks to queue
[2024-09-30T14:15:31.083+0000] {logging_mixin.py:190} INFO - [2024-09-30T14:15:31.083+0000] {dagbag.py:588} INFO - Filling up the DagBag from /home/airflow/.local/lib/python3.12/site-packages/airflow/example_dags/example_bash_decorator.py
[2024-09-30T14:15:31.092+0000] {processor.py:925} INFO - DAG(s) 'example_bash_decorator' retrieved from /home/airflow/.local/lib/python3.12/site-packages/airflow/example_dags/example_bash_decorator.py
[2024-09-30T14:15:31.105+0000] {logging_mixin.py:190} INFO - [2024-09-30T14:15:31.105+0000] {dag.py:3239} INFO - Sync 1 DAGs
[2024-09-30T14:15:31.114+0000] {logging_mixin.py:190} INFO - [2024-09-30T14:15:31.113+0000] {dag.py:4180} INFO - Setting next_dagrun for example_bash_decorator to None, run_after=None
[2024-09-30T14:15:31.125+0000] {processor.py:208} INFO - Processing /home/airflow/.local/lib/python3.12/site-packages/airflow/example_dags/example_bash_decorator.py took 0.048 seconds
[2024-09-30T14:16:01.870+0000] {processor.py:186} INFO - Started process (PID=501) to work on /home/airflow/.local/lib/python3.12/site-packages/airflow/example_dags/example_bash_decorator.py
[2024-09-30T14:16:01.870+0000] {processor.py:914} INFO - Processing file /home/airflow/.local/lib/python3.12/site-packages/airflow/example_dags/example_bash_decorator.py for tasks to queue
[2024-09-30T14:16:01.872+0000] {logging_mixin.py:190} INFO - [2024-09-30T14:16:01.871+0000] {dagbag.py:588} INFO - Filling up the DagBag from /home/airflow/.local/lib/python3.12/site-packages/airflow/example_dags/example_bash_decorator.py
[2024-09-30T14:16:01.881+0000] {processor.py:925} INFO - DAG(s) 'example_bash_decorator' retrieved from /home/airflow/.local/lib/python3.12/site-packages/airflow/example_dags/example_bash_decorator.py
[2024-09-30T14:16:01.896+0000] {logging_mixin.py:190} INFO - [2024-09-30T14:16:01.896+0000] {dag.py:3239} INFO - Sync 1 DAGs
[2024-09-30T14:16:01.905+0000] {logging_mixin.py:190} INFO - [2024-09-30T14:16:01.905+0000] {dag.py:4180} INFO - Setting next_dagrun for example_bash_decorator to None, run_after=None
[2024-09-30T14:16:01.918+0000] {processor.py:208} INFO - Processing /home/airflow/.local/lib/python3.12/site-packages/airflow/example_dags/example_bash_decorator.py took 0.052 seconds
[2024-09-30T14:16:32.606+0000] {processor.py:186} INFO - Started process (PID=565) to work on /home/airflow/.local/lib/python3.12/site-packages/airflow/example_dags/example_bash_decorator.py
[2024-09-30T14:16:32.607+0000] {processor.py:914} INFO - Processing file /home/airflow/.local/lib/python3.12/site-packages/airflow/example_dags/example_bash_decorator.py for tasks to queue
[2024-09-30T14:16:32.608+0000] {logging_mixin.py:190} INFO - [2024-09-30T14:16:32.608+0000] {dagbag.py:588} INFO - Filling up the DagBag from /home/airflow/.local/lib/python3.12/site-packages/airflow/example_dags/example_bash_decorator.py
[2024-09-30T14:16:32.617+0000] {processor.py:925} INFO - DAG(s) 'example_bash_decorator' retrieved from /home/airflow/.local/lib/python3.12/site-packages/airflow/example_dags/example_bash_decorator.py
[2024-09-30T14:16:32.631+0000] {logging_mixin.py:190} INFO - [2024-09-30T14:16:32.631+0000] {dag.py:3239} INFO - Sync 1 DAGs
[2024-09-30T14:16:32.640+0000] {logging_mixin.py:190} INFO - [2024-09-30T14:16:32.640+0000] {dag.py:4180} INFO - Setting next_dagrun for example_bash_decorator to None, run_after=None
[2024-09-30T14:16:32.651+0000] {processor.py:208} INFO - Processing /home/airflow/.local/lib/python3.12/site-packages/airflow/example_dags/example_bash_decorator.py took 0.049 seconds
[2024-09-30T14:16:59.090+0000] {processor.py:186} INFO - Started process (PID=48) to work on /home/airflow/.local/lib/python3.12/site-packages/airflow/example_dags/example_bash_decorator.py
[2024-09-30T14:16:59.090+0000] {processor.py:914} INFO - Processing file /home/airflow/.local/lib/python3.12/site-packages/airflow/example_dags/example_bash_decorator.py for tasks to queue
[2024-09-30T14:16:59.092+0000] {logging_mixin.py:190} INFO - [2024-09-30T14:16:59.091+0000] {dagbag.py:588} INFO - Filling up the DagBag from /home/airflow/.local/lib/python3.12/site-packages/airflow/example_dags/example_bash_decorator.py
[2024-09-30T14:16:59.102+0000] {processor.py:925} INFO - DAG(s) 'example_bash_decorator' retrieved from /home/airflow/.local/lib/python3.12/site-packages/airflow/example_dags/example_bash_decorator.py
[2024-09-30T14:16:59.181+0000] {logging_mixin.py:190} INFO - [2024-09-30T14:16:59.181+0000] {dag.py:3239} INFO - Sync 1 DAGs
[2024-09-30T14:16:59.190+0000] {logging_mixin.py:190} INFO - [2024-09-30T14:16:59.190+0000] {dag.py:4180} INFO - Setting next_dagrun for example_bash_decorator to None, run_after=None
[2024-09-30T14:16:59.202+0000] {processor.py:208} INFO - Processing /home/airflow/.local/lib/python3.12/site-packages/airflow/example_dags/example_bash_decorator.py took 0.116 seconds
[2024-09-30T14:17:29.963+0000] {processor.py:186} INFO - Started process (PID=111) to work on /home/airflow/.local/lib/python3.12/site-packages/airflow/example_dags/example_bash_decorator.py
[2024-09-30T14:17:29.964+0000] {processor.py:914} INFO - Processing file /home/airflow/.local/lib/python3.12/site-packages/airflow/example_dags/example_bash_decorator.py for tasks to queue
[2024-09-30T14:17:29.965+0000] {logging_mixin.py:190} INFO - [2024-09-30T14:17:29.965+0000] {dagbag.py:588} INFO - Filling up the DagBag from /home/airflow/.local/lib/python3.12/site-packages/airflow/example_dags/example_bash_decorator.py
[2024-09-30T14:17:29.975+0000] {processor.py:925} INFO - DAG(s) 'example_bash_decorator' retrieved from /home/airflow/.local/lib/python3.12/site-packages/airflow/example_dags/example_bash_decorator.py
[2024-09-30T14:17:29.991+0000] {logging_mixin.py:190} INFO - [2024-09-30T14:17:29.991+0000] {dag.py:3239} INFO - Sync 1 DAGs
[2024-09-30T14:17:30.001+0000] {logging_mixin.py:190} INFO - [2024-09-30T14:17:30.000+0000] {dag.py:4180} INFO - Setting next_dagrun for example_bash_decorator to None, run_after=None
[2024-09-30T14:17:30.013+0000] {processor.py:208} INFO - Processing /home/airflow/.local/lib/python3.12/site-packages/airflow/example_dags/example_bash_decorator.py took 0.053 seconds
[2024-09-30T14:18:01.580+0000] {processor.py:186} INFO - Started process (PID=48) to work on /home/airflow/.local/lib/python3.12/site-packages/airflow/example_dags/example_bash_decorator.py
[2024-09-30T14:18:01.580+0000] {processor.py:914} INFO - Processing file /home/airflow/.local/lib/python3.12/site-packages/airflow/example_dags/example_bash_decorator.py for tasks to queue
[2024-09-30T14:18:01.582+0000] {logging_mixin.py:190} INFO - [2024-09-30T14:18:01.581+0000] {dagbag.py:588} INFO - Filling up the DagBag from /home/airflow/.local/lib/python3.12/site-packages/airflow/example_dags/example_bash_decorator.py
[2024-09-30T14:18:01.592+0000] {processor.py:925} INFO - DAG(s) 'example_bash_decorator' retrieved from /home/airflow/.local/lib/python3.12/site-packages/airflow/example_dags/example_bash_decorator.py
[2024-09-30T14:18:01.694+0000] {logging_mixin.py:190} INFO - [2024-09-30T14:18:01.694+0000] {dag.py:3239} INFO - Sync 1 DAGs
[2024-09-30T14:18:01.705+0000] {logging_mixin.py:190} INFO - [2024-09-30T14:18:01.705+0000] {dag.py:4180} INFO - Setting next_dagrun for example_bash_decorator to None, run_after=None
[2024-09-30T14:18:01.721+0000] {processor.py:208} INFO - Processing /home/airflow/.local/lib/python3.12/site-packages/airflow/example_dags/example_bash_decorator.py took 0.145 seconds
[2024-09-30T14:18:31.798+0000] {processor.py:186} INFO - Started process (PID=111) to work on /home/airflow/.local/lib/python3.12/site-packages/airflow/example_dags/example_bash_decorator.py
[2024-09-30T14:18:31.798+0000] {processor.py:914} INFO - Processing file /home/airflow/.local/lib/python3.12/site-packages/airflow/example_dags/example_bash_decorator.py for tasks to queue
[2024-09-30T14:18:31.800+0000] {logging_mixin.py:190} INFO - [2024-09-30T14:18:31.799+0000] {dagbag.py:588} INFO - Filling up the DagBag from /home/airflow/.local/lib/python3.12/site-packages/airflow/example_dags/example_bash_decorator.py
[2024-09-30T14:18:31.808+0000] {processor.py:925} INFO - DAG(s) 'example_bash_decorator' retrieved from /home/airflow/.local/lib/python3.12/site-packages/airflow/example_dags/example_bash_decorator.py
[2024-09-30T14:18:31.823+0000] {logging_mixin.py:190} INFO - [2024-09-30T14:18:31.823+0000] {dag.py:3239} INFO - Sync 1 DAGs
[2024-09-30T14:18:31.834+0000] {logging_mixin.py:190} INFO - [2024-09-30T14:18:31.833+0000] {dag.py:4180} INFO - Setting next_dagrun for example_bash_decorator to None, run_after=None
[2024-09-30T14:18:31.845+0000] {processor.py:208} INFO - Processing /home/airflow/.local/lib/python3.12/site-packages/airflow/example_dags/example_bash_decorator.py took 0.051 seconds
[2024-09-30T14:19:02.355+0000] {processor.py:186} INFO - Started process (PID=174) to work on /home/airflow/.local/lib/python3.12/site-packages/airflow/example_dags/example_bash_decorator.py
[2024-09-30T14:19:02.356+0000] {processor.py:914} INFO - Processing file /home/airflow/.local/lib/python3.12/site-packages/airflow/example_dags/example_bash_decorator.py for tasks to queue
[2024-09-30T14:19:02.356+0000] {logging_mixin.py:190} INFO - [2024-09-30T14:19:02.356+0000] {dagbag.py:588} INFO - Filling up the DagBag from /home/airflow/.local/lib/python3.12/site-packages/airflow/example_dags/example_bash_decorator.py
[2024-09-30T14:19:02.366+0000] {processor.py:925} INFO - DAG(s) 'example_bash_decorator' retrieved from /home/airflow/.local/lib/python3.12/site-packages/airflow/example_dags/example_bash_decorator.py
[2024-09-30T14:19:02.382+0000] {logging_mixin.py:190} INFO - [2024-09-30T14:19:02.382+0000] {dag.py:3239} INFO - Sync 1 DAGs
[2024-09-30T14:19:02.393+0000] {logging_mixin.py:190} INFO - [2024-09-30T14:19:02.393+0000] {dag.py:4180} INFO - Setting next_dagrun for example_bash_decorator to None, run_after=None
[2024-09-30T14:19:02.406+0000] {processor.py:208} INFO - Processing /home/airflow/.local/lib/python3.12/site-packages/airflow/example_dags/example_bash_decorator.py took 0.056 seconds
[2024-09-30T14:19:46.097+0000] {processor.py:186} INFO - Started process (PID=48) to work on /home/airflow/.local/lib/python3.12/site-packages/airflow/example_dags/example_bash_decorator.py
[2024-09-30T14:19:46.098+0000] {processor.py:914} INFO - Processing file /home/airflow/.local/lib/python3.12/site-packages/airflow/example_dags/example_bash_decorator.py for tasks to queue
[2024-09-30T14:19:46.100+0000] {logging_mixin.py:190} INFO - [2024-09-30T14:19:46.099+0000] {dagbag.py:588} INFO - Filling up the DagBag from /home/airflow/.local/lib/python3.12/site-packages/airflow/example_dags/example_bash_decorator.py
[2024-09-30T14:19:46.109+0000] {processor.py:925} INFO - DAG(s) 'example_bash_decorator' retrieved from /home/airflow/.local/lib/python3.12/site-packages/airflow/example_dags/example_bash_decorator.py
[2024-09-30T14:19:46.186+0000] {logging_mixin.py:190} INFO - [2024-09-30T14:19:46.186+0000] {dag.py:3239} INFO - Sync 1 DAGs
[2024-09-30T14:19:46.194+0000] {logging_mixin.py:190} INFO - [2024-09-30T14:19:46.194+0000] {dag.py:4180} INFO - Setting next_dagrun for example_bash_decorator to None, run_after=None
[2024-09-30T14:19:46.206+0000] {processor.py:208} INFO - Processing /home/airflow/.local/lib/python3.12/site-packages/airflow/example_dags/example_bash_decorator.py took 0.112 seconds
[2024-09-30T14:20:17.115+0000] {processor.py:186} INFO - Started process (PID=111) to work on /home/airflow/.local/lib/python3.12/site-packages/airflow/example_dags/example_bash_decorator.py
[2024-09-30T14:20:17.116+0000] {processor.py:914} INFO - Processing file /home/airflow/.local/lib/python3.12/site-packages/airflow/example_dags/example_bash_decorator.py for tasks to queue
[2024-09-30T14:20:17.117+0000] {logging_mixin.py:190} INFO - [2024-09-30T14:20:17.117+0000] {dagbag.py:588} INFO - Filling up the DagBag from /home/airflow/.local/lib/python3.12/site-packages/airflow/example_dags/example_bash_decorator.py
[2024-09-30T14:20:17.129+0000] {processor.py:925} INFO - DAG(s) 'example_bash_decorator' retrieved from /home/airflow/.local/lib/python3.12/site-packages/airflow/example_dags/example_bash_decorator.py
[2024-09-30T14:20:17.146+0000] {logging_mixin.py:190} INFO - [2024-09-30T14:20:17.146+0000] {dag.py:3239} INFO - Sync 1 DAGs
[2024-09-30T14:20:17.157+0000] {logging_mixin.py:190} INFO - [2024-09-30T14:20:17.156+0000] {dag.py:4180} INFO - Setting next_dagrun for example_bash_decorator to None, run_after=None
[2024-09-30T14:20:17.172+0000] {processor.py:208} INFO - Processing /home/airflow/.local/lib/python3.12/site-packages/airflow/example_dags/example_bash_decorator.py took 0.060 seconds
[2024-09-30T14:20:47.919+0000] {processor.py:186} INFO - Started process (PID=174) to work on /home/airflow/.local/lib/python3.12/site-packages/airflow/example_dags/example_bash_decorator.py
[2024-09-30T14:20:47.919+0000] {processor.py:914} INFO - Processing file /home/airflow/.local/lib/python3.12/site-packages/airflow/example_dags/example_bash_decorator.py for tasks to queue
[2024-09-30T14:20:47.920+0000] {logging_mixin.py:190} INFO - [2024-09-30T14:20:47.920+0000] {dagbag.py:588} INFO - Filling up the DagBag from /home/airflow/.local/lib/python3.12/site-packages/airflow/example_dags/example_bash_decorator.py
[2024-09-30T14:20:47.930+0000] {processor.py:925} INFO - DAG(s) 'example_bash_decorator' retrieved from /home/airflow/.local/lib/python3.12/site-packages/airflow/example_dags/example_bash_decorator.py
[2024-09-30T14:20:47.945+0000] {logging_mixin.py:190} INFO - [2024-09-30T14:20:47.945+0000] {dag.py:3239} INFO - Sync 1 DAGs
[2024-09-30T14:20:47.955+0000] {logging_mixin.py:190} INFO - [2024-09-30T14:20:47.954+0000] {dag.py:4180} INFO - Setting next_dagrun for example_bash_decorator to None, run_after=None
[2024-09-30T14:20:47.967+0000] {processor.py:208} INFO - Processing /home/airflow/.local/lib/python3.12/site-packages/airflow/example_dags/example_bash_decorator.py took 0.052 seconds
[2024-09-30T14:21:18.941+0000] {processor.py:186} INFO - Started process (PID=243) to work on /home/airflow/.local/lib/python3.12/site-packages/airflow/example_dags/example_bash_decorator.py
[2024-09-30T14:21:18.942+0000] {processor.py:914} INFO - Processing file /home/airflow/.local/lib/python3.12/site-packages/airflow/example_dags/example_bash_decorator.py for tasks to queue
[2024-09-30T14:21:18.943+0000] {logging_mixin.py:190} INFO - [2024-09-30T14:21:18.943+0000] {dagbag.py:588} INFO - Filling up the DagBag from /home/airflow/.local/lib/python3.12/site-packages/airflow/example_dags/example_bash_decorator.py
[2024-09-30T14:21:18.953+0000] {processor.py:925} INFO - DAG(s) 'example_bash_decorator' retrieved from /home/airflow/.local/lib/python3.12/site-packages/airflow/example_dags/example_bash_decorator.py
[2024-09-30T14:21:18.970+0000] {logging_mixin.py:190} INFO - [2024-09-30T14:21:18.969+0000] {dag.py:3239} INFO - Sync 1 DAGs
[2024-09-30T14:21:18.980+0000] {logging_mixin.py:190} INFO - [2024-09-30T14:21:18.980+0000] {dag.py:4180} INFO - Setting next_dagrun for example_bash_decorator to None, run_after=None
[2024-09-30T14:21:18.997+0000] {processor.py:208} INFO - Processing /home/airflow/.local/lib/python3.12/site-packages/airflow/example_dags/example_bash_decorator.py took 0.059 seconds
[2024-09-30T14:21:49.044+0000] {processor.py:186} INFO - Started process (PID=306) to work on /home/airflow/.local/lib/python3.12/site-packages/airflow/example_dags/example_bash_decorator.py
[2024-09-30T14:21:49.045+0000] {processor.py:914} INFO - Processing file /home/airflow/.local/lib/python3.12/site-packages/airflow/example_dags/example_bash_decorator.py for tasks to queue
[2024-09-30T14:21:49.047+0000] {logging_mixin.py:190} INFO - [2024-09-30T14:21:49.046+0000] {dagbag.py:588} INFO - Filling up the DagBag from /home/airflow/.local/lib/python3.12/site-packages/airflow/example_dags/example_bash_decorator.py
[2024-09-30T14:21:49.058+0000] {processor.py:925} INFO - DAG(s) 'example_bash_decorator' retrieved from /home/airflow/.local/lib/python3.12/site-packages/airflow/example_dags/example_bash_decorator.py
[2024-09-30T14:21:49.080+0000] {logging_mixin.py:190} INFO - [2024-09-30T14:21:49.080+0000] {dag.py:3239} INFO - Sync 1 DAGs
[2024-09-30T14:21:49.091+0000] {logging_mixin.py:190} INFO - [2024-09-30T14:21:49.090+0000] {dag.py:4180} INFO - Setting next_dagrun for example_bash_decorator to None, run_after=None
[2024-09-30T14:21:49.105+0000] {processor.py:208} INFO - Processing /home/airflow/.local/lib/python3.12/site-packages/airflow/example_dags/example_bash_decorator.py took 0.066 seconds
[2024-09-30T14:22:20.040+0000] {processor.py:186} INFO - Started process (PID=369) to work on /home/airflow/.local/lib/python3.12/site-packages/airflow/example_dags/example_bash_decorator.py
[2024-09-30T14:22:20.041+0000] {processor.py:914} INFO - Processing file /home/airflow/.local/lib/python3.12/site-packages/airflow/example_dags/example_bash_decorator.py for tasks to queue
[2024-09-30T14:22:20.043+0000] {logging_mixin.py:190} INFO - [2024-09-30T14:22:20.043+0000] {dagbag.py:588} INFO - Filling up the DagBag from /home/airflow/.local/lib/python3.12/site-packages/airflow/example_dags/example_bash_decorator.py
[2024-09-30T14:22:20.052+0000] {processor.py:925} INFO - DAG(s) 'example_bash_decorator' retrieved from /home/airflow/.local/lib/python3.12/site-packages/airflow/example_dags/example_bash_decorator.py
[2024-09-30T14:22:20.066+0000] {logging_mixin.py:190} INFO - [2024-09-30T14:22:20.066+0000] {dag.py:3239} INFO - Sync 1 DAGs
[2024-09-30T14:22:20.077+0000] {logging_mixin.py:190} INFO - [2024-09-30T14:22:20.077+0000] {dag.py:4180} INFO - Setting next_dagrun for example_bash_decorator to None, run_after=None
[2024-09-30T14:22:20.090+0000] {processor.py:208} INFO - Processing /home/airflow/.local/lib/python3.12/site-packages/airflow/example_dags/example_bash_decorator.py took 0.053 seconds
[2024-09-30T14:22:50.768+0000] {processor.py:186} INFO - Started process (PID=432) to work on /home/airflow/.local/lib/python3.12/site-packages/airflow/example_dags/example_bash_decorator.py
[2024-09-30T14:22:50.768+0000] {processor.py:914} INFO - Processing file /home/airflow/.local/lib/python3.12/site-packages/airflow/example_dags/example_bash_decorator.py for tasks to queue
[2024-09-30T14:22:50.770+0000] {logging_mixin.py:190} INFO - [2024-09-30T14:22:50.769+0000] {dagbag.py:588} INFO - Filling up the DagBag from /home/airflow/.local/lib/python3.12/site-packages/airflow/example_dags/example_bash_decorator.py
[2024-09-30T14:22:50.778+0000] {processor.py:925} INFO - DAG(s) 'example_bash_decorator' retrieved from /home/airflow/.local/lib/python3.12/site-packages/airflow/example_dags/example_bash_decorator.py
[2024-09-30T14:22:50.792+0000] {logging_mixin.py:190} INFO - [2024-09-30T14:22:50.792+0000] {dag.py:3239} INFO - Sync 1 DAGs
[2024-09-30T14:22:50.801+0000] {logging_mixin.py:190} INFO - [2024-09-30T14:22:50.801+0000] {dag.py:4180} INFO - Setting next_dagrun for example_bash_decorator to None, run_after=None
[2024-09-30T14:22:50.813+0000] {processor.py:208} INFO - Processing /home/airflow/.local/lib/python3.12/site-packages/airflow/example_dags/example_bash_decorator.py took 0.049 seconds
[2024-09-30T14:23:21.421+0000] {processor.py:186} INFO - Started process (PID=495) to work on /home/airflow/.local/lib/python3.12/site-packages/airflow/example_dags/example_bash_decorator.py
[2024-09-30T14:23:21.422+0000] {processor.py:914} INFO - Processing file /home/airflow/.local/lib/python3.12/site-packages/airflow/example_dags/example_bash_decorator.py for tasks to queue
[2024-09-30T14:23:21.424+0000] {logging_mixin.py:190} INFO - [2024-09-30T14:23:21.423+0000] {dagbag.py:588} INFO - Filling up the DagBag from /home/airflow/.local/lib/python3.12/site-packages/airflow/example_dags/example_bash_decorator.py
[2024-09-30T14:23:21.433+0000] {processor.py:925} INFO - DAG(s) 'example_bash_decorator' retrieved from /home/airflow/.local/lib/python3.12/site-packages/airflow/example_dags/example_bash_decorator.py
[2024-09-30T14:23:21.448+0000] {logging_mixin.py:190} INFO - [2024-09-30T14:23:21.448+0000] {dag.py:3239} INFO - Sync 1 DAGs
[2024-09-30T14:23:21.457+0000] {logging_mixin.py:190} INFO - [2024-09-30T14:23:21.456+0000] {dag.py:4180} INFO - Setting next_dagrun for example_bash_decorator to None, run_after=None
[2024-09-30T14:23:21.468+0000] {processor.py:208} INFO - Processing /home/airflow/.local/lib/python3.12/site-packages/airflow/example_dags/example_bash_decorator.py took 0.051 seconds
[2024-09-30T14:23:52.194+0000] {processor.py:186} INFO - Started process (PID=558) to work on /home/airflow/.local/lib/python3.12/site-packages/airflow/example_dags/example_bash_decorator.py
[2024-09-30T14:23:52.195+0000] {processor.py:914} INFO - Processing file /home/airflow/.local/lib/python3.12/site-packages/airflow/example_dags/example_bash_decorator.py for tasks to queue
[2024-09-30T14:23:52.196+0000] {logging_mixin.py:190} INFO - [2024-09-30T14:23:52.196+0000] {dagbag.py:588} INFO - Filling up the DagBag from /home/airflow/.local/lib/python3.12/site-packages/airflow/example_dags/example_bash_decorator.py
[2024-09-30T14:23:52.205+0000] {processor.py:925} INFO - DAG(s) 'example_bash_decorator' retrieved from /home/airflow/.local/lib/python3.12/site-packages/airflow/example_dags/example_bash_decorator.py
[2024-09-30T14:23:52.220+0000] {logging_mixin.py:190} INFO - [2024-09-30T14:23:52.219+0000] {dag.py:3239} INFO - Sync 1 DAGs
[2024-09-30T14:23:52.228+0000] {logging_mixin.py:190} INFO - [2024-09-30T14:23:52.228+0000] {dag.py:4180} INFO - Setting next_dagrun for example_bash_decorator to None, run_after=None
[2024-09-30T14:23:52.240+0000] {processor.py:208} INFO - Processing /home/airflow/.local/lib/python3.12/site-packages/airflow/example_dags/example_bash_decorator.py took 0.050 seconds
[2024-09-30T14:24:23.026+0000] {processor.py:186} INFO - Started process (PID=621) to work on /home/airflow/.local/lib/python3.12/site-packages/airflow/example_dags/example_bash_decorator.py
[2024-09-30T14:24:23.026+0000] {processor.py:914} INFO - Processing file /home/airflow/.local/lib/python3.12/site-packages/airflow/example_dags/example_bash_decorator.py for tasks to queue
[2024-09-30T14:24:23.028+0000] {logging_mixin.py:190} INFO - [2024-09-30T14:24:23.028+0000] {dagbag.py:588} INFO - Filling up the DagBag from /home/airflow/.local/lib/python3.12/site-packages/airflow/example_dags/example_bash_decorator.py
[2024-09-30T14:24:23.037+0000] {processor.py:925} INFO - DAG(s) 'example_bash_decorator' retrieved from /home/airflow/.local/lib/python3.12/site-packages/airflow/example_dags/example_bash_decorator.py
[2024-09-30T14:24:23.052+0000] {logging_mixin.py:190} INFO - [2024-09-30T14:24:23.052+0000] {dag.py:3239} INFO - Sync 1 DAGs
[2024-09-30T14:24:23.065+0000] {logging_mixin.py:190} INFO - [2024-09-30T14:24:23.065+0000] {dag.py:4180} INFO - Setting next_dagrun for example_bash_decorator to None, run_after=None
[2024-09-30T14:24:23.081+0000] {processor.py:208} INFO - Processing /home/airflow/.local/lib/python3.12/site-packages/airflow/example_dags/example_bash_decorator.py took 0.059 seconds
[2024-09-30T14:24:53.621+0000] {processor.py:186} INFO - Started process (PID=684) to work on /home/airflow/.local/lib/python3.12/site-packages/airflow/example_dags/example_bash_decorator.py
[2024-09-30T14:24:53.622+0000] {processor.py:914} INFO - Processing file /home/airflow/.local/lib/python3.12/site-packages/airflow/example_dags/example_bash_decorator.py for tasks to queue
[2024-09-30T14:24:53.623+0000] {logging_mixin.py:190} INFO - [2024-09-30T14:24:53.623+0000] {dagbag.py:588} INFO - Filling up the DagBag from /home/airflow/.local/lib/python3.12/site-packages/airflow/example_dags/example_bash_decorator.py
[2024-09-30T14:24:53.632+0000] {processor.py:925} INFO - DAG(s) 'example_bash_decorator' retrieved from /home/airflow/.local/lib/python3.12/site-packages/airflow/example_dags/example_bash_decorator.py
[2024-09-30T14:24:53.645+0000] {logging_mixin.py:190} INFO - [2024-09-30T14:24:53.645+0000] {dag.py:3239} INFO - Sync 1 DAGs
[2024-09-30T14:24:53.654+0000] {logging_mixin.py:190} INFO - [2024-09-30T14:24:53.653+0000] {dag.py:4180} INFO - Setting next_dagrun for example_bash_decorator to None, run_after=None
[2024-09-30T14:24:53.666+0000] {processor.py:208} INFO - Processing /home/airflow/.local/lib/python3.12/site-packages/airflow/example_dags/example_bash_decorator.py took 0.048 seconds
[2024-09-30T14:25:24.422+0000] {processor.py:186} INFO - Started process (PID=747) to work on /home/airflow/.local/lib/python3.12/site-packages/airflow/example_dags/example_bash_decorator.py
[2024-09-30T14:25:24.422+0000] {processor.py:914} INFO - Processing file /home/airflow/.local/lib/python3.12/site-packages/airflow/example_dags/example_bash_decorator.py for tasks to queue
[2024-09-30T14:25:24.424+0000] {logging_mixin.py:190} INFO - [2024-09-30T14:25:24.423+0000] {dagbag.py:588} INFO - Filling up the DagBag from /home/airflow/.local/lib/python3.12/site-packages/airflow/example_dags/example_bash_decorator.py
[2024-09-30T14:25:24.433+0000] {processor.py:925} INFO - DAG(s) 'example_bash_decorator' retrieved from /home/airflow/.local/lib/python3.12/site-packages/airflow/example_dags/example_bash_decorator.py
[2024-09-30T14:25:24.447+0000] {logging_mixin.py:190} INFO - [2024-09-30T14:25:24.447+0000] {dag.py:3239} INFO - Sync 1 DAGs
[2024-09-30T14:25:24.456+0000] {logging_mixin.py:190} INFO - [2024-09-30T14:25:24.456+0000] {dag.py:4180} INFO - Setting next_dagrun for example_bash_decorator to None, run_after=None
[2024-09-30T14:25:24.469+0000] {processor.py:208} INFO - Processing /home/airflow/.local/lib/python3.12/site-packages/airflow/example_dags/example_bash_decorator.py took 0.051 seconds
[2024-09-30T14:25:55.083+0000] {processor.py:186} INFO - Started process (PID=810) to work on /home/airflow/.local/lib/python3.12/site-packages/airflow/example_dags/example_bash_decorator.py
[2024-09-30T14:25:55.084+0000] {processor.py:914} INFO - Processing file /home/airflow/.local/lib/python3.12/site-packages/airflow/example_dags/example_bash_decorator.py for tasks to queue
[2024-09-30T14:25:55.085+0000] {logging_mixin.py:190} INFO - [2024-09-30T14:25:55.085+0000] {dagbag.py:588} INFO - Filling up the DagBag from /home/airflow/.local/lib/python3.12/site-packages/airflow/example_dags/example_bash_decorator.py
[2024-09-30T14:25:55.094+0000] {processor.py:925} INFO - DAG(s) 'example_bash_decorator' retrieved from /home/airflow/.local/lib/python3.12/site-packages/airflow/example_dags/example_bash_decorator.py
[2024-09-30T14:25:55.108+0000] {logging_mixin.py:190} INFO - [2024-09-30T14:25:55.108+0000] {dag.py:3239} INFO - Sync 1 DAGs
[2024-09-30T14:25:55.116+0000] {logging_mixin.py:190} INFO - [2024-09-30T14:25:55.116+0000] {dag.py:4180} INFO - Setting next_dagrun for example_bash_decorator to None, run_after=None
[2024-09-30T14:25:55.128+0000] {processor.py:208} INFO - Processing /home/airflow/.local/lib/python3.12/site-packages/airflow/example_dags/example_bash_decorator.py took 0.049 seconds
[2024-09-30T14:26:25.880+0000] {processor.py:186} INFO - Started process (PID=873) to work on /home/airflow/.local/lib/python3.12/site-packages/airflow/example_dags/example_bash_decorator.py
[2024-09-30T14:26:25.881+0000] {processor.py:914} INFO - Processing file /home/airflow/.local/lib/python3.12/site-packages/airflow/example_dags/example_bash_decorator.py for tasks to queue
[2024-09-30T14:26:25.883+0000] {logging_mixin.py:190} INFO - [2024-09-30T14:26:25.882+0000] {dagbag.py:588} INFO - Filling up the DagBag from /home/airflow/.local/lib/python3.12/site-packages/airflow/example_dags/example_bash_decorator.py
[2024-09-30T14:26:25.893+0000] {processor.py:925} INFO - DAG(s) 'example_bash_decorator' retrieved from /home/airflow/.local/lib/python3.12/site-packages/airflow/example_dags/example_bash_decorator.py
[2024-09-30T14:26:25.909+0000] {logging_mixin.py:190} INFO - [2024-09-30T14:26:25.909+0000] {dag.py:3239} INFO - Sync 1 DAGs
[2024-09-30T14:26:25.919+0000] {logging_mixin.py:190} INFO - [2024-09-30T14:26:25.919+0000] {dag.py:4180} INFO - Setting next_dagrun for example_bash_decorator to None, run_after=None
[2024-09-30T14:26:25.933+0000] {processor.py:208} INFO - Processing /home/airflow/.local/lib/python3.12/site-packages/airflow/example_dags/example_bash_decorator.py took 0.057 seconds
[2024-09-30T14:26:56.867+0000] {processor.py:186} INFO - Started process (PID=936) to work on /home/airflow/.local/lib/python3.12/site-packages/airflow/example_dags/example_bash_decorator.py
[2024-09-30T14:26:56.867+0000] {processor.py:914} INFO - Processing file /home/airflow/.local/lib/python3.12/site-packages/airflow/example_dags/example_bash_decorator.py for tasks to queue
[2024-09-30T14:26:56.869+0000] {logging_mixin.py:190} INFO - [2024-09-30T14:26:56.869+0000] {dagbag.py:588} INFO - Filling up the DagBag from /home/airflow/.local/lib/python3.12/site-packages/airflow/example_dags/example_bash_decorator.py
[2024-09-30T14:26:56.878+0000] {processor.py:925} INFO - DAG(s) 'example_bash_decorator' retrieved from /home/airflow/.local/lib/python3.12/site-packages/airflow/example_dags/example_bash_decorator.py
[2024-09-30T14:26:56.893+0000] {logging_mixin.py:190} INFO - [2024-09-30T14:26:56.893+0000] {dag.py:3239} INFO - Sync 1 DAGs
[2024-09-30T14:26:56.902+0000] {logging_mixin.py:190} INFO - [2024-09-30T14:26:56.902+0000] {dag.py:4180} INFO - Setting next_dagrun for example_bash_decorator to None, run_after=None
[2024-09-30T14:26:56.913+0000] {processor.py:208} INFO - Processing /home/airflow/.local/lib/python3.12/site-packages/airflow/example_dags/example_bash_decorator.py took 0.050 seconds
[2024-09-30T14:27:27.333+0000] {processor.py:186} INFO - Started process (PID=999) to work on /home/airflow/.local/lib/python3.12/site-packages/airflow/example_dags/example_bash_decorator.py
[2024-09-30T14:27:27.334+0000] {processor.py:914} INFO - Processing file /home/airflow/.local/lib/python3.12/site-packages/airflow/example_dags/example_bash_decorator.py for tasks to queue
[2024-09-30T14:27:27.336+0000] {logging_mixin.py:190} INFO - [2024-09-30T14:27:27.335+0000] {dagbag.py:588} INFO - Filling up the DagBag from /home/airflow/.local/lib/python3.12/site-packages/airflow/example_dags/example_bash_decorator.py
[2024-09-30T14:27:27.345+0000] {processor.py:925} INFO - DAG(s) 'example_bash_decorator' retrieved from /home/airflow/.local/lib/python3.12/site-packages/airflow/example_dags/example_bash_decorator.py
[2024-09-30T14:27:27.359+0000] {logging_mixin.py:190} INFO - [2024-09-30T14:27:27.359+0000] {dag.py:3239} INFO - Sync 1 DAGs
[2024-09-30T14:27:27.368+0000] {logging_mixin.py:190} INFO - [2024-09-30T14:27:27.368+0000] {dag.py:4180} INFO - Setting next_dagrun for example_bash_decorator to None, run_after=None
[2024-09-30T14:27:27.380+0000] {processor.py:208} INFO - Processing /home/airflow/.local/lib/python3.12/site-packages/airflow/example_dags/example_bash_decorator.py took 0.051 seconds
[2024-09-30T14:27:58.019+0000] {processor.py:186} INFO - Started process (PID=1062) to work on /home/airflow/.local/lib/python3.12/site-packages/airflow/example_dags/example_bash_decorator.py
[2024-09-30T14:27:58.020+0000] {processor.py:914} INFO - Processing file /home/airflow/.local/lib/python3.12/site-packages/airflow/example_dags/example_bash_decorator.py for tasks to queue
[2024-09-30T14:27:58.021+0000] {logging_mixin.py:190} INFO - [2024-09-30T14:27:58.021+0000] {dagbag.py:588} INFO - Filling up the DagBag from /home/airflow/.local/lib/python3.12/site-packages/airflow/example_dags/example_bash_decorator.py
[2024-09-30T14:27:58.030+0000] {processor.py:925} INFO - DAG(s) 'example_bash_decorator' retrieved from /home/airflow/.local/lib/python3.12/site-packages/airflow/example_dags/example_bash_decorator.py
[2024-09-30T14:27:58.044+0000] {logging_mixin.py:190} INFO - [2024-09-30T14:27:58.044+0000] {dag.py:3239} INFO - Sync 1 DAGs
[2024-09-30T14:27:58.053+0000] {logging_mixin.py:190} INFO - [2024-09-30T14:27:58.052+0000] {dag.py:4180} INFO - Setting next_dagrun for example_bash_decorator to None, run_after=None
[2024-09-30T14:27:58.064+0000] {processor.py:208} INFO - Processing /home/airflow/.local/lib/python3.12/site-packages/airflow/example_dags/example_bash_decorator.py took 0.049 seconds
[2024-09-30T14:28:28.651+0000] {processor.py:186} INFO - Started process (PID=1125) to work on /home/airflow/.local/lib/python3.12/site-packages/airflow/example_dags/example_bash_decorator.py
[2024-09-30T14:28:28.652+0000] {processor.py:914} INFO - Processing file /home/airflow/.local/lib/python3.12/site-packages/airflow/example_dags/example_bash_decorator.py for tasks to queue
[2024-09-30T14:28:28.653+0000] {logging_mixin.py:190} INFO - [2024-09-30T14:28:28.653+0000] {dagbag.py:588} INFO - Filling up the DagBag from /home/airflow/.local/lib/python3.12/site-packages/airflow/example_dags/example_bash_decorator.py
[2024-09-30T14:28:28.662+0000] {processor.py:925} INFO - DAG(s) 'example_bash_decorator' retrieved from /home/airflow/.local/lib/python3.12/site-packages/airflow/example_dags/example_bash_decorator.py
[2024-09-30T14:28:28.675+0000] {logging_mixin.py:190} INFO - [2024-09-30T14:28:28.675+0000] {dag.py:3239} INFO - Sync 1 DAGs
[2024-09-30T14:28:28.684+0000] {logging_mixin.py:190} INFO - [2024-09-30T14:28:28.684+0000] {dag.py:4180} INFO - Setting next_dagrun for example_bash_decorator to None, run_after=None
[2024-09-30T14:28:28.695+0000] {processor.py:208} INFO - Processing /home/airflow/.local/lib/python3.12/site-packages/airflow/example_dags/example_bash_decorator.py took 0.048 seconds
[2024-09-30T14:28:59.445+0000] {processor.py:186} INFO - Started process (PID=1189) to work on /home/airflow/.local/lib/python3.12/site-packages/airflow/example_dags/example_bash_decorator.py
[2024-09-30T14:28:59.446+0000] {processor.py:914} INFO - Processing file /home/airflow/.local/lib/python3.12/site-packages/airflow/example_dags/example_bash_decorator.py for tasks to queue
[2024-09-30T14:28:59.447+0000] {logging_mixin.py:190} INFO - [2024-09-30T14:28:59.447+0000] {dagbag.py:588} INFO - Filling up the DagBag from /home/airflow/.local/lib/python3.12/site-packages/airflow/example_dags/example_bash_decorator.py
[2024-09-30T14:28:59.463+0000] {processor.py:925} INFO - DAG(s) 'example_bash_decorator' retrieved from /home/airflow/.local/lib/python3.12/site-packages/airflow/example_dags/example_bash_decorator.py
[2024-09-30T14:28:59.481+0000] {logging_mixin.py:190} INFO - [2024-09-30T14:28:59.480+0000] {dag.py:3239} INFO - Sync 1 DAGs
[2024-09-30T14:28:59.491+0000] {logging_mixin.py:190} INFO - [2024-09-30T14:28:59.491+0000] {dag.py:4180} INFO - Setting next_dagrun for example_bash_decorator to None, run_after=None
[2024-09-30T14:28:59.503+0000] {processor.py:208} INFO - Processing /home/airflow/.local/lib/python3.12/site-packages/airflow/example_dags/example_bash_decorator.py took 0.062 seconds
[2024-09-30T14:29:30.043+0000] {processor.py:186} INFO - Started process (PID=1252) to work on /home/airflow/.local/lib/python3.12/site-packages/airflow/example_dags/example_bash_decorator.py
[2024-09-30T14:29:30.043+0000] {processor.py:914} INFO - Processing file /home/airflow/.local/lib/python3.12/site-packages/airflow/example_dags/example_bash_decorator.py for tasks to queue
[2024-09-30T14:29:30.045+0000] {logging_mixin.py:190} INFO - [2024-09-30T14:29:30.044+0000] {dagbag.py:588} INFO - Filling up the DagBag from /home/airflow/.local/lib/python3.12/site-packages/airflow/example_dags/example_bash_decorator.py
[2024-09-30T14:29:30.054+0000] {processor.py:925} INFO - DAG(s) 'example_bash_decorator' retrieved from /home/airflow/.local/lib/python3.12/site-packages/airflow/example_dags/example_bash_decorator.py
[2024-09-30T14:29:30.067+0000] {logging_mixin.py:190} INFO - [2024-09-30T14:29:30.067+0000] {dag.py:3239} INFO - Sync 1 DAGs
[2024-09-30T14:29:30.076+0000] {logging_mixin.py:190} INFO - [2024-09-30T14:29:30.076+0000] {dag.py:4180} INFO - Setting next_dagrun for example_bash_decorator to None, run_after=None
[2024-09-30T14:29:30.088+0000] {processor.py:208} INFO - Processing /home/airflow/.local/lib/python3.12/site-packages/airflow/example_dags/example_bash_decorator.py took 0.049 seconds
[2024-09-30T14:29:52.475+0000] {processor.py:186} INFO - Started process (PID=48) to work on /home/airflow/.local/lib/python3.12/site-packages/airflow/example_dags/example_bash_decorator.py
[2024-09-30T14:29:52.476+0000] {processor.py:914} INFO - Processing file /home/airflow/.local/lib/python3.12/site-packages/airflow/example_dags/example_bash_decorator.py for tasks to queue
[2024-09-30T14:29:52.477+0000] {logging_mixin.py:190} INFO - [2024-09-30T14:29:52.477+0000] {dagbag.py:588} INFO - Filling up the DagBag from /home/airflow/.local/lib/python3.12/site-packages/airflow/example_dags/example_bash_decorator.py
[2024-09-30T14:29:52.487+0000] {processor.py:925} INFO - DAG(s) 'example_bash_decorator' retrieved from /home/airflow/.local/lib/python3.12/site-packages/airflow/example_dags/example_bash_decorator.py
[2024-09-30T14:29:52.575+0000] {logging_mixin.py:190} INFO - [2024-09-30T14:29:52.574+0000] {dag.py:3239} INFO - Sync 1 DAGs
[2024-09-30T14:29:52.584+0000] {logging_mixin.py:190} INFO - [2024-09-30T14:29:52.584+0000] {dag.py:4180} INFO - Setting next_dagrun for example_bash_decorator to None, run_after=None
[2024-09-30T14:29:52.599+0000] {processor.py:208} INFO - Processing /home/airflow/.local/lib/python3.12/site-packages/airflow/example_dags/example_bash_decorator.py took 0.127 seconds
[2024-09-30T14:30:23.366+0000] {processor.py:186} INFO - Started process (PID=111) to work on /home/airflow/.local/lib/python3.12/site-packages/airflow/example_dags/example_bash_decorator.py
[2024-09-30T14:30:23.367+0000] {processor.py:914} INFO - Processing file /home/airflow/.local/lib/python3.12/site-packages/airflow/example_dags/example_bash_decorator.py for tasks to queue
[2024-09-30T14:30:23.368+0000] {logging_mixin.py:190} INFO - [2024-09-30T14:30:23.368+0000] {dagbag.py:588} INFO - Filling up the DagBag from /home/airflow/.local/lib/python3.12/site-packages/airflow/example_dags/example_bash_decorator.py
[2024-09-30T14:30:23.377+0000] {processor.py:925} INFO - DAG(s) 'example_bash_decorator' retrieved from /home/airflow/.local/lib/python3.12/site-packages/airflow/example_dags/example_bash_decorator.py
[2024-09-30T14:30:23.392+0000] {logging_mixin.py:190} INFO - [2024-09-30T14:30:23.392+0000] {dag.py:3239} INFO - Sync 1 DAGs
[2024-09-30T14:30:23.401+0000] {logging_mixin.py:190} INFO - [2024-09-30T14:30:23.401+0000] {dag.py:4180} INFO - Setting next_dagrun for example_bash_decorator to None, run_after=None
[2024-09-30T14:30:23.414+0000] {processor.py:208} INFO - Processing /home/airflow/.local/lib/python3.12/site-packages/airflow/example_dags/example_bash_decorator.py took 0.051 seconds
[2024-09-30T14:30:54.181+0000] {processor.py:186} INFO - Started process (PID=174) to work on /home/airflow/.local/lib/python3.12/site-packages/airflow/example_dags/example_bash_decorator.py
[2024-09-30T14:30:54.182+0000] {processor.py:914} INFO - Processing file /home/airflow/.local/lib/python3.12/site-packages/airflow/example_dags/example_bash_decorator.py for tasks to queue
[2024-09-30T14:30:54.183+0000] {logging_mixin.py:190} INFO - [2024-09-30T14:30:54.183+0000] {dagbag.py:588} INFO - Filling up the DagBag from /home/airflow/.local/lib/python3.12/site-packages/airflow/example_dags/example_bash_decorator.py
[2024-09-30T14:30:54.192+0000] {processor.py:925} INFO - DAG(s) 'example_bash_decorator' retrieved from /home/airflow/.local/lib/python3.12/site-packages/airflow/example_dags/example_bash_decorator.py
[2024-09-30T14:30:54.206+0000] {logging_mixin.py:190} INFO - [2024-09-30T14:30:54.206+0000] {dag.py:3239} INFO - Sync 1 DAGs
[2024-09-30T14:30:54.216+0000] {logging_mixin.py:190} INFO - [2024-09-30T14:30:54.216+0000] {dag.py:4180} INFO - Setting next_dagrun for example_bash_decorator to None, run_after=None
[2024-09-30T14:30:54.228+0000] {processor.py:208} INFO - Processing /home/airflow/.local/lib/python3.12/site-packages/airflow/example_dags/example_bash_decorator.py took 0.050 seconds
[2024-09-30T14:31:24.985+0000] {processor.py:186} INFO - Started process (PID=243) to work on /home/airflow/.local/lib/python3.12/site-packages/airflow/example_dags/example_bash_decorator.py
[2024-09-30T14:31:24.985+0000] {processor.py:914} INFO - Processing file /home/airflow/.local/lib/python3.12/site-packages/airflow/example_dags/example_bash_decorator.py for tasks to queue
[2024-09-30T14:31:24.987+0000] {logging_mixin.py:190} INFO - [2024-09-30T14:31:24.986+0000] {dagbag.py:588} INFO - Filling up the DagBag from /home/airflow/.local/lib/python3.12/site-packages/airflow/example_dags/example_bash_decorator.py
[2024-09-30T14:31:24.996+0000] {processor.py:925} INFO - DAG(s) 'example_bash_decorator' retrieved from /home/airflow/.local/lib/python3.12/site-packages/airflow/example_dags/example_bash_decorator.py
[2024-09-30T14:31:25.010+0000] {logging_mixin.py:190} INFO - [2024-09-30T14:31:25.010+0000] {dag.py:3239} INFO - Sync 1 DAGs
[2024-09-30T14:31:25.019+0000] {logging_mixin.py:190} INFO - [2024-09-30T14:31:25.018+0000] {dag.py:4180} INFO - Setting next_dagrun for example_bash_decorator to None, run_after=None
[2024-09-30T14:31:25.031+0000] {processor.py:208} INFO - Processing /home/airflow/.local/lib/python3.12/site-packages/airflow/example_dags/example_bash_decorator.py took 0.049 seconds
[2024-09-30T14:31:55.632+0000] {processor.py:186} INFO - Started process (PID=306) to work on /home/airflow/.local/lib/python3.12/site-packages/airflow/example_dags/example_bash_decorator.py
[2024-09-30T14:31:55.632+0000] {processor.py:914} INFO - Processing file /home/airflow/.local/lib/python3.12/site-packages/airflow/example_dags/example_bash_decorator.py for tasks to queue
[2024-09-30T14:31:55.633+0000] {logging_mixin.py:190} INFO - [2024-09-30T14:31:55.633+0000] {dagbag.py:588} INFO - Filling up the DagBag from /home/airflow/.local/lib/python3.12/site-packages/airflow/example_dags/example_bash_decorator.py
[2024-09-30T14:31:55.642+0000] {processor.py:925} INFO - DAG(s) 'example_bash_decorator' retrieved from /home/airflow/.local/lib/python3.12/site-packages/airflow/example_dags/example_bash_decorator.py
[2024-09-30T14:31:55.657+0000] {logging_mixin.py:190} INFO - [2024-09-30T14:31:55.656+0000] {dag.py:3239} INFO - Sync 1 DAGs
[2024-09-30T14:31:55.666+0000] {logging_mixin.py:190} INFO - [2024-09-30T14:31:55.666+0000] {dag.py:4180} INFO - Setting next_dagrun for example_bash_decorator to None, run_after=None
[2024-09-30T14:31:55.678+0000] {processor.py:208} INFO - Processing /home/airflow/.local/lib/python3.12/site-packages/airflow/example_dags/example_bash_decorator.py took 0.049 seconds
[2024-09-30T14:32:26.389+0000] {processor.py:186} INFO - Started process (PID=369) to work on /home/airflow/.local/lib/python3.12/site-packages/airflow/example_dags/example_bash_decorator.py
[2024-09-30T14:32:26.390+0000] {processor.py:914} INFO - Processing file /home/airflow/.local/lib/python3.12/site-packages/airflow/example_dags/example_bash_decorator.py for tasks to queue
[2024-09-30T14:32:26.391+0000] {logging_mixin.py:190} INFO - [2024-09-30T14:32:26.391+0000] {dagbag.py:588} INFO - Filling up the DagBag from /home/airflow/.local/lib/python3.12/site-packages/airflow/example_dags/example_bash_decorator.py
[2024-09-30T14:32:26.400+0000] {processor.py:925} INFO - DAG(s) 'example_bash_decorator' retrieved from /home/airflow/.local/lib/python3.12/site-packages/airflow/example_dags/example_bash_decorator.py
[2024-09-30T14:32:26.414+0000] {logging_mixin.py:190} INFO - [2024-09-30T14:32:26.414+0000] {dag.py:3239} INFO - Sync 1 DAGs
[2024-09-30T14:32:26.424+0000] {logging_mixin.py:190} INFO - [2024-09-30T14:32:26.424+0000] {dag.py:4180} INFO - Setting next_dagrun for example_bash_decorator to None, run_after=None
[2024-09-30T14:32:26.435+0000] {processor.py:208} INFO - Processing /home/airflow/.local/lib/python3.12/site-packages/airflow/example_dags/example_bash_decorator.py took 0.050 seconds
[2024-09-30T14:32:57.081+0000] {processor.py:186} INFO - Started process (PID=432) to work on /home/airflow/.local/lib/python3.12/site-packages/airflow/example_dags/example_bash_decorator.py
[2024-09-30T14:32:57.082+0000] {processor.py:914} INFO - Processing file /home/airflow/.local/lib/python3.12/site-packages/airflow/example_dags/example_bash_decorator.py for tasks to queue
[2024-09-30T14:32:57.083+0000] {logging_mixin.py:190} INFO - [2024-09-30T14:32:57.083+0000] {dagbag.py:588} INFO - Filling up the DagBag from /home/airflow/.local/lib/python3.12/site-packages/airflow/example_dags/example_bash_decorator.py
[2024-09-30T14:32:57.092+0000] {processor.py:925} INFO - DAG(s) 'example_bash_decorator' retrieved from /home/airflow/.local/lib/python3.12/site-packages/airflow/example_dags/example_bash_decorator.py
[2024-09-30T14:32:57.106+0000] {logging_mixin.py:190} INFO - [2024-09-30T14:32:57.106+0000] {dag.py:3239} INFO - Sync 1 DAGs
[2024-09-30T14:32:57.115+0000] {logging_mixin.py:190} INFO - [2024-09-30T14:32:57.115+0000] {dag.py:4180} INFO - Setting next_dagrun for example_bash_decorator to None, run_after=None
[2024-09-30T14:32:57.127+0000] {processor.py:208} INFO - Processing /home/airflow/.local/lib/python3.12/site-packages/airflow/example_dags/example_bash_decorator.py took 0.050 seconds
[2024-09-30T14:33:27.869+0000] {processor.py:186} INFO - Started process (PID=495) to work on /home/airflow/.local/lib/python3.12/site-packages/airflow/example_dags/example_bash_decorator.py
[2024-09-30T14:33:27.870+0000] {processor.py:914} INFO - Processing file /home/airflow/.local/lib/python3.12/site-packages/airflow/example_dags/example_bash_decorator.py for tasks to queue
[2024-09-30T14:33:27.871+0000] {logging_mixin.py:190} INFO - [2024-09-30T14:33:27.871+0000] {dagbag.py:588} INFO - Filling up the DagBag from /home/airflow/.local/lib/python3.12/site-packages/airflow/example_dags/example_bash_decorator.py
[2024-09-30T14:33:27.880+0000] {processor.py:925} INFO - DAG(s) 'example_bash_decorator' retrieved from /home/airflow/.local/lib/python3.12/site-packages/airflow/example_dags/example_bash_decorator.py
[2024-09-30T14:33:27.894+0000] {logging_mixin.py:190} INFO - [2024-09-30T14:33:27.894+0000] {dag.py:3239} INFO - Sync 1 DAGs
[2024-09-30T14:33:27.903+0000] {logging_mixin.py:190} INFO - [2024-09-30T14:33:27.903+0000] {dag.py:4180} INFO - Setting next_dagrun for example_bash_decorator to None, run_after=None
[2024-09-30T14:33:27.915+0000] {processor.py:208} INFO - Processing /home/airflow/.local/lib/python3.12/site-packages/airflow/example_dags/example_bash_decorator.py took 0.049 seconds
[2024-09-30T14:33:58.860+0000] {processor.py:186} INFO - Started process (PID=558) to work on /home/airflow/.local/lib/python3.12/site-packages/airflow/example_dags/example_bash_decorator.py
[2024-09-30T14:33:58.861+0000] {processor.py:914} INFO - Processing file /home/airflow/.local/lib/python3.12/site-packages/airflow/example_dags/example_bash_decorator.py for tasks to queue
[2024-09-30T14:33:58.862+0000] {logging_mixin.py:190} INFO - [2024-09-30T14:33:58.862+0000] {dagbag.py:588} INFO - Filling up the DagBag from /home/airflow/.local/lib/python3.12/site-packages/airflow/example_dags/example_bash_decorator.py
[2024-09-30T14:33:58.871+0000] {processor.py:925} INFO - DAG(s) 'example_bash_decorator' retrieved from /home/airflow/.local/lib/python3.12/site-packages/airflow/example_dags/example_bash_decorator.py
[2024-09-30T14:33:58.885+0000] {logging_mixin.py:190} INFO - [2024-09-30T14:33:58.885+0000] {dag.py:3239} INFO - Sync 1 DAGs
[2024-09-30T14:33:58.894+0000] {logging_mixin.py:190} INFO - [2024-09-30T14:33:58.894+0000] {dag.py:4180} INFO - Setting next_dagrun for example_bash_decorator to None, run_after=None
[2024-09-30T14:33:58.906+0000] {processor.py:208} INFO - Processing /home/airflow/.local/lib/python3.12/site-packages/airflow/example_dags/example_bash_decorator.py took 0.049 seconds
[2024-09-30T14:34:29.927+0000] {processor.py:186} INFO - Started process (PID=621) to work on /home/airflow/.local/lib/python3.12/site-packages/airflow/example_dags/example_bash_decorator.py
[2024-09-30T14:34:29.928+0000] {processor.py:914} INFO - Processing file /home/airflow/.local/lib/python3.12/site-packages/airflow/example_dags/example_bash_decorator.py for tasks to queue
[2024-09-30T14:34:29.929+0000] {logging_mixin.py:190} INFO - [2024-09-30T14:34:29.929+0000] {dagbag.py:588} INFO - Filling up the DagBag from /home/airflow/.local/lib/python3.12/site-packages/airflow/example_dags/example_bash_decorator.py
[2024-09-30T14:34:29.939+0000] {processor.py:925} INFO - DAG(s) 'example_bash_decorator' retrieved from /home/airflow/.local/lib/python3.12/site-packages/airflow/example_dags/example_bash_decorator.py
[2024-09-30T14:34:29.955+0000] {logging_mixin.py:190} INFO - [2024-09-30T14:34:29.955+0000] {dag.py:3239} INFO - Sync 1 DAGs
[2024-09-30T14:34:29.965+0000] {logging_mixin.py:190} INFO - [2024-09-30T14:34:29.965+0000] {dag.py:4180} INFO - Setting next_dagrun for example_bash_decorator to None, run_after=None
[2024-09-30T14:34:29.977+0000] {processor.py:208} INFO - Processing /home/airflow/.local/lib/python3.12/site-packages/airflow/example_dags/example_bash_decorator.py took 0.055 seconds
[2024-09-30T14:35:00.320+0000] {processor.py:186} INFO - Started process (PID=684) to work on /home/airflow/.local/lib/python3.12/site-packages/airflow/example_dags/example_bash_decorator.py
[2024-09-30T14:35:00.320+0000] {processor.py:914} INFO - Processing file /home/airflow/.local/lib/python3.12/site-packages/airflow/example_dags/example_bash_decorator.py for tasks to queue
[2024-09-30T14:35:00.322+0000] {logging_mixin.py:190} INFO - [2024-09-30T14:35:00.322+0000] {dagbag.py:588} INFO - Filling up the DagBag from /home/airflow/.local/lib/python3.12/site-packages/airflow/example_dags/example_bash_decorator.py
[2024-09-30T14:35:00.331+0000] {processor.py:925} INFO - DAG(s) 'example_bash_decorator' retrieved from /home/airflow/.local/lib/python3.12/site-packages/airflow/example_dags/example_bash_decorator.py
[2024-09-30T14:35:00.346+0000] {logging_mixin.py:190} INFO - [2024-09-30T14:35:00.346+0000] {dag.py:3239} INFO - Sync 1 DAGs
[2024-09-30T14:35:00.355+0000] {logging_mixin.py:190} INFO - [2024-09-30T14:35:00.355+0000] {dag.py:4180} INFO - Setting next_dagrun for example_bash_decorator to None, run_after=None
[2024-09-30T14:35:00.367+0000] {processor.py:208} INFO - Processing /home/airflow/.local/lib/python3.12/site-packages/airflow/example_dags/example_bash_decorator.py took 0.051 seconds
[2024-09-30T14:35:30.921+0000] {processor.py:186} INFO - Started process (PID=747) to work on /home/airflow/.local/lib/python3.12/site-packages/airflow/example_dags/example_bash_decorator.py
[2024-09-30T14:35:30.922+0000] {processor.py:914} INFO - Processing file /home/airflow/.local/lib/python3.12/site-packages/airflow/example_dags/example_bash_decorator.py for tasks to queue
[2024-09-30T14:35:30.923+0000] {logging_mixin.py:190} INFO - [2024-09-30T14:35:30.923+0000] {dagbag.py:588} INFO - Filling up the DagBag from /home/airflow/.local/lib/python3.12/site-packages/airflow/example_dags/example_bash_decorator.py
[2024-09-30T14:35:30.934+0000] {processor.py:925} INFO - DAG(s) 'example_bash_decorator' retrieved from /home/airflow/.local/lib/python3.12/site-packages/airflow/example_dags/example_bash_decorator.py
[2024-09-30T14:35:30.949+0000] {logging_mixin.py:190} INFO - [2024-09-30T14:35:30.949+0000] {dag.py:3239} INFO - Sync 1 DAGs
[2024-09-30T14:35:30.959+0000] {logging_mixin.py:190} INFO - [2024-09-30T14:35:30.959+0000] {dag.py:4180} INFO - Setting next_dagrun for example_bash_decorator to None, run_after=None
[2024-09-30T14:35:30.972+0000] {processor.py:208} INFO - Processing /home/airflow/.local/lib/python3.12/site-packages/airflow/example_dags/example_bash_decorator.py took 0.054 seconds
[2024-09-30T14:36:01.625+0000] {processor.py:186} INFO - Started process (PID=810) to work on /home/airflow/.local/lib/python3.12/site-packages/airflow/example_dags/example_bash_decorator.py
[2024-09-30T14:36:01.626+0000] {processor.py:914} INFO - Processing file /home/airflow/.local/lib/python3.12/site-packages/airflow/example_dags/example_bash_decorator.py for tasks to queue
[2024-09-30T14:36:01.627+0000] {logging_mixin.py:190} INFO - [2024-09-30T14:36:01.627+0000] {dagbag.py:588} INFO - Filling up the DagBag from /home/airflow/.local/lib/python3.12/site-packages/airflow/example_dags/example_bash_decorator.py
[2024-09-30T14:36:01.636+0000] {processor.py:925} INFO - DAG(s) 'example_bash_decorator' retrieved from /home/airflow/.local/lib/python3.12/site-packages/airflow/example_dags/example_bash_decorator.py
[2024-09-30T14:36:01.650+0000] {logging_mixin.py:190} INFO - [2024-09-30T14:36:01.650+0000] {dag.py:3239} INFO - Sync 1 DAGs
[2024-09-30T14:36:01.660+0000] {logging_mixin.py:190} INFO - [2024-09-30T14:36:01.660+0000] {dag.py:4180} INFO - Setting next_dagrun for example_bash_decorator to None, run_after=None
[2024-09-30T14:36:01.671+0000] {processor.py:208} INFO - Processing /home/airflow/.local/lib/python3.12/site-packages/airflow/example_dags/example_bash_decorator.py took 0.049 seconds
[2024-09-30T14:36:40.478+0000] {processor.py:186} INFO - Started process (PID=48) to work on /home/airflow/.local/lib/python3.12/site-packages/airflow/example_dags/example_bash_decorator.py
[2024-09-30T14:36:40.479+0000] {processor.py:914} INFO - Processing file /home/airflow/.local/lib/python3.12/site-packages/airflow/example_dags/example_bash_decorator.py for tasks to queue
[2024-09-30T14:36:40.480+0000] {logging_mixin.py:190} INFO - [2024-09-30T14:36:40.480+0000] {dagbag.py:588} INFO - Filling up the DagBag from /home/airflow/.local/lib/python3.12/site-packages/airflow/example_dags/example_bash_decorator.py
[2024-09-30T14:36:40.492+0000] {processor.py:925} INFO - DAG(s) 'example_bash_decorator' retrieved from /home/airflow/.local/lib/python3.12/site-packages/airflow/example_dags/example_bash_decorator.py
[2024-09-30T14:36:40.578+0000] {logging_mixin.py:190} INFO - [2024-09-30T14:36:40.577+0000] {dag.py:3239} INFO - Sync 1 DAGs
[2024-09-30T14:36:40.586+0000] {logging_mixin.py:190} INFO - [2024-09-30T14:36:40.586+0000] {dag.py:4180} INFO - Setting next_dagrun for example_bash_decorator to None, run_after=None
[2024-09-30T14:36:40.597+0000] {processor.py:208} INFO - Processing /home/airflow/.local/lib/python3.12/site-packages/airflow/example_dags/example_bash_decorator.py took 0.125 seconds
[2024-09-30T14:37:11.421+0000] {processor.py:186} INFO - Started process (PID=111) to work on /home/airflow/.local/lib/python3.12/site-packages/airflow/example_dags/example_bash_decorator.py
[2024-09-30T14:37:11.422+0000] {processor.py:914} INFO - Processing file /home/airflow/.local/lib/python3.12/site-packages/airflow/example_dags/example_bash_decorator.py for tasks to queue
[2024-09-30T14:37:11.423+0000] {logging_mixin.py:190} INFO - [2024-09-30T14:37:11.423+0000] {dagbag.py:588} INFO - Filling up the DagBag from /home/airflow/.local/lib/python3.12/site-packages/airflow/example_dags/example_bash_decorator.py
[2024-09-30T14:37:11.432+0000] {processor.py:925} INFO - DAG(s) 'example_bash_decorator' retrieved from /home/airflow/.local/lib/python3.12/site-packages/airflow/example_dags/example_bash_decorator.py
[2024-09-30T14:37:11.447+0000] {logging_mixin.py:190} INFO - [2024-09-30T14:37:11.447+0000] {dag.py:3239} INFO - Sync 1 DAGs
[2024-09-30T14:37:11.457+0000] {logging_mixin.py:190} INFO - [2024-09-30T14:37:11.457+0000] {dag.py:4180} INFO - Setting next_dagrun for example_bash_decorator to None, run_after=None
[2024-09-30T14:37:11.469+0000] {processor.py:208} INFO - Processing /home/airflow/.local/lib/python3.12/site-packages/airflow/example_dags/example_bash_decorator.py took 0.051 seconds
[2024-09-30T14:37:42.173+0000] {processor.py:186} INFO - Started process (PID=180) to work on /home/airflow/.local/lib/python3.12/site-packages/airflow/example_dags/example_bash_decorator.py
[2024-09-30T14:37:42.173+0000] {processor.py:914} INFO - Processing file /home/airflow/.local/lib/python3.12/site-packages/airflow/example_dags/example_bash_decorator.py for tasks to queue
[2024-09-30T14:37:42.175+0000] {logging_mixin.py:190} INFO - [2024-09-30T14:37:42.174+0000] {dagbag.py:588} INFO - Filling up the DagBag from /home/airflow/.local/lib/python3.12/site-packages/airflow/example_dags/example_bash_decorator.py
[2024-09-30T14:37:42.184+0000] {processor.py:925} INFO - DAG(s) 'example_bash_decorator' retrieved from /home/airflow/.local/lib/python3.12/site-packages/airflow/example_dags/example_bash_decorator.py
[2024-09-30T14:37:42.200+0000] {logging_mixin.py:190} INFO - [2024-09-30T14:37:42.200+0000] {dag.py:3239} INFO - Sync 1 DAGs
[2024-09-30T14:37:42.210+0000] {logging_mixin.py:190} INFO - [2024-09-30T14:37:42.210+0000] {dag.py:4180} INFO - Setting next_dagrun for example_bash_decorator to None, run_after=None
[2024-09-30T14:37:42.223+0000] {processor.py:208} INFO - Processing /home/airflow/.local/lib/python3.12/site-packages/airflow/example_dags/example_bash_decorator.py took 0.054 seconds
[2024-09-30T14:38:13.058+0000] {processor.py:186} INFO - Started process (PID=243) to work on /home/airflow/.local/lib/python3.12/site-packages/airflow/example_dags/example_bash_decorator.py
[2024-09-30T14:38:13.059+0000] {processor.py:914} INFO - Processing file /home/airflow/.local/lib/python3.12/site-packages/airflow/example_dags/example_bash_decorator.py for tasks to queue
[2024-09-30T14:38:13.060+0000] {logging_mixin.py:190} INFO - [2024-09-30T14:38:13.060+0000] {dagbag.py:588} INFO - Filling up the DagBag from /home/airflow/.local/lib/python3.12/site-packages/airflow/example_dags/example_bash_decorator.py
[2024-09-30T14:38:13.069+0000] {processor.py:925} INFO - DAG(s) 'example_bash_decorator' retrieved from /home/airflow/.local/lib/python3.12/site-packages/airflow/example_dags/example_bash_decorator.py
[2024-09-30T14:38:13.084+0000] {logging_mixin.py:190} INFO - [2024-09-30T14:38:13.083+0000] {dag.py:3239} INFO - Sync 1 DAGs
[2024-09-30T14:38:13.093+0000] {logging_mixin.py:190} INFO - [2024-09-30T14:38:13.093+0000] {dag.py:4180} INFO - Setting next_dagrun for example_bash_decorator to None, run_after=None
[2024-09-30T14:38:13.106+0000] {processor.py:208} INFO - Processing /home/airflow/.local/lib/python3.12/site-packages/airflow/example_dags/example_bash_decorator.py took 0.051 seconds
[2024-09-30T14:38:43.912+0000] {processor.py:186} INFO - Started process (PID=306) to work on /home/airflow/.local/lib/python3.12/site-packages/airflow/example_dags/example_bash_decorator.py
[2024-09-30T14:38:43.912+0000] {processor.py:914} INFO - Processing file /home/airflow/.local/lib/python3.12/site-packages/airflow/example_dags/example_bash_decorator.py for tasks to queue
[2024-09-30T14:38:43.913+0000] {logging_mixin.py:190} INFO - [2024-09-30T14:38:43.913+0000] {dagbag.py:588} INFO - Filling up the DagBag from /home/airflow/.local/lib/python3.12/site-packages/airflow/example_dags/example_bash_decorator.py
[2024-09-30T14:38:43.922+0000] {processor.py:925} INFO - DAG(s) 'example_bash_decorator' retrieved from /home/airflow/.local/lib/python3.12/site-packages/airflow/example_dags/example_bash_decorator.py
[2024-09-30T14:38:43.937+0000] {logging_mixin.py:190} INFO - [2024-09-30T14:38:43.936+0000] {dag.py:3239} INFO - Sync 1 DAGs
[2024-09-30T14:38:43.946+0000] {logging_mixin.py:190} INFO - [2024-09-30T14:38:43.945+0000] {dag.py:4180} INFO - Setting next_dagrun for example_bash_decorator to None, run_after=None
[2024-09-30T14:38:43.957+0000] {processor.py:208} INFO - Processing /home/airflow/.local/lib/python3.12/site-packages/airflow/example_dags/example_bash_decorator.py took 0.049 seconds
[2024-09-30T14:39:14.504+0000] {processor.py:186} INFO - Started process (PID=369) to work on /home/airflow/.local/lib/python3.12/site-packages/airflow/example_dags/example_bash_decorator.py
[2024-09-30T14:39:14.504+0000] {processor.py:914} INFO - Processing file /home/airflow/.local/lib/python3.12/site-packages/airflow/example_dags/example_bash_decorator.py for tasks to queue
[2024-09-30T14:39:14.506+0000] {logging_mixin.py:190} INFO - [2024-09-30T14:39:14.505+0000] {dagbag.py:588} INFO - Filling up the DagBag from /home/airflow/.local/lib/python3.12/site-packages/airflow/example_dags/example_bash_decorator.py
[2024-09-30T14:39:14.516+0000] {processor.py:925} INFO - DAG(s) 'example_bash_decorator' retrieved from /home/airflow/.local/lib/python3.12/site-packages/airflow/example_dags/example_bash_decorator.py
[2024-09-30T14:39:14.532+0000] {logging_mixin.py:190} INFO - [2024-09-30T14:39:14.532+0000] {dag.py:3239} INFO - Sync 1 DAGs
[2024-09-30T14:39:14.542+0000] {logging_mixin.py:190} INFO - [2024-09-30T14:39:14.542+0000] {dag.py:4180} INFO - Setting next_dagrun for example_bash_decorator to None, run_after=None
[2024-09-30T14:39:14.554+0000] {processor.py:208} INFO - Processing /home/airflow/.local/lib/python3.12/site-packages/airflow/example_dags/example_bash_decorator.py took 0.055 seconds
[2024-09-30T14:39:40.862+0000] {processor.py:186} INFO - Started process (PID=48) to work on /home/airflow/.local/lib/python3.12/site-packages/airflow/example_dags/example_bash_decorator.py
[2024-09-30T14:39:40.863+0000] {processor.py:914} INFO - Processing file /home/airflow/.local/lib/python3.12/site-packages/airflow/example_dags/example_bash_decorator.py for tasks to queue
[2024-09-30T14:39:40.864+0000] {logging_mixin.py:190} INFO - [2024-09-30T14:39:40.864+0000] {dagbag.py:588} INFO - Filling up the DagBag from /home/airflow/.local/lib/python3.12/site-packages/airflow/example_dags/example_bash_decorator.py
[2024-09-30T14:39:40.874+0000] {processor.py:925} INFO - DAG(s) 'example_bash_decorator' retrieved from /home/airflow/.local/lib/python3.12/site-packages/airflow/example_dags/example_bash_decorator.py
[2024-09-30T14:39:40.957+0000] {logging_mixin.py:190} INFO - [2024-09-30T14:39:40.957+0000] {dag.py:3239} INFO - Sync 1 DAGs
[2024-09-30T14:39:40.965+0000] {logging_mixin.py:190} INFO - [2024-09-30T14:39:40.965+0000] {dag.py:4180} INFO - Setting next_dagrun for example_bash_decorator to None, run_after=None
[2024-09-30T14:39:40.982+0000] {processor.py:208} INFO - Processing /home/airflow/.local/lib/python3.12/site-packages/airflow/example_dags/example_bash_decorator.py took 0.124 seconds
[2024-09-30T14:40:11.100+0000] {processor.py:186} INFO - Started process (PID=111) to work on /home/airflow/.local/lib/python3.12/site-packages/airflow/example_dags/example_bash_decorator.py
[2024-09-30T14:40:11.101+0000] {processor.py:914} INFO - Processing file /home/airflow/.local/lib/python3.12/site-packages/airflow/example_dags/example_bash_decorator.py for tasks to queue
[2024-09-30T14:40:11.102+0000] {logging_mixin.py:190} INFO - [2024-09-30T14:40:11.102+0000] {dagbag.py:588} INFO - Filling up the DagBag from /home/airflow/.local/lib/python3.12/site-packages/airflow/example_dags/example_bash_decorator.py
[2024-09-30T14:40:11.111+0000] {processor.py:925} INFO - DAG(s) 'example_bash_decorator' retrieved from /home/airflow/.local/lib/python3.12/site-packages/airflow/example_dags/example_bash_decorator.py
[2024-09-30T14:40:11.126+0000] {logging_mixin.py:190} INFO - [2024-09-30T14:40:11.126+0000] {dag.py:3239} INFO - Sync 1 DAGs
[2024-09-30T14:40:11.135+0000] {logging_mixin.py:190} INFO - [2024-09-30T14:40:11.135+0000] {dag.py:4180} INFO - Setting next_dagrun for example_bash_decorator to None, run_after=None
[2024-09-30T14:40:11.148+0000] {processor.py:208} INFO - Processing /home/airflow/.local/lib/python3.12/site-packages/airflow/example_dags/example_bash_decorator.py took 0.051 seconds
[2024-09-30T14:40:42.042+0000] {processor.py:186} INFO - Started process (PID=174) to work on /home/airflow/.local/lib/python3.12/site-packages/airflow/example_dags/example_bash_decorator.py
[2024-09-30T14:40:42.042+0000] {processor.py:914} INFO - Processing file /home/airflow/.local/lib/python3.12/site-packages/airflow/example_dags/example_bash_decorator.py for tasks to queue
[2024-09-30T14:40:42.044+0000] {logging_mixin.py:190} INFO - [2024-09-30T14:40:42.044+0000] {dagbag.py:588} INFO - Filling up the DagBag from /home/airflow/.local/lib/python3.12/site-packages/airflow/example_dags/example_bash_decorator.py
[2024-09-30T14:40:42.053+0000] {processor.py:925} INFO - DAG(s) 'example_bash_decorator' retrieved from /home/airflow/.local/lib/python3.12/site-packages/airflow/example_dags/example_bash_decorator.py
[2024-09-30T14:40:42.068+0000] {logging_mixin.py:190} INFO - [2024-09-30T14:40:42.068+0000] {dag.py:3239} INFO - Sync 1 DAGs
[2024-09-30T14:40:42.078+0000] {logging_mixin.py:190} INFO - [2024-09-30T14:40:42.078+0000] {dag.py:4180} INFO - Setting next_dagrun for example_bash_decorator to None, run_after=None
[2024-09-30T14:40:42.091+0000] {processor.py:208} INFO - Processing /home/airflow/.local/lib/python3.12/site-packages/airflow/example_dags/example_bash_decorator.py took 0.052 seconds
[2024-09-30T14:41:12.892+0000] {processor.py:186} INFO - Started process (PID=243) to work on /home/airflow/.local/lib/python3.12/site-packages/airflow/example_dags/example_bash_decorator.py
[2024-09-30T14:41:12.893+0000] {processor.py:914} INFO - Processing file /home/airflow/.local/lib/python3.12/site-packages/airflow/example_dags/example_bash_decorator.py for tasks to queue
[2024-09-30T14:41:12.894+0000] {logging_mixin.py:190} INFO - [2024-09-30T14:41:12.894+0000] {dagbag.py:588} INFO - Filling up the DagBag from /home/airflow/.local/lib/python3.12/site-packages/airflow/example_dags/example_bash_decorator.py
[2024-09-30T14:41:12.903+0000] {processor.py:925} INFO - DAG(s) 'example_bash_decorator' retrieved from /home/airflow/.local/lib/python3.12/site-packages/airflow/example_dags/example_bash_decorator.py
[2024-09-30T14:41:12.919+0000] {logging_mixin.py:190} INFO - [2024-09-30T14:41:12.919+0000] {dag.py:3239} INFO - Sync 1 DAGs
[2024-09-30T14:41:12.931+0000] {logging_mixin.py:190} INFO - [2024-09-30T14:41:12.931+0000] {dag.py:4180} INFO - Setting next_dagrun for example_bash_decorator to None, run_after=None
[2024-09-30T14:41:12.944+0000] {processor.py:208} INFO - Processing /home/airflow/.local/lib/python3.12/site-packages/airflow/example_dags/example_bash_decorator.py took 0.056 seconds
