[2024-09-30T14:12:30.701+0000] {processor.py:186} INFO - Started process (PID=104) to work on /home/airflow/.local/lib/python3.12/site-packages/airflow/example_dags/tutorial_taskflow_api.py
[2024-09-30T14:12:30.702+0000] {processor.py:914} INFO - Processing file /home/airflow/.local/lib/python3.12/site-packages/airflow/example_dags/tutorial_taskflow_api.py for tasks to queue
[2024-09-30T14:12:30.704+0000] {logging_mixin.py:190} INFO - [2024-09-30T14:12:30.703+0000] {dagbag.py:588} INFO - Filling up the DagBag from /home/airflow/.local/lib/python3.12/site-packages/airflow/example_dags/tutorial_taskflow_api.py
[2024-09-30T14:12:30.710+0000] {processor.py:925} INFO - DAG(s) 'tutorial_taskflow_api' retrieved from /home/airflow/.local/lib/python3.12/site-packages/airflow/example_dags/tutorial_taskflow_api.py
[2024-09-30T14:12:30.724+0000] {logging_mixin.py:190} INFO - [2024-09-30T14:12:30.723+0000] {dag.py:3239} INFO - Sync 1 DAGs
[2024-09-30T14:12:30.735+0000] {logging_mixin.py:190} INFO - [2024-09-30T14:12:30.734+0000] {dag.py:4180} INFO - Setting next_dagrun for tutorial_taskflow_api to None, run_after=None
[2024-09-30T14:12:30.749+0000] {processor.py:208} INFO - Processing /home/airflow/.local/lib/python3.12/site-packages/airflow/example_dags/tutorial_taskflow_api.py took 0.052 seconds
[2024-09-30T14:13:01.627+0000] {processor.py:186} INFO - Started process (PID=167) to work on /home/airflow/.local/lib/python3.12/site-packages/airflow/example_dags/tutorial_taskflow_api.py
[2024-09-30T14:13:01.628+0000] {processor.py:914} INFO - Processing file /home/airflow/.local/lib/python3.12/site-packages/airflow/example_dags/tutorial_taskflow_api.py for tasks to queue
[2024-09-30T14:13:01.629+0000] {logging_mixin.py:190} INFO - [2024-09-30T14:13:01.629+0000] {dagbag.py:588} INFO - Filling up the DagBag from /home/airflow/.local/lib/python3.12/site-packages/airflow/example_dags/tutorial_taskflow_api.py
[2024-09-30T14:13:01.634+0000] {processor.py:925} INFO - DAG(s) 'tutorial_taskflow_api' retrieved from /home/airflow/.local/lib/python3.12/site-packages/airflow/example_dags/tutorial_taskflow_api.py
[2024-09-30T14:13:01.647+0000] {logging_mixin.py:190} INFO - [2024-09-30T14:13:01.647+0000] {dag.py:3239} INFO - Sync 1 DAGs
[2024-09-30T14:13:01.656+0000] {logging_mixin.py:190} INFO - [2024-09-30T14:13:01.656+0000] {dag.py:4180} INFO - Setting next_dagrun for tutorial_taskflow_api to None, run_after=None
[2024-09-30T14:13:01.669+0000] {processor.py:208} INFO - Processing /home/airflow/.local/lib/python3.12/site-packages/airflow/example_dags/tutorial_taskflow_api.py took 0.046 seconds
[2024-09-30T14:13:32.339+0000] {processor.py:186} INFO - Started process (PID=230) to work on /home/airflow/.local/lib/python3.12/site-packages/airflow/example_dags/tutorial_taskflow_api.py
[2024-09-30T14:13:32.339+0000] {processor.py:914} INFO - Processing file /home/airflow/.local/lib/python3.12/site-packages/airflow/example_dags/tutorial_taskflow_api.py for tasks to queue
[2024-09-30T14:13:32.341+0000] {logging_mixin.py:190} INFO - [2024-09-30T14:13:32.341+0000] {dagbag.py:588} INFO - Filling up the DagBag from /home/airflow/.local/lib/python3.12/site-packages/airflow/example_dags/tutorial_taskflow_api.py
[2024-09-30T14:13:32.346+0000] {processor.py:925} INFO - DAG(s) 'tutorial_taskflow_api' retrieved from /home/airflow/.local/lib/python3.12/site-packages/airflow/example_dags/tutorial_taskflow_api.py
[2024-09-30T14:13:32.359+0000] {logging_mixin.py:190} INFO - [2024-09-30T14:13:32.359+0000] {dag.py:3239} INFO - Sync 1 DAGs
[2024-09-30T14:13:32.369+0000] {logging_mixin.py:190} INFO - [2024-09-30T14:13:32.369+0000] {dag.py:4180} INFO - Setting next_dagrun for tutorial_taskflow_api to None, run_after=None
[2024-09-30T14:13:32.381+0000] {processor.py:208} INFO - Processing /home/airflow/.local/lib/python3.12/site-packages/airflow/example_dags/tutorial_taskflow_api.py took 0.046 seconds
[2024-09-30T14:14:03.145+0000] {processor.py:186} INFO - Started process (PID=293) to work on /home/airflow/.local/lib/python3.12/site-packages/airflow/example_dags/tutorial_taskflow_api.py
[2024-09-30T14:14:03.146+0000] {processor.py:914} INFO - Processing file /home/airflow/.local/lib/python3.12/site-packages/airflow/example_dags/tutorial_taskflow_api.py for tasks to queue
[2024-09-30T14:14:03.147+0000] {logging_mixin.py:190} INFO - [2024-09-30T14:14:03.147+0000] {dagbag.py:588} INFO - Filling up the DagBag from /home/airflow/.local/lib/python3.12/site-packages/airflow/example_dags/tutorial_taskflow_api.py
[2024-09-30T14:14:03.153+0000] {processor.py:925} INFO - DAG(s) 'tutorial_taskflow_api' retrieved from /home/airflow/.local/lib/python3.12/site-packages/airflow/example_dags/tutorial_taskflow_api.py
[2024-09-30T14:14:03.166+0000] {logging_mixin.py:190} INFO - [2024-09-30T14:14:03.166+0000] {dag.py:3239} INFO - Sync 1 DAGs
[2024-09-30T14:14:03.175+0000] {logging_mixin.py:190} INFO - [2024-09-30T14:14:03.175+0000] {dag.py:4180} INFO - Setting next_dagrun for tutorial_taskflow_api to None, run_after=None
[2024-09-30T14:14:03.187+0000] {processor.py:208} INFO - Processing /home/airflow/.local/lib/python3.12/site-packages/airflow/example_dags/tutorial_taskflow_api.py took 0.047 seconds
[2024-09-30T14:14:34.134+0000] {processor.py:186} INFO - Started process (PID=356) to work on /home/airflow/.local/lib/python3.12/site-packages/airflow/example_dags/tutorial_taskflow_api.py
[2024-09-30T14:14:34.135+0000] {processor.py:914} INFO - Processing file /home/airflow/.local/lib/python3.12/site-packages/airflow/example_dags/tutorial_taskflow_api.py for tasks to queue
[2024-09-30T14:14:34.136+0000] {logging_mixin.py:190} INFO - [2024-09-30T14:14:34.136+0000] {dagbag.py:588} INFO - Filling up the DagBag from /home/airflow/.local/lib/python3.12/site-packages/airflow/example_dags/tutorial_taskflow_api.py
[2024-09-30T14:14:34.142+0000] {processor.py:925} INFO - DAG(s) 'tutorial_taskflow_api' retrieved from /home/airflow/.local/lib/python3.12/site-packages/airflow/example_dags/tutorial_taskflow_api.py
[2024-09-30T14:14:34.155+0000] {logging_mixin.py:190} INFO - [2024-09-30T14:14:34.155+0000] {dag.py:3239} INFO - Sync 1 DAGs
[2024-09-30T14:14:34.165+0000] {logging_mixin.py:190} INFO - [2024-09-30T14:14:34.165+0000] {dag.py:4180} INFO - Setting next_dagrun for tutorial_taskflow_api to None, run_after=None
[2024-09-30T14:14:34.178+0000] {processor.py:208} INFO - Processing /home/airflow/.local/lib/python3.12/site-packages/airflow/example_dags/tutorial_taskflow_api.py took 0.048 seconds
[2024-09-30T14:15:04.371+0000] {processor.py:186} INFO - Started process (PID=419) to work on /home/airflow/.local/lib/python3.12/site-packages/airflow/example_dags/tutorial_taskflow_api.py
[2024-09-30T14:15:04.372+0000] {processor.py:914} INFO - Processing file /home/airflow/.local/lib/python3.12/site-packages/airflow/example_dags/tutorial_taskflow_api.py for tasks to queue
[2024-09-30T14:15:04.373+0000] {logging_mixin.py:190} INFO - [2024-09-30T14:15:04.373+0000] {dagbag.py:588} INFO - Filling up the DagBag from /home/airflow/.local/lib/python3.12/site-packages/airflow/example_dags/tutorial_taskflow_api.py
[2024-09-30T14:15:04.379+0000] {processor.py:925} INFO - DAG(s) 'tutorial_taskflow_api' retrieved from /home/airflow/.local/lib/python3.12/site-packages/airflow/example_dags/tutorial_taskflow_api.py
[2024-09-30T14:15:04.391+0000] {logging_mixin.py:190} INFO - [2024-09-30T14:15:04.391+0000] {dag.py:3239} INFO - Sync 1 DAGs
[2024-09-30T14:15:04.406+0000] {logging_mixin.py:190} INFO - [2024-09-30T14:15:04.406+0000] {dag.py:4180} INFO - Setting next_dagrun for tutorial_taskflow_api to None, run_after=None
[2024-09-30T14:15:04.421+0000] {processor.py:208} INFO - Processing /home/airflow/.local/lib/python3.12/site-packages/airflow/example_dags/tutorial_taskflow_api.py took 0.054 seconds
[2024-09-30T14:15:35.251+0000] {processor.py:186} INFO - Started process (PID=482) to work on /home/airflow/.local/lib/python3.12/site-packages/airflow/example_dags/tutorial_taskflow_api.py
[2024-09-30T14:15:35.252+0000] {processor.py:914} INFO - Processing file /home/airflow/.local/lib/python3.12/site-packages/airflow/example_dags/tutorial_taskflow_api.py for tasks to queue
[2024-09-30T14:15:35.254+0000] {logging_mixin.py:190} INFO - [2024-09-30T14:15:35.254+0000] {dagbag.py:588} INFO - Filling up the DagBag from /home/airflow/.local/lib/python3.12/site-packages/airflow/example_dags/tutorial_taskflow_api.py
[2024-09-30T14:15:35.259+0000] {processor.py:925} INFO - DAG(s) 'tutorial_taskflow_api' retrieved from /home/airflow/.local/lib/python3.12/site-packages/airflow/example_dags/tutorial_taskflow_api.py
[2024-09-30T14:15:35.271+0000] {logging_mixin.py:190} INFO - [2024-09-30T14:15:35.271+0000] {dag.py:3239} INFO - Sync 1 DAGs
[2024-09-30T14:15:35.281+0000] {logging_mixin.py:190} INFO - [2024-09-30T14:15:35.281+0000] {dag.py:4180} INFO - Setting next_dagrun for tutorial_taskflow_api to None, run_after=None
[2024-09-30T14:15:35.294+0000] {processor.py:208} INFO - Processing /home/airflow/.local/lib/python3.12/site-packages/airflow/example_dags/tutorial_taskflow_api.py took 0.046 seconds
[2024-09-30T14:16:05.965+0000] {processor.py:186} INFO - Started process (PID=545) to work on /home/airflow/.local/lib/python3.12/site-packages/airflow/example_dags/tutorial_taskflow_api.py
[2024-09-30T14:16:05.965+0000] {processor.py:914} INFO - Processing file /home/airflow/.local/lib/python3.12/site-packages/airflow/example_dags/tutorial_taskflow_api.py for tasks to queue
[2024-09-30T14:16:05.967+0000] {logging_mixin.py:190} INFO - [2024-09-30T14:16:05.967+0000] {dagbag.py:588} INFO - Filling up the DagBag from /home/airflow/.local/lib/python3.12/site-packages/airflow/example_dags/tutorial_taskflow_api.py
[2024-09-30T14:16:05.972+0000] {processor.py:925} INFO - DAG(s) 'tutorial_taskflow_api' retrieved from /home/airflow/.local/lib/python3.12/site-packages/airflow/example_dags/tutorial_taskflow_api.py
[2024-09-30T14:16:05.984+0000] {logging_mixin.py:190} INFO - [2024-09-30T14:16:05.984+0000] {dag.py:3239} INFO - Sync 1 DAGs
[2024-09-30T14:16:05.994+0000] {logging_mixin.py:190} INFO - [2024-09-30T14:16:05.993+0000] {dag.py:4180} INFO - Setting next_dagrun for tutorial_taskflow_api to None, run_after=None
[2024-09-30T14:16:06.006+0000] {processor.py:208} INFO - Processing /home/airflow/.local/lib/python3.12/site-packages/airflow/example_dags/tutorial_taskflow_api.py took 0.045 seconds
[2024-09-30T14:16:36.618+0000] {processor.py:186} INFO - Started process (PID=609) to work on /home/airflow/.local/lib/python3.12/site-packages/airflow/example_dags/tutorial_taskflow_api.py
[2024-09-30T14:16:36.619+0000] {processor.py:914} INFO - Processing file /home/airflow/.local/lib/python3.12/site-packages/airflow/example_dags/tutorial_taskflow_api.py for tasks to queue
[2024-09-30T14:16:36.621+0000] {logging_mixin.py:190} INFO - [2024-09-30T14:16:36.621+0000] {dagbag.py:588} INFO - Filling up the DagBag from /home/airflow/.local/lib/python3.12/site-packages/airflow/example_dags/tutorial_taskflow_api.py
[2024-09-30T14:16:36.626+0000] {processor.py:925} INFO - DAG(s) 'tutorial_taskflow_api' retrieved from /home/airflow/.local/lib/python3.12/site-packages/airflow/example_dags/tutorial_taskflow_api.py
[2024-09-30T14:16:36.638+0000] {logging_mixin.py:190} INFO - [2024-09-30T14:16:36.638+0000] {dag.py:3239} INFO - Sync 1 DAGs
[2024-09-30T14:16:36.647+0000] {logging_mixin.py:190} INFO - [2024-09-30T14:16:36.647+0000] {dag.py:4180} INFO - Setting next_dagrun for tutorial_taskflow_api to None, run_after=None
[2024-09-30T14:16:36.660+0000] {processor.py:208} INFO - Processing /home/airflow/.local/lib/python3.12/site-packages/airflow/example_dags/tutorial_taskflow_api.py took 0.046 seconds
[2024-09-30T14:17:01.300+0000] {processor.py:186} INFO - Started process (PID=98) to work on /home/airflow/.local/lib/python3.12/site-packages/airflow/example_dags/tutorial_taskflow_api.py
[2024-09-30T14:17:01.300+0000] {processor.py:914} INFO - Processing file /home/airflow/.local/lib/python3.12/site-packages/airflow/example_dags/tutorial_taskflow_api.py for tasks to queue
[2024-09-30T14:17:01.302+0000] {logging_mixin.py:190} INFO - [2024-09-30T14:17:01.302+0000] {dagbag.py:588} INFO - Filling up the DagBag from /home/airflow/.local/lib/python3.12/site-packages/airflow/example_dags/tutorial_taskflow_api.py
[2024-09-30T14:17:01.307+0000] {processor.py:925} INFO - DAG(s) 'tutorial_taskflow_api' retrieved from /home/airflow/.local/lib/python3.12/site-packages/airflow/example_dags/tutorial_taskflow_api.py
[2024-09-30T14:17:01.322+0000] {logging_mixin.py:190} INFO - [2024-09-30T14:17:01.322+0000] {dag.py:3239} INFO - Sync 1 DAGs
[2024-09-30T14:17:01.335+0000] {logging_mixin.py:190} INFO - [2024-09-30T14:17:01.334+0000] {dag.py:4180} INFO - Setting next_dagrun for tutorial_taskflow_api to None, run_after=None
[2024-09-30T14:17:01.350+0000] {processor.py:208} INFO - Processing /home/airflow/.local/lib/python3.12/site-packages/airflow/example_dags/tutorial_taskflow_api.py took 0.055 seconds
[2024-09-30T14:17:31.985+0000] {processor.py:186} INFO - Started process (PID=160) to work on /home/airflow/.local/lib/python3.12/site-packages/airflow/example_dags/tutorial_taskflow_api.py
[2024-09-30T14:17:31.986+0000] {processor.py:914} INFO - Processing file /home/airflow/.local/lib/python3.12/site-packages/airflow/example_dags/tutorial_taskflow_api.py for tasks to queue
[2024-09-30T14:17:31.987+0000] {logging_mixin.py:190} INFO - [2024-09-30T14:17:31.987+0000] {dagbag.py:588} INFO - Filling up the DagBag from /home/airflow/.local/lib/python3.12/site-packages/airflow/example_dags/tutorial_taskflow_api.py
[2024-09-30T14:17:31.993+0000] {processor.py:925} INFO - DAG(s) 'tutorial_taskflow_api' retrieved from /home/airflow/.local/lib/python3.12/site-packages/airflow/example_dags/tutorial_taskflow_api.py
[2024-09-30T14:17:32.006+0000] {logging_mixin.py:190} INFO - [2024-09-30T14:17:32.006+0000] {dag.py:3239} INFO - Sync 1 DAGs
[2024-09-30T14:17:32.016+0000] {logging_mixin.py:190} INFO - [2024-09-30T14:17:32.015+0000] {dag.py:4180} INFO - Setting next_dagrun for tutorial_taskflow_api to None, run_after=None
[2024-09-30T14:17:32.028+0000] {processor.py:208} INFO - Processing /home/airflow/.local/lib/python3.12/site-packages/airflow/example_dags/tutorial_taskflow_api.py took 0.045 seconds
[2024-09-30T14:18:04.090+0000] {processor.py:186} INFO - Started process (PID=98) to work on /home/airflow/.local/lib/python3.12/site-packages/airflow/example_dags/tutorial_taskflow_api.py
[2024-09-30T14:18:04.091+0000] {processor.py:914} INFO - Processing file /home/airflow/.local/lib/python3.12/site-packages/airflow/example_dags/tutorial_taskflow_api.py for tasks to queue
[2024-09-30T14:18:04.092+0000] {logging_mixin.py:190} INFO - [2024-09-30T14:18:04.092+0000] {dagbag.py:588} INFO - Filling up the DagBag from /home/airflow/.local/lib/python3.12/site-packages/airflow/example_dags/tutorial_taskflow_api.py
[2024-09-30T14:18:04.099+0000] {processor.py:925} INFO - DAG(s) 'tutorial_taskflow_api' retrieved from /home/airflow/.local/lib/python3.12/site-packages/airflow/example_dags/tutorial_taskflow_api.py
[2024-09-30T14:18:04.120+0000] {logging_mixin.py:190} INFO - [2024-09-30T14:18:04.120+0000] {dag.py:3239} INFO - Sync 1 DAGs
[2024-09-30T14:18:04.134+0000] {logging_mixin.py:190} INFO - [2024-09-30T14:18:04.134+0000] {dag.py:4180} INFO - Setting next_dagrun for tutorial_taskflow_api to None, run_after=None
[2024-09-30T14:18:04.156+0000] {processor.py:208} INFO - Processing /home/airflow/.local/lib/python3.12/site-packages/airflow/example_dags/tutorial_taskflow_api.py took 0.069 seconds
[2024-09-30T14:18:34.633+0000] {processor.py:186} INFO - Started process (PID=161) to work on /home/airflow/.local/lib/python3.12/site-packages/airflow/example_dags/tutorial_taskflow_api.py
[2024-09-30T14:18:34.634+0000] {processor.py:914} INFO - Processing file /home/airflow/.local/lib/python3.12/site-packages/airflow/example_dags/tutorial_taskflow_api.py for tasks to queue
[2024-09-30T14:18:34.635+0000] {logging_mixin.py:190} INFO - [2024-09-30T14:18:34.635+0000] {dagbag.py:588} INFO - Filling up the DagBag from /home/airflow/.local/lib/python3.12/site-packages/airflow/example_dags/tutorial_taskflow_api.py
[2024-09-30T14:18:34.640+0000] {processor.py:925} INFO - DAG(s) 'tutorial_taskflow_api' retrieved from /home/airflow/.local/lib/python3.12/site-packages/airflow/example_dags/tutorial_taskflow_api.py
[2024-09-30T14:18:34.653+0000] {logging_mixin.py:190} INFO - [2024-09-30T14:18:34.652+0000] {dag.py:3239} INFO - Sync 1 DAGs
[2024-09-30T14:18:34.663+0000] {logging_mixin.py:190} INFO - [2024-09-30T14:18:34.662+0000] {dag.py:4180} INFO - Setting next_dagrun for tutorial_taskflow_api to None, run_after=None
[2024-09-30T14:18:34.675+0000] {processor.py:208} INFO - Processing /home/airflow/.local/lib/python3.12/site-packages/airflow/example_dags/tutorial_taskflow_api.py took 0.045 seconds
[2024-09-30T14:19:05.156+0000] {processor.py:186} INFO - Started process (PID=224) to work on /home/airflow/.local/lib/python3.12/site-packages/airflow/example_dags/tutorial_taskflow_api.py
[2024-09-30T14:19:05.157+0000] {processor.py:914} INFO - Processing file /home/airflow/.local/lib/python3.12/site-packages/airflow/example_dags/tutorial_taskflow_api.py for tasks to queue
[2024-09-30T14:19:05.158+0000] {logging_mixin.py:190} INFO - [2024-09-30T14:19:05.158+0000] {dagbag.py:588} INFO - Filling up the DagBag from /home/airflow/.local/lib/python3.12/site-packages/airflow/example_dags/tutorial_taskflow_api.py
[2024-09-30T14:19:05.163+0000] {processor.py:925} INFO - DAG(s) 'tutorial_taskflow_api' retrieved from /home/airflow/.local/lib/python3.12/site-packages/airflow/example_dags/tutorial_taskflow_api.py
[2024-09-30T14:19:05.175+0000] {logging_mixin.py:190} INFO - [2024-09-30T14:19:05.175+0000] {dag.py:3239} INFO - Sync 1 DAGs
[2024-09-30T14:19:05.185+0000] {logging_mixin.py:190} INFO - [2024-09-30T14:19:05.185+0000] {dag.py:4180} INFO - Setting next_dagrun for tutorial_taskflow_api to None, run_after=None
[2024-09-30T14:19:05.197+0000] {processor.py:208} INFO - Processing /home/airflow/.local/lib/python3.12/site-packages/airflow/example_dags/tutorial_taskflow_api.py took 0.044 seconds
[2024-09-30T14:19:48.429+0000] {processor.py:186} INFO - Started process (PID=98) to work on /home/airflow/.local/lib/python3.12/site-packages/airflow/example_dags/tutorial_taskflow_api.py
[2024-09-30T14:19:48.429+0000] {processor.py:914} INFO - Processing file /home/airflow/.local/lib/python3.12/site-packages/airflow/example_dags/tutorial_taskflow_api.py for tasks to queue
[2024-09-30T14:19:48.431+0000] {logging_mixin.py:190} INFO - [2024-09-30T14:19:48.431+0000] {dagbag.py:588} INFO - Filling up the DagBag from /home/airflow/.local/lib/python3.12/site-packages/airflow/example_dags/tutorial_taskflow_api.py
[2024-09-30T14:19:48.436+0000] {processor.py:925} INFO - DAG(s) 'tutorial_taskflow_api' retrieved from /home/airflow/.local/lib/python3.12/site-packages/airflow/example_dags/tutorial_taskflow_api.py
[2024-09-30T14:19:48.450+0000] {logging_mixin.py:190} INFO - [2024-09-30T14:19:48.450+0000] {dag.py:3239} INFO - Sync 1 DAGs
[2024-09-30T14:19:48.460+0000] {logging_mixin.py:190} INFO - [2024-09-30T14:19:48.460+0000] {dag.py:4180} INFO - Setting next_dagrun for tutorial_taskflow_api to None, run_after=None
[2024-09-30T14:19:48.473+0000] {processor.py:208} INFO - Processing /home/airflow/.local/lib/python3.12/site-packages/airflow/example_dags/tutorial_taskflow_api.py took 0.048 seconds
[2024-09-30T14:20:19.306+0000] {processor.py:186} INFO - Started process (PID=161) to work on /home/airflow/.local/lib/python3.12/site-packages/airflow/example_dags/tutorial_taskflow_api.py
[2024-09-30T14:20:19.307+0000] {processor.py:914} INFO - Processing file /home/airflow/.local/lib/python3.12/site-packages/airflow/example_dags/tutorial_taskflow_api.py for tasks to queue
[2024-09-30T14:20:19.308+0000] {logging_mixin.py:190} INFO - [2024-09-30T14:20:19.308+0000] {dagbag.py:588} INFO - Filling up the DagBag from /home/airflow/.local/lib/python3.12/site-packages/airflow/example_dags/tutorial_taskflow_api.py
[2024-09-30T14:20:19.314+0000] {processor.py:925} INFO - DAG(s) 'tutorial_taskflow_api' retrieved from /home/airflow/.local/lib/python3.12/site-packages/airflow/example_dags/tutorial_taskflow_api.py
[2024-09-30T14:20:19.326+0000] {logging_mixin.py:190} INFO - [2024-09-30T14:20:19.325+0000] {dag.py:3239} INFO - Sync 1 DAGs
[2024-09-30T14:20:19.336+0000] {logging_mixin.py:190} INFO - [2024-09-30T14:20:19.336+0000] {dag.py:4180} INFO - Setting next_dagrun for tutorial_taskflow_api to None, run_after=None
[2024-09-30T14:20:19.349+0000] {processor.py:208} INFO - Processing /home/airflow/.local/lib/python3.12/site-packages/airflow/example_dags/tutorial_taskflow_api.py took 0.046 seconds
[2024-09-30T14:20:50.279+0000] {processor.py:186} INFO - Started process (PID=224) to work on /home/airflow/.local/lib/python3.12/site-packages/airflow/example_dags/tutorial_taskflow_api.py
[2024-09-30T14:20:50.280+0000] {processor.py:914} INFO - Processing file /home/airflow/.local/lib/python3.12/site-packages/airflow/example_dags/tutorial_taskflow_api.py for tasks to queue
[2024-09-30T14:20:50.282+0000] {logging_mixin.py:190} INFO - [2024-09-30T14:20:50.281+0000] {dagbag.py:588} INFO - Filling up the DagBag from /home/airflow/.local/lib/python3.12/site-packages/airflow/example_dags/tutorial_taskflow_api.py
[2024-09-30T14:20:50.287+0000] {processor.py:925} INFO - DAG(s) 'tutorial_taskflow_api' retrieved from /home/airflow/.local/lib/python3.12/site-packages/airflow/example_dags/tutorial_taskflow_api.py
[2024-09-30T14:20:50.300+0000] {logging_mixin.py:190} INFO - [2024-09-30T14:20:50.300+0000] {dag.py:3239} INFO - Sync 1 DAGs
[2024-09-30T14:20:50.310+0000] {logging_mixin.py:190} INFO - [2024-09-30T14:20:50.310+0000] {dag.py:4180} INFO - Setting next_dagrun for tutorial_taskflow_api to None, run_after=None
[2024-09-30T14:20:50.324+0000] {processor.py:208} INFO - Processing /home/airflow/.local/lib/python3.12/site-packages/airflow/example_dags/tutorial_taskflow_api.py took 0.049 seconds
[2024-09-30T14:21:21.357+0000] {processor.py:186} INFO - Started process (PID=287) to work on /home/airflow/.local/lib/python3.12/site-packages/airflow/example_dags/tutorial_taskflow_api.py
[2024-09-30T14:21:21.358+0000] {processor.py:914} INFO - Processing file /home/airflow/.local/lib/python3.12/site-packages/airflow/example_dags/tutorial_taskflow_api.py for tasks to queue
[2024-09-30T14:21:21.360+0000] {logging_mixin.py:190} INFO - [2024-09-30T14:21:21.360+0000] {dagbag.py:588} INFO - Filling up the DagBag from /home/airflow/.local/lib/python3.12/site-packages/airflow/example_dags/tutorial_taskflow_api.py
[2024-09-30T14:21:21.366+0000] {processor.py:925} INFO - DAG(s) 'tutorial_taskflow_api' retrieved from /home/airflow/.local/lib/python3.12/site-packages/airflow/example_dags/tutorial_taskflow_api.py
[2024-09-30T14:21:21.379+0000] {logging_mixin.py:190} INFO - [2024-09-30T14:21:21.378+0000] {dag.py:3239} INFO - Sync 1 DAGs
[2024-09-30T14:21:21.389+0000] {logging_mixin.py:190} INFO - [2024-09-30T14:21:21.389+0000] {dag.py:4180} INFO - Setting next_dagrun for tutorial_taskflow_api to None, run_after=None
[2024-09-30T14:21:21.402+0000] {processor.py:208} INFO - Processing /home/airflow/.local/lib/python3.12/site-packages/airflow/example_dags/tutorial_taskflow_api.py took 0.049 seconds
[2024-09-30T14:21:52.346+0000] {processor.py:186} INFO - Started process (PID=350) to work on /home/airflow/.local/lib/python3.12/site-packages/airflow/example_dags/tutorial_taskflow_api.py
[2024-09-30T14:21:52.347+0000] {processor.py:914} INFO - Processing file /home/airflow/.local/lib/python3.12/site-packages/airflow/example_dags/tutorial_taskflow_api.py for tasks to queue
[2024-09-30T14:21:52.348+0000] {logging_mixin.py:190} INFO - [2024-09-30T14:21:52.348+0000] {dagbag.py:588} INFO - Filling up the DagBag from /home/airflow/.local/lib/python3.12/site-packages/airflow/example_dags/tutorial_taskflow_api.py
[2024-09-30T14:21:52.353+0000] {processor.py:925} INFO - DAG(s) 'tutorial_taskflow_api' retrieved from /home/airflow/.local/lib/python3.12/site-packages/airflow/example_dags/tutorial_taskflow_api.py
[2024-09-30T14:21:52.366+0000] {logging_mixin.py:190} INFO - [2024-09-30T14:21:52.366+0000] {dag.py:3239} INFO - Sync 1 DAGs
[2024-09-30T14:21:52.375+0000] {logging_mixin.py:190} INFO - [2024-09-30T14:21:52.375+0000] {dag.py:4180} INFO - Setting next_dagrun for tutorial_taskflow_api to None, run_after=None
[2024-09-30T14:21:52.388+0000] {processor.py:208} INFO - Processing /home/airflow/.local/lib/python3.12/site-packages/airflow/example_dags/tutorial_taskflow_api.py took 0.045 seconds
[2024-09-30T14:22:23.105+0000] {processor.py:186} INFO - Started process (PID=413) to work on /home/airflow/.local/lib/python3.12/site-packages/airflow/example_dags/tutorial_taskflow_api.py
[2024-09-30T14:22:23.106+0000] {processor.py:914} INFO - Processing file /home/airflow/.local/lib/python3.12/site-packages/airflow/example_dags/tutorial_taskflow_api.py for tasks to queue
[2024-09-30T14:22:23.107+0000] {logging_mixin.py:190} INFO - [2024-09-30T14:22:23.107+0000] {dagbag.py:588} INFO - Filling up the DagBag from /home/airflow/.local/lib/python3.12/site-packages/airflow/example_dags/tutorial_taskflow_api.py
[2024-09-30T14:22:23.112+0000] {processor.py:925} INFO - DAG(s) 'tutorial_taskflow_api' retrieved from /home/airflow/.local/lib/python3.12/site-packages/airflow/example_dags/tutorial_taskflow_api.py
[2024-09-30T14:22:23.125+0000] {logging_mixin.py:190} INFO - [2024-09-30T14:22:23.125+0000] {dag.py:3239} INFO - Sync 1 DAGs
[2024-09-30T14:22:23.134+0000] {logging_mixin.py:190} INFO - [2024-09-30T14:22:23.134+0000] {dag.py:4180} INFO - Setting next_dagrun for tutorial_taskflow_api to None, run_after=None
[2024-09-30T14:22:23.147+0000] {processor.py:208} INFO - Processing /home/airflow/.local/lib/python3.12/site-packages/airflow/example_dags/tutorial_taskflow_api.py took 0.046 seconds
[2024-09-30T14:22:53.849+0000] {processor.py:186} INFO - Started process (PID=476) to work on /home/airflow/.local/lib/python3.12/site-packages/airflow/example_dags/tutorial_taskflow_api.py
[2024-09-30T14:22:53.849+0000] {processor.py:914} INFO - Processing file /home/airflow/.local/lib/python3.12/site-packages/airflow/example_dags/tutorial_taskflow_api.py for tasks to queue
[2024-09-30T14:22:53.851+0000] {logging_mixin.py:190} INFO - [2024-09-30T14:22:53.851+0000] {dagbag.py:588} INFO - Filling up the DagBag from /home/airflow/.local/lib/python3.12/site-packages/airflow/example_dags/tutorial_taskflow_api.py
[2024-09-30T14:22:53.856+0000] {processor.py:925} INFO - DAG(s) 'tutorial_taskflow_api' retrieved from /home/airflow/.local/lib/python3.12/site-packages/airflow/example_dags/tutorial_taskflow_api.py
[2024-09-30T14:22:53.869+0000] {logging_mixin.py:190} INFO - [2024-09-30T14:22:53.869+0000] {dag.py:3239} INFO - Sync 1 DAGs
[2024-09-30T14:22:53.878+0000] {logging_mixin.py:190} INFO - [2024-09-30T14:22:53.878+0000] {dag.py:4180} INFO - Setting next_dagrun for tutorial_taskflow_api to None, run_after=None
[2024-09-30T14:22:53.890+0000] {processor.py:208} INFO - Processing /home/airflow/.local/lib/python3.12/site-packages/airflow/example_dags/tutorial_taskflow_api.py took 0.045 seconds
[2024-09-30T14:23:24.546+0000] {processor.py:186} INFO - Started process (PID=539) to work on /home/airflow/.local/lib/python3.12/site-packages/airflow/example_dags/tutorial_taskflow_api.py
[2024-09-30T14:23:24.547+0000] {processor.py:914} INFO - Processing file /home/airflow/.local/lib/python3.12/site-packages/airflow/example_dags/tutorial_taskflow_api.py for tasks to queue
[2024-09-30T14:23:24.548+0000] {logging_mixin.py:190} INFO - [2024-09-30T14:23:24.548+0000] {dagbag.py:588} INFO - Filling up the DagBag from /home/airflow/.local/lib/python3.12/site-packages/airflow/example_dags/tutorial_taskflow_api.py
[2024-09-30T14:23:24.554+0000] {processor.py:925} INFO - DAG(s) 'tutorial_taskflow_api' retrieved from /home/airflow/.local/lib/python3.12/site-packages/airflow/example_dags/tutorial_taskflow_api.py
[2024-09-30T14:23:24.567+0000] {logging_mixin.py:190} INFO - [2024-09-30T14:23:24.567+0000] {dag.py:3239} INFO - Sync 1 DAGs
[2024-09-30T14:23:24.577+0000] {logging_mixin.py:190} INFO - [2024-09-30T14:23:24.577+0000] {dag.py:4180} INFO - Setting next_dagrun for tutorial_taskflow_api to None, run_after=None
[2024-09-30T14:23:24.590+0000] {processor.py:208} INFO - Processing /home/airflow/.local/lib/python3.12/site-packages/airflow/example_dags/tutorial_taskflow_api.py took 0.048 seconds
[2024-09-30T14:23:55.379+0000] {processor.py:186} INFO - Started process (PID=602) to work on /home/airflow/.local/lib/python3.12/site-packages/airflow/example_dags/tutorial_taskflow_api.py
[2024-09-30T14:23:55.380+0000] {processor.py:914} INFO - Processing file /home/airflow/.local/lib/python3.12/site-packages/airflow/example_dags/tutorial_taskflow_api.py for tasks to queue
[2024-09-30T14:23:55.381+0000] {logging_mixin.py:190} INFO - [2024-09-30T14:23:55.381+0000] {dagbag.py:588} INFO - Filling up the DagBag from /home/airflow/.local/lib/python3.12/site-packages/airflow/example_dags/tutorial_taskflow_api.py
[2024-09-30T14:23:55.386+0000] {processor.py:925} INFO - DAG(s) 'tutorial_taskflow_api' retrieved from /home/airflow/.local/lib/python3.12/site-packages/airflow/example_dags/tutorial_taskflow_api.py
[2024-09-30T14:23:55.400+0000] {logging_mixin.py:190} INFO - [2024-09-30T14:23:55.400+0000] {dag.py:3239} INFO - Sync 1 DAGs
[2024-09-30T14:23:55.409+0000] {logging_mixin.py:190} INFO - [2024-09-30T14:23:55.409+0000] {dag.py:4180} INFO - Setting next_dagrun for tutorial_taskflow_api to None, run_after=None
[2024-09-30T14:23:55.424+0000] {processor.py:208} INFO - Processing /home/airflow/.local/lib/python3.12/site-packages/airflow/example_dags/tutorial_taskflow_api.py took 0.050 seconds
[2024-09-30T14:24:25.998+0000] {processor.py:186} INFO - Started process (PID=665) to work on /home/airflow/.local/lib/python3.12/site-packages/airflow/example_dags/tutorial_taskflow_api.py
[2024-09-30T14:24:25.998+0000] {processor.py:914} INFO - Processing file /home/airflow/.local/lib/python3.12/site-packages/airflow/example_dags/tutorial_taskflow_api.py for tasks to queue
[2024-09-30T14:24:26.000+0000] {logging_mixin.py:190} INFO - [2024-09-30T14:24:25.999+0000] {dagbag.py:588} INFO - Filling up the DagBag from /home/airflow/.local/lib/python3.12/site-packages/airflow/example_dags/tutorial_taskflow_api.py
[2024-09-30T14:24:26.005+0000] {processor.py:925} INFO - DAG(s) 'tutorial_taskflow_api' retrieved from /home/airflow/.local/lib/python3.12/site-packages/airflow/example_dags/tutorial_taskflow_api.py
[2024-09-30T14:24:26.017+0000] {logging_mixin.py:190} INFO - [2024-09-30T14:24:26.017+0000] {dag.py:3239} INFO - Sync 1 DAGs
[2024-09-30T14:24:26.026+0000] {logging_mixin.py:190} INFO - [2024-09-30T14:24:26.026+0000] {dag.py:4180} INFO - Setting next_dagrun for tutorial_taskflow_api to None, run_after=None
[2024-09-30T14:24:26.040+0000] {processor.py:208} INFO - Processing /home/airflow/.local/lib/python3.12/site-packages/airflow/example_dags/tutorial_taskflow_api.py took 0.046 seconds
[2024-09-30T14:24:56.715+0000] {processor.py:186} INFO - Started process (PID=728) to work on /home/airflow/.local/lib/python3.12/site-packages/airflow/example_dags/tutorial_taskflow_api.py
[2024-09-30T14:24:56.716+0000] {processor.py:914} INFO - Processing file /home/airflow/.local/lib/python3.12/site-packages/airflow/example_dags/tutorial_taskflow_api.py for tasks to queue
[2024-09-30T14:24:56.717+0000] {logging_mixin.py:190} INFO - [2024-09-30T14:24:56.717+0000] {dagbag.py:588} INFO - Filling up the DagBag from /home/airflow/.local/lib/python3.12/site-packages/airflow/example_dags/tutorial_taskflow_api.py
[2024-09-30T14:24:56.722+0000] {processor.py:925} INFO - DAG(s) 'tutorial_taskflow_api' retrieved from /home/airflow/.local/lib/python3.12/site-packages/airflow/example_dags/tutorial_taskflow_api.py
[2024-09-30T14:24:56.735+0000] {logging_mixin.py:190} INFO - [2024-09-30T14:24:56.735+0000] {dag.py:3239} INFO - Sync 1 DAGs
[2024-09-30T14:24:56.744+0000] {logging_mixin.py:190} INFO - [2024-09-30T14:24:56.744+0000] {dag.py:4180} INFO - Setting next_dagrun for tutorial_taskflow_api to None, run_after=None
[2024-09-30T14:24:56.755+0000] {processor.py:208} INFO - Processing /home/airflow/.local/lib/python3.12/site-packages/airflow/example_dags/tutorial_taskflow_api.py took 0.044 seconds
[2024-09-30T14:25:27.340+0000] {processor.py:186} INFO - Started process (PID=791) to work on /home/airflow/.local/lib/python3.12/site-packages/airflow/example_dags/tutorial_taskflow_api.py
[2024-09-30T14:25:27.341+0000] {processor.py:914} INFO - Processing file /home/airflow/.local/lib/python3.12/site-packages/airflow/example_dags/tutorial_taskflow_api.py for tasks to queue
[2024-09-30T14:25:27.343+0000] {logging_mixin.py:190} INFO - [2024-09-30T14:25:27.342+0000] {dagbag.py:588} INFO - Filling up the DagBag from /home/airflow/.local/lib/python3.12/site-packages/airflow/example_dags/tutorial_taskflow_api.py
[2024-09-30T14:25:27.348+0000] {processor.py:925} INFO - DAG(s) 'tutorial_taskflow_api' retrieved from /home/airflow/.local/lib/python3.12/site-packages/airflow/example_dags/tutorial_taskflow_api.py
[2024-09-30T14:25:27.360+0000] {logging_mixin.py:190} INFO - [2024-09-30T14:25:27.360+0000] {dag.py:3239} INFO - Sync 1 DAGs
[2024-09-30T14:25:27.370+0000] {logging_mixin.py:190} INFO - [2024-09-30T14:25:27.369+0000] {dag.py:4180} INFO - Setting next_dagrun for tutorial_taskflow_api to None, run_after=None
[2024-09-30T14:25:27.382+0000] {processor.py:208} INFO - Processing /home/airflow/.local/lib/python3.12/site-packages/airflow/example_dags/tutorial_taskflow_api.py took 0.045 seconds
[2024-09-30T14:25:58.257+0000] {processor.py:186} INFO - Started process (PID=854) to work on /home/airflow/.local/lib/python3.12/site-packages/airflow/example_dags/tutorial_taskflow_api.py
[2024-09-30T14:25:58.257+0000] {processor.py:914} INFO - Processing file /home/airflow/.local/lib/python3.12/site-packages/airflow/example_dags/tutorial_taskflow_api.py for tasks to queue
[2024-09-30T14:25:58.259+0000] {logging_mixin.py:190} INFO - [2024-09-30T14:25:58.259+0000] {dagbag.py:588} INFO - Filling up the DagBag from /home/airflow/.local/lib/python3.12/site-packages/airflow/example_dags/tutorial_taskflow_api.py
[2024-09-30T14:25:58.264+0000] {processor.py:925} INFO - DAG(s) 'tutorial_taskflow_api' retrieved from /home/airflow/.local/lib/python3.12/site-packages/airflow/example_dags/tutorial_taskflow_api.py
[2024-09-30T14:25:58.276+0000] {logging_mixin.py:190} INFO - [2024-09-30T14:25:58.276+0000] {dag.py:3239} INFO - Sync 1 DAGs
[2024-09-30T14:25:58.286+0000] {logging_mixin.py:190} INFO - [2024-09-30T14:25:58.286+0000] {dag.py:4180} INFO - Setting next_dagrun for tutorial_taskflow_api to None, run_after=None
[2024-09-30T14:25:58.300+0000] {processor.py:208} INFO - Processing /home/airflow/.local/lib/python3.12/site-packages/airflow/example_dags/tutorial_taskflow_api.py took 0.047 seconds
[2024-09-30T14:26:29.109+0000] {processor.py:186} INFO - Started process (PID=917) to work on /home/airflow/.local/lib/python3.12/site-packages/airflow/example_dags/tutorial_taskflow_api.py
[2024-09-30T14:26:29.109+0000] {processor.py:914} INFO - Processing file /home/airflow/.local/lib/python3.12/site-packages/airflow/example_dags/tutorial_taskflow_api.py for tasks to queue
[2024-09-30T14:26:29.111+0000] {logging_mixin.py:190} INFO - [2024-09-30T14:26:29.111+0000] {dagbag.py:588} INFO - Filling up the DagBag from /home/airflow/.local/lib/python3.12/site-packages/airflow/example_dags/tutorial_taskflow_api.py
[2024-09-30T14:26:29.116+0000] {processor.py:925} INFO - DAG(s) 'tutorial_taskflow_api' retrieved from /home/airflow/.local/lib/python3.12/site-packages/airflow/example_dags/tutorial_taskflow_api.py
[2024-09-30T14:26:29.129+0000] {logging_mixin.py:190} INFO - [2024-09-30T14:26:29.129+0000] {dag.py:3239} INFO - Sync 1 DAGs
[2024-09-30T14:26:29.139+0000] {logging_mixin.py:190} INFO - [2024-09-30T14:26:29.138+0000] {dag.py:4180} INFO - Setting next_dagrun for tutorial_taskflow_api to None, run_after=None
[2024-09-30T14:26:29.150+0000] {processor.py:208} INFO - Processing /home/airflow/.local/lib/python3.12/site-packages/airflow/example_dags/tutorial_taskflow_api.py took 0.045 seconds
[2024-09-30T14:26:59.749+0000] {processor.py:186} INFO - Started process (PID=980) to work on /home/airflow/.local/lib/python3.12/site-packages/airflow/example_dags/tutorial_taskflow_api.py
[2024-09-30T14:26:59.750+0000] {processor.py:914} INFO - Processing file /home/airflow/.local/lib/python3.12/site-packages/airflow/example_dags/tutorial_taskflow_api.py for tasks to queue
[2024-09-30T14:26:59.751+0000] {logging_mixin.py:190} INFO - [2024-09-30T14:26:59.751+0000] {dagbag.py:588} INFO - Filling up the DagBag from /home/airflow/.local/lib/python3.12/site-packages/airflow/example_dags/tutorial_taskflow_api.py
[2024-09-30T14:26:59.756+0000] {processor.py:925} INFO - DAG(s) 'tutorial_taskflow_api' retrieved from /home/airflow/.local/lib/python3.12/site-packages/airflow/example_dags/tutorial_taskflow_api.py
[2024-09-30T14:26:59.768+0000] {logging_mixin.py:190} INFO - [2024-09-30T14:26:59.768+0000] {dag.py:3239} INFO - Sync 1 DAGs
[2024-09-30T14:26:59.777+0000] {logging_mixin.py:190} INFO - [2024-09-30T14:26:59.777+0000] {dag.py:4180} INFO - Setting next_dagrun for tutorial_taskflow_api to None, run_after=None
[2024-09-30T14:26:59.790+0000] {processor.py:208} INFO - Processing /home/airflow/.local/lib/python3.12/site-packages/airflow/example_dags/tutorial_taskflow_api.py took 0.045 seconds
[2024-09-30T14:27:30.329+0000] {processor.py:186} INFO - Started process (PID=1043) to work on /home/airflow/.local/lib/python3.12/site-packages/airflow/example_dags/tutorial_taskflow_api.py
[2024-09-30T14:27:30.329+0000] {processor.py:914} INFO - Processing file /home/airflow/.local/lib/python3.12/site-packages/airflow/example_dags/tutorial_taskflow_api.py for tasks to queue
[2024-09-30T14:27:30.331+0000] {logging_mixin.py:190} INFO - [2024-09-30T14:27:30.331+0000] {dagbag.py:588} INFO - Filling up the DagBag from /home/airflow/.local/lib/python3.12/site-packages/airflow/example_dags/tutorial_taskflow_api.py
[2024-09-30T14:27:30.336+0000] {processor.py:925} INFO - DAG(s) 'tutorial_taskflow_api' retrieved from /home/airflow/.local/lib/python3.12/site-packages/airflow/example_dags/tutorial_taskflow_api.py
[2024-09-30T14:27:30.348+0000] {logging_mixin.py:190} INFO - [2024-09-30T14:27:30.348+0000] {dag.py:3239} INFO - Sync 1 DAGs
[2024-09-30T14:27:30.358+0000] {logging_mixin.py:190} INFO - [2024-09-30T14:27:30.357+0000] {dag.py:4180} INFO - Setting next_dagrun for tutorial_taskflow_api to None, run_after=None
[2024-09-30T14:27:30.370+0000] {processor.py:208} INFO - Processing /home/airflow/.local/lib/python3.12/site-packages/airflow/example_dags/tutorial_taskflow_api.py took 0.045 seconds
[2024-09-30T14:28:00.950+0000] {processor.py:186} INFO - Started process (PID=1106) to work on /home/airflow/.local/lib/python3.12/site-packages/airflow/example_dags/tutorial_taskflow_api.py
[2024-09-30T14:28:00.951+0000] {processor.py:914} INFO - Processing file /home/airflow/.local/lib/python3.12/site-packages/airflow/example_dags/tutorial_taskflow_api.py for tasks to queue
[2024-09-30T14:28:00.952+0000] {logging_mixin.py:190} INFO - [2024-09-30T14:28:00.952+0000] {dagbag.py:588} INFO - Filling up the DagBag from /home/airflow/.local/lib/python3.12/site-packages/airflow/example_dags/tutorial_taskflow_api.py
[2024-09-30T14:28:00.957+0000] {processor.py:925} INFO - DAG(s) 'tutorial_taskflow_api' retrieved from /home/airflow/.local/lib/python3.12/site-packages/airflow/example_dags/tutorial_taskflow_api.py
[2024-09-30T14:28:00.971+0000] {logging_mixin.py:190} INFO - [2024-09-30T14:28:00.970+0000] {dag.py:3239} INFO - Sync 1 DAGs
[2024-09-30T14:28:00.980+0000] {logging_mixin.py:190} INFO - [2024-09-30T14:28:00.980+0000] {dag.py:4180} INFO - Setting next_dagrun for tutorial_taskflow_api to None, run_after=None
[2024-09-30T14:28:00.992+0000] {processor.py:208} INFO - Processing /home/airflow/.local/lib/python3.12/site-packages/airflow/example_dags/tutorial_taskflow_api.py took 0.045 seconds
[2024-09-30T14:28:31.799+0000] {processor.py:186} INFO - Started process (PID=1169) to work on /home/airflow/.local/lib/python3.12/site-packages/airflow/example_dags/tutorial_taskflow_api.py
[2024-09-30T14:28:31.800+0000] {processor.py:914} INFO - Processing file /home/airflow/.local/lib/python3.12/site-packages/airflow/example_dags/tutorial_taskflow_api.py for tasks to queue
[2024-09-30T14:28:31.802+0000] {logging_mixin.py:190} INFO - [2024-09-30T14:28:31.801+0000] {dagbag.py:588} INFO - Filling up the DagBag from /home/airflow/.local/lib/python3.12/site-packages/airflow/example_dags/tutorial_taskflow_api.py
[2024-09-30T14:28:31.807+0000] {processor.py:925} INFO - DAG(s) 'tutorial_taskflow_api' retrieved from /home/airflow/.local/lib/python3.12/site-packages/airflow/example_dags/tutorial_taskflow_api.py
[2024-09-30T14:28:31.819+0000] {logging_mixin.py:190} INFO - [2024-09-30T14:28:31.819+0000] {dag.py:3239} INFO - Sync 1 DAGs
[2024-09-30T14:28:31.828+0000] {logging_mixin.py:190} INFO - [2024-09-30T14:28:31.828+0000] {dag.py:4180} INFO - Setting next_dagrun for tutorial_taskflow_api to None, run_after=None
[2024-09-30T14:28:31.840+0000] {processor.py:208} INFO - Processing /home/airflow/.local/lib/python3.12/site-packages/airflow/example_dags/tutorial_taskflow_api.py took 0.045 seconds
[2024-09-30T14:29:02.426+0000] {processor.py:186} INFO - Started process (PID=1234) to work on /home/airflow/.local/lib/python3.12/site-packages/airflow/example_dags/tutorial_taskflow_api.py
[2024-09-30T14:29:02.427+0000] {processor.py:914} INFO - Processing file /home/airflow/.local/lib/python3.12/site-packages/airflow/example_dags/tutorial_taskflow_api.py for tasks to queue
[2024-09-30T14:29:02.428+0000] {logging_mixin.py:190} INFO - [2024-09-30T14:29:02.428+0000] {dagbag.py:588} INFO - Filling up the DagBag from /home/airflow/.local/lib/python3.12/site-packages/airflow/example_dags/tutorial_taskflow_api.py
[2024-09-30T14:29:02.433+0000] {processor.py:925} INFO - DAG(s) 'tutorial_taskflow_api' retrieved from /home/airflow/.local/lib/python3.12/site-packages/airflow/example_dags/tutorial_taskflow_api.py
[2024-09-30T14:29:02.446+0000] {logging_mixin.py:190} INFO - [2024-09-30T14:29:02.446+0000] {dag.py:3239} INFO - Sync 1 DAGs
[2024-09-30T14:29:02.455+0000] {logging_mixin.py:190} INFO - [2024-09-30T14:29:02.455+0000] {dag.py:4180} INFO - Setting next_dagrun for tutorial_taskflow_api to None, run_after=None
[2024-09-30T14:29:02.467+0000] {processor.py:208} INFO - Processing /home/airflow/.local/lib/python3.12/site-packages/airflow/example_dags/tutorial_taskflow_api.py took 0.045 seconds
[2024-09-30T14:29:32.970+0000] {processor.py:186} INFO - Started process (PID=1297) to work on /home/airflow/.local/lib/python3.12/site-packages/airflow/example_dags/tutorial_taskflow_api.py
[2024-09-30T14:29:32.970+0000] {processor.py:914} INFO - Processing file /home/airflow/.local/lib/python3.12/site-packages/airflow/example_dags/tutorial_taskflow_api.py for tasks to queue
[2024-09-30T14:29:32.972+0000] {logging_mixin.py:190} INFO - [2024-09-30T14:29:32.972+0000] {dagbag.py:588} INFO - Filling up the DagBag from /home/airflow/.local/lib/python3.12/site-packages/airflow/example_dags/tutorial_taskflow_api.py
[2024-09-30T14:29:32.978+0000] {processor.py:925} INFO - DAG(s) 'tutorial_taskflow_api' retrieved from /home/airflow/.local/lib/python3.12/site-packages/airflow/example_dags/tutorial_taskflow_api.py
[2024-09-30T14:29:32.991+0000] {logging_mixin.py:190} INFO - [2024-09-30T14:29:32.991+0000] {dag.py:3239} INFO - Sync 1 DAGs
[2024-09-30T14:29:33.001+0000] {logging_mixin.py:190} INFO - [2024-09-30T14:29:33.001+0000] {dag.py:4180} INFO - Setting next_dagrun for tutorial_taskflow_api to None, run_after=None
[2024-09-30T14:29:33.013+0000] {processor.py:208} INFO - Processing /home/airflow/.local/lib/python3.12/site-packages/airflow/example_dags/tutorial_taskflow_api.py took 0.047 seconds
[2024-09-30T14:29:54.711+0000] {processor.py:186} INFO - Started process (PID=98) to work on /home/airflow/.local/lib/python3.12/site-packages/airflow/example_dags/tutorial_taskflow_api.py
[2024-09-30T14:29:54.712+0000] {processor.py:914} INFO - Processing file /home/airflow/.local/lib/python3.12/site-packages/airflow/example_dags/tutorial_taskflow_api.py for tasks to queue
[2024-09-30T14:29:54.713+0000] {logging_mixin.py:190} INFO - [2024-09-30T14:29:54.713+0000] {dagbag.py:588} INFO - Filling up the DagBag from /home/airflow/.local/lib/python3.12/site-packages/airflow/example_dags/tutorial_taskflow_api.py
[2024-09-30T14:29:54.719+0000] {processor.py:925} INFO - DAG(s) 'tutorial_taskflow_api' retrieved from /home/airflow/.local/lib/python3.12/site-packages/airflow/example_dags/tutorial_taskflow_api.py
[2024-09-30T14:29:54.732+0000] {logging_mixin.py:190} INFO - [2024-09-30T14:29:54.732+0000] {dag.py:3239} INFO - Sync 1 DAGs
[2024-09-30T14:29:54.743+0000] {logging_mixin.py:190} INFO - [2024-09-30T14:29:54.743+0000] {dag.py:4180} INFO - Setting next_dagrun for tutorial_taskflow_api to None, run_after=None
[2024-09-30T14:29:54.756+0000] {processor.py:208} INFO - Processing /home/airflow/.local/lib/python3.12/site-packages/airflow/example_dags/tutorial_taskflow_api.py took 0.049 seconds
[2024-09-30T14:30:25.491+0000] {processor.py:186} INFO - Started process (PID=160) to work on /home/airflow/.local/lib/python3.12/site-packages/airflow/example_dags/tutorial_taskflow_api.py
[2024-09-30T14:30:25.492+0000] {processor.py:914} INFO - Processing file /home/airflow/.local/lib/python3.12/site-packages/airflow/example_dags/tutorial_taskflow_api.py for tasks to queue
[2024-09-30T14:30:25.493+0000] {logging_mixin.py:190} INFO - [2024-09-30T14:30:25.493+0000] {dagbag.py:588} INFO - Filling up the DagBag from /home/airflow/.local/lib/python3.12/site-packages/airflow/example_dags/tutorial_taskflow_api.py
[2024-09-30T14:30:25.498+0000] {processor.py:925} INFO - DAG(s) 'tutorial_taskflow_api' retrieved from /home/airflow/.local/lib/python3.12/site-packages/airflow/example_dags/tutorial_taskflow_api.py
[2024-09-30T14:30:25.511+0000] {logging_mixin.py:190} INFO - [2024-09-30T14:30:25.511+0000] {dag.py:3239} INFO - Sync 1 DAGs
[2024-09-30T14:30:25.521+0000] {logging_mixin.py:190} INFO - [2024-09-30T14:30:25.521+0000] {dag.py:4180} INFO - Setting next_dagrun for tutorial_taskflow_api to None, run_after=None
[2024-09-30T14:30:25.534+0000] {processor.py:208} INFO - Processing /home/airflow/.local/lib/python3.12/site-packages/airflow/example_dags/tutorial_taskflow_api.py took 0.046 seconds
[2024-09-30T14:30:56.252+0000] {processor.py:186} INFO - Started process (PID=223) to work on /home/airflow/.local/lib/python3.12/site-packages/airflow/example_dags/tutorial_taskflow_api.py
[2024-09-30T14:30:56.252+0000] {processor.py:914} INFO - Processing file /home/airflow/.local/lib/python3.12/site-packages/airflow/example_dags/tutorial_taskflow_api.py for tasks to queue
[2024-09-30T14:30:56.254+0000] {logging_mixin.py:190} INFO - [2024-09-30T14:30:56.254+0000] {dagbag.py:588} INFO - Filling up the DagBag from /home/airflow/.local/lib/python3.12/site-packages/airflow/example_dags/tutorial_taskflow_api.py
[2024-09-30T14:30:56.259+0000] {processor.py:925} INFO - DAG(s) 'tutorial_taskflow_api' retrieved from /home/airflow/.local/lib/python3.12/site-packages/airflow/example_dags/tutorial_taskflow_api.py
[2024-09-30T14:30:56.271+0000] {logging_mixin.py:190} INFO - [2024-09-30T14:30:56.271+0000] {dag.py:3239} INFO - Sync 1 DAGs
[2024-09-30T14:30:56.281+0000] {logging_mixin.py:190} INFO - [2024-09-30T14:30:56.281+0000] {dag.py:4180} INFO - Setting next_dagrun for tutorial_taskflow_api to None, run_after=None
[2024-09-30T14:30:56.296+0000] {processor.py:208} INFO - Processing /home/airflow/.local/lib/python3.12/site-packages/airflow/example_dags/tutorial_taskflow_api.py took 0.048 seconds
[2024-09-30T14:31:27.024+0000] {processor.py:186} INFO - Started process (PID=287) to work on /home/airflow/.local/lib/python3.12/site-packages/airflow/example_dags/tutorial_taskflow_api.py
[2024-09-30T14:31:27.025+0000] {processor.py:914} INFO - Processing file /home/airflow/.local/lib/python3.12/site-packages/airflow/example_dags/tutorial_taskflow_api.py for tasks to queue
[2024-09-30T14:31:27.026+0000] {logging_mixin.py:190} INFO - [2024-09-30T14:31:27.026+0000] {dagbag.py:588} INFO - Filling up the DagBag from /home/airflow/.local/lib/python3.12/site-packages/airflow/example_dags/tutorial_taskflow_api.py
[2024-09-30T14:31:27.031+0000] {processor.py:925} INFO - DAG(s) 'tutorial_taskflow_api' retrieved from /home/airflow/.local/lib/python3.12/site-packages/airflow/example_dags/tutorial_taskflow_api.py
[2024-09-30T14:31:27.043+0000] {logging_mixin.py:190} INFO - [2024-09-30T14:31:27.043+0000] {dag.py:3239} INFO - Sync 1 DAGs
[2024-09-30T14:31:27.053+0000] {logging_mixin.py:190} INFO - [2024-09-30T14:31:27.052+0000] {dag.py:4180} INFO - Setting next_dagrun for tutorial_taskflow_api to None, run_after=None
[2024-09-30T14:31:27.065+0000] {processor.py:208} INFO - Processing /home/airflow/.local/lib/python3.12/site-packages/airflow/example_dags/tutorial_taskflow_api.py took 0.045 seconds
[2024-09-30T14:31:57.674+0000] {processor.py:186} INFO - Started process (PID=350) to work on /home/airflow/.local/lib/python3.12/site-packages/airflow/example_dags/tutorial_taskflow_api.py
[2024-09-30T14:31:57.674+0000] {processor.py:914} INFO - Processing file /home/airflow/.local/lib/python3.12/site-packages/airflow/example_dags/tutorial_taskflow_api.py for tasks to queue
[2024-09-30T14:31:57.676+0000] {logging_mixin.py:190} INFO - [2024-09-30T14:31:57.676+0000] {dagbag.py:588} INFO - Filling up the DagBag from /home/airflow/.local/lib/python3.12/site-packages/airflow/example_dags/tutorial_taskflow_api.py
[2024-09-30T14:31:57.681+0000] {processor.py:925} INFO - DAG(s) 'tutorial_taskflow_api' retrieved from /home/airflow/.local/lib/python3.12/site-packages/airflow/example_dags/tutorial_taskflow_api.py
[2024-09-30T14:31:57.694+0000] {logging_mixin.py:190} INFO - [2024-09-30T14:31:57.694+0000] {dag.py:3239} INFO - Sync 1 DAGs
[2024-09-30T14:31:57.704+0000] {logging_mixin.py:190} INFO - [2024-09-30T14:31:57.704+0000] {dag.py:4180} INFO - Setting next_dagrun for tutorial_taskflow_api to None, run_after=None
[2024-09-30T14:31:57.717+0000] {processor.py:208} INFO - Processing /home/airflow/.local/lib/python3.12/site-packages/airflow/example_dags/tutorial_taskflow_api.py took 0.047 seconds
[2024-09-30T14:32:28.443+0000] {processor.py:186} INFO - Started process (PID=413) to work on /home/airflow/.local/lib/python3.12/site-packages/airflow/example_dags/tutorial_taskflow_api.py
[2024-09-30T14:32:28.444+0000] {processor.py:914} INFO - Processing file /home/airflow/.local/lib/python3.12/site-packages/airflow/example_dags/tutorial_taskflow_api.py for tasks to queue
[2024-09-30T14:32:28.445+0000] {logging_mixin.py:190} INFO - [2024-09-30T14:32:28.445+0000] {dagbag.py:588} INFO - Filling up the DagBag from /home/airflow/.local/lib/python3.12/site-packages/airflow/example_dags/tutorial_taskflow_api.py
[2024-09-30T14:32:28.450+0000] {processor.py:925} INFO - DAG(s) 'tutorial_taskflow_api' retrieved from /home/airflow/.local/lib/python3.12/site-packages/airflow/example_dags/tutorial_taskflow_api.py
[2024-09-30T14:32:28.463+0000] {logging_mixin.py:190} INFO - [2024-09-30T14:32:28.463+0000] {dag.py:3239} INFO - Sync 1 DAGs
[2024-09-30T14:32:28.472+0000] {logging_mixin.py:190} INFO - [2024-09-30T14:32:28.472+0000] {dag.py:4180} INFO - Setting next_dagrun for tutorial_taskflow_api to None, run_after=None
[2024-09-30T14:32:28.484+0000] {processor.py:208} INFO - Processing /home/airflow/.local/lib/python3.12/site-packages/airflow/example_dags/tutorial_taskflow_api.py took 0.044 seconds
[2024-09-30T14:32:59.235+0000] {processor.py:186} INFO - Started process (PID=476) to work on /home/airflow/.local/lib/python3.12/site-packages/airflow/example_dags/tutorial_taskflow_api.py
[2024-09-30T14:32:59.236+0000] {processor.py:914} INFO - Processing file /home/airflow/.local/lib/python3.12/site-packages/airflow/example_dags/tutorial_taskflow_api.py for tasks to queue
[2024-09-30T14:32:59.238+0000] {logging_mixin.py:190} INFO - [2024-09-30T14:32:59.237+0000] {dagbag.py:588} INFO - Filling up the DagBag from /home/airflow/.local/lib/python3.12/site-packages/airflow/example_dags/tutorial_taskflow_api.py
[2024-09-30T14:32:59.242+0000] {processor.py:925} INFO - DAG(s) 'tutorial_taskflow_api' retrieved from /home/airflow/.local/lib/python3.12/site-packages/airflow/example_dags/tutorial_taskflow_api.py
[2024-09-30T14:32:59.257+0000] {logging_mixin.py:190} INFO - [2024-09-30T14:32:59.257+0000] {dag.py:3239} INFO - Sync 1 DAGs
[2024-09-30T14:32:59.266+0000] {logging_mixin.py:190} INFO - [2024-09-30T14:32:59.266+0000] {dag.py:4180} INFO - Setting next_dagrun for tutorial_taskflow_api to None, run_after=None
[2024-09-30T14:32:59.279+0000] {processor.py:208} INFO - Processing /home/airflow/.local/lib/python3.12/site-packages/airflow/example_dags/tutorial_taskflow_api.py took 0.047 seconds
[2024-09-30T14:33:30.018+0000] {processor.py:186} INFO - Started process (PID=539) to work on /home/airflow/.local/lib/python3.12/site-packages/airflow/example_dags/tutorial_taskflow_api.py
[2024-09-30T14:33:30.019+0000] {processor.py:914} INFO - Processing file /home/airflow/.local/lib/python3.12/site-packages/airflow/example_dags/tutorial_taskflow_api.py for tasks to queue
[2024-09-30T14:33:30.020+0000] {logging_mixin.py:190} INFO - [2024-09-30T14:33:30.020+0000] {dagbag.py:588} INFO - Filling up the DagBag from /home/airflow/.local/lib/python3.12/site-packages/airflow/example_dags/tutorial_taskflow_api.py
[2024-09-30T14:33:30.026+0000] {processor.py:925} INFO - DAG(s) 'tutorial_taskflow_api' retrieved from /home/airflow/.local/lib/python3.12/site-packages/airflow/example_dags/tutorial_taskflow_api.py
[2024-09-30T14:33:30.038+0000] {logging_mixin.py:190} INFO - [2024-09-30T14:33:30.038+0000] {dag.py:3239} INFO - Sync 1 DAGs
[2024-09-30T14:33:30.047+0000] {logging_mixin.py:190} INFO - [2024-09-30T14:33:30.047+0000] {dag.py:4180} INFO - Setting next_dagrun for tutorial_taskflow_api to None, run_after=None
[2024-09-30T14:33:30.062+0000] {processor.py:208} INFO - Processing /home/airflow/.local/lib/python3.12/site-packages/airflow/example_dags/tutorial_taskflow_api.py took 0.047 seconds
[2024-09-30T14:34:01.285+0000] {processor.py:186} INFO - Started process (PID=602) to work on /home/airflow/.local/lib/python3.12/site-packages/airflow/example_dags/tutorial_taskflow_api.py
[2024-09-30T14:34:01.286+0000] {processor.py:914} INFO - Processing file /home/airflow/.local/lib/python3.12/site-packages/airflow/example_dags/tutorial_taskflow_api.py for tasks to queue
[2024-09-30T14:34:01.288+0000] {logging_mixin.py:190} INFO - [2024-09-30T14:34:01.287+0000] {dagbag.py:588} INFO - Filling up the DagBag from /home/airflow/.local/lib/python3.12/site-packages/airflow/example_dags/tutorial_taskflow_api.py
[2024-09-30T14:34:01.295+0000] {processor.py:925} INFO - DAG(s) 'tutorial_taskflow_api' retrieved from /home/airflow/.local/lib/python3.12/site-packages/airflow/example_dags/tutorial_taskflow_api.py
[2024-09-30T14:34:01.326+0000] {logging_mixin.py:190} INFO - [2024-09-30T14:34:01.326+0000] {dag.py:3239} INFO - Sync 1 DAGs
[2024-09-30T14:34:01.362+0000] {logging_mixin.py:190} INFO - [2024-09-30T14:34:01.362+0000] {dag.py:4180} INFO - Setting next_dagrun for tutorial_taskflow_api to None, run_after=None
[2024-09-30T14:34:01.383+0000] {processor.py:208} INFO - Processing /home/airflow/.local/lib/python3.12/site-packages/airflow/example_dags/tutorial_taskflow_api.py took 0.101 seconds
[2024-09-30T14:34:32.528+0000] {processor.py:186} INFO - Started process (PID=665) to work on /home/airflow/.local/lib/python3.12/site-packages/airflow/example_dags/tutorial_taskflow_api.py
[2024-09-30T14:34:32.529+0000] {processor.py:914} INFO - Processing file /home/airflow/.local/lib/python3.12/site-packages/airflow/example_dags/tutorial_taskflow_api.py for tasks to queue
[2024-09-30T14:34:32.530+0000] {logging_mixin.py:190} INFO - [2024-09-30T14:34:32.530+0000] {dagbag.py:588} INFO - Filling up the DagBag from /home/airflow/.local/lib/python3.12/site-packages/airflow/example_dags/tutorial_taskflow_api.py
[2024-09-30T14:34:32.536+0000] {processor.py:925} INFO - DAG(s) 'tutorial_taskflow_api' retrieved from /home/airflow/.local/lib/python3.12/site-packages/airflow/example_dags/tutorial_taskflow_api.py
[2024-09-30T14:34:32.548+0000] {logging_mixin.py:190} INFO - [2024-09-30T14:34:32.548+0000] {dag.py:3239} INFO - Sync 1 DAGs
[2024-09-30T14:34:32.559+0000] {logging_mixin.py:190} INFO - [2024-09-30T14:34:32.559+0000] {dag.py:4180} INFO - Setting next_dagrun for tutorial_taskflow_api to None, run_after=None
[2024-09-30T14:34:32.573+0000] {processor.py:208} INFO - Processing /home/airflow/.local/lib/python3.12/site-packages/airflow/example_dags/tutorial_taskflow_api.py took 0.048 seconds
[2024-09-30T14:35:03.335+0000] {processor.py:186} INFO - Started process (PID=728) to work on /home/airflow/.local/lib/python3.12/site-packages/airflow/example_dags/tutorial_taskflow_api.py
[2024-09-30T14:35:03.336+0000] {processor.py:914} INFO - Processing file /home/airflow/.local/lib/python3.12/site-packages/airflow/example_dags/tutorial_taskflow_api.py for tasks to queue
[2024-09-30T14:35:03.338+0000] {logging_mixin.py:190} INFO - [2024-09-30T14:35:03.337+0000] {dagbag.py:588} INFO - Filling up the DagBag from /home/airflow/.local/lib/python3.12/site-packages/airflow/example_dags/tutorial_taskflow_api.py
[2024-09-30T14:35:03.343+0000] {processor.py:925} INFO - DAG(s) 'tutorial_taskflow_api' retrieved from /home/airflow/.local/lib/python3.12/site-packages/airflow/example_dags/tutorial_taskflow_api.py
[2024-09-30T14:35:03.354+0000] {logging_mixin.py:190} INFO - [2024-09-30T14:35:03.354+0000] {dag.py:3239} INFO - Sync 1 DAGs
[2024-09-30T14:35:03.363+0000] {logging_mixin.py:190} INFO - [2024-09-30T14:35:03.363+0000] {dag.py:4180} INFO - Setting next_dagrun for tutorial_taskflow_api to None, run_after=None
[2024-09-30T14:35:03.376+0000] {processor.py:208} INFO - Processing /home/airflow/.local/lib/python3.12/site-packages/airflow/example_dags/tutorial_taskflow_api.py took 0.044 seconds
[2024-09-30T14:35:33.971+0000] {processor.py:186} INFO - Started process (PID=791) to work on /home/airflow/.local/lib/python3.12/site-packages/airflow/example_dags/tutorial_taskflow_api.py
[2024-09-30T14:35:33.971+0000] {processor.py:914} INFO - Processing file /home/airflow/.local/lib/python3.12/site-packages/airflow/example_dags/tutorial_taskflow_api.py for tasks to queue
[2024-09-30T14:35:33.973+0000] {logging_mixin.py:190} INFO - [2024-09-30T14:35:33.973+0000] {dagbag.py:588} INFO - Filling up the DagBag from /home/airflow/.local/lib/python3.12/site-packages/airflow/example_dags/tutorial_taskflow_api.py
[2024-09-30T14:35:33.978+0000] {processor.py:925} INFO - DAG(s) 'tutorial_taskflow_api' retrieved from /home/airflow/.local/lib/python3.12/site-packages/airflow/example_dags/tutorial_taskflow_api.py
[2024-09-30T14:35:33.990+0000] {logging_mixin.py:190} INFO - [2024-09-30T14:35:33.990+0000] {dag.py:3239} INFO - Sync 1 DAGs
[2024-09-30T14:35:34.000+0000] {logging_mixin.py:190} INFO - [2024-09-30T14:35:34.000+0000] {dag.py:4180} INFO - Setting next_dagrun for tutorial_taskflow_api to None, run_after=None
[2024-09-30T14:35:34.012+0000] {processor.py:208} INFO - Processing /home/airflow/.local/lib/python3.12/site-packages/airflow/example_dags/tutorial_taskflow_api.py took 0.044 seconds
[2024-09-30T14:36:04.788+0000] {processor.py:186} INFO - Started process (PID=854) to work on /home/airflow/.local/lib/python3.12/site-packages/airflow/example_dags/tutorial_taskflow_api.py
[2024-09-30T14:36:04.789+0000] {processor.py:914} INFO - Processing file /home/airflow/.local/lib/python3.12/site-packages/airflow/example_dags/tutorial_taskflow_api.py for tasks to queue
[2024-09-30T14:36:04.790+0000] {logging_mixin.py:190} INFO - [2024-09-30T14:36:04.790+0000] {dagbag.py:588} INFO - Filling up the DagBag from /home/airflow/.local/lib/python3.12/site-packages/airflow/example_dags/tutorial_taskflow_api.py
[2024-09-30T14:36:04.796+0000] {processor.py:925} INFO - DAG(s) 'tutorial_taskflow_api' retrieved from /home/airflow/.local/lib/python3.12/site-packages/airflow/example_dags/tutorial_taskflow_api.py
[2024-09-30T14:36:04.810+0000] {logging_mixin.py:190} INFO - [2024-09-30T14:36:04.810+0000] {dag.py:3239} INFO - Sync 1 DAGs
[2024-09-30T14:36:04.822+0000] {logging_mixin.py:190} INFO - [2024-09-30T14:36:04.821+0000] {dag.py:4180} INFO - Setting next_dagrun for tutorial_taskflow_api to None, run_after=None
[2024-09-30T14:36:04.835+0000] {processor.py:208} INFO - Processing /home/airflow/.local/lib/python3.12/site-packages/airflow/example_dags/tutorial_taskflow_api.py took 0.051 seconds
[2024-09-30T14:36:42.790+0000] {processor.py:186} INFO - Started process (PID=98) to work on /home/airflow/.local/lib/python3.12/site-packages/airflow/example_dags/tutorial_taskflow_api.py
[2024-09-30T14:36:42.790+0000] {processor.py:914} INFO - Processing file /home/airflow/.local/lib/python3.12/site-packages/airflow/example_dags/tutorial_taskflow_api.py for tasks to queue
[2024-09-30T14:36:42.792+0000] {logging_mixin.py:190} INFO - [2024-09-30T14:36:42.792+0000] {dagbag.py:588} INFO - Filling up the DagBag from /home/airflow/.local/lib/python3.12/site-packages/airflow/example_dags/tutorial_taskflow_api.py
[2024-09-30T14:36:42.797+0000] {processor.py:925} INFO - DAG(s) 'tutorial_taskflow_api' retrieved from /home/airflow/.local/lib/python3.12/site-packages/airflow/example_dags/tutorial_taskflow_api.py
[2024-09-30T14:36:42.810+0000] {logging_mixin.py:190} INFO - [2024-09-30T14:36:42.810+0000] {dag.py:3239} INFO - Sync 1 DAGs
[2024-09-30T14:36:42.823+0000] {logging_mixin.py:190} INFO - [2024-09-30T14:36:42.823+0000] {dag.py:4180} INFO - Setting next_dagrun for tutorial_taskflow_api to None, run_after=None
[2024-09-30T14:36:42.837+0000] {processor.py:208} INFO - Processing /home/airflow/.local/lib/python3.12/site-packages/airflow/example_dags/tutorial_taskflow_api.py took 0.051 seconds
[2024-09-30T14:37:13.390+0000] {processor.py:186} INFO - Started process (PID=160) to work on /home/airflow/.local/lib/python3.12/site-packages/airflow/example_dags/tutorial_taskflow_api.py
[2024-09-30T14:37:13.391+0000] {processor.py:914} INFO - Processing file /home/airflow/.local/lib/python3.12/site-packages/airflow/example_dags/tutorial_taskflow_api.py for tasks to queue
[2024-09-30T14:37:13.392+0000] {logging_mixin.py:190} INFO - [2024-09-30T14:37:13.392+0000] {dagbag.py:588} INFO - Filling up the DagBag from /home/airflow/.local/lib/python3.12/site-packages/airflow/example_dags/tutorial_taskflow_api.py
[2024-09-30T14:37:13.397+0000] {processor.py:925} INFO - DAG(s) 'tutorial_taskflow_api' retrieved from /home/airflow/.local/lib/python3.12/site-packages/airflow/example_dags/tutorial_taskflow_api.py
[2024-09-30T14:37:13.413+0000] {logging_mixin.py:190} INFO - [2024-09-30T14:37:13.413+0000] {dag.py:3239} INFO - Sync 1 DAGs
[2024-09-30T14:37:13.426+0000] {logging_mixin.py:190} INFO - [2024-09-30T14:37:13.425+0000] {dag.py:4180} INFO - Setting next_dagrun for tutorial_taskflow_api to None, run_after=None
[2024-09-30T14:37:13.439+0000] {processor.py:208} INFO - Processing /home/airflow/.local/lib/python3.12/site-packages/airflow/example_dags/tutorial_taskflow_api.py took 0.053 seconds
[2024-09-30T14:37:44.440+0000] {processor.py:186} INFO - Started process (PID=224) to work on /home/airflow/.local/lib/python3.12/site-packages/airflow/example_dags/tutorial_taskflow_api.py
[2024-09-30T14:37:44.441+0000] {processor.py:914} INFO - Processing file /home/airflow/.local/lib/python3.12/site-packages/airflow/example_dags/tutorial_taskflow_api.py for tasks to queue
[2024-09-30T14:37:44.442+0000] {logging_mixin.py:190} INFO - [2024-09-30T14:37:44.442+0000] {dagbag.py:588} INFO - Filling up the DagBag from /home/airflow/.local/lib/python3.12/site-packages/airflow/example_dags/tutorial_taskflow_api.py
[2024-09-30T14:37:44.447+0000] {processor.py:925} INFO - DAG(s) 'tutorial_taskflow_api' retrieved from /home/airflow/.local/lib/python3.12/site-packages/airflow/example_dags/tutorial_taskflow_api.py
[2024-09-30T14:37:44.461+0000] {logging_mixin.py:190} INFO - [2024-09-30T14:37:44.461+0000] {dag.py:3239} INFO - Sync 1 DAGs
[2024-09-30T14:37:44.472+0000] {logging_mixin.py:190} INFO - [2024-09-30T14:37:44.472+0000] {dag.py:4180} INFO - Setting next_dagrun for tutorial_taskflow_api to None, run_after=None
[2024-09-30T14:37:44.486+0000] {processor.py:208} INFO - Processing /home/airflow/.local/lib/python3.12/site-packages/airflow/example_dags/tutorial_taskflow_api.py took 0.050 seconds
[2024-09-30T14:38:15.227+0000] {processor.py:186} INFO - Started process (PID=286) to work on /home/airflow/.local/lib/python3.12/site-packages/airflow/example_dags/tutorial_taskflow_api.py
[2024-09-30T14:38:15.228+0000] {processor.py:914} INFO - Processing file /home/airflow/.local/lib/python3.12/site-packages/airflow/example_dags/tutorial_taskflow_api.py for tasks to queue
[2024-09-30T14:38:15.229+0000] {logging_mixin.py:190} INFO - [2024-09-30T14:38:15.229+0000] {dagbag.py:588} INFO - Filling up the DagBag from /home/airflow/.local/lib/python3.12/site-packages/airflow/example_dags/tutorial_taskflow_api.py
[2024-09-30T14:38:15.235+0000] {processor.py:925} INFO - DAG(s) 'tutorial_taskflow_api' retrieved from /home/airflow/.local/lib/python3.12/site-packages/airflow/example_dags/tutorial_taskflow_api.py
[2024-09-30T14:38:15.248+0000] {logging_mixin.py:190} INFO - [2024-09-30T14:38:15.248+0000] {dag.py:3239} INFO - Sync 1 DAGs
[2024-09-30T14:38:15.257+0000] {logging_mixin.py:190} INFO - [2024-09-30T14:38:15.257+0000] {dag.py:4180} INFO - Setting next_dagrun for tutorial_taskflow_api to None, run_after=None
[2024-09-30T14:38:15.270+0000] {processor.py:208} INFO - Processing /home/airflow/.local/lib/python3.12/site-packages/airflow/example_dags/tutorial_taskflow_api.py took 0.046 seconds
[2024-09-30T14:38:45.876+0000] {processor.py:186} INFO - Started process (PID=350) to work on /home/airflow/.local/lib/python3.12/site-packages/airflow/example_dags/tutorial_taskflow_api.py
[2024-09-30T14:38:45.876+0000] {processor.py:914} INFO - Processing file /home/airflow/.local/lib/python3.12/site-packages/airflow/example_dags/tutorial_taskflow_api.py for tasks to queue
[2024-09-30T14:38:45.878+0000] {logging_mixin.py:190} INFO - [2024-09-30T14:38:45.878+0000] {dagbag.py:588} INFO - Filling up the DagBag from /home/airflow/.local/lib/python3.12/site-packages/airflow/example_dags/tutorial_taskflow_api.py
[2024-09-30T14:38:45.883+0000] {processor.py:925} INFO - DAG(s) 'tutorial_taskflow_api' retrieved from /home/airflow/.local/lib/python3.12/site-packages/airflow/example_dags/tutorial_taskflow_api.py
[2024-09-30T14:38:45.895+0000] {logging_mixin.py:190} INFO - [2024-09-30T14:38:45.895+0000] {dag.py:3239} INFO - Sync 1 DAGs
[2024-09-30T14:38:45.905+0000] {logging_mixin.py:190} INFO - [2024-09-30T14:38:45.904+0000] {dag.py:4180} INFO - Setting next_dagrun for tutorial_taskflow_api to None, run_after=None
[2024-09-30T14:38:45.917+0000] {processor.py:208} INFO - Processing /home/airflow/.local/lib/python3.12/site-packages/airflow/example_dags/tutorial_taskflow_api.py took 0.045 seconds
[2024-09-30T14:39:16.721+0000] {processor.py:186} INFO - Started process (PID=413) to work on /home/airflow/.local/lib/python3.12/site-packages/airflow/example_dags/tutorial_taskflow_api.py
[2024-09-30T14:39:16.722+0000] {processor.py:914} INFO - Processing file /home/airflow/.local/lib/python3.12/site-packages/airflow/example_dags/tutorial_taskflow_api.py for tasks to queue
[2024-09-30T14:39:16.723+0000] {logging_mixin.py:190} INFO - [2024-09-30T14:39:16.723+0000] {dagbag.py:588} INFO - Filling up the DagBag from /home/airflow/.local/lib/python3.12/site-packages/airflow/example_dags/tutorial_taskflow_api.py
[2024-09-30T14:39:16.728+0000] {processor.py:925} INFO - DAG(s) 'tutorial_taskflow_api' retrieved from /home/airflow/.local/lib/python3.12/site-packages/airflow/example_dags/tutorial_taskflow_api.py
[2024-09-30T14:39:16.740+0000] {logging_mixin.py:190} INFO - [2024-09-30T14:39:16.740+0000] {dag.py:3239} INFO - Sync 1 DAGs
[2024-09-30T14:39:16.749+0000] {logging_mixin.py:190} INFO - [2024-09-30T14:39:16.749+0000] {dag.py:4180} INFO - Setting next_dagrun for tutorial_taskflow_api to None, run_after=None
[2024-09-30T14:39:16.762+0000] {processor.py:208} INFO - Processing /home/airflow/.local/lib/python3.12/site-packages/airflow/example_dags/tutorial_taskflow_api.py took 0.044 seconds
[2024-09-30T14:39:43.481+0000] {processor.py:186} INFO - Started process (PID=98) to work on /home/airflow/.local/lib/python3.12/site-packages/airflow/example_dags/tutorial_taskflow_api.py
[2024-09-30T14:39:43.482+0000] {processor.py:914} INFO - Processing file /home/airflow/.local/lib/python3.12/site-packages/airflow/example_dags/tutorial_taskflow_api.py for tasks to queue
[2024-09-30T14:39:43.483+0000] {logging_mixin.py:190} INFO - [2024-09-30T14:39:43.483+0000] {dagbag.py:588} INFO - Filling up the DagBag from /home/airflow/.local/lib/python3.12/site-packages/airflow/example_dags/tutorial_taskflow_api.py
[2024-09-30T14:39:43.489+0000] {processor.py:925} INFO - DAG(s) 'tutorial_taskflow_api' retrieved from /home/airflow/.local/lib/python3.12/site-packages/airflow/example_dags/tutorial_taskflow_api.py
[2024-09-30T14:39:43.501+0000] {logging_mixin.py:190} INFO - [2024-09-30T14:39:43.501+0000] {dag.py:3239} INFO - Sync 1 DAGs
[2024-09-30T14:39:43.513+0000] {logging_mixin.py:190} INFO - [2024-09-30T14:39:43.513+0000] {dag.py:4180} INFO - Setting next_dagrun for tutorial_taskflow_api to None, run_after=None
[2024-09-30T14:39:43.526+0000] {processor.py:208} INFO - Processing /home/airflow/.local/lib/python3.12/site-packages/airflow/example_dags/tutorial_taskflow_api.py took 0.048 seconds
[2024-09-30T14:40:14.400+0000] {processor.py:186} INFO - Started process (PID=161) to work on /home/airflow/.local/lib/python3.12/site-packages/airflow/example_dags/tutorial_taskflow_api.py
[2024-09-30T14:40:14.401+0000] {processor.py:914} INFO - Processing file /home/airflow/.local/lib/python3.12/site-packages/airflow/example_dags/tutorial_taskflow_api.py for tasks to queue
[2024-09-30T14:40:14.402+0000] {logging_mixin.py:190} INFO - [2024-09-30T14:40:14.402+0000] {dagbag.py:588} INFO - Filling up the DagBag from /home/airflow/.local/lib/python3.12/site-packages/airflow/example_dags/tutorial_taskflow_api.py
[2024-09-30T14:40:14.407+0000] {processor.py:925} INFO - DAG(s) 'tutorial_taskflow_api' retrieved from /home/airflow/.local/lib/python3.12/site-packages/airflow/example_dags/tutorial_taskflow_api.py
[2024-09-30T14:40:14.421+0000] {logging_mixin.py:190} INFO - [2024-09-30T14:40:14.420+0000] {dag.py:3239} INFO - Sync 1 DAGs
[2024-09-30T14:40:14.431+0000] {logging_mixin.py:190} INFO - [2024-09-30T14:40:14.430+0000] {dag.py:4180} INFO - Setting next_dagrun for tutorial_taskflow_api to None, run_after=None
[2024-09-30T14:40:14.443+0000] {processor.py:208} INFO - Processing /home/airflow/.local/lib/python3.12/site-packages/airflow/example_dags/tutorial_taskflow_api.py took 0.047 seconds
[2024-09-30T14:40:45.254+0000] {processor.py:186} INFO - Started process (PID=224) to work on /home/airflow/.local/lib/python3.12/site-packages/airflow/example_dags/tutorial_taskflow_api.py
[2024-09-30T14:40:45.255+0000] {processor.py:914} INFO - Processing file /home/airflow/.local/lib/python3.12/site-packages/airflow/example_dags/tutorial_taskflow_api.py for tasks to queue
[2024-09-30T14:40:45.256+0000] {logging_mixin.py:190} INFO - [2024-09-30T14:40:45.256+0000] {dagbag.py:588} INFO - Filling up the DagBag from /home/airflow/.local/lib/python3.12/site-packages/airflow/example_dags/tutorial_taskflow_api.py
[2024-09-30T14:40:45.263+0000] {processor.py:925} INFO - DAG(s) 'tutorial_taskflow_api' retrieved from /home/airflow/.local/lib/python3.12/site-packages/airflow/example_dags/tutorial_taskflow_api.py
[2024-09-30T14:40:45.276+0000] {logging_mixin.py:190} INFO - [2024-09-30T14:40:45.276+0000] {dag.py:3239} INFO - Sync 1 DAGs
[2024-09-30T14:40:45.286+0000] {logging_mixin.py:190} INFO - [2024-09-30T14:40:45.286+0000] {dag.py:4180} INFO - Setting next_dagrun for tutorial_taskflow_api to None, run_after=None
[2024-09-30T14:40:45.300+0000] {processor.py:208} INFO - Processing /home/airflow/.local/lib/python3.12/site-packages/airflow/example_dags/tutorial_taskflow_api.py took 0.049 seconds
[2024-09-30T14:41:15.995+0000] {processor.py:186} INFO - Started process (PID=287) to work on /home/airflow/.local/lib/python3.12/site-packages/airflow/example_dags/tutorial_taskflow_api.py
[2024-09-30T14:41:15.996+0000] {processor.py:914} INFO - Processing file /home/airflow/.local/lib/python3.12/site-packages/airflow/example_dags/tutorial_taskflow_api.py for tasks to queue
[2024-09-30T14:41:15.998+0000] {logging_mixin.py:190} INFO - [2024-09-30T14:41:15.997+0000] {dagbag.py:588} INFO - Filling up the DagBag from /home/airflow/.local/lib/python3.12/site-packages/airflow/example_dags/tutorial_taskflow_api.py
[2024-09-30T14:41:16.005+0000] {processor.py:925} INFO - DAG(s) 'tutorial_taskflow_api' retrieved from /home/airflow/.local/lib/python3.12/site-packages/airflow/example_dags/tutorial_taskflow_api.py
[2024-09-30T14:41:16.019+0000] {logging_mixin.py:190} INFO - [2024-09-30T14:41:16.018+0000] {dag.py:3239} INFO - Sync 1 DAGs
[2024-09-30T14:41:16.028+0000] {logging_mixin.py:190} INFO - [2024-09-30T14:41:16.028+0000] {dag.py:4180} INFO - Setting next_dagrun for tutorial_taskflow_api to None, run_after=None
[2024-09-30T14:41:16.041+0000] {processor.py:208} INFO - Processing /home/airflow/.local/lib/python3.12/site-packages/airflow/example_dags/tutorial_taskflow_api.py took 0.050 seconds
