[2024-12-16T20:26:42.511+0000] {local_task_job_runner.py:123} INFO - ::group::Pre task execution logs
[2024-12-16T20:26:42.524+0000] {taskinstance.py:2612} INFO - Dependencies all met for dep_context=non-requeueable deps ti=<TaskInstance: DAG_FOR_AWS.first_task scheduled__2024-12-15T09:00:00+00:00 [queued]>
[2024-12-16T20:26:42.529+0000] {taskinstance.py:2612} INFO - Dependencies all met for dep_context=requeueable deps ti=<TaskInstance: DAG_FOR_AWS.first_task scheduled__2024-12-15T09:00:00+00:00 [queued]>
[2024-12-16T20:26:42.530+0000] {taskinstance.py:2865} INFO - Starting attempt 1 of 1
[2024-12-16T20:26:42.540+0000] {taskinstance.py:2888} INFO - Executing <Task(PythonOperator): first_task> on 2024-12-15 09:00:00+00:00
[2024-12-16T20:26:42.545+0000] {warnings.py:112} WARNING - /home/***/.local/lib/python3.12/site-packages/***/task/task_runner/standard_task_runner.py:70: DeprecationWarning: This process (pid=68) is multi-threaded, use of fork() may lead to deadlocks in the child.
  pid = os.fork()

[2024-12-16T20:26:42.547+0000] {standard_task_runner.py:72} INFO - Started process 72 to run task
[2024-12-16T20:26:42.547+0000] {standard_task_runner.py:104} INFO - Running: ['***', 'tasks', 'run', 'DAG_FOR_AWS', 'first_task', 'scheduled__2024-12-15T09:00:00+00:00', '--job-id', '153', '--raw', '--subdir', 'DAGS_FOLDER/MI_PRIMER_DAG.py', '--cfg-path', '/tmp/tmphcl2ev6k']
[2024-12-16T20:26:42.547+0000] {standard_task_runner.py:105} INFO - Job 153: Subtask first_task
[2024-12-16T20:26:42.586+0000] {task_command.py:467} INFO - Running <TaskInstance: DAG_FOR_AWS.first_task scheduled__2024-12-15T09:00:00+00:00 [running]> on host 590f5de10d76
[2024-12-16T20:26:42.639+0000] {taskinstance.py:3131} INFO - Exporting env vars: AIRFLOW_CTX_DAG_OWNER='***' AIRFLOW_CTX_DAG_ID='DAG_FOR_AWS' AIRFLOW_CTX_TASK_ID='first_task' AIRFLOW_CTX_EXECUTION_DATE='2024-12-15T09:00:00+00:00' AIRFLOW_CTX_TRY_NUMBER='1' AIRFLOW_CTX_DAG_RUN_ID='scheduled__2024-12-15T09:00:00+00:00'
[2024-12-16T20:26:42.640+0000] {logging_mixin.py:190} INFO - Task instance is in running state
[2024-12-16T20:26:42.640+0000] {logging_mixin.py:190} INFO -  Previous state of the Task instance: queued
[2024-12-16T20:26:42.641+0000] {logging_mixin.py:190} INFO - Current task name:first_task state:running start_date:2024-12-16 20:26:42.524674+00:00
[2024-12-16T20:26:42.641+0000] {logging_mixin.py:190} INFO - Dag name:DAG_FOR_AWS and current dag run status:running
[2024-12-16T20:26:42.641+0000] {taskinstance.py:731} INFO - ::endgroup::
[2024-12-16T20:26:42.642+0000] {logging_mixin.py:190} INFO - {'conf': <***.configuration.AirflowConfigParser object at 0x7fd460920cb0>, 'dag': <DAG: DAG_FOR_AWS>, 'dag_run': <DagRun DAG_FOR_AWS @ 2024-12-15 09:00:00+00:00: scheduled__2024-12-15T09:00:00+00:00, state:running, queued_at: 2024-12-16 20:26:40.373099+00:00. externally triggered: False>, 'data_interval_end': DateTime(2024, 12, 16, 9, 0, 0, tzinfo=Timezone('UTC')), 'data_interval_start': DateTime(2024, 12, 15, 9, 0, 0, tzinfo=Timezone('UTC')), 'outlet_events': <***.utils.context.OutletEventAccessors object at 0x7fd43667e6c0>, 'ds': '2024-12-15', 'ds_nodash': '20241215', 'execution_date': <Proxy at 0x7fd436616d40 with factory functools.partial(<function lazy_mapping_from_context.<locals>._deprecated_proxy_factory at 0x7fd4365cf420>, 'execution_date', DateTime(2024, 12, 15, 9, 0, 0, tzinfo=Timezone('UTC')))>, 'expanded_ti_count': None, 'inlets': [], 'inlet_events': InletEventsAccessors(_inlets=[], _datasets={}, _dataset_aliases={}, _session=<sqlalchemy.orm.session.Session object at 0x7fd43664b350>), 'logical_date': DateTime(2024, 12, 15, 9, 0, 0, tzinfo=Timezone('UTC')), 'macros': <module '***.macros' from '/home/***/.local/lib/python3.12/site-packages/***/macros/__init__.py'>, 'map_index_template': None, 'next_ds': <Proxy at 0x7fd4364b4600 with factory functools.partial(<function lazy_mapping_from_context.<locals>._deprecated_proxy_factory at 0x7fd4365cf420>, 'next_ds', '2024-12-16')>, 'next_ds_nodash': <Proxy at 0x7fd43669a140 with factory functools.partial(<function lazy_mapping_from_context.<locals>._deprecated_proxy_factory at 0x7fd4365cf420>, 'next_ds_nodash', '20241216')>, 'next_execution_date': <Proxy at 0x7fd4364c6d00 with factory functools.partial(<function lazy_mapping_from_context.<locals>._deprecated_proxy_factory at 0x7fd4365cf420>, 'next_execution_date', DateTime(2024, 12, 16, 9, 0, 0, tzinfo=Timezone('UTC')))>, 'outlets': [], 'params': {'Manual': False}, 'prev_data_interval_start_success': None, 'prev_data_interval_end_success': None, 'prev_ds': <Proxy at 0x7fd4364c4dc0 with factory functools.partial(<function lazy_mapping_from_context.<locals>._deprecated_proxy_factory at 0x7fd4365cf420>, 'prev_ds', '2024-12-14')>, 'prev_ds_nodash': <Proxy at 0x7fd436627b40 with factory functools.partial(<function lazy_mapping_from_context.<locals>._deprecated_proxy_factory at 0x7fd4365cf420>, 'prev_ds_nodash', '20241214')>, 'prev_execution_date': <Proxy at 0x7fd4364fd140 with factory functools.partial(<function lazy_mapping_from_context.<locals>._deprecated_proxy_factory at 0x7fd4365cf420>, 'prev_execution_date', DateTime(2024, 12, 14, 9, 0, 0, tzinfo=Timezone('UTC')))>, 'prev_execution_date_success': <Proxy at 0x7fd4364fc640 with factory functools.partial(<function lazy_mapping_from_context.<locals>._deprecated_proxy_factory at 0x7fd4365cf420>, 'prev_execution_date_success', None)>, 'prev_start_date_success': None, 'prev_end_date_success': None, 'run_id': 'scheduled__2024-12-15T09:00:00+00:00', 'task': <Task(PythonOperator): first_task>, 'task_instance': <TaskInstance: DAG_FOR_AWS.first_task scheduled__2024-12-15T09:00:00+00:00 [running]>, 'task_instance_key_str': 'DAG_FOR_AWS__first_task__20241215', 'test_mode': False, 'ti': <TaskInstance: DAG_FOR_AWS.first_task scheduled__2024-12-15T09:00:00+00:00 [running]>, 'tomorrow_ds': <Proxy at 0x7fd4364fc2c0 with factory functools.partial(<function lazy_mapping_from_context.<locals>._deprecated_proxy_factory at 0x7fd4365cf420>, 'tomorrow_ds', '2024-12-16')>, 'tomorrow_ds_nodash': <Proxy at 0x7fd4364fc0c0 with factory functools.partial(<function lazy_mapping_from_context.<locals>._deprecated_proxy_factory at 0x7fd4365cf420>, 'tomorrow_ds_nodash', '20241216')>, 'triggering_dataset_events': <Proxy at 0x7fd43669ad40 with factory <function _get_template_context.<locals>.get_triggering_events at 0x7fd436642d40>>, 'ts': '2024-12-15T09:00:00+00:00', 'ts_nodash': '20241215T090000', 'ts_nodash_with_tz': '20241215T090000+0000', 'var': {'json': None, 'value': None}, 'conn': None, 'yesterday_ds': <Proxy at 0x7fd4364ffb80 with factory functools.partial(<function lazy_mapping_from_context.<locals>._deprecated_proxy_factory at 0x7fd4365cf420>, 'yesterday_ds', '2024-12-14')>, 'yesterday_ds_nodash': <Proxy at 0x7fd4364ffbc0 with factory functools.partial(<function lazy_mapping_from_context.<locals>._deprecated_proxy_factory at 0x7fd4365cf420>, 'yesterday_ds_nodash', '20241214')>, 'templates_dict': None}
[2024-12-16T20:26:42.642+0000] {python.py:240} INFO - Done. Returned value was: None
[2024-12-16T20:26:42.649+0000] {taskinstance.py:340} INFO - ::group::Post task execution logs
[2024-12-16T20:26:42.649+0000] {taskinstance.py:352} INFO - Marking task as SUCCESS. dag_id=DAG_FOR_AWS, task_id=first_task, run_id=scheduled__2024-12-15T09:00:00+00:00, execution_date=20241215T090000, start_date=20241216T202642, end_date=20241216T202642
[2024-12-16T20:26:42.657+0000] {logging_mixin.py:190} INFO - Task instance in success state
[2024-12-16T20:26:42.657+0000] {logging_mixin.py:190} INFO -  Previous state of the Task instance: running
[2024-12-16T20:26:42.657+0000] {logging_mixin.py:190} INFO - Dag name:DAG_FOR_AWS queued_at:2024-12-16 20:26:40.373099+00:00
[2024-12-16T20:26:42.657+0000] {logging_mixin.py:190} INFO - Task hostname:590f5de10d76 operator:PythonOperator
[2024-12-16T20:26:42.681+0000] {local_task_job_runner.py:266} INFO - Task exited with return code 0
[2024-12-16T20:26:42.688+0000] {local_task_job_runner.py:245} INFO - ::endgroup::
