[2024-12-17T14:43:01.083+0000] {local_task_job_runner.py:123} INFO - ::group::Pre task execution logs
[2024-12-17T14:43:01.104+0000] {taskinstance.py:2612} INFO - Dependencies all met for dep_context=non-requeueable deps ti=<TaskInstance: DAG_POOL.python_task_1 scheduled__2024-12-16T09:00:00+00:00 [queued]>
[2024-12-17T14:43:01.114+0000] {taskinstance.py:2612} INFO - Dependencies all met for dep_context=requeueable deps ti=<TaskInstance: DAG_POOL.python_task_1 scheduled__2024-12-16T09:00:00+00:00 [queued]>
[2024-12-17T14:43:01.115+0000] {taskinstance.py:2865} INFO - Starting attempt 1 of 3
[2024-12-17T14:43:01.130+0000] {taskinstance.py:2888} INFO - Executing <Task(PythonOperator): python_task_1> on 2024-12-16 09:00:00+00:00
[2024-12-17T14:43:01.140+0000] {warnings.py:112} WARNING - /home/***/.local/lib/python3.12/site-packages/***/task/task_runner/standard_task_runner.py:70: DeprecationWarning: This process (pid=67) is multi-threaded, use of fork() may lead to deadlocks in the child.
  pid = os.fork()

[2024-12-17T14:43:01.142+0000] {standard_task_runner.py:72} INFO - Started process 75 to run task
[2024-12-17T14:43:01.141+0000] {standard_task_runner.py:104} INFO - Running: ['***', 'tasks', 'run', 'DAG_POOL', 'python_task_1', 'scheduled__2024-12-16T09:00:00+00:00', '--job-id', '187', '--raw', '--subdir', 'DAGS_FOLDER/DAG_POOL.py', '--cfg-path', '/tmp/tmp373p5tob']
[2024-12-17T14:43:01.142+0000] {standard_task_runner.py:105} INFO - Job 187: Subtask python_task_1
[2024-12-17T14:43:01.196+0000] {task_command.py:467} INFO - Running <TaskInstance: DAG_POOL.python_task_1 scheduled__2024-12-16T09:00:00+00:00 [running]> on host 590f5de10d76
[2024-12-17T14:43:01.293+0000] {taskinstance.py:3131} INFO - Exporting env vars: AIRFLOW_CTX_DAG_OWNER='DAG_POOL' AIRFLOW_CTX_DAG_ID='DAG_POOL' AIRFLOW_CTX_TASK_ID='python_task_1' AIRFLOW_CTX_EXECUTION_DATE='2024-12-16T09:00:00+00:00' AIRFLOW_CTX_TRY_NUMBER='1' AIRFLOW_CTX_DAG_RUN_ID='scheduled__2024-12-16T09:00:00+00:00'
[2024-12-17T14:43:01.295+0000] {logging_mixin.py:190} INFO - Task instance is in running state
[2024-12-17T14:43:01.296+0000] {logging_mixin.py:190} INFO -  Previous state of the Task instance: queued
[2024-12-17T14:43:01.296+0000] {logging_mixin.py:190} INFO - Current task name:python_task_1 state:running start_date:2024-12-17 14:43:01.105446+00:00
[2024-12-17T14:43:01.297+0000] {logging_mixin.py:190} INFO - Dag name:DAG_POOL and current dag run status:running
[2024-12-17T14:43:01.297+0000] {taskinstance.py:731} INFO - ::endgroup::
[2024-12-17T14:43:01.298+0000] {logging_mixin.py:190} INFO - None
[2024-12-17T14:43:01.299+0000] {python.py:240} INFO - Done. Returned value was: None
[2024-12-17T14:43:01.311+0000] {taskinstance.py:340} INFO - ::group::Post task execution logs
[2024-12-17T14:43:01.312+0000] {taskinstance.py:352} INFO - Marking task as SUCCESS. dag_id=DAG_POOL, task_id=python_task_1, run_id=scheduled__2024-12-16T09:00:00+00:00, execution_date=20241216T090000, start_date=20241217T144301, end_date=20241217T144301
[2024-12-17T14:43:01.324+0000] {logging_mixin.py:190} INFO - Task instance in success state
[2024-12-17T14:43:01.325+0000] {logging_mixin.py:190} INFO -  Previous state of the Task instance: running
[2024-12-17T14:43:01.325+0000] {logging_mixin.py:190} INFO - Dag name:DAG_POOL queued_at:2024-12-17 14:42:57.813991+00:00
[2024-12-17T14:43:01.326+0000] {logging_mixin.py:190} INFO - Task hostname:590f5de10d76 operator:PythonOperator
[2024-12-17T14:43:01.357+0000] {local_task_job_runner.py:266} INFO - Task exited with return code 0
[2024-12-17T14:43:01.388+0000] {taskinstance.py:3900} INFO - 0 downstream tasks scheduled from follow-on schedule check
[2024-12-17T14:43:01.391+0000] {local_task_job_runner.py:245} INFO - ::endgroup::
