[2024-12-17T14:42:59.875+0000] {processor.py:186} INFO - Started process (PID=92) to work on /home/airflow/.local/lib/python3.12/site-packages/airflow/example_dags/example_branch_labels.py
[2024-12-17T14:42:59.876+0000] {processor.py:914} INFO - Processing file /home/airflow/.local/lib/python3.12/site-packages/airflow/example_dags/example_branch_labels.py for tasks to queue
[2024-12-17T14:42:59.878+0000] {logging_mixin.py:190} INFO - [2024-12-17T14:42:59.878+0000] {dagbag.py:588} INFO - Filling up the DagBag from /home/airflow/.local/lib/python3.12/site-packages/airflow/example_dags/example_branch_labels.py
[2024-12-17T14:42:59.887+0000] {processor.py:925} INFO - DAG(s) 'example_branch_labels' retrieved from /home/airflow/.local/lib/python3.12/site-packages/airflow/example_dags/example_branch_labels.py
[2024-12-17T14:42:59.904+0000] {logging_mixin.py:190} INFO - [2024-12-17T14:42:59.904+0000] {dag.py:3239} INFO - Sync 1 DAGs
[2024-12-17T14:42:59.928+0000] {logging_mixin.py:190} INFO - [2024-12-17T14:42:59.927+0000] {dag.py:4180} INFO - Setting next_dagrun for example_branch_labels to 2024-12-16 00:00:00+00:00, run_after=2024-12-17 00:00:00+00:00
[2024-12-17T14:42:59.946+0000] {processor.py:208} INFO - Processing /home/airflow/.local/lib/python3.12/site-packages/airflow/example_dags/example_branch_labels.py took 0.075 seconds
[2024-12-17T14:43:30.112+0000] {processor.py:186} INFO - Started process (PID=157) to work on /home/airflow/.local/lib/python3.12/site-packages/airflow/example_dags/example_branch_labels.py
[2024-12-17T14:43:30.113+0000] {processor.py:914} INFO - Processing file /home/airflow/.local/lib/python3.12/site-packages/airflow/example_dags/example_branch_labels.py for tasks to queue
[2024-12-17T14:43:30.115+0000] {logging_mixin.py:190} INFO - [2024-12-17T14:43:30.114+0000] {dagbag.py:588} INFO - Filling up the DagBag from /home/airflow/.local/lib/python3.12/site-packages/airflow/example_dags/example_branch_labels.py
[2024-12-17T14:43:30.122+0000] {processor.py:925} INFO - DAG(s) 'example_branch_labels' retrieved from /home/airflow/.local/lib/python3.12/site-packages/airflow/example_dags/example_branch_labels.py
[2024-12-17T14:43:30.140+0000] {logging_mixin.py:190} INFO - [2024-12-17T14:43:30.140+0000] {dag.py:3239} INFO - Sync 1 DAGs
[2024-12-17T14:43:30.161+0000] {logging_mixin.py:190} INFO - [2024-12-17T14:43:30.161+0000] {dag.py:4180} INFO - Setting next_dagrun for example_branch_labels to 2024-12-16 00:00:00+00:00, run_after=2024-12-17 00:00:00+00:00
[2024-12-17T14:43:30.179+0000] {processor.py:208} INFO - Processing /home/airflow/.local/lib/python3.12/site-packages/airflow/example_dags/example_branch_labels.py took 0.071 seconds
[2024-12-17T14:44:00.603+0000] {processor.py:186} INFO - Started process (PID=222) to work on /home/airflow/.local/lib/python3.12/site-packages/airflow/example_dags/example_branch_labels.py
[2024-12-17T14:44:00.604+0000] {processor.py:914} INFO - Processing file /home/airflow/.local/lib/python3.12/site-packages/airflow/example_dags/example_branch_labels.py for tasks to queue
[2024-12-17T14:44:00.606+0000] {logging_mixin.py:190} INFO - [2024-12-17T14:44:00.606+0000] {dagbag.py:588} INFO - Filling up the DagBag from /home/airflow/.local/lib/python3.12/site-packages/airflow/example_dags/example_branch_labels.py
[2024-12-17T14:44:00.614+0000] {processor.py:925} INFO - DAG(s) 'example_branch_labels' retrieved from /home/airflow/.local/lib/python3.12/site-packages/airflow/example_dags/example_branch_labels.py
[2024-12-17T14:44:00.631+0000] {logging_mixin.py:190} INFO - [2024-12-17T14:44:00.630+0000] {dag.py:3239} INFO - Sync 1 DAGs
[2024-12-17T14:44:00.649+0000] {logging_mixin.py:190} INFO - [2024-12-17T14:44:00.649+0000] {dag.py:4180} INFO - Setting next_dagrun for example_branch_labels to 2024-12-16 00:00:00+00:00, run_after=2024-12-17 00:00:00+00:00
[2024-12-17T14:44:00.661+0000] {processor.py:208} INFO - Processing /home/airflow/.local/lib/python3.12/site-packages/airflow/example_dags/example_branch_labels.py took 0.063 seconds
[2024-12-17T14:44:30.724+0000] {processor.py:186} INFO - Started process (PID=287) to work on /home/airflow/.local/lib/python3.12/site-packages/airflow/example_dags/example_branch_labels.py
[2024-12-17T14:44:30.725+0000] {processor.py:914} INFO - Processing file /home/airflow/.local/lib/python3.12/site-packages/airflow/example_dags/example_branch_labels.py for tasks to queue
[2024-12-17T14:44:30.726+0000] {logging_mixin.py:190} INFO - [2024-12-17T14:44:30.726+0000] {dagbag.py:588} INFO - Filling up the DagBag from /home/airflow/.local/lib/python3.12/site-packages/airflow/example_dags/example_branch_labels.py
[2024-12-17T14:44:30.732+0000] {processor.py:925} INFO - DAG(s) 'example_branch_labels' retrieved from /home/airflow/.local/lib/python3.12/site-packages/airflow/example_dags/example_branch_labels.py
[2024-12-17T14:44:30.746+0000] {logging_mixin.py:190} INFO - [2024-12-17T14:44:30.746+0000] {dag.py:3239} INFO - Sync 1 DAGs
[2024-12-17T14:44:30.766+0000] {logging_mixin.py:190} INFO - [2024-12-17T14:44:30.766+0000] {dag.py:4180} INFO - Setting next_dagrun for example_branch_labels to 2024-12-16 00:00:00+00:00, run_after=2024-12-17 00:00:00+00:00
[2024-12-17T14:44:30.777+0000] {processor.py:208} INFO - Processing /home/airflow/.local/lib/python3.12/site-packages/airflow/example_dags/example_branch_labels.py took 0.057 seconds
[2024-12-17T14:45:00.945+0000] {processor.py:186} INFO - Started process (PID=352) to work on /home/airflow/.local/lib/python3.12/site-packages/airflow/example_dags/example_branch_labels.py
[2024-12-17T14:45:00.946+0000] {processor.py:914} INFO - Processing file /home/airflow/.local/lib/python3.12/site-packages/airflow/example_dags/example_branch_labels.py for tasks to queue
[2024-12-17T14:45:00.948+0000] {logging_mixin.py:190} INFO - [2024-12-17T14:45:00.947+0000] {dagbag.py:588} INFO - Filling up the DagBag from /home/airflow/.local/lib/python3.12/site-packages/airflow/example_dags/example_branch_labels.py
[2024-12-17T14:45:00.954+0000] {processor.py:925} INFO - DAG(s) 'example_branch_labels' retrieved from /home/airflow/.local/lib/python3.12/site-packages/airflow/example_dags/example_branch_labels.py
[2024-12-17T14:45:00.967+0000] {logging_mixin.py:190} INFO - [2024-12-17T14:45:00.967+0000] {dag.py:3239} INFO - Sync 1 DAGs
[2024-12-17T14:45:00.982+0000] {logging_mixin.py:190} INFO - [2024-12-17T14:45:00.982+0000] {dag.py:4180} INFO - Setting next_dagrun for example_branch_labels to 2024-12-16 00:00:00+00:00, run_after=2024-12-17 00:00:00+00:00
[2024-12-17T14:45:00.993+0000] {processor.py:208} INFO - Processing /home/airflow/.local/lib/python3.12/site-packages/airflow/example_dags/example_branch_labels.py took 0.051 seconds
[2024-12-17T14:45:31.157+0000] {processor.py:186} INFO - Started process (PID=417) to work on /home/airflow/.local/lib/python3.12/site-packages/airflow/example_dags/example_branch_labels.py
[2024-12-17T14:45:31.158+0000] {processor.py:914} INFO - Processing file /home/airflow/.local/lib/python3.12/site-packages/airflow/example_dags/example_branch_labels.py for tasks to queue
[2024-12-17T14:45:31.160+0000] {logging_mixin.py:190} INFO - [2024-12-17T14:45:31.159+0000] {dagbag.py:588} INFO - Filling up the DagBag from /home/airflow/.local/lib/python3.12/site-packages/airflow/example_dags/example_branch_labels.py
[2024-12-17T14:45:31.166+0000] {processor.py:925} INFO - DAG(s) 'example_branch_labels' retrieved from /home/airflow/.local/lib/python3.12/site-packages/airflow/example_dags/example_branch_labels.py
[2024-12-17T14:45:31.179+0000] {logging_mixin.py:190} INFO - [2024-12-17T14:45:31.179+0000] {dag.py:3239} INFO - Sync 1 DAGs
[2024-12-17T14:45:31.194+0000] {logging_mixin.py:190} INFO - [2024-12-17T14:45:31.194+0000] {dag.py:4180} INFO - Setting next_dagrun for example_branch_labels to 2024-12-16 00:00:00+00:00, run_after=2024-12-17 00:00:00+00:00
[2024-12-17T14:45:31.204+0000] {processor.py:208} INFO - Processing /home/airflow/.local/lib/python3.12/site-packages/airflow/example_dags/example_branch_labels.py took 0.051 seconds
[2024-12-17T14:46:01.445+0000] {processor.py:186} INFO - Started process (PID=482) to work on /home/airflow/.local/lib/python3.12/site-packages/airflow/example_dags/example_branch_labels.py
[2024-12-17T14:46:01.446+0000] {processor.py:914} INFO - Processing file /home/airflow/.local/lib/python3.12/site-packages/airflow/example_dags/example_branch_labels.py for tasks to queue
[2024-12-17T14:46:01.447+0000] {logging_mixin.py:190} INFO - [2024-12-17T14:46:01.447+0000] {dagbag.py:588} INFO - Filling up the DagBag from /home/airflow/.local/lib/python3.12/site-packages/airflow/example_dags/example_branch_labels.py
[2024-12-17T14:46:01.454+0000] {processor.py:925} INFO - DAG(s) 'example_branch_labels' retrieved from /home/airflow/.local/lib/python3.12/site-packages/airflow/example_dags/example_branch_labels.py
[2024-12-17T14:46:01.469+0000] {logging_mixin.py:190} INFO - [2024-12-17T14:46:01.469+0000] {dag.py:3239} INFO - Sync 1 DAGs
[2024-12-17T14:46:01.487+0000] {logging_mixin.py:190} INFO - [2024-12-17T14:46:01.486+0000] {dag.py:4180} INFO - Setting next_dagrun for example_branch_labels to 2024-12-16 00:00:00+00:00, run_after=2024-12-17 00:00:00+00:00
[2024-12-17T14:46:01.501+0000] {processor.py:208} INFO - Processing /home/airflow/.local/lib/python3.12/site-packages/airflow/example_dags/example_branch_labels.py took 0.060 seconds
[2024-12-17T14:46:32.079+0000] {processor.py:186} INFO - Started process (PID=547) to work on /home/airflow/.local/lib/python3.12/site-packages/airflow/example_dags/example_branch_labels.py
[2024-12-17T14:46:32.080+0000] {processor.py:914} INFO - Processing file /home/airflow/.local/lib/python3.12/site-packages/airflow/example_dags/example_branch_labels.py for tasks to queue
[2024-12-17T14:46:32.081+0000] {logging_mixin.py:190} INFO - [2024-12-17T14:46:32.081+0000] {dagbag.py:588} INFO - Filling up the DagBag from /home/airflow/.local/lib/python3.12/site-packages/airflow/example_dags/example_branch_labels.py
[2024-12-17T14:46:32.088+0000] {processor.py:925} INFO - DAG(s) 'example_branch_labels' retrieved from /home/airflow/.local/lib/python3.12/site-packages/airflow/example_dags/example_branch_labels.py
[2024-12-17T14:46:32.106+0000] {logging_mixin.py:190} INFO - [2024-12-17T14:46:32.106+0000] {dag.py:3239} INFO - Sync 1 DAGs
[2024-12-17T14:46:32.125+0000] {logging_mixin.py:190} INFO - [2024-12-17T14:46:32.124+0000] {dag.py:4180} INFO - Setting next_dagrun for example_branch_labels to 2024-12-16 00:00:00+00:00, run_after=2024-12-17 00:00:00+00:00
[2024-12-17T14:46:32.139+0000] {processor.py:208} INFO - Processing /home/airflow/.local/lib/python3.12/site-packages/airflow/example_dags/example_branch_labels.py took 0.064 seconds
[2024-12-17T14:47:02.488+0000] {processor.py:186} INFO - Started process (PID=612) to work on /home/airflow/.local/lib/python3.12/site-packages/airflow/example_dags/example_branch_labels.py
[2024-12-17T14:47:02.489+0000] {processor.py:914} INFO - Processing file /home/airflow/.local/lib/python3.12/site-packages/airflow/example_dags/example_branch_labels.py for tasks to queue
[2024-12-17T14:47:02.490+0000] {logging_mixin.py:190} INFO - [2024-12-17T14:47:02.490+0000] {dagbag.py:588} INFO - Filling up the DagBag from /home/airflow/.local/lib/python3.12/site-packages/airflow/example_dags/example_branch_labels.py
[2024-12-17T14:47:02.497+0000] {processor.py:925} INFO - DAG(s) 'example_branch_labels' retrieved from /home/airflow/.local/lib/python3.12/site-packages/airflow/example_dags/example_branch_labels.py
[2024-12-17T14:47:02.512+0000] {logging_mixin.py:190} INFO - [2024-12-17T14:47:02.512+0000] {dag.py:3239} INFO - Sync 1 DAGs
[2024-12-17T14:47:02.535+0000] {logging_mixin.py:190} INFO - [2024-12-17T14:47:02.534+0000] {dag.py:4180} INFO - Setting next_dagrun for example_branch_labels to 2024-12-16 00:00:00+00:00, run_after=2024-12-17 00:00:00+00:00
[2024-12-17T14:47:02.548+0000] {processor.py:208} INFO - Processing /home/airflow/.local/lib/python3.12/site-packages/airflow/example_dags/example_branch_labels.py took 0.064 seconds
[2024-12-17T14:47:33.171+0000] {processor.py:186} INFO - Started process (PID=677) to work on /home/airflow/.local/lib/python3.12/site-packages/airflow/example_dags/example_branch_labels.py
[2024-12-17T14:47:33.172+0000] {processor.py:914} INFO - Processing file /home/airflow/.local/lib/python3.12/site-packages/airflow/example_dags/example_branch_labels.py for tasks to queue
[2024-12-17T14:47:33.174+0000] {logging_mixin.py:190} INFO - [2024-12-17T14:47:33.173+0000] {dagbag.py:588} INFO - Filling up the DagBag from /home/airflow/.local/lib/python3.12/site-packages/airflow/example_dags/example_branch_labels.py
[2024-12-17T14:47:33.180+0000] {processor.py:925} INFO - DAG(s) 'example_branch_labels' retrieved from /home/airflow/.local/lib/python3.12/site-packages/airflow/example_dags/example_branch_labels.py
[2024-12-17T14:47:33.195+0000] {logging_mixin.py:190} INFO - [2024-12-17T14:47:33.195+0000] {dag.py:3239} INFO - Sync 1 DAGs
[2024-12-17T14:47:33.213+0000] {logging_mixin.py:190} INFO - [2024-12-17T14:47:33.213+0000] {dag.py:4180} INFO - Setting next_dagrun for example_branch_labels to 2024-12-16 00:00:00+00:00, run_after=2024-12-17 00:00:00+00:00
[2024-12-17T14:47:33.225+0000] {processor.py:208} INFO - Processing /home/airflow/.local/lib/python3.12/site-packages/airflow/example_dags/example_branch_labels.py took 0.058 seconds
[2024-12-17T14:48:03.718+0000] {processor.py:186} INFO - Started process (PID=742) to work on /home/airflow/.local/lib/python3.12/site-packages/airflow/example_dags/example_branch_labels.py
[2024-12-17T14:48:03.719+0000] {processor.py:914} INFO - Processing file /home/airflow/.local/lib/python3.12/site-packages/airflow/example_dags/example_branch_labels.py for tasks to queue
[2024-12-17T14:48:03.721+0000] {logging_mixin.py:190} INFO - [2024-12-17T14:48:03.721+0000] {dagbag.py:588} INFO - Filling up the DagBag from /home/airflow/.local/lib/python3.12/site-packages/airflow/example_dags/example_branch_labels.py
[2024-12-17T14:48:03.728+0000] {processor.py:925} INFO - DAG(s) 'example_branch_labels' retrieved from /home/airflow/.local/lib/python3.12/site-packages/airflow/example_dags/example_branch_labels.py
[2024-12-17T14:48:03.743+0000] {logging_mixin.py:190} INFO - [2024-12-17T14:48:03.743+0000] {dag.py:3239} INFO - Sync 1 DAGs
[2024-12-17T14:48:03.760+0000] {logging_mixin.py:190} INFO - [2024-12-17T14:48:03.759+0000] {dag.py:4180} INFO - Setting next_dagrun for example_branch_labels to 2024-12-16 00:00:00+00:00, run_after=2024-12-17 00:00:00+00:00
[2024-12-17T14:48:03.772+0000] {processor.py:208} INFO - Processing /home/airflow/.local/lib/python3.12/site-packages/airflow/example_dags/example_branch_labels.py took 0.057 seconds
[2024-12-17T14:48:33.886+0000] {processor.py:186} INFO - Started process (PID=807) to work on /home/airflow/.local/lib/python3.12/site-packages/airflow/example_dags/example_branch_labels.py
[2024-12-17T14:48:33.887+0000] {processor.py:914} INFO - Processing file /home/airflow/.local/lib/python3.12/site-packages/airflow/example_dags/example_branch_labels.py for tasks to queue
[2024-12-17T14:48:33.889+0000] {logging_mixin.py:190} INFO - [2024-12-17T14:48:33.889+0000] {dagbag.py:588} INFO - Filling up the DagBag from /home/airflow/.local/lib/python3.12/site-packages/airflow/example_dags/example_branch_labels.py
[2024-12-17T14:48:33.895+0000] {processor.py:925} INFO - DAG(s) 'example_branch_labels' retrieved from /home/airflow/.local/lib/python3.12/site-packages/airflow/example_dags/example_branch_labels.py
[2024-12-17T14:48:33.909+0000] {logging_mixin.py:190} INFO - [2024-12-17T14:48:33.909+0000] {dag.py:3239} INFO - Sync 1 DAGs
[2024-12-17T14:48:33.924+0000] {logging_mixin.py:190} INFO - [2024-12-17T14:48:33.924+0000] {dag.py:4180} INFO - Setting next_dagrun for example_branch_labels to 2024-12-16 00:00:00+00:00, run_after=2024-12-17 00:00:00+00:00
[2024-12-17T14:48:33.935+0000] {processor.py:208} INFO - Processing /home/airflow/.local/lib/python3.12/site-packages/airflow/example_dags/example_branch_labels.py took 0.052 seconds
[2024-12-17T14:49:04.195+0000] {processor.py:186} INFO - Started process (PID=872) to work on /home/airflow/.local/lib/python3.12/site-packages/airflow/example_dags/example_branch_labels.py
[2024-12-17T14:49:04.195+0000] {processor.py:914} INFO - Processing file /home/airflow/.local/lib/python3.12/site-packages/airflow/example_dags/example_branch_labels.py for tasks to queue
[2024-12-17T14:49:04.197+0000] {logging_mixin.py:190} INFO - [2024-12-17T14:49:04.197+0000] {dagbag.py:588} INFO - Filling up the DagBag from /home/airflow/.local/lib/python3.12/site-packages/airflow/example_dags/example_branch_labels.py
[2024-12-17T14:49:04.203+0000] {processor.py:925} INFO - DAG(s) 'example_branch_labels' retrieved from /home/airflow/.local/lib/python3.12/site-packages/airflow/example_dags/example_branch_labels.py
[2024-12-17T14:49:04.216+0000] {logging_mixin.py:190} INFO - [2024-12-17T14:49:04.216+0000] {dag.py:3239} INFO - Sync 1 DAGs
[2024-12-17T14:49:04.232+0000] {logging_mixin.py:190} INFO - [2024-12-17T14:49:04.232+0000] {dag.py:4180} INFO - Setting next_dagrun for example_branch_labels to 2024-12-16 00:00:00+00:00, run_after=2024-12-17 00:00:00+00:00
[2024-12-17T14:49:04.243+0000] {processor.py:208} INFO - Processing /home/airflow/.local/lib/python3.12/site-packages/airflow/example_dags/example_branch_labels.py took 0.052 seconds
[2024-12-17T14:49:34.309+0000] {processor.py:186} INFO - Started process (PID=938) to work on /home/airflow/.local/lib/python3.12/site-packages/airflow/example_dags/example_branch_labels.py
[2024-12-17T14:49:34.310+0000] {processor.py:914} INFO - Processing file /home/airflow/.local/lib/python3.12/site-packages/airflow/example_dags/example_branch_labels.py for tasks to queue
[2024-12-17T14:49:34.311+0000] {logging_mixin.py:190} INFO - [2024-12-17T14:49:34.311+0000] {dagbag.py:588} INFO - Filling up the DagBag from /home/airflow/.local/lib/python3.12/site-packages/airflow/example_dags/example_branch_labels.py
[2024-12-17T14:49:34.317+0000] {processor.py:925} INFO - DAG(s) 'example_branch_labels' retrieved from /home/airflow/.local/lib/python3.12/site-packages/airflow/example_dags/example_branch_labels.py
[2024-12-17T14:49:34.330+0000] {logging_mixin.py:190} INFO - [2024-12-17T14:49:34.330+0000] {dag.py:3239} INFO - Sync 1 DAGs
[2024-12-17T14:49:34.344+0000] {logging_mixin.py:190} INFO - [2024-12-17T14:49:34.344+0000] {dag.py:4180} INFO - Setting next_dagrun for example_branch_labels to 2024-12-16 00:00:00+00:00, run_after=2024-12-17 00:00:00+00:00
[2024-12-17T14:49:34.355+0000] {processor.py:208} INFO - Processing /home/airflow/.local/lib/python3.12/site-packages/airflow/example_dags/example_branch_labels.py took 0.049 seconds
[2024-12-17T14:50:05.505+0000] {processor.py:186} INFO - Started process (PID=1002) to work on /home/airflow/.local/lib/python3.12/site-packages/airflow/example_dags/example_branch_labels.py
[2024-12-17T14:50:05.506+0000] {processor.py:914} INFO - Processing file /home/airflow/.local/lib/python3.12/site-packages/airflow/example_dags/example_branch_labels.py for tasks to queue
[2024-12-17T14:50:05.507+0000] {logging_mixin.py:190} INFO - [2024-12-17T14:50:05.507+0000] {dagbag.py:588} INFO - Filling up the DagBag from /home/airflow/.local/lib/python3.12/site-packages/airflow/example_dags/example_branch_labels.py
[2024-12-17T14:50:05.513+0000] {processor.py:925} INFO - DAG(s) 'example_branch_labels' retrieved from /home/airflow/.local/lib/python3.12/site-packages/airflow/example_dags/example_branch_labels.py
[2024-12-17T14:50:05.526+0000] {logging_mixin.py:190} INFO - [2024-12-17T14:50:05.526+0000] {dag.py:3239} INFO - Sync 1 DAGs
[2024-12-17T14:50:05.541+0000] {logging_mixin.py:190} INFO - [2024-12-17T14:50:05.541+0000] {dag.py:4180} INFO - Setting next_dagrun for example_branch_labels to 2024-12-16 00:00:00+00:00, run_after=2024-12-17 00:00:00+00:00
[2024-12-17T14:50:05.552+0000] {processor.py:208} INFO - Processing /home/airflow/.local/lib/python3.12/site-packages/airflow/example_dags/example_branch_labels.py took 0.050 seconds
[2024-12-17T14:50:38.761+0000] {processor.py:186} INFO - Started process (PID=1067) to work on /home/airflow/.local/lib/python3.12/site-packages/airflow/example_dags/example_branch_labels.py
[2024-12-17T14:50:38.762+0000] {processor.py:914} INFO - Processing file /home/airflow/.local/lib/python3.12/site-packages/airflow/example_dags/example_branch_labels.py for tasks to queue
[2024-12-17T14:50:38.764+0000] {logging_mixin.py:190} INFO - [2024-12-17T14:50:38.764+0000] {dagbag.py:588} INFO - Filling up the DagBag from /home/airflow/.local/lib/python3.12/site-packages/airflow/example_dags/example_branch_labels.py
[2024-12-17T14:50:38.773+0000] {processor.py:925} INFO - DAG(s) 'example_branch_labels' retrieved from /home/airflow/.local/lib/python3.12/site-packages/airflow/example_dags/example_branch_labels.py
[2024-12-17T14:50:38.788+0000] {logging_mixin.py:190} INFO - [2024-12-17T14:50:38.788+0000] {dag.py:3239} INFO - Sync 1 DAGs
[2024-12-17T14:50:38.805+0000] {logging_mixin.py:190} INFO - [2024-12-17T14:50:38.805+0000] {dag.py:4180} INFO - Setting next_dagrun for example_branch_labels to 2024-12-16 00:00:00+00:00, run_after=2024-12-17 00:00:00+00:00
[2024-12-17T14:50:38.819+0000] {processor.py:208} INFO - Processing /home/airflow/.local/lib/python3.12/site-packages/airflow/example_dags/example_branch_labels.py took 0.063 seconds
[2024-12-17T14:51:09.778+0000] {processor.py:186} INFO - Started process (PID=1132) to work on /home/airflow/.local/lib/python3.12/site-packages/airflow/example_dags/example_branch_labels.py
[2024-12-17T14:51:09.779+0000] {processor.py:914} INFO - Processing file /home/airflow/.local/lib/python3.12/site-packages/airflow/example_dags/example_branch_labels.py for tasks to queue
[2024-12-17T14:51:09.781+0000] {logging_mixin.py:190} INFO - [2024-12-17T14:51:09.781+0000] {dagbag.py:588} INFO - Filling up the DagBag from /home/airflow/.local/lib/python3.12/site-packages/airflow/example_dags/example_branch_labels.py
[2024-12-17T14:51:09.788+0000] {processor.py:925} INFO - DAG(s) 'example_branch_labels' retrieved from /home/airflow/.local/lib/python3.12/site-packages/airflow/example_dags/example_branch_labels.py
[2024-12-17T14:51:09.802+0000] {logging_mixin.py:190} INFO - [2024-12-17T14:51:09.802+0000] {dag.py:3239} INFO - Sync 1 DAGs
[2024-12-17T14:51:09.818+0000] {logging_mixin.py:190} INFO - [2024-12-17T14:51:09.818+0000] {dag.py:4180} INFO - Setting next_dagrun for example_branch_labels to 2024-12-16 00:00:00+00:00, run_after=2024-12-17 00:00:00+00:00
[2024-12-17T14:51:09.830+0000] {processor.py:208} INFO - Processing /home/airflow/.local/lib/python3.12/site-packages/airflow/example_dags/example_branch_labels.py took 0.056 seconds
[2024-12-17T14:51:40.860+0000] {processor.py:186} INFO - Started process (PID=1197) to work on /home/airflow/.local/lib/python3.12/site-packages/airflow/example_dags/example_branch_labels.py
[2024-12-17T14:51:40.861+0000] {processor.py:914} INFO - Processing file /home/airflow/.local/lib/python3.12/site-packages/airflow/example_dags/example_branch_labels.py for tasks to queue
[2024-12-17T14:51:40.863+0000] {logging_mixin.py:190} INFO - [2024-12-17T14:51:40.863+0000] {dagbag.py:588} INFO - Filling up the DagBag from /home/airflow/.local/lib/python3.12/site-packages/airflow/example_dags/example_branch_labels.py
[2024-12-17T14:51:40.873+0000] {processor.py:925} INFO - DAG(s) 'example_branch_labels' retrieved from /home/airflow/.local/lib/python3.12/site-packages/airflow/example_dags/example_branch_labels.py
[2024-12-17T14:51:40.889+0000] {logging_mixin.py:190} INFO - [2024-12-17T14:51:40.889+0000] {dag.py:3239} INFO - Sync 1 DAGs
[2024-12-17T14:51:40.907+0000] {logging_mixin.py:190} INFO - [2024-12-17T14:51:40.907+0000] {dag.py:4180} INFO - Setting next_dagrun for example_branch_labels to 2024-12-16 00:00:00+00:00, run_after=2024-12-17 00:00:00+00:00
[2024-12-17T14:51:40.920+0000] {processor.py:208} INFO - Processing /home/airflow/.local/lib/python3.12/site-packages/airflow/example_dags/example_branch_labels.py took 0.064 seconds
[2024-12-17T14:52:11.741+0000] {processor.py:186} INFO - Started process (PID=1262) to work on /home/airflow/.local/lib/python3.12/site-packages/airflow/example_dags/example_branch_labels.py
[2024-12-17T14:52:11.742+0000] {processor.py:914} INFO - Processing file /home/airflow/.local/lib/python3.12/site-packages/airflow/example_dags/example_branch_labels.py for tasks to queue
[2024-12-17T14:52:11.744+0000] {logging_mixin.py:190} INFO - [2024-12-17T14:52:11.744+0000] {dagbag.py:588} INFO - Filling up the DagBag from /home/airflow/.local/lib/python3.12/site-packages/airflow/example_dags/example_branch_labels.py
[2024-12-17T14:52:11.759+0000] {processor.py:925} INFO - DAG(s) 'example_branch_labels' retrieved from /home/airflow/.local/lib/python3.12/site-packages/airflow/example_dags/example_branch_labels.py
[2024-12-17T14:52:11.783+0000] {logging_mixin.py:190} INFO - [2024-12-17T14:52:11.782+0000] {dag.py:3239} INFO - Sync 1 DAGs
[2024-12-17T14:52:11.803+0000] {logging_mixin.py:190} INFO - [2024-12-17T14:52:11.803+0000] {dag.py:4180} INFO - Setting next_dagrun for example_branch_labels to 2024-12-16 00:00:00+00:00, run_after=2024-12-17 00:00:00+00:00
[2024-12-17T14:52:11.818+0000] {processor.py:208} INFO - Processing /home/airflow/.local/lib/python3.12/site-packages/airflow/example_dags/example_branch_labels.py took 0.082 seconds
[2024-12-17T14:52:42.436+0000] {processor.py:186} INFO - Started process (PID=1327) to work on /home/airflow/.local/lib/python3.12/site-packages/airflow/example_dags/example_branch_labels.py
[2024-12-17T14:52:42.437+0000] {processor.py:914} INFO - Processing file /home/airflow/.local/lib/python3.12/site-packages/airflow/example_dags/example_branch_labels.py for tasks to queue
[2024-12-17T14:52:42.439+0000] {logging_mixin.py:190} INFO - [2024-12-17T14:52:42.438+0000] {dagbag.py:588} INFO - Filling up the DagBag from /home/airflow/.local/lib/python3.12/site-packages/airflow/example_dags/example_branch_labels.py
[2024-12-17T14:52:42.446+0000] {processor.py:925} INFO - DAG(s) 'example_branch_labels' retrieved from /home/airflow/.local/lib/python3.12/site-packages/airflow/example_dags/example_branch_labels.py
[2024-12-17T14:52:42.461+0000] {logging_mixin.py:190} INFO - [2024-12-17T14:52:42.461+0000] {dag.py:3239} INFO - Sync 1 DAGs
[2024-12-17T14:52:42.481+0000] {logging_mixin.py:190} INFO - [2024-12-17T14:52:42.480+0000] {dag.py:4180} INFO - Setting next_dagrun for example_branch_labels to 2024-12-16 00:00:00+00:00, run_after=2024-12-17 00:00:00+00:00
[2024-12-17T14:52:42.496+0000] {processor.py:208} INFO - Processing /home/airflow/.local/lib/python3.12/site-packages/airflow/example_dags/example_branch_labels.py took 0.065 seconds
[2024-12-17T14:53:13.229+0000] {processor.py:186} INFO - Started process (PID=1392) to work on /home/airflow/.local/lib/python3.12/site-packages/airflow/example_dags/example_branch_labels.py
[2024-12-17T14:53:13.230+0000] {processor.py:914} INFO - Processing file /home/airflow/.local/lib/python3.12/site-packages/airflow/example_dags/example_branch_labels.py for tasks to queue
[2024-12-17T14:53:13.232+0000] {logging_mixin.py:190} INFO - [2024-12-17T14:53:13.231+0000] {dagbag.py:588} INFO - Filling up the DagBag from /home/airflow/.local/lib/python3.12/site-packages/airflow/example_dags/example_branch_labels.py
[2024-12-17T14:53:13.238+0000] {processor.py:925} INFO - DAG(s) 'example_branch_labels' retrieved from /home/airflow/.local/lib/python3.12/site-packages/airflow/example_dags/example_branch_labels.py
[2024-12-17T14:53:13.253+0000] {logging_mixin.py:190} INFO - [2024-12-17T14:53:13.252+0000] {dag.py:3239} INFO - Sync 1 DAGs
[2024-12-17T14:53:13.270+0000] {logging_mixin.py:190} INFO - [2024-12-17T14:53:13.270+0000] {dag.py:4180} INFO - Setting next_dagrun for example_branch_labels to 2024-12-16 00:00:00+00:00, run_after=2024-12-17 00:00:00+00:00
[2024-12-17T14:53:13.282+0000] {processor.py:208} INFO - Processing /home/airflow/.local/lib/python3.12/site-packages/airflow/example_dags/example_branch_labels.py took 0.057 seconds
[2024-12-17T14:53:45.382+0000] {processor.py:186} INFO - Started process (PID=1457) to work on /home/airflow/.local/lib/python3.12/site-packages/airflow/example_dags/example_branch_labels.py
[2024-12-17T14:53:45.382+0000] {processor.py:914} INFO - Processing file /home/airflow/.local/lib/python3.12/site-packages/airflow/example_dags/example_branch_labels.py for tasks to queue
[2024-12-17T14:53:45.384+0000] {logging_mixin.py:190} INFO - [2024-12-17T14:53:45.384+0000] {dagbag.py:588} INFO - Filling up the DagBag from /home/airflow/.local/lib/python3.12/site-packages/airflow/example_dags/example_branch_labels.py
[2024-12-17T14:53:45.390+0000] {processor.py:925} INFO - DAG(s) 'example_branch_labels' retrieved from /home/airflow/.local/lib/python3.12/site-packages/airflow/example_dags/example_branch_labels.py
[2024-12-17T14:53:45.404+0000] {logging_mixin.py:190} INFO - [2024-12-17T14:53:45.403+0000] {dag.py:3239} INFO - Sync 1 DAGs
[2024-12-17T14:53:45.419+0000] {logging_mixin.py:190} INFO - [2024-12-17T14:53:45.418+0000] {dag.py:4180} INFO - Setting next_dagrun for example_branch_labels to 2024-12-16 00:00:00+00:00, run_after=2024-12-17 00:00:00+00:00
[2024-12-17T14:53:45.430+0000] {processor.py:208} INFO - Processing /home/airflow/.local/lib/python3.12/site-packages/airflow/example_dags/example_branch_labels.py took 0.052 seconds
[2024-12-17T14:54:18.867+0000] {processor.py:186} INFO - Started process (PID=1522) to work on /home/airflow/.local/lib/python3.12/site-packages/airflow/example_dags/example_branch_labels.py
[2024-12-17T14:54:18.867+0000] {processor.py:914} INFO - Processing file /home/airflow/.local/lib/python3.12/site-packages/airflow/example_dags/example_branch_labels.py for tasks to queue
[2024-12-17T14:54:18.869+0000] {logging_mixin.py:190} INFO - [2024-12-17T14:54:18.869+0000] {dagbag.py:588} INFO - Filling up the DagBag from /home/airflow/.local/lib/python3.12/site-packages/airflow/example_dags/example_branch_labels.py
[2024-12-17T14:54:18.875+0000] {processor.py:925} INFO - DAG(s) 'example_branch_labels' retrieved from /home/airflow/.local/lib/python3.12/site-packages/airflow/example_dags/example_branch_labels.py
[2024-12-17T14:54:18.889+0000] {logging_mixin.py:190} INFO - [2024-12-17T14:54:18.888+0000] {dag.py:3239} INFO - Sync 1 DAGs
[2024-12-17T14:54:18.904+0000] {logging_mixin.py:190} INFO - [2024-12-17T14:54:18.904+0000] {dag.py:4180} INFO - Setting next_dagrun for example_branch_labels to 2024-12-16 00:00:00+00:00, run_after=2024-12-17 00:00:00+00:00
[2024-12-17T14:54:18.915+0000] {processor.py:208} INFO - Processing /home/airflow/.local/lib/python3.12/site-packages/airflow/example_dags/example_branch_labels.py took 0.052 seconds
[2024-12-17T14:54:51.266+0000] {processor.py:186} INFO - Started process (PID=1587) to work on /home/airflow/.local/lib/python3.12/site-packages/airflow/example_dags/example_branch_labels.py
[2024-12-17T14:54:51.267+0000] {processor.py:914} INFO - Processing file /home/airflow/.local/lib/python3.12/site-packages/airflow/example_dags/example_branch_labels.py for tasks to queue
[2024-12-17T14:54:51.269+0000] {logging_mixin.py:190} INFO - [2024-12-17T14:54:51.268+0000] {dagbag.py:588} INFO - Filling up the DagBag from /home/airflow/.local/lib/python3.12/site-packages/airflow/example_dags/example_branch_labels.py
[2024-12-17T14:54:51.275+0000] {processor.py:925} INFO - DAG(s) 'example_branch_labels' retrieved from /home/airflow/.local/lib/python3.12/site-packages/airflow/example_dags/example_branch_labels.py
[2024-12-17T14:54:51.287+0000] {logging_mixin.py:190} INFO - [2024-12-17T14:54:51.287+0000] {dag.py:3239} INFO - Sync 1 DAGs
[2024-12-17T14:54:51.306+0000] {logging_mixin.py:190} INFO - [2024-12-17T14:54:51.305+0000] {dag.py:4180} INFO - Setting next_dagrun for example_branch_labels to 2024-12-16 00:00:00+00:00, run_after=2024-12-17 00:00:00+00:00
[2024-12-17T14:54:51.319+0000] {processor.py:208} INFO - Processing /home/airflow/.local/lib/python3.12/site-packages/airflow/example_dags/example_branch_labels.py took 0.057 seconds
[2024-12-17T14:55:23.766+0000] {processor.py:186} INFO - Started process (PID=1652) to work on /home/airflow/.local/lib/python3.12/site-packages/airflow/example_dags/example_branch_labels.py
[2024-12-17T14:55:23.767+0000] {processor.py:914} INFO - Processing file /home/airflow/.local/lib/python3.12/site-packages/airflow/example_dags/example_branch_labels.py for tasks to queue
[2024-12-17T14:55:23.769+0000] {logging_mixin.py:190} INFO - [2024-12-17T14:55:23.769+0000] {dagbag.py:588} INFO - Filling up the DagBag from /home/airflow/.local/lib/python3.12/site-packages/airflow/example_dags/example_branch_labels.py
[2024-12-17T14:55:23.775+0000] {processor.py:925} INFO - DAG(s) 'example_branch_labels' retrieved from /home/airflow/.local/lib/python3.12/site-packages/airflow/example_dags/example_branch_labels.py
[2024-12-17T14:55:23.790+0000] {logging_mixin.py:190} INFO - [2024-12-17T14:55:23.789+0000] {dag.py:3239} INFO - Sync 1 DAGs
[2024-12-17T14:55:23.806+0000] {logging_mixin.py:190} INFO - [2024-12-17T14:55:23.806+0000] {dag.py:4180} INFO - Setting next_dagrun for example_branch_labels to 2024-12-16 00:00:00+00:00, run_after=2024-12-17 00:00:00+00:00
[2024-12-17T14:55:23.817+0000] {processor.py:208} INFO - Processing /home/airflow/.local/lib/python3.12/site-packages/airflow/example_dags/example_branch_labels.py took 0.055 seconds
[2024-12-17T14:55:55.707+0000] {processor.py:186} INFO - Started process (PID=1717) to work on /home/airflow/.local/lib/python3.12/site-packages/airflow/example_dags/example_branch_labels.py
[2024-12-17T14:55:55.708+0000] {processor.py:914} INFO - Processing file /home/airflow/.local/lib/python3.12/site-packages/airflow/example_dags/example_branch_labels.py for tasks to queue
[2024-12-17T14:55:55.710+0000] {logging_mixin.py:190} INFO - [2024-12-17T14:55:55.710+0000] {dagbag.py:588} INFO - Filling up the DagBag from /home/airflow/.local/lib/python3.12/site-packages/airflow/example_dags/example_branch_labels.py
[2024-12-17T14:55:55.728+0000] {processor.py:925} INFO - DAG(s) 'example_branch_labels' retrieved from /home/airflow/.local/lib/python3.12/site-packages/airflow/example_dags/example_branch_labels.py
[2024-12-17T14:55:55.744+0000] {logging_mixin.py:190} INFO - [2024-12-17T14:55:55.743+0000] {dag.py:3239} INFO - Sync 1 DAGs
[2024-12-17T14:55:55.761+0000] {logging_mixin.py:190} INFO - [2024-12-17T14:55:55.760+0000] {dag.py:4180} INFO - Setting next_dagrun for example_branch_labels to 2024-12-16 00:00:00+00:00, run_after=2024-12-17 00:00:00+00:00
[2024-12-17T14:55:55.773+0000] {processor.py:208} INFO - Processing /home/airflow/.local/lib/python3.12/site-packages/airflow/example_dags/example_branch_labels.py took 0.071 seconds
[2024-12-17T14:56:26.318+0000] {processor.py:186} INFO - Started process (PID=1782) to work on /home/airflow/.local/lib/python3.12/site-packages/airflow/example_dags/example_branch_labels.py
[2024-12-17T14:56:26.319+0000] {processor.py:914} INFO - Processing file /home/airflow/.local/lib/python3.12/site-packages/airflow/example_dags/example_branch_labels.py for tasks to queue
[2024-12-17T14:56:26.321+0000] {logging_mixin.py:190} INFO - [2024-12-17T14:56:26.321+0000] {dagbag.py:588} INFO - Filling up the DagBag from /home/airflow/.local/lib/python3.12/site-packages/airflow/example_dags/example_branch_labels.py
[2024-12-17T14:56:26.327+0000] {processor.py:925} INFO - DAG(s) 'example_branch_labels' retrieved from /home/airflow/.local/lib/python3.12/site-packages/airflow/example_dags/example_branch_labels.py
[2024-12-17T14:56:26.341+0000] {logging_mixin.py:190} INFO - [2024-12-17T14:56:26.341+0000] {dag.py:3239} INFO - Sync 1 DAGs
[2024-12-17T14:56:26.357+0000] {logging_mixin.py:190} INFO - [2024-12-17T14:56:26.357+0000] {dag.py:4180} INFO - Setting next_dagrun for example_branch_labels to 2024-12-16 00:00:00+00:00, run_after=2024-12-17 00:00:00+00:00
[2024-12-17T14:56:26.369+0000] {processor.py:208} INFO - Processing /home/airflow/.local/lib/python3.12/site-packages/airflow/example_dags/example_branch_labels.py took 0.054 seconds
