[2024-12-17T14:42:58.764+0000] {processor.py:186} INFO - Started process (PID=71) to work on /home/airflow/.local/lib/python3.12/site-packages/airflow/example_dags/example_branch_python_dop_operator_3.py
[2024-12-17T14:42:58.764+0000] {processor.py:914} INFO - Processing file /home/airflow/.local/lib/python3.12/site-packages/airflow/example_dags/example_branch_python_dop_operator_3.py for tasks to queue
[2024-12-17T14:42:58.766+0000] {logging_mixin.py:190} INFO - [2024-12-17T14:42:58.766+0000] {dagbag.py:588} INFO - Filling up the DagBag from /home/airflow/.local/lib/python3.12/site-packages/airflow/example_dags/example_branch_python_dop_operator_3.py
[2024-12-17T14:42:58.773+0000] {processor.py:925} INFO - DAG(s) 'example_branch_dop_operator_v3' retrieved from /home/airflow/.local/lib/python3.12/site-packages/airflow/example_dags/example_branch_python_dop_operator_3.py
[2024-12-17T14:42:58.787+0000] {logging_mixin.py:190} INFO - [2024-12-17T14:42:58.787+0000] {dag.py:3239} INFO - Sync 1 DAGs
[2024-12-17T14:42:58.805+0000] {logging_mixin.py:190} INFO - [2024-12-17T14:42:58.805+0000] {dag.py:4180} INFO - Setting next_dagrun for example_branch_dop_operator_v3 to 2024-12-17 14:41:00+00:00, run_after=2024-12-17 14:42:00+00:00
[2024-12-17T14:42:58.818+0000] {processor.py:208} INFO - Processing /home/airflow/.local/lib/python3.12/site-packages/airflow/example_dags/example_branch_python_dop_operator_3.py took 0.057 seconds
[2024-12-17T14:43:29.164+0000] {processor.py:186} INFO - Started process (PID=136) to work on /home/airflow/.local/lib/python3.12/site-packages/airflow/example_dags/example_branch_python_dop_operator_3.py
[2024-12-17T14:43:29.165+0000] {processor.py:914} INFO - Processing file /home/airflow/.local/lib/python3.12/site-packages/airflow/example_dags/example_branch_python_dop_operator_3.py for tasks to queue
[2024-12-17T14:43:29.167+0000] {logging_mixin.py:190} INFO - [2024-12-17T14:43:29.167+0000] {dagbag.py:588} INFO - Filling up the DagBag from /home/airflow/.local/lib/python3.12/site-packages/airflow/example_dags/example_branch_python_dop_operator_3.py
[2024-12-17T14:43:29.173+0000] {processor.py:925} INFO - DAG(s) 'example_branch_dop_operator_v3' retrieved from /home/airflow/.local/lib/python3.12/site-packages/airflow/example_dags/example_branch_python_dop_operator_3.py
[2024-12-17T14:43:29.187+0000] {logging_mixin.py:190} INFO - [2024-12-17T14:43:29.187+0000] {dag.py:3239} INFO - Sync 1 DAGs
[2024-12-17T14:43:29.205+0000] {logging_mixin.py:190} INFO - [2024-12-17T14:43:29.204+0000] {dag.py:4180} INFO - Setting next_dagrun for example_branch_dop_operator_v3 to 2024-12-17 14:42:00+00:00, run_after=2024-12-17 14:43:00+00:00
[2024-12-17T14:43:29.217+0000] {processor.py:208} INFO - Processing /home/airflow/.local/lib/python3.12/site-packages/airflow/example_dags/example_branch_python_dop_operator_3.py took 0.056 seconds
[2024-12-17T14:43:59.695+0000] {processor.py:186} INFO - Started process (PID=201) to work on /home/airflow/.local/lib/python3.12/site-packages/airflow/example_dags/example_branch_python_dop_operator_3.py
[2024-12-17T14:43:59.695+0000] {processor.py:914} INFO - Processing file /home/airflow/.local/lib/python3.12/site-packages/airflow/example_dags/example_branch_python_dop_operator_3.py for tasks to queue
[2024-12-17T14:43:59.697+0000] {logging_mixin.py:190} INFO - [2024-12-17T14:43:59.697+0000] {dagbag.py:588} INFO - Filling up the DagBag from /home/airflow/.local/lib/python3.12/site-packages/airflow/example_dags/example_branch_python_dop_operator_3.py
[2024-12-17T14:43:59.704+0000] {processor.py:925} INFO - DAG(s) 'example_branch_dop_operator_v3' retrieved from /home/airflow/.local/lib/python3.12/site-packages/airflow/example_dags/example_branch_python_dop_operator_3.py
[2024-12-17T14:43:59.717+0000] {logging_mixin.py:190} INFO - [2024-12-17T14:43:59.717+0000] {dag.py:3239} INFO - Sync 1 DAGs
[2024-12-17T14:43:59.736+0000] {logging_mixin.py:190} INFO - [2024-12-17T14:43:59.735+0000] {dag.py:4180} INFO - Setting next_dagrun for example_branch_dop_operator_v3 to 2024-12-17 14:42:00+00:00, run_after=2024-12-17 14:43:00+00:00
[2024-12-17T14:43:59.749+0000] {processor.py:208} INFO - Processing /home/airflow/.local/lib/python3.12/site-packages/airflow/example_dags/example_branch_python_dop_operator_3.py took 0.058 seconds
[2024-12-17T14:44:29.956+0000] {processor.py:186} INFO - Started process (PID=266) to work on /home/airflow/.local/lib/python3.12/site-packages/airflow/example_dags/example_branch_python_dop_operator_3.py
[2024-12-17T14:44:29.956+0000] {processor.py:914} INFO - Processing file /home/airflow/.local/lib/python3.12/site-packages/airflow/example_dags/example_branch_python_dop_operator_3.py for tasks to queue
[2024-12-17T14:44:29.958+0000] {logging_mixin.py:190} INFO - [2024-12-17T14:44:29.958+0000] {dagbag.py:588} INFO - Filling up the DagBag from /home/airflow/.local/lib/python3.12/site-packages/airflow/example_dags/example_branch_python_dop_operator_3.py
[2024-12-17T14:44:29.965+0000] {processor.py:925} INFO - DAG(s) 'example_branch_dop_operator_v3' retrieved from /home/airflow/.local/lib/python3.12/site-packages/airflow/example_dags/example_branch_python_dop_operator_3.py
[2024-12-17T14:44:29.977+0000] {logging_mixin.py:190} INFO - [2024-12-17T14:44:29.977+0000] {dag.py:3239} INFO - Sync 1 DAGs
[2024-12-17T14:44:29.993+0000] {logging_mixin.py:190} INFO - [2024-12-17T14:44:29.993+0000] {dag.py:4180} INFO - Setting next_dagrun for example_branch_dop_operator_v3 to 2024-12-17 14:43:00+00:00, run_after=2024-12-17 14:44:00+00:00
[2024-12-17T14:44:30.005+0000] {processor.py:208} INFO - Processing /home/airflow/.local/lib/python3.12/site-packages/airflow/example_dags/example_branch_python_dop_operator_3.py took 0.053 seconds
[2024-12-17T14:45:00.140+0000] {processor.py:186} INFO - Started process (PID=331) to work on /home/airflow/.local/lib/python3.12/site-packages/airflow/example_dags/example_branch_python_dop_operator_3.py
[2024-12-17T14:45:00.141+0000] {processor.py:914} INFO - Processing file /home/airflow/.local/lib/python3.12/site-packages/airflow/example_dags/example_branch_python_dop_operator_3.py for tasks to queue
[2024-12-17T14:45:00.143+0000] {logging_mixin.py:190} INFO - [2024-12-17T14:45:00.142+0000] {dagbag.py:588} INFO - Filling up the DagBag from /home/airflow/.local/lib/python3.12/site-packages/airflow/example_dags/example_branch_python_dop_operator_3.py
[2024-12-17T14:45:00.149+0000] {processor.py:925} INFO - DAG(s) 'example_branch_dop_operator_v3' retrieved from /home/airflow/.local/lib/python3.12/site-packages/airflow/example_dags/example_branch_python_dop_operator_3.py
[2024-12-17T14:45:00.161+0000] {logging_mixin.py:190} INFO - [2024-12-17T14:45:00.161+0000] {dag.py:3239} INFO - Sync 1 DAGs
[2024-12-17T14:45:00.177+0000] {logging_mixin.py:190} INFO - [2024-12-17T14:45:00.177+0000] {dag.py:4180} INFO - Setting next_dagrun for example_branch_dop_operator_v3 to 2024-12-17 14:44:00+00:00, run_after=2024-12-17 14:45:00+00:00
[2024-12-17T14:45:00.189+0000] {processor.py:208} INFO - Processing /home/airflow/.local/lib/python3.12/site-packages/airflow/example_dags/example_branch_python_dop_operator_3.py took 0.052 seconds
[2024-12-17T14:45:30.329+0000] {processor.py:186} INFO - Started process (PID=396) to work on /home/airflow/.local/lib/python3.12/site-packages/airflow/example_dags/example_branch_python_dop_operator_3.py
[2024-12-17T14:45:30.329+0000] {processor.py:914} INFO - Processing file /home/airflow/.local/lib/python3.12/site-packages/airflow/example_dags/example_branch_python_dop_operator_3.py for tasks to queue
[2024-12-17T14:45:30.331+0000] {logging_mixin.py:190} INFO - [2024-12-17T14:45:30.330+0000] {dagbag.py:588} INFO - Filling up the DagBag from /home/airflow/.local/lib/python3.12/site-packages/airflow/example_dags/example_branch_python_dop_operator_3.py
[2024-12-17T14:45:30.337+0000] {processor.py:925} INFO - DAG(s) 'example_branch_dop_operator_v3' retrieved from /home/airflow/.local/lib/python3.12/site-packages/airflow/example_dags/example_branch_python_dop_operator_3.py
[2024-12-17T14:45:30.349+0000] {logging_mixin.py:190} INFO - [2024-12-17T14:45:30.349+0000] {dag.py:3239} INFO - Sync 1 DAGs
[2024-12-17T14:45:30.366+0000] {logging_mixin.py:190} INFO - [2024-12-17T14:45:30.366+0000] {dag.py:4180} INFO - Setting next_dagrun for example_branch_dop_operator_v3 to 2024-12-17 14:44:00+00:00, run_after=2024-12-17 14:45:00+00:00
[2024-12-17T14:45:30.378+0000] {processor.py:208} INFO - Processing /home/airflow/.local/lib/python3.12/site-packages/airflow/example_dags/example_branch_python_dop_operator_3.py took 0.053 seconds
[2024-12-17T14:46:00.590+0000] {processor.py:186} INFO - Started process (PID=461) to work on /home/airflow/.local/lib/python3.12/site-packages/airflow/example_dags/example_branch_python_dop_operator_3.py
[2024-12-17T14:46:00.591+0000] {processor.py:914} INFO - Processing file /home/airflow/.local/lib/python3.12/site-packages/airflow/example_dags/example_branch_python_dop_operator_3.py for tasks to queue
[2024-12-17T14:46:00.592+0000] {logging_mixin.py:190} INFO - [2024-12-17T14:46:00.592+0000] {dagbag.py:588} INFO - Filling up the DagBag from /home/airflow/.local/lib/python3.12/site-packages/airflow/example_dags/example_branch_python_dop_operator_3.py
[2024-12-17T14:46:00.598+0000] {processor.py:925} INFO - DAG(s) 'example_branch_dop_operator_v3' retrieved from /home/airflow/.local/lib/python3.12/site-packages/airflow/example_dags/example_branch_python_dop_operator_3.py
[2024-12-17T14:46:00.610+0000] {logging_mixin.py:190} INFO - [2024-12-17T14:46:00.610+0000] {dag.py:3239} INFO - Sync 1 DAGs
[2024-12-17T14:46:00.626+0000] {logging_mixin.py:190} INFO - [2024-12-17T14:46:00.626+0000] {dag.py:4180} INFO - Setting next_dagrun for example_branch_dop_operator_v3 to 2024-12-17 14:45:00+00:00, run_after=2024-12-17 14:46:00+00:00
[2024-12-17T14:46:00.638+0000] {processor.py:208} INFO - Processing /home/airflow/.local/lib/python3.12/site-packages/airflow/example_dags/example_branch_python_dop_operator_3.py took 0.051 seconds
[2024-12-17T14:46:31.003+0000] {processor.py:186} INFO - Started process (PID=526) to work on /home/airflow/.local/lib/python3.12/site-packages/airflow/example_dags/example_branch_python_dop_operator_3.py
[2024-12-17T14:46:31.003+0000] {processor.py:914} INFO - Processing file /home/airflow/.local/lib/python3.12/site-packages/airflow/example_dags/example_branch_python_dop_operator_3.py for tasks to queue
[2024-12-17T14:46:31.005+0000] {logging_mixin.py:190} INFO - [2024-12-17T14:46:31.005+0000] {dagbag.py:588} INFO - Filling up the DagBag from /home/airflow/.local/lib/python3.12/site-packages/airflow/example_dags/example_branch_python_dop_operator_3.py
[2024-12-17T14:46:31.012+0000] {processor.py:925} INFO - DAG(s) 'example_branch_dop_operator_v3' retrieved from /home/airflow/.local/lib/python3.12/site-packages/airflow/example_dags/example_branch_python_dop_operator_3.py
[2024-12-17T14:46:31.026+0000] {logging_mixin.py:190} INFO - [2024-12-17T14:46:31.025+0000] {dag.py:3239} INFO - Sync 1 DAGs
[2024-12-17T14:46:31.043+0000] {logging_mixin.py:190} INFO - [2024-12-17T14:46:31.043+0000] {dag.py:4180} INFO - Setting next_dagrun for example_branch_dop_operator_v3 to 2024-12-17 14:45:00+00:00, run_after=2024-12-17 14:46:00+00:00
[2024-12-17T14:46:31.056+0000] {processor.py:208} INFO - Processing /home/airflow/.local/lib/python3.12/site-packages/airflow/example_dags/example_branch_python_dop_operator_3.py took 0.058 seconds
[2024-12-17T14:47:01.522+0000] {processor.py:186} INFO - Started process (PID=591) to work on /home/airflow/.local/lib/python3.12/site-packages/airflow/example_dags/example_branch_python_dop_operator_3.py
[2024-12-17T14:47:01.523+0000] {processor.py:914} INFO - Processing file /home/airflow/.local/lib/python3.12/site-packages/airflow/example_dags/example_branch_python_dop_operator_3.py for tasks to queue
[2024-12-17T14:47:01.524+0000] {logging_mixin.py:190} INFO - [2024-12-17T14:47:01.524+0000] {dagbag.py:588} INFO - Filling up the DagBag from /home/airflow/.local/lib/python3.12/site-packages/airflow/example_dags/example_branch_python_dop_operator_3.py
[2024-12-17T14:47:01.531+0000] {processor.py:925} INFO - DAG(s) 'example_branch_dop_operator_v3' retrieved from /home/airflow/.local/lib/python3.12/site-packages/airflow/example_dags/example_branch_python_dop_operator_3.py
[2024-12-17T14:47:01.547+0000] {logging_mixin.py:190} INFO - [2024-12-17T14:47:01.547+0000] {dag.py:3239} INFO - Sync 1 DAGs
[2024-12-17T14:47:01.566+0000] {logging_mixin.py:190} INFO - [2024-12-17T14:47:01.565+0000] {dag.py:4180} INFO - Setting next_dagrun for example_branch_dop_operator_v3 to 2024-12-17 14:46:00+00:00, run_after=2024-12-17 14:47:00+00:00
[2024-12-17T14:47:01.580+0000] {processor.py:208} INFO - Processing /home/airflow/.local/lib/python3.12/site-packages/airflow/example_dags/example_branch_python_dop_operator_3.py took 0.062 seconds
[2024-12-17T14:47:32.164+0000] {processor.py:186} INFO - Started process (PID=656) to work on /home/airflow/.local/lib/python3.12/site-packages/airflow/example_dags/example_branch_python_dop_operator_3.py
[2024-12-17T14:47:32.164+0000] {processor.py:914} INFO - Processing file /home/airflow/.local/lib/python3.12/site-packages/airflow/example_dags/example_branch_python_dop_operator_3.py for tasks to queue
[2024-12-17T14:47:32.166+0000] {logging_mixin.py:190} INFO - [2024-12-17T14:47:32.166+0000] {dagbag.py:588} INFO - Filling up the DagBag from /home/airflow/.local/lib/python3.12/site-packages/airflow/example_dags/example_branch_python_dop_operator_3.py
[2024-12-17T14:47:32.173+0000] {processor.py:925} INFO - DAG(s) 'example_branch_dop_operator_v3' retrieved from /home/airflow/.local/lib/python3.12/site-packages/airflow/example_dags/example_branch_python_dop_operator_3.py
[2024-12-17T14:47:32.188+0000] {logging_mixin.py:190} INFO - [2024-12-17T14:47:32.187+0000] {dag.py:3239} INFO - Sync 1 DAGs
[2024-12-17T14:47:32.207+0000] {logging_mixin.py:190} INFO - [2024-12-17T14:47:32.206+0000] {dag.py:4180} INFO - Setting next_dagrun for example_branch_dop_operator_v3 to 2024-12-17 14:46:00+00:00, run_after=2024-12-17 14:47:00+00:00
[2024-12-17T14:47:32.220+0000] {processor.py:208} INFO - Processing /home/airflow/.local/lib/python3.12/site-packages/airflow/example_dags/example_branch_python_dop_operator_3.py took 0.060 seconds
[2024-12-17T14:48:02.753+0000] {processor.py:186} INFO - Started process (PID=721) to work on /home/airflow/.local/lib/python3.12/site-packages/airflow/example_dags/example_branch_python_dop_operator_3.py
[2024-12-17T14:48:02.754+0000] {processor.py:914} INFO - Processing file /home/airflow/.local/lib/python3.12/site-packages/airflow/example_dags/example_branch_python_dop_operator_3.py for tasks to queue
[2024-12-17T14:48:02.756+0000] {logging_mixin.py:190} INFO - [2024-12-17T14:48:02.755+0000] {dagbag.py:588} INFO - Filling up the DagBag from /home/airflow/.local/lib/python3.12/site-packages/airflow/example_dags/example_branch_python_dop_operator_3.py
[2024-12-17T14:48:02.763+0000] {processor.py:925} INFO - DAG(s) 'example_branch_dop_operator_v3' retrieved from /home/airflow/.local/lib/python3.12/site-packages/airflow/example_dags/example_branch_python_dop_operator_3.py
[2024-12-17T14:48:02.776+0000] {logging_mixin.py:190} INFO - [2024-12-17T14:48:02.776+0000] {dag.py:3239} INFO - Sync 1 DAGs
[2024-12-17T14:48:02.794+0000] {logging_mixin.py:190} INFO - [2024-12-17T14:48:02.794+0000] {dag.py:4180} INFO - Setting next_dagrun for example_branch_dop_operator_v3 to 2024-12-17 14:47:00+00:00, run_after=2024-12-17 14:48:00+00:00
[2024-12-17T14:48:02.807+0000] {processor.py:208} INFO - Processing /home/airflow/.local/lib/python3.12/site-packages/airflow/example_dags/example_branch_python_dop_operator_3.py took 0.057 seconds
[2024-12-17T14:48:33.046+0000] {processor.py:186} INFO - Started process (PID=786) to work on /home/airflow/.local/lib/python3.12/site-packages/airflow/example_dags/example_branch_python_dop_operator_3.py
[2024-12-17T14:48:33.046+0000] {processor.py:914} INFO - Processing file /home/airflow/.local/lib/python3.12/site-packages/airflow/example_dags/example_branch_python_dop_operator_3.py for tasks to queue
[2024-12-17T14:48:33.048+0000] {logging_mixin.py:190} INFO - [2024-12-17T14:48:33.047+0000] {dagbag.py:588} INFO - Filling up the DagBag from /home/airflow/.local/lib/python3.12/site-packages/airflow/example_dags/example_branch_python_dop_operator_3.py
[2024-12-17T14:48:33.054+0000] {processor.py:925} INFO - DAG(s) 'example_branch_dop_operator_v3' retrieved from /home/airflow/.local/lib/python3.12/site-packages/airflow/example_dags/example_branch_python_dop_operator_3.py
[2024-12-17T14:48:33.066+0000] {logging_mixin.py:190} INFO - [2024-12-17T14:48:33.066+0000] {dag.py:3239} INFO - Sync 1 DAGs
[2024-12-17T14:48:33.082+0000] {logging_mixin.py:190} INFO - [2024-12-17T14:48:33.082+0000] {dag.py:4180} INFO - Setting next_dagrun for example_branch_dop_operator_v3 to 2024-12-17 14:47:00+00:00, run_after=2024-12-17 14:48:00+00:00
[2024-12-17T14:48:33.095+0000] {processor.py:208} INFO - Processing /home/airflow/.local/lib/python3.12/site-packages/airflow/example_dags/example_branch_python_dop_operator_3.py took 0.053 seconds
[2024-12-17T14:49:03.379+0000] {processor.py:186} INFO - Started process (PID=851) to work on /home/airflow/.local/lib/python3.12/site-packages/airflow/example_dags/example_branch_python_dop_operator_3.py
[2024-12-17T14:49:03.380+0000] {processor.py:914} INFO - Processing file /home/airflow/.local/lib/python3.12/site-packages/airflow/example_dags/example_branch_python_dop_operator_3.py for tasks to queue
[2024-12-17T14:49:03.381+0000] {logging_mixin.py:190} INFO - [2024-12-17T14:49:03.381+0000] {dagbag.py:588} INFO - Filling up the DagBag from /home/airflow/.local/lib/python3.12/site-packages/airflow/example_dags/example_branch_python_dop_operator_3.py
[2024-12-17T14:49:03.388+0000] {processor.py:925} INFO - DAG(s) 'example_branch_dop_operator_v3' retrieved from /home/airflow/.local/lib/python3.12/site-packages/airflow/example_dags/example_branch_python_dop_operator_3.py
[2024-12-17T14:49:03.400+0000] {logging_mixin.py:190} INFO - [2024-12-17T14:49:03.400+0000] {dag.py:3239} INFO - Sync 1 DAGs
[2024-12-17T14:49:03.416+0000] {logging_mixin.py:190} INFO - [2024-12-17T14:49:03.416+0000] {dag.py:4180} INFO - Setting next_dagrun for example_branch_dop_operator_v3 to 2024-12-17 14:48:00+00:00, run_after=2024-12-17 14:49:00+00:00
[2024-12-17T14:49:03.427+0000] {processor.py:208} INFO - Processing /home/airflow/.local/lib/python3.12/site-packages/airflow/example_dags/example_branch_python_dop_operator_3.py took 0.051 seconds
[2024-12-17T14:49:33.473+0000] {processor.py:186} INFO - Started process (PID=916) to work on /home/airflow/.local/lib/python3.12/site-packages/airflow/example_dags/example_branch_python_dop_operator_3.py
[2024-12-17T14:49:33.473+0000] {processor.py:914} INFO - Processing file /home/airflow/.local/lib/python3.12/site-packages/airflow/example_dags/example_branch_python_dop_operator_3.py for tasks to queue
[2024-12-17T14:49:33.475+0000] {logging_mixin.py:190} INFO - [2024-12-17T14:49:33.474+0000] {dagbag.py:588} INFO - Filling up the DagBag from /home/airflow/.local/lib/python3.12/site-packages/airflow/example_dags/example_branch_python_dop_operator_3.py
[2024-12-17T14:49:33.481+0000] {processor.py:925} INFO - DAG(s) 'example_branch_dop_operator_v3' retrieved from /home/airflow/.local/lib/python3.12/site-packages/airflow/example_dags/example_branch_python_dop_operator_3.py
[2024-12-17T14:49:33.493+0000] {logging_mixin.py:190} INFO - [2024-12-17T14:49:33.493+0000] {dag.py:3239} INFO - Sync 1 DAGs
[2024-12-17T14:49:33.510+0000] {logging_mixin.py:190} INFO - [2024-12-17T14:49:33.509+0000] {dag.py:4180} INFO - Setting next_dagrun for example_branch_dop_operator_v3 to 2024-12-17 14:48:00+00:00, run_after=2024-12-17 14:49:00+00:00
[2024-12-17T14:49:33.522+0000] {processor.py:208} INFO - Processing /home/airflow/.local/lib/python3.12/site-packages/airflow/example_dags/example_branch_python_dop_operator_3.py took 0.053 seconds
[2024-12-17T14:50:04.693+0000] {processor.py:186} INFO - Started process (PID=981) to work on /home/airflow/.local/lib/python3.12/site-packages/airflow/example_dags/example_branch_python_dop_operator_3.py
[2024-12-17T14:50:04.693+0000] {processor.py:914} INFO - Processing file /home/airflow/.local/lib/python3.12/site-packages/airflow/example_dags/example_branch_python_dop_operator_3.py for tasks to queue
[2024-12-17T14:50:04.695+0000] {logging_mixin.py:190} INFO - [2024-12-17T14:50:04.695+0000] {dagbag.py:588} INFO - Filling up the DagBag from /home/airflow/.local/lib/python3.12/site-packages/airflow/example_dags/example_branch_python_dop_operator_3.py
[2024-12-17T14:50:04.702+0000] {processor.py:925} INFO - DAG(s) 'example_branch_dop_operator_v3' retrieved from /home/airflow/.local/lib/python3.12/site-packages/airflow/example_dags/example_branch_python_dop_operator_3.py
[2024-12-17T14:50:04.716+0000] {logging_mixin.py:190} INFO - [2024-12-17T14:50:04.716+0000] {dag.py:3239} INFO - Sync 1 DAGs
[2024-12-17T14:50:04.732+0000] {logging_mixin.py:190} INFO - [2024-12-17T14:50:04.732+0000] {dag.py:4180} INFO - Setting next_dagrun for example_branch_dop_operator_v3 to 2024-12-17 14:49:00+00:00, run_after=2024-12-17 14:50:00+00:00
[2024-12-17T14:50:04.743+0000] {processor.py:208} INFO - Processing /home/airflow/.local/lib/python3.12/site-packages/airflow/example_dags/example_branch_python_dop_operator_3.py took 0.054 seconds
[2024-12-17T14:50:37.874+0000] {processor.py:186} INFO - Started process (PID=1046) to work on /home/airflow/.local/lib/python3.12/site-packages/airflow/example_dags/example_branch_python_dop_operator_3.py
[2024-12-17T14:50:37.875+0000] {processor.py:914} INFO - Processing file /home/airflow/.local/lib/python3.12/site-packages/airflow/example_dags/example_branch_python_dop_operator_3.py for tasks to queue
[2024-12-17T14:50:37.877+0000] {logging_mixin.py:190} INFO - [2024-12-17T14:50:37.876+0000] {dagbag.py:588} INFO - Filling up the DagBag from /home/airflow/.local/lib/python3.12/site-packages/airflow/example_dags/example_branch_python_dop_operator_3.py
[2024-12-17T14:50:37.883+0000] {processor.py:925} INFO - DAG(s) 'example_branch_dop_operator_v3' retrieved from /home/airflow/.local/lib/python3.12/site-packages/airflow/example_dags/example_branch_python_dop_operator_3.py
[2024-12-17T14:50:37.897+0000] {logging_mixin.py:190} INFO - [2024-12-17T14:50:37.896+0000] {dag.py:3239} INFO - Sync 1 DAGs
[2024-12-17T14:50:37.915+0000] {logging_mixin.py:190} INFO - [2024-12-17T14:50:37.914+0000] {dag.py:4180} INFO - Setting next_dagrun for example_branch_dop_operator_v3 to 2024-12-17 14:49:00+00:00, run_after=2024-12-17 14:50:00+00:00
[2024-12-17T14:50:37.929+0000] {processor.py:208} INFO - Processing /home/airflow/.local/lib/python3.12/site-packages/airflow/example_dags/example_branch_python_dop_operator_3.py took 0.058 seconds
[2024-12-17T14:51:08.843+0000] {processor.py:186} INFO - Started process (PID=1111) to work on /home/airflow/.local/lib/python3.12/site-packages/airflow/example_dags/example_branch_python_dop_operator_3.py
[2024-12-17T14:51:08.844+0000] {processor.py:914} INFO - Processing file /home/airflow/.local/lib/python3.12/site-packages/airflow/example_dags/example_branch_python_dop_operator_3.py for tasks to queue
[2024-12-17T14:51:08.846+0000] {logging_mixin.py:190} INFO - [2024-12-17T14:51:08.846+0000] {dagbag.py:588} INFO - Filling up the DagBag from /home/airflow/.local/lib/python3.12/site-packages/airflow/example_dags/example_branch_python_dop_operator_3.py
[2024-12-17T14:51:08.855+0000] {processor.py:925} INFO - DAG(s) 'example_branch_dop_operator_v3' retrieved from /home/airflow/.local/lib/python3.12/site-packages/airflow/example_dags/example_branch_python_dop_operator_3.py
[2024-12-17T14:51:08.869+0000] {logging_mixin.py:190} INFO - [2024-12-17T14:51:08.869+0000] {dag.py:3239} INFO - Sync 1 DAGs
[2024-12-17T14:51:08.890+0000] {logging_mixin.py:190} INFO - [2024-12-17T14:51:08.889+0000] {dag.py:4180} INFO - Setting next_dagrun for example_branch_dop_operator_v3 to 2024-12-17 14:50:00+00:00, run_after=2024-12-17 14:51:00+00:00
[2024-12-17T14:51:08.904+0000] {processor.py:208} INFO - Processing /home/airflow/.local/lib/python3.12/site-packages/airflow/example_dags/example_branch_python_dop_operator_3.py took 0.066 seconds
[2024-12-17T14:51:39.772+0000] {processor.py:186} INFO - Started process (PID=1176) to work on /home/airflow/.local/lib/python3.12/site-packages/airflow/example_dags/example_branch_python_dop_operator_3.py
[2024-12-17T14:51:39.773+0000] {processor.py:914} INFO - Processing file /home/airflow/.local/lib/python3.12/site-packages/airflow/example_dags/example_branch_python_dop_operator_3.py for tasks to queue
[2024-12-17T14:51:39.774+0000] {logging_mixin.py:190} INFO - [2024-12-17T14:51:39.774+0000] {dagbag.py:588} INFO - Filling up the DagBag from /home/airflow/.local/lib/python3.12/site-packages/airflow/example_dags/example_branch_python_dop_operator_3.py
[2024-12-17T14:51:39.783+0000] {processor.py:925} INFO - DAG(s) 'example_branch_dop_operator_v3' retrieved from /home/airflow/.local/lib/python3.12/site-packages/airflow/example_dags/example_branch_python_dop_operator_3.py
[2024-12-17T14:51:39.798+0000] {logging_mixin.py:190} INFO - [2024-12-17T14:51:39.798+0000] {dag.py:3239} INFO - Sync 1 DAGs
[2024-12-17T14:51:39.818+0000] {logging_mixin.py:190} INFO - [2024-12-17T14:51:39.818+0000] {dag.py:4180} INFO - Setting next_dagrun for example_branch_dop_operator_v3 to 2024-12-17 14:50:00+00:00, run_after=2024-12-17 14:51:00+00:00
[2024-12-17T14:51:39.835+0000] {processor.py:208} INFO - Processing /home/airflow/.local/lib/python3.12/site-packages/airflow/example_dags/example_branch_python_dop_operator_3.py took 0.067 seconds
[2024-12-17T14:52:10.673+0000] {processor.py:186} INFO - Started process (PID=1241) to work on /home/airflow/.local/lib/python3.12/site-packages/airflow/example_dags/example_branch_python_dop_operator_3.py
[2024-12-17T14:52:10.674+0000] {processor.py:914} INFO - Processing file /home/airflow/.local/lib/python3.12/site-packages/airflow/example_dags/example_branch_python_dop_operator_3.py for tasks to queue
[2024-12-17T14:52:10.676+0000] {logging_mixin.py:190} INFO - [2024-12-17T14:52:10.675+0000] {dagbag.py:588} INFO - Filling up the DagBag from /home/airflow/.local/lib/python3.12/site-packages/airflow/example_dags/example_branch_python_dop_operator_3.py
[2024-12-17T14:52:10.688+0000] {processor.py:925} INFO - DAG(s) 'example_branch_dop_operator_v3' retrieved from /home/airflow/.local/lib/python3.12/site-packages/airflow/example_dags/example_branch_python_dop_operator_3.py
[2024-12-17T14:52:10.708+0000] {logging_mixin.py:190} INFO - [2024-12-17T14:52:10.708+0000] {dag.py:3239} INFO - Sync 1 DAGs
[2024-12-17T14:52:10.728+0000] {logging_mixin.py:190} INFO - [2024-12-17T14:52:10.728+0000] {dag.py:4180} INFO - Setting next_dagrun for example_branch_dop_operator_v3 to 2024-12-17 14:51:00+00:00, run_after=2024-12-17 14:52:00+00:00
[2024-12-17T14:52:10.742+0000] {processor.py:208} INFO - Processing /home/airflow/.local/lib/python3.12/site-packages/airflow/example_dags/example_branch_python_dop_operator_3.py took 0.076 seconds
[2024-12-17T14:52:41.417+0000] {processor.py:186} INFO - Started process (PID=1306) to work on /home/airflow/.local/lib/python3.12/site-packages/airflow/example_dags/example_branch_python_dop_operator_3.py
[2024-12-17T14:52:41.418+0000] {processor.py:914} INFO - Processing file /home/airflow/.local/lib/python3.12/site-packages/airflow/example_dags/example_branch_python_dop_operator_3.py for tasks to queue
[2024-12-17T14:52:41.420+0000] {logging_mixin.py:190} INFO - [2024-12-17T14:52:41.420+0000] {dagbag.py:588} INFO - Filling up the DagBag from /home/airflow/.local/lib/python3.12/site-packages/airflow/example_dags/example_branch_python_dop_operator_3.py
[2024-12-17T14:52:41.428+0000] {processor.py:925} INFO - DAG(s) 'example_branch_dop_operator_v3' retrieved from /home/airflow/.local/lib/python3.12/site-packages/airflow/example_dags/example_branch_python_dop_operator_3.py
[2024-12-17T14:52:41.443+0000] {logging_mixin.py:190} INFO - [2024-12-17T14:52:41.442+0000] {dag.py:3239} INFO - Sync 1 DAGs
[2024-12-17T14:52:41.463+0000] {logging_mixin.py:190} INFO - [2024-12-17T14:52:41.462+0000] {dag.py:4180} INFO - Setting next_dagrun for example_branch_dop_operator_v3 to 2024-12-17 14:51:00+00:00, run_after=2024-12-17 14:52:00+00:00
[2024-12-17T14:52:41.480+0000] {processor.py:208} INFO - Processing /home/airflow/.local/lib/python3.12/site-packages/airflow/example_dags/example_branch_python_dop_operator_3.py took 0.066 seconds
[2024-12-17T14:53:12.368+0000] {processor.py:186} INFO - Started process (PID=1371) to work on /home/airflow/.local/lib/python3.12/site-packages/airflow/example_dags/example_branch_python_dop_operator_3.py
[2024-12-17T14:53:12.368+0000] {processor.py:914} INFO - Processing file /home/airflow/.local/lib/python3.12/site-packages/airflow/example_dags/example_branch_python_dop_operator_3.py for tasks to queue
[2024-12-17T14:53:12.370+0000] {logging_mixin.py:190} INFO - [2024-12-17T14:53:12.369+0000] {dagbag.py:588} INFO - Filling up the DagBag from /home/airflow/.local/lib/python3.12/site-packages/airflow/example_dags/example_branch_python_dop_operator_3.py
[2024-12-17T14:53:12.376+0000] {processor.py:925} INFO - DAG(s) 'example_branch_dop_operator_v3' retrieved from /home/airflow/.local/lib/python3.12/site-packages/airflow/example_dags/example_branch_python_dop_operator_3.py
[2024-12-17T14:53:12.389+0000] {logging_mixin.py:190} INFO - [2024-12-17T14:53:12.389+0000] {dag.py:3239} INFO - Sync 1 DAGs
[2024-12-17T14:53:12.407+0000] {logging_mixin.py:190} INFO - [2024-12-17T14:53:12.407+0000] {dag.py:4180} INFO - Setting next_dagrun for example_branch_dop_operator_v3 to 2024-12-17 14:52:00+00:00, run_after=2024-12-17 14:53:00+00:00
[2024-12-17T14:53:12.419+0000] {processor.py:208} INFO - Processing /home/airflow/.local/lib/python3.12/site-packages/airflow/example_dags/example_branch_python_dop_operator_3.py took 0.055 seconds
[2024-12-17T14:53:44.561+0000] {processor.py:186} INFO - Started process (PID=1436) to work on /home/airflow/.local/lib/python3.12/site-packages/airflow/example_dags/example_branch_python_dop_operator_3.py
[2024-12-17T14:53:44.562+0000] {processor.py:914} INFO - Processing file /home/airflow/.local/lib/python3.12/site-packages/airflow/example_dags/example_branch_python_dop_operator_3.py for tasks to queue
[2024-12-17T14:53:44.564+0000] {logging_mixin.py:190} INFO - [2024-12-17T14:53:44.563+0000] {dagbag.py:588} INFO - Filling up the DagBag from /home/airflow/.local/lib/python3.12/site-packages/airflow/example_dags/example_branch_python_dop_operator_3.py
[2024-12-17T14:53:44.571+0000] {processor.py:925} INFO - DAG(s) 'example_branch_dop_operator_v3' retrieved from /home/airflow/.local/lib/python3.12/site-packages/airflow/example_dags/example_branch_python_dop_operator_3.py
[2024-12-17T14:53:44.585+0000] {logging_mixin.py:190} INFO - [2024-12-17T14:53:44.584+0000] {dag.py:3239} INFO - Sync 1 DAGs
[2024-12-17T14:53:44.602+0000] {logging_mixin.py:190} INFO - [2024-12-17T14:53:44.601+0000] {dag.py:4180} INFO - Setting next_dagrun for example_branch_dop_operator_v3 to 2024-12-17 14:52:00+00:00, run_after=2024-12-17 14:53:00+00:00
[2024-12-17T14:53:44.613+0000] {processor.py:208} INFO - Processing /home/airflow/.local/lib/python3.12/site-packages/airflow/example_dags/example_branch_python_dop_operator_3.py took 0.055 seconds
[2024-12-17T14:54:17.841+0000] {processor.py:186} INFO - Started process (PID=1501) to work on /home/airflow/.local/lib/python3.12/site-packages/airflow/example_dags/example_branch_python_dop_operator_3.py
[2024-12-17T14:54:17.842+0000] {processor.py:914} INFO - Processing file /home/airflow/.local/lib/python3.12/site-packages/airflow/example_dags/example_branch_python_dop_operator_3.py for tasks to queue
[2024-12-17T14:54:17.844+0000] {logging_mixin.py:190} INFO - [2024-12-17T14:54:17.843+0000] {dagbag.py:588} INFO - Filling up the DagBag from /home/airflow/.local/lib/python3.12/site-packages/airflow/example_dags/example_branch_python_dop_operator_3.py
[2024-12-17T14:54:17.853+0000] {processor.py:925} INFO - DAG(s) 'example_branch_dop_operator_v3' retrieved from /home/airflow/.local/lib/python3.12/site-packages/airflow/example_dags/example_branch_python_dop_operator_3.py
[2024-12-17T14:54:17.867+0000] {logging_mixin.py:190} INFO - [2024-12-17T14:54:17.867+0000] {dag.py:3239} INFO - Sync 1 DAGs
[2024-12-17T14:54:17.888+0000] {logging_mixin.py:190} INFO - [2024-12-17T14:54:17.887+0000] {dag.py:4180} INFO - Setting next_dagrun for example_branch_dop_operator_v3 to 2024-12-17 14:53:00+00:00, run_after=2024-12-17 14:54:00+00:00
[2024-12-17T14:54:17.903+0000] {processor.py:208} INFO - Processing /home/airflow/.local/lib/python3.12/site-packages/airflow/example_dags/example_branch_python_dop_operator_3.py took 0.065 seconds
[2024-12-17T14:54:50.240+0000] {processor.py:186} INFO - Started process (PID=1566) to work on /home/airflow/.local/lib/python3.12/site-packages/airflow/example_dags/example_branch_python_dop_operator_3.py
[2024-12-17T14:54:50.241+0000] {processor.py:914} INFO - Processing file /home/airflow/.local/lib/python3.12/site-packages/airflow/example_dags/example_branch_python_dop_operator_3.py for tasks to queue
[2024-12-17T14:54:50.243+0000] {logging_mixin.py:190} INFO - [2024-12-17T14:54:50.243+0000] {dagbag.py:588} INFO - Filling up the DagBag from /home/airflow/.local/lib/python3.12/site-packages/airflow/example_dags/example_branch_python_dop_operator_3.py
[2024-12-17T14:54:50.249+0000] {processor.py:925} INFO - DAG(s) 'example_branch_dop_operator_v3' retrieved from /home/airflow/.local/lib/python3.12/site-packages/airflow/example_dags/example_branch_python_dop_operator_3.py
[2024-12-17T14:54:50.263+0000] {logging_mixin.py:190} INFO - [2024-12-17T14:54:50.263+0000] {dag.py:3239} INFO - Sync 1 DAGs
[2024-12-17T14:54:50.280+0000] {logging_mixin.py:190} INFO - [2024-12-17T14:54:50.280+0000] {dag.py:4180} INFO - Setting next_dagrun for example_branch_dop_operator_v3 to 2024-12-17 14:53:00+00:00, run_after=2024-12-17 14:54:00+00:00
[2024-12-17T14:54:50.293+0000] {processor.py:208} INFO - Processing /home/airflow/.local/lib/python3.12/site-packages/airflow/example_dags/example_branch_python_dop_operator_3.py took 0.056 seconds
[2024-12-17T14:55:22.859+0000] {processor.py:186} INFO - Started process (PID=1631) to work on /home/airflow/.local/lib/python3.12/site-packages/airflow/example_dags/example_branch_python_dop_operator_3.py
[2024-12-17T14:55:22.860+0000] {processor.py:914} INFO - Processing file /home/airflow/.local/lib/python3.12/site-packages/airflow/example_dags/example_branch_python_dop_operator_3.py for tasks to queue
[2024-12-17T14:55:22.861+0000] {logging_mixin.py:190} INFO - [2024-12-17T14:55:22.861+0000] {dagbag.py:588} INFO - Filling up the DagBag from /home/airflow/.local/lib/python3.12/site-packages/airflow/example_dags/example_branch_python_dop_operator_3.py
[2024-12-17T14:55:22.870+0000] {processor.py:925} INFO - DAG(s) 'example_branch_dop_operator_v3' retrieved from /home/airflow/.local/lib/python3.12/site-packages/airflow/example_dags/example_branch_python_dop_operator_3.py
[2024-12-17T14:55:22.886+0000] {logging_mixin.py:190} INFO - [2024-12-17T14:55:22.885+0000] {dag.py:3239} INFO - Sync 1 DAGs
[2024-12-17T14:55:22.909+0000] {logging_mixin.py:190} INFO - [2024-12-17T14:55:22.908+0000] {dag.py:4180} INFO - Setting next_dagrun for example_branch_dop_operator_v3 to 2024-12-17 14:54:00+00:00, run_after=2024-12-17 14:55:00+00:00
[2024-12-17T14:55:22.923+0000] {processor.py:208} INFO - Processing /home/airflow/.local/lib/python3.12/site-packages/airflow/example_dags/example_branch_python_dop_operator_3.py took 0.068 seconds
[2024-12-17T14:55:54.682+0000] {processor.py:186} INFO - Started process (PID=1696) to work on /home/airflow/.local/lib/python3.12/site-packages/airflow/example_dags/example_branch_python_dop_operator_3.py
[2024-12-17T14:55:54.683+0000] {processor.py:914} INFO - Processing file /home/airflow/.local/lib/python3.12/site-packages/airflow/example_dags/example_branch_python_dop_operator_3.py for tasks to queue
[2024-12-17T14:55:54.685+0000] {logging_mixin.py:190} INFO - [2024-12-17T14:55:54.685+0000] {dagbag.py:588} INFO - Filling up the DagBag from /home/airflow/.local/lib/python3.12/site-packages/airflow/example_dags/example_branch_python_dop_operator_3.py
[2024-12-17T14:55:54.692+0000] {processor.py:925} INFO - DAG(s) 'example_branch_dop_operator_v3' retrieved from /home/airflow/.local/lib/python3.12/site-packages/airflow/example_dags/example_branch_python_dop_operator_3.py
[2024-12-17T14:55:54.706+0000] {logging_mixin.py:190} INFO - [2024-12-17T14:55:54.706+0000] {dag.py:3239} INFO - Sync 1 DAGs
[2024-12-17T14:55:54.731+0000] {logging_mixin.py:190} INFO - [2024-12-17T14:55:54.731+0000] {dag.py:4180} INFO - Setting next_dagrun for example_branch_dop_operator_v3 to 2024-12-17 14:54:00+00:00, run_after=2024-12-17 14:55:00+00:00
[2024-12-17T14:55:54.746+0000] {processor.py:208} INFO - Processing /home/airflow/.local/lib/python3.12/site-packages/airflow/example_dags/example_branch_python_dop_operator_3.py took 0.068 seconds
[2024-12-17T14:56:25.390+0000] {processor.py:186} INFO - Started process (PID=1761) to work on /home/airflow/.local/lib/python3.12/site-packages/airflow/example_dags/example_branch_python_dop_operator_3.py
[2024-12-17T14:56:25.392+0000] {processor.py:914} INFO - Processing file /home/airflow/.local/lib/python3.12/site-packages/airflow/example_dags/example_branch_python_dop_operator_3.py for tasks to queue
[2024-12-17T14:56:25.394+0000] {logging_mixin.py:190} INFO - [2024-12-17T14:56:25.394+0000] {dagbag.py:588} INFO - Filling up the DagBag from /home/airflow/.local/lib/python3.12/site-packages/airflow/example_dags/example_branch_python_dop_operator_3.py
[2024-12-17T14:56:25.403+0000] {processor.py:925} INFO - DAG(s) 'example_branch_dop_operator_v3' retrieved from /home/airflow/.local/lib/python3.12/site-packages/airflow/example_dags/example_branch_python_dop_operator_3.py
[2024-12-17T14:56:25.417+0000] {logging_mixin.py:190} INFO - [2024-12-17T14:56:25.417+0000] {dag.py:3239} INFO - Sync 1 DAGs
[2024-12-17T14:56:25.439+0000] {logging_mixin.py:190} INFO - [2024-12-17T14:56:25.438+0000] {dag.py:4180} INFO - Setting next_dagrun for example_branch_dop_operator_v3 to 2024-12-17 14:55:00+00:00, run_after=2024-12-17 14:56:00+00:00
[2024-12-17T14:56:25.453+0000] {processor.py:208} INFO - Processing /home/airflow/.local/lib/python3.12/site-packages/airflow/example_dags/example_branch_python_dop_operator_3.py took 0.067 seconds
