[2024-12-17T14:42:59.217+0000] {processor.py:186} INFO - Started process (PID=80) to work on /home/airflow/.local/lib/python3.12/site-packages/airflow/example_dags/example_sensors.py
[2024-12-17T14:42:59.218+0000] {processor.py:914} INFO - Processing file /home/airflow/.local/lib/python3.12/site-packages/airflow/example_dags/example_sensors.py for tasks to queue
[2024-12-17T14:42:59.220+0000] {logging_mixin.py:190} INFO - [2024-12-17T14:42:59.219+0000] {dagbag.py:588} INFO - Filling up the DagBag from /home/airflow/.local/lib/python3.12/site-packages/airflow/example_dags/example_sensors.py
[2024-12-17T14:42:59.227+0000] {processor.py:925} INFO - DAG(s) 'example_sensors' retrieved from /home/airflow/.local/lib/python3.12/site-packages/airflow/example_dags/example_sensors.py
[2024-12-17T14:42:59.246+0000] {logging_mixin.py:190} INFO - [2024-12-17T14:42:59.246+0000] {dag.py:3239} INFO - Sync 1 DAGs
[2024-12-17T14:42:59.257+0000] {logging_mixin.py:190} INFO - [2024-12-17T14:42:59.256+0000] {dag.py:4180} INFO - Setting next_dagrun for example_sensors to None, run_after=None
[2024-12-17T14:42:59.271+0000] {processor.py:208} INFO - Processing /home/airflow/.local/lib/python3.12/site-packages/airflow/example_dags/example_sensors.py took 0.057 seconds
[2024-12-17T14:43:29.510+0000] {processor.py:186} INFO - Started process (PID=145) to work on /home/airflow/.local/lib/python3.12/site-packages/airflow/example_dags/example_sensors.py
[2024-12-17T14:43:29.511+0000] {processor.py:914} INFO - Processing file /home/airflow/.local/lib/python3.12/site-packages/airflow/example_dags/example_sensors.py for tasks to queue
[2024-12-17T14:43:29.512+0000] {logging_mixin.py:190} INFO - [2024-12-17T14:43:29.512+0000] {dagbag.py:588} INFO - Filling up the DagBag from /home/airflow/.local/lib/python3.12/site-packages/airflow/example_dags/example_sensors.py
[2024-12-17T14:43:29.520+0000] {processor.py:925} INFO - DAG(s) 'example_sensors' retrieved from /home/airflow/.local/lib/python3.12/site-packages/airflow/example_dags/example_sensors.py
[2024-12-17T14:43:29.538+0000] {logging_mixin.py:190} INFO - [2024-12-17T14:43:29.538+0000] {dag.py:3239} INFO - Sync 1 DAGs
[2024-12-17T14:43:29.549+0000] {logging_mixin.py:190} INFO - [2024-12-17T14:43:29.549+0000] {dag.py:4180} INFO - Setting next_dagrun for example_sensors to None, run_after=None
[2024-12-17T14:43:29.565+0000] {processor.py:208} INFO - Processing /home/airflow/.local/lib/python3.12/site-packages/airflow/example_dags/example_sensors.py took 0.058 seconds
[2024-12-17T14:44:00.056+0000] {processor.py:186} INFO - Started process (PID=210) to work on /home/airflow/.local/lib/python3.12/site-packages/airflow/example_dags/example_sensors.py
[2024-12-17T14:44:00.057+0000] {processor.py:914} INFO - Processing file /home/airflow/.local/lib/python3.12/site-packages/airflow/example_dags/example_sensors.py for tasks to queue
[2024-12-17T14:44:00.059+0000] {logging_mixin.py:190} INFO - [2024-12-17T14:44:00.059+0000] {dagbag.py:588} INFO - Filling up the DagBag from /home/airflow/.local/lib/python3.12/site-packages/airflow/example_dags/example_sensors.py
[2024-12-17T14:44:00.066+0000] {processor.py:925} INFO - DAG(s) 'example_sensors' retrieved from /home/airflow/.local/lib/python3.12/site-packages/airflow/example_dags/example_sensors.py
[2024-12-17T14:44:00.084+0000] {logging_mixin.py:190} INFO - [2024-12-17T14:44:00.084+0000] {dag.py:3239} INFO - Sync 1 DAGs
[2024-12-17T14:44:00.095+0000] {logging_mixin.py:190} INFO - [2024-12-17T14:44:00.094+0000] {dag.py:4180} INFO - Setting next_dagrun for example_sensors to None, run_after=None
[2024-12-17T14:44:00.107+0000] {processor.py:208} INFO - Processing /home/airflow/.local/lib/python3.12/site-packages/airflow/example_dags/example_sensors.py took 0.055 seconds
[2024-12-17T14:44:30.285+0000] {processor.py:186} INFO - Started process (PID=275) to work on /home/airflow/.local/lib/python3.12/site-packages/airflow/example_dags/example_sensors.py
[2024-12-17T14:44:30.285+0000] {processor.py:914} INFO - Processing file /home/airflow/.local/lib/python3.12/site-packages/airflow/example_dags/example_sensors.py for tasks to queue
[2024-12-17T14:44:30.287+0000] {logging_mixin.py:190} INFO - [2024-12-17T14:44:30.287+0000] {dagbag.py:588} INFO - Filling up the DagBag from /home/airflow/.local/lib/python3.12/site-packages/airflow/example_dags/example_sensors.py
[2024-12-17T14:44:30.294+0000] {processor.py:925} INFO - DAG(s) 'example_sensors' retrieved from /home/airflow/.local/lib/python3.12/site-packages/airflow/example_dags/example_sensors.py
[2024-12-17T14:44:30.310+0000] {logging_mixin.py:190} INFO - [2024-12-17T14:44:30.310+0000] {dag.py:3239} INFO - Sync 1 DAGs
[2024-12-17T14:44:30.320+0000] {logging_mixin.py:190} INFO - [2024-12-17T14:44:30.319+0000] {dag.py:4180} INFO - Setting next_dagrun for example_sensors to None, run_after=None
[2024-12-17T14:44:30.333+0000] {processor.py:208} INFO - Processing /home/airflow/.local/lib/python3.12/site-packages/airflow/example_dags/example_sensors.py took 0.052 seconds
[2024-12-17T14:45:00.468+0000] {processor.py:186} INFO - Started process (PID=340) to work on /home/airflow/.local/lib/python3.12/site-packages/airflow/example_dags/example_sensors.py
[2024-12-17T14:45:00.469+0000] {processor.py:914} INFO - Processing file /home/airflow/.local/lib/python3.12/site-packages/airflow/example_dags/example_sensors.py for tasks to queue
[2024-12-17T14:45:00.470+0000] {logging_mixin.py:190} INFO - [2024-12-17T14:45:00.470+0000] {dagbag.py:588} INFO - Filling up the DagBag from /home/airflow/.local/lib/python3.12/site-packages/airflow/example_dags/example_sensors.py
[2024-12-17T14:45:00.477+0000] {processor.py:925} INFO - DAG(s) 'example_sensors' retrieved from /home/airflow/.local/lib/python3.12/site-packages/airflow/example_dags/example_sensors.py
[2024-12-17T14:45:00.494+0000] {logging_mixin.py:190} INFO - [2024-12-17T14:45:00.494+0000] {dag.py:3239} INFO - Sync 1 DAGs
[2024-12-17T14:45:00.503+0000] {logging_mixin.py:190} INFO - [2024-12-17T14:45:00.503+0000] {dag.py:4180} INFO - Setting next_dagrun for example_sensors to None, run_after=None
[2024-12-17T14:45:00.515+0000] {processor.py:208} INFO - Processing /home/airflow/.local/lib/python3.12/site-packages/airflow/example_dags/example_sensors.py took 0.050 seconds
[2024-12-17T14:45:30.661+0000] {processor.py:186} INFO - Started process (PID=405) to work on /home/airflow/.local/lib/python3.12/site-packages/airflow/example_dags/example_sensors.py
[2024-12-17T14:45:30.662+0000] {processor.py:914} INFO - Processing file /home/airflow/.local/lib/python3.12/site-packages/airflow/example_dags/example_sensors.py for tasks to queue
[2024-12-17T14:45:30.664+0000] {logging_mixin.py:190} INFO - [2024-12-17T14:45:30.663+0000] {dagbag.py:588} INFO - Filling up the DagBag from /home/airflow/.local/lib/python3.12/site-packages/airflow/example_dags/example_sensors.py
[2024-12-17T14:45:30.670+0000] {processor.py:925} INFO - DAG(s) 'example_sensors' retrieved from /home/airflow/.local/lib/python3.12/site-packages/airflow/example_dags/example_sensors.py
[2024-12-17T14:45:30.687+0000] {logging_mixin.py:190} INFO - [2024-12-17T14:45:30.687+0000] {dag.py:3239} INFO - Sync 1 DAGs
[2024-12-17T14:45:30.696+0000] {logging_mixin.py:190} INFO - [2024-12-17T14:45:30.696+0000] {dag.py:4180} INFO - Setting next_dagrun for example_sensors to None, run_after=None
[2024-12-17T14:45:30.709+0000] {processor.py:208} INFO - Processing /home/airflow/.local/lib/python3.12/site-packages/airflow/example_dags/example_sensors.py took 0.051 seconds
[2024-12-17T14:46:00.929+0000] {processor.py:186} INFO - Started process (PID=470) to work on /home/airflow/.local/lib/python3.12/site-packages/airflow/example_dags/example_sensors.py
[2024-12-17T14:46:00.930+0000] {processor.py:914} INFO - Processing file /home/airflow/.local/lib/python3.12/site-packages/airflow/example_dags/example_sensors.py for tasks to queue
[2024-12-17T14:46:00.931+0000] {logging_mixin.py:190} INFO - [2024-12-17T14:46:00.931+0000] {dagbag.py:588} INFO - Filling up the DagBag from /home/airflow/.local/lib/python3.12/site-packages/airflow/example_dags/example_sensors.py
[2024-12-17T14:46:00.939+0000] {processor.py:925} INFO - DAG(s) 'example_sensors' retrieved from /home/airflow/.local/lib/python3.12/site-packages/airflow/example_dags/example_sensors.py
[2024-12-17T14:46:00.956+0000] {logging_mixin.py:190} INFO - [2024-12-17T14:46:00.955+0000] {dag.py:3239} INFO - Sync 1 DAGs
[2024-12-17T14:46:00.967+0000] {logging_mixin.py:190} INFO - [2024-12-17T14:46:00.967+0000] {dag.py:4180} INFO - Setting next_dagrun for example_sensors to None, run_after=None
[2024-12-17T14:46:00.982+0000] {processor.py:208} INFO - Processing /home/airflow/.local/lib/python3.12/site-packages/airflow/example_dags/example_sensors.py took 0.057 seconds
[2024-12-17T14:46:31.418+0000] {processor.py:186} INFO - Started process (PID=535) to work on /home/airflow/.local/lib/python3.12/site-packages/airflow/example_dags/example_sensors.py
[2024-12-17T14:46:31.419+0000] {processor.py:914} INFO - Processing file /home/airflow/.local/lib/python3.12/site-packages/airflow/example_dags/example_sensors.py for tasks to queue
[2024-12-17T14:46:31.421+0000] {logging_mixin.py:190} INFO - [2024-12-17T14:46:31.420+0000] {dagbag.py:588} INFO - Filling up the DagBag from /home/airflow/.local/lib/python3.12/site-packages/airflow/example_dags/example_sensors.py
[2024-12-17T14:46:31.431+0000] {processor.py:925} INFO - DAG(s) 'example_sensors' retrieved from /home/airflow/.local/lib/python3.12/site-packages/airflow/example_dags/example_sensors.py
[2024-12-17T14:46:31.453+0000] {logging_mixin.py:190} INFO - [2024-12-17T14:46:31.453+0000] {dag.py:3239} INFO - Sync 1 DAGs
[2024-12-17T14:46:31.468+0000] {logging_mixin.py:190} INFO - [2024-12-17T14:46:31.468+0000] {dag.py:4180} INFO - Setting next_dagrun for example_sensors to None, run_after=None
[2024-12-17T14:46:31.486+0000] {processor.py:208} INFO - Processing /home/airflow/.local/lib/python3.12/site-packages/airflow/example_dags/example_sensors.py took 0.073 seconds
[2024-12-17T14:47:01.924+0000] {processor.py:186} INFO - Started process (PID=600) to work on /home/airflow/.local/lib/python3.12/site-packages/airflow/example_dags/example_sensors.py
[2024-12-17T14:47:01.925+0000] {processor.py:914} INFO - Processing file /home/airflow/.local/lib/python3.12/site-packages/airflow/example_dags/example_sensors.py for tasks to queue
[2024-12-17T14:47:01.926+0000] {logging_mixin.py:190} INFO - [2024-12-17T14:47:01.926+0000] {dagbag.py:588} INFO - Filling up the DagBag from /home/airflow/.local/lib/python3.12/site-packages/airflow/example_dags/example_sensors.py
[2024-12-17T14:47:01.936+0000] {processor.py:925} INFO - DAG(s) 'example_sensors' retrieved from /home/airflow/.local/lib/python3.12/site-packages/airflow/example_dags/example_sensors.py
[2024-12-17T14:47:01.953+0000] {logging_mixin.py:190} INFO - [2024-12-17T14:47:01.953+0000] {dag.py:3239} INFO - Sync 1 DAGs
[2024-12-17T14:47:01.963+0000] {logging_mixin.py:190} INFO - [2024-12-17T14:47:01.963+0000] {dag.py:4180} INFO - Setting next_dagrun for example_sensors to None, run_after=None
[2024-12-17T14:47:01.976+0000] {processor.py:208} INFO - Processing /home/airflow/.local/lib/python3.12/site-packages/airflow/example_dags/example_sensors.py took 0.056 seconds
[2024-12-17T14:47:32.635+0000] {processor.py:186} INFO - Started process (PID=665) to work on /home/airflow/.local/lib/python3.12/site-packages/airflow/example_dags/example_sensors.py
[2024-12-17T14:47:32.635+0000] {processor.py:914} INFO - Processing file /home/airflow/.local/lib/python3.12/site-packages/airflow/example_dags/example_sensors.py for tasks to queue
[2024-12-17T14:47:32.637+0000] {logging_mixin.py:190} INFO - [2024-12-17T14:47:32.637+0000] {dagbag.py:588} INFO - Filling up the DagBag from /home/airflow/.local/lib/python3.12/site-packages/airflow/example_dags/example_sensors.py
[2024-12-17T14:47:32.645+0000] {processor.py:925} INFO - DAG(s) 'example_sensors' retrieved from /home/airflow/.local/lib/python3.12/site-packages/airflow/example_dags/example_sensors.py
[2024-12-17T14:47:32.663+0000] {logging_mixin.py:190} INFO - [2024-12-17T14:47:32.662+0000] {dag.py:3239} INFO - Sync 1 DAGs
[2024-12-17T14:47:32.673+0000] {logging_mixin.py:190} INFO - [2024-12-17T14:47:32.673+0000] {dag.py:4180} INFO - Setting next_dagrun for example_sensors to None, run_after=None
[2024-12-17T14:47:32.687+0000] {processor.py:208} INFO - Processing /home/airflow/.local/lib/python3.12/site-packages/airflow/example_dags/example_sensors.py took 0.056 seconds
[2024-12-17T14:48:03.142+0000] {processor.py:186} INFO - Started process (PID=730) to work on /home/airflow/.local/lib/python3.12/site-packages/airflow/example_dags/example_sensors.py
[2024-12-17T14:48:03.142+0000] {processor.py:914} INFO - Processing file /home/airflow/.local/lib/python3.12/site-packages/airflow/example_dags/example_sensors.py for tasks to queue
[2024-12-17T14:48:03.144+0000] {logging_mixin.py:190} INFO - [2024-12-17T14:48:03.144+0000] {dagbag.py:588} INFO - Filling up the DagBag from /home/airflow/.local/lib/python3.12/site-packages/airflow/example_dags/example_sensors.py
[2024-12-17T14:48:03.154+0000] {processor.py:925} INFO - DAG(s) 'example_sensors' retrieved from /home/airflow/.local/lib/python3.12/site-packages/airflow/example_dags/example_sensors.py
[2024-12-17T14:48:03.173+0000] {logging_mixin.py:190} INFO - [2024-12-17T14:48:03.173+0000] {dag.py:3239} INFO - Sync 1 DAGs
[2024-12-17T14:48:03.184+0000] {logging_mixin.py:190} INFO - [2024-12-17T14:48:03.184+0000] {dag.py:4180} INFO - Setting next_dagrun for example_sensors to None, run_after=None
[2024-12-17T14:48:03.203+0000] {processor.py:208} INFO - Processing /home/airflow/.local/lib/python3.12/site-packages/airflow/example_dags/example_sensors.py took 0.065 seconds
[2024-12-17T14:48:33.396+0000] {processor.py:186} INFO - Started process (PID=795) to work on /home/airflow/.local/lib/python3.12/site-packages/airflow/example_dags/example_sensors.py
[2024-12-17T14:48:33.396+0000] {processor.py:914} INFO - Processing file /home/airflow/.local/lib/python3.12/site-packages/airflow/example_dags/example_sensors.py for tasks to queue
[2024-12-17T14:48:33.398+0000] {logging_mixin.py:190} INFO - [2024-12-17T14:48:33.398+0000] {dagbag.py:588} INFO - Filling up the DagBag from /home/airflow/.local/lib/python3.12/site-packages/airflow/example_dags/example_sensors.py
[2024-12-17T14:48:33.405+0000] {processor.py:925} INFO - DAG(s) 'example_sensors' retrieved from /home/airflow/.local/lib/python3.12/site-packages/airflow/example_dags/example_sensors.py
[2024-12-17T14:48:33.421+0000] {logging_mixin.py:190} INFO - [2024-12-17T14:48:33.421+0000] {dag.py:3239} INFO - Sync 1 DAGs
[2024-12-17T14:48:33.431+0000] {logging_mixin.py:190} INFO - [2024-12-17T14:48:33.430+0000] {dag.py:4180} INFO - Setting next_dagrun for example_sensors to None, run_after=None
[2024-12-17T14:48:33.443+0000] {processor.py:208} INFO - Processing /home/airflow/.local/lib/python3.12/site-packages/airflow/example_dags/example_sensors.py took 0.051 seconds
[2024-12-17T14:49:03.706+0000] {processor.py:186} INFO - Started process (PID=860) to work on /home/airflow/.local/lib/python3.12/site-packages/airflow/example_dags/example_sensors.py
[2024-12-17T14:49:03.707+0000] {processor.py:914} INFO - Processing file /home/airflow/.local/lib/python3.12/site-packages/airflow/example_dags/example_sensors.py for tasks to queue
[2024-12-17T14:49:03.708+0000] {logging_mixin.py:190} INFO - [2024-12-17T14:49:03.708+0000] {dagbag.py:588} INFO - Filling up the DagBag from /home/airflow/.local/lib/python3.12/site-packages/airflow/example_dags/example_sensors.py
[2024-12-17T14:49:03.715+0000] {processor.py:925} INFO - DAG(s) 'example_sensors' retrieved from /home/airflow/.local/lib/python3.12/site-packages/airflow/example_dags/example_sensors.py
[2024-12-17T14:49:03.730+0000] {logging_mixin.py:190} INFO - [2024-12-17T14:49:03.730+0000] {dag.py:3239} INFO - Sync 1 DAGs
[2024-12-17T14:49:03.740+0000] {logging_mixin.py:190} INFO - [2024-12-17T14:49:03.740+0000] {dag.py:4180} INFO - Setting next_dagrun for example_sensors to None, run_after=None
[2024-12-17T14:49:03.755+0000] {processor.py:208} INFO - Processing /home/airflow/.local/lib/python3.12/site-packages/airflow/example_dags/example_sensors.py took 0.053 seconds
[2024-12-17T14:49:33.789+0000] {processor.py:186} INFO - Started process (PID=925) to work on /home/airflow/.local/lib/python3.12/site-packages/airflow/example_dags/example_sensors.py
[2024-12-17T14:49:33.790+0000] {processor.py:914} INFO - Processing file /home/airflow/.local/lib/python3.12/site-packages/airflow/example_dags/example_sensors.py for tasks to queue
[2024-12-17T14:49:33.792+0000] {logging_mixin.py:190} INFO - [2024-12-17T14:49:33.791+0000] {dagbag.py:588} INFO - Filling up the DagBag from /home/airflow/.local/lib/python3.12/site-packages/airflow/example_dags/example_sensors.py
[2024-12-17T14:49:33.798+0000] {processor.py:925} INFO - DAG(s) 'example_sensors' retrieved from /home/airflow/.local/lib/python3.12/site-packages/airflow/example_dags/example_sensors.py
[2024-12-17T14:49:33.814+0000] {logging_mixin.py:190} INFO - [2024-12-17T14:49:33.814+0000] {dag.py:3239} INFO - Sync 1 DAGs
[2024-12-17T14:49:33.823+0000] {logging_mixin.py:190} INFO - [2024-12-17T14:49:33.822+0000] {dag.py:4180} INFO - Setting next_dagrun for example_sensors to None, run_after=None
[2024-12-17T14:49:33.836+0000] {processor.py:208} INFO - Processing /home/airflow/.local/lib/python3.12/site-packages/airflow/example_dags/example_sensors.py took 0.050 seconds
[2024-12-17T14:50:05.020+0000] {processor.py:186} INFO - Started process (PID=990) to work on /home/airflow/.local/lib/python3.12/site-packages/airflow/example_dags/example_sensors.py
[2024-12-17T14:50:05.021+0000] {processor.py:914} INFO - Processing file /home/airflow/.local/lib/python3.12/site-packages/airflow/example_dags/example_sensors.py for tasks to queue
[2024-12-17T14:50:05.022+0000] {logging_mixin.py:190} INFO - [2024-12-17T14:50:05.022+0000] {dagbag.py:588} INFO - Filling up the DagBag from /home/airflow/.local/lib/python3.12/site-packages/airflow/example_dags/example_sensors.py
[2024-12-17T14:50:05.029+0000] {processor.py:925} INFO - DAG(s) 'example_sensors' retrieved from /home/airflow/.local/lib/python3.12/site-packages/airflow/example_dags/example_sensors.py
[2024-12-17T14:50:05.045+0000] {logging_mixin.py:190} INFO - [2024-12-17T14:50:05.045+0000] {dag.py:3239} INFO - Sync 1 DAGs
[2024-12-17T14:50:05.054+0000] {logging_mixin.py:190} INFO - [2024-12-17T14:50:05.054+0000] {dag.py:4180} INFO - Setting next_dagrun for example_sensors to None, run_after=None
[2024-12-17T14:50:05.067+0000] {processor.py:208} INFO - Processing /home/airflow/.local/lib/python3.12/site-packages/airflow/example_dags/example_sensors.py took 0.050 seconds
[2024-12-17T14:50:38.283+0000] {processor.py:186} INFO - Started process (PID=1055) to work on /home/airflow/.local/lib/python3.12/site-packages/airflow/example_dags/example_sensors.py
[2024-12-17T14:50:38.283+0000] {processor.py:914} INFO - Processing file /home/airflow/.local/lib/python3.12/site-packages/airflow/example_dags/example_sensors.py for tasks to queue
[2024-12-17T14:50:38.285+0000] {logging_mixin.py:190} INFO - [2024-12-17T14:50:38.285+0000] {dagbag.py:588} INFO - Filling up the DagBag from /home/airflow/.local/lib/python3.12/site-packages/airflow/example_dags/example_sensors.py
[2024-12-17T14:50:38.292+0000] {processor.py:925} INFO - DAG(s) 'example_sensors' retrieved from /home/airflow/.local/lib/python3.12/site-packages/airflow/example_dags/example_sensors.py
[2024-12-17T14:50:38.314+0000] {logging_mixin.py:190} INFO - [2024-12-17T14:50:38.314+0000] {dag.py:3239} INFO - Sync 1 DAGs
[2024-12-17T14:50:38.324+0000] {logging_mixin.py:190} INFO - [2024-12-17T14:50:38.324+0000] {dag.py:4180} INFO - Setting next_dagrun for example_sensors to None, run_after=None
[2024-12-17T14:50:38.338+0000] {processor.py:208} INFO - Processing /home/airflow/.local/lib/python3.12/site-packages/airflow/example_dags/example_sensors.py took 0.059 seconds
[2024-12-17T14:51:09.242+0000] {processor.py:186} INFO - Started process (PID=1120) to work on /home/airflow/.local/lib/python3.12/site-packages/airflow/example_dags/example_sensors.py
[2024-12-17T14:51:09.243+0000] {processor.py:914} INFO - Processing file /home/airflow/.local/lib/python3.12/site-packages/airflow/example_dags/example_sensors.py for tasks to queue
[2024-12-17T14:51:09.245+0000] {logging_mixin.py:190} INFO - [2024-12-17T14:51:09.244+0000] {dagbag.py:588} INFO - Filling up the DagBag from /home/airflow/.local/lib/python3.12/site-packages/airflow/example_dags/example_sensors.py
[2024-12-17T14:51:09.252+0000] {processor.py:925} INFO - DAG(s) 'example_sensors' retrieved from /home/airflow/.local/lib/python3.12/site-packages/airflow/example_dags/example_sensors.py
[2024-12-17T14:51:09.272+0000] {logging_mixin.py:190} INFO - [2024-12-17T14:51:09.271+0000] {dag.py:3239} INFO - Sync 1 DAGs
[2024-12-17T14:51:09.282+0000] {logging_mixin.py:190} INFO - [2024-12-17T14:51:09.281+0000] {dag.py:4180} INFO - Setting next_dagrun for example_sensors to None, run_after=None
[2024-12-17T14:51:09.295+0000] {processor.py:208} INFO - Processing /home/airflow/.local/lib/python3.12/site-packages/airflow/example_dags/example_sensors.py took 0.057 seconds
[2024-12-17T14:51:40.206+0000] {processor.py:186} INFO - Started process (PID=1185) to work on /home/airflow/.local/lib/python3.12/site-packages/airflow/example_dags/example_sensors.py
[2024-12-17T14:51:40.207+0000] {processor.py:914} INFO - Processing file /home/airflow/.local/lib/python3.12/site-packages/airflow/example_dags/example_sensors.py for tasks to queue
[2024-12-17T14:51:40.208+0000] {logging_mixin.py:190} INFO - [2024-12-17T14:51:40.208+0000] {dagbag.py:588} INFO - Filling up the DagBag from /home/airflow/.local/lib/python3.12/site-packages/airflow/example_dags/example_sensors.py
[2024-12-17T14:51:40.217+0000] {processor.py:925} INFO - DAG(s) 'example_sensors' retrieved from /home/airflow/.local/lib/python3.12/site-packages/airflow/example_dags/example_sensors.py
[2024-12-17T14:51:40.236+0000] {logging_mixin.py:190} INFO - [2024-12-17T14:51:40.235+0000] {dag.py:3239} INFO - Sync 1 DAGs
[2024-12-17T14:51:40.247+0000] {logging_mixin.py:190} INFO - [2024-12-17T14:51:40.247+0000] {dag.py:4180} INFO - Setting next_dagrun for example_sensors to None, run_after=None
[2024-12-17T14:51:40.262+0000] {processor.py:208} INFO - Processing /home/airflow/.local/lib/python3.12/site-packages/airflow/example_dags/example_sensors.py took 0.060 seconds
[2024-12-17T14:52:11.118+0000] {processor.py:186} INFO - Started process (PID=1250) to work on /home/airflow/.local/lib/python3.12/site-packages/airflow/example_dags/example_sensors.py
[2024-12-17T14:52:11.119+0000] {processor.py:914} INFO - Processing file /home/airflow/.local/lib/python3.12/site-packages/airflow/example_dags/example_sensors.py for tasks to queue
[2024-12-17T14:52:11.121+0000] {logging_mixin.py:190} INFO - [2024-12-17T14:52:11.121+0000] {dagbag.py:588} INFO - Filling up the DagBag from /home/airflow/.local/lib/python3.12/site-packages/airflow/example_dags/example_sensors.py
[2024-12-17T14:52:11.129+0000] {processor.py:925} INFO - DAG(s) 'example_sensors' retrieved from /home/airflow/.local/lib/python3.12/site-packages/airflow/example_dags/example_sensors.py
[2024-12-17T14:52:11.150+0000] {logging_mixin.py:190} INFO - [2024-12-17T14:52:11.149+0000] {dag.py:3239} INFO - Sync 1 DAGs
[2024-12-17T14:52:11.163+0000] {logging_mixin.py:190} INFO - [2024-12-17T14:52:11.163+0000] {dag.py:4180} INFO - Setting next_dagrun for example_sensors to None, run_after=None
[2024-12-17T14:52:11.178+0000] {processor.py:208} INFO - Processing /home/airflow/.local/lib/python3.12/site-packages/airflow/example_dags/example_sensors.py took 0.064 seconds
[2024-12-17T14:52:41.805+0000] {processor.py:186} INFO - Started process (PID=1315) to work on /home/airflow/.local/lib/python3.12/site-packages/airflow/example_dags/example_sensors.py
[2024-12-17T14:52:41.806+0000] {processor.py:914} INFO - Processing file /home/airflow/.local/lib/python3.12/site-packages/airflow/example_dags/example_sensors.py for tasks to queue
[2024-12-17T14:52:41.808+0000] {logging_mixin.py:190} INFO - [2024-12-17T14:52:41.807+0000] {dagbag.py:588} INFO - Filling up the DagBag from /home/airflow/.local/lib/python3.12/site-packages/airflow/example_dags/example_sensors.py
[2024-12-17T14:52:41.816+0000] {processor.py:925} INFO - DAG(s) 'example_sensors' retrieved from /home/airflow/.local/lib/python3.12/site-packages/airflow/example_dags/example_sensors.py
[2024-12-17T14:52:41.835+0000] {logging_mixin.py:190} INFO - [2024-12-17T14:52:41.834+0000] {dag.py:3239} INFO - Sync 1 DAGs
[2024-12-17T14:52:41.845+0000] {logging_mixin.py:190} INFO - [2024-12-17T14:52:41.845+0000] {dag.py:4180} INFO - Setting next_dagrun for example_sensors to None, run_after=None
[2024-12-17T14:52:41.860+0000] {processor.py:208} INFO - Processing /home/airflow/.local/lib/python3.12/site-packages/airflow/example_dags/example_sensors.py took 0.058 seconds
[2024-12-17T14:53:12.809+0000] {processor.py:186} INFO - Started process (PID=1380) to work on /home/airflow/.local/lib/python3.12/site-packages/airflow/example_dags/example_sensors.py
[2024-12-17T14:53:12.810+0000] {processor.py:914} INFO - Processing file /home/airflow/.local/lib/python3.12/site-packages/airflow/example_dags/example_sensors.py for tasks to queue
[2024-12-17T14:53:12.811+0000] {logging_mixin.py:190} INFO - [2024-12-17T14:53:12.811+0000] {dagbag.py:588} INFO - Filling up the DagBag from /home/airflow/.local/lib/python3.12/site-packages/airflow/example_dags/example_sensors.py
[2024-12-17T14:53:12.819+0000] {processor.py:925} INFO - DAG(s) 'example_sensors' retrieved from /home/airflow/.local/lib/python3.12/site-packages/airflow/example_dags/example_sensors.py
[2024-12-17T14:53:12.836+0000] {logging_mixin.py:190} INFO - [2024-12-17T14:53:12.836+0000] {dag.py:3239} INFO - Sync 1 DAGs
[2024-12-17T14:53:12.845+0000] {logging_mixin.py:190} INFO - [2024-12-17T14:53:12.845+0000] {dag.py:4180} INFO - Setting next_dagrun for example_sensors to None, run_after=None
[2024-12-17T14:53:12.859+0000] {processor.py:208} INFO - Processing /home/airflow/.local/lib/python3.12/site-packages/airflow/example_dags/example_sensors.py took 0.053 seconds
[2024-12-17T14:53:44.894+0000] {processor.py:186} INFO - Started process (PID=1445) to work on /home/airflow/.local/lib/python3.12/site-packages/airflow/example_dags/example_sensors.py
[2024-12-17T14:53:44.895+0000] {processor.py:914} INFO - Processing file /home/airflow/.local/lib/python3.12/site-packages/airflow/example_dags/example_sensors.py for tasks to queue
[2024-12-17T14:53:44.896+0000] {logging_mixin.py:190} INFO - [2024-12-17T14:53:44.896+0000] {dagbag.py:588} INFO - Filling up the DagBag from /home/airflow/.local/lib/python3.12/site-packages/airflow/example_dags/example_sensors.py
[2024-12-17T14:53:44.903+0000] {processor.py:925} INFO - DAG(s) 'example_sensors' retrieved from /home/airflow/.local/lib/python3.12/site-packages/airflow/example_dags/example_sensors.py
[2024-12-17T14:53:44.920+0000] {logging_mixin.py:190} INFO - [2024-12-17T14:53:44.920+0000] {dag.py:3239} INFO - Sync 1 DAGs
[2024-12-17T14:53:44.930+0000] {logging_mixin.py:190} INFO - [2024-12-17T14:53:44.929+0000] {dag.py:4180} INFO - Setting next_dagrun for example_sensors to None, run_after=None
[2024-12-17T14:53:44.945+0000] {processor.py:208} INFO - Processing /home/airflow/.local/lib/python3.12/site-packages/airflow/example_dags/example_sensors.py took 0.054 seconds
[2024-12-17T14:54:18.270+0000] {processor.py:186} INFO - Started process (PID=1510) to work on /home/airflow/.local/lib/python3.12/site-packages/airflow/example_dags/example_sensors.py
[2024-12-17T14:54:18.271+0000] {processor.py:914} INFO - Processing file /home/airflow/.local/lib/python3.12/site-packages/airflow/example_dags/example_sensors.py for tasks to queue
[2024-12-17T14:54:18.272+0000] {logging_mixin.py:190} INFO - [2024-12-17T14:54:18.272+0000] {dagbag.py:588} INFO - Filling up the DagBag from /home/airflow/.local/lib/python3.12/site-packages/airflow/example_dags/example_sensors.py
[2024-12-17T14:54:18.280+0000] {processor.py:925} INFO - DAG(s) 'example_sensors' retrieved from /home/airflow/.local/lib/python3.12/site-packages/airflow/example_dags/example_sensors.py
[2024-12-17T14:54:18.302+0000] {logging_mixin.py:190} INFO - [2024-12-17T14:54:18.302+0000] {dag.py:3239} INFO - Sync 1 DAGs
[2024-12-17T14:54:18.312+0000] {logging_mixin.py:190} INFO - [2024-12-17T14:54:18.312+0000] {dag.py:4180} INFO - Setting next_dagrun for example_sensors to None, run_after=None
[2024-12-17T14:54:18.327+0000] {processor.py:208} INFO - Processing /home/airflow/.local/lib/python3.12/site-packages/airflow/example_dags/example_sensors.py took 0.061 seconds
[2024-12-17T14:54:50.740+0000] {processor.py:186} INFO - Started process (PID=1575) to work on /home/airflow/.local/lib/python3.12/site-packages/airflow/example_dags/example_sensors.py
[2024-12-17T14:54:50.741+0000] {processor.py:914} INFO - Processing file /home/airflow/.local/lib/python3.12/site-packages/airflow/example_dags/example_sensors.py for tasks to queue
[2024-12-17T14:54:50.742+0000] {logging_mixin.py:190} INFO - [2024-12-17T14:54:50.742+0000] {dagbag.py:588} INFO - Filling up the DagBag from /home/airflow/.local/lib/python3.12/site-packages/airflow/example_dags/example_sensors.py
[2024-12-17T14:54:50.750+0000] {processor.py:925} INFO - DAG(s) 'example_sensors' retrieved from /home/airflow/.local/lib/python3.12/site-packages/airflow/example_dags/example_sensors.py
[2024-12-17T14:54:50.771+0000] {logging_mixin.py:190} INFO - [2024-12-17T14:54:50.771+0000] {dag.py:3239} INFO - Sync 1 DAGs
[2024-12-17T14:54:50.782+0000] {logging_mixin.py:190} INFO - [2024-12-17T14:54:50.782+0000] {dag.py:4180} INFO - Setting next_dagrun for example_sensors to None, run_after=None
[2024-12-17T14:54:50.797+0000] {processor.py:208} INFO - Processing /home/airflow/.local/lib/python3.12/site-packages/airflow/example_dags/example_sensors.py took 0.061 seconds
[2024-12-17T14:55:23.230+0000] {processor.py:186} INFO - Started process (PID=1640) to work on /home/airflow/.local/lib/python3.12/site-packages/airflow/example_dags/example_sensors.py
[2024-12-17T14:55:23.230+0000] {processor.py:914} INFO - Processing file /home/airflow/.local/lib/python3.12/site-packages/airflow/example_dags/example_sensors.py for tasks to queue
[2024-12-17T14:55:23.232+0000] {logging_mixin.py:190} INFO - [2024-12-17T14:55:23.232+0000] {dagbag.py:588} INFO - Filling up the DagBag from /home/airflow/.local/lib/python3.12/site-packages/airflow/example_dags/example_sensors.py
[2024-12-17T14:55:23.240+0000] {processor.py:925} INFO - DAG(s) 'example_sensors' retrieved from /home/airflow/.local/lib/python3.12/site-packages/airflow/example_dags/example_sensors.py
[2024-12-17T14:55:23.259+0000] {logging_mixin.py:190} INFO - [2024-12-17T14:55:23.258+0000] {dag.py:3239} INFO - Sync 1 DAGs
[2024-12-17T14:55:23.270+0000] {logging_mixin.py:190} INFO - [2024-12-17T14:55:23.270+0000] {dag.py:4180} INFO - Setting next_dagrun for example_sensors to None, run_after=None
[2024-12-17T14:55:23.284+0000] {processor.py:208} INFO - Processing /home/airflow/.local/lib/python3.12/site-packages/airflow/example_dags/example_sensors.py took 0.058 seconds
[2024-12-17T14:55:55.157+0000] {processor.py:186} INFO - Started process (PID=1705) to work on /home/airflow/.local/lib/python3.12/site-packages/airflow/example_dags/example_sensors.py
[2024-12-17T14:55:55.158+0000] {processor.py:914} INFO - Processing file /home/airflow/.local/lib/python3.12/site-packages/airflow/example_dags/example_sensors.py for tasks to queue
[2024-12-17T14:55:55.160+0000] {logging_mixin.py:190} INFO - [2024-12-17T14:55:55.159+0000] {dagbag.py:588} INFO - Filling up the DagBag from /home/airflow/.local/lib/python3.12/site-packages/airflow/example_dags/example_sensors.py
[2024-12-17T14:55:55.167+0000] {processor.py:925} INFO - DAG(s) 'example_sensors' retrieved from /home/airflow/.local/lib/python3.12/site-packages/airflow/example_dags/example_sensors.py
[2024-12-17T14:55:55.185+0000] {logging_mixin.py:190} INFO - [2024-12-17T14:55:55.185+0000] {dag.py:3239} INFO - Sync 1 DAGs
[2024-12-17T14:55:55.196+0000] {logging_mixin.py:190} INFO - [2024-12-17T14:55:55.196+0000] {dag.py:4180} INFO - Setting next_dagrun for example_sensors to None, run_after=None
[2024-12-17T14:55:55.209+0000] {processor.py:208} INFO - Processing /home/airflow/.local/lib/python3.12/site-packages/airflow/example_dags/example_sensors.py took 0.055 seconds
[2024-12-17T14:56:25.783+0000] {processor.py:186} INFO - Started process (PID=1770) to work on /home/airflow/.local/lib/python3.12/site-packages/airflow/example_dags/example_sensors.py
[2024-12-17T14:56:25.784+0000] {processor.py:914} INFO - Processing file /home/airflow/.local/lib/python3.12/site-packages/airflow/example_dags/example_sensors.py for tasks to queue
[2024-12-17T14:56:25.785+0000] {logging_mixin.py:190} INFO - [2024-12-17T14:56:25.785+0000] {dagbag.py:588} INFO - Filling up the DagBag from /home/airflow/.local/lib/python3.12/site-packages/airflow/example_dags/example_sensors.py
[2024-12-17T14:56:25.792+0000] {processor.py:925} INFO - DAG(s) 'example_sensors' retrieved from /home/airflow/.local/lib/python3.12/site-packages/airflow/example_dags/example_sensors.py
[2024-12-17T14:56:25.810+0000] {logging_mixin.py:190} INFO - [2024-12-17T14:56:25.809+0000] {dag.py:3239} INFO - Sync 1 DAGs
[2024-12-17T14:56:25.820+0000] {logging_mixin.py:190} INFO - [2024-12-17T14:56:25.820+0000] {dag.py:4180} INFO - Setting next_dagrun for example_sensors to None, run_after=None
[2024-12-17T14:56:25.837+0000] {processor.py:208} INFO - Processing /home/airflow/.local/lib/python3.12/site-packages/airflow/example_dags/example_sensors.py took 0.058 seconds
