[2024-12-17T14:43:00.488+0000] {processor.py:186} INFO - Started process (PID=102) to work on /home/airflow/.local/lib/python3.12/site-packages/airflow/example_dags/example_datasets.py
[2024-12-17T14:43:00.490+0000] {processor.py:914} INFO - Processing file /home/airflow/.local/lib/python3.12/site-packages/airflow/example_dags/example_datasets.py for tasks to queue
[2024-12-17T14:43:00.492+0000] {logging_mixin.py:190} INFO - [2024-12-17T14:43:00.492+0000] {dagbag.py:588} INFO - Filling up the DagBag from /home/airflow/.local/lib/python3.12/site-packages/airflow/example_dags/example_datasets.py
[2024-12-17T14:43:00.511+0000] {processor.py:925} INFO - DAG(s) 'dataset_consumes_1', 'dataset_produces_2', 'dataset_produces_1', 'dataset_consumes_1_and_2', 'consume_1_or_both_2_and_3_with_dataset_expressions', 'consume_1_or_2_with_dataset_expressions', 'dataset_consumes_1_never_scheduled', 'dataset_consumes_unknown_never_scheduled', 'conditional_dataset_and_time_based_timetable', 'consume_1_and_2_with_dataset_expressions' retrieved from /home/airflow/.local/lib/python3.12/site-packages/airflow/example_dags/example_datasets.py
[2024-12-17T14:43:00.554+0000] {logging_mixin.py:190} INFO - [2024-12-17T14:43:00.554+0000] {dag.py:3239} INFO - Sync 10 DAGs
[2024-12-17T14:43:00.579+0000] {logging_mixin.py:190} INFO - [2024-12-17T14:43:00.579+0000] {dag.py:4180} INFO - Setting next_dagrun for conditional_dataset_and_time_based_timetable to 2024-12-11 01:00:00+00:00, run_after=2024-12-11 01:00:00+00:00
[2024-12-17T14:43:00.582+0000] {logging_mixin.py:190} INFO - [2024-12-17T14:43:00.582+0000] {dag.py:4180} INFO - Setting next_dagrun for consume_1_and_2_with_dataset_expressions to None, run_after=None
[2024-12-17T14:43:00.584+0000] {logging_mixin.py:190} INFO - [2024-12-17T14:43:00.584+0000] {dag.py:4180} INFO - Setting next_dagrun for consume_1_or_2_with_dataset_expressions to None, run_after=None
[2024-12-17T14:43:00.585+0000] {logging_mixin.py:190} INFO - [2024-12-17T14:43:00.585+0000] {dag.py:4180} INFO - Setting next_dagrun for consume_1_or_both_2_and_3_with_dataset_expressions to None, run_after=None
[2024-12-17T14:43:00.586+0000] {logging_mixin.py:190} INFO - [2024-12-17T14:43:00.586+0000] {dag.py:4180} INFO - Setting next_dagrun for dataset_consumes_1 to None, run_after=None
[2024-12-17T14:43:00.587+0000] {logging_mixin.py:190} INFO - [2024-12-17T14:43:00.587+0000] {dag.py:4180} INFO - Setting next_dagrun for dataset_consumes_1_and_2 to None, run_after=None
[2024-12-17T14:43:00.588+0000] {logging_mixin.py:190} INFO - [2024-12-17T14:43:00.588+0000] {dag.py:4180} INFO - Setting next_dagrun for dataset_consumes_1_never_scheduled to None, run_after=None
[2024-12-17T14:43:00.589+0000] {logging_mixin.py:190} INFO - [2024-12-17T14:43:00.589+0000] {dag.py:4180} INFO - Setting next_dagrun for dataset_consumes_unknown_never_scheduled to None, run_after=None
[2024-12-17T14:43:00.591+0000] {logging_mixin.py:190} INFO - [2024-12-17T14:43:00.591+0000] {dag.py:4180} INFO - Setting next_dagrun for dataset_produces_1 to 2024-12-16 00:00:00+00:00, run_after=2024-12-17 00:00:00+00:00
[2024-12-17T14:43:00.592+0000] {logging_mixin.py:190} INFO - [2024-12-17T14:43:00.592+0000] {dag.py:4180} INFO - Setting next_dagrun for dataset_produces_2 to None, run_after=None
[2024-12-17T14:43:00.614+0000] {processor.py:208} INFO - Processing /home/airflow/.local/lib/python3.12/site-packages/airflow/example_dags/example_datasets.py took 0.134 seconds
[2024-12-17T14:43:31.519+0000] {processor.py:186} INFO - Started process (PID=167) to work on /home/airflow/.local/lib/python3.12/site-packages/airflow/example_dags/example_datasets.py
[2024-12-17T14:43:31.519+0000] {processor.py:914} INFO - Processing file /home/airflow/.local/lib/python3.12/site-packages/airflow/example_dags/example_datasets.py for tasks to queue
[2024-12-17T14:43:31.521+0000] {logging_mixin.py:190} INFO - [2024-12-17T14:43:31.521+0000] {dagbag.py:588} INFO - Filling up the DagBag from /home/airflow/.local/lib/python3.12/site-packages/airflow/example_dags/example_datasets.py
[2024-12-17T14:43:31.530+0000] {processor.py:925} INFO - DAG(s) 'consume_1_and_2_with_dataset_expressions', 'consume_1_or_2_with_dataset_expressions', 'dataset_produces_1', 'dataset_consumes_1_never_scheduled', 'dataset_produces_2', 'dataset_consumes_unknown_never_scheduled', 'dataset_consumes_1_and_2', 'consume_1_or_both_2_and_3_with_dataset_expressions', 'conditional_dataset_and_time_based_timetable', 'dataset_consumes_1' retrieved from /home/airflow/.local/lib/python3.12/site-packages/airflow/example_dags/example_datasets.py
[2024-12-17T14:43:31.554+0000] {logging_mixin.py:190} INFO - [2024-12-17T14:43:31.554+0000] {dag.py:3239} INFO - Sync 10 DAGs
[2024-12-17T14:43:31.571+0000] {logging_mixin.py:190} INFO - [2024-12-17T14:43:31.571+0000] {dag.py:4180} INFO - Setting next_dagrun for conditional_dataset_and_time_based_timetable to 2024-12-11 01:00:00+00:00, run_after=2024-12-11 01:00:00+00:00
[2024-12-17T14:43:31.574+0000] {logging_mixin.py:190} INFO - [2024-12-17T14:43:31.574+0000] {dag.py:4180} INFO - Setting next_dagrun for consume_1_and_2_with_dataset_expressions to None, run_after=None
[2024-12-17T14:43:31.575+0000] {logging_mixin.py:190} INFO - [2024-12-17T14:43:31.575+0000] {dag.py:4180} INFO - Setting next_dagrun for consume_1_or_2_with_dataset_expressions to None, run_after=None
[2024-12-17T14:43:31.576+0000] {logging_mixin.py:190} INFO - [2024-12-17T14:43:31.576+0000] {dag.py:4180} INFO - Setting next_dagrun for consume_1_or_both_2_and_3_with_dataset_expressions to None, run_after=None
[2024-12-17T14:43:31.576+0000] {logging_mixin.py:190} INFO - [2024-12-17T14:43:31.576+0000] {dag.py:4180} INFO - Setting next_dagrun for dataset_consumes_1 to None, run_after=None
[2024-12-17T14:43:31.577+0000] {logging_mixin.py:190} INFO - [2024-12-17T14:43:31.577+0000] {dag.py:4180} INFO - Setting next_dagrun for dataset_consumes_1_and_2 to None, run_after=None
[2024-12-17T14:43:31.578+0000] {logging_mixin.py:190} INFO - [2024-12-17T14:43:31.578+0000] {dag.py:4180} INFO - Setting next_dagrun for dataset_consumes_1_never_scheduled to None, run_after=None
[2024-12-17T14:43:31.578+0000] {logging_mixin.py:190} INFO - [2024-12-17T14:43:31.578+0000] {dag.py:4180} INFO - Setting next_dagrun for dataset_consumes_unknown_never_scheduled to None, run_after=None
[2024-12-17T14:43:31.580+0000] {logging_mixin.py:190} INFO - [2024-12-17T14:43:31.580+0000] {dag.py:4180} INFO - Setting next_dagrun for dataset_produces_1 to 2024-12-16 00:00:00+00:00, run_after=2024-12-17 00:00:00+00:00
[2024-12-17T14:43:31.581+0000] {logging_mixin.py:190} INFO - [2024-12-17T14:43:31.581+0000] {dag.py:4180} INFO - Setting next_dagrun for dataset_produces_2 to None, run_after=None
[2024-12-17T14:43:31.600+0000] {processor.py:208} INFO - Processing /home/airflow/.local/lib/python3.12/site-packages/airflow/example_dags/example_datasets.py took 0.084 seconds
[2024-12-17T14:44:01.964+0000] {processor.py:186} INFO - Started process (PID=232) to work on /home/airflow/.local/lib/python3.12/site-packages/airflow/example_dags/example_datasets.py
[2024-12-17T14:44:01.965+0000] {processor.py:914} INFO - Processing file /home/airflow/.local/lib/python3.12/site-packages/airflow/example_dags/example_datasets.py for tasks to queue
[2024-12-17T14:44:01.967+0000] {logging_mixin.py:190} INFO - [2024-12-17T14:44:01.966+0000] {dagbag.py:588} INFO - Filling up the DagBag from /home/airflow/.local/lib/python3.12/site-packages/airflow/example_dags/example_datasets.py
[2024-12-17T14:44:01.977+0000] {processor.py:925} INFO - DAG(s) 'consume_1_or_2_with_dataset_expressions', 'conditional_dataset_and_time_based_timetable', 'consume_1_and_2_with_dataset_expressions', 'dataset_consumes_1_never_scheduled', 'dataset_consumes_1_and_2', 'dataset_produces_1', 'dataset_consumes_1', 'consume_1_or_both_2_and_3_with_dataset_expressions', 'dataset_consumes_unknown_never_scheduled', 'dataset_produces_2' retrieved from /home/airflow/.local/lib/python3.12/site-packages/airflow/example_dags/example_datasets.py
[2024-12-17T14:44:02.006+0000] {logging_mixin.py:190} INFO - [2024-12-17T14:44:02.005+0000] {dag.py:3239} INFO - Sync 10 DAGs
[2024-12-17T14:44:02.025+0000] {logging_mixin.py:190} INFO - [2024-12-17T14:44:02.024+0000] {dag.py:4180} INFO - Setting next_dagrun for conditional_dataset_and_time_based_timetable to 2024-12-11 01:00:00+00:00, run_after=2024-12-11 01:00:00+00:00
[2024-12-17T14:44:02.027+0000] {logging_mixin.py:190} INFO - [2024-12-17T14:44:02.027+0000] {dag.py:4180} INFO - Setting next_dagrun for consume_1_and_2_with_dataset_expressions to None, run_after=None
[2024-12-17T14:44:02.028+0000] {logging_mixin.py:190} INFO - [2024-12-17T14:44:02.028+0000] {dag.py:4180} INFO - Setting next_dagrun for consume_1_or_2_with_dataset_expressions to None, run_after=None
[2024-12-17T14:44:02.029+0000] {logging_mixin.py:190} INFO - [2024-12-17T14:44:02.029+0000] {dag.py:4180} INFO - Setting next_dagrun for consume_1_or_both_2_and_3_with_dataset_expressions to None, run_after=None
[2024-12-17T14:44:02.030+0000] {logging_mixin.py:190} INFO - [2024-12-17T14:44:02.029+0000] {dag.py:4180} INFO - Setting next_dagrun for dataset_consumes_1 to None, run_after=None
[2024-12-17T14:44:02.031+0000] {logging_mixin.py:190} INFO - [2024-12-17T14:44:02.030+0000] {dag.py:4180} INFO - Setting next_dagrun for dataset_consumes_1_and_2 to None, run_after=None
[2024-12-17T14:44:02.031+0000] {logging_mixin.py:190} INFO - [2024-12-17T14:44:02.031+0000] {dag.py:4180} INFO - Setting next_dagrun for dataset_consumes_1_never_scheduled to None, run_after=None
[2024-12-17T14:44:02.032+0000] {logging_mixin.py:190} INFO - [2024-12-17T14:44:02.032+0000] {dag.py:4180} INFO - Setting next_dagrun for dataset_consumes_unknown_never_scheduled to None, run_after=None
[2024-12-17T14:44:02.034+0000] {logging_mixin.py:190} INFO - [2024-12-17T14:44:02.034+0000] {dag.py:4180} INFO - Setting next_dagrun for dataset_produces_1 to 2024-12-16 00:00:00+00:00, run_after=2024-12-17 00:00:00+00:00
[2024-12-17T14:44:02.034+0000] {logging_mixin.py:190} INFO - [2024-12-17T14:44:02.034+0000] {dag.py:4180} INFO - Setting next_dagrun for dataset_produces_2 to None, run_after=None
[2024-12-17T14:44:02.055+0000] {processor.py:208} INFO - Processing /home/airflow/.local/lib/python3.12/site-packages/airflow/example_dags/example_datasets.py took 0.095 seconds
[2024-12-17T14:44:32.106+0000] {processor.py:186} INFO - Started process (PID=297) to work on /home/airflow/.local/lib/python3.12/site-packages/airflow/example_dags/example_datasets.py
[2024-12-17T14:44:32.106+0000] {processor.py:914} INFO - Processing file /home/airflow/.local/lib/python3.12/site-packages/airflow/example_dags/example_datasets.py for tasks to queue
[2024-12-17T14:44:32.108+0000] {logging_mixin.py:190} INFO - [2024-12-17T14:44:32.108+0000] {dagbag.py:588} INFO - Filling up the DagBag from /home/airflow/.local/lib/python3.12/site-packages/airflow/example_dags/example_datasets.py
[2024-12-17T14:44:32.118+0000] {processor.py:925} INFO - DAG(s) 'dataset_consumes_1_and_2', 'dataset_consumes_unknown_never_scheduled', 'dataset_produces_1', 'consume_1_or_both_2_and_3_with_dataset_expressions', 'dataset_consumes_1_never_scheduled', 'consume_1_and_2_with_dataset_expressions', 'dataset_produces_2', 'consume_1_or_2_with_dataset_expressions', 'dataset_consumes_1', 'conditional_dataset_and_time_based_timetable' retrieved from /home/airflow/.local/lib/python3.12/site-packages/airflow/example_dags/example_datasets.py
[2024-12-17T14:44:32.143+0000] {logging_mixin.py:190} INFO - [2024-12-17T14:44:32.143+0000] {dag.py:3239} INFO - Sync 10 DAGs
[2024-12-17T14:44:32.159+0000] {logging_mixin.py:190} INFO - [2024-12-17T14:44:32.159+0000] {dag.py:4180} INFO - Setting next_dagrun for conditional_dataset_and_time_based_timetable to 2024-12-11 01:00:00+00:00, run_after=2024-12-11 01:00:00+00:00
[2024-12-17T14:44:32.161+0000] {logging_mixin.py:190} INFO - [2024-12-17T14:44:32.161+0000] {dag.py:4180} INFO - Setting next_dagrun for consume_1_and_2_with_dataset_expressions to None, run_after=None
[2024-12-17T14:44:32.162+0000] {logging_mixin.py:190} INFO - [2024-12-17T14:44:32.162+0000] {dag.py:4180} INFO - Setting next_dagrun for consume_1_or_2_with_dataset_expressions to None, run_after=None
[2024-12-17T14:44:32.163+0000] {logging_mixin.py:190} INFO - [2024-12-17T14:44:32.163+0000] {dag.py:4180} INFO - Setting next_dagrun for consume_1_or_both_2_and_3_with_dataset_expressions to None, run_after=None
[2024-12-17T14:44:32.164+0000] {logging_mixin.py:190} INFO - [2024-12-17T14:44:32.164+0000] {dag.py:4180} INFO - Setting next_dagrun for dataset_consumes_1 to None, run_after=None
[2024-12-17T14:44:32.166+0000] {logging_mixin.py:190} INFO - [2024-12-17T14:44:32.166+0000] {dag.py:4180} INFO - Setting next_dagrun for dataset_consumes_1_and_2 to None, run_after=None
[2024-12-17T14:44:32.166+0000] {logging_mixin.py:190} INFO - [2024-12-17T14:44:32.166+0000] {dag.py:4180} INFO - Setting next_dagrun for dataset_consumes_1_never_scheduled to None, run_after=None
[2024-12-17T14:44:32.167+0000] {logging_mixin.py:190} INFO - [2024-12-17T14:44:32.167+0000] {dag.py:4180} INFO - Setting next_dagrun for dataset_consumes_unknown_never_scheduled to None, run_after=None
[2024-12-17T14:44:32.168+0000] {logging_mixin.py:190} INFO - [2024-12-17T14:44:32.168+0000] {dag.py:4180} INFO - Setting next_dagrun for dataset_produces_1 to 2024-12-16 00:00:00+00:00, run_after=2024-12-17 00:00:00+00:00
[2024-12-17T14:44:32.169+0000] {logging_mixin.py:190} INFO - [2024-12-17T14:44:32.169+0000] {dag.py:4180} INFO - Setting next_dagrun for dataset_produces_2 to None, run_after=None
[2024-12-17T14:44:32.189+0000] {processor.py:208} INFO - Processing /home/airflow/.local/lib/python3.12/site-packages/airflow/example_dags/example_datasets.py took 0.087 seconds
[2024-12-17T14:45:02.314+0000] {processor.py:186} INFO - Started process (PID=362) to work on /home/airflow/.local/lib/python3.12/site-packages/airflow/example_dags/example_datasets.py
[2024-12-17T14:45:02.315+0000] {processor.py:914} INFO - Processing file /home/airflow/.local/lib/python3.12/site-packages/airflow/example_dags/example_datasets.py for tasks to queue
[2024-12-17T14:45:02.316+0000] {logging_mixin.py:190} INFO - [2024-12-17T14:45:02.316+0000] {dagbag.py:588} INFO - Filling up the DagBag from /home/airflow/.local/lib/python3.12/site-packages/airflow/example_dags/example_datasets.py
[2024-12-17T14:45:02.325+0000] {processor.py:925} INFO - DAG(s) 'conditional_dataset_and_time_based_timetable', 'dataset_produces_2', 'dataset_consumes_1_and_2', 'consume_1_or_2_with_dataset_expressions', 'dataset_consumes_unknown_never_scheduled', 'consume_1_or_both_2_and_3_with_dataset_expressions', 'dataset_consumes_1', 'dataset_produces_1', 'consume_1_and_2_with_dataset_expressions', 'dataset_consumes_1_never_scheduled' retrieved from /home/airflow/.local/lib/python3.12/site-packages/airflow/example_dags/example_datasets.py
[2024-12-17T14:45:02.349+0000] {logging_mixin.py:190} INFO - [2024-12-17T14:45:02.349+0000] {dag.py:3239} INFO - Sync 10 DAGs
[2024-12-17T14:45:02.365+0000] {logging_mixin.py:190} INFO - [2024-12-17T14:45:02.365+0000] {dag.py:4180} INFO - Setting next_dagrun for conditional_dataset_and_time_based_timetable to 2024-12-11 01:00:00+00:00, run_after=2024-12-11 01:00:00+00:00
[2024-12-17T14:45:02.367+0000] {logging_mixin.py:190} INFO - [2024-12-17T14:45:02.367+0000] {dag.py:4180} INFO - Setting next_dagrun for consume_1_and_2_with_dataset_expressions to None, run_after=None
[2024-12-17T14:45:02.369+0000] {logging_mixin.py:190} INFO - [2024-12-17T14:45:02.369+0000] {dag.py:4180} INFO - Setting next_dagrun for consume_1_or_2_with_dataset_expressions to None, run_after=None
[2024-12-17T14:45:02.369+0000] {logging_mixin.py:190} INFO - [2024-12-17T14:45:02.369+0000] {dag.py:4180} INFO - Setting next_dagrun for consume_1_or_both_2_and_3_with_dataset_expressions to None, run_after=None
[2024-12-17T14:45:02.370+0000] {logging_mixin.py:190} INFO - [2024-12-17T14:45:02.370+0000] {dag.py:4180} INFO - Setting next_dagrun for dataset_consumes_1 to None, run_after=None
[2024-12-17T14:45:02.371+0000] {logging_mixin.py:190} INFO - [2024-12-17T14:45:02.371+0000] {dag.py:4180} INFO - Setting next_dagrun for dataset_consumes_1_and_2 to None, run_after=None
[2024-12-17T14:45:02.372+0000] {logging_mixin.py:190} INFO - [2024-12-17T14:45:02.372+0000] {dag.py:4180} INFO - Setting next_dagrun for dataset_consumes_1_never_scheduled to None, run_after=None
[2024-12-17T14:45:02.372+0000] {logging_mixin.py:190} INFO - [2024-12-17T14:45:02.372+0000] {dag.py:4180} INFO - Setting next_dagrun for dataset_consumes_unknown_never_scheduled to None, run_after=None
[2024-12-17T14:45:02.374+0000] {logging_mixin.py:190} INFO - [2024-12-17T14:45:02.374+0000] {dag.py:4180} INFO - Setting next_dagrun for dataset_produces_1 to 2024-12-16 00:00:00+00:00, run_after=2024-12-17 00:00:00+00:00
[2024-12-17T14:45:02.375+0000] {logging_mixin.py:190} INFO - [2024-12-17T14:45:02.375+0000] {dag.py:4180} INFO - Setting next_dagrun for dataset_produces_2 to None, run_after=None
[2024-12-17T14:45:02.396+0000] {processor.py:208} INFO - Processing /home/airflow/.local/lib/python3.12/site-packages/airflow/example_dags/example_datasets.py took 0.085 seconds
[2024-12-17T14:45:32.609+0000] {processor.py:186} INFO - Started process (PID=427) to work on /home/airflow/.local/lib/python3.12/site-packages/airflow/example_dags/example_datasets.py
[2024-12-17T14:45:32.610+0000] {processor.py:914} INFO - Processing file /home/airflow/.local/lib/python3.12/site-packages/airflow/example_dags/example_datasets.py for tasks to queue
[2024-12-17T14:45:32.611+0000] {logging_mixin.py:190} INFO - [2024-12-17T14:45:32.611+0000] {dagbag.py:588} INFO - Filling up the DagBag from /home/airflow/.local/lib/python3.12/site-packages/airflow/example_dags/example_datasets.py
[2024-12-17T14:45:32.620+0000] {processor.py:925} INFO - DAG(s) 'consume_1_or_both_2_and_3_with_dataset_expressions', 'dataset_consumes_unknown_never_scheduled', 'dataset_produces_1', 'dataset_consumes_1_and_2', 'dataset_consumes_1', 'dataset_consumes_1_never_scheduled', 'consume_1_and_2_with_dataset_expressions', 'dataset_produces_2', 'conditional_dataset_and_time_based_timetable', 'consume_1_or_2_with_dataset_expressions' retrieved from /home/airflow/.local/lib/python3.12/site-packages/airflow/example_dags/example_datasets.py
[2024-12-17T14:45:32.644+0000] {logging_mixin.py:190} INFO - [2024-12-17T14:45:32.644+0000] {dag.py:3239} INFO - Sync 10 DAGs
[2024-12-17T14:45:32.660+0000] {logging_mixin.py:190} INFO - [2024-12-17T14:45:32.660+0000] {dag.py:4180} INFO - Setting next_dagrun for conditional_dataset_and_time_based_timetable to 2024-12-11 01:00:00+00:00, run_after=2024-12-11 01:00:00+00:00
[2024-12-17T14:45:32.663+0000] {logging_mixin.py:190} INFO - [2024-12-17T14:45:32.663+0000] {dag.py:4180} INFO - Setting next_dagrun for consume_1_and_2_with_dataset_expressions to None, run_after=None
[2024-12-17T14:45:32.664+0000] {logging_mixin.py:190} INFO - [2024-12-17T14:45:32.664+0000] {dag.py:4180} INFO - Setting next_dagrun for consume_1_or_2_with_dataset_expressions to None, run_after=None
[2024-12-17T14:45:32.665+0000] {logging_mixin.py:190} INFO - [2024-12-17T14:45:32.665+0000] {dag.py:4180} INFO - Setting next_dagrun for consume_1_or_both_2_and_3_with_dataset_expressions to None, run_after=None
[2024-12-17T14:45:32.666+0000] {logging_mixin.py:190} INFO - [2024-12-17T14:45:32.665+0000] {dag.py:4180} INFO - Setting next_dagrun for dataset_consumes_1 to None, run_after=None
[2024-12-17T14:45:32.666+0000] {logging_mixin.py:190} INFO - [2024-12-17T14:45:32.666+0000] {dag.py:4180} INFO - Setting next_dagrun for dataset_consumes_1_and_2 to None, run_after=None
[2024-12-17T14:45:32.667+0000] {logging_mixin.py:190} INFO - [2024-12-17T14:45:32.667+0000] {dag.py:4180} INFO - Setting next_dagrun for dataset_consumes_1_never_scheduled to None, run_after=None
[2024-12-17T14:45:32.668+0000] {logging_mixin.py:190} INFO - [2024-12-17T14:45:32.668+0000] {dag.py:4180} INFO - Setting next_dagrun for dataset_consumes_unknown_never_scheduled to None, run_after=None
[2024-12-17T14:45:32.669+0000] {logging_mixin.py:190} INFO - [2024-12-17T14:45:32.669+0000] {dag.py:4180} INFO - Setting next_dagrun for dataset_produces_1 to 2024-12-16 00:00:00+00:00, run_after=2024-12-17 00:00:00+00:00
[2024-12-17T14:45:32.670+0000] {logging_mixin.py:190} INFO - [2024-12-17T14:45:32.670+0000] {dag.py:4180} INFO - Setting next_dagrun for dataset_produces_2 to None, run_after=None
[2024-12-17T14:45:32.690+0000] {processor.py:208} INFO - Processing /home/airflow/.local/lib/python3.12/site-packages/airflow/example_dags/example_datasets.py took 0.084 seconds
[2024-12-17T14:46:02.844+0000] {processor.py:186} INFO - Started process (PID=492) to work on /home/airflow/.local/lib/python3.12/site-packages/airflow/example_dags/example_datasets.py
[2024-12-17T14:46:02.844+0000] {processor.py:914} INFO - Processing file /home/airflow/.local/lib/python3.12/site-packages/airflow/example_dags/example_datasets.py for tasks to queue
[2024-12-17T14:46:02.845+0000] {logging_mixin.py:190} INFO - [2024-12-17T14:46:02.845+0000] {dagbag.py:588} INFO - Filling up the DagBag from /home/airflow/.local/lib/python3.12/site-packages/airflow/example_dags/example_datasets.py
[2024-12-17T14:46:02.855+0000] {processor.py:925} INFO - DAG(s) 'consume_1_or_both_2_and_3_with_dataset_expressions', 'dataset_consumes_1_and_2', 'dataset_consumes_1', 'dataset_consumes_1_never_scheduled', 'consume_1_and_2_with_dataset_expressions', 'conditional_dataset_and_time_based_timetable', 'dataset_produces_1', 'dataset_consumes_unknown_never_scheduled', 'consume_1_or_2_with_dataset_expressions', 'dataset_produces_2' retrieved from /home/airflow/.local/lib/python3.12/site-packages/airflow/example_dags/example_datasets.py
[2024-12-17T14:46:02.879+0000] {logging_mixin.py:190} INFO - [2024-12-17T14:46:02.879+0000] {dag.py:3239} INFO - Sync 10 DAGs
[2024-12-17T14:46:02.896+0000] {logging_mixin.py:190} INFO - [2024-12-17T14:46:02.895+0000] {dag.py:4180} INFO - Setting next_dagrun for conditional_dataset_and_time_based_timetable to 2024-12-11 01:00:00+00:00, run_after=2024-12-11 01:00:00+00:00
[2024-12-17T14:46:02.898+0000] {logging_mixin.py:190} INFO - [2024-12-17T14:46:02.898+0000] {dag.py:4180} INFO - Setting next_dagrun for consume_1_and_2_with_dataset_expressions to None, run_after=None
[2024-12-17T14:46:02.899+0000] {logging_mixin.py:190} INFO - [2024-12-17T14:46:02.899+0000] {dag.py:4180} INFO - Setting next_dagrun for consume_1_or_2_with_dataset_expressions to None, run_after=None
[2024-12-17T14:46:02.900+0000] {logging_mixin.py:190} INFO - [2024-12-17T14:46:02.900+0000] {dag.py:4180} INFO - Setting next_dagrun for consume_1_or_both_2_and_3_with_dataset_expressions to None, run_after=None
[2024-12-17T14:46:02.901+0000] {logging_mixin.py:190} INFO - [2024-12-17T14:46:02.901+0000] {dag.py:4180} INFO - Setting next_dagrun for dataset_consumes_1 to None, run_after=None
[2024-12-17T14:46:02.902+0000] {logging_mixin.py:190} INFO - [2024-12-17T14:46:02.902+0000] {dag.py:4180} INFO - Setting next_dagrun for dataset_consumes_1_and_2 to None, run_after=None
[2024-12-17T14:46:02.902+0000] {logging_mixin.py:190} INFO - [2024-12-17T14:46:02.902+0000] {dag.py:4180} INFO - Setting next_dagrun for dataset_consumes_1_never_scheduled to None, run_after=None
[2024-12-17T14:46:02.903+0000] {logging_mixin.py:190} INFO - [2024-12-17T14:46:02.903+0000] {dag.py:4180} INFO - Setting next_dagrun for dataset_consumes_unknown_never_scheduled to None, run_after=None
[2024-12-17T14:46:02.905+0000] {logging_mixin.py:190} INFO - [2024-12-17T14:46:02.904+0000] {dag.py:4180} INFO - Setting next_dagrun for dataset_produces_1 to 2024-12-16 00:00:00+00:00, run_after=2024-12-17 00:00:00+00:00
[2024-12-17T14:46:02.905+0000] {logging_mixin.py:190} INFO - [2024-12-17T14:46:02.905+0000] {dag.py:4180} INFO - Setting next_dagrun for dataset_produces_2 to None, run_after=None
[2024-12-17T14:46:02.925+0000] {processor.py:208} INFO - Processing /home/airflow/.local/lib/python3.12/site-packages/airflow/example_dags/example_datasets.py took 0.084 seconds
[2024-12-17T14:46:33.583+0000] {processor.py:186} INFO - Started process (PID=557) to work on /home/airflow/.local/lib/python3.12/site-packages/airflow/example_dags/example_datasets.py
[2024-12-17T14:46:33.584+0000] {processor.py:914} INFO - Processing file /home/airflow/.local/lib/python3.12/site-packages/airflow/example_dags/example_datasets.py for tasks to queue
[2024-12-17T14:46:33.586+0000] {logging_mixin.py:190} INFO - [2024-12-17T14:46:33.586+0000] {dagbag.py:588} INFO - Filling up the DagBag from /home/airflow/.local/lib/python3.12/site-packages/airflow/example_dags/example_datasets.py
[2024-12-17T14:46:33.600+0000] {processor.py:925} INFO - DAG(s) 'dataset_consumes_unknown_never_scheduled', 'dataset_consumes_1_and_2', 'dataset_produces_2', 'consume_1_and_2_with_dataset_expressions', 'dataset_consumes_1', 'consume_1_or_2_with_dataset_expressions', 'dataset_consumes_1_never_scheduled', 'conditional_dataset_and_time_based_timetable', 'consume_1_or_both_2_and_3_with_dataset_expressions', 'dataset_produces_1' retrieved from /home/airflow/.local/lib/python3.12/site-packages/airflow/example_dags/example_datasets.py
[2024-12-17T14:46:33.629+0000] {logging_mixin.py:190} INFO - [2024-12-17T14:46:33.629+0000] {dag.py:3239} INFO - Sync 10 DAGs
[2024-12-17T14:46:33.649+0000] {logging_mixin.py:190} INFO - [2024-12-17T14:46:33.649+0000] {dag.py:4180} INFO - Setting next_dagrun for conditional_dataset_and_time_based_timetable to 2024-12-11 01:00:00+00:00, run_after=2024-12-11 01:00:00+00:00
[2024-12-17T14:46:33.652+0000] {logging_mixin.py:190} INFO - [2024-12-17T14:46:33.652+0000] {dag.py:4180} INFO - Setting next_dagrun for consume_1_and_2_with_dataset_expressions to None, run_after=None
[2024-12-17T14:46:33.654+0000] {logging_mixin.py:190} INFO - [2024-12-17T14:46:33.653+0000] {dag.py:4180} INFO - Setting next_dagrun for consume_1_or_2_with_dataset_expressions to None, run_after=None
[2024-12-17T14:46:33.655+0000] {logging_mixin.py:190} INFO - [2024-12-17T14:46:33.655+0000] {dag.py:4180} INFO - Setting next_dagrun for consume_1_or_both_2_and_3_with_dataset_expressions to None, run_after=None
[2024-12-17T14:46:33.656+0000] {logging_mixin.py:190} INFO - [2024-12-17T14:46:33.656+0000] {dag.py:4180} INFO - Setting next_dagrun for dataset_consumes_1 to None, run_after=None
[2024-12-17T14:46:33.657+0000] {logging_mixin.py:190} INFO - [2024-12-17T14:46:33.657+0000] {dag.py:4180} INFO - Setting next_dagrun for dataset_consumes_1_and_2 to None, run_after=None
[2024-12-17T14:46:33.658+0000] {logging_mixin.py:190} INFO - [2024-12-17T14:46:33.658+0000] {dag.py:4180} INFO - Setting next_dagrun for dataset_consumes_1_never_scheduled to None, run_after=None
[2024-12-17T14:46:33.658+0000] {logging_mixin.py:190} INFO - [2024-12-17T14:46:33.658+0000] {dag.py:4180} INFO - Setting next_dagrun for dataset_consumes_unknown_never_scheduled to None, run_after=None
[2024-12-17T14:46:33.660+0000] {logging_mixin.py:190} INFO - [2024-12-17T14:46:33.660+0000] {dag.py:4180} INFO - Setting next_dagrun for dataset_produces_1 to 2024-12-16 00:00:00+00:00, run_after=2024-12-17 00:00:00+00:00
[2024-12-17T14:46:33.661+0000] {logging_mixin.py:190} INFO - [2024-12-17T14:46:33.661+0000] {dag.py:4180} INFO - Setting next_dagrun for dataset_produces_2 to None, run_after=None
[2024-12-17T14:46:33.684+0000] {processor.py:208} INFO - Processing /home/airflow/.local/lib/python3.12/site-packages/airflow/example_dags/example_datasets.py took 0.105 seconds
[2024-12-17T14:47:03.849+0000] {processor.py:186} INFO - Started process (PID=622) to work on /home/airflow/.local/lib/python3.12/site-packages/airflow/example_dags/example_datasets.py
[2024-12-17T14:47:03.850+0000] {processor.py:914} INFO - Processing file /home/airflow/.local/lib/python3.12/site-packages/airflow/example_dags/example_datasets.py for tasks to queue
[2024-12-17T14:47:03.851+0000] {logging_mixin.py:190} INFO - [2024-12-17T14:47:03.851+0000] {dagbag.py:588} INFO - Filling up the DagBag from /home/airflow/.local/lib/python3.12/site-packages/airflow/example_dags/example_datasets.py
[2024-12-17T14:47:03.863+0000] {processor.py:925} INFO - DAG(s) 'dataset_produces_2', 'dataset_consumes_1', 'dataset_consumes_unknown_never_scheduled', 'consume_1_or_2_with_dataset_expressions', 'dataset_consumes_1_never_scheduled', 'dataset_consumes_1_and_2', 'consume_1_or_both_2_and_3_with_dataset_expressions', 'conditional_dataset_and_time_based_timetable', 'dataset_produces_1', 'consume_1_and_2_with_dataset_expressions' retrieved from /home/airflow/.local/lib/python3.12/site-packages/airflow/example_dags/example_datasets.py
[2024-12-17T14:47:03.891+0000] {logging_mixin.py:190} INFO - [2024-12-17T14:47:03.890+0000] {dag.py:3239} INFO - Sync 10 DAGs
[2024-12-17T14:47:03.912+0000] {logging_mixin.py:190} INFO - [2024-12-17T14:47:03.911+0000] {dag.py:4180} INFO - Setting next_dagrun for conditional_dataset_and_time_based_timetable to 2024-12-11 01:00:00+00:00, run_after=2024-12-11 01:00:00+00:00
[2024-12-17T14:47:03.916+0000] {logging_mixin.py:190} INFO - [2024-12-17T14:47:03.916+0000] {dag.py:4180} INFO - Setting next_dagrun for consume_1_and_2_with_dataset_expressions to None, run_after=None
[2024-12-17T14:47:03.918+0000] {logging_mixin.py:190} INFO - [2024-12-17T14:47:03.918+0000] {dag.py:4180} INFO - Setting next_dagrun for consume_1_or_2_with_dataset_expressions to None, run_after=None
[2024-12-17T14:47:03.920+0000] {logging_mixin.py:190} INFO - [2024-12-17T14:47:03.919+0000] {dag.py:4180} INFO - Setting next_dagrun for consume_1_or_both_2_and_3_with_dataset_expressions to None, run_after=None
[2024-12-17T14:47:03.921+0000] {logging_mixin.py:190} INFO - [2024-12-17T14:47:03.921+0000] {dag.py:4180} INFO - Setting next_dagrun for dataset_consumes_1 to None, run_after=None
[2024-12-17T14:47:03.923+0000] {logging_mixin.py:190} INFO - [2024-12-17T14:47:03.923+0000] {dag.py:4180} INFO - Setting next_dagrun for dataset_consumes_1_and_2 to None, run_after=None
[2024-12-17T14:47:03.925+0000] {logging_mixin.py:190} INFO - [2024-12-17T14:47:03.925+0000] {dag.py:4180} INFO - Setting next_dagrun for dataset_consumes_1_never_scheduled to None, run_after=None
[2024-12-17T14:47:03.927+0000] {logging_mixin.py:190} INFO - [2024-12-17T14:47:03.926+0000] {dag.py:4180} INFO - Setting next_dagrun for dataset_consumes_unknown_never_scheduled to None, run_after=None
[2024-12-17T14:47:03.930+0000] {logging_mixin.py:190} INFO - [2024-12-17T14:47:03.930+0000] {dag.py:4180} INFO - Setting next_dagrun for dataset_produces_1 to 2024-12-16 00:00:00+00:00, run_after=2024-12-17 00:00:00+00:00
[2024-12-17T14:47:03.933+0000] {logging_mixin.py:190} INFO - [2024-12-17T14:47:03.933+0000] {dag.py:4180} INFO - Setting next_dagrun for dataset_produces_2 to None, run_after=None
[2024-12-17T14:47:03.963+0000] {processor.py:208} INFO - Processing /home/airflow/.local/lib/python3.12/site-packages/airflow/example_dags/example_datasets.py took 0.118 seconds
[2024-12-17T14:47:34.518+0000] {processor.py:186} INFO - Started process (PID=687) to work on /home/airflow/.local/lib/python3.12/site-packages/airflow/example_dags/example_datasets.py
[2024-12-17T14:47:34.519+0000] {processor.py:914} INFO - Processing file /home/airflow/.local/lib/python3.12/site-packages/airflow/example_dags/example_datasets.py for tasks to queue
[2024-12-17T14:47:34.520+0000] {logging_mixin.py:190} INFO - [2024-12-17T14:47:34.520+0000] {dagbag.py:588} INFO - Filling up the DagBag from /home/airflow/.local/lib/python3.12/site-packages/airflow/example_dags/example_datasets.py
[2024-12-17T14:47:34.531+0000] {processor.py:925} INFO - DAG(s) 'dataset_produces_1', 'consume_1_or_2_with_dataset_expressions', 'consume_1_or_both_2_and_3_with_dataset_expressions', 'dataset_consumes_unknown_never_scheduled', 'dataset_produces_2', 'consume_1_and_2_with_dataset_expressions', 'conditional_dataset_and_time_based_timetable', 'dataset_consumes_1_and_2', 'dataset_consumes_1_never_scheduled', 'dataset_consumes_1' retrieved from /home/airflow/.local/lib/python3.12/site-packages/airflow/example_dags/example_datasets.py
[2024-12-17T14:47:34.556+0000] {logging_mixin.py:190} INFO - [2024-12-17T14:47:34.556+0000] {dag.py:3239} INFO - Sync 10 DAGs
[2024-12-17T14:47:34.574+0000] {logging_mixin.py:190} INFO - [2024-12-17T14:47:34.574+0000] {dag.py:4180} INFO - Setting next_dagrun for conditional_dataset_and_time_based_timetable to 2024-12-11 01:00:00+00:00, run_after=2024-12-11 01:00:00+00:00
[2024-12-17T14:47:34.577+0000] {logging_mixin.py:190} INFO - [2024-12-17T14:47:34.577+0000] {dag.py:4180} INFO - Setting next_dagrun for consume_1_and_2_with_dataset_expressions to None, run_after=None
[2024-12-17T14:47:34.578+0000] {logging_mixin.py:190} INFO - [2024-12-17T14:47:34.578+0000] {dag.py:4180} INFO - Setting next_dagrun for consume_1_or_2_with_dataset_expressions to None, run_after=None
[2024-12-17T14:47:34.579+0000] {logging_mixin.py:190} INFO - [2024-12-17T14:47:34.579+0000] {dag.py:4180} INFO - Setting next_dagrun for consume_1_or_both_2_and_3_with_dataset_expressions to None, run_after=None
[2024-12-17T14:47:34.580+0000] {logging_mixin.py:190} INFO - [2024-12-17T14:47:34.580+0000] {dag.py:4180} INFO - Setting next_dagrun for dataset_consumes_1 to None, run_after=None
[2024-12-17T14:47:34.581+0000] {logging_mixin.py:190} INFO - [2024-12-17T14:47:34.580+0000] {dag.py:4180} INFO - Setting next_dagrun for dataset_consumes_1_and_2 to None, run_after=None
[2024-12-17T14:47:34.581+0000] {logging_mixin.py:190} INFO - [2024-12-17T14:47:34.581+0000] {dag.py:4180} INFO - Setting next_dagrun for dataset_consumes_1_never_scheduled to None, run_after=None
[2024-12-17T14:47:34.582+0000] {logging_mixin.py:190} INFO - [2024-12-17T14:47:34.582+0000] {dag.py:4180} INFO - Setting next_dagrun for dataset_consumes_unknown_never_scheduled to None, run_after=None
[2024-12-17T14:47:34.584+0000] {logging_mixin.py:190} INFO - [2024-12-17T14:47:34.583+0000] {dag.py:4180} INFO - Setting next_dagrun for dataset_produces_1 to 2024-12-16 00:00:00+00:00, run_after=2024-12-17 00:00:00+00:00
[2024-12-17T14:47:34.584+0000] {logging_mixin.py:190} INFO - [2024-12-17T14:47:34.584+0000] {dag.py:4180} INFO - Setting next_dagrun for dataset_produces_2 to None, run_after=None
[2024-12-17T14:47:34.606+0000] {processor.py:208} INFO - Processing /home/airflow/.local/lib/python3.12/site-packages/airflow/example_dags/example_datasets.py took 0.091 seconds
[2024-12-17T14:48:05.150+0000] {processor.py:186} INFO - Started process (PID=752) to work on /home/airflow/.local/lib/python3.12/site-packages/airflow/example_dags/example_datasets.py
[2024-12-17T14:48:05.150+0000] {processor.py:914} INFO - Processing file /home/airflow/.local/lib/python3.12/site-packages/airflow/example_dags/example_datasets.py for tasks to queue
[2024-12-17T14:48:05.152+0000] {logging_mixin.py:190} INFO - [2024-12-17T14:48:05.152+0000] {dagbag.py:588} INFO - Filling up the DagBag from /home/airflow/.local/lib/python3.12/site-packages/airflow/example_dags/example_datasets.py
[2024-12-17T14:48:05.164+0000] {processor.py:925} INFO - DAG(s) 'dataset_consumes_unknown_never_scheduled', 'dataset_consumes_1_never_scheduled', 'dataset_consumes_1_and_2', 'dataset_produces_1', 'conditional_dataset_and_time_based_timetable', 'consume_1_or_2_with_dataset_expressions', 'consume_1_and_2_with_dataset_expressions', 'consume_1_or_both_2_and_3_with_dataset_expressions', 'dataset_consumes_1', 'dataset_produces_2' retrieved from /home/airflow/.local/lib/python3.12/site-packages/airflow/example_dags/example_datasets.py
[2024-12-17T14:48:05.193+0000] {logging_mixin.py:190} INFO - [2024-12-17T14:48:05.193+0000] {dag.py:3239} INFO - Sync 10 DAGs
[2024-12-17T14:48:05.211+0000] {logging_mixin.py:190} INFO - [2024-12-17T14:48:05.211+0000] {dag.py:4180} INFO - Setting next_dagrun for conditional_dataset_and_time_based_timetable to 2024-12-11 01:00:00+00:00, run_after=2024-12-11 01:00:00+00:00
[2024-12-17T14:48:05.215+0000] {logging_mixin.py:190} INFO - [2024-12-17T14:48:05.215+0000] {dag.py:4180} INFO - Setting next_dagrun for consume_1_and_2_with_dataset_expressions to None, run_after=None
[2024-12-17T14:48:05.216+0000] {logging_mixin.py:190} INFO - [2024-12-17T14:48:05.216+0000] {dag.py:4180} INFO - Setting next_dagrun for consume_1_or_2_with_dataset_expressions to None, run_after=None
[2024-12-17T14:48:05.217+0000] {logging_mixin.py:190} INFO - [2024-12-17T14:48:05.217+0000] {dag.py:4180} INFO - Setting next_dagrun for consume_1_or_both_2_and_3_with_dataset_expressions to None, run_after=None
[2024-12-17T14:48:05.217+0000] {logging_mixin.py:190} INFO - [2024-12-17T14:48:05.217+0000] {dag.py:4180} INFO - Setting next_dagrun for dataset_consumes_1 to None, run_after=None
[2024-12-17T14:48:05.218+0000] {logging_mixin.py:190} INFO - [2024-12-17T14:48:05.218+0000] {dag.py:4180} INFO - Setting next_dagrun for dataset_consumes_1_and_2 to None, run_after=None
[2024-12-17T14:48:05.219+0000] {logging_mixin.py:190} INFO - [2024-12-17T14:48:05.219+0000] {dag.py:4180} INFO - Setting next_dagrun for dataset_consumes_1_never_scheduled to None, run_after=None
[2024-12-17T14:48:05.220+0000] {logging_mixin.py:190} INFO - [2024-12-17T14:48:05.220+0000] {dag.py:4180} INFO - Setting next_dagrun for dataset_consumes_unknown_never_scheduled to None, run_after=None
[2024-12-17T14:48:05.222+0000] {logging_mixin.py:190} INFO - [2024-12-17T14:48:05.222+0000] {dag.py:4180} INFO - Setting next_dagrun for dataset_produces_1 to 2024-12-16 00:00:00+00:00, run_after=2024-12-17 00:00:00+00:00
[2024-12-17T14:48:05.223+0000] {logging_mixin.py:190} INFO - [2024-12-17T14:48:05.223+0000] {dag.py:4180} INFO - Setting next_dagrun for dataset_produces_2 to None, run_after=None
[2024-12-17T14:48:05.246+0000] {processor.py:208} INFO - Processing /home/airflow/.local/lib/python3.12/site-packages/airflow/example_dags/example_datasets.py took 0.100 seconds
[2024-12-17T14:48:35.277+0000] {processor.py:186} INFO - Started process (PID=817) to work on /home/airflow/.local/lib/python3.12/site-packages/airflow/example_dags/example_datasets.py
[2024-12-17T14:48:35.278+0000] {processor.py:914} INFO - Processing file /home/airflow/.local/lib/python3.12/site-packages/airflow/example_dags/example_datasets.py for tasks to queue
[2024-12-17T14:48:35.280+0000] {logging_mixin.py:190} INFO - [2024-12-17T14:48:35.280+0000] {dagbag.py:588} INFO - Filling up the DagBag from /home/airflow/.local/lib/python3.12/site-packages/airflow/example_dags/example_datasets.py
[2024-12-17T14:48:35.290+0000] {processor.py:925} INFO - DAG(s) 'consume_1_and_2_with_dataset_expressions', 'consume_1_or_both_2_and_3_with_dataset_expressions', 'dataset_consumes_1_never_scheduled', 'dataset_consumes_1_and_2', 'dataset_consumes_unknown_never_scheduled', 'dataset_produces_2', 'dataset_produces_1', 'dataset_consumes_1', 'consume_1_or_2_with_dataset_expressions', 'conditional_dataset_and_time_based_timetable' retrieved from /home/airflow/.local/lib/python3.12/site-packages/airflow/example_dags/example_datasets.py
[2024-12-17T14:48:35.318+0000] {logging_mixin.py:190} INFO - [2024-12-17T14:48:35.317+0000] {dag.py:3239} INFO - Sync 10 DAGs
[2024-12-17T14:48:35.337+0000] {logging_mixin.py:190} INFO - [2024-12-17T14:48:35.337+0000] {dag.py:4180} INFO - Setting next_dagrun for conditional_dataset_and_time_based_timetable to 2024-12-11 01:00:00+00:00, run_after=2024-12-11 01:00:00+00:00
[2024-12-17T14:48:35.341+0000] {logging_mixin.py:190} INFO - [2024-12-17T14:48:35.341+0000] {dag.py:4180} INFO - Setting next_dagrun for consume_1_and_2_with_dataset_expressions to None, run_after=None
[2024-12-17T14:48:35.343+0000] {logging_mixin.py:190} INFO - [2024-12-17T14:48:35.343+0000] {dag.py:4180} INFO - Setting next_dagrun for consume_1_or_2_with_dataset_expressions to None, run_after=None
[2024-12-17T14:48:35.344+0000] {logging_mixin.py:190} INFO - [2024-12-17T14:48:35.344+0000] {dag.py:4180} INFO - Setting next_dagrun for consume_1_or_both_2_and_3_with_dataset_expressions to None, run_after=None
[2024-12-17T14:48:35.345+0000] {logging_mixin.py:190} INFO - [2024-12-17T14:48:35.345+0000] {dag.py:4180} INFO - Setting next_dagrun for dataset_consumes_1 to None, run_after=None
[2024-12-17T14:48:35.346+0000] {logging_mixin.py:190} INFO - [2024-12-17T14:48:35.346+0000] {dag.py:4180} INFO - Setting next_dagrun for dataset_consumes_1_and_2 to None, run_after=None
[2024-12-17T14:48:35.347+0000] {logging_mixin.py:190} INFO - [2024-12-17T14:48:35.347+0000] {dag.py:4180} INFO - Setting next_dagrun for dataset_consumes_1_never_scheduled to None, run_after=None
[2024-12-17T14:48:35.348+0000] {logging_mixin.py:190} INFO - [2024-12-17T14:48:35.348+0000] {dag.py:4180} INFO - Setting next_dagrun for dataset_consumes_unknown_never_scheduled to None, run_after=None
[2024-12-17T14:48:35.350+0000] {logging_mixin.py:190} INFO - [2024-12-17T14:48:35.350+0000] {dag.py:4180} INFO - Setting next_dagrun for dataset_produces_1 to 2024-12-16 00:00:00+00:00, run_after=2024-12-17 00:00:00+00:00
[2024-12-17T14:48:35.350+0000] {logging_mixin.py:190} INFO - [2024-12-17T14:48:35.350+0000] {dag.py:4180} INFO - Setting next_dagrun for dataset_produces_2 to None, run_after=None
[2024-12-17T14:48:35.372+0000] {processor.py:208} INFO - Processing /home/airflow/.local/lib/python3.12/site-packages/airflow/example_dags/example_datasets.py took 0.098 seconds
[2024-12-17T14:49:05.570+0000] {processor.py:186} INFO - Started process (PID=882) to work on /home/airflow/.local/lib/python3.12/site-packages/airflow/example_dags/example_datasets.py
[2024-12-17T14:49:05.571+0000] {processor.py:914} INFO - Processing file /home/airflow/.local/lib/python3.12/site-packages/airflow/example_dags/example_datasets.py for tasks to queue
[2024-12-17T14:49:05.572+0000] {logging_mixin.py:190} INFO - [2024-12-17T14:49:05.572+0000] {dagbag.py:588} INFO - Filling up the DagBag from /home/airflow/.local/lib/python3.12/site-packages/airflow/example_dags/example_datasets.py
[2024-12-17T14:49:05.582+0000] {processor.py:925} INFO - DAG(s) 'consume_1_or_2_with_dataset_expressions', 'consume_1_or_both_2_and_3_with_dataset_expressions', 'conditional_dataset_and_time_based_timetable', 'dataset_consumes_1_and_2', 'dataset_consumes_unknown_never_scheduled', 'dataset_produces_1', 'dataset_consumes_1_never_scheduled', 'dataset_consumes_1', 'dataset_produces_2', 'consume_1_and_2_with_dataset_expressions' retrieved from /home/airflow/.local/lib/python3.12/site-packages/airflow/example_dags/example_datasets.py
[2024-12-17T14:49:05.606+0000] {logging_mixin.py:190} INFO - [2024-12-17T14:49:05.606+0000] {dag.py:3239} INFO - Sync 10 DAGs
[2024-12-17T14:49:05.623+0000] {logging_mixin.py:190} INFO - [2024-12-17T14:49:05.622+0000] {dag.py:4180} INFO - Setting next_dagrun for conditional_dataset_and_time_based_timetable to 2024-12-11 01:00:00+00:00, run_after=2024-12-11 01:00:00+00:00
[2024-12-17T14:49:05.625+0000] {logging_mixin.py:190} INFO - [2024-12-17T14:49:05.625+0000] {dag.py:4180} INFO - Setting next_dagrun for consume_1_and_2_with_dataset_expressions to None, run_after=None
[2024-12-17T14:49:05.626+0000] {logging_mixin.py:190} INFO - [2024-12-17T14:49:05.626+0000] {dag.py:4180} INFO - Setting next_dagrun for consume_1_or_2_with_dataset_expressions to None, run_after=None
[2024-12-17T14:49:05.627+0000] {logging_mixin.py:190} INFO - [2024-12-17T14:49:05.627+0000] {dag.py:4180} INFO - Setting next_dagrun for consume_1_or_both_2_and_3_with_dataset_expressions to None, run_after=None
[2024-12-17T14:49:05.628+0000] {logging_mixin.py:190} INFO - [2024-12-17T14:49:05.628+0000] {dag.py:4180} INFO - Setting next_dagrun for dataset_consumes_1 to None, run_after=None
[2024-12-17T14:49:05.629+0000] {logging_mixin.py:190} INFO - [2024-12-17T14:49:05.629+0000] {dag.py:4180} INFO - Setting next_dagrun for dataset_consumes_1_and_2 to None, run_after=None
[2024-12-17T14:49:05.629+0000] {logging_mixin.py:190} INFO - [2024-12-17T14:49:05.629+0000] {dag.py:4180} INFO - Setting next_dagrun for dataset_consumes_1_never_scheduled to None, run_after=None
[2024-12-17T14:49:05.630+0000] {logging_mixin.py:190} INFO - [2024-12-17T14:49:05.630+0000] {dag.py:4180} INFO - Setting next_dagrun for dataset_consumes_unknown_never_scheduled to None, run_after=None
[2024-12-17T14:49:05.632+0000] {logging_mixin.py:190} INFO - [2024-12-17T14:49:05.631+0000] {dag.py:4180} INFO - Setting next_dagrun for dataset_produces_1 to 2024-12-16 00:00:00+00:00, run_after=2024-12-17 00:00:00+00:00
[2024-12-17T14:49:05.632+0000] {logging_mixin.py:190} INFO - [2024-12-17T14:49:05.632+0000] {dag.py:4180} INFO - Setting next_dagrun for dataset_produces_2 to None, run_after=None
[2024-12-17T14:49:05.652+0000] {processor.py:208} INFO - Processing /home/airflow/.local/lib/python3.12/site-packages/airflow/example_dags/example_datasets.py took 0.085 seconds
[2024-12-17T14:49:35.689+0000] {processor.py:186} INFO - Started process (PID=947) to work on /home/airflow/.local/lib/python3.12/site-packages/airflow/example_dags/example_datasets.py
[2024-12-17T14:49:35.689+0000] {processor.py:914} INFO - Processing file /home/airflow/.local/lib/python3.12/site-packages/airflow/example_dags/example_datasets.py for tasks to queue
[2024-12-17T14:49:35.691+0000] {logging_mixin.py:190} INFO - [2024-12-17T14:49:35.690+0000] {dagbag.py:588} INFO - Filling up the DagBag from /home/airflow/.local/lib/python3.12/site-packages/airflow/example_dags/example_datasets.py
[2024-12-17T14:49:35.700+0000] {processor.py:925} INFO - DAG(s) 'dataset_consumes_1_and_2', 'dataset_produces_1', 'dataset_produces_2', 'conditional_dataset_and_time_based_timetable', 'dataset_consumes_unknown_never_scheduled', 'dataset_consumes_1', 'consume_1_or_both_2_and_3_with_dataset_expressions', 'consume_1_or_2_with_dataset_expressions', 'consume_1_and_2_with_dataset_expressions', 'dataset_consumes_1_never_scheduled' retrieved from /home/airflow/.local/lib/python3.12/site-packages/airflow/example_dags/example_datasets.py
[2024-12-17T14:49:35.724+0000] {logging_mixin.py:190} INFO - [2024-12-17T14:49:35.724+0000] {dag.py:3239} INFO - Sync 10 DAGs
[2024-12-17T14:49:35.741+0000] {logging_mixin.py:190} INFO - [2024-12-17T14:49:35.741+0000] {dag.py:4180} INFO - Setting next_dagrun for conditional_dataset_and_time_based_timetable to 2024-12-11 01:00:00+00:00, run_after=2024-12-11 01:00:00+00:00
[2024-12-17T14:49:35.743+0000] {logging_mixin.py:190} INFO - [2024-12-17T14:49:35.743+0000] {dag.py:4180} INFO - Setting next_dagrun for consume_1_and_2_with_dataset_expressions to None, run_after=None
[2024-12-17T14:49:35.744+0000] {logging_mixin.py:190} INFO - [2024-12-17T14:49:35.744+0000] {dag.py:4180} INFO - Setting next_dagrun for consume_1_or_2_with_dataset_expressions to None, run_after=None
[2024-12-17T14:49:35.745+0000] {logging_mixin.py:190} INFO - [2024-12-17T14:49:35.745+0000] {dag.py:4180} INFO - Setting next_dagrun for consume_1_or_both_2_and_3_with_dataset_expressions to None, run_after=None
[2024-12-17T14:49:35.746+0000] {logging_mixin.py:190} INFO - [2024-12-17T14:49:35.746+0000] {dag.py:4180} INFO - Setting next_dagrun for dataset_consumes_1 to None, run_after=None
[2024-12-17T14:49:35.747+0000] {logging_mixin.py:190} INFO - [2024-12-17T14:49:35.747+0000] {dag.py:4180} INFO - Setting next_dagrun for dataset_consumes_1_and_2 to None, run_after=None
[2024-12-17T14:49:35.748+0000] {logging_mixin.py:190} INFO - [2024-12-17T14:49:35.747+0000] {dag.py:4180} INFO - Setting next_dagrun for dataset_consumes_1_never_scheduled to None, run_after=None
[2024-12-17T14:49:35.748+0000] {logging_mixin.py:190} INFO - [2024-12-17T14:49:35.748+0000] {dag.py:4180} INFO - Setting next_dagrun for dataset_consumes_unknown_never_scheduled to None, run_after=None
[2024-12-17T14:49:35.750+0000] {logging_mixin.py:190} INFO - [2024-12-17T14:49:35.750+0000] {dag.py:4180} INFO - Setting next_dagrun for dataset_produces_1 to 2024-12-16 00:00:00+00:00, run_after=2024-12-17 00:00:00+00:00
[2024-12-17T14:49:35.751+0000] {logging_mixin.py:190} INFO - [2024-12-17T14:49:35.751+0000] {dag.py:4180} INFO - Setting next_dagrun for dataset_produces_2 to None, run_after=None
[2024-12-17T14:49:35.772+0000] {processor.py:208} INFO - Processing /home/airflow/.local/lib/python3.12/site-packages/airflow/example_dags/example_datasets.py took 0.086 seconds
[2024-12-17T14:50:05.952+0000] {processor.py:186} INFO - Started process (PID=1012) to work on /home/airflow/.local/lib/python3.12/site-packages/airflow/example_dags/example_datasets.py
[2024-12-17T14:50:05.952+0000] {processor.py:914} INFO - Processing file /home/airflow/.local/lib/python3.12/site-packages/airflow/example_dags/example_datasets.py for tasks to queue
[2024-12-17T14:50:05.954+0000] {logging_mixin.py:190} INFO - [2024-12-17T14:50:05.953+0000] {dagbag.py:588} INFO - Filling up the DagBag from /home/airflow/.local/lib/python3.12/site-packages/airflow/example_dags/example_datasets.py
[2024-12-17T14:50:05.964+0000] {processor.py:925} INFO - DAG(s) 'dataset_produces_2', 'consume_1_or_2_with_dataset_expressions', 'consume_1_and_2_with_dataset_expressions', 'consume_1_or_both_2_and_3_with_dataset_expressions', 'conditional_dataset_and_time_based_timetable', 'dataset_consumes_1', 'dataset_produces_1', 'dataset_consumes_1_and_2', 'dataset_consumes_unknown_never_scheduled', 'dataset_consumes_1_never_scheduled' retrieved from /home/airflow/.local/lib/python3.12/site-packages/airflow/example_dags/example_datasets.py
[2024-12-17T14:50:05.988+0000] {logging_mixin.py:190} INFO - [2024-12-17T14:50:05.988+0000] {dag.py:3239} INFO - Sync 10 DAGs
[2024-12-17T14:50:06.006+0000] {logging_mixin.py:190} INFO - [2024-12-17T14:50:06.005+0000] {dag.py:4180} INFO - Setting next_dagrun for conditional_dataset_and_time_based_timetable to 2024-12-11 01:00:00+00:00, run_after=2024-12-11 01:00:00+00:00
[2024-12-17T14:50:06.008+0000] {logging_mixin.py:190} INFO - [2024-12-17T14:50:06.008+0000] {dag.py:4180} INFO - Setting next_dagrun for consume_1_and_2_with_dataset_expressions to None, run_after=None
[2024-12-17T14:50:06.009+0000] {logging_mixin.py:190} INFO - [2024-12-17T14:50:06.009+0000] {dag.py:4180} INFO - Setting next_dagrun for consume_1_or_2_with_dataset_expressions to None, run_after=None
[2024-12-17T14:50:06.010+0000] {logging_mixin.py:190} INFO - [2024-12-17T14:50:06.010+0000] {dag.py:4180} INFO - Setting next_dagrun for consume_1_or_both_2_and_3_with_dataset_expressions to None, run_after=None
[2024-12-17T14:50:06.010+0000] {logging_mixin.py:190} INFO - [2024-12-17T14:50:06.010+0000] {dag.py:4180} INFO - Setting next_dagrun for dataset_consumes_1 to None, run_after=None
[2024-12-17T14:50:06.011+0000] {logging_mixin.py:190} INFO - [2024-12-17T14:50:06.011+0000] {dag.py:4180} INFO - Setting next_dagrun for dataset_consumes_1_and_2 to None, run_after=None
[2024-12-17T14:50:06.012+0000] {logging_mixin.py:190} INFO - [2024-12-17T14:50:06.012+0000] {dag.py:4180} INFO - Setting next_dagrun for dataset_consumes_1_never_scheduled to None, run_after=None
[2024-12-17T14:50:06.013+0000] {logging_mixin.py:190} INFO - [2024-12-17T14:50:06.013+0000] {dag.py:4180} INFO - Setting next_dagrun for dataset_consumes_unknown_never_scheduled to None, run_after=None
[2024-12-17T14:50:06.014+0000] {logging_mixin.py:190} INFO - [2024-12-17T14:50:06.014+0000] {dag.py:4180} INFO - Setting next_dagrun for dataset_produces_1 to 2024-12-16 00:00:00+00:00, run_after=2024-12-17 00:00:00+00:00
[2024-12-17T14:50:06.015+0000] {logging_mixin.py:190} INFO - [2024-12-17T14:50:06.015+0000] {dag.py:4180} INFO - Setting next_dagrun for dataset_produces_2 to None, run_after=None
[2024-12-17T14:50:06.035+0000] {processor.py:208} INFO - Processing /home/airflow/.local/lib/python3.12/site-packages/airflow/example_dags/example_datasets.py took 0.086 seconds
[2024-12-17T14:50:39.171+0000] {processor.py:186} INFO - Started process (PID=1077) to work on /home/airflow/.local/lib/python3.12/site-packages/airflow/example_dags/example_datasets.py
[2024-12-17T14:50:39.172+0000] {processor.py:914} INFO - Processing file /home/airflow/.local/lib/python3.12/site-packages/airflow/example_dags/example_datasets.py for tasks to queue
[2024-12-17T14:50:39.174+0000] {logging_mixin.py:190} INFO - [2024-12-17T14:50:39.173+0000] {dagbag.py:588} INFO - Filling up the DagBag from /home/airflow/.local/lib/python3.12/site-packages/airflow/example_dags/example_datasets.py
[2024-12-17T14:50:39.184+0000] {processor.py:925} INFO - DAG(s) 'conditional_dataset_and_time_based_timetable', 'dataset_consumes_1_and_2', 'dataset_consumes_unknown_never_scheduled', 'dataset_produces_1', 'consume_1_or_2_with_dataset_expressions', 'consume_1_or_both_2_and_3_with_dataset_expressions', 'dataset_consumes_1', 'dataset_produces_2', 'consume_1_and_2_with_dataset_expressions', 'dataset_consumes_1_never_scheduled' retrieved from /home/airflow/.local/lib/python3.12/site-packages/airflow/example_dags/example_datasets.py
[2024-12-17T14:50:39.212+0000] {logging_mixin.py:190} INFO - [2024-12-17T14:50:39.211+0000] {dag.py:3239} INFO - Sync 10 DAGs
[2024-12-17T14:50:39.230+0000] {logging_mixin.py:190} INFO - [2024-12-17T14:50:39.230+0000] {dag.py:4180} INFO - Setting next_dagrun for conditional_dataset_and_time_based_timetable to 2024-12-11 01:00:00+00:00, run_after=2024-12-11 01:00:00+00:00
[2024-12-17T14:50:39.233+0000] {logging_mixin.py:190} INFO - [2024-12-17T14:50:39.233+0000] {dag.py:4180} INFO - Setting next_dagrun for consume_1_and_2_with_dataset_expressions to None, run_after=None
[2024-12-17T14:50:39.234+0000] {logging_mixin.py:190} INFO - [2024-12-17T14:50:39.234+0000] {dag.py:4180} INFO - Setting next_dagrun for consume_1_or_2_with_dataset_expressions to None, run_after=None
[2024-12-17T14:50:39.235+0000] {logging_mixin.py:190} INFO - [2024-12-17T14:50:39.235+0000] {dag.py:4180} INFO - Setting next_dagrun for consume_1_or_both_2_and_3_with_dataset_expressions to None, run_after=None
[2024-12-17T14:50:39.235+0000] {logging_mixin.py:190} INFO - [2024-12-17T14:50:39.235+0000] {dag.py:4180} INFO - Setting next_dagrun for dataset_consumes_1 to None, run_after=None
[2024-12-17T14:50:39.236+0000] {logging_mixin.py:190} INFO - [2024-12-17T14:50:39.236+0000] {dag.py:4180} INFO - Setting next_dagrun for dataset_consumes_1_and_2 to None, run_after=None
[2024-12-17T14:50:39.237+0000] {logging_mixin.py:190} INFO - [2024-12-17T14:50:39.237+0000] {dag.py:4180} INFO - Setting next_dagrun for dataset_consumes_1_never_scheduled to None, run_after=None
[2024-12-17T14:50:39.238+0000] {logging_mixin.py:190} INFO - [2024-12-17T14:50:39.238+0000] {dag.py:4180} INFO - Setting next_dagrun for dataset_consumes_unknown_never_scheduled to None, run_after=None
[2024-12-17T14:50:39.240+0000] {logging_mixin.py:190} INFO - [2024-12-17T14:50:39.239+0000] {dag.py:4180} INFO - Setting next_dagrun for dataset_produces_1 to 2024-12-16 00:00:00+00:00, run_after=2024-12-17 00:00:00+00:00
[2024-12-17T14:50:39.240+0000] {logging_mixin.py:190} INFO - [2024-12-17T14:50:39.240+0000] {dag.py:4180} INFO - Setting next_dagrun for dataset_produces_2 to None, run_after=None
[2024-12-17T14:50:39.261+0000] {processor.py:208} INFO - Processing /home/airflow/.local/lib/python3.12/site-packages/airflow/example_dags/example_datasets.py took 0.093 seconds
[2024-12-17T14:51:10.280+0000] {processor.py:186} INFO - Started process (PID=1142) to work on /home/airflow/.local/lib/python3.12/site-packages/airflow/example_dags/example_datasets.py
[2024-12-17T14:51:10.281+0000] {processor.py:914} INFO - Processing file /home/airflow/.local/lib/python3.12/site-packages/airflow/example_dags/example_datasets.py for tasks to queue
[2024-12-17T14:51:10.283+0000] {logging_mixin.py:190} INFO - [2024-12-17T14:51:10.282+0000] {dagbag.py:588} INFO - Filling up the DagBag from /home/airflow/.local/lib/python3.12/site-packages/airflow/example_dags/example_datasets.py
[2024-12-17T14:51:10.294+0000] {processor.py:925} INFO - DAG(s) 'dataset_consumes_1', 'consume_1_or_both_2_and_3_with_dataset_expressions', 'dataset_consumes_1_never_scheduled', 'dataset_produces_2', 'consume_1_or_2_with_dataset_expressions', 'conditional_dataset_and_time_based_timetable', 'consume_1_and_2_with_dataset_expressions', 'dataset_produces_1', 'dataset_consumes_unknown_never_scheduled', 'dataset_consumes_1_and_2' retrieved from /home/airflow/.local/lib/python3.12/site-packages/airflow/example_dags/example_datasets.py
[2024-12-17T14:51:10.321+0000] {logging_mixin.py:190} INFO - [2024-12-17T14:51:10.321+0000] {dag.py:3239} INFO - Sync 10 DAGs
[2024-12-17T14:51:10.340+0000] {logging_mixin.py:190} INFO - [2024-12-17T14:51:10.340+0000] {dag.py:4180} INFO - Setting next_dagrun for conditional_dataset_and_time_based_timetable to 2024-12-11 01:00:00+00:00, run_after=2024-12-11 01:00:00+00:00
[2024-12-17T14:51:10.343+0000] {logging_mixin.py:190} INFO - [2024-12-17T14:51:10.343+0000] {dag.py:4180} INFO - Setting next_dagrun for consume_1_and_2_with_dataset_expressions to None, run_after=None
[2024-12-17T14:51:10.344+0000] {logging_mixin.py:190} INFO - [2024-12-17T14:51:10.344+0000] {dag.py:4180} INFO - Setting next_dagrun for consume_1_or_2_with_dataset_expressions to None, run_after=None
[2024-12-17T14:51:10.345+0000] {logging_mixin.py:190} INFO - [2024-12-17T14:51:10.345+0000] {dag.py:4180} INFO - Setting next_dagrun for consume_1_or_both_2_and_3_with_dataset_expressions to None, run_after=None
[2024-12-17T14:51:10.346+0000] {logging_mixin.py:190} INFO - [2024-12-17T14:51:10.346+0000] {dag.py:4180} INFO - Setting next_dagrun for dataset_consumes_1 to None, run_after=None
[2024-12-17T14:51:10.347+0000] {logging_mixin.py:190} INFO - [2024-12-17T14:51:10.347+0000] {dag.py:4180} INFO - Setting next_dagrun for dataset_consumes_1_and_2 to None, run_after=None
[2024-12-17T14:51:10.348+0000] {logging_mixin.py:190} INFO - [2024-12-17T14:51:10.347+0000] {dag.py:4180} INFO - Setting next_dagrun for dataset_consumes_1_never_scheduled to None, run_after=None
[2024-12-17T14:51:10.348+0000] {logging_mixin.py:190} INFO - [2024-12-17T14:51:10.348+0000] {dag.py:4180} INFO - Setting next_dagrun for dataset_consumes_unknown_never_scheduled to None, run_after=None
[2024-12-17T14:51:10.350+0000] {logging_mixin.py:190} INFO - [2024-12-17T14:51:10.350+0000] {dag.py:4180} INFO - Setting next_dagrun for dataset_produces_1 to 2024-12-16 00:00:00+00:00, run_after=2024-12-17 00:00:00+00:00
[2024-12-17T14:51:10.351+0000] {logging_mixin.py:190} INFO - [2024-12-17T14:51:10.351+0000] {dag.py:4180} INFO - Setting next_dagrun for dataset_produces_2 to None, run_after=None
[2024-12-17T14:51:10.374+0000] {processor.py:208} INFO - Processing /home/airflow/.local/lib/python3.12/site-packages/airflow/example_dags/example_datasets.py took 0.097 seconds
[2024-12-17T14:51:41.392+0000] {processor.py:186} INFO - Started process (PID=1207) to work on /home/airflow/.local/lib/python3.12/site-packages/airflow/example_dags/example_datasets.py
[2024-12-17T14:51:41.392+0000] {processor.py:914} INFO - Processing file /home/airflow/.local/lib/python3.12/site-packages/airflow/example_dags/example_datasets.py for tasks to queue
[2024-12-17T14:51:41.394+0000] {logging_mixin.py:190} INFO - [2024-12-17T14:51:41.394+0000] {dagbag.py:588} INFO - Filling up the DagBag from /home/airflow/.local/lib/python3.12/site-packages/airflow/example_dags/example_datasets.py
[2024-12-17T14:51:41.405+0000] {processor.py:925} INFO - DAG(s) 'consume_1_or_2_with_dataset_expressions', 'dataset_produces_2', 'dataset_consumes_1_never_scheduled', 'dataset_consumes_1', 'consume_1_and_2_with_dataset_expressions', 'conditional_dataset_and_time_based_timetable', 'dataset_consumes_unknown_never_scheduled', 'consume_1_or_both_2_and_3_with_dataset_expressions', 'dataset_produces_1', 'dataset_consumes_1_and_2' retrieved from /home/airflow/.local/lib/python3.12/site-packages/airflow/example_dags/example_datasets.py
[2024-12-17T14:51:41.438+0000] {logging_mixin.py:190} INFO - [2024-12-17T14:51:41.438+0000] {dag.py:3239} INFO - Sync 10 DAGs
[2024-12-17T14:51:41.458+0000] {logging_mixin.py:190} INFO - [2024-12-17T14:51:41.458+0000] {dag.py:4180} INFO - Setting next_dagrun for conditional_dataset_and_time_based_timetable to 2024-12-11 01:00:00+00:00, run_after=2024-12-11 01:00:00+00:00
[2024-12-17T14:51:41.462+0000] {logging_mixin.py:190} INFO - [2024-12-17T14:51:41.462+0000] {dag.py:4180} INFO - Setting next_dagrun for consume_1_and_2_with_dataset_expressions to None, run_after=None
[2024-12-17T14:51:41.463+0000] {logging_mixin.py:190} INFO - [2024-12-17T14:51:41.463+0000] {dag.py:4180} INFO - Setting next_dagrun for consume_1_or_2_with_dataset_expressions to None, run_after=None
[2024-12-17T14:51:41.464+0000] {logging_mixin.py:190} INFO - [2024-12-17T14:51:41.464+0000] {dag.py:4180} INFO - Setting next_dagrun for consume_1_or_both_2_and_3_with_dataset_expressions to None, run_after=None
[2024-12-17T14:51:41.464+0000] {logging_mixin.py:190} INFO - [2024-12-17T14:51:41.464+0000] {dag.py:4180} INFO - Setting next_dagrun for dataset_consumes_1 to None, run_after=None
[2024-12-17T14:51:41.465+0000] {logging_mixin.py:190} INFO - [2024-12-17T14:51:41.465+0000] {dag.py:4180} INFO - Setting next_dagrun for dataset_consumes_1_and_2 to None, run_after=None
[2024-12-17T14:51:41.466+0000] {logging_mixin.py:190} INFO - [2024-12-17T14:51:41.466+0000] {dag.py:4180} INFO - Setting next_dagrun for dataset_consumes_1_never_scheduled to None, run_after=None
[2024-12-17T14:51:41.468+0000] {logging_mixin.py:190} INFO - [2024-12-17T14:51:41.467+0000] {dag.py:4180} INFO - Setting next_dagrun for dataset_consumes_unknown_never_scheduled to None, run_after=None
[2024-12-17T14:51:41.469+0000] {logging_mixin.py:190} INFO - [2024-12-17T14:51:41.469+0000] {dag.py:4180} INFO - Setting next_dagrun for dataset_produces_1 to 2024-12-16 00:00:00+00:00, run_after=2024-12-17 00:00:00+00:00
[2024-12-17T14:51:41.470+0000] {logging_mixin.py:190} INFO - [2024-12-17T14:51:41.470+0000] {dag.py:4180} INFO - Setting next_dagrun for dataset_produces_2 to None, run_after=None
[2024-12-17T14:51:41.499+0000] {processor.py:208} INFO - Processing /home/airflow/.local/lib/python3.12/site-packages/airflow/example_dags/example_datasets.py took 0.111 seconds
[2024-12-17T14:52:12.293+0000] {processor.py:186} INFO - Started process (PID=1272) to work on /home/airflow/.local/lib/python3.12/site-packages/airflow/example_dags/example_datasets.py
[2024-12-17T14:52:12.294+0000] {processor.py:914} INFO - Processing file /home/airflow/.local/lib/python3.12/site-packages/airflow/example_dags/example_datasets.py for tasks to queue
[2024-12-17T14:52:12.296+0000] {logging_mixin.py:190} INFO - [2024-12-17T14:52:12.295+0000] {dagbag.py:588} INFO - Filling up the DagBag from /home/airflow/.local/lib/python3.12/site-packages/airflow/example_dags/example_datasets.py
[2024-12-17T14:52:12.312+0000] {processor.py:925} INFO - DAG(s) 'consume_1_or_2_with_dataset_expressions', 'conditional_dataset_and_time_based_timetable', 'consume_1_and_2_with_dataset_expressions', 'dataset_produces_1', 'dataset_consumes_1_and_2', 'dataset_produces_2', 'consume_1_or_both_2_and_3_with_dataset_expressions', 'dataset_consumes_1', 'dataset_consumes_unknown_never_scheduled', 'dataset_consumes_1_never_scheduled' retrieved from /home/airflow/.local/lib/python3.12/site-packages/airflow/example_dags/example_datasets.py
[2024-12-17T14:52:12.349+0000] {logging_mixin.py:190} INFO - [2024-12-17T14:52:12.349+0000] {dag.py:3239} INFO - Sync 10 DAGs
[2024-12-17T14:52:12.370+0000] {logging_mixin.py:190} INFO - [2024-12-17T14:52:12.370+0000] {dag.py:4180} INFO - Setting next_dagrun for conditional_dataset_and_time_based_timetable to 2024-12-11 01:00:00+00:00, run_after=2024-12-11 01:00:00+00:00
[2024-12-17T14:52:12.375+0000] {logging_mixin.py:190} INFO - [2024-12-17T14:52:12.374+0000] {dag.py:4180} INFO - Setting next_dagrun for consume_1_and_2_with_dataset_expressions to None, run_after=None
[2024-12-17T14:52:12.376+0000] {logging_mixin.py:190} INFO - [2024-12-17T14:52:12.376+0000] {dag.py:4180} INFO - Setting next_dagrun for consume_1_or_2_with_dataset_expressions to None, run_after=None
[2024-12-17T14:52:12.377+0000] {logging_mixin.py:190} INFO - [2024-12-17T14:52:12.377+0000] {dag.py:4180} INFO - Setting next_dagrun for consume_1_or_both_2_and_3_with_dataset_expressions to None, run_after=None
[2024-12-17T14:52:12.378+0000] {logging_mixin.py:190} INFO - [2024-12-17T14:52:12.378+0000] {dag.py:4180} INFO - Setting next_dagrun for dataset_consumes_1 to None, run_after=None
[2024-12-17T14:52:12.379+0000] {logging_mixin.py:190} INFO - [2024-12-17T14:52:12.379+0000] {dag.py:4180} INFO - Setting next_dagrun for dataset_consumes_1_and_2 to None, run_after=None
[2024-12-17T14:52:12.380+0000] {logging_mixin.py:190} INFO - [2024-12-17T14:52:12.380+0000] {dag.py:4180} INFO - Setting next_dagrun for dataset_consumes_1_never_scheduled to None, run_after=None
[2024-12-17T14:52:12.381+0000] {logging_mixin.py:190} INFO - [2024-12-17T14:52:12.381+0000] {dag.py:4180} INFO - Setting next_dagrun for dataset_consumes_unknown_never_scheduled to None, run_after=None
[2024-12-17T14:52:12.383+0000] {logging_mixin.py:190} INFO - [2024-12-17T14:52:12.383+0000] {dag.py:4180} INFO - Setting next_dagrun for dataset_produces_1 to 2024-12-16 00:00:00+00:00, run_after=2024-12-17 00:00:00+00:00
[2024-12-17T14:52:12.384+0000] {logging_mixin.py:190} INFO - [2024-12-17T14:52:12.384+0000] {dag.py:4180} INFO - Setting next_dagrun for dataset_produces_2 to None, run_after=None
[2024-12-17T14:52:12.409+0000] {processor.py:208} INFO - Processing /home/airflow/.local/lib/python3.12/site-packages/airflow/example_dags/example_datasets.py took 0.120 seconds
[2024-12-17T14:52:42.896+0000] {processor.py:186} INFO - Started process (PID=1337) to work on /home/airflow/.local/lib/python3.12/site-packages/airflow/example_dags/example_datasets.py
[2024-12-17T14:52:42.897+0000] {processor.py:914} INFO - Processing file /home/airflow/.local/lib/python3.12/site-packages/airflow/example_dags/example_datasets.py for tasks to queue
[2024-12-17T14:52:42.900+0000] {logging_mixin.py:190} INFO - [2024-12-17T14:52:42.899+0000] {dagbag.py:588} INFO - Filling up the DagBag from /home/airflow/.local/lib/python3.12/site-packages/airflow/example_dags/example_datasets.py
[2024-12-17T14:52:42.912+0000] {processor.py:925} INFO - DAG(s) 'dataset_consumes_1', 'dataset_consumes_1_and_2', 'consume_1_or_both_2_and_3_with_dataset_expressions', 'dataset_consumes_unknown_never_scheduled', 'consume_1_or_2_with_dataset_expressions', 'conditional_dataset_and_time_based_timetable', 'dataset_produces_2', 'dataset_produces_1', 'consume_1_and_2_with_dataset_expressions', 'dataset_consumes_1_never_scheduled' retrieved from /home/airflow/.local/lib/python3.12/site-packages/airflow/example_dags/example_datasets.py
[2024-12-17T14:52:42.943+0000] {logging_mixin.py:190} INFO - [2024-12-17T14:52:42.943+0000] {dag.py:3239} INFO - Sync 10 DAGs
[2024-12-17T14:52:42.964+0000] {logging_mixin.py:190} INFO - [2024-12-17T14:52:42.964+0000] {dag.py:4180} INFO - Setting next_dagrun for conditional_dataset_and_time_based_timetable to 2024-12-11 01:00:00+00:00, run_after=2024-12-11 01:00:00+00:00
[2024-12-17T14:52:42.968+0000] {logging_mixin.py:190} INFO - [2024-12-17T14:52:42.968+0000] {dag.py:4180} INFO - Setting next_dagrun for consume_1_and_2_with_dataset_expressions to None, run_after=None
[2024-12-17T14:52:42.969+0000] {logging_mixin.py:190} INFO - [2024-12-17T14:52:42.969+0000] {dag.py:4180} INFO - Setting next_dagrun for consume_1_or_2_with_dataset_expressions to None, run_after=None
[2024-12-17T14:52:42.970+0000] {logging_mixin.py:190} INFO - [2024-12-17T14:52:42.970+0000] {dag.py:4180} INFO - Setting next_dagrun for consume_1_or_both_2_and_3_with_dataset_expressions to None, run_after=None
[2024-12-17T14:52:42.971+0000] {logging_mixin.py:190} INFO - [2024-12-17T14:52:42.971+0000] {dag.py:4180} INFO - Setting next_dagrun for dataset_consumes_1 to None, run_after=None
[2024-12-17T14:52:42.972+0000] {logging_mixin.py:190} INFO - [2024-12-17T14:52:42.972+0000] {dag.py:4180} INFO - Setting next_dagrun for dataset_consumes_1_and_2 to None, run_after=None
[2024-12-17T14:52:42.973+0000] {logging_mixin.py:190} INFO - [2024-12-17T14:52:42.973+0000] {dag.py:4180} INFO - Setting next_dagrun for dataset_consumes_1_never_scheduled to None, run_after=None
[2024-12-17T14:52:42.974+0000] {logging_mixin.py:190} INFO - [2024-12-17T14:52:42.974+0000] {dag.py:4180} INFO - Setting next_dagrun for dataset_consumes_unknown_never_scheduled to None, run_after=None
[2024-12-17T14:52:42.975+0000] {logging_mixin.py:190} INFO - [2024-12-17T14:52:42.975+0000] {dag.py:4180} INFO - Setting next_dagrun for dataset_produces_1 to 2024-12-16 00:00:00+00:00, run_after=2024-12-17 00:00:00+00:00
[2024-12-17T14:52:42.976+0000] {logging_mixin.py:190} INFO - [2024-12-17T14:52:42.976+0000] {dag.py:4180} INFO - Setting next_dagrun for dataset_produces_2 to None, run_after=None
[2024-12-17T14:52:43.000+0000] {processor.py:208} INFO - Processing /home/airflow/.local/lib/python3.12/site-packages/airflow/example_dags/example_datasets.py took 0.107 seconds
[2024-12-17T14:53:13.607+0000] {processor.py:186} INFO - Started process (PID=1402) to work on /home/airflow/.local/lib/python3.12/site-packages/airflow/example_dags/example_datasets.py
[2024-12-17T14:53:13.607+0000] {processor.py:914} INFO - Processing file /home/airflow/.local/lib/python3.12/site-packages/airflow/example_dags/example_datasets.py for tasks to queue
[2024-12-17T14:53:13.609+0000] {logging_mixin.py:190} INFO - [2024-12-17T14:53:13.609+0000] {dagbag.py:588} INFO - Filling up the DagBag from /home/airflow/.local/lib/python3.12/site-packages/airflow/example_dags/example_datasets.py
[2024-12-17T14:53:13.620+0000] {processor.py:925} INFO - DAG(s) 'dataset_produces_1', 'consume_1_or_both_2_and_3_with_dataset_expressions', 'dataset_consumes_unknown_never_scheduled', 'dataset_consumes_1_never_scheduled', 'dataset_consumes_1', 'dataset_consumes_1_and_2', 'consume_1_or_2_with_dataset_expressions', 'consume_1_and_2_with_dataset_expressions', 'dataset_produces_2', 'conditional_dataset_and_time_based_timetable' retrieved from /home/airflow/.local/lib/python3.12/site-packages/airflow/example_dags/example_datasets.py
[2024-12-17T14:53:13.648+0000] {logging_mixin.py:190} INFO - [2024-12-17T14:53:13.647+0000] {dag.py:3239} INFO - Sync 10 DAGs
[2024-12-17T14:53:13.665+0000] {logging_mixin.py:190} INFO - [2024-12-17T14:53:13.664+0000] {dag.py:4180} INFO - Setting next_dagrun for conditional_dataset_and_time_based_timetable to 2024-12-11 01:00:00+00:00, run_after=2024-12-11 01:00:00+00:00
[2024-12-17T14:53:13.667+0000] {logging_mixin.py:190} INFO - [2024-12-17T14:53:13.667+0000] {dag.py:4180} INFO - Setting next_dagrun for consume_1_and_2_with_dataset_expressions to None, run_after=None
[2024-12-17T14:53:13.668+0000] {logging_mixin.py:190} INFO - [2024-12-17T14:53:13.668+0000] {dag.py:4180} INFO - Setting next_dagrun for consume_1_or_2_with_dataset_expressions to None, run_after=None
[2024-12-17T14:53:13.668+0000] {logging_mixin.py:190} INFO - [2024-12-17T14:53:13.668+0000] {dag.py:4180} INFO - Setting next_dagrun for consume_1_or_both_2_and_3_with_dataset_expressions to None, run_after=None
[2024-12-17T14:53:13.669+0000] {logging_mixin.py:190} INFO - [2024-12-17T14:53:13.669+0000] {dag.py:4180} INFO - Setting next_dagrun for dataset_consumes_1 to None, run_after=None
[2024-12-17T14:53:13.670+0000] {logging_mixin.py:190} INFO - [2024-12-17T14:53:13.670+0000] {dag.py:4180} INFO - Setting next_dagrun for dataset_consumes_1_and_2 to None, run_after=None
[2024-12-17T14:53:13.671+0000] {logging_mixin.py:190} INFO - [2024-12-17T14:53:13.671+0000] {dag.py:4180} INFO - Setting next_dagrun for dataset_consumes_1_never_scheduled to None, run_after=None
[2024-12-17T14:53:13.671+0000] {logging_mixin.py:190} INFO - [2024-12-17T14:53:13.671+0000] {dag.py:4180} INFO - Setting next_dagrun for dataset_consumes_unknown_never_scheduled to None, run_after=None
[2024-12-17T14:53:13.673+0000] {logging_mixin.py:190} INFO - [2024-12-17T14:53:13.673+0000] {dag.py:4180} INFO - Setting next_dagrun for dataset_produces_1 to 2024-12-16 00:00:00+00:00, run_after=2024-12-17 00:00:00+00:00
[2024-12-17T14:53:13.673+0000] {logging_mixin.py:190} INFO - [2024-12-17T14:53:13.673+0000] {dag.py:4180} INFO - Setting next_dagrun for dataset_produces_2 to None, run_after=None
[2024-12-17T14:53:13.693+0000] {processor.py:208} INFO - Processing /home/airflow/.local/lib/python3.12/site-packages/airflow/example_dags/example_datasets.py took 0.089 seconds
[2024-12-17T14:53:45.849+0000] {processor.py:186} INFO - Started process (PID=1467) to work on /home/airflow/.local/lib/python3.12/site-packages/airflow/example_dags/example_datasets.py
[2024-12-17T14:53:45.850+0000] {processor.py:914} INFO - Processing file /home/airflow/.local/lib/python3.12/site-packages/airflow/example_dags/example_datasets.py for tasks to queue
[2024-12-17T14:53:45.851+0000] {logging_mixin.py:190} INFO - [2024-12-17T14:53:45.851+0000] {dagbag.py:588} INFO - Filling up the DagBag from /home/airflow/.local/lib/python3.12/site-packages/airflow/example_dags/example_datasets.py
[2024-12-17T14:53:45.862+0000] {processor.py:925} INFO - DAG(s) 'dataset_consumes_unknown_never_scheduled', 'dataset_consumes_1_and_2', 'dataset_produces_2', 'dataset_consumes_1', 'consume_1_and_2_with_dataset_expressions', 'consume_1_or_both_2_and_3_with_dataset_expressions', 'consume_1_or_2_with_dataset_expressions', 'conditional_dataset_and_time_based_timetable', 'dataset_produces_1', 'dataset_consumes_1_never_scheduled' retrieved from /home/airflow/.local/lib/python3.12/site-packages/airflow/example_dags/example_datasets.py
[2024-12-17T14:53:45.889+0000] {logging_mixin.py:190} INFO - [2024-12-17T14:53:45.889+0000] {dag.py:3239} INFO - Sync 10 DAGs
[2024-12-17T14:53:45.907+0000] {logging_mixin.py:190} INFO - [2024-12-17T14:53:45.907+0000] {dag.py:4180} INFO - Setting next_dagrun for conditional_dataset_and_time_based_timetable to 2024-12-11 01:00:00+00:00, run_after=2024-12-11 01:00:00+00:00
[2024-12-17T14:53:45.910+0000] {logging_mixin.py:190} INFO - [2024-12-17T14:53:45.910+0000] {dag.py:4180} INFO - Setting next_dagrun for consume_1_and_2_with_dataset_expressions to None, run_after=None
[2024-12-17T14:53:45.911+0000] {logging_mixin.py:190} INFO - [2024-12-17T14:53:45.911+0000] {dag.py:4180} INFO - Setting next_dagrun for consume_1_or_2_with_dataset_expressions to None, run_after=None
[2024-12-17T14:53:45.912+0000] {logging_mixin.py:190} INFO - [2024-12-17T14:53:45.912+0000] {dag.py:4180} INFO - Setting next_dagrun for consume_1_or_both_2_and_3_with_dataset_expressions to None, run_after=None
[2024-12-17T14:53:45.913+0000] {logging_mixin.py:190} INFO - [2024-12-17T14:53:45.913+0000] {dag.py:4180} INFO - Setting next_dagrun for dataset_consumes_1 to None, run_after=None
[2024-12-17T14:53:45.914+0000] {logging_mixin.py:190} INFO - [2024-12-17T14:53:45.914+0000] {dag.py:4180} INFO - Setting next_dagrun for dataset_consumes_1_and_2 to None, run_after=None
[2024-12-17T14:53:45.915+0000] {logging_mixin.py:190} INFO - [2024-12-17T14:53:45.915+0000] {dag.py:4180} INFO - Setting next_dagrun for dataset_consumes_1_never_scheduled to None, run_after=None
[2024-12-17T14:53:45.916+0000] {logging_mixin.py:190} INFO - [2024-12-17T14:53:45.916+0000] {dag.py:4180} INFO - Setting next_dagrun for dataset_consumes_unknown_never_scheduled to None, run_after=None
[2024-12-17T14:53:45.917+0000] {logging_mixin.py:190} INFO - [2024-12-17T14:53:45.917+0000] {dag.py:4180} INFO - Setting next_dagrun for dataset_produces_1 to 2024-12-16 00:00:00+00:00, run_after=2024-12-17 00:00:00+00:00
[2024-12-17T14:53:45.918+0000] {logging_mixin.py:190} INFO - [2024-12-17T14:53:45.918+0000] {dag.py:4180} INFO - Setting next_dagrun for dataset_produces_2 to None, run_after=None
[2024-12-17T14:53:45.940+0000] {processor.py:208} INFO - Processing /home/airflow/.local/lib/python3.12/site-packages/airflow/example_dags/example_datasets.py took 0.093 seconds
[2024-12-17T14:54:19.311+0000] {processor.py:186} INFO - Started process (PID=1532) to work on /home/airflow/.local/lib/python3.12/site-packages/airflow/example_dags/example_datasets.py
[2024-12-17T14:54:19.312+0000] {processor.py:914} INFO - Processing file /home/airflow/.local/lib/python3.12/site-packages/airflow/example_dags/example_datasets.py for tasks to queue
[2024-12-17T14:54:19.313+0000] {logging_mixin.py:190} INFO - [2024-12-17T14:54:19.313+0000] {dagbag.py:588} INFO - Filling up the DagBag from /home/airflow/.local/lib/python3.12/site-packages/airflow/example_dags/example_datasets.py
[2024-12-17T14:54:19.323+0000] {processor.py:925} INFO - DAG(s) 'dataset_consumes_1', 'consume_1_and_2_with_dataset_expressions', 'consume_1_or_both_2_and_3_with_dataset_expressions', 'dataset_consumes_1_and_2', 'dataset_produces_2', 'dataset_consumes_unknown_never_scheduled', 'dataset_consumes_1_never_scheduled', 'conditional_dataset_and_time_based_timetable', 'consume_1_or_2_with_dataset_expressions', 'dataset_produces_1' retrieved from /home/airflow/.local/lib/python3.12/site-packages/airflow/example_dags/example_datasets.py
[2024-12-17T14:54:19.349+0000] {logging_mixin.py:190} INFO - [2024-12-17T14:54:19.348+0000] {dag.py:3239} INFO - Sync 10 DAGs
[2024-12-17T14:54:19.366+0000] {logging_mixin.py:190} INFO - [2024-12-17T14:54:19.366+0000] {dag.py:4180} INFO - Setting next_dagrun for conditional_dataset_and_time_based_timetable to 2024-12-11 01:00:00+00:00, run_after=2024-12-11 01:00:00+00:00
[2024-12-17T14:54:19.369+0000] {logging_mixin.py:190} INFO - [2024-12-17T14:54:19.369+0000] {dag.py:4180} INFO - Setting next_dagrun for consume_1_and_2_with_dataset_expressions to None, run_after=None
[2024-12-17T14:54:19.370+0000] {logging_mixin.py:190} INFO - [2024-12-17T14:54:19.370+0000] {dag.py:4180} INFO - Setting next_dagrun for consume_1_or_2_with_dataset_expressions to None, run_after=None
[2024-12-17T14:54:19.370+0000] {logging_mixin.py:190} INFO - [2024-12-17T14:54:19.370+0000] {dag.py:4180} INFO - Setting next_dagrun for consume_1_or_both_2_and_3_with_dataset_expressions to None, run_after=None
[2024-12-17T14:54:19.371+0000] {logging_mixin.py:190} INFO - [2024-12-17T14:54:19.371+0000] {dag.py:4180} INFO - Setting next_dagrun for dataset_consumes_1 to None, run_after=None
[2024-12-17T14:54:19.372+0000] {logging_mixin.py:190} INFO - [2024-12-17T14:54:19.372+0000] {dag.py:4180} INFO - Setting next_dagrun for dataset_consumes_1_and_2 to None, run_after=None
[2024-12-17T14:54:19.373+0000] {logging_mixin.py:190} INFO - [2024-12-17T14:54:19.373+0000] {dag.py:4180} INFO - Setting next_dagrun for dataset_consumes_1_never_scheduled to None, run_after=None
[2024-12-17T14:54:19.373+0000] {logging_mixin.py:190} INFO - [2024-12-17T14:54:19.373+0000] {dag.py:4180} INFO - Setting next_dagrun for dataset_consumes_unknown_never_scheduled to None, run_after=None
[2024-12-17T14:54:19.375+0000] {logging_mixin.py:190} INFO - [2024-12-17T14:54:19.375+0000] {dag.py:4180} INFO - Setting next_dagrun for dataset_produces_1 to 2024-12-16 00:00:00+00:00, run_after=2024-12-17 00:00:00+00:00
[2024-12-17T14:54:19.376+0000] {logging_mixin.py:190} INFO - [2024-12-17T14:54:19.376+0000] {dag.py:4180} INFO - Setting next_dagrun for dataset_produces_2 to None, run_after=None
[2024-12-17T14:54:19.396+0000] {processor.py:208} INFO - Processing /home/airflow/.local/lib/python3.12/site-packages/airflow/example_dags/example_datasets.py took 0.089 seconds
[2024-12-17T14:54:51.689+0000] {processor.py:186} INFO - Started process (PID=1597) to work on /home/airflow/.local/lib/python3.12/site-packages/airflow/example_dags/example_datasets.py
[2024-12-17T14:54:51.690+0000] {processor.py:914} INFO - Processing file /home/airflow/.local/lib/python3.12/site-packages/airflow/example_dags/example_datasets.py for tasks to queue
[2024-12-17T14:54:51.691+0000] {logging_mixin.py:190} INFO - [2024-12-17T14:54:51.691+0000] {dagbag.py:588} INFO - Filling up the DagBag from /home/airflow/.local/lib/python3.12/site-packages/airflow/example_dags/example_datasets.py
[2024-12-17T14:54:51.707+0000] {processor.py:925} INFO - DAG(s) 'conditional_dataset_and_time_based_timetable', 'dataset_consumes_1_and_2', 'dataset_produces_1', 'dataset_consumes_1_never_scheduled', 'dataset_consumes_unknown_never_scheduled', 'consume_1_and_2_with_dataset_expressions', 'consume_1_or_both_2_and_3_with_dataset_expressions', 'dataset_produces_2', 'consume_1_or_2_with_dataset_expressions', 'dataset_consumes_1' retrieved from /home/airflow/.local/lib/python3.12/site-packages/airflow/example_dags/example_datasets.py
[2024-12-17T14:54:51.735+0000] {logging_mixin.py:190} INFO - [2024-12-17T14:54:51.735+0000] {dag.py:3239} INFO - Sync 10 DAGs
[2024-12-17T14:54:51.753+0000] {logging_mixin.py:190} INFO - [2024-12-17T14:54:51.753+0000] {dag.py:4180} INFO - Setting next_dagrun for conditional_dataset_and_time_based_timetable to 2024-12-11 01:00:00+00:00, run_after=2024-12-11 01:00:00+00:00
[2024-12-17T14:54:51.756+0000] {logging_mixin.py:190} INFO - [2024-12-17T14:54:51.756+0000] {dag.py:4180} INFO - Setting next_dagrun for consume_1_and_2_with_dataset_expressions to None, run_after=None
[2024-12-17T14:54:51.757+0000] {logging_mixin.py:190} INFO - [2024-12-17T14:54:51.757+0000] {dag.py:4180} INFO - Setting next_dagrun for consume_1_or_2_with_dataset_expressions to None, run_after=None
[2024-12-17T14:54:51.758+0000] {logging_mixin.py:190} INFO - [2024-12-17T14:54:51.758+0000] {dag.py:4180} INFO - Setting next_dagrun for consume_1_or_both_2_and_3_with_dataset_expressions to None, run_after=None
[2024-12-17T14:54:51.759+0000] {logging_mixin.py:190} INFO - [2024-12-17T14:54:51.759+0000] {dag.py:4180} INFO - Setting next_dagrun for dataset_consumes_1 to None, run_after=None
[2024-12-17T14:54:51.760+0000] {logging_mixin.py:190} INFO - [2024-12-17T14:54:51.760+0000] {dag.py:4180} INFO - Setting next_dagrun for dataset_consumes_1_and_2 to None, run_after=None
[2024-12-17T14:54:51.761+0000] {logging_mixin.py:190} INFO - [2024-12-17T14:54:51.761+0000] {dag.py:4180} INFO - Setting next_dagrun for dataset_consumes_1_never_scheduled to None, run_after=None
[2024-12-17T14:54:51.762+0000] {logging_mixin.py:190} INFO - [2024-12-17T14:54:51.762+0000] {dag.py:4180} INFO - Setting next_dagrun for dataset_consumes_unknown_never_scheduled to None, run_after=None
[2024-12-17T14:54:51.763+0000] {logging_mixin.py:190} INFO - [2024-12-17T14:54:51.763+0000] {dag.py:4180} INFO - Setting next_dagrun for dataset_produces_1 to 2024-12-16 00:00:00+00:00, run_after=2024-12-17 00:00:00+00:00
[2024-12-17T14:54:51.764+0000] {logging_mixin.py:190} INFO - [2024-12-17T14:54:51.764+0000] {dag.py:4180} INFO - Setting next_dagrun for dataset_produces_2 to None, run_after=None
[2024-12-17T14:54:51.786+0000] {processor.py:208} INFO - Processing /home/airflow/.local/lib/python3.12/site-packages/airflow/example_dags/example_datasets.py took 0.101 seconds
[2024-12-17T14:55:24.251+0000] {processor.py:186} INFO - Started process (PID=1662) to work on /home/airflow/.local/lib/python3.12/site-packages/airflow/example_dags/example_datasets.py
[2024-12-17T14:55:24.252+0000] {processor.py:914} INFO - Processing file /home/airflow/.local/lib/python3.12/site-packages/airflow/example_dags/example_datasets.py for tasks to queue
[2024-12-17T14:55:24.253+0000] {logging_mixin.py:190} INFO - [2024-12-17T14:55:24.253+0000] {dagbag.py:588} INFO - Filling up the DagBag from /home/airflow/.local/lib/python3.12/site-packages/airflow/example_dags/example_datasets.py
[2024-12-17T14:55:24.264+0000] {processor.py:925} INFO - DAG(s) 'consume_1_or_both_2_and_3_with_dataset_expressions', 'conditional_dataset_and_time_based_timetable', 'dataset_produces_2', 'consume_1_or_2_with_dataset_expressions', 'consume_1_and_2_with_dataset_expressions', 'dataset_consumes_1_and_2', 'dataset_produces_1', 'dataset_consumes_1_never_scheduled', 'dataset_consumes_unknown_never_scheduled', 'dataset_consumes_1' retrieved from /home/airflow/.local/lib/python3.12/site-packages/airflow/example_dags/example_datasets.py
[2024-12-17T14:55:24.292+0000] {logging_mixin.py:190} INFO - [2024-12-17T14:55:24.292+0000] {dag.py:3239} INFO - Sync 10 DAGs
[2024-12-17T14:55:24.310+0000] {logging_mixin.py:190} INFO - [2024-12-17T14:55:24.310+0000] {dag.py:4180} INFO - Setting next_dagrun for conditional_dataset_and_time_based_timetable to 2024-12-11 01:00:00+00:00, run_after=2024-12-11 01:00:00+00:00
[2024-12-17T14:55:24.313+0000] {logging_mixin.py:190} INFO - [2024-12-17T14:55:24.313+0000] {dag.py:4180} INFO - Setting next_dagrun for consume_1_and_2_with_dataset_expressions to None, run_after=None
[2024-12-17T14:55:24.314+0000] {logging_mixin.py:190} INFO - [2024-12-17T14:55:24.314+0000] {dag.py:4180} INFO - Setting next_dagrun for consume_1_or_2_with_dataset_expressions to None, run_after=None
[2024-12-17T14:55:24.315+0000] {logging_mixin.py:190} INFO - [2024-12-17T14:55:24.315+0000] {dag.py:4180} INFO - Setting next_dagrun for consume_1_or_both_2_and_3_with_dataset_expressions to None, run_after=None
[2024-12-17T14:55:24.316+0000] {logging_mixin.py:190} INFO - [2024-12-17T14:55:24.316+0000] {dag.py:4180} INFO - Setting next_dagrun for dataset_consumes_1 to None, run_after=None
[2024-12-17T14:55:24.318+0000] {logging_mixin.py:190} INFO - [2024-12-17T14:55:24.318+0000] {dag.py:4180} INFO - Setting next_dagrun for dataset_consumes_1_and_2 to None, run_after=None
[2024-12-17T14:55:24.319+0000] {logging_mixin.py:190} INFO - [2024-12-17T14:55:24.318+0000] {dag.py:4180} INFO - Setting next_dagrun for dataset_consumes_1_never_scheduled to None, run_after=None
[2024-12-17T14:55:24.319+0000] {logging_mixin.py:190} INFO - [2024-12-17T14:55:24.319+0000] {dag.py:4180} INFO - Setting next_dagrun for dataset_consumes_unknown_never_scheduled to None, run_after=None
[2024-12-17T14:55:24.321+0000] {logging_mixin.py:190} INFO - [2024-12-17T14:55:24.321+0000] {dag.py:4180} INFO - Setting next_dagrun for dataset_produces_1 to 2024-12-16 00:00:00+00:00, run_after=2024-12-17 00:00:00+00:00
[2024-12-17T14:55:24.322+0000] {logging_mixin.py:190} INFO - [2024-12-17T14:55:24.322+0000] {dag.py:4180} INFO - Setting next_dagrun for dataset_produces_2 to None, run_after=None
[2024-12-17T14:55:24.344+0000] {processor.py:208} INFO - Processing /home/airflow/.local/lib/python3.12/site-packages/airflow/example_dags/example_datasets.py took 0.097 seconds
[2024-12-17T14:55:56.235+0000] {processor.py:186} INFO - Started process (PID=1727) to work on /home/airflow/.local/lib/python3.12/site-packages/airflow/example_dags/example_datasets.py
[2024-12-17T14:55:56.235+0000] {processor.py:914} INFO - Processing file /home/airflow/.local/lib/python3.12/site-packages/airflow/example_dags/example_datasets.py for tasks to queue
[2024-12-17T14:55:56.237+0000] {logging_mixin.py:190} INFO - [2024-12-17T14:55:56.237+0000] {dagbag.py:588} INFO - Filling up the DagBag from /home/airflow/.local/lib/python3.12/site-packages/airflow/example_dags/example_datasets.py
[2024-12-17T14:55:56.247+0000] {processor.py:925} INFO - DAG(s) 'conditional_dataset_and_time_based_timetable', 'consume_1_and_2_with_dataset_expressions', 'dataset_produces_1', 'consume_1_or_2_with_dataset_expressions', 'dataset_consumes_1_never_scheduled', 'dataset_consumes_1_and_2', 'dataset_consumes_1', 'dataset_consumes_unknown_never_scheduled', 'dataset_produces_2', 'consume_1_or_both_2_and_3_with_dataset_expressions' retrieved from /home/airflow/.local/lib/python3.12/site-packages/airflow/example_dags/example_datasets.py
[2024-12-17T14:55:56.276+0000] {logging_mixin.py:190} INFO - [2024-12-17T14:55:56.276+0000] {dag.py:3239} INFO - Sync 10 DAGs
[2024-12-17T14:55:56.295+0000] {logging_mixin.py:190} INFO - [2024-12-17T14:55:56.295+0000] {dag.py:4180} INFO - Setting next_dagrun for conditional_dataset_and_time_based_timetable to 2024-12-11 01:00:00+00:00, run_after=2024-12-11 01:00:00+00:00
[2024-12-17T14:55:56.298+0000] {logging_mixin.py:190} INFO - [2024-12-17T14:55:56.298+0000] {dag.py:4180} INFO - Setting next_dagrun for consume_1_and_2_with_dataset_expressions to None, run_after=None
[2024-12-17T14:55:56.299+0000] {logging_mixin.py:190} INFO - [2024-12-17T14:55:56.299+0000] {dag.py:4180} INFO - Setting next_dagrun for consume_1_or_2_with_dataset_expressions to None, run_after=None
[2024-12-17T14:55:56.300+0000] {logging_mixin.py:190} INFO - [2024-12-17T14:55:56.300+0000] {dag.py:4180} INFO - Setting next_dagrun for consume_1_or_both_2_and_3_with_dataset_expressions to None, run_after=None
[2024-12-17T14:55:56.301+0000] {logging_mixin.py:190} INFO - [2024-12-17T14:55:56.301+0000] {dag.py:4180} INFO - Setting next_dagrun for dataset_consumes_1 to None, run_after=None
[2024-12-17T14:55:56.303+0000] {logging_mixin.py:190} INFO - [2024-12-17T14:55:56.302+0000] {dag.py:4180} INFO - Setting next_dagrun for dataset_consumes_1_and_2 to None, run_after=None
[2024-12-17T14:55:56.303+0000] {logging_mixin.py:190} INFO - [2024-12-17T14:55:56.303+0000] {dag.py:4180} INFO - Setting next_dagrun for dataset_consumes_1_never_scheduled to None, run_after=None
[2024-12-17T14:55:56.304+0000] {logging_mixin.py:190} INFO - [2024-12-17T14:55:56.304+0000] {dag.py:4180} INFO - Setting next_dagrun for dataset_consumes_unknown_never_scheduled to None, run_after=None
[2024-12-17T14:55:56.306+0000] {logging_mixin.py:190} INFO - [2024-12-17T14:55:56.306+0000] {dag.py:4180} INFO - Setting next_dagrun for dataset_produces_1 to 2024-12-16 00:00:00+00:00, run_after=2024-12-17 00:00:00+00:00
[2024-12-17T14:55:56.307+0000] {logging_mixin.py:190} INFO - [2024-12-17T14:55:56.306+0000] {dag.py:4180} INFO - Setting next_dagrun for dataset_produces_2 to None, run_after=None
[2024-12-17T14:55:56.328+0000] {processor.py:208} INFO - Processing /home/airflow/.local/lib/python3.12/site-packages/airflow/example_dags/example_datasets.py took 0.098 seconds
[2024-12-17T14:56:26.804+0000] {processor.py:186} INFO - Started process (PID=1792) to work on /home/airflow/.local/lib/python3.12/site-packages/airflow/example_dags/example_datasets.py
[2024-12-17T14:56:26.805+0000] {processor.py:914} INFO - Processing file /home/airflow/.local/lib/python3.12/site-packages/airflow/example_dags/example_datasets.py for tasks to queue
[2024-12-17T14:56:26.806+0000] {logging_mixin.py:190} INFO - [2024-12-17T14:56:26.806+0000] {dagbag.py:588} INFO - Filling up the DagBag from /home/airflow/.local/lib/python3.12/site-packages/airflow/example_dags/example_datasets.py
[2024-12-17T14:56:26.817+0000] {processor.py:925} INFO - DAG(s) 'dataset_consumes_1_and_2', 'dataset_consumes_1_never_scheduled', 'dataset_produces_2', 'consume_1_or_2_with_dataset_expressions', 'conditional_dataset_and_time_based_timetable', 'dataset_consumes_unknown_never_scheduled', 'dataset_produces_1', 'consume_1_or_both_2_and_3_with_dataset_expressions', 'consume_1_and_2_with_dataset_expressions', 'dataset_consumes_1' retrieved from /home/airflow/.local/lib/python3.12/site-packages/airflow/example_dags/example_datasets.py
[2024-12-17T14:56:26.843+0000] {logging_mixin.py:190} INFO - [2024-12-17T14:56:26.842+0000] {dag.py:3239} INFO - Sync 10 DAGs
[2024-12-17T14:56:26.860+0000] {logging_mixin.py:190} INFO - [2024-12-17T14:56:26.860+0000] {dag.py:4180} INFO - Setting next_dagrun for conditional_dataset_and_time_based_timetable to 2024-12-11 01:00:00+00:00, run_after=2024-12-11 01:00:00+00:00
[2024-12-17T14:56:26.863+0000] {logging_mixin.py:190} INFO - [2024-12-17T14:56:26.863+0000] {dag.py:4180} INFO - Setting next_dagrun for consume_1_and_2_with_dataset_expressions to None, run_after=None
[2024-12-17T14:56:26.864+0000] {logging_mixin.py:190} INFO - [2024-12-17T14:56:26.864+0000] {dag.py:4180} INFO - Setting next_dagrun for consume_1_or_2_with_dataset_expressions to None, run_after=None
[2024-12-17T14:56:26.865+0000] {logging_mixin.py:190} INFO - [2024-12-17T14:56:26.865+0000] {dag.py:4180} INFO - Setting next_dagrun for consume_1_or_both_2_and_3_with_dataset_expressions to None, run_after=None
[2024-12-17T14:56:26.865+0000] {logging_mixin.py:190} INFO - [2024-12-17T14:56:26.865+0000] {dag.py:4180} INFO - Setting next_dagrun for dataset_consumes_1 to None, run_after=None
[2024-12-17T14:56:26.866+0000] {logging_mixin.py:190} INFO - [2024-12-17T14:56:26.866+0000] {dag.py:4180} INFO - Setting next_dagrun for dataset_consumes_1_and_2 to None, run_after=None
[2024-12-17T14:56:26.867+0000] {logging_mixin.py:190} INFO - [2024-12-17T14:56:26.867+0000] {dag.py:4180} INFO - Setting next_dagrun for dataset_consumes_1_never_scheduled to None, run_after=None
[2024-12-17T14:56:26.868+0000] {logging_mixin.py:190} INFO - [2024-12-17T14:56:26.868+0000] {dag.py:4180} INFO - Setting next_dagrun for dataset_consumes_unknown_never_scheduled to None, run_after=None
[2024-12-17T14:56:26.869+0000] {logging_mixin.py:190} INFO - [2024-12-17T14:56:26.869+0000] {dag.py:4180} INFO - Setting next_dagrun for dataset_produces_1 to 2024-12-16 00:00:00+00:00, run_after=2024-12-17 00:00:00+00:00
[2024-12-17T14:56:26.870+0000] {logging_mixin.py:190} INFO - [2024-12-17T14:56:26.870+0000] {dag.py:4180} INFO - Setting next_dagrun for dataset_produces_2 to None, run_after=None
[2024-12-17T14:56:26.891+0000] {processor.py:208} INFO - Processing /home/airflow/.local/lib/python3.12/site-packages/airflow/example_dags/example_datasets.py took 0.090 seconds
