[2024-12-17T14:43:00.066+0000] {processor.py:186} INFO - Started process (PID=95) to work on /home/airflow/.local/lib/python3.12/site-packages/airflow/example_dags/example_nested_branch_dag.py
[2024-12-17T14:43:00.066+0000] {processor.py:914} INFO - Processing file /home/airflow/.local/lib/python3.12/site-packages/airflow/example_dags/example_nested_branch_dag.py for tasks to queue
[2024-12-17T14:43:00.068+0000] {logging_mixin.py:190} INFO - [2024-12-17T14:43:00.068+0000] {dagbag.py:588} INFO - Filling up the DagBag from /home/airflow/.local/lib/python3.12/site-packages/airflow/example_dags/example_nested_branch_dag.py
[2024-12-17T14:43:00.076+0000] {processor.py:925} INFO - DAG(s) 'example_nested_branch_dag' retrieved from /home/airflow/.local/lib/python3.12/site-packages/airflow/example_dags/example_nested_branch_dag.py
[2024-12-17T14:43:00.091+0000] {logging_mixin.py:190} INFO - [2024-12-17T14:43:00.091+0000] {dag.py:3239} INFO - Sync 1 DAGs
[2024-12-17T14:43:00.111+0000] {logging_mixin.py:190} INFO - [2024-12-17T14:43:00.111+0000] {dag.py:4180} INFO - Setting next_dagrun for example_nested_branch_dag to 2024-12-16 00:00:00+00:00, run_after=2024-12-17 00:00:00+00:00
[2024-12-17T14:43:00.123+0000] {processor.py:208} INFO - Processing /home/airflow/.local/lib/python3.12/site-packages/airflow/example_dags/example_nested_branch_dag.py took 0.062 seconds
[2024-12-17T14:43:30.260+0000] {processor.py:186} INFO - Started process (PID=160) to work on /home/airflow/.local/lib/python3.12/site-packages/airflow/example_dags/example_nested_branch_dag.py
[2024-12-17T14:43:30.261+0000] {processor.py:914} INFO - Processing file /home/airflow/.local/lib/python3.12/site-packages/airflow/example_dags/example_nested_branch_dag.py for tasks to queue
[2024-12-17T14:43:30.263+0000] {logging_mixin.py:190} INFO - [2024-12-17T14:43:30.262+0000] {dagbag.py:588} INFO - Filling up the DagBag from /home/airflow/.local/lib/python3.12/site-packages/airflow/example_dags/example_nested_branch_dag.py
[2024-12-17T14:43:30.271+0000] {processor.py:925} INFO - DAG(s) 'example_nested_branch_dag' retrieved from /home/airflow/.local/lib/python3.12/site-packages/airflow/example_dags/example_nested_branch_dag.py
[2024-12-17T14:43:30.287+0000] {logging_mixin.py:190} INFO - [2024-12-17T14:43:30.287+0000] {dag.py:3239} INFO - Sync 1 DAGs
[2024-12-17T14:43:30.308+0000] {logging_mixin.py:190} INFO - [2024-12-17T14:43:30.307+0000] {dag.py:4180} INFO - Setting next_dagrun for example_nested_branch_dag to 2024-12-16 00:00:00+00:00, run_after=2024-12-17 00:00:00+00:00
[2024-12-17T14:43:30.324+0000] {processor.py:208} INFO - Processing /home/airflow/.local/lib/python3.12/site-packages/airflow/example_dags/example_nested_branch_dag.py took 0.070 seconds
[2024-12-17T14:44:00.715+0000] {processor.py:186} INFO - Started process (PID=225) to work on /home/airflow/.local/lib/python3.12/site-packages/airflow/example_dags/example_nested_branch_dag.py
[2024-12-17T14:44:00.715+0000] {processor.py:914} INFO - Processing file /home/airflow/.local/lib/python3.12/site-packages/airflow/example_dags/example_nested_branch_dag.py for tasks to queue
[2024-12-17T14:44:00.717+0000] {logging_mixin.py:190} INFO - [2024-12-17T14:44:00.717+0000] {dagbag.py:588} INFO - Filling up the DagBag from /home/airflow/.local/lib/python3.12/site-packages/airflow/example_dags/example_nested_branch_dag.py
[2024-12-17T14:44:00.725+0000] {processor.py:925} INFO - DAG(s) 'example_nested_branch_dag' retrieved from /home/airflow/.local/lib/python3.12/site-packages/airflow/example_dags/example_nested_branch_dag.py
[2024-12-17T14:44:00.740+0000] {logging_mixin.py:190} INFO - [2024-12-17T14:44:00.740+0000] {dag.py:3239} INFO - Sync 1 DAGs
[2024-12-17T14:44:00.756+0000] {logging_mixin.py:190} INFO - [2024-12-17T14:44:00.756+0000] {dag.py:4180} INFO - Setting next_dagrun for example_nested_branch_dag to 2024-12-16 00:00:00+00:00, run_after=2024-12-17 00:00:00+00:00
[2024-12-17T14:44:00.771+0000] {processor.py:208} INFO - Processing /home/airflow/.local/lib/python3.12/site-packages/airflow/example_dags/example_nested_branch_dag.py took 0.060 seconds
[2024-12-17T14:44:30.823+0000] {processor.py:186} INFO - Started process (PID=290) to work on /home/airflow/.local/lib/python3.12/site-packages/airflow/example_dags/example_nested_branch_dag.py
[2024-12-17T14:44:30.823+0000] {processor.py:914} INFO - Processing file /home/airflow/.local/lib/python3.12/site-packages/airflow/example_dags/example_nested_branch_dag.py for tasks to queue
[2024-12-17T14:44:30.825+0000] {logging_mixin.py:190} INFO - [2024-12-17T14:44:30.824+0000] {dagbag.py:588} INFO - Filling up the DagBag from /home/airflow/.local/lib/python3.12/site-packages/airflow/example_dags/example_nested_branch_dag.py
[2024-12-17T14:44:30.832+0000] {processor.py:925} INFO - DAG(s) 'example_nested_branch_dag' retrieved from /home/airflow/.local/lib/python3.12/site-packages/airflow/example_dags/example_nested_branch_dag.py
[2024-12-17T14:44:30.845+0000] {logging_mixin.py:190} INFO - [2024-12-17T14:44:30.845+0000] {dag.py:3239} INFO - Sync 1 DAGs
[2024-12-17T14:44:30.859+0000] {logging_mixin.py:190} INFO - [2024-12-17T14:44:30.859+0000] {dag.py:4180} INFO - Setting next_dagrun for example_nested_branch_dag to 2024-12-16 00:00:00+00:00, run_after=2024-12-17 00:00:00+00:00
[2024-12-17T14:44:30.871+0000] {processor.py:208} INFO - Processing /home/airflow/.local/lib/python3.12/site-packages/airflow/example_dags/example_nested_branch_dag.py took 0.052 seconds
[2024-12-17T14:45:01.085+0000] {processor.py:186} INFO - Started process (PID=355) to work on /home/airflow/.local/lib/python3.12/site-packages/airflow/example_dags/example_nested_branch_dag.py
[2024-12-17T14:45:01.085+0000] {processor.py:914} INFO - Processing file /home/airflow/.local/lib/python3.12/site-packages/airflow/example_dags/example_nested_branch_dag.py for tasks to queue
[2024-12-17T14:45:01.087+0000] {logging_mixin.py:190} INFO - [2024-12-17T14:45:01.087+0000] {dagbag.py:588} INFO - Filling up the DagBag from /home/airflow/.local/lib/python3.12/site-packages/airflow/example_dags/example_nested_branch_dag.py
[2024-12-17T14:45:01.094+0000] {processor.py:925} INFO - DAG(s) 'example_nested_branch_dag' retrieved from /home/airflow/.local/lib/python3.12/site-packages/airflow/example_dags/example_nested_branch_dag.py
[2024-12-17T14:45:01.108+0000] {logging_mixin.py:190} INFO - [2024-12-17T14:45:01.107+0000] {dag.py:3239} INFO - Sync 1 DAGs
[2024-12-17T14:45:01.122+0000] {logging_mixin.py:190} INFO - [2024-12-17T14:45:01.122+0000] {dag.py:4180} INFO - Setting next_dagrun for example_nested_branch_dag to 2024-12-16 00:00:00+00:00, run_after=2024-12-17 00:00:00+00:00
[2024-12-17T14:45:01.133+0000] {processor.py:208} INFO - Processing /home/airflow/.local/lib/python3.12/site-packages/airflow/example_dags/example_nested_branch_dag.py took 0.052 seconds
[2024-12-17T14:45:31.315+0000] {processor.py:186} INFO - Started process (PID=420) to work on /home/airflow/.local/lib/python3.12/site-packages/airflow/example_dags/example_nested_branch_dag.py
[2024-12-17T14:45:31.316+0000] {processor.py:914} INFO - Processing file /home/airflow/.local/lib/python3.12/site-packages/airflow/example_dags/example_nested_branch_dag.py for tasks to queue
[2024-12-17T14:45:31.317+0000] {logging_mixin.py:190} INFO - [2024-12-17T14:45:31.317+0000] {dagbag.py:588} INFO - Filling up the DagBag from /home/airflow/.local/lib/python3.12/site-packages/airflow/example_dags/example_nested_branch_dag.py
[2024-12-17T14:45:31.325+0000] {processor.py:925} INFO - DAG(s) 'example_nested_branch_dag' retrieved from /home/airflow/.local/lib/python3.12/site-packages/airflow/example_dags/example_nested_branch_dag.py
[2024-12-17T14:45:31.338+0000] {logging_mixin.py:190} INFO - [2024-12-17T14:45:31.338+0000] {dag.py:3239} INFO - Sync 1 DAGs
[2024-12-17T14:45:31.353+0000] {logging_mixin.py:190} INFO - [2024-12-17T14:45:31.353+0000] {dag.py:4180} INFO - Setting next_dagrun for example_nested_branch_dag to 2024-12-16 00:00:00+00:00, run_after=2024-12-17 00:00:00+00:00
[2024-12-17T14:45:31.364+0000] {processor.py:208} INFO - Processing /home/airflow/.local/lib/python3.12/site-packages/airflow/example_dags/example_nested_branch_dag.py took 0.052 seconds
[2024-12-17T14:46:01.596+0000] {processor.py:186} INFO - Started process (PID=485) to work on /home/airflow/.local/lib/python3.12/site-packages/airflow/example_dags/example_nested_branch_dag.py
[2024-12-17T14:46:01.597+0000] {processor.py:914} INFO - Processing file /home/airflow/.local/lib/python3.12/site-packages/airflow/example_dags/example_nested_branch_dag.py for tasks to queue
[2024-12-17T14:46:01.598+0000] {logging_mixin.py:190} INFO - [2024-12-17T14:46:01.598+0000] {dagbag.py:588} INFO - Filling up the DagBag from /home/airflow/.local/lib/python3.12/site-packages/airflow/example_dags/example_nested_branch_dag.py
[2024-12-17T14:46:01.607+0000] {processor.py:925} INFO - DAG(s) 'example_nested_branch_dag' retrieved from /home/airflow/.local/lib/python3.12/site-packages/airflow/example_dags/example_nested_branch_dag.py
[2024-12-17T14:46:01.622+0000] {logging_mixin.py:190} INFO - [2024-12-17T14:46:01.621+0000] {dag.py:3239} INFO - Sync 1 DAGs
[2024-12-17T14:46:01.640+0000] {logging_mixin.py:190} INFO - [2024-12-17T14:46:01.640+0000] {dag.py:4180} INFO - Setting next_dagrun for example_nested_branch_dag to 2024-12-16 00:00:00+00:00, run_after=2024-12-17 00:00:00+00:00
[2024-12-17T14:46:01.654+0000] {processor.py:208} INFO - Processing /home/airflow/.local/lib/python3.12/site-packages/airflow/example_dags/example_nested_branch_dag.py took 0.062 seconds
[2024-12-17T14:46:32.276+0000] {processor.py:186} INFO - Started process (PID=550) to work on /home/airflow/.local/lib/python3.12/site-packages/airflow/example_dags/example_nested_branch_dag.py
[2024-12-17T14:46:32.277+0000] {processor.py:914} INFO - Processing file /home/airflow/.local/lib/python3.12/site-packages/airflow/example_dags/example_nested_branch_dag.py for tasks to queue
[2024-12-17T14:46:32.279+0000] {logging_mixin.py:190} INFO - [2024-12-17T14:46:32.279+0000] {dagbag.py:588} INFO - Filling up the DagBag from /home/airflow/.local/lib/python3.12/site-packages/airflow/example_dags/example_nested_branch_dag.py
[2024-12-17T14:46:32.291+0000] {processor.py:925} INFO - DAG(s) 'example_nested_branch_dag' retrieved from /home/airflow/.local/lib/python3.12/site-packages/airflow/example_dags/example_nested_branch_dag.py
[2024-12-17T14:46:32.308+0000] {logging_mixin.py:190} INFO - [2024-12-17T14:46:32.307+0000] {dag.py:3239} INFO - Sync 1 DAGs
[2024-12-17T14:46:32.327+0000] {logging_mixin.py:190} INFO - [2024-12-17T14:46:32.326+0000] {dag.py:4180} INFO - Setting next_dagrun for example_nested_branch_dag to 2024-12-16 00:00:00+00:00, run_after=2024-12-17 00:00:00+00:00
[2024-12-17T14:46:32.341+0000] {processor.py:208} INFO - Processing /home/airflow/.local/lib/python3.12/site-packages/airflow/example_dags/example_nested_branch_dag.py took 0.071 seconds
[2024-12-17T14:47:02.607+0000] {processor.py:186} INFO - Started process (PID=615) to work on /home/airflow/.local/lib/python3.12/site-packages/airflow/example_dags/example_nested_branch_dag.py
[2024-12-17T14:47:02.608+0000] {processor.py:914} INFO - Processing file /home/airflow/.local/lib/python3.12/site-packages/airflow/example_dags/example_nested_branch_dag.py for tasks to queue
[2024-12-17T14:47:02.609+0000] {logging_mixin.py:190} INFO - [2024-12-17T14:47:02.609+0000] {dagbag.py:588} INFO - Filling up the DagBag from /home/airflow/.local/lib/python3.12/site-packages/airflow/example_dags/example_nested_branch_dag.py
[2024-12-17T14:47:02.617+0000] {processor.py:925} INFO - DAG(s) 'example_nested_branch_dag' retrieved from /home/airflow/.local/lib/python3.12/site-packages/airflow/example_dags/example_nested_branch_dag.py
[2024-12-17T14:47:02.631+0000] {logging_mixin.py:190} INFO - [2024-12-17T14:47:02.631+0000] {dag.py:3239} INFO - Sync 1 DAGs
[2024-12-17T14:47:02.647+0000] {logging_mixin.py:190} INFO - [2024-12-17T14:47:02.646+0000] {dag.py:4180} INFO - Setting next_dagrun for example_nested_branch_dag to 2024-12-16 00:00:00+00:00, run_after=2024-12-17 00:00:00+00:00
[2024-12-17T14:47:02.660+0000] {processor.py:208} INFO - Processing /home/airflow/.local/lib/python3.12/site-packages/airflow/example_dags/example_nested_branch_dag.py took 0.057 seconds
[2024-12-17T14:47:33.278+0000] {processor.py:186} INFO - Started process (PID=680) to work on /home/airflow/.local/lib/python3.12/site-packages/airflow/example_dags/example_nested_branch_dag.py
[2024-12-17T14:47:33.278+0000] {processor.py:914} INFO - Processing file /home/airflow/.local/lib/python3.12/site-packages/airflow/example_dags/example_nested_branch_dag.py for tasks to queue
[2024-12-17T14:47:33.280+0000] {logging_mixin.py:190} INFO - [2024-12-17T14:47:33.280+0000] {dagbag.py:588} INFO - Filling up the DagBag from /home/airflow/.local/lib/python3.12/site-packages/airflow/example_dags/example_nested_branch_dag.py
[2024-12-17T14:47:33.287+0000] {processor.py:925} INFO - DAG(s) 'example_nested_branch_dag' retrieved from /home/airflow/.local/lib/python3.12/site-packages/airflow/example_dags/example_nested_branch_dag.py
[2024-12-17T14:47:33.302+0000] {logging_mixin.py:190} INFO - [2024-12-17T14:47:33.302+0000] {dag.py:3239} INFO - Sync 1 DAGs
[2024-12-17T14:47:33.318+0000] {logging_mixin.py:190} INFO - [2024-12-17T14:47:33.318+0000] {dag.py:4180} INFO - Setting next_dagrun for example_nested_branch_dag to 2024-12-16 00:00:00+00:00, run_after=2024-12-17 00:00:00+00:00
[2024-12-17T14:47:33.332+0000] {processor.py:208} INFO - Processing /home/airflow/.local/lib/python3.12/site-packages/airflow/example_dags/example_nested_branch_dag.py took 0.058 seconds
[2024-12-17T14:48:03.885+0000] {processor.py:186} INFO - Started process (PID=745) to work on /home/airflow/.local/lib/python3.12/site-packages/airflow/example_dags/example_nested_branch_dag.py
[2024-12-17T14:48:03.886+0000] {processor.py:914} INFO - Processing file /home/airflow/.local/lib/python3.12/site-packages/airflow/example_dags/example_nested_branch_dag.py for tasks to queue
[2024-12-17T14:48:03.887+0000] {logging_mixin.py:190} INFO - [2024-12-17T14:48:03.887+0000] {dagbag.py:588} INFO - Filling up the DagBag from /home/airflow/.local/lib/python3.12/site-packages/airflow/example_dags/example_nested_branch_dag.py
[2024-12-17T14:48:03.895+0000] {processor.py:925} INFO - DAG(s) 'example_nested_branch_dag' retrieved from /home/airflow/.local/lib/python3.12/site-packages/airflow/example_dags/example_nested_branch_dag.py
[2024-12-17T14:48:03.910+0000] {logging_mixin.py:190} INFO - [2024-12-17T14:48:03.910+0000] {dag.py:3239} INFO - Sync 1 DAGs
[2024-12-17T14:48:03.927+0000] {logging_mixin.py:190} INFO - [2024-12-17T14:48:03.927+0000] {dag.py:4180} INFO - Setting next_dagrun for example_nested_branch_dag to 2024-12-16 00:00:00+00:00, run_after=2024-12-17 00:00:00+00:00
[2024-12-17T14:48:03.940+0000] {processor.py:208} INFO - Processing /home/airflow/.local/lib/python3.12/site-packages/airflow/example_dags/example_nested_branch_dag.py took 0.059 seconds
[2024-12-17T14:48:34.031+0000] {processor.py:186} INFO - Started process (PID=810) to work on /home/airflow/.local/lib/python3.12/site-packages/airflow/example_dags/example_nested_branch_dag.py
[2024-12-17T14:48:34.032+0000] {processor.py:914} INFO - Processing file /home/airflow/.local/lib/python3.12/site-packages/airflow/example_dags/example_nested_branch_dag.py for tasks to queue
[2024-12-17T14:48:34.034+0000] {logging_mixin.py:190} INFO - [2024-12-17T14:48:34.033+0000] {dagbag.py:588} INFO - Filling up the DagBag from /home/airflow/.local/lib/python3.12/site-packages/airflow/example_dags/example_nested_branch_dag.py
[2024-12-17T14:48:34.041+0000] {processor.py:925} INFO - DAG(s) 'example_nested_branch_dag' retrieved from /home/airflow/.local/lib/python3.12/site-packages/airflow/example_dags/example_nested_branch_dag.py
[2024-12-17T14:48:34.055+0000] {logging_mixin.py:190} INFO - [2024-12-17T14:48:34.055+0000] {dag.py:3239} INFO - Sync 1 DAGs
[2024-12-17T14:48:34.070+0000] {logging_mixin.py:190} INFO - [2024-12-17T14:48:34.070+0000] {dag.py:4180} INFO - Setting next_dagrun for example_nested_branch_dag to 2024-12-16 00:00:00+00:00, run_after=2024-12-17 00:00:00+00:00
[2024-12-17T14:48:34.081+0000] {processor.py:208} INFO - Processing /home/airflow/.local/lib/python3.12/site-packages/airflow/example_dags/example_nested_branch_dag.py took 0.054 seconds
[2024-12-17T14:49:04.347+0000] {processor.py:186} INFO - Started process (PID=875) to work on /home/airflow/.local/lib/python3.12/site-packages/airflow/example_dags/example_nested_branch_dag.py
[2024-12-17T14:49:04.347+0000] {processor.py:914} INFO - Processing file /home/airflow/.local/lib/python3.12/site-packages/airflow/example_dags/example_nested_branch_dag.py for tasks to queue
[2024-12-17T14:49:04.349+0000] {logging_mixin.py:190} INFO - [2024-12-17T14:49:04.349+0000] {dagbag.py:588} INFO - Filling up the DagBag from /home/airflow/.local/lib/python3.12/site-packages/airflow/example_dags/example_nested_branch_dag.py
[2024-12-17T14:49:04.356+0000] {processor.py:925} INFO - DAG(s) 'example_nested_branch_dag' retrieved from /home/airflow/.local/lib/python3.12/site-packages/airflow/example_dags/example_nested_branch_dag.py
[2024-12-17T14:49:04.368+0000] {logging_mixin.py:190} INFO - [2024-12-17T14:49:04.368+0000] {dag.py:3239} INFO - Sync 1 DAGs
[2024-12-17T14:49:04.383+0000] {logging_mixin.py:190} INFO - [2024-12-17T14:49:04.383+0000] {dag.py:4180} INFO - Setting next_dagrun for example_nested_branch_dag to 2024-12-16 00:00:00+00:00, run_after=2024-12-17 00:00:00+00:00
[2024-12-17T14:49:04.394+0000] {processor.py:208} INFO - Processing /home/airflow/.local/lib/python3.12/site-packages/airflow/example_dags/example_nested_branch_dag.py took 0.051 seconds
[2024-12-17T14:49:34.461+0000] {processor.py:186} INFO - Started process (PID=940) to work on /home/airflow/.local/lib/python3.12/site-packages/airflow/example_dags/example_nested_branch_dag.py
[2024-12-17T14:49:34.461+0000] {processor.py:914} INFO - Processing file /home/airflow/.local/lib/python3.12/site-packages/airflow/example_dags/example_nested_branch_dag.py for tasks to queue
[2024-12-17T14:49:34.463+0000] {logging_mixin.py:190} INFO - [2024-12-17T14:49:34.463+0000] {dagbag.py:588} INFO - Filling up the DagBag from /home/airflow/.local/lib/python3.12/site-packages/airflow/example_dags/example_nested_branch_dag.py
[2024-12-17T14:49:34.470+0000] {processor.py:925} INFO - DAG(s) 'example_nested_branch_dag' retrieved from /home/airflow/.local/lib/python3.12/site-packages/airflow/example_dags/example_nested_branch_dag.py
[2024-12-17T14:49:34.482+0000] {logging_mixin.py:190} INFO - [2024-12-17T14:49:34.482+0000] {dag.py:3239} INFO - Sync 1 DAGs
[2024-12-17T14:49:34.496+0000] {logging_mixin.py:190} INFO - [2024-12-17T14:49:34.496+0000] {dag.py:4180} INFO - Setting next_dagrun for example_nested_branch_dag to 2024-12-16 00:00:00+00:00, run_after=2024-12-17 00:00:00+00:00
[2024-12-17T14:49:34.508+0000] {processor.py:208} INFO - Processing /home/airflow/.local/lib/python3.12/site-packages/airflow/example_dags/example_nested_branch_dag.py took 0.051 seconds
[2024-12-17T14:50:05.654+0000] {processor.py:186} INFO - Started process (PID=1005) to work on /home/airflow/.local/lib/python3.12/site-packages/airflow/example_dags/example_nested_branch_dag.py
[2024-12-17T14:50:05.655+0000] {processor.py:914} INFO - Processing file /home/airflow/.local/lib/python3.12/site-packages/airflow/example_dags/example_nested_branch_dag.py for tasks to queue
[2024-12-17T14:50:05.657+0000] {logging_mixin.py:190} INFO - [2024-12-17T14:50:05.656+0000] {dagbag.py:588} INFO - Filling up the DagBag from /home/airflow/.local/lib/python3.12/site-packages/airflow/example_dags/example_nested_branch_dag.py
[2024-12-17T14:50:05.663+0000] {processor.py:925} INFO - DAG(s) 'example_nested_branch_dag' retrieved from /home/airflow/.local/lib/python3.12/site-packages/airflow/example_dags/example_nested_branch_dag.py
[2024-12-17T14:50:05.676+0000] {logging_mixin.py:190} INFO - [2024-12-17T14:50:05.676+0000] {dag.py:3239} INFO - Sync 1 DAGs
[2024-12-17T14:50:05.691+0000] {logging_mixin.py:190} INFO - [2024-12-17T14:50:05.691+0000] {dag.py:4180} INFO - Setting next_dagrun for example_nested_branch_dag to 2024-12-16 00:00:00+00:00, run_after=2024-12-17 00:00:00+00:00
[2024-12-17T14:50:05.702+0000] {processor.py:208} INFO - Processing /home/airflow/.local/lib/python3.12/site-packages/airflow/example_dags/example_nested_branch_dag.py took 0.051 seconds
[2024-12-17T14:50:38.897+0000] {processor.py:186} INFO - Started process (PID=1070) to work on /home/airflow/.local/lib/python3.12/site-packages/airflow/example_dags/example_nested_branch_dag.py
[2024-12-17T14:50:38.898+0000] {processor.py:914} INFO - Processing file /home/airflow/.local/lib/python3.12/site-packages/airflow/example_dags/example_nested_branch_dag.py for tasks to queue
[2024-12-17T14:50:38.900+0000] {logging_mixin.py:190} INFO - [2024-12-17T14:50:38.899+0000] {dagbag.py:588} INFO - Filling up the DagBag from /home/airflow/.local/lib/python3.12/site-packages/airflow/example_dags/example_nested_branch_dag.py
[2024-12-17T14:50:38.907+0000] {processor.py:925} INFO - DAG(s) 'example_nested_branch_dag' retrieved from /home/airflow/.local/lib/python3.12/site-packages/airflow/example_dags/example_nested_branch_dag.py
[2024-12-17T14:50:38.923+0000] {logging_mixin.py:190} INFO - [2024-12-17T14:50:38.923+0000] {dag.py:3239} INFO - Sync 1 DAGs
[2024-12-17T14:50:38.940+0000] {logging_mixin.py:190} INFO - [2024-12-17T14:50:38.939+0000] {dag.py:4180} INFO - Setting next_dagrun for example_nested_branch_dag to 2024-12-16 00:00:00+00:00, run_after=2024-12-17 00:00:00+00:00
[2024-12-17T14:50:38.952+0000] {processor.py:208} INFO - Processing /home/airflow/.local/lib/python3.12/site-packages/airflow/example_dags/example_nested_branch_dag.py took 0.058 seconds
[2024-12-17T14:51:09.935+0000] {processor.py:186} INFO - Started process (PID=1135) to work on /home/airflow/.local/lib/python3.12/site-packages/airflow/example_dags/example_nested_branch_dag.py
[2024-12-17T14:51:09.936+0000] {processor.py:914} INFO - Processing file /home/airflow/.local/lib/python3.12/site-packages/airflow/example_dags/example_nested_branch_dag.py for tasks to queue
[2024-12-17T14:51:09.939+0000] {logging_mixin.py:190} INFO - [2024-12-17T14:51:09.939+0000] {dagbag.py:588} INFO - Filling up the DagBag from /home/airflow/.local/lib/python3.12/site-packages/airflow/example_dags/example_nested_branch_dag.py
[2024-12-17T14:51:09.951+0000] {processor.py:925} INFO - DAG(s) 'example_nested_branch_dag' retrieved from /home/airflow/.local/lib/python3.12/site-packages/airflow/example_dags/example_nested_branch_dag.py
[2024-12-17T14:51:09.979+0000] {logging_mixin.py:190} INFO - [2024-12-17T14:51:09.979+0000] {dag.py:3239} INFO - Sync 1 DAGs
[2024-12-17T14:51:09.999+0000] {logging_mixin.py:190} INFO - [2024-12-17T14:51:09.999+0000] {dag.py:4180} INFO - Setting next_dagrun for example_nested_branch_dag to 2024-12-16 00:00:00+00:00, run_after=2024-12-17 00:00:00+00:00
[2024-12-17T14:51:10.011+0000] {processor.py:208} INFO - Processing /home/airflow/.local/lib/python3.12/site-packages/airflow/example_dags/example_nested_branch_dag.py took 0.083 seconds
[2024-12-17T14:51:41.044+0000] {processor.py:186} INFO - Started process (PID=1200) to work on /home/airflow/.local/lib/python3.12/site-packages/airflow/example_dags/example_nested_branch_dag.py
[2024-12-17T14:51:41.045+0000] {processor.py:914} INFO - Processing file /home/airflow/.local/lib/python3.12/site-packages/airflow/example_dags/example_nested_branch_dag.py for tasks to queue
[2024-12-17T14:51:41.046+0000] {logging_mixin.py:190} INFO - [2024-12-17T14:51:41.046+0000] {dagbag.py:588} INFO - Filling up the DagBag from /home/airflow/.local/lib/python3.12/site-packages/airflow/example_dags/example_nested_branch_dag.py
[2024-12-17T14:51:41.057+0000] {processor.py:925} INFO - DAG(s) 'example_nested_branch_dag' retrieved from /home/airflow/.local/lib/python3.12/site-packages/airflow/example_dags/example_nested_branch_dag.py
[2024-12-17T14:51:41.072+0000] {logging_mixin.py:190} INFO - [2024-12-17T14:51:41.071+0000] {dag.py:3239} INFO - Sync 1 DAGs
[2024-12-17T14:51:41.092+0000] {logging_mixin.py:190} INFO - [2024-12-17T14:51:41.092+0000] {dag.py:4180} INFO - Setting next_dagrun for example_nested_branch_dag to 2024-12-16 00:00:00+00:00, run_after=2024-12-17 00:00:00+00:00
[2024-12-17T14:51:41.108+0000] {processor.py:208} INFO - Processing /home/airflow/.local/lib/python3.12/site-packages/airflow/example_dags/example_nested_branch_dag.py took 0.068 seconds
[2024-12-17T14:52:11.890+0000] {processor.py:186} INFO - Started process (PID=1265) to work on /home/airflow/.local/lib/python3.12/site-packages/airflow/example_dags/example_nested_branch_dag.py
[2024-12-17T14:52:11.891+0000] {processor.py:914} INFO - Processing file /home/airflow/.local/lib/python3.12/site-packages/airflow/example_dags/example_nested_branch_dag.py for tasks to queue
[2024-12-17T14:52:11.893+0000] {logging_mixin.py:190} INFO - [2024-12-17T14:52:11.893+0000] {dagbag.py:588} INFO - Filling up the DagBag from /home/airflow/.local/lib/python3.12/site-packages/airflow/example_dags/example_nested_branch_dag.py
[2024-12-17T14:52:11.902+0000] {processor.py:925} INFO - DAG(s) 'example_nested_branch_dag' retrieved from /home/airflow/.local/lib/python3.12/site-packages/airflow/example_dags/example_nested_branch_dag.py
[2024-12-17T14:52:11.920+0000] {logging_mixin.py:190} INFO - [2024-12-17T14:52:11.920+0000] {dag.py:3239} INFO - Sync 1 DAGs
[2024-12-17T14:52:11.939+0000] {logging_mixin.py:190} INFO - [2024-12-17T14:52:11.939+0000] {dag.py:4180} INFO - Setting next_dagrun for example_nested_branch_dag to 2024-12-16 00:00:00+00:00, run_after=2024-12-17 00:00:00+00:00
[2024-12-17T14:52:11.957+0000] {processor.py:208} INFO - Processing /home/airflow/.local/lib/python3.12/site-packages/airflow/example_dags/example_nested_branch_dag.py took 0.071 seconds
[2024-12-17T14:52:42.580+0000] {processor.py:186} INFO - Started process (PID=1330) to work on /home/airflow/.local/lib/python3.12/site-packages/airflow/example_dags/example_nested_branch_dag.py
[2024-12-17T14:52:42.582+0000] {processor.py:914} INFO - Processing file /home/airflow/.local/lib/python3.12/site-packages/airflow/example_dags/example_nested_branch_dag.py for tasks to queue
[2024-12-17T14:52:42.583+0000] {logging_mixin.py:190} INFO - [2024-12-17T14:52:42.583+0000] {dagbag.py:588} INFO - Filling up the DagBag from /home/airflow/.local/lib/python3.12/site-packages/airflow/example_dags/example_nested_branch_dag.py
[2024-12-17T14:52:42.592+0000] {processor.py:925} INFO - DAG(s) 'example_nested_branch_dag' retrieved from /home/airflow/.local/lib/python3.12/site-packages/airflow/example_dags/example_nested_branch_dag.py
[2024-12-17T14:52:42.608+0000] {logging_mixin.py:190} INFO - [2024-12-17T14:52:42.608+0000] {dag.py:3239} INFO - Sync 1 DAGs
[2024-12-17T14:52:42.628+0000] {logging_mixin.py:190} INFO - [2024-12-17T14:52:42.627+0000] {dag.py:4180} INFO - Setting next_dagrun for example_nested_branch_dag to 2024-12-16 00:00:00+00:00, run_after=2024-12-17 00:00:00+00:00
[2024-12-17T14:52:42.642+0000] {processor.py:208} INFO - Processing /home/airflow/.local/lib/python3.12/site-packages/airflow/example_dags/example_nested_branch_dag.py took 0.066 seconds
[2024-12-17T14:53:13.358+0000] {processor.py:186} INFO - Started process (PID=1395) to work on /home/airflow/.local/lib/python3.12/site-packages/airflow/example_dags/example_nested_branch_dag.py
[2024-12-17T14:53:13.359+0000] {processor.py:914} INFO - Processing file /home/airflow/.local/lib/python3.12/site-packages/airflow/example_dags/example_nested_branch_dag.py for tasks to queue
[2024-12-17T14:53:13.360+0000] {logging_mixin.py:190} INFO - [2024-12-17T14:53:13.360+0000] {dagbag.py:588} INFO - Filling up the DagBag from /home/airflow/.local/lib/python3.12/site-packages/airflow/example_dags/example_nested_branch_dag.py
[2024-12-17T14:53:13.368+0000] {processor.py:925} INFO - DAG(s) 'example_nested_branch_dag' retrieved from /home/airflow/.local/lib/python3.12/site-packages/airflow/example_dags/example_nested_branch_dag.py
[2024-12-17T14:53:13.382+0000] {logging_mixin.py:190} INFO - [2024-12-17T14:53:13.382+0000] {dag.py:3239} INFO - Sync 1 DAGs
[2024-12-17T14:53:13.398+0000] {logging_mixin.py:190} INFO - [2024-12-17T14:53:13.398+0000] {dag.py:4180} INFO - Setting next_dagrun for example_nested_branch_dag to 2024-12-16 00:00:00+00:00, run_after=2024-12-17 00:00:00+00:00
[2024-12-17T14:53:13.409+0000] {processor.py:208} INFO - Processing /home/airflow/.local/lib/python3.12/site-packages/airflow/example_dags/example_nested_branch_dag.py took 0.055 seconds
[2024-12-17T14:53:45.533+0000] {processor.py:186} INFO - Started process (PID=1460) to work on /home/airflow/.local/lib/python3.12/site-packages/airflow/example_dags/example_nested_branch_dag.py
[2024-12-17T14:53:45.534+0000] {processor.py:914} INFO - Processing file /home/airflow/.local/lib/python3.12/site-packages/airflow/example_dags/example_nested_branch_dag.py for tasks to queue
[2024-12-17T14:53:45.535+0000] {logging_mixin.py:190} INFO - [2024-12-17T14:53:45.535+0000] {dagbag.py:588} INFO - Filling up the DagBag from /home/airflow/.local/lib/python3.12/site-packages/airflow/example_dags/example_nested_branch_dag.py
[2024-12-17T14:53:45.542+0000] {processor.py:925} INFO - DAG(s) 'example_nested_branch_dag' retrieved from /home/airflow/.local/lib/python3.12/site-packages/airflow/example_dags/example_nested_branch_dag.py
[2024-12-17T14:53:45.558+0000] {logging_mixin.py:190} INFO - [2024-12-17T14:53:45.558+0000] {dag.py:3239} INFO - Sync 1 DAGs
[2024-12-17T14:53:45.578+0000] {logging_mixin.py:190} INFO - [2024-12-17T14:53:45.578+0000] {dag.py:4180} INFO - Setting next_dagrun for example_nested_branch_dag to 2024-12-16 00:00:00+00:00, run_after=2024-12-17 00:00:00+00:00
[2024-12-17T14:53:45.592+0000] {processor.py:208} INFO - Processing /home/airflow/.local/lib/python3.12/site-packages/airflow/example_dags/example_nested_branch_dag.py took 0.063 seconds
[2024-12-17T14:54:19.018+0000] {processor.py:186} INFO - Started process (PID=1525) to work on /home/airflow/.local/lib/python3.12/site-packages/airflow/example_dags/example_nested_branch_dag.py
[2024-12-17T14:54:19.019+0000] {processor.py:914} INFO - Processing file /home/airflow/.local/lib/python3.12/site-packages/airflow/example_dags/example_nested_branch_dag.py for tasks to queue
[2024-12-17T14:54:19.020+0000] {logging_mixin.py:190} INFO - [2024-12-17T14:54:19.020+0000] {dagbag.py:588} INFO - Filling up the DagBag from /home/airflow/.local/lib/python3.12/site-packages/airflow/example_dags/example_nested_branch_dag.py
[2024-12-17T14:54:19.027+0000] {processor.py:925} INFO - DAG(s) 'example_nested_branch_dag' retrieved from /home/airflow/.local/lib/python3.12/site-packages/airflow/example_dags/example_nested_branch_dag.py
[2024-12-17T14:54:19.040+0000] {logging_mixin.py:190} INFO - [2024-12-17T14:54:19.039+0000] {dag.py:3239} INFO - Sync 1 DAGs
[2024-12-17T14:54:19.055+0000] {logging_mixin.py:190} INFO - [2024-12-17T14:54:19.054+0000] {dag.py:4180} INFO - Setting next_dagrun for example_nested_branch_dag to 2024-12-16 00:00:00+00:00, run_after=2024-12-17 00:00:00+00:00
[2024-12-17T14:54:19.067+0000] {processor.py:208} INFO - Processing /home/airflow/.local/lib/python3.12/site-packages/airflow/example_dags/example_nested_branch_dag.py took 0.052 seconds
[2024-12-17T14:54:51.395+0000] {processor.py:186} INFO - Started process (PID=1590) to work on /home/airflow/.local/lib/python3.12/site-packages/airflow/example_dags/example_nested_branch_dag.py
[2024-12-17T14:54:51.396+0000] {processor.py:914} INFO - Processing file /home/airflow/.local/lib/python3.12/site-packages/airflow/example_dags/example_nested_branch_dag.py for tasks to queue
[2024-12-17T14:54:51.397+0000] {logging_mixin.py:190} INFO - [2024-12-17T14:54:51.397+0000] {dagbag.py:588} INFO - Filling up the DagBag from /home/airflow/.local/lib/python3.12/site-packages/airflow/example_dags/example_nested_branch_dag.py
[2024-12-17T14:54:51.405+0000] {processor.py:925} INFO - DAG(s) 'example_nested_branch_dag' retrieved from /home/airflow/.local/lib/python3.12/site-packages/airflow/example_dags/example_nested_branch_dag.py
[2024-12-17T14:54:51.419+0000] {logging_mixin.py:190} INFO - [2024-12-17T14:54:51.419+0000] {dag.py:3239} INFO - Sync 1 DAGs
[2024-12-17T14:54:51.438+0000] {logging_mixin.py:190} INFO - [2024-12-17T14:54:51.438+0000] {dag.py:4180} INFO - Setting next_dagrun for example_nested_branch_dag to 2024-12-16 00:00:00+00:00, run_after=2024-12-17 00:00:00+00:00
[2024-12-17T14:54:51.451+0000] {processor.py:208} INFO - Processing /home/airflow/.local/lib/python3.12/site-packages/airflow/example_dags/example_nested_branch_dag.py took 0.060 seconds
[2024-12-17T14:55:23.930+0000] {processor.py:186} INFO - Started process (PID=1655) to work on /home/airflow/.local/lib/python3.12/site-packages/airflow/example_dags/example_nested_branch_dag.py
[2024-12-17T14:55:23.930+0000] {processor.py:914} INFO - Processing file /home/airflow/.local/lib/python3.12/site-packages/airflow/example_dags/example_nested_branch_dag.py for tasks to queue
[2024-12-17T14:55:23.932+0000] {logging_mixin.py:190} INFO - [2024-12-17T14:55:23.932+0000] {dagbag.py:588} INFO - Filling up the DagBag from /home/airflow/.local/lib/python3.12/site-packages/airflow/example_dags/example_nested_branch_dag.py
[2024-12-17T14:55:23.940+0000] {processor.py:925} INFO - DAG(s) 'example_nested_branch_dag' retrieved from /home/airflow/.local/lib/python3.12/site-packages/airflow/example_dags/example_nested_branch_dag.py
[2024-12-17T14:55:23.953+0000] {logging_mixin.py:190} INFO - [2024-12-17T14:55:23.953+0000] {dag.py:3239} INFO - Sync 1 DAGs
[2024-12-17T14:55:23.969+0000] {logging_mixin.py:190} INFO - [2024-12-17T14:55:23.969+0000] {dag.py:4180} INFO - Setting next_dagrun for example_nested_branch_dag to 2024-12-16 00:00:00+00:00, run_after=2024-12-17 00:00:00+00:00
[2024-12-17T14:55:23.981+0000] {processor.py:208} INFO - Processing /home/airflow/.local/lib/python3.12/site-packages/airflow/example_dags/example_nested_branch_dag.py took 0.055 seconds
[2024-12-17T14:55:55.877+0000] {processor.py:186} INFO - Started process (PID=1720) to work on /home/airflow/.local/lib/python3.12/site-packages/airflow/example_dags/example_nested_branch_dag.py
[2024-12-17T14:55:55.878+0000] {processor.py:914} INFO - Processing file /home/airflow/.local/lib/python3.12/site-packages/airflow/example_dags/example_nested_branch_dag.py for tasks to queue
[2024-12-17T14:55:55.880+0000] {logging_mixin.py:190} INFO - [2024-12-17T14:55:55.879+0000] {dagbag.py:588} INFO - Filling up the DagBag from /home/airflow/.local/lib/python3.12/site-packages/airflow/example_dags/example_nested_branch_dag.py
[2024-12-17T14:55:55.888+0000] {processor.py:925} INFO - DAG(s) 'example_nested_branch_dag' retrieved from /home/airflow/.local/lib/python3.12/site-packages/airflow/example_dags/example_nested_branch_dag.py
[2024-12-17T14:55:55.906+0000] {logging_mixin.py:190} INFO - [2024-12-17T14:55:55.905+0000] {dag.py:3239} INFO - Sync 1 DAGs
[2024-12-17T14:55:55.940+0000] {logging_mixin.py:190} INFO - [2024-12-17T14:55:55.940+0000] {dag.py:4180} INFO - Setting next_dagrun for example_nested_branch_dag to 2024-12-16 00:00:00+00:00, run_after=2024-12-17 00:00:00+00:00
[2024-12-17T14:55:55.954+0000] {processor.py:208} INFO - Processing /home/airflow/.local/lib/python3.12/site-packages/airflow/example_dags/example_nested_branch_dag.py took 0.081 seconds
[2024-12-17T14:56:26.483+0000] {processor.py:186} INFO - Started process (PID=1785) to work on /home/airflow/.local/lib/python3.12/site-packages/airflow/example_dags/example_nested_branch_dag.py
[2024-12-17T14:56:26.483+0000] {processor.py:914} INFO - Processing file /home/airflow/.local/lib/python3.12/site-packages/airflow/example_dags/example_nested_branch_dag.py for tasks to queue
[2024-12-17T14:56:26.485+0000] {logging_mixin.py:190} INFO - [2024-12-17T14:56:26.485+0000] {dagbag.py:588} INFO - Filling up the DagBag from /home/airflow/.local/lib/python3.12/site-packages/airflow/example_dags/example_nested_branch_dag.py
[2024-12-17T14:56:26.492+0000] {processor.py:925} INFO - DAG(s) 'example_nested_branch_dag' retrieved from /home/airflow/.local/lib/python3.12/site-packages/airflow/example_dags/example_nested_branch_dag.py
[2024-12-17T14:56:26.505+0000] {logging_mixin.py:190} INFO - [2024-12-17T14:56:26.505+0000] {dag.py:3239} INFO - Sync 1 DAGs
[2024-12-17T14:56:26.522+0000] {logging_mixin.py:190} INFO - [2024-12-17T14:56:26.521+0000] {dag.py:4180} INFO - Setting next_dagrun for example_nested_branch_dag to 2024-12-16 00:00:00+00:00, run_after=2024-12-17 00:00:00+00:00
[2024-12-17T14:56:26.534+0000] {processor.py:208} INFO - Processing /home/airflow/.local/lib/python3.12/site-packages/airflow/example_dags/example_nested_branch_dag.py took 0.055 seconds
