[2024-12-17T14:43:00.771+0000] {processor.py:186} INFO - Started process (PID=106) to work on /home/airflow/.local/lib/python3.12/site-packages/airflow/example_dags/example_dataset_alias.py
[2024-12-17T14:43:00.772+0000] {processor.py:914} INFO - Processing file /home/airflow/.local/lib/python3.12/site-packages/airflow/example_dags/example_dataset_alias.py for tasks to queue
[2024-12-17T14:43:00.773+0000] {logging_mixin.py:190} INFO - [2024-12-17T14:43:00.773+0000] {dagbag.py:588} INFO - Filling up the DagBag from /home/airflow/.local/lib/python3.12/site-packages/airflow/example_dags/example_dataset_alias.py
[2024-12-17T14:43:00.795+0000] {processor.py:925} INFO - DAG(s) 'dataset_alias_example_alias_producer', 'dataset_alias_example_alias_consumer', 'dataset_s3_bucket_consumer', 'dataset_s3_bucket_producer' retrieved from /home/airflow/.local/lib/python3.12/site-packages/airflow/example_dags/example_dataset_alias.py
[2024-12-17T14:43:00.813+0000] {logging_mixin.py:190} INFO - [2024-12-17T14:43:00.813+0000] {dag.py:3239} INFO - Sync 4 DAGs
[2024-12-17T14:43:00.836+0000] {logging_mixin.py:190} INFO - [2024-12-17T14:43:00.836+0000] {dag.py:4180} INFO - Setting next_dagrun for dataset_alias_example_alias_consumer to None, run_after=None
[2024-12-17T14:43:00.838+0000] {logging_mixin.py:190} INFO - [2024-12-17T14:43:00.838+0000] {dag.py:4180} INFO - Setting next_dagrun for dataset_alias_example_alias_producer to None, run_after=None
[2024-12-17T14:43:00.839+0000] {logging_mixin.py:190} INFO - [2024-12-17T14:43:00.839+0000] {dag.py:4180} INFO - Setting next_dagrun for dataset_s3_bucket_consumer to None, run_after=None
[2024-12-17T14:43:00.840+0000] {logging_mixin.py:190} INFO - [2024-12-17T14:43:00.840+0000] {dag.py:4180} INFO - Setting next_dagrun for dataset_s3_bucket_producer to None, run_after=None
[2024-12-17T14:43:00.860+0000] {processor.py:208} INFO - Processing /home/airflow/.local/lib/python3.12/site-packages/airflow/example_dags/example_dataset_alias.py took 0.092 seconds
[2024-12-17T14:43:31.712+0000] {processor.py:186} INFO - Started process (PID=171) to work on /home/airflow/.local/lib/python3.12/site-packages/airflow/example_dags/example_dataset_alias.py
[2024-12-17T14:43:31.713+0000] {processor.py:914} INFO - Processing file /home/airflow/.local/lib/python3.12/site-packages/airflow/example_dags/example_dataset_alias.py for tasks to queue
[2024-12-17T14:43:31.714+0000] {logging_mixin.py:190} INFO - [2024-12-17T14:43:31.714+0000] {dagbag.py:588} INFO - Filling up the DagBag from /home/airflow/.local/lib/python3.12/site-packages/airflow/example_dags/example_dataset_alias.py
[2024-12-17T14:43:31.733+0000] {processor.py:925} INFO - DAG(s) 'dataset_alias_example_alias_producer', 'dataset_s3_bucket_consumer', 'dataset_alias_example_alias_consumer', 'dataset_s3_bucket_producer' retrieved from /home/airflow/.local/lib/python3.12/site-packages/airflow/example_dags/example_dataset_alias.py
[2024-12-17T14:43:31.745+0000] {logging_mixin.py:190} INFO - [2024-12-17T14:43:31.745+0000] {dag.py:3239} INFO - Sync 4 DAGs
[2024-12-17T14:43:31.762+0000] {logging_mixin.py:190} INFO - [2024-12-17T14:43:31.761+0000] {dag.py:4180} INFO - Setting next_dagrun for dataset_alias_example_alias_consumer to None, run_after=None
[2024-12-17T14:43:31.763+0000] {logging_mixin.py:190} INFO - [2024-12-17T14:43:31.763+0000] {dag.py:4180} INFO - Setting next_dagrun for dataset_alias_example_alias_producer to None, run_after=None
[2024-12-17T14:43:31.764+0000] {logging_mixin.py:190} INFO - [2024-12-17T14:43:31.764+0000] {dag.py:4180} INFO - Setting next_dagrun for dataset_s3_bucket_consumer to None, run_after=None
[2024-12-17T14:43:31.765+0000] {logging_mixin.py:190} INFO - [2024-12-17T14:43:31.765+0000] {dag.py:4180} INFO - Setting next_dagrun for dataset_s3_bucket_producer to None, run_after=None
[2024-12-17T14:43:31.779+0000] {processor.py:208} INFO - Processing /home/airflow/.local/lib/python3.12/site-packages/airflow/example_dags/example_dataset_alias.py took 0.070 seconds
[2024-12-17T14:44:02.183+0000] {processor.py:186} INFO - Started process (PID=236) to work on /home/airflow/.local/lib/python3.12/site-packages/airflow/example_dags/example_dataset_alias.py
[2024-12-17T14:44:02.183+0000] {processor.py:914} INFO - Processing file /home/airflow/.local/lib/python3.12/site-packages/airflow/example_dags/example_dataset_alias.py for tasks to queue
[2024-12-17T14:44:02.185+0000] {logging_mixin.py:190} INFO - [2024-12-17T14:44:02.185+0000] {dagbag.py:588} INFO - Filling up the DagBag from /home/airflow/.local/lib/python3.12/site-packages/airflow/example_dags/example_dataset_alias.py
[2024-12-17T14:44:02.206+0000] {processor.py:925} INFO - DAG(s) 'dataset_s3_bucket_producer', 'dataset_alias_example_alias_producer', 'dataset_alias_example_alias_consumer', 'dataset_s3_bucket_consumer' retrieved from /home/airflow/.local/lib/python3.12/site-packages/airflow/example_dags/example_dataset_alias.py
[2024-12-17T14:44:02.220+0000] {logging_mixin.py:190} INFO - [2024-12-17T14:44:02.220+0000] {dag.py:3239} INFO - Sync 4 DAGs
[2024-12-17T14:44:02.237+0000] {logging_mixin.py:190} INFO - [2024-12-17T14:44:02.237+0000] {dag.py:4180} INFO - Setting next_dagrun for dataset_alias_example_alias_consumer to None, run_after=None
[2024-12-17T14:44:02.239+0000] {logging_mixin.py:190} INFO - [2024-12-17T14:44:02.239+0000] {dag.py:4180} INFO - Setting next_dagrun for dataset_alias_example_alias_producer to None, run_after=None
[2024-12-17T14:44:02.240+0000] {logging_mixin.py:190} INFO - [2024-12-17T14:44:02.240+0000] {dag.py:4180} INFO - Setting next_dagrun for dataset_s3_bucket_consumer to None, run_after=None
[2024-12-17T14:44:02.241+0000] {logging_mixin.py:190} INFO - [2024-12-17T14:44:02.241+0000] {dag.py:4180} INFO - Setting next_dagrun for dataset_s3_bucket_producer to None, run_after=None
[2024-12-17T14:44:02.259+0000] {processor.py:208} INFO - Processing /home/airflow/.local/lib/python3.12/site-packages/airflow/example_dags/example_dataset_alias.py took 0.080 seconds
[2024-12-17T14:44:32.368+0000] {processor.py:186} INFO - Started process (PID=301) to work on /home/airflow/.local/lib/python3.12/site-packages/airflow/example_dags/example_dataset_alias.py
[2024-12-17T14:44:32.369+0000] {processor.py:914} INFO - Processing file /home/airflow/.local/lib/python3.12/site-packages/airflow/example_dags/example_dataset_alias.py for tasks to queue
[2024-12-17T14:44:32.370+0000] {logging_mixin.py:190} INFO - [2024-12-17T14:44:32.370+0000] {dagbag.py:588} INFO - Filling up the DagBag from /home/airflow/.local/lib/python3.12/site-packages/airflow/example_dags/example_dataset_alias.py
[2024-12-17T14:44:32.388+0000] {processor.py:925} INFO - DAG(s) 'dataset_alias_example_alias_consumer', 'dataset_s3_bucket_producer', 'dataset_s3_bucket_consumer', 'dataset_alias_example_alias_producer' retrieved from /home/airflow/.local/lib/python3.12/site-packages/airflow/example_dags/example_dataset_alias.py
[2024-12-17T14:44:32.402+0000] {logging_mixin.py:190} INFO - [2024-12-17T14:44:32.402+0000] {dag.py:3239} INFO - Sync 4 DAGs
[2024-12-17T14:44:32.416+0000] {logging_mixin.py:190} INFO - [2024-12-17T14:44:32.416+0000] {dag.py:4180} INFO - Setting next_dagrun for dataset_alias_example_alias_consumer to None, run_after=None
[2024-12-17T14:44:32.418+0000] {logging_mixin.py:190} INFO - [2024-12-17T14:44:32.418+0000] {dag.py:4180} INFO - Setting next_dagrun for dataset_alias_example_alias_producer to None, run_after=None
[2024-12-17T14:44:32.419+0000] {logging_mixin.py:190} INFO - [2024-12-17T14:44:32.419+0000] {dag.py:4180} INFO - Setting next_dagrun for dataset_s3_bucket_consumer to None, run_after=None
[2024-12-17T14:44:32.420+0000] {logging_mixin.py:190} INFO - [2024-12-17T14:44:32.420+0000] {dag.py:4180} INFO - Setting next_dagrun for dataset_s3_bucket_producer to None, run_after=None
[2024-12-17T14:44:32.434+0000] {processor.py:208} INFO - Processing /home/airflow/.local/lib/python3.12/site-packages/airflow/example_dags/example_dataset_alias.py took 0.069 seconds
[2024-12-17T14:45:02.504+0000] {processor.py:186} INFO - Started process (PID=366) to work on /home/airflow/.local/lib/python3.12/site-packages/airflow/example_dags/example_dataset_alias.py
[2024-12-17T14:45:02.505+0000] {processor.py:914} INFO - Processing file /home/airflow/.local/lib/python3.12/site-packages/airflow/example_dags/example_dataset_alias.py for tasks to queue
[2024-12-17T14:45:02.507+0000] {logging_mixin.py:190} INFO - [2024-12-17T14:45:02.506+0000] {dagbag.py:588} INFO - Filling up the DagBag from /home/airflow/.local/lib/python3.12/site-packages/airflow/example_dags/example_dataset_alias.py
[2024-12-17T14:45:02.527+0000] {processor.py:925} INFO - DAG(s) 'dataset_alias_example_alias_producer', 'dataset_s3_bucket_producer', 'dataset_s3_bucket_consumer', 'dataset_alias_example_alias_consumer' retrieved from /home/airflow/.local/lib/python3.12/site-packages/airflow/example_dags/example_dataset_alias.py
[2024-12-17T14:45:02.540+0000] {logging_mixin.py:190} INFO - [2024-12-17T14:45:02.539+0000] {dag.py:3239} INFO - Sync 4 DAGs
[2024-12-17T14:45:02.554+0000] {logging_mixin.py:190} INFO - [2024-12-17T14:45:02.553+0000] {dag.py:4180} INFO - Setting next_dagrun for dataset_alias_example_alias_consumer to None, run_after=None
[2024-12-17T14:45:02.555+0000] {logging_mixin.py:190} INFO - [2024-12-17T14:45:02.555+0000] {dag.py:4180} INFO - Setting next_dagrun for dataset_alias_example_alias_producer to None, run_after=None
[2024-12-17T14:45:02.556+0000] {logging_mixin.py:190} INFO - [2024-12-17T14:45:02.556+0000] {dag.py:4180} INFO - Setting next_dagrun for dataset_s3_bucket_consumer to None, run_after=None
[2024-12-17T14:45:02.558+0000] {logging_mixin.py:190} INFO - [2024-12-17T14:45:02.557+0000] {dag.py:4180} INFO - Setting next_dagrun for dataset_s3_bucket_producer to None, run_after=None
[2024-12-17T14:45:02.573+0000] {processor.py:208} INFO - Processing /home/airflow/.local/lib/python3.12/site-packages/airflow/example_dags/example_dataset_alias.py took 0.072 seconds
[2024-12-17T14:45:32.799+0000] {processor.py:186} INFO - Started process (PID=431) to work on /home/airflow/.local/lib/python3.12/site-packages/airflow/example_dags/example_dataset_alias.py
[2024-12-17T14:45:32.800+0000] {processor.py:914} INFO - Processing file /home/airflow/.local/lib/python3.12/site-packages/airflow/example_dags/example_dataset_alias.py for tasks to queue
[2024-12-17T14:45:32.801+0000] {logging_mixin.py:190} INFO - [2024-12-17T14:45:32.801+0000] {dagbag.py:588} INFO - Filling up the DagBag from /home/airflow/.local/lib/python3.12/site-packages/airflow/example_dags/example_dataset_alias.py
[2024-12-17T14:45:32.820+0000] {processor.py:925} INFO - DAG(s) 'dataset_s3_bucket_producer', 'dataset_alias_example_alias_producer', 'dataset_alias_example_alias_consumer', 'dataset_s3_bucket_consumer' retrieved from /home/airflow/.local/lib/python3.12/site-packages/airflow/example_dags/example_dataset_alias.py
[2024-12-17T14:45:32.832+0000] {logging_mixin.py:190} INFO - [2024-12-17T14:45:32.832+0000] {dag.py:3239} INFO - Sync 4 DAGs
[2024-12-17T14:45:32.847+0000] {logging_mixin.py:190} INFO - [2024-12-17T14:45:32.847+0000] {dag.py:4180} INFO - Setting next_dagrun for dataset_alias_example_alias_consumer to None, run_after=None
[2024-12-17T14:45:32.849+0000] {logging_mixin.py:190} INFO - [2024-12-17T14:45:32.849+0000] {dag.py:4180} INFO - Setting next_dagrun for dataset_alias_example_alias_producer to None, run_after=None
[2024-12-17T14:45:32.850+0000] {logging_mixin.py:190} INFO - [2024-12-17T14:45:32.850+0000] {dag.py:4180} INFO - Setting next_dagrun for dataset_s3_bucket_consumer to None, run_after=None
[2024-12-17T14:45:32.851+0000] {logging_mixin.py:190} INFO - [2024-12-17T14:45:32.850+0000] {dag.py:4180} INFO - Setting next_dagrun for dataset_s3_bucket_producer to None, run_after=None
[2024-12-17T14:45:32.864+0000] {processor.py:208} INFO - Processing /home/airflow/.local/lib/python3.12/site-packages/airflow/example_dags/example_dataset_alias.py took 0.068 seconds
[2024-12-17T14:46:03.032+0000] {processor.py:186} INFO - Started process (PID=496) to work on /home/airflow/.local/lib/python3.12/site-packages/airflow/example_dags/example_dataset_alias.py
[2024-12-17T14:46:03.032+0000] {processor.py:914} INFO - Processing file /home/airflow/.local/lib/python3.12/site-packages/airflow/example_dags/example_dataset_alias.py for tasks to queue
[2024-12-17T14:46:03.034+0000] {logging_mixin.py:190} INFO - [2024-12-17T14:46:03.034+0000] {dagbag.py:588} INFO - Filling up the DagBag from /home/airflow/.local/lib/python3.12/site-packages/airflow/example_dags/example_dataset_alias.py
[2024-12-17T14:46:03.053+0000] {processor.py:925} INFO - DAG(s) 'dataset_alias_example_alias_consumer', 'dataset_alias_example_alias_producer', 'dataset_s3_bucket_producer', 'dataset_s3_bucket_consumer' retrieved from /home/airflow/.local/lib/python3.12/site-packages/airflow/example_dags/example_dataset_alias.py
[2024-12-17T14:46:03.067+0000] {logging_mixin.py:190} INFO - [2024-12-17T14:46:03.067+0000] {dag.py:3239} INFO - Sync 4 DAGs
[2024-12-17T14:46:03.081+0000] {logging_mixin.py:190} INFO - [2024-12-17T14:46:03.081+0000] {dag.py:4180} INFO - Setting next_dagrun for dataset_alias_example_alias_consumer to None, run_after=None
[2024-12-17T14:46:03.082+0000] {logging_mixin.py:190} INFO - [2024-12-17T14:46:03.082+0000] {dag.py:4180} INFO - Setting next_dagrun for dataset_alias_example_alias_producer to None, run_after=None
[2024-12-17T14:46:03.083+0000] {logging_mixin.py:190} INFO - [2024-12-17T14:46:03.083+0000] {dag.py:4180} INFO - Setting next_dagrun for dataset_s3_bucket_consumer to None, run_after=None
[2024-12-17T14:46:03.084+0000] {logging_mixin.py:190} INFO - [2024-12-17T14:46:03.084+0000] {dag.py:4180} INFO - Setting next_dagrun for dataset_s3_bucket_producer to None, run_after=None
[2024-12-17T14:46:03.097+0000] {processor.py:208} INFO - Processing /home/airflow/.local/lib/python3.12/site-packages/airflow/example_dags/example_dataset_alias.py took 0.069 seconds
[2024-12-17T14:46:33.810+0000] {processor.py:186} INFO - Started process (PID=561) to work on /home/airflow/.local/lib/python3.12/site-packages/airflow/example_dags/example_dataset_alias.py
[2024-12-17T14:46:33.810+0000] {processor.py:914} INFO - Processing file /home/airflow/.local/lib/python3.12/site-packages/airflow/example_dags/example_dataset_alias.py for tasks to queue
[2024-12-17T14:46:33.812+0000] {logging_mixin.py:190} INFO - [2024-12-17T14:46:33.812+0000] {dagbag.py:588} INFO - Filling up the DagBag from /home/airflow/.local/lib/python3.12/site-packages/airflow/example_dags/example_dataset_alias.py
[2024-12-17T14:46:33.834+0000] {processor.py:925} INFO - DAG(s) 'dataset_alias_example_alias_producer', 'dataset_alias_example_alias_consumer', 'dataset_s3_bucket_consumer', 'dataset_s3_bucket_producer' retrieved from /home/airflow/.local/lib/python3.12/site-packages/airflow/example_dags/example_dataset_alias.py
[2024-12-17T14:46:33.848+0000] {logging_mixin.py:190} INFO - [2024-12-17T14:46:33.848+0000] {dag.py:3239} INFO - Sync 4 DAGs
[2024-12-17T14:46:33.865+0000] {logging_mixin.py:190} INFO - [2024-12-17T14:46:33.865+0000] {dag.py:4180} INFO - Setting next_dagrun for dataset_alias_example_alias_consumer to None, run_after=None
[2024-12-17T14:46:33.867+0000] {logging_mixin.py:190} INFO - [2024-12-17T14:46:33.866+0000] {dag.py:4180} INFO - Setting next_dagrun for dataset_alias_example_alias_producer to None, run_after=None
[2024-12-17T14:46:33.868+0000] {logging_mixin.py:190} INFO - [2024-12-17T14:46:33.867+0000] {dag.py:4180} INFO - Setting next_dagrun for dataset_s3_bucket_consumer to None, run_after=None
[2024-12-17T14:46:33.869+0000] {logging_mixin.py:190} INFO - [2024-12-17T14:46:33.869+0000] {dag.py:4180} INFO - Setting next_dagrun for dataset_s3_bucket_producer to None, run_after=None
[2024-12-17T14:46:33.884+0000] {processor.py:208} INFO - Processing /home/airflow/.local/lib/python3.12/site-packages/airflow/example_dags/example_dataset_alias.py took 0.079 seconds
[2024-12-17T14:47:04.085+0000] {processor.py:186} INFO - Started process (PID=626) to work on /home/airflow/.local/lib/python3.12/site-packages/airflow/example_dags/example_dataset_alias.py
[2024-12-17T14:47:04.086+0000] {processor.py:914} INFO - Processing file /home/airflow/.local/lib/python3.12/site-packages/airflow/example_dags/example_dataset_alias.py for tasks to queue
[2024-12-17T14:47:04.087+0000] {logging_mixin.py:190} INFO - [2024-12-17T14:47:04.087+0000] {dagbag.py:588} INFO - Filling up the DagBag from /home/airflow/.local/lib/python3.12/site-packages/airflow/example_dags/example_dataset_alias.py
[2024-12-17T14:47:04.107+0000] {processor.py:925} INFO - DAG(s) 'dataset_s3_bucket_consumer', 'dataset_s3_bucket_producer', 'dataset_alias_example_alias_producer', 'dataset_alias_example_alias_consumer' retrieved from /home/airflow/.local/lib/python3.12/site-packages/airflow/example_dags/example_dataset_alias.py
[2024-12-17T14:47:04.121+0000] {logging_mixin.py:190} INFO - [2024-12-17T14:47:04.121+0000] {dag.py:3239} INFO - Sync 4 DAGs
[2024-12-17T14:47:04.137+0000] {logging_mixin.py:190} INFO - [2024-12-17T14:47:04.137+0000] {dag.py:4180} INFO - Setting next_dagrun for dataset_alias_example_alias_consumer to None, run_after=None
[2024-12-17T14:47:04.139+0000] {logging_mixin.py:190} INFO - [2024-12-17T14:47:04.139+0000] {dag.py:4180} INFO - Setting next_dagrun for dataset_alias_example_alias_producer to None, run_after=None
[2024-12-17T14:47:04.140+0000] {logging_mixin.py:190} INFO - [2024-12-17T14:47:04.140+0000] {dag.py:4180} INFO - Setting next_dagrun for dataset_s3_bucket_consumer to None, run_after=None
[2024-12-17T14:47:04.141+0000] {logging_mixin.py:190} INFO - [2024-12-17T14:47:04.140+0000] {dag.py:4180} INFO - Setting next_dagrun for dataset_s3_bucket_producer to None, run_after=None
[2024-12-17T14:47:04.155+0000] {processor.py:208} INFO - Processing /home/airflow/.local/lib/python3.12/site-packages/airflow/example_dags/example_dataset_alias.py took 0.074 seconds
[2024-12-17T14:47:34.723+0000] {processor.py:186} INFO - Started process (PID=691) to work on /home/airflow/.local/lib/python3.12/site-packages/airflow/example_dags/example_dataset_alias.py
[2024-12-17T14:47:34.724+0000] {processor.py:914} INFO - Processing file /home/airflow/.local/lib/python3.12/site-packages/airflow/example_dags/example_dataset_alias.py for tasks to queue
[2024-12-17T14:47:34.725+0000] {logging_mixin.py:190} INFO - [2024-12-17T14:47:34.725+0000] {dagbag.py:588} INFO - Filling up the DagBag from /home/airflow/.local/lib/python3.12/site-packages/airflow/example_dags/example_dataset_alias.py
[2024-12-17T14:47:34.745+0000] {processor.py:925} INFO - DAG(s) 'dataset_alias_example_alias_producer', 'dataset_alias_example_alias_consumer', 'dataset_s3_bucket_producer', 'dataset_s3_bucket_consumer' retrieved from /home/airflow/.local/lib/python3.12/site-packages/airflow/example_dags/example_dataset_alias.py
[2024-12-17T14:47:34.759+0000] {logging_mixin.py:190} INFO - [2024-12-17T14:47:34.759+0000] {dag.py:3239} INFO - Sync 4 DAGs
[2024-12-17T14:47:34.783+0000] {logging_mixin.py:190} INFO - [2024-12-17T14:47:34.783+0000] {dag.py:4180} INFO - Setting next_dagrun for dataset_alias_example_alias_consumer to None, run_after=None
[2024-12-17T14:47:34.786+0000] {logging_mixin.py:190} INFO - [2024-12-17T14:47:34.786+0000] {dag.py:4180} INFO - Setting next_dagrun for dataset_alias_example_alias_producer to None, run_after=None
[2024-12-17T14:47:34.788+0000] {logging_mixin.py:190} INFO - [2024-12-17T14:47:34.788+0000] {dag.py:4180} INFO - Setting next_dagrun for dataset_s3_bucket_consumer to None, run_after=None
[2024-12-17T14:47:34.789+0000] {logging_mixin.py:190} INFO - [2024-12-17T14:47:34.789+0000] {dag.py:4180} INFO - Setting next_dagrun for dataset_s3_bucket_producer to None, run_after=None
[2024-12-17T14:47:34.808+0000] {processor.py:208} INFO - Processing /home/airflow/.local/lib/python3.12/site-packages/airflow/example_dags/example_dataset_alias.py took 0.089 seconds
[2024-12-17T14:48:05.363+0000] {processor.py:186} INFO - Started process (PID=756) to work on /home/airflow/.local/lib/python3.12/site-packages/airflow/example_dags/example_dataset_alias.py
[2024-12-17T14:48:05.364+0000] {processor.py:914} INFO - Processing file /home/airflow/.local/lib/python3.12/site-packages/airflow/example_dags/example_dataset_alias.py for tasks to queue
[2024-12-17T14:48:05.366+0000] {logging_mixin.py:190} INFO - [2024-12-17T14:48:05.365+0000] {dagbag.py:588} INFO - Filling up the DagBag from /home/airflow/.local/lib/python3.12/site-packages/airflow/example_dags/example_dataset_alias.py
[2024-12-17T14:48:05.386+0000] {processor.py:925} INFO - DAG(s) 'dataset_s3_bucket_consumer', 'dataset_alias_example_alias_consumer', 'dataset_s3_bucket_producer', 'dataset_alias_example_alias_producer' retrieved from /home/airflow/.local/lib/python3.12/site-packages/airflow/example_dags/example_dataset_alias.py
[2024-12-17T14:48:05.401+0000] {logging_mixin.py:190} INFO - [2024-12-17T14:48:05.400+0000] {dag.py:3239} INFO - Sync 4 DAGs
[2024-12-17T14:48:05.416+0000] {logging_mixin.py:190} INFO - [2024-12-17T14:48:05.416+0000] {dag.py:4180} INFO - Setting next_dagrun for dataset_alias_example_alias_consumer to None, run_after=None
[2024-12-17T14:48:05.418+0000] {logging_mixin.py:190} INFO - [2024-12-17T14:48:05.418+0000] {dag.py:4180} INFO - Setting next_dagrun for dataset_alias_example_alias_producer to None, run_after=None
[2024-12-17T14:48:05.419+0000] {logging_mixin.py:190} INFO - [2024-12-17T14:48:05.419+0000] {dag.py:4180} INFO - Setting next_dagrun for dataset_s3_bucket_consumer to None, run_after=None
[2024-12-17T14:48:05.420+0000] {logging_mixin.py:190} INFO - [2024-12-17T14:48:05.420+0000] {dag.py:4180} INFO - Setting next_dagrun for dataset_s3_bucket_producer to None, run_after=None
[2024-12-17T14:48:05.434+0000] {processor.py:208} INFO - Processing /home/airflow/.local/lib/python3.12/site-packages/airflow/example_dags/example_dataset_alias.py took 0.074 seconds
[2024-12-17T14:48:35.490+0000] {processor.py:186} INFO - Started process (PID=821) to work on /home/airflow/.local/lib/python3.12/site-packages/airflow/example_dags/example_dataset_alias.py
[2024-12-17T14:48:35.490+0000] {processor.py:914} INFO - Processing file /home/airflow/.local/lib/python3.12/site-packages/airflow/example_dags/example_dataset_alias.py for tasks to queue
[2024-12-17T14:48:35.492+0000] {logging_mixin.py:190} INFO - [2024-12-17T14:48:35.492+0000] {dagbag.py:588} INFO - Filling up the DagBag from /home/airflow/.local/lib/python3.12/site-packages/airflow/example_dags/example_dataset_alias.py
[2024-12-17T14:48:35.512+0000] {processor.py:925} INFO - DAG(s) 'dataset_s3_bucket_producer', 'dataset_alias_example_alias_producer', 'dataset_s3_bucket_consumer', 'dataset_alias_example_alias_consumer' retrieved from /home/airflow/.local/lib/python3.12/site-packages/airflow/example_dags/example_dataset_alias.py
[2024-12-17T14:48:35.525+0000] {logging_mixin.py:190} INFO - [2024-12-17T14:48:35.525+0000] {dag.py:3239} INFO - Sync 4 DAGs
[2024-12-17T14:48:35.540+0000] {logging_mixin.py:190} INFO - [2024-12-17T14:48:35.540+0000] {dag.py:4180} INFO - Setting next_dagrun for dataset_alias_example_alias_consumer to None, run_after=None
[2024-12-17T14:48:35.542+0000] {logging_mixin.py:190} INFO - [2024-12-17T14:48:35.542+0000] {dag.py:4180} INFO - Setting next_dagrun for dataset_alias_example_alias_producer to None, run_after=None
[2024-12-17T14:48:35.543+0000] {logging_mixin.py:190} INFO - [2024-12-17T14:48:35.543+0000] {dag.py:4180} INFO - Setting next_dagrun for dataset_s3_bucket_consumer to None, run_after=None
[2024-12-17T14:48:35.544+0000] {logging_mixin.py:190} INFO - [2024-12-17T14:48:35.544+0000] {dag.py:4180} INFO - Setting next_dagrun for dataset_s3_bucket_producer to None, run_after=None
[2024-12-17T14:48:35.558+0000] {processor.py:208} INFO - Processing /home/airflow/.local/lib/python3.12/site-packages/airflow/example_dags/example_dataset_alias.py took 0.072 seconds
[2024-12-17T14:49:05.761+0000] {processor.py:186} INFO - Started process (PID=886) to work on /home/airflow/.local/lib/python3.12/site-packages/airflow/example_dags/example_dataset_alias.py
[2024-12-17T14:49:05.762+0000] {processor.py:914} INFO - Processing file /home/airflow/.local/lib/python3.12/site-packages/airflow/example_dags/example_dataset_alias.py for tasks to queue
[2024-12-17T14:49:05.763+0000] {logging_mixin.py:190} INFO - [2024-12-17T14:49:05.763+0000] {dagbag.py:588} INFO - Filling up the DagBag from /home/airflow/.local/lib/python3.12/site-packages/airflow/example_dags/example_dataset_alias.py
[2024-12-17T14:49:05.783+0000] {processor.py:925} INFO - DAG(s) 'dataset_s3_bucket_producer', 'dataset_alias_example_alias_consumer', 'dataset_s3_bucket_consumer', 'dataset_alias_example_alias_producer' retrieved from /home/airflow/.local/lib/python3.12/site-packages/airflow/example_dags/example_dataset_alias.py
[2024-12-17T14:49:05.796+0000] {logging_mixin.py:190} INFO - [2024-12-17T14:49:05.795+0000] {dag.py:3239} INFO - Sync 4 DAGs
[2024-12-17T14:49:05.810+0000] {logging_mixin.py:190} INFO - [2024-12-17T14:49:05.810+0000] {dag.py:4180} INFO - Setting next_dagrun for dataset_alias_example_alias_consumer to None, run_after=None
[2024-12-17T14:49:05.811+0000] {logging_mixin.py:190} INFO - [2024-12-17T14:49:05.811+0000] {dag.py:4180} INFO - Setting next_dagrun for dataset_alias_example_alias_producer to None, run_after=None
[2024-12-17T14:49:05.812+0000] {logging_mixin.py:190} INFO - [2024-12-17T14:49:05.812+0000] {dag.py:4180} INFO - Setting next_dagrun for dataset_s3_bucket_consumer to None, run_after=None
[2024-12-17T14:49:05.813+0000] {logging_mixin.py:190} INFO - [2024-12-17T14:49:05.813+0000] {dag.py:4180} INFO - Setting next_dagrun for dataset_s3_bucket_producer to None, run_after=None
[2024-12-17T14:49:05.826+0000] {processor.py:208} INFO - Processing /home/airflow/.local/lib/python3.12/site-packages/airflow/example_dags/example_dataset_alias.py took 0.068 seconds
[2024-12-17T14:49:35.883+0000] {processor.py:186} INFO - Started process (PID=951) to work on /home/airflow/.local/lib/python3.12/site-packages/airflow/example_dags/example_dataset_alias.py
[2024-12-17T14:49:35.884+0000] {processor.py:914} INFO - Processing file /home/airflow/.local/lib/python3.12/site-packages/airflow/example_dags/example_dataset_alias.py for tasks to queue
[2024-12-17T14:49:35.885+0000] {logging_mixin.py:190} INFO - [2024-12-17T14:49:35.885+0000] {dagbag.py:588} INFO - Filling up the DagBag from /home/airflow/.local/lib/python3.12/site-packages/airflow/example_dags/example_dataset_alias.py
[2024-12-17T14:49:35.905+0000] {processor.py:925} INFO - DAG(s) 'dataset_alias_example_alias_consumer', 'dataset_alias_example_alias_producer', 'dataset_s3_bucket_producer', 'dataset_s3_bucket_consumer' retrieved from /home/airflow/.local/lib/python3.12/site-packages/airflow/example_dags/example_dataset_alias.py
[2024-12-17T14:49:35.925+0000] {logging_mixin.py:190} INFO - [2024-12-17T14:49:35.924+0000] {dag.py:3239} INFO - Sync 4 DAGs
[2024-12-17T14:49:35.944+0000] {logging_mixin.py:190} INFO - [2024-12-17T14:49:35.944+0000] {dag.py:4180} INFO - Setting next_dagrun for dataset_alias_example_alias_consumer to None, run_after=None
[2024-12-17T14:49:35.947+0000] {logging_mixin.py:190} INFO - [2024-12-17T14:49:35.946+0000] {dag.py:4180} INFO - Setting next_dagrun for dataset_alias_example_alias_producer to None, run_after=None
[2024-12-17T14:49:35.948+0000] {logging_mixin.py:190} INFO - [2024-12-17T14:49:35.947+0000] {dag.py:4180} INFO - Setting next_dagrun for dataset_s3_bucket_consumer to None, run_after=None
[2024-12-17T14:49:35.949+0000] {logging_mixin.py:190} INFO - [2024-12-17T14:49:35.949+0000] {dag.py:4180} INFO - Setting next_dagrun for dataset_s3_bucket_producer to None, run_after=None
[2024-12-17T14:49:35.965+0000] {processor.py:208} INFO - Processing /home/airflow/.local/lib/python3.12/site-packages/airflow/example_dags/example_dataset_alias.py took 0.085 seconds
[2024-12-17T14:50:06.144+0000] {processor.py:186} INFO - Started process (PID=1016) to work on /home/airflow/.local/lib/python3.12/site-packages/airflow/example_dags/example_dataset_alias.py
[2024-12-17T14:50:06.145+0000] {processor.py:914} INFO - Processing file /home/airflow/.local/lib/python3.12/site-packages/airflow/example_dags/example_dataset_alias.py for tasks to queue
[2024-12-17T14:50:06.146+0000] {logging_mixin.py:190} INFO - [2024-12-17T14:50:06.146+0000] {dagbag.py:588} INFO - Filling up the DagBag from /home/airflow/.local/lib/python3.12/site-packages/airflow/example_dags/example_dataset_alias.py
[2024-12-17T14:50:06.164+0000] {processor.py:925} INFO - DAG(s) 'dataset_alias_example_alias_consumer', 'dataset_s3_bucket_producer', 'dataset_alias_example_alias_producer', 'dataset_s3_bucket_consumer' retrieved from /home/airflow/.local/lib/python3.12/site-packages/airflow/example_dags/example_dataset_alias.py
[2024-12-17T14:50:06.177+0000] {logging_mixin.py:190} INFO - [2024-12-17T14:50:06.176+0000] {dag.py:3239} INFO - Sync 4 DAGs
[2024-12-17T14:50:06.191+0000] {logging_mixin.py:190} INFO - [2024-12-17T14:50:06.191+0000] {dag.py:4180} INFO - Setting next_dagrun for dataset_alias_example_alias_consumer to None, run_after=None
[2024-12-17T14:50:06.193+0000] {logging_mixin.py:190} INFO - [2024-12-17T14:50:06.193+0000] {dag.py:4180} INFO - Setting next_dagrun for dataset_alias_example_alias_producer to None, run_after=None
[2024-12-17T14:50:06.194+0000] {logging_mixin.py:190} INFO - [2024-12-17T14:50:06.194+0000] {dag.py:4180} INFO - Setting next_dagrun for dataset_s3_bucket_consumer to None, run_after=None
[2024-12-17T14:50:06.195+0000] {logging_mixin.py:190} INFO - [2024-12-17T14:50:06.195+0000] {dag.py:4180} INFO - Setting next_dagrun for dataset_s3_bucket_producer to None, run_after=None
[2024-12-17T14:50:06.208+0000] {processor.py:208} INFO - Processing /home/airflow/.local/lib/python3.12/site-packages/airflow/example_dags/example_dataset_alias.py took 0.068 seconds
[2024-12-17T14:50:39.392+0000] {processor.py:186} INFO - Started process (PID=1081) to work on /home/airflow/.local/lib/python3.12/site-packages/airflow/example_dags/example_dataset_alias.py
[2024-12-17T14:50:39.393+0000] {processor.py:914} INFO - Processing file /home/airflow/.local/lib/python3.12/site-packages/airflow/example_dags/example_dataset_alias.py for tasks to queue
[2024-12-17T14:50:39.394+0000] {logging_mixin.py:190} INFO - [2024-12-17T14:50:39.394+0000] {dagbag.py:588} INFO - Filling up the DagBag from /home/airflow/.local/lib/python3.12/site-packages/airflow/example_dags/example_dataset_alias.py
[2024-12-17T14:50:39.415+0000] {processor.py:925} INFO - DAG(s) 'dataset_alias_example_alias_consumer', 'dataset_alias_example_alias_producer', 'dataset_s3_bucket_producer', 'dataset_s3_bucket_consumer' retrieved from /home/airflow/.local/lib/python3.12/site-packages/airflow/example_dags/example_dataset_alias.py
[2024-12-17T14:50:39.430+0000] {logging_mixin.py:190} INFO - [2024-12-17T14:50:39.430+0000] {dag.py:3239} INFO - Sync 4 DAGs
[2024-12-17T14:50:39.446+0000] {logging_mixin.py:190} INFO - [2024-12-17T14:50:39.446+0000] {dag.py:4180} INFO - Setting next_dagrun for dataset_alias_example_alias_consumer to None, run_after=None
[2024-12-17T14:50:39.448+0000] {logging_mixin.py:190} INFO - [2024-12-17T14:50:39.448+0000] {dag.py:4180} INFO - Setting next_dagrun for dataset_alias_example_alias_producer to None, run_after=None
[2024-12-17T14:50:39.449+0000] {logging_mixin.py:190} INFO - [2024-12-17T14:50:39.449+0000] {dag.py:4180} INFO - Setting next_dagrun for dataset_s3_bucket_consumer to None, run_after=None
[2024-12-17T14:50:39.450+0000] {logging_mixin.py:190} INFO - [2024-12-17T14:50:39.450+0000] {dag.py:4180} INFO - Setting next_dagrun for dataset_s3_bucket_producer to None, run_after=None
[2024-12-17T14:50:39.466+0000] {processor.py:208} INFO - Processing /home/airflow/.local/lib/python3.12/site-packages/airflow/example_dags/example_dataset_alias.py took 0.077 seconds
[2024-12-17T14:51:10.517+0000] {processor.py:186} INFO - Started process (PID=1146) to work on /home/airflow/.local/lib/python3.12/site-packages/airflow/example_dags/example_dataset_alias.py
[2024-12-17T14:51:10.518+0000] {processor.py:914} INFO - Processing file /home/airflow/.local/lib/python3.12/site-packages/airflow/example_dags/example_dataset_alias.py for tasks to queue
[2024-12-17T14:51:10.520+0000] {logging_mixin.py:190} INFO - [2024-12-17T14:51:10.519+0000] {dagbag.py:588} INFO - Filling up the DagBag from /home/airflow/.local/lib/python3.12/site-packages/airflow/example_dags/example_dataset_alias.py
[2024-12-17T14:51:10.544+0000] {processor.py:925} INFO - DAG(s) 'dataset_s3_bucket_producer', 'dataset_alias_example_alias_consumer', 'dataset_s3_bucket_consumer', 'dataset_alias_example_alias_producer' retrieved from /home/airflow/.local/lib/python3.12/site-packages/airflow/example_dags/example_dataset_alias.py
[2024-12-17T14:51:10.560+0000] {logging_mixin.py:190} INFO - [2024-12-17T14:51:10.560+0000] {dag.py:3239} INFO - Sync 4 DAGs
[2024-12-17T14:51:10.578+0000] {logging_mixin.py:190} INFO - [2024-12-17T14:51:10.578+0000] {dag.py:4180} INFO - Setting next_dagrun for dataset_alias_example_alias_consumer to None, run_after=None
[2024-12-17T14:51:10.582+0000] {logging_mixin.py:190} INFO - [2024-12-17T14:51:10.582+0000] {dag.py:4180} INFO - Setting next_dagrun for dataset_alias_example_alias_producer to None, run_after=None
[2024-12-17T14:51:10.583+0000] {logging_mixin.py:190} INFO - [2024-12-17T14:51:10.583+0000] {dag.py:4180} INFO - Setting next_dagrun for dataset_s3_bucket_consumer to None, run_after=None
[2024-12-17T14:51:10.584+0000] {logging_mixin.py:190} INFO - [2024-12-17T14:51:10.584+0000] {dag.py:4180} INFO - Setting next_dagrun for dataset_s3_bucket_producer to None, run_after=None
[2024-12-17T14:51:10.601+0000] {processor.py:208} INFO - Processing /home/airflow/.local/lib/python3.12/site-packages/airflow/example_dags/example_dataset_alias.py took 0.089 seconds
[2024-12-17T14:51:41.629+0000] {processor.py:186} INFO - Started process (PID=1211) to work on /home/airflow/.local/lib/python3.12/site-packages/airflow/example_dags/example_dataset_alias.py
[2024-12-17T14:51:41.629+0000] {processor.py:914} INFO - Processing file /home/airflow/.local/lib/python3.12/site-packages/airflow/example_dags/example_dataset_alias.py for tasks to queue
[2024-12-17T14:51:41.631+0000] {logging_mixin.py:190} INFO - [2024-12-17T14:51:41.631+0000] {dagbag.py:588} INFO - Filling up the DagBag from /home/airflow/.local/lib/python3.12/site-packages/airflow/example_dags/example_dataset_alias.py
[2024-12-17T14:51:41.653+0000] {processor.py:925} INFO - DAG(s) 'dataset_s3_bucket_producer', 'dataset_s3_bucket_consumer', 'dataset_alias_example_alias_producer', 'dataset_alias_example_alias_consumer' retrieved from /home/airflow/.local/lib/python3.12/site-packages/airflow/example_dags/example_dataset_alias.py
[2024-12-17T14:51:41.667+0000] {logging_mixin.py:190} INFO - [2024-12-17T14:51:41.666+0000] {dag.py:3239} INFO - Sync 4 DAGs
[2024-12-17T14:51:41.682+0000] {logging_mixin.py:190} INFO - [2024-12-17T14:51:41.682+0000] {dag.py:4180} INFO - Setting next_dagrun for dataset_alias_example_alias_consumer to None, run_after=None
[2024-12-17T14:51:41.685+0000] {logging_mixin.py:190} INFO - [2024-12-17T14:51:41.685+0000] {dag.py:4180} INFO - Setting next_dagrun for dataset_alias_example_alias_producer to None, run_after=None
[2024-12-17T14:51:41.686+0000] {logging_mixin.py:190} INFO - [2024-12-17T14:51:41.686+0000] {dag.py:4180} INFO - Setting next_dagrun for dataset_s3_bucket_consumer to None, run_after=None
[2024-12-17T14:51:41.688+0000] {logging_mixin.py:190} INFO - [2024-12-17T14:51:41.687+0000] {dag.py:4180} INFO - Setting next_dagrun for dataset_s3_bucket_producer to None, run_after=None
[2024-12-17T14:51:41.711+0000] {processor.py:208} INFO - Processing /home/airflow/.local/lib/python3.12/site-packages/airflow/example_dags/example_dataset_alias.py took 0.086 seconds
[2024-12-17T14:52:12.631+0000] {processor.py:186} INFO - Started process (PID=1276) to work on /home/airflow/.local/lib/python3.12/site-packages/airflow/example_dags/example_dataset_alias.py
[2024-12-17T14:52:12.631+0000] {processor.py:914} INFO - Processing file /home/airflow/.local/lib/python3.12/site-packages/airflow/example_dags/example_dataset_alias.py for tasks to queue
[2024-12-17T14:52:12.633+0000] {logging_mixin.py:190} INFO - [2024-12-17T14:52:12.633+0000] {dagbag.py:588} INFO - Filling up the DagBag from /home/airflow/.local/lib/python3.12/site-packages/airflow/example_dags/example_dataset_alias.py
[2024-12-17T14:52:12.655+0000] {processor.py:925} INFO - DAG(s) 'dataset_alias_example_alias_consumer', 'dataset_s3_bucket_consumer', 'dataset_alias_example_alias_producer', 'dataset_s3_bucket_producer' retrieved from /home/airflow/.local/lib/python3.12/site-packages/airflow/example_dags/example_dataset_alias.py
[2024-12-17T14:52:12.672+0000] {logging_mixin.py:190} INFO - [2024-12-17T14:52:12.672+0000] {dag.py:3239} INFO - Sync 4 DAGs
[2024-12-17T14:52:12.690+0000] {logging_mixin.py:190} INFO - [2024-12-17T14:52:12.690+0000] {dag.py:4180} INFO - Setting next_dagrun for dataset_alias_example_alias_consumer to None, run_after=None
[2024-12-17T14:52:12.694+0000] {logging_mixin.py:190} INFO - [2024-12-17T14:52:12.694+0000] {dag.py:4180} INFO - Setting next_dagrun for dataset_alias_example_alias_producer to None, run_after=None
[2024-12-17T14:52:12.696+0000] {logging_mixin.py:190} INFO - [2024-12-17T14:52:12.696+0000] {dag.py:4180} INFO - Setting next_dagrun for dataset_s3_bucket_consumer to None, run_after=None
[2024-12-17T14:52:12.697+0000] {logging_mixin.py:190} INFO - [2024-12-17T14:52:12.697+0000] {dag.py:4180} INFO - Setting next_dagrun for dataset_s3_bucket_producer to None, run_after=None
[2024-12-17T14:52:12.719+0000] {processor.py:208} INFO - Processing /home/airflow/.local/lib/python3.12/site-packages/airflow/example_dags/example_dataset_alias.py took 0.093 seconds
[2024-12-17T14:52:43.106+0000] {processor.py:186} INFO - Started process (PID=1341) to work on /home/airflow/.local/lib/python3.12/site-packages/airflow/example_dags/example_dataset_alias.py
[2024-12-17T14:52:43.107+0000] {processor.py:914} INFO - Processing file /home/airflow/.local/lib/python3.12/site-packages/airflow/example_dags/example_dataset_alias.py for tasks to queue
[2024-12-17T14:52:43.108+0000] {logging_mixin.py:190} INFO - [2024-12-17T14:52:43.108+0000] {dagbag.py:588} INFO - Filling up the DagBag from /home/airflow/.local/lib/python3.12/site-packages/airflow/example_dags/example_dataset_alias.py
[2024-12-17T14:52:43.130+0000] {processor.py:925} INFO - DAG(s) 'dataset_alias_example_alias_producer', 'dataset_alias_example_alias_consumer', 'dataset_s3_bucket_consumer', 'dataset_s3_bucket_producer' retrieved from /home/airflow/.local/lib/python3.12/site-packages/airflow/example_dags/example_dataset_alias.py
[2024-12-17T14:52:43.147+0000] {logging_mixin.py:190} INFO - [2024-12-17T14:52:43.147+0000] {dag.py:3239} INFO - Sync 4 DAGs
[2024-12-17T14:52:43.164+0000] {logging_mixin.py:190} INFO - [2024-12-17T14:52:43.164+0000] {dag.py:4180} INFO - Setting next_dagrun for dataset_alias_example_alias_consumer to None, run_after=None
[2024-12-17T14:52:43.167+0000] {logging_mixin.py:190} INFO - [2024-12-17T14:52:43.167+0000] {dag.py:4180} INFO - Setting next_dagrun for dataset_alias_example_alias_producer to None, run_after=None
[2024-12-17T14:52:43.169+0000] {logging_mixin.py:190} INFO - [2024-12-17T14:52:43.169+0000] {dag.py:4180} INFO - Setting next_dagrun for dataset_s3_bucket_consumer to None, run_after=None
[2024-12-17T14:52:43.170+0000] {logging_mixin.py:190} INFO - [2024-12-17T14:52:43.170+0000] {dag.py:4180} INFO - Setting next_dagrun for dataset_s3_bucket_producer to None, run_after=None
[2024-12-17T14:52:43.186+0000] {processor.py:208} INFO - Processing /home/airflow/.local/lib/python3.12/site-packages/airflow/example_dags/example_dataset_alias.py took 0.084 seconds
[2024-12-17T14:53:13.784+0000] {processor.py:186} INFO - Started process (PID=1406) to work on /home/airflow/.local/lib/python3.12/site-packages/airflow/example_dags/example_dataset_alias.py
[2024-12-17T14:53:13.785+0000] {processor.py:914} INFO - Processing file /home/airflow/.local/lib/python3.12/site-packages/airflow/example_dags/example_dataset_alias.py for tasks to queue
[2024-12-17T14:53:13.786+0000] {logging_mixin.py:190} INFO - [2024-12-17T14:53:13.786+0000] {dagbag.py:588} INFO - Filling up the DagBag from /home/airflow/.local/lib/python3.12/site-packages/airflow/example_dags/example_dataset_alias.py
[2024-12-17T14:53:13.806+0000] {processor.py:925} INFO - DAG(s) 'dataset_alias_example_alias_producer', 'dataset_s3_bucket_producer', 'dataset_alias_example_alias_consumer', 'dataset_s3_bucket_consumer' retrieved from /home/airflow/.local/lib/python3.12/site-packages/airflow/example_dags/example_dataset_alias.py
[2024-12-17T14:53:13.819+0000] {logging_mixin.py:190} INFO - [2024-12-17T14:53:13.819+0000] {dag.py:3239} INFO - Sync 4 DAGs
[2024-12-17T14:53:13.833+0000] {logging_mixin.py:190} INFO - [2024-12-17T14:53:13.833+0000] {dag.py:4180} INFO - Setting next_dagrun for dataset_alias_example_alias_consumer to None, run_after=None
[2024-12-17T14:53:13.835+0000] {logging_mixin.py:190} INFO - [2024-12-17T14:53:13.835+0000] {dag.py:4180} INFO - Setting next_dagrun for dataset_alias_example_alias_producer to None, run_after=None
[2024-12-17T14:53:13.836+0000] {logging_mixin.py:190} INFO - [2024-12-17T14:53:13.836+0000] {dag.py:4180} INFO - Setting next_dagrun for dataset_s3_bucket_consumer to None, run_after=None
[2024-12-17T14:53:13.837+0000] {logging_mixin.py:190} INFO - [2024-12-17T14:53:13.836+0000] {dag.py:4180} INFO - Setting next_dagrun for dataset_s3_bucket_producer to None, run_after=None
[2024-12-17T14:53:13.851+0000] {processor.py:208} INFO - Processing /home/airflow/.local/lib/python3.12/site-packages/airflow/example_dags/example_dataset_alias.py took 0.070 seconds
[2024-12-17T14:53:46.048+0000] {processor.py:186} INFO - Started process (PID=1471) to work on /home/airflow/.local/lib/python3.12/site-packages/airflow/example_dags/example_dataset_alias.py
[2024-12-17T14:53:46.049+0000] {processor.py:914} INFO - Processing file /home/airflow/.local/lib/python3.12/site-packages/airflow/example_dags/example_dataset_alias.py for tasks to queue
[2024-12-17T14:53:46.051+0000] {logging_mixin.py:190} INFO - [2024-12-17T14:53:46.050+0000] {dagbag.py:588} INFO - Filling up the DagBag from /home/airflow/.local/lib/python3.12/site-packages/airflow/example_dags/example_dataset_alias.py
[2024-12-17T14:53:46.070+0000] {processor.py:925} INFO - DAG(s) 'dataset_s3_bucket_consumer', 'dataset_alias_example_alias_producer', 'dataset_s3_bucket_producer', 'dataset_alias_example_alias_consumer' retrieved from /home/airflow/.local/lib/python3.12/site-packages/airflow/example_dags/example_dataset_alias.py
[2024-12-17T14:53:46.083+0000] {logging_mixin.py:190} INFO - [2024-12-17T14:53:46.082+0000] {dag.py:3239} INFO - Sync 4 DAGs
[2024-12-17T14:53:46.097+0000] {logging_mixin.py:190} INFO - [2024-12-17T14:53:46.096+0000] {dag.py:4180} INFO - Setting next_dagrun for dataset_alias_example_alias_consumer to None, run_after=None
[2024-12-17T14:53:46.098+0000] {logging_mixin.py:190} INFO - [2024-12-17T14:53:46.098+0000] {dag.py:4180} INFO - Setting next_dagrun for dataset_alias_example_alias_producer to None, run_after=None
[2024-12-17T14:53:46.099+0000] {logging_mixin.py:190} INFO - [2024-12-17T14:53:46.099+0000] {dag.py:4180} INFO - Setting next_dagrun for dataset_s3_bucket_consumer to None, run_after=None
[2024-12-17T14:53:46.100+0000] {logging_mixin.py:190} INFO - [2024-12-17T14:53:46.100+0000] {dag.py:4180} INFO - Setting next_dagrun for dataset_s3_bucket_producer to None, run_after=None
[2024-12-17T14:53:46.113+0000] {processor.py:208} INFO - Processing /home/airflow/.local/lib/python3.12/site-packages/airflow/example_dags/example_dataset_alias.py took 0.068 seconds
[2024-12-17T14:54:19.505+0000] {processor.py:186} INFO - Started process (PID=1536) to work on /home/airflow/.local/lib/python3.12/site-packages/airflow/example_dags/example_dataset_alias.py
[2024-12-17T14:54:19.506+0000] {processor.py:914} INFO - Processing file /home/airflow/.local/lib/python3.12/site-packages/airflow/example_dags/example_dataset_alias.py for tasks to queue
[2024-12-17T14:54:19.507+0000] {logging_mixin.py:190} INFO - [2024-12-17T14:54:19.507+0000] {dagbag.py:588} INFO - Filling up the DagBag from /home/airflow/.local/lib/python3.12/site-packages/airflow/example_dags/example_dataset_alias.py
[2024-12-17T14:54:19.526+0000] {processor.py:925} INFO - DAG(s) 'dataset_s3_bucket_producer', 'dataset_alias_example_alias_consumer', 'dataset_s3_bucket_consumer', 'dataset_alias_example_alias_producer' retrieved from /home/airflow/.local/lib/python3.12/site-packages/airflow/example_dags/example_dataset_alias.py
[2024-12-17T14:54:19.540+0000] {logging_mixin.py:190} INFO - [2024-12-17T14:54:19.540+0000] {dag.py:3239} INFO - Sync 4 DAGs
[2024-12-17T14:54:19.555+0000] {logging_mixin.py:190} INFO - [2024-12-17T14:54:19.555+0000] {dag.py:4180} INFO - Setting next_dagrun for dataset_alias_example_alias_consumer to None, run_after=None
[2024-12-17T14:54:19.557+0000] {logging_mixin.py:190} INFO - [2024-12-17T14:54:19.557+0000] {dag.py:4180} INFO - Setting next_dagrun for dataset_alias_example_alias_producer to None, run_after=None
[2024-12-17T14:54:19.558+0000] {logging_mixin.py:190} INFO - [2024-12-17T14:54:19.558+0000] {dag.py:4180} INFO - Setting next_dagrun for dataset_s3_bucket_consumer to None, run_after=None
[2024-12-17T14:54:19.559+0000] {logging_mixin.py:190} INFO - [2024-12-17T14:54:19.558+0000] {dag.py:4180} INFO - Setting next_dagrun for dataset_s3_bucket_producer to None, run_after=None
[2024-12-17T14:54:19.572+0000] {processor.py:208} INFO - Processing /home/airflow/.local/lib/python3.12/site-packages/airflow/example_dags/example_dataset_alias.py took 0.070 seconds
[2024-12-17T14:54:51.880+0000] {processor.py:186} INFO - Started process (PID=1601) to work on /home/airflow/.local/lib/python3.12/site-packages/airflow/example_dags/example_dataset_alias.py
[2024-12-17T14:54:51.881+0000] {processor.py:914} INFO - Processing file /home/airflow/.local/lib/python3.12/site-packages/airflow/example_dags/example_dataset_alias.py for tasks to queue
[2024-12-17T14:54:51.883+0000] {logging_mixin.py:190} INFO - [2024-12-17T14:54:51.882+0000] {dagbag.py:588} INFO - Filling up the DagBag from /home/airflow/.local/lib/python3.12/site-packages/airflow/example_dags/example_dataset_alias.py
[2024-12-17T14:54:51.903+0000] {processor.py:925} INFO - DAG(s) 'dataset_s3_bucket_producer', 'dataset_s3_bucket_consumer', 'dataset_alias_example_alias_consumer', 'dataset_alias_example_alias_producer' retrieved from /home/airflow/.local/lib/python3.12/site-packages/airflow/example_dags/example_dataset_alias.py
[2024-12-17T14:54:51.917+0000] {logging_mixin.py:190} INFO - [2024-12-17T14:54:51.917+0000] {dag.py:3239} INFO - Sync 4 DAGs
[2024-12-17T14:54:51.933+0000] {logging_mixin.py:190} INFO - [2024-12-17T14:54:51.933+0000] {dag.py:4180} INFO - Setting next_dagrun for dataset_alias_example_alias_consumer to None, run_after=None
[2024-12-17T14:54:51.935+0000] {logging_mixin.py:190} INFO - [2024-12-17T14:54:51.935+0000] {dag.py:4180} INFO - Setting next_dagrun for dataset_alias_example_alias_producer to None, run_after=None
[2024-12-17T14:54:51.936+0000] {logging_mixin.py:190} INFO - [2024-12-17T14:54:51.936+0000] {dag.py:4180} INFO - Setting next_dagrun for dataset_s3_bucket_consumer to None, run_after=None
[2024-12-17T14:54:51.937+0000] {logging_mixin.py:190} INFO - [2024-12-17T14:54:51.937+0000] {dag.py:4180} INFO - Setting next_dagrun for dataset_s3_bucket_producer to None, run_after=None
[2024-12-17T14:54:51.950+0000] {processor.py:208} INFO - Processing /home/airflow/.local/lib/python3.12/site-packages/airflow/example_dags/example_dataset_alias.py took 0.074 seconds
[2024-12-17T14:55:24.464+0000] {processor.py:186} INFO - Started process (PID=1666) to work on /home/airflow/.local/lib/python3.12/site-packages/airflow/example_dags/example_dataset_alias.py
[2024-12-17T14:55:24.464+0000] {processor.py:914} INFO - Processing file /home/airflow/.local/lib/python3.12/site-packages/airflow/example_dags/example_dataset_alias.py for tasks to queue
[2024-12-17T14:55:24.466+0000] {logging_mixin.py:190} INFO - [2024-12-17T14:55:24.466+0000] {dagbag.py:588} INFO - Filling up the DagBag from /home/airflow/.local/lib/python3.12/site-packages/airflow/example_dags/example_dataset_alias.py
[2024-12-17T14:55:24.487+0000] {processor.py:925} INFO - DAG(s) 'dataset_alias_example_alias_producer', 'dataset_alias_example_alias_consumer', 'dataset_s3_bucket_producer', 'dataset_s3_bucket_consumer' retrieved from /home/airflow/.local/lib/python3.12/site-packages/airflow/example_dags/example_dataset_alias.py
[2024-12-17T14:55:24.501+0000] {logging_mixin.py:190} INFO - [2024-12-17T14:55:24.501+0000] {dag.py:3239} INFO - Sync 4 DAGs
[2024-12-17T14:55:24.517+0000] {logging_mixin.py:190} INFO - [2024-12-17T14:55:24.517+0000] {dag.py:4180} INFO - Setting next_dagrun for dataset_alias_example_alias_consumer to None, run_after=None
[2024-12-17T14:55:24.519+0000] {logging_mixin.py:190} INFO - [2024-12-17T14:55:24.519+0000] {dag.py:4180} INFO - Setting next_dagrun for dataset_alias_example_alias_producer to None, run_after=None
[2024-12-17T14:55:24.520+0000] {logging_mixin.py:190} INFO - [2024-12-17T14:55:24.520+0000] {dag.py:4180} INFO - Setting next_dagrun for dataset_s3_bucket_consumer to None, run_after=None
[2024-12-17T14:55:24.521+0000] {logging_mixin.py:190} INFO - [2024-12-17T14:55:24.521+0000] {dag.py:4180} INFO - Setting next_dagrun for dataset_s3_bucket_producer to None, run_after=None
[2024-12-17T14:55:24.536+0000] {processor.py:208} INFO - Processing /home/airflow/.local/lib/python3.12/site-packages/airflow/example_dags/example_dataset_alias.py took 0.076 seconds
[2024-12-17T14:55:56.466+0000] {processor.py:186} INFO - Started process (PID=1731) to work on /home/airflow/.local/lib/python3.12/site-packages/airflow/example_dags/example_dataset_alias.py
[2024-12-17T14:55:56.467+0000] {processor.py:914} INFO - Processing file /home/airflow/.local/lib/python3.12/site-packages/airflow/example_dags/example_dataset_alias.py for tasks to queue
[2024-12-17T14:55:56.470+0000] {logging_mixin.py:190} INFO - [2024-12-17T14:55:56.469+0000] {dagbag.py:588} INFO - Filling up the DagBag from /home/airflow/.local/lib/python3.12/site-packages/airflow/example_dags/example_dataset_alias.py
[2024-12-17T14:55:56.491+0000] {processor.py:925} INFO - DAG(s) 'dataset_alias_example_alias_producer', 'dataset_s3_bucket_consumer', 'dataset_alias_example_alias_consumer', 'dataset_s3_bucket_producer' retrieved from /home/airflow/.local/lib/python3.12/site-packages/airflow/example_dags/example_dataset_alias.py
[2024-12-17T14:55:56.505+0000] {logging_mixin.py:190} INFO - [2024-12-17T14:55:56.505+0000] {dag.py:3239} INFO - Sync 4 DAGs
[2024-12-17T14:55:56.520+0000] {logging_mixin.py:190} INFO - [2024-12-17T14:55:56.520+0000] {dag.py:4180} INFO - Setting next_dagrun for dataset_alias_example_alias_consumer to None, run_after=None
[2024-12-17T14:55:56.522+0000] {logging_mixin.py:190} INFO - [2024-12-17T14:55:56.522+0000] {dag.py:4180} INFO - Setting next_dagrun for dataset_alias_example_alias_producer to None, run_after=None
[2024-12-17T14:55:56.523+0000] {logging_mixin.py:190} INFO - [2024-12-17T14:55:56.523+0000] {dag.py:4180} INFO - Setting next_dagrun for dataset_s3_bucket_consumer to None, run_after=None
[2024-12-17T14:55:56.524+0000] {logging_mixin.py:190} INFO - [2024-12-17T14:55:56.524+0000] {dag.py:4180} INFO - Setting next_dagrun for dataset_s3_bucket_producer to None, run_after=None
[2024-12-17T14:55:56.539+0000] {processor.py:208} INFO - Processing /home/airflow/.local/lib/python3.12/site-packages/airflow/example_dags/example_dataset_alias.py took 0.077 seconds
[2024-12-17T14:56:27.012+0000] {processor.py:186} INFO - Started process (PID=1796) to work on /home/airflow/.local/lib/python3.12/site-packages/airflow/example_dags/example_dataset_alias.py
[2024-12-17T14:56:27.012+0000] {processor.py:914} INFO - Processing file /home/airflow/.local/lib/python3.12/site-packages/airflow/example_dags/example_dataset_alias.py for tasks to queue
[2024-12-17T14:56:27.014+0000] {logging_mixin.py:190} INFO - [2024-12-17T14:56:27.014+0000] {dagbag.py:588} INFO - Filling up the DagBag from /home/airflow/.local/lib/python3.12/site-packages/airflow/example_dags/example_dataset_alias.py
[2024-12-17T14:56:27.034+0000] {processor.py:925} INFO - DAG(s) 'dataset_alias_example_alias_consumer', 'dataset_alias_example_alias_producer', 'dataset_s3_bucket_producer', 'dataset_s3_bucket_consumer' retrieved from /home/airflow/.local/lib/python3.12/site-packages/airflow/example_dags/example_dataset_alias.py
[2024-12-17T14:56:27.048+0000] {logging_mixin.py:190} INFO - [2024-12-17T14:56:27.048+0000] {dag.py:3239} INFO - Sync 4 DAGs
[2024-12-17T14:56:27.063+0000] {logging_mixin.py:190} INFO - [2024-12-17T14:56:27.062+0000] {dag.py:4180} INFO - Setting next_dagrun for dataset_alias_example_alias_consumer to None, run_after=None
[2024-12-17T14:56:27.064+0000] {logging_mixin.py:190} INFO - [2024-12-17T14:56:27.064+0000] {dag.py:4180} INFO - Setting next_dagrun for dataset_alias_example_alias_producer to None, run_after=None
[2024-12-17T14:56:27.065+0000] {logging_mixin.py:190} INFO - [2024-12-17T14:56:27.065+0000] {dag.py:4180} INFO - Setting next_dagrun for dataset_s3_bucket_consumer to None, run_after=None
[2024-12-17T14:56:27.066+0000] {logging_mixin.py:190} INFO - [2024-12-17T14:56:27.066+0000] {dag.py:4180} INFO - Setting next_dagrun for dataset_s3_bucket_producer to None, run_after=None
[2024-12-17T14:56:27.080+0000] {processor.py:208} INFO - Processing /home/airflow/.local/lib/python3.12/site-packages/airflow/example_dags/example_dataset_alias.py took 0.072 seconds
