[2024-12-17T14:42:58.688+0000] {processor.py:186} INFO - Started process (PID=70) to work on /home/airflow/.local/lib/python3.12/site-packages/airflow/example_dags/example_sla_dag.py
[2024-12-17T14:42:58.689+0000] {processor.py:914} INFO - Processing file /home/airflow/.local/lib/python3.12/site-packages/airflow/example_dags/example_sla_dag.py for tasks to queue
[2024-12-17T14:42:58.690+0000] {logging_mixin.py:190} INFO - [2024-12-17T14:42:58.690+0000] {dagbag.py:588} INFO - Filling up the DagBag from /home/airflow/.local/lib/python3.12/site-packages/airflow/example_dags/example_sla_dag.py
[2024-12-17T14:42:58.697+0000] {processor.py:925} INFO - DAG(s) 'example_sla_dag' retrieved from /home/airflow/.local/lib/python3.12/site-packages/airflow/example_dags/example_sla_dag.py
[2024-12-17T14:42:58.711+0000] {logging_mixin.py:190} INFO - [2024-12-17T14:42:58.711+0000] {dag.py:3239} INFO - Sync 1 DAGs
[2024-12-17T14:42:58.728+0000] {logging_mixin.py:190} INFO - [2024-12-17T14:42:58.728+0000] {dag.py:4180} INFO - Setting next_dagrun for example_sla_dag to 2024-12-17 14:40:00+00:00, run_after=2024-12-17 14:42:00+00:00
[2024-12-17T14:42:58.741+0000] {processor.py:208} INFO - Processing /home/airflow/.local/lib/python3.12/site-packages/airflow/example_dags/example_sla_dag.py took 0.056 seconds
[2024-12-17T14:43:29.000+0000] {processor.py:186} INFO - Started process (PID=134) to work on /home/airflow/.local/lib/python3.12/site-packages/airflow/example_dags/example_sla_dag.py
[2024-12-17T14:43:29.000+0000] {processor.py:914} INFO - Processing file /home/airflow/.local/lib/python3.12/site-packages/airflow/example_dags/example_sla_dag.py for tasks to queue
[2024-12-17T14:43:29.002+0000] {logging_mixin.py:190} INFO - [2024-12-17T14:43:29.002+0000] {dagbag.py:588} INFO - Filling up the DagBag from /home/airflow/.local/lib/python3.12/site-packages/airflow/example_dags/example_sla_dag.py
[2024-12-17T14:43:29.008+0000] {processor.py:925} INFO - DAG(s) 'example_sla_dag' retrieved from /home/airflow/.local/lib/python3.12/site-packages/airflow/example_dags/example_sla_dag.py
[2024-12-17T14:43:29.021+0000] {logging_mixin.py:190} INFO - [2024-12-17T14:43:29.021+0000] {dag.py:3239} INFO - Sync 1 DAGs
[2024-12-17T14:43:29.041+0000] {logging_mixin.py:190} INFO - [2024-12-17T14:43:29.040+0000] {dag.py:4180} INFO - Setting next_dagrun for example_sla_dag to 2024-12-17 14:40:00+00:00, run_after=2024-12-17 14:42:00+00:00
[2024-12-17T14:43:29.053+0000] {processor.py:208} INFO - Processing /home/airflow/.local/lib/python3.12/site-packages/airflow/example_dags/example_sla_dag.py took 0.057 seconds
[2024-12-17T14:43:59.621+0000] {processor.py:186} INFO - Started process (PID=200) to work on /home/airflow/.local/lib/python3.12/site-packages/airflow/example_dags/example_sla_dag.py
[2024-12-17T14:43:59.622+0000] {processor.py:914} INFO - Processing file /home/airflow/.local/lib/python3.12/site-packages/airflow/example_dags/example_sla_dag.py for tasks to queue
[2024-12-17T14:43:59.623+0000] {logging_mixin.py:190} INFO - [2024-12-17T14:43:59.623+0000] {dagbag.py:588} INFO - Filling up the DagBag from /home/airflow/.local/lib/python3.12/site-packages/airflow/example_dags/example_sla_dag.py
[2024-12-17T14:43:59.629+0000] {processor.py:925} INFO - DAG(s) 'example_sla_dag' retrieved from /home/airflow/.local/lib/python3.12/site-packages/airflow/example_dags/example_sla_dag.py
[2024-12-17T14:43:59.642+0000] {logging_mixin.py:190} INFO - [2024-12-17T14:43:59.642+0000] {dag.py:3239} INFO - Sync 1 DAGs
[2024-12-17T14:43:59.660+0000] {logging_mixin.py:190} INFO - [2024-12-17T14:43:59.660+0000] {dag.py:4180} INFO - Setting next_dagrun for example_sla_dag to 2024-12-17 14:40:00+00:00, run_after=2024-12-17 14:42:00+00:00
[2024-12-17T14:43:59.672+0000] {processor.py:208} INFO - Processing /home/airflow/.local/lib/python3.12/site-packages/airflow/example_dags/example_sla_dag.py took 0.055 seconds
[2024-12-17T14:44:29.881+0000] {processor.py:186} INFO - Started process (PID=265) to work on /home/airflow/.local/lib/python3.12/site-packages/airflow/example_dags/example_sla_dag.py
[2024-12-17T14:44:29.882+0000] {processor.py:914} INFO - Processing file /home/airflow/.local/lib/python3.12/site-packages/airflow/example_dags/example_sla_dag.py for tasks to queue
[2024-12-17T14:44:29.883+0000] {logging_mixin.py:190} INFO - [2024-12-17T14:44:29.883+0000] {dagbag.py:588} INFO - Filling up the DagBag from /home/airflow/.local/lib/python3.12/site-packages/airflow/example_dags/example_sla_dag.py
[2024-12-17T14:44:29.889+0000] {processor.py:925} INFO - DAG(s) 'example_sla_dag' retrieved from /home/airflow/.local/lib/python3.12/site-packages/airflow/example_dags/example_sla_dag.py
[2024-12-17T14:44:29.903+0000] {logging_mixin.py:190} INFO - [2024-12-17T14:44:29.903+0000] {dag.py:3239} INFO - Sync 1 DAGs
[2024-12-17T14:44:29.919+0000] {logging_mixin.py:190} INFO - [2024-12-17T14:44:29.919+0000] {dag.py:4180} INFO - Setting next_dagrun for example_sla_dag to 2024-12-17 14:42:00+00:00, run_after=2024-12-17 14:44:00+00:00
[2024-12-17T14:44:29.931+0000] {processor.py:208} INFO - Processing /home/airflow/.local/lib/python3.12/site-packages/airflow/example_dags/example_sla_dag.py took 0.053 seconds
[2024-12-17T14:45:00.070+0000] {processor.py:186} INFO - Started process (PID=330) to work on /home/airflow/.local/lib/python3.12/site-packages/airflow/example_dags/example_sla_dag.py
[2024-12-17T14:45:00.071+0000] {processor.py:914} INFO - Processing file /home/airflow/.local/lib/python3.12/site-packages/airflow/example_dags/example_sla_dag.py for tasks to queue
[2024-12-17T14:45:00.072+0000] {logging_mixin.py:190} INFO - [2024-12-17T14:45:00.072+0000] {dagbag.py:588} INFO - Filling up the DagBag from /home/airflow/.local/lib/python3.12/site-packages/airflow/example_dags/example_sla_dag.py
[2024-12-17T14:45:00.078+0000] {processor.py:925} INFO - DAG(s) 'example_sla_dag' retrieved from /home/airflow/.local/lib/python3.12/site-packages/airflow/example_dags/example_sla_dag.py
[2024-12-17T14:45:00.090+0000] {logging_mixin.py:190} INFO - [2024-12-17T14:45:00.090+0000] {dag.py:3239} INFO - Sync 1 DAGs
[2024-12-17T14:45:00.106+0000] {logging_mixin.py:190} INFO - [2024-12-17T14:45:00.105+0000] {dag.py:4180} INFO - Setting next_dagrun for example_sla_dag to 2024-12-17 14:42:00+00:00, run_after=2024-12-17 14:44:00+00:00
[2024-12-17T14:45:00.116+0000] {processor.py:208} INFO - Processing /home/airflow/.local/lib/python3.12/site-packages/airflow/example_dags/example_sla_dag.py took 0.050 seconds
[2024-12-17T14:45:30.253+0000] {processor.py:186} INFO - Started process (PID=395) to work on /home/airflow/.local/lib/python3.12/site-packages/airflow/example_dags/example_sla_dag.py
[2024-12-17T14:45:30.254+0000] {processor.py:914} INFO - Processing file /home/airflow/.local/lib/python3.12/site-packages/airflow/example_dags/example_sla_dag.py for tasks to queue
[2024-12-17T14:45:30.255+0000] {logging_mixin.py:190} INFO - [2024-12-17T14:45:30.255+0000] {dagbag.py:588} INFO - Filling up the DagBag from /home/airflow/.local/lib/python3.12/site-packages/airflow/example_dags/example_sla_dag.py
[2024-12-17T14:45:30.261+0000] {processor.py:925} INFO - DAG(s) 'example_sla_dag' retrieved from /home/airflow/.local/lib/python3.12/site-packages/airflow/example_dags/example_sla_dag.py
[2024-12-17T14:45:30.273+0000] {logging_mixin.py:190} INFO - [2024-12-17T14:45:30.273+0000] {dag.py:3239} INFO - Sync 1 DAGs
[2024-12-17T14:45:30.290+0000] {logging_mixin.py:190} INFO - [2024-12-17T14:45:30.290+0000] {dag.py:4180} INFO - Setting next_dagrun for example_sla_dag to 2024-12-17 14:42:00+00:00, run_after=2024-12-17 14:44:00+00:00
[2024-12-17T14:45:30.303+0000] {processor.py:208} INFO - Processing /home/airflow/.local/lib/python3.12/site-packages/airflow/example_dags/example_sla_dag.py took 0.052 seconds
[2024-12-17T14:46:00.523+0000] {processor.py:186} INFO - Started process (PID=460) to work on /home/airflow/.local/lib/python3.12/site-packages/airflow/example_dags/example_sla_dag.py
[2024-12-17T14:46:00.523+0000] {processor.py:914} INFO - Processing file /home/airflow/.local/lib/python3.12/site-packages/airflow/example_dags/example_sla_dag.py for tasks to queue
[2024-12-17T14:46:00.525+0000] {logging_mixin.py:190} INFO - [2024-12-17T14:46:00.525+0000] {dagbag.py:588} INFO - Filling up the DagBag from /home/airflow/.local/lib/python3.12/site-packages/airflow/example_dags/example_sla_dag.py
[2024-12-17T14:46:00.531+0000] {processor.py:925} INFO - DAG(s) 'example_sla_dag' retrieved from /home/airflow/.local/lib/python3.12/site-packages/airflow/example_dags/example_sla_dag.py
[2024-12-17T14:46:00.543+0000] {logging_mixin.py:190} INFO - [2024-12-17T14:46:00.543+0000] {dag.py:3239} INFO - Sync 1 DAGs
[2024-12-17T14:46:00.558+0000] {logging_mixin.py:190} INFO - [2024-12-17T14:46:00.558+0000] {dag.py:4180} INFO - Setting next_dagrun for example_sla_dag to 2024-12-17 14:44:00+00:00, run_after=2024-12-17 14:46:00+00:00
[2024-12-17T14:46:00.569+0000] {processor.py:208} INFO - Processing /home/airflow/.local/lib/python3.12/site-packages/airflow/example_dags/example_sla_dag.py took 0.050 seconds
[2024-12-17T14:46:30.922+0000] {processor.py:186} INFO - Started process (PID=525) to work on /home/airflow/.local/lib/python3.12/site-packages/airflow/example_dags/example_sla_dag.py
[2024-12-17T14:46:30.923+0000] {processor.py:914} INFO - Processing file /home/airflow/.local/lib/python3.12/site-packages/airflow/example_dags/example_sla_dag.py for tasks to queue
[2024-12-17T14:46:30.925+0000] {logging_mixin.py:190} INFO - [2024-12-17T14:46:30.924+0000] {dagbag.py:588} INFO - Filling up the DagBag from /home/airflow/.local/lib/python3.12/site-packages/airflow/example_dags/example_sla_dag.py
[2024-12-17T14:46:30.931+0000] {processor.py:925} INFO - DAG(s) 'example_sla_dag' retrieved from /home/airflow/.local/lib/python3.12/site-packages/airflow/example_dags/example_sla_dag.py
[2024-12-17T14:46:30.945+0000] {logging_mixin.py:190} INFO - [2024-12-17T14:46:30.944+0000] {dag.py:3239} INFO - Sync 1 DAGs
[2024-12-17T14:46:30.962+0000] {logging_mixin.py:190} INFO - [2024-12-17T14:46:30.962+0000] {dag.py:4180} INFO - Setting next_dagrun for example_sla_dag to 2024-12-17 14:44:00+00:00, run_after=2024-12-17 14:46:00+00:00
[2024-12-17T14:46:30.976+0000] {processor.py:208} INFO - Processing /home/airflow/.local/lib/python3.12/site-packages/airflow/example_dags/example_sla_dag.py took 0.057 seconds
[2024-12-17T14:47:01.522+0000] {processor.py:186} INFO - Started process (PID=590) to work on /home/airflow/.local/lib/python3.12/site-packages/airflow/example_dags/example_sla_dag.py
[2024-12-17T14:47:01.523+0000] {processor.py:914} INFO - Processing file /home/airflow/.local/lib/python3.12/site-packages/airflow/example_dags/example_sla_dag.py for tasks to queue
[2024-12-17T14:47:01.524+0000] {logging_mixin.py:190} INFO - [2024-12-17T14:47:01.524+0000] {dagbag.py:588} INFO - Filling up the DagBag from /home/airflow/.local/lib/python3.12/site-packages/airflow/example_dags/example_sla_dag.py
[2024-12-17T14:47:01.531+0000] {processor.py:925} INFO - DAG(s) 'example_sla_dag' retrieved from /home/airflow/.local/lib/python3.12/site-packages/airflow/example_dags/example_sla_dag.py
[2024-12-17T14:47:01.546+0000] {logging_mixin.py:190} INFO - [2024-12-17T14:47:01.546+0000] {dag.py:3239} INFO - Sync 1 DAGs
[2024-12-17T14:47:01.564+0000] {logging_mixin.py:190} INFO - [2024-12-17T14:47:01.564+0000] {dag.py:4180} INFO - Setting next_dagrun for example_sla_dag to 2024-12-17 14:44:00+00:00, run_after=2024-12-17 14:46:00+00:00
[2024-12-17T14:47:01.577+0000] {processor.py:208} INFO - Processing /home/airflow/.local/lib/python3.12/site-packages/airflow/example_dags/example_sla_dag.py took 0.059 seconds
[2024-12-17T14:47:32.163+0000] {processor.py:186} INFO - Started process (PID=655) to work on /home/airflow/.local/lib/python3.12/site-packages/airflow/example_dags/example_sla_dag.py
[2024-12-17T14:47:32.164+0000] {processor.py:914} INFO - Processing file /home/airflow/.local/lib/python3.12/site-packages/airflow/example_dags/example_sla_dag.py for tasks to queue
[2024-12-17T14:47:32.166+0000] {logging_mixin.py:190} INFO - [2024-12-17T14:47:32.166+0000] {dagbag.py:588} INFO - Filling up the DagBag from /home/airflow/.local/lib/python3.12/site-packages/airflow/example_dags/example_sla_dag.py
[2024-12-17T14:47:32.173+0000] {processor.py:925} INFO - DAG(s) 'example_sla_dag' retrieved from /home/airflow/.local/lib/python3.12/site-packages/airflow/example_dags/example_sla_dag.py
[2024-12-17T14:47:32.187+0000] {logging_mixin.py:190} INFO - [2024-12-17T14:47:32.187+0000] {dag.py:3239} INFO - Sync 1 DAGs
[2024-12-17T14:47:32.206+0000] {logging_mixin.py:190} INFO - [2024-12-17T14:47:32.206+0000] {dag.py:4180} INFO - Setting next_dagrun for example_sla_dag to 2024-12-17 14:44:00+00:00, run_after=2024-12-17 14:46:00+00:00
[2024-12-17T14:47:32.219+0000] {processor.py:208} INFO - Processing /home/airflow/.local/lib/python3.12/site-packages/airflow/example_dags/example_sla_dag.py took 0.059 seconds
[2024-12-17T14:48:02.673+0000] {processor.py:186} INFO - Started process (PID=720) to work on /home/airflow/.local/lib/python3.12/site-packages/airflow/example_dags/example_sla_dag.py
[2024-12-17T14:48:02.673+0000] {processor.py:914} INFO - Processing file /home/airflow/.local/lib/python3.12/site-packages/airflow/example_dags/example_sla_dag.py for tasks to queue
[2024-12-17T14:48:02.675+0000] {logging_mixin.py:190} INFO - [2024-12-17T14:48:02.674+0000] {dagbag.py:588} INFO - Filling up the DagBag from /home/airflow/.local/lib/python3.12/site-packages/airflow/example_dags/example_sla_dag.py
[2024-12-17T14:48:02.683+0000] {processor.py:925} INFO - DAG(s) 'example_sla_dag' retrieved from /home/airflow/.local/lib/python3.12/site-packages/airflow/example_dags/example_sla_dag.py
[2024-12-17T14:48:02.697+0000] {logging_mixin.py:190} INFO - [2024-12-17T14:48:02.697+0000] {dag.py:3239} INFO - Sync 1 DAGs
[2024-12-17T14:48:02.715+0000] {logging_mixin.py:190} INFO - [2024-12-17T14:48:02.715+0000] {dag.py:4180} INFO - Setting next_dagrun for example_sla_dag to 2024-12-17 14:46:00+00:00, run_after=2024-12-17 14:48:00+00:00
[2024-12-17T14:48:02.729+0000] {processor.py:208} INFO - Processing /home/airflow/.local/lib/python3.12/site-packages/airflow/example_dags/example_sla_dag.py took 0.060 seconds
[2024-12-17T14:48:33.026+0000] {processor.py:186} INFO - Started process (PID=785) to work on /home/airflow/.local/lib/python3.12/site-packages/airflow/example_dags/example_sla_dag.py
[2024-12-17T14:48:33.027+0000] {processor.py:914} INFO - Processing file /home/airflow/.local/lib/python3.12/site-packages/airflow/example_dags/example_sla_dag.py for tasks to queue
[2024-12-17T14:48:33.029+0000] {logging_mixin.py:190} INFO - [2024-12-17T14:48:33.028+0000] {dagbag.py:588} INFO - Filling up the DagBag from /home/airflow/.local/lib/python3.12/site-packages/airflow/example_dags/example_sla_dag.py
[2024-12-17T14:48:33.035+0000] {processor.py:925} INFO - DAG(s) 'example_sla_dag' retrieved from /home/airflow/.local/lib/python3.12/site-packages/airflow/example_dags/example_sla_dag.py
[2024-12-17T14:48:33.048+0000] {logging_mixin.py:190} INFO - [2024-12-17T14:48:33.048+0000] {dag.py:3239} INFO - Sync 1 DAGs
[2024-12-17T14:48:33.064+0000] {logging_mixin.py:190} INFO - [2024-12-17T14:48:33.064+0000] {dag.py:4180} INFO - Setting next_dagrun for example_sla_dag to 2024-12-17 14:46:00+00:00, run_after=2024-12-17 14:48:00+00:00
[2024-12-17T14:48:33.075+0000] {processor.py:208} INFO - Processing /home/airflow/.local/lib/python3.12/site-packages/airflow/example_dags/example_sla_dag.py took 0.052 seconds
[2024-12-17T14:49:03.310+0000] {processor.py:186} INFO - Started process (PID=850) to work on /home/airflow/.local/lib/python3.12/site-packages/airflow/example_dags/example_sla_dag.py
[2024-12-17T14:49:03.311+0000] {processor.py:914} INFO - Processing file /home/airflow/.local/lib/python3.12/site-packages/airflow/example_dags/example_sla_dag.py for tasks to queue
[2024-12-17T14:49:03.312+0000] {logging_mixin.py:190} INFO - [2024-12-17T14:49:03.312+0000] {dagbag.py:588} INFO - Filling up the DagBag from /home/airflow/.local/lib/python3.12/site-packages/airflow/example_dags/example_sla_dag.py
[2024-12-17T14:49:03.318+0000] {processor.py:925} INFO - DAG(s) 'example_sla_dag' retrieved from /home/airflow/.local/lib/python3.12/site-packages/airflow/example_dags/example_sla_dag.py
[2024-12-17T14:49:03.331+0000] {logging_mixin.py:190} INFO - [2024-12-17T14:49:03.330+0000] {dag.py:3239} INFO - Sync 1 DAGs
[2024-12-17T14:49:03.347+0000] {logging_mixin.py:190} INFO - [2024-12-17T14:49:03.347+0000] {dag.py:4180} INFO - Setting next_dagrun for example_sla_dag to 2024-12-17 14:46:00+00:00, run_after=2024-12-17 14:48:00+00:00
[2024-12-17T14:49:03.357+0000] {processor.py:208} INFO - Processing /home/airflow/.local/lib/python3.12/site-packages/airflow/example_dags/example_sla_dag.py took 0.051 seconds
[2024-12-17T14:49:33.450+0000] {processor.py:186} INFO - Started process (PID=915) to work on /home/airflow/.local/lib/python3.12/site-packages/airflow/example_dags/example_sla_dag.py
[2024-12-17T14:49:33.450+0000] {processor.py:914} INFO - Processing file /home/airflow/.local/lib/python3.12/site-packages/airflow/example_dags/example_sla_dag.py for tasks to queue
[2024-12-17T14:49:33.452+0000] {logging_mixin.py:190} INFO - [2024-12-17T14:49:33.452+0000] {dagbag.py:588} INFO - Filling up the DagBag from /home/airflow/.local/lib/python3.12/site-packages/airflow/example_dags/example_sla_dag.py
[2024-12-17T14:49:33.458+0000] {processor.py:925} INFO - DAG(s) 'example_sla_dag' retrieved from /home/airflow/.local/lib/python3.12/site-packages/airflow/example_dags/example_sla_dag.py
[2024-12-17T14:49:33.470+0000] {logging_mixin.py:190} INFO - [2024-12-17T14:49:33.470+0000] {dag.py:3239} INFO - Sync 1 DAGs
[2024-12-17T14:49:33.486+0000] {logging_mixin.py:190} INFO - [2024-12-17T14:49:33.486+0000] {dag.py:4180} INFO - Setting next_dagrun for example_sla_dag to 2024-12-17 14:46:00+00:00, run_after=2024-12-17 14:48:00+00:00
[2024-12-17T14:49:33.498+0000] {processor.py:208} INFO - Processing /home/airflow/.local/lib/python3.12/site-packages/airflow/example_dags/example_sla_dag.py took 0.051 seconds
[2024-12-17T14:50:04.622+0000] {processor.py:186} INFO - Started process (PID=980) to work on /home/airflow/.local/lib/python3.12/site-packages/airflow/example_dags/example_sla_dag.py
[2024-12-17T14:50:04.623+0000] {processor.py:914} INFO - Processing file /home/airflow/.local/lib/python3.12/site-packages/airflow/example_dags/example_sla_dag.py for tasks to queue
[2024-12-17T14:50:04.624+0000] {logging_mixin.py:190} INFO - [2024-12-17T14:50:04.624+0000] {dagbag.py:588} INFO - Filling up the DagBag from /home/airflow/.local/lib/python3.12/site-packages/airflow/example_dags/example_sla_dag.py
[2024-12-17T14:50:04.630+0000] {processor.py:925} INFO - DAG(s) 'example_sla_dag' retrieved from /home/airflow/.local/lib/python3.12/site-packages/airflow/example_dags/example_sla_dag.py
[2024-12-17T14:50:04.642+0000] {logging_mixin.py:190} INFO - [2024-12-17T14:50:04.642+0000] {dag.py:3239} INFO - Sync 1 DAGs
[2024-12-17T14:50:04.661+0000] {logging_mixin.py:190} INFO - [2024-12-17T14:50:04.661+0000] {dag.py:4180} INFO - Setting next_dagrun for example_sla_dag to 2024-12-17 14:48:00+00:00, run_after=2024-12-17 14:50:00+00:00
[2024-12-17T14:50:04.672+0000] {processor.py:208} INFO - Processing /home/airflow/.local/lib/python3.12/site-packages/airflow/example_dags/example_sla_dag.py took 0.053 seconds
[2024-12-17T14:50:37.853+0000] {processor.py:186} INFO - Started process (PID=1045) to work on /home/airflow/.local/lib/python3.12/site-packages/airflow/example_dags/example_sla_dag.py
[2024-12-17T14:50:37.854+0000] {processor.py:914} INFO - Processing file /home/airflow/.local/lib/python3.12/site-packages/airflow/example_dags/example_sla_dag.py for tasks to queue
[2024-12-17T14:50:37.855+0000] {logging_mixin.py:190} INFO - [2024-12-17T14:50:37.855+0000] {dagbag.py:588} INFO - Filling up the DagBag from /home/airflow/.local/lib/python3.12/site-packages/airflow/example_dags/example_sla_dag.py
[2024-12-17T14:50:37.863+0000] {processor.py:925} INFO - DAG(s) 'example_sla_dag' retrieved from /home/airflow/.local/lib/python3.12/site-packages/airflow/example_dags/example_sla_dag.py
[2024-12-17T14:50:37.877+0000] {logging_mixin.py:190} INFO - [2024-12-17T14:50:37.876+0000] {dag.py:3239} INFO - Sync 1 DAGs
[2024-12-17T14:50:37.894+0000] {logging_mixin.py:190} INFO - [2024-12-17T14:50:37.894+0000] {dag.py:4180} INFO - Setting next_dagrun for example_sla_dag to 2024-12-17 14:48:00+00:00, run_after=2024-12-17 14:50:00+00:00
[2024-12-17T14:50:37.906+0000] {processor.py:208} INFO - Processing /home/airflow/.local/lib/python3.12/site-packages/airflow/example_dags/example_sla_dag.py took 0.057 seconds
[2024-12-17T14:51:08.807+0000] {processor.py:186} INFO - Started process (PID=1110) to work on /home/airflow/.local/lib/python3.12/site-packages/airflow/example_dags/example_sla_dag.py
[2024-12-17T14:51:08.808+0000] {processor.py:914} INFO - Processing file /home/airflow/.local/lib/python3.12/site-packages/airflow/example_dags/example_sla_dag.py for tasks to queue
[2024-12-17T14:51:08.810+0000] {logging_mixin.py:190} INFO - [2024-12-17T14:51:08.810+0000] {dagbag.py:588} INFO - Filling up the DagBag from /home/airflow/.local/lib/python3.12/site-packages/airflow/example_dags/example_sla_dag.py
[2024-12-17T14:51:08.820+0000] {processor.py:925} INFO - DAG(s) 'example_sla_dag' retrieved from /home/airflow/.local/lib/python3.12/site-packages/airflow/example_dags/example_sla_dag.py
[2024-12-17T14:51:08.839+0000] {logging_mixin.py:190} INFO - [2024-12-17T14:51:08.839+0000] {dag.py:3239} INFO - Sync 1 DAGs
[2024-12-17T14:51:08.862+0000] {logging_mixin.py:190} INFO - [2024-12-17T14:51:08.861+0000] {dag.py:4180} INFO - Setting next_dagrun for example_sla_dag to 2024-12-17 14:48:00+00:00, run_after=2024-12-17 14:50:00+00:00
[2024-12-17T14:51:08.876+0000] {processor.py:208} INFO - Processing /home/airflow/.local/lib/python3.12/site-packages/airflow/example_dags/example_sla_dag.py took 0.073 seconds
[2024-12-17T14:51:39.684+0000] {processor.py:186} INFO - Started process (PID=1175) to work on /home/airflow/.local/lib/python3.12/site-packages/airflow/example_dags/example_sla_dag.py
[2024-12-17T14:51:39.684+0000] {processor.py:914} INFO - Processing file /home/airflow/.local/lib/python3.12/site-packages/airflow/example_dags/example_sla_dag.py for tasks to queue
[2024-12-17T14:51:39.686+0000] {logging_mixin.py:190} INFO - [2024-12-17T14:51:39.686+0000] {dagbag.py:588} INFO - Filling up the DagBag from /home/airflow/.local/lib/python3.12/site-packages/airflow/example_dags/example_sla_dag.py
[2024-12-17T14:51:39.694+0000] {processor.py:925} INFO - DAG(s) 'example_sla_dag' retrieved from /home/airflow/.local/lib/python3.12/site-packages/airflow/example_dags/example_sla_dag.py
[2024-12-17T14:51:39.713+0000] {logging_mixin.py:190} INFO - [2024-12-17T14:51:39.712+0000] {dag.py:3239} INFO - Sync 1 DAGs
[2024-12-17T14:51:39.733+0000] {logging_mixin.py:190} INFO - [2024-12-17T14:51:39.733+0000] {dag.py:4180} INFO - Setting next_dagrun for example_sla_dag to 2024-12-17 14:48:00+00:00, run_after=2024-12-17 14:50:00+00:00
[2024-12-17T14:51:39.747+0000] {processor.py:208} INFO - Processing /home/airflow/.local/lib/python3.12/site-packages/airflow/example_dags/example_sla_dag.py took 0.067 seconds
[2024-12-17T14:52:10.559+0000] {processor.py:186} INFO - Started process (PID=1240) to work on /home/airflow/.local/lib/python3.12/site-packages/airflow/example_dags/example_sla_dag.py
[2024-12-17T14:52:10.559+0000] {processor.py:914} INFO - Processing file /home/airflow/.local/lib/python3.12/site-packages/airflow/example_dags/example_sla_dag.py for tasks to queue
[2024-12-17T14:52:10.561+0000] {logging_mixin.py:190} INFO - [2024-12-17T14:52:10.561+0000] {dagbag.py:588} INFO - Filling up the DagBag from /home/airflow/.local/lib/python3.12/site-packages/airflow/example_dags/example_sla_dag.py
[2024-12-17T14:52:10.571+0000] {processor.py:925} INFO - DAG(s) 'example_sla_dag' retrieved from /home/airflow/.local/lib/python3.12/site-packages/airflow/example_dags/example_sla_dag.py
[2024-12-17T14:52:10.591+0000] {logging_mixin.py:190} INFO - [2024-12-17T14:52:10.590+0000] {dag.py:3239} INFO - Sync 1 DAGs
[2024-12-17T14:52:10.616+0000] {logging_mixin.py:190} INFO - [2024-12-17T14:52:10.616+0000] {dag.py:4180} INFO - Setting next_dagrun for example_sla_dag to 2024-12-17 14:50:00+00:00, run_after=2024-12-17 14:52:00+00:00
[2024-12-17T14:52:10.635+0000] {processor.py:208} INFO - Processing /home/airflow/.local/lib/python3.12/site-packages/airflow/example_dags/example_sla_dag.py took 0.082 seconds
[2024-12-17T14:52:41.393+0000] {processor.py:186} INFO - Started process (PID=1305) to work on /home/airflow/.local/lib/python3.12/site-packages/airflow/example_dags/example_sla_dag.py
[2024-12-17T14:52:41.394+0000] {processor.py:914} INFO - Processing file /home/airflow/.local/lib/python3.12/site-packages/airflow/example_dags/example_sla_dag.py for tasks to queue
[2024-12-17T14:52:41.396+0000] {logging_mixin.py:190} INFO - [2024-12-17T14:52:41.395+0000] {dagbag.py:588} INFO - Filling up the DagBag from /home/airflow/.local/lib/python3.12/site-packages/airflow/example_dags/example_sla_dag.py
[2024-12-17T14:52:41.404+0000] {processor.py:925} INFO - DAG(s) 'example_sla_dag' retrieved from /home/airflow/.local/lib/python3.12/site-packages/airflow/example_dags/example_sla_dag.py
[2024-12-17T14:52:41.419+0000] {logging_mixin.py:190} INFO - [2024-12-17T14:52:41.419+0000] {dag.py:3239} INFO - Sync 1 DAGs
[2024-12-17T14:52:41.438+0000] {logging_mixin.py:190} INFO - [2024-12-17T14:52:41.438+0000] {dag.py:4180} INFO - Setting next_dagrun for example_sla_dag to 2024-12-17 14:50:00+00:00, run_after=2024-12-17 14:52:00+00:00
[2024-12-17T14:52:41.455+0000] {processor.py:208} INFO - Processing /home/airflow/.local/lib/python3.12/site-packages/airflow/example_dags/example_sla_dag.py took 0.066 seconds
[2024-12-17T14:53:12.333+0000] {processor.py:186} INFO - Started process (PID=1370) to work on /home/airflow/.local/lib/python3.12/site-packages/airflow/example_dags/example_sla_dag.py
[2024-12-17T14:53:12.334+0000] {processor.py:914} INFO - Processing file /home/airflow/.local/lib/python3.12/site-packages/airflow/example_dags/example_sla_dag.py for tasks to queue
[2024-12-17T14:53:12.335+0000] {logging_mixin.py:190} INFO - [2024-12-17T14:53:12.335+0000] {dagbag.py:588} INFO - Filling up the DagBag from /home/airflow/.local/lib/python3.12/site-packages/airflow/example_dags/example_sla_dag.py
[2024-12-17T14:53:12.342+0000] {processor.py:925} INFO - DAG(s) 'example_sla_dag' retrieved from /home/airflow/.local/lib/python3.12/site-packages/airflow/example_dags/example_sla_dag.py
[2024-12-17T14:53:12.354+0000] {logging_mixin.py:190} INFO - [2024-12-17T14:53:12.354+0000] {dag.py:3239} INFO - Sync 1 DAGs
[2024-12-17T14:53:12.372+0000] {logging_mixin.py:190} INFO - [2024-12-17T14:53:12.372+0000] {dag.py:4180} INFO - Setting next_dagrun for example_sla_dag to 2024-12-17 14:50:00+00:00, run_after=2024-12-17 14:52:00+00:00
[2024-12-17T14:53:12.384+0000] {processor.py:208} INFO - Processing /home/airflow/.local/lib/python3.12/site-packages/airflow/example_dags/example_sla_dag.py took 0.055 seconds
[2024-12-17T14:53:44.492+0000] {processor.py:186} INFO - Started process (PID=1435) to work on /home/airflow/.local/lib/python3.12/site-packages/airflow/example_dags/example_sla_dag.py
[2024-12-17T14:53:44.492+0000] {processor.py:914} INFO - Processing file /home/airflow/.local/lib/python3.12/site-packages/airflow/example_dags/example_sla_dag.py for tasks to queue
[2024-12-17T14:53:44.494+0000] {logging_mixin.py:190} INFO - [2024-12-17T14:53:44.493+0000] {dagbag.py:588} INFO - Filling up the DagBag from /home/airflow/.local/lib/python3.12/site-packages/airflow/example_dags/example_sla_dag.py
[2024-12-17T14:53:44.500+0000] {processor.py:925} INFO - DAG(s) 'example_sla_dag' retrieved from /home/airflow/.local/lib/python3.12/site-packages/airflow/example_dags/example_sla_dag.py
[2024-12-17T14:53:44.512+0000] {logging_mixin.py:190} INFO - [2024-12-17T14:53:44.512+0000] {dag.py:3239} INFO - Sync 1 DAGs
[2024-12-17T14:53:44.528+0000] {logging_mixin.py:190} INFO - [2024-12-17T14:53:44.528+0000] {dag.py:4180} INFO - Setting next_dagrun for example_sla_dag to 2024-12-17 14:50:00+00:00, run_after=2024-12-17 14:52:00+00:00
[2024-12-17T14:53:44.541+0000] {processor.py:208} INFO - Processing /home/airflow/.local/lib/python3.12/site-packages/airflow/example_dags/example_sla_dag.py took 0.052 seconds
[2024-12-17T14:54:17.820+0000] {processor.py:186} INFO - Started process (PID=1500) to work on /home/airflow/.local/lib/python3.12/site-packages/airflow/example_dags/example_sla_dag.py
[2024-12-17T14:54:17.821+0000] {processor.py:914} INFO - Processing file /home/airflow/.local/lib/python3.12/site-packages/airflow/example_dags/example_sla_dag.py for tasks to queue
[2024-12-17T14:54:17.823+0000] {logging_mixin.py:190} INFO - [2024-12-17T14:54:17.823+0000] {dagbag.py:588} INFO - Filling up the DagBag from /home/airflow/.local/lib/python3.12/site-packages/airflow/example_dags/example_sla_dag.py
[2024-12-17T14:54:17.831+0000] {processor.py:925} INFO - DAG(s) 'example_sla_dag' retrieved from /home/airflow/.local/lib/python3.12/site-packages/airflow/example_dags/example_sla_dag.py
[2024-12-17T14:54:17.844+0000] {logging_mixin.py:190} INFO - [2024-12-17T14:54:17.844+0000] {dag.py:3239} INFO - Sync 1 DAGs
[2024-12-17T14:54:17.863+0000] {logging_mixin.py:190} INFO - [2024-12-17T14:54:17.862+0000] {dag.py:4180} INFO - Setting next_dagrun for example_sla_dag to 2024-12-17 14:52:00+00:00, run_after=2024-12-17 14:54:00+00:00
[2024-12-17T14:54:17.877+0000] {processor.py:208} INFO - Processing /home/airflow/.local/lib/python3.12/site-packages/airflow/example_dags/example_sla_dag.py took 0.062 seconds
[2024-12-17T14:54:50.239+0000] {processor.py:186} INFO - Started process (PID=1565) to work on /home/airflow/.local/lib/python3.12/site-packages/airflow/example_dags/example_sla_dag.py
[2024-12-17T14:54:50.240+0000] {processor.py:914} INFO - Processing file /home/airflow/.local/lib/python3.12/site-packages/airflow/example_dags/example_sla_dag.py for tasks to queue
[2024-12-17T14:54:50.242+0000] {logging_mixin.py:190} INFO - [2024-12-17T14:54:50.242+0000] {dagbag.py:588} INFO - Filling up the DagBag from /home/airflow/.local/lib/python3.12/site-packages/airflow/example_dags/example_sla_dag.py
[2024-12-17T14:54:50.249+0000] {processor.py:925} INFO - DAG(s) 'example_sla_dag' retrieved from /home/airflow/.local/lib/python3.12/site-packages/airflow/example_dags/example_sla_dag.py
[2024-12-17T14:54:50.263+0000] {logging_mixin.py:190} INFO - [2024-12-17T14:54:50.263+0000] {dag.py:3239} INFO - Sync 1 DAGs
[2024-12-17T14:54:50.280+0000] {logging_mixin.py:190} INFO - [2024-12-17T14:54:50.280+0000] {dag.py:4180} INFO - Setting next_dagrun for example_sla_dag to 2024-12-17 14:52:00+00:00, run_after=2024-12-17 14:54:00+00:00
[2024-12-17T14:54:50.292+0000] {processor.py:208} INFO - Processing /home/airflow/.local/lib/python3.12/site-packages/airflow/example_dags/example_sla_dag.py took 0.056 seconds
[2024-12-17T14:55:22.780+0000] {processor.py:186} INFO - Started process (PID=1630) to work on /home/airflow/.local/lib/python3.12/site-packages/airflow/example_dags/example_sla_dag.py
[2024-12-17T14:55:22.781+0000] {processor.py:914} INFO - Processing file /home/airflow/.local/lib/python3.12/site-packages/airflow/example_dags/example_sla_dag.py for tasks to queue
[2024-12-17T14:55:22.782+0000] {logging_mixin.py:190} INFO - [2024-12-17T14:55:22.782+0000] {dagbag.py:588} INFO - Filling up the DagBag from /home/airflow/.local/lib/python3.12/site-packages/airflow/example_dags/example_sla_dag.py
[2024-12-17T14:55:22.789+0000] {processor.py:925} INFO - DAG(s) 'example_sla_dag' retrieved from /home/airflow/.local/lib/python3.12/site-packages/airflow/example_dags/example_sla_dag.py
[2024-12-17T14:55:22.803+0000] {logging_mixin.py:190} INFO - [2024-12-17T14:55:22.803+0000] {dag.py:3239} INFO - Sync 1 DAGs
[2024-12-17T14:55:22.822+0000] {logging_mixin.py:190} INFO - [2024-12-17T14:55:22.822+0000] {dag.py:4180} INFO - Setting next_dagrun for example_sla_dag to 2024-12-17 14:52:00+00:00, run_after=2024-12-17 14:54:00+00:00
[2024-12-17T14:55:22.835+0000] {processor.py:208} INFO - Processing /home/airflow/.local/lib/python3.12/site-packages/airflow/example_dags/example_sla_dag.py took 0.058 seconds
[2024-12-17T14:55:54.596+0000] {processor.py:186} INFO - Started process (PID=1695) to work on /home/airflow/.local/lib/python3.12/site-packages/airflow/example_dags/example_sla_dag.py
[2024-12-17T14:55:54.597+0000] {processor.py:914} INFO - Processing file /home/airflow/.local/lib/python3.12/site-packages/airflow/example_dags/example_sla_dag.py for tasks to queue
[2024-12-17T14:55:54.599+0000] {logging_mixin.py:190} INFO - [2024-12-17T14:55:54.599+0000] {dagbag.py:588} INFO - Filling up the DagBag from /home/airflow/.local/lib/python3.12/site-packages/airflow/example_dags/example_sla_dag.py
[2024-12-17T14:55:54.606+0000] {processor.py:925} INFO - DAG(s) 'example_sla_dag' retrieved from /home/airflow/.local/lib/python3.12/site-packages/airflow/example_dags/example_sla_dag.py
[2024-12-17T14:55:54.621+0000] {logging_mixin.py:190} INFO - [2024-12-17T14:55:54.621+0000] {dag.py:3239} INFO - Sync 1 DAGs
[2024-12-17T14:55:54.641+0000] {logging_mixin.py:190} INFO - [2024-12-17T14:55:54.640+0000] {dag.py:4180} INFO - Setting next_dagrun for example_sla_dag to 2024-12-17 14:52:00+00:00, run_after=2024-12-17 14:54:00+00:00
[2024-12-17T14:55:54.656+0000] {processor.py:208} INFO - Processing /home/airflow/.local/lib/python3.12/site-packages/airflow/example_dags/example_sla_dag.py took 0.065 seconds
[2024-12-17T14:56:25.365+0000] {processor.py:186} INFO - Started process (PID=1760) to work on /home/airflow/.local/lib/python3.12/site-packages/airflow/example_dags/example_sla_dag.py
[2024-12-17T14:56:25.366+0000] {processor.py:914} INFO - Processing file /home/airflow/.local/lib/python3.12/site-packages/airflow/example_dags/example_sla_dag.py for tasks to queue
[2024-12-17T14:56:25.368+0000] {logging_mixin.py:190} INFO - [2024-12-17T14:56:25.367+0000] {dagbag.py:588} INFO - Filling up the DagBag from /home/airflow/.local/lib/python3.12/site-packages/airflow/example_dags/example_sla_dag.py
[2024-12-17T14:56:25.375+0000] {processor.py:925} INFO - DAG(s) 'example_sla_dag' retrieved from /home/airflow/.local/lib/python3.12/site-packages/airflow/example_dags/example_sla_dag.py
[2024-12-17T14:56:25.392+0000] {logging_mixin.py:190} INFO - [2024-12-17T14:56:25.392+0000] {dag.py:3239} INFO - Sync 1 DAGs
[2024-12-17T14:56:25.414+0000] {logging_mixin.py:190} INFO - [2024-12-17T14:56:25.413+0000] {dag.py:4180} INFO - Setting next_dagrun for example_sla_dag to 2024-12-17 14:54:00+00:00, run_after=2024-12-17 14:56:00+00:00
[2024-12-17T14:56:25.429+0000] {processor.py:208} INFO - Processing /home/airflow/.local/lib/python3.12/site-packages/airflow/example_dags/example_sla_dag.py took 0.068 seconds
