[2024-12-17T14:42:59.385+0000] {processor.py:186} INFO - Started process (PID=84) to work on /home/airflow/.local/lib/python3.12/site-packages/airflow/example_dags/example_inlet_event_extra.py
[2024-12-17T14:42:59.386+0000] {processor.py:914} INFO - Processing file /home/airflow/.local/lib/python3.12/site-packages/airflow/example_dags/example_inlet_event_extra.py for tasks to queue
[2024-12-17T14:42:59.387+0000] {logging_mixin.py:190} INFO - [2024-12-17T14:42:59.387+0000] {dagbag.py:588} INFO - Filling up the DagBag from /home/airflow/.local/lib/python3.12/site-packages/airflow/example_dags/example_inlet_event_extra.py
[2024-12-17T14:42:59.397+0000] {processor.py:925} INFO - DAG(s) 'read_dataset_event_from_classic', 'read_dataset_event' retrieved from /home/airflow/.local/lib/python3.12/site-packages/airflow/example_dags/example_inlet_event_extra.py
[2024-12-17T14:42:59.415+0000] {logging_mixin.py:190} INFO - [2024-12-17T14:42:59.414+0000] {dag.py:3239} INFO - Sync 2 DAGs
[2024-12-17T14:42:59.432+0000] {logging_mixin.py:190} INFO - [2024-12-17T14:42:59.432+0000] {dag.py:4180} INFO - Setting next_dagrun for read_dataset_event to 2024-12-16 00:00:00+00:00, run_after=2024-12-17 00:00:00+00:00
[2024-12-17T14:42:59.439+0000] {logging_mixin.py:190} INFO - [2024-12-17T14:42:59.439+0000] {dag.py:4180} INFO - Setting next_dagrun for read_dataset_event_from_classic to 2024-12-16 00:00:00+00:00, run_after=2024-12-17 00:00:00+00:00
[2024-12-17T14:42:59.459+0000] {processor.py:208} INFO - Processing /home/airflow/.local/lib/python3.12/site-packages/airflow/example_dags/example_inlet_event_extra.py took 0.078 seconds
[2024-12-17T14:43:29.756+0000] {processor.py:186} INFO - Started process (PID=149) to work on /home/airflow/.local/lib/python3.12/site-packages/airflow/example_dags/example_inlet_event_extra.py
[2024-12-17T14:43:29.757+0000] {processor.py:914} INFO - Processing file /home/airflow/.local/lib/python3.12/site-packages/airflow/example_dags/example_inlet_event_extra.py for tasks to queue
[2024-12-17T14:43:29.759+0000] {logging_mixin.py:190} INFO - [2024-12-17T14:43:29.758+0000] {dagbag.py:588} INFO - Filling up the DagBag from /home/airflow/.local/lib/python3.12/site-packages/airflow/example_dags/example_inlet_event_extra.py
[2024-12-17T14:43:29.768+0000] {processor.py:925} INFO - DAG(s) 'read_dataset_event', 'read_dataset_event_from_classic' retrieved from /home/airflow/.local/lib/python3.12/site-packages/airflow/example_dags/example_inlet_event_extra.py
[2024-12-17T14:43:29.783+0000] {logging_mixin.py:190} INFO - [2024-12-17T14:43:29.783+0000] {dag.py:3239} INFO - Sync 2 DAGs
[2024-12-17T14:43:29.802+0000] {logging_mixin.py:190} INFO - [2024-12-17T14:43:29.802+0000] {dag.py:4180} INFO - Setting next_dagrun for read_dataset_event to 2024-12-16 00:00:00+00:00, run_after=2024-12-17 00:00:00+00:00
[2024-12-17T14:43:29.811+0000] {logging_mixin.py:190} INFO - [2024-12-17T14:43:29.811+0000] {dag.py:4180} INFO - Setting next_dagrun for read_dataset_event_from_classic to 2024-12-16 00:00:00+00:00, run_after=2024-12-17 00:00:00+00:00
[2024-12-17T14:43:29.828+0000] {processor.py:208} INFO - Processing /home/airflow/.local/lib/python3.12/site-packages/airflow/example_dags/example_inlet_event_extra.py took 0.075 seconds
[2024-12-17T14:44:00.225+0000] {processor.py:186} INFO - Started process (PID=214) to work on /home/airflow/.local/lib/python3.12/site-packages/airflow/example_dags/example_inlet_event_extra.py
[2024-12-17T14:44:00.226+0000] {processor.py:914} INFO - Processing file /home/airflow/.local/lib/python3.12/site-packages/airflow/example_dags/example_inlet_event_extra.py for tasks to queue
[2024-12-17T14:44:00.228+0000] {logging_mixin.py:190} INFO - [2024-12-17T14:44:00.228+0000] {dagbag.py:588} INFO - Filling up the DagBag from /home/airflow/.local/lib/python3.12/site-packages/airflow/example_dags/example_inlet_event_extra.py
[2024-12-17T14:44:00.241+0000] {processor.py:925} INFO - DAG(s) 'read_dataset_event_from_classic', 'read_dataset_event' retrieved from /home/airflow/.local/lib/python3.12/site-packages/airflow/example_dags/example_inlet_event_extra.py
[2024-12-17T14:44:00.263+0000] {logging_mixin.py:190} INFO - [2024-12-17T14:44:00.262+0000] {dag.py:3239} INFO - Sync 2 DAGs
[2024-12-17T14:44:00.290+0000] {logging_mixin.py:190} INFO - [2024-12-17T14:44:00.290+0000] {dag.py:4180} INFO - Setting next_dagrun for read_dataset_event to 2024-12-16 00:00:00+00:00, run_after=2024-12-17 00:00:00+00:00
[2024-12-17T14:44:00.297+0000] {logging_mixin.py:190} INFO - [2024-12-17T14:44:00.297+0000] {dag.py:4180} INFO - Setting next_dagrun for read_dataset_event_from_classic to 2024-12-16 00:00:00+00:00, run_after=2024-12-17 00:00:00+00:00
[2024-12-17T14:44:00.318+0000] {processor.py:208} INFO - Processing /home/airflow/.local/lib/python3.12/site-packages/airflow/example_dags/example_inlet_event_extra.py took 0.099 seconds
[2024-12-17T14:44:30.420+0000] {processor.py:186} INFO - Started process (PID=279) to work on /home/airflow/.local/lib/python3.12/site-packages/airflow/example_dags/example_inlet_event_extra.py
[2024-12-17T14:44:30.420+0000] {processor.py:914} INFO - Processing file /home/airflow/.local/lib/python3.12/site-packages/airflow/example_dags/example_inlet_event_extra.py for tasks to queue
[2024-12-17T14:44:30.422+0000] {logging_mixin.py:190} INFO - [2024-12-17T14:44:30.421+0000] {dagbag.py:588} INFO - Filling up the DagBag from /home/airflow/.local/lib/python3.12/site-packages/airflow/example_dags/example_inlet_event_extra.py
[2024-12-17T14:44:30.430+0000] {processor.py:925} INFO - DAG(s) 'read_dataset_event', 'read_dataset_event_from_classic' retrieved from /home/airflow/.local/lib/python3.12/site-packages/airflow/example_dags/example_inlet_event_extra.py
[2024-12-17T14:44:30.444+0000] {logging_mixin.py:190} INFO - [2024-12-17T14:44:30.443+0000] {dag.py:3239} INFO - Sync 2 DAGs
[2024-12-17T14:44:30.459+0000] {logging_mixin.py:190} INFO - [2024-12-17T14:44:30.459+0000] {dag.py:4180} INFO - Setting next_dagrun for read_dataset_event to 2024-12-16 00:00:00+00:00, run_after=2024-12-17 00:00:00+00:00
[2024-12-17T14:44:30.463+0000] {logging_mixin.py:190} INFO - [2024-12-17T14:44:30.463+0000] {dag.py:4180} INFO - Setting next_dagrun for read_dataset_event_from_classic to 2024-12-16 00:00:00+00:00, run_after=2024-12-17 00:00:00+00:00
[2024-12-17T14:44:30.478+0000] {processor.py:208} INFO - Processing /home/airflow/.local/lib/python3.12/site-packages/airflow/example_dags/example_inlet_event_extra.py took 0.062 seconds
[2024-12-17T14:45:00.599+0000] {processor.py:186} INFO - Started process (PID=344) to work on /home/airflow/.local/lib/python3.12/site-packages/airflow/example_dags/example_inlet_event_extra.py
[2024-12-17T14:45:00.600+0000] {processor.py:914} INFO - Processing file /home/airflow/.local/lib/python3.12/site-packages/airflow/example_dags/example_inlet_event_extra.py for tasks to queue
[2024-12-17T14:45:00.601+0000] {logging_mixin.py:190} INFO - [2024-12-17T14:45:00.601+0000] {dagbag.py:588} INFO - Filling up the DagBag from /home/airflow/.local/lib/python3.12/site-packages/airflow/example_dags/example_inlet_event_extra.py
[2024-12-17T14:45:00.610+0000] {processor.py:925} INFO - DAG(s) 'read_dataset_event', 'read_dataset_event_from_classic' retrieved from /home/airflow/.local/lib/python3.12/site-packages/airflow/example_dags/example_inlet_event_extra.py
[2024-12-17T14:45:00.624+0000] {logging_mixin.py:190} INFO - [2024-12-17T14:45:00.624+0000] {dag.py:3239} INFO - Sync 2 DAGs
[2024-12-17T14:45:00.639+0000] {logging_mixin.py:190} INFO - [2024-12-17T14:45:00.639+0000] {dag.py:4180} INFO - Setting next_dagrun for read_dataset_event to 2024-12-16 00:00:00+00:00, run_after=2024-12-17 00:00:00+00:00
[2024-12-17T14:45:00.642+0000] {logging_mixin.py:190} INFO - [2024-12-17T14:45:00.642+0000] {dag.py:4180} INFO - Setting next_dagrun for read_dataset_event_from_classic to 2024-12-16 00:00:00+00:00, run_after=2024-12-17 00:00:00+00:00
[2024-12-17T14:45:00.652+0000] {processor.py:208} INFO - Processing /home/airflow/.local/lib/python3.12/site-packages/airflow/example_dags/example_inlet_event_extra.py took 0.057 seconds
[2024-12-17T14:45:30.801+0000] {processor.py:186} INFO - Started process (PID=409) to work on /home/airflow/.local/lib/python3.12/site-packages/airflow/example_dags/example_inlet_event_extra.py
[2024-12-17T14:45:30.802+0000] {processor.py:914} INFO - Processing file /home/airflow/.local/lib/python3.12/site-packages/airflow/example_dags/example_inlet_event_extra.py for tasks to queue
[2024-12-17T14:45:30.804+0000] {logging_mixin.py:190} INFO - [2024-12-17T14:45:30.803+0000] {dagbag.py:588} INFO - Filling up the DagBag from /home/airflow/.local/lib/python3.12/site-packages/airflow/example_dags/example_inlet_event_extra.py
[2024-12-17T14:45:30.812+0000] {processor.py:925} INFO - DAG(s) 'read_dataset_event', 'read_dataset_event_from_classic' retrieved from /home/airflow/.local/lib/python3.12/site-packages/airflow/example_dags/example_inlet_event_extra.py
[2024-12-17T14:45:30.827+0000] {logging_mixin.py:190} INFO - [2024-12-17T14:45:30.827+0000] {dag.py:3239} INFO - Sync 2 DAGs
[2024-12-17T14:45:30.845+0000] {logging_mixin.py:190} INFO - [2024-12-17T14:45:30.845+0000] {dag.py:4180} INFO - Setting next_dagrun for read_dataset_event to 2024-12-16 00:00:00+00:00, run_after=2024-12-17 00:00:00+00:00
[2024-12-17T14:45:30.849+0000] {logging_mixin.py:190} INFO - [2024-12-17T14:45:30.849+0000] {dag.py:4180} INFO - Setting next_dagrun for read_dataset_event_from_classic to 2024-12-16 00:00:00+00:00, run_after=2024-12-17 00:00:00+00:00
[2024-12-17T14:45:30.862+0000] {processor.py:208} INFO - Processing /home/airflow/.local/lib/python3.12/site-packages/airflow/example_dags/example_inlet_event_extra.py took 0.065 seconds
[2024-12-17T14:46:01.073+0000] {processor.py:186} INFO - Started process (PID=474) to work on /home/airflow/.local/lib/python3.12/site-packages/airflow/example_dags/example_inlet_event_extra.py
[2024-12-17T14:46:01.074+0000] {processor.py:914} INFO - Processing file /home/airflow/.local/lib/python3.12/site-packages/airflow/example_dags/example_inlet_event_extra.py for tasks to queue
[2024-12-17T14:46:01.075+0000] {logging_mixin.py:190} INFO - [2024-12-17T14:46:01.075+0000] {dagbag.py:588} INFO - Filling up the DagBag from /home/airflow/.local/lib/python3.12/site-packages/airflow/example_dags/example_inlet_event_extra.py
[2024-12-17T14:46:01.084+0000] {processor.py:925} INFO - DAG(s) 'read_dataset_event', 'read_dataset_event_from_classic' retrieved from /home/airflow/.local/lib/python3.12/site-packages/airflow/example_dags/example_inlet_event_extra.py
[2024-12-17T14:46:01.099+0000] {logging_mixin.py:190} INFO - [2024-12-17T14:46:01.099+0000] {dag.py:3239} INFO - Sync 2 DAGs
[2024-12-17T14:46:01.116+0000] {logging_mixin.py:190} INFO - [2024-12-17T14:46:01.116+0000] {dag.py:4180} INFO - Setting next_dagrun for read_dataset_event to 2024-12-16 00:00:00+00:00, run_after=2024-12-17 00:00:00+00:00
[2024-12-17T14:46:01.119+0000] {logging_mixin.py:190} INFO - [2024-12-17T14:46:01.119+0000] {dag.py:4180} INFO - Setting next_dagrun for read_dataset_event_from_classic to 2024-12-16 00:00:00+00:00, run_after=2024-12-17 00:00:00+00:00
[2024-12-17T14:46:01.136+0000] {processor.py:208} INFO - Processing /home/airflow/.local/lib/python3.12/site-packages/airflow/example_dags/example_inlet_event_extra.py took 0.066 seconds
[2024-12-17T14:46:31.613+0000] {processor.py:186} INFO - Started process (PID=539) to work on /home/airflow/.local/lib/python3.12/site-packages/airflow/example_dags/example_inlet_event_extra.py
[2024-12-17T14:46:31.614+0000] {processor.py:914} INFO - Processing file /home/airflow/.local/lib/python3.12/site-packages/airflow/example_dags/example_inlet_event_extra.py for tasks to queue
[2024-12-17T14:46:31.617+0000] {logging_mixin.py:190} INFO - [2024-12-17T14:46:31.617+0000] {dagbag.py:588} INFO - Filling up the DagBag from /home/airflow/.local/lib/python3.12/site-packages/airflow/example_dags/example_inlet_event_extra.py
[2024-12-17T14:46:31.628+0000] {processor.py:925} INFO - DAG(s) 'read_dataset_event', 'read_dataset_event_from_classic' retrieved from /home/airflow/.local/lib/python3.12/site-packages/airflow/example_dags/example_inlet_event_extra.py
[2024-12-17T14:46:31.645+0000] {logging_mixin.py:190} INFO - [2024-12-17T14:46:31.644+0000] {dag.py:3239} INFO - Sync 2 DAGs
[2024-12-17T14:46:31.663+0000] {logging_mixin.py:190} INFO - [2024-12-17T14:46:31.662+0000] {dag.py:4180} INFO - Setting next_dagrun for read_dataset_event to 2024-12-16 00:00:00+00:00, run_after=2024-12-17 00:00:00+00:00
[2024-12-17T14:46:31.666+0000] {logging_mixin.py:190} INFO - [2024-12-17T14:46:31.666+0000] {dag.py:4180} INFO - Setting next_dagrun for read_dataset_event_from_classic to 2024-12-16 00:00:00+00:00, run_after=2024-12-17 00:00:00+00:00
[2024-12-17T14:46:31.682+0000] {processor.py:208} INFO - Processing /home/airflow/.local/lib/python3.12/site-packages/airflow/example_dags/example_inlet_event_extra.py took 0.074 seconds
[2024-12-17T14:47:02.171+0000] {processor.py:186} INFO - Started process (PID=604) to work on /home/airflow/.local/lib/python3.12/site-packages/airflow/example_dags/example_inlet_event_extra.py
[2024-12-17T14:47:02.172+0000] {processor.py:914} INFO - Processing file /home/airflow/.local/lib/python3.12/site-packages/airflow/example_dags/example_inlet_event_extra.py for tasks to queue
[2024-12-17T14:47:02.173+0000] {logging_mixin.py:190} INFO - [2024-12-17T14:47:02.173+0000] {dagbag.py:588} INFO - Filling up the DagBag from /home/airflow/.local/lib/python3.12/site-packages/airflow/example_dags/example_inlet_event_extra.py
[2024-12-17T14:47:02.183+0000] {processor.py:925} INFO - DAG(s) 'read_dataset_event_from_classic', 'read_dataset_event' retrieved from /home/airflow/.local/lib/python3.12/site-packages/airflow/example_dags/example_inlet_event_extra.py
[2024-12-17T14:47:02.199+0000] {logging_mixin.py:190} INFO - [2024-12-17T14:47:02.198+0000] {dag.py:3239} INFO - Sync 2 DAGs
[2024-12-17T14:47:02.217+0000] {logging_mixin.py:190} INFO - [2024-12-17T14:47:02.216+0000] {dag.py:4180} INFO - Setting next_dagrun for read_dataset_event to 2024-12-16 00:00:00+00:00, run_after=2024-12-17 00:00:00+00:00
[2024-12-17T14:47:02.220+0000] {logging_mixin.py:190} INFO - [2024-12-17T14:47:02.220+0000] {dag.py:4180} INFO - Setting next_dagrun for read_dataset_event_from_classic to 2024-12-16 00:00:00+00:00, run_after=2024-12-17 00:00:00+00:00
[2024-12-17T14:47:02.233+0000] {processor.py:208} INFO - Processing /home/airflow/.local/lib/python3.12/site-packages/airflow/example_dags/example_inlet_event_extra.py took 0.066 seconds
[2024-12-17T14:47:32.782+0000] {processor.py:186} INFO - Started process (PID=669) to work on /home/airflow/.local/lib/python3.12/site-packages/airflow/example_dags/example_inlet_event_extra.py
[2024-12-17T14:47:32.782+0000] {processor.py:914} INFO - Processing file /home/airflow/.local/lib/python3.12/site-packages/airflow/example_dags/example_inlet_event_extra.py for tasks to queue
[2024-12-17T14:47:32.784+0000] {logging_mixin.py:190} INFO - [2024-12-17T14:47:32.784+0000] {dagbag.py:588} INFO - Filling up the DagBag from /home/airflow/.local/lib/python3.12/site-packages/airflow/example_dags/example_inlet_event_extra.py
[2024-12-17T14:47:32.794+0000] {processor.py:925} INFO - DAG(s) 'read_dataset_event', 'read_dataset_event_from_classic' retrieved from /home/airflow/.local/lib/python3.12/site-packages/airflow/example_dags/example_inlet_event_extra.py
[2024-12-17T14:47:32.813+0000] {logging_mixin.py:190} INFO - [2024-12-17T14:47:32.813+0000] {dag.py:3239} INFO - Sync 2 DAGs
[2024-12-17T14:47:32.831+0000] {logging_mixin.py:190} INFO - [2024-12-17T14:47:32.831+0000] {dag.py:4180} INFO - Setting next_dagrun for read_dataset_event to 2024-12-16 00:00:00+00:00, run_after=2024-12-17 00:00:00+00:00
[2024-12-17T14:47:32.834+0000] {logging_mixin.py:190} INFO - [2024-12-17T14:47:32.834+0000] {dag.py:4180} INFO - Setting next_dagrun for read_dataset_event_from_classic to 2024-12-16 00:00:00+00:00, run_after=2024-12-17 00:00:00+00:00
[2024-12-17T14:47:32.846+0000] {processor.py:208} INFO - Processing /home/airflow/.local/lib/python3.12/site-packages/airflow/example_dags/example_inlet_event_extra.py took 0.068 seconds
[2024-12-17T14:48:03.305+0000] {processor.py:186} INFO - Started process (PID=734) to work on /home/airflow/.local/lib/python3.12/site-packages/airflow/example_dags/example_inlet_event_extra.py
[2024-12-17T14:48:03.306+0000] {processor.py:914} INFO - Processing file /home/airflow/.local/lib/python3.12/site-packages/airflow/example_dags/example_inlet_event_extra.py for tasks to queue
[2024-12-17T14:48:03.308+0000] {logging_mixin.py:190} INFO - [2024-12-17T14:48:03.307+0000] {dagbag.py:588} INFO - Filling up the DagBag from /home/airflow/.local/lib/python3.12/site-packages/airflow/example_dags/example_inlet_event_extra.py
[2024-12-17T14:48:03.319+0000] {processor.py:925} INFO - DAG(s) 'read_dataset_event_from_classic', 'read_dataset_event' retrieved from /home/airflow/.local/lib/python3.12/site-packages/airflow/example_dags/example_inlet_event_extra.py
[2024-12-17T14:48:03.340+0000] {logging_mixin.py:190} INFO - [2024-12-17T14:48:03.340+0000] {dag.py:3239} INFO - Sync 2 DAGs
[2024-12-17T14:48:03.360+0000] {logging_mixin.py:190} INFO - [2024-12-17T14:48:03.359+0000] {dag.py:4180} INFO - Setting next_dagrun for read_dataset_event to 2024-12-16 00:00:00+00:00, run_after=2024-12-17 00:00:00+00:00
[2024-12-17T14:48:03.364+0000] {logging_mixin.py:190} INFO - [2024-12-17T14:48:03.364+0000] {dag.py:4180} INFO - Setting next_dagrun for read_dataset_event_from_classic to 2024-12-16 00:00:00+00:00, run_after=2024-12-17 00:00:00+00:00
[2024-12-17T14:48:03.377+0000] {processor.py:208} INFO - Processing /home/airflow/.local/lib/python3.12/site-packages/airflow/example_dags/example_inlet_event_extra.py took 0.076 seconds
[2024-12-17T14:48:33.533+0000] {processor.py:186} INFO - Started process (PID=799) to work on /home/airflow/.local/lib/python3.12/site-packages/airflow/example_dags/example_inlet_event_extra.py
[2024-12-17T14:48:33.533+0000] {processor.py:914} INFO - Processing file /home/airflow/.local/lib/python3.12/site-packages/airflow/example_dags/example_inlet_event_extra.py for tasks to queue
[2024-12-17T14:48:33.535+0000] {logging_mixin.py:190} INFO - [2024-12-17T14:48:33.535+0000] {dagbag.py:588} INFO - Filling up the DagBag from /home/airflow/.local/lib/python3.12/site-packages/airflow/example_dags/example_inlet_event_extra.py
[2024-12-17T14:48:33.543+0000] {processor.py:925} INFO - DAG(s) 'read_dataset_event_from_classic', 'read_dataset_event' retrieved from /home/airflow/.local/lib/python3.12/site-packages/airflow/example_dags/example_inlet_event_extra.py
[2024-12-17T14:48:33.557+0000] {logging_mixin.py:190} INFO - [2024-12-17T14:48:33.557+0000] {dag.py:3239} INFO - Sync 2 DAGs
[2024-12-17T14:48:33.572+0000] {logging_mixin.py:190} INFO - [2024-12-17T14:48:33.572+0000] {dag.py:4180} INFO - Setting next_dagrun for read_dataset_event to 2024-12-16 00:00:00+00:00, run_after=2024-12-17 00:00:00+00:00
[2024-12-17T14:48:33.576+0000] {logging_mixin.py:190} INFO - [2024-12-17T14:48:33.575+0000] {dag.py:4180} INFO - Setting next_dagrun for read_dataset_event_from_classic to 2024-12-16 00:00:00+00:00, run_after=2024-12-17 00:00:00+00:00
[2024-12-17T14:48:33.586+0000] {processor.py:208} INFO - Processing /home/airflow/.local/lib/python3.12/site-packages/airflow/example_dags/example_inlet_event_extra.py took 0.058 seconds
[2024-12-17T14:49:03.844+0000] {processor.py:186} INFO - Started process (PID=864) to work on /home/airflow/.local/lib/python3.12/site-packages/airflow/example_dags/example_inlet_event_extra.py
[2024-12-17T14:49:03.844+0000] {processor.py:914} INFO - Processing file /home/airflow/.local/lib/python3.12/site-packages/airflow/example_dags/example_inlet_event_extra.py for tasks to queue
[2024-12-17T14:49:03.846+0000] {logging_mixin.py:190} INFO - [2024-12-17T14:49:03.846+0000] {dagbag.py:588} INFO - Filling up the DagBag from /home/airflow/.local/lib/python3.12/site-packages/airflow/example_dags/example_inlet_event_extra.py
[2024-12-17T14:49:03.856+0000] {processor.py:925} INFO - DAG(s) 'read_dataset_event', 'read_dataset_event_from_classic' retrieved from /home/airflow/.local/lib/python3.12/site-packages/airflow/example_dags/example_inlet_event_extra.py
[2024-12-17T14:49:03.872+0000] {logging_mixin.py:190} INFO - [2024-12-17T14:49:03.871+0000] {dag.py:3239} INFO - Sync 2 DAGs
[2024-12-17T14:49:03.890+0000] {logging_mixin.py:190} INFO - [2024-12-17T14:49:03.890+0000] {dag.py:4180} INFO - Setting next_dagrun for read_dataset_event to 2024-12-16 00:00:00+00:00, run_after=2024-12-17 00:00:00+00:00
[2024-12-17T14:49:03.894+0000] {logging_mixin.py:190} INFO - [2024-12-17T14:49:03.893+0000] {dag.py:4180} INFO - Setting next_dagrun for read_dataset_event_from_classic to 2024-12-16 00:00:00+00:00, run_after=2024-12-17 00:00:00+00:00
[2024-12-17T14:49:03.908+0000] {processor.py:208} INFO - Processing /home/airflow/.local/lib/python3.12/site-packages/airflow/example_dags/example_inlet_event_extra.py took 0.068 seconds
[2024-12-17T14:49:34.002+0000] {processor.py:186} INFO - Started process (PID=929) to work on /home/airflow/.local/lib/python3.12/site-packages/airflow/example_dags/example_inlet_event_extra.py
[2024-12-17T14:49:34.003+0000] {processor.py:914} INFO - Processing file /home/airflow/.local/lib/python3.12/site-packages/airflow/example_dags/example_inlet_event_extra.py for tasks to queue
[2024-12-17T14:49:34.004+0000] {logging_mixin.py:190} INFO - [2024-12-17T14:49:34.004+0000] {dagbag.py:588} INFO - Filling up the DagBag from /home/airflow/.local/lib/python3.12/site-packages/airflow/example_dags/example_inlet_event_extra.py
[2024-12-17T14:49:34.014+0000] {processor.py:925} INFO - DAG(s) 'read_dataset_event_from_classic', 'read_dataset_event' retrieved from /home/airflow/.local/lib/python3.12/site-packages/airflow/example_dags/example_inlet_event_extra.py
[2024-12-17T14:49:34.027+0000] {logging_mixin.py:190} INFO - [2024-12-17T14:49:34.026+0000] {dag.py:3239} INFO - Sync 2 DAGs
[2024-12-17T14:49:34.044+0000] {logging_mixin.py:190} INFO - [2024-12-17T14:49:34.044+0000] {dag.py:4180} INFO - Setting next_dagrun for read_dataset_event to 2024-12-16 00:00:00+00:00, run_after=2024-12-17 00:00:00+00:00
[2024-12-17T14:49:34.048+0000] {logging_mixin.py:190} INFO - [2024-12-17T14:49:34.048+0000] {dag.py:4180} INFO - Setting next_dagrun for read_dataset_event_from_classic to 2024-12-16 00:00:00+00:00, run_after=2024-12-17 00:00:00+00:00
[2024-12-17T14:49:34.061+0000] {processor.py:208} INFO - Processing /home/airflow/.local/lib/python3.12/site-packages/airflow/example_dags/example_inlet_event_extra.py took 0.063 seconds
[2024-12-17T14:50:05.152+0000] {processor.py:186} INFO - Started process (PID=994) to work on /home/airflow/.local/lib/python3.12/site-packages/airflow/example_dags/example_inlet_event_extra.py
[2024-12-17T14:50:05.153+0000] {processor.py:914} INFO - Processing file /home/airflow/.local/lib/python3.12/site-packages/airflow/example_dags/example_inlet_event_extra.py for tasks to queue
[2024-12-17T14:50:05.155+0000] {logging_mixin.py:190} INFO - [2024-12-17T14:50:05.154+0000] {dagbag.py:588} INFO - Filling up the DagBag from /home/airflow/.local/lib/python3.12/site-packages/airflow/example_dags/example_inlet_event_extra.py
[2024-12-17T14:50:05.163+0000] {processor.py:925} INFO - DAG(s) 'read_dataset_event_from_classic', 'read_dataset_event' retrieved from /home/airflow/.local/lib/python3.12/site-packages/airflow/example_dags/example_inlet_event_extra.py
[2024-12-17T14:50:05.177+0000] {logging_mixin.py:190} INFO - [2024-12-17T14:50:05.177+0000] {dag.py:3239} INFO - Sync 2 DAGs
[2024-12-17T14:50:05.193+0000] {logging_mixin.py:190} INFO - [2024-12-17T14:50:05.192+0000] {dag.py:4180} INFO - Setting next_dagrun for read_dataset_event to 2024-12-16 00:00:00+00:00, run_after=2024-12-17 00:00:00+00:00
[2024-12-17T14:50:05.196+0000] {logging_mixin.py:190} INFO - [2024-12-17T14:50:05.196+0000] {dag.py:4180} INFO - Setting next_dagrun for read_dataset_event_from_classic to 2024-12-16 00:00:00+00:00, run_after=2024-12-17 00:00:00+00:00
[2024-12-17T14:50:05.207+0000] {processor.py:208} INFO - Processing /home/airflow/.local/lib/python3.12/site-packages/airflow/example_dags/example_inlet_event_extra.py took 0.058 seconds
[2024-12-17T14:50:38.432+0000] {processor.py:186} INFO - Started process (PID=1059) to work on /home/airflow/.local/lib/python3.12/site-packages/airflow/example_dags/example_inlet_event_extra.py
[2024-12-17T14:50:38.433+0000] {processor.py:914} INFO - Processing file /home/airflow/.local/lib/python3.12/site-packages/airflow/example_dags/example_inlet_event_extra.py for tasks to queue
[2024-12-17T14:50:38.435+0000] {logging_mixin.py:190} INFO - [2024-12-17T14:50:38.435+0000] {dagbag.py:588} INFO - Filling up the DagBag from /home/airflow/.local/lib/python3.12/site-packages/airflow/example_dags/example_inlet_event_extra.py
[2024-12-17T14:50:38.444+0000] {processor.py:925} INFO - DAG(s) 'read_dataset_event_from_classic', 'read_dataset_event' retrieved from /home/airflow/.local/lib/python3.12/site-packages/airflow/example_dags/example_inlet_event_extra.py
[2024-12-17T14:50:38.460+0000] {logging_mixin.py:190} INFO - [2024-12-17T14:50:38.460+0000] {dag.py:3239} INFO - Sync 2 DAGs
[2024-12-17T14:50:38.478+0000] {logging_mixin.py:190} INFO - [2024-12-17T14:50:38.478+0000] {dag.py:4180} INFO - Setting next_dagrun for read_dataset_event to 2024-12-16 00:00:00+00:00, run_after=2024-12-17 00:00:00+00:00
[2024-12-17T14:50:38.482+0000] {logging_mixin.py:190} INFO - [2024-12-17T14:50:38.482+0000] {dag.py:4180} INFO - Setting next_dagrun for read_dataset_event_from_classic to 2024-12-16 00:00:00+00:00, run_after=2024-12-17 00:00:00+00:00
[2024-12-17T14:50:38.496+0000] {processor.py:208} INFO - Processing /home/airflow/.local/lib/python3.12/site-packages/airflow/example_dags/example_inlet_event_extra.py took 0.067 seconds
[2024-12-17T14:51:09.401+0000] {processor.py:186} INFO - Started process (PID=1124) to work on /home/airflow/.local/lib/python3.12/site-packages/airflow/example_dags/example_inlet_event_extra.py
[2024-12-17T14:51:09.402+0000] {processor.py:914} INFO - Processing file /home/airflow/.local/lib/python3.12/site-packages/airflow/example_dags/example_inlet_event_extra.py for tasks to queue
[2024-12-17T14:51:09.404+0000] {logging_mixin.py:190} INFO - [2024-12-17T14:51:09.404+0000] {dagbag.py:588} INFO - Filling up the DagBag from /home/airflow/.local/lib/python3.12/site-packages/airflow/example_dags/example_inlet_event_extra.py
[2024-12-17T14:51:09.414+0000] {processor.py:925} INFO - DAG(s) 'read_dataset_event', 'read_dataset_event_from_classic' retrieved from /home/airflow/.local/lib/python3.12/site-packages/airflow/example_dags/example_inlet_event_extra.py
[2024-12-17T14:51:09.430+0000] {logging_mixin.py:190} INFO - [2024-12-17T14:51:09.430+0000] {dag.py:3239} INFO - Sync 2 DAGs
[2024-12-17T14:51:09.448+0000] {logging_mixin.py:190} INFO - [2024-12-17T14:51:09.448+0000] {dag.py:4180} INFO - Setting next_dagrun for read_dataset_event to 2024-12-16 00:00:00+00:00, run_after=2024-12-17 00:00:00+00:00
[2024-12-17T14:51:09.452+0000] {logging_mixin.py:190} INFO - [2024-12-17T14:51:09.451+0000] {dag.py:4180} INFO - Setting next_dagrun for read_dataset_event_from_classic to 2024-12-16 00:00:00+00:00, run_after=2024-12-17 00:00:00+00:00
[2024-12-17T14:51:09.463+0000] {processor.py:208} INFO - Processing /home/airflow/.local/lib/python3.12/site-packages/airflow/example_dags/example_inlet_event_extra.py took 0.066 seconds
[2024-12-17T14:51:40.370+0000] {processor.py:186} INFO - Started process (PID=1189) to work on /home/airflow/.local/lib/python3.12/site-packages/airflow/example_dags/example_inlet_event_extra.py
[2024-12-17T14:51:40.371+0000] {processor.py:914} INFO - Processing file /home/airflow/.local/lib/python3.12/site-packages/airflow/example_dags/example_inlet_event_extra.py for tasks to queue
[2024-12-17T14:51:40.372+0000] {logging_mixin.py:190} INFO - [2024-12-17T14:51:40.372+0000] {dagbag.py:588} INFO - Filling up the DagBag from /home/airflow/.local/lib/python3.12/site-packages/airflow/example_dags/example_inlet_event_extra.py
[2024-12-17T14:51:40.382+0000] {processor.py:925} INFO - DAG(s) 'read_dataset_event', 'read_dataset_event_from_classic' retrieved from /home/airflow/.local/lib/python3.12/site-packages/airflow/example_dags/example_inlet_event_extra.py
[2024-12-17T14:51:40.399+0000] {logging_mixin.py:190} INFO - [2024-12-17T14:51:40.398+0000] {dag.py:3239} INFO - Sync 2 DAGs
[2024-12-17T14:51:40.417+0000] {logging_mixin.py:190} INFO - [2024-12-17T14:51:40.417+0000] {dag.py:4180} INFO - Setting next_dagrun for read_dataset_event to 2024-12-16 00:00:00+00:00, run_after=2024-12-17 00:00:00+00:00
[2024-12-17T14:51:40.421+0000] {logging_mixin.py:190} INFO - [2024-12-17T14:51:40.421+0000] {dag.py:4180} INFO - Setting next_dagrun for read_dataset_event_from_classic to 2024-12-16 00:00:00+00:00, run_after=2024-12-17 00:00:00+00:00
[2024-12-17T14:51:40.435+0000] {processor.py:208} INFO - Processing /home/airflow/.local/lib/python3.12/site-packages/airflow/example_dags/example_inlet_event_extra.py took 0.069 seconds
[2024-12-17T14:52:11.376+0000] {processor.py:186} INFO - Started process (PID=1254) to work on /home/airflow/.local/lib/python3.12/site-packages/airflow/example_dags/example_inlet_event_extra.py
[2024-12-17T14:52:11.377+0000] {processor.py:914} INFO - Processing file /home/airflow/.local/lib/python3.12/site-packages/airflow/example_dags/example_inlet_event_extra.py for tasks to queue
[2024-12-17T14:52:11.378+0000] {logging_mixin.py:190} INFO - [2024-12-17T14:52:11.378+0000] {dagbag.py:588} INFO - Filling up the DagBag from /home/airflow/.local/lib/python3.12/site-packages/airflow/example_dags/example_inlet_event_extra.py
[2024-12-17T14:52:11.389+0000] {processor.py:925} INFO - DAG(s) 'read_dataset_event', 'read_dataset_event_from_classic' retrieved from /home/airflow/.local/lib/python3.12/site-packages/airflow/example_dags/example_inlet_event_extra.py
[2024-12-17T14:52:11.404+0000] {logging_mixin.py:190} INFO - [2024-12-17T14:52:11.404+0000] {dag.py:3239} INFO - Sync 2 DAGs
[2024-12-17T14:52:11.423+0000] {logging_mixin.py:190} INFO - [2024-12-17T14:52:11.423+0000] {dag.py:4180} INFO - Setting next_dagrun for read_dataset_event to 2024-12-16 00:00:00+00:00, run_after=2024-12-17 00:00:00+00:00
[2024-12-17T14:52:11.427+0000] {logging_mixin.py:190} INFO - [2024-12-17T14:52:11.427+0000] {dag.py:4180} INFO - Setting next_dagrun for read_dataset_event_from_classic to 2024-12-16 00:00:00+00:00, run_after=2024-12-17 00:00:00+00:00
[2024-12-17T14:52:11.443+0000] {processor.py:208} INFO - Processing /home/airflow/.local/lib/python3.12/site-packages/airflow/example_dags/example_inlet_event_extra.py took 0.071 seconds
[2024-12-17T14:52:42.068+0000] {processor.py:186} INFO - Started process (PID=1319) to work on /home/airflow/.local/lib/python3.12/site-packages/airflow/example_dags/example_inlet_event_extra.py
[2024-12-17T14:52:42.069+0000] {processor.py:914} INFO - Processing file /home/airflow/.local/lib/python3.12/site-packages/airflow/example_dags/example_inlet_event_extra.py for tasks to queue
[2024-12-17T14:52:42.070+0000] {logging_mixin.py:190} INFO - [2024-12-17T14:52:42.070+0000] {dagbag.py:588} INFO - Filling up the DagBag from /home/airflow/.local/lib/python3.12/site-packages/airflow/example_dags/example_inlet_event_extra.py
[2024-12-17T14:52:42.081+0000] {processor.py:925} INFO - DAG(s) 'read_dataset_event_from_classic', 'read_dataset_event' retrieved from /home/airflow/.local/lib/python3.12/site-packages/airflow/example_dags/example_inlet_event_extra.py
[2024-12-17T14:52:42.095+0000] {logging_mixin.py:190} INFO - [2024-12-17T14:52:42.095+0000] {dag.py:3239} INFO - Sync 2 DAGs
[2024-12-17T14:52:42.114+0000] {logging_mixin.py:190} INFO - [2024-12-17T14:52:42.114+0000] {dag.py:4180} INFO - Setting next_dagrun for read_dataset_event to 2024-12-16 00:00:00+00:00, run_after=2024-12-17 00:00:00+00:00
[2024-12-17T14:52:42.118+0000] {logging_mixin.py:190} INFO - [2024-12-17T14:52:42.118+0000] {dag.py:4180} INFO - Setting next_dagrun for read_dataset_event_from_classic to 2024-12-16 00:00:00+00:00, run_after=2024-12-17 00:00:00+00:00
[2024-12-17T14:52:42.129+0000] {processor.py:208} INFO - Processing /home/airflow/.local/lib/python3.12/site-packages/airflow/example_dags/example_inlet_event_extra.py took 0.065 seconds
[2024-12-17T14:53:12.946+0000] {processor.py:186} INFO - Started process (PID=1384) to work on /home/airflow/.local/lib/python3.12/site-packages/airflow/example_dags/example_inlet_event_extra.py
[2024-12-17T14:53:12.947+0000] {processor.py:914} INFO - Processing file /home/airflow/.local/lib/python3.12/site-packages/airflow/example_dags/example_inlet_event_extra.py for tasks to queue
[2024-12-17T14:53:12.949+0000] {logging_mixin.py:190} INFO - [2024-12-17T14:53:12.948+0000] {dagbag.py:588} INFO - Filling up the DagBag from /home/airflow/.local/lib/python3.12/site-packages/airflow/example_dags/example_inlet_event_extra.py
[2024-12-17T14:53:12.958+0000] {processor.py:925} INFO - DAG(s) 'read_dataset_event_from_classic', 'read_dataset_event' retrieved from /home/airflow/.local/lib/python3.12/site-packages/airflow/example_dags/example_inlet_event_extra.py
[2024-12-17T14:53:12.973+0000] {logging_mixin.py:190} INFO - [2024-12-17T14:53:12.972+0000] {dag.py:3239} INFO - Sync 2 DAGs
[2024-12-17T14:53:12.990+0000] {logging_mixin.py:190} INFO - [2024-12-17T14:53:12.990+0000] {dag.py:4180} INFO - Setting next_dagrun for read_dataset_event to 2024-12-16 00:00:00+00:00, run_after=2024-12-17 00:00:00+00:00
[2024-12-17T14:53:12.994+0000] {logging_mixin.py:190} INFO - [2024-12-17T14:53:12.993+0000] {dag.py:4180} INFO - Setting next_dagrun for read_dataset_event_from_classic to 2024-12-16 00:00:00+00:00, run_after=2024-12-17 00:00:00+00:00
[2024-12-17T14:53:13.004+0000] {processor.py:208} INFO - Processing /home/airflow/.local/lib/python3.12/site-packages/airflow/example_dags/example_inlet_event_extra.py took 0.061 seconds
[2024-12-17T14:53:45.033+0000] {processor.py:186} INFO - Started process (PID=1449) to work on /home/airflow/.local/lib/python3.12/site-packages/airflow/example_dags/example_inlet_event_extra.py
[2024-12-17T14:53:45.034+0000] {processor.py:914} INFO - Processing file /home/airflow/.local/lib/python3.12/site-packages/airflow/example_dags/example_inlet_event_extra.py for tasks to queue
[2024-12-17T14:53:45.035+0000] {logging_mixin.py:190} INFO - [2024-12-17T14:53:45.035+0000] {dagbag.py:588} INFO - Filling up the DagBag from /home/airflow/.local/lib/python3.12/site-packages/airflow/example_dags/example_inlet_event_extra.py
[2024-12-17T14:53:45.044+0000] {processor.py:925} INFO - DAG(s) 'read_dataset_event_from_classic', 'read_dataset_event' retrieved from /home/airflow/.local/lib/python3.12/site-packages/airflow/example_dags/example_inlet_event_extra.py
[2024-12-17T14:53:45.057+0000] {logging_mixin.py:190} INFO - [2024-12-17T14:53:45.057+0000] {dag.py:3239} INFO - Sync 2 DAGs
[2024-12-17T14:53:45.072+0000] {logging_mixin.py:190} INFO - [2024-12-17T14:53:45.072+0000] {dag.py:4180} INFO - Setting next_dagrun for read_dataset_event to 2024-12-16 00:00:00+00:00, run_after=2024-12-17 00:00:00+00:00
[2024-12-17T14:53:45.076+0000] {logging_mixin.py:190} INFO - [2024-12-17T14:53:45.076+0000] {dag.py:4180} INFO - Setting next_dagrun for read_dataset_event_from_classic to 2024-12-16 00:00:00+00:00, run_after=2024-12-17 00:00:00+00:00
[2024-12-17T14:53:45.089+0000] {processor.py:208} INFO - Processing /home/airflow/.local/lib/python3.12/site-packages/airflow/example_dags/example_inlet_event_extra.py took 0.059 seconds
[2024-12-17T14:54:18.485+0000] {processor.py:186} INFO - Started process (PID=1514) to work on /home/airflow/.local/lib/python3.12/site-packages/airflow/example_dags/example_inlet_event_extra.py
[2024-12-17T14:54:18.486+0000] {processor.py:914} INFO - Processing file /home/airflow/.local/lib/python3.12/site-packages/airflow/example_dags/example_inlet_event_extra.py for tasks to queue
[2024-12-17T14:54:18.488+0000] {logging_mixin.py:190} INFO - [2024-12-17T14:54:18.487+0000] {dagbag.py:588} INFO - Filling up the DagBag from /home/airflow/.local/lib/python3.12/site-packages/airflow/example_dags/example_inlet_event_extra.py
[2024-12-17T14:54:18.499+0000] {processor.py:925} INFO - DAG(s) 'read_dataset_event', 'read_dataset_event_from_classic' retrieved from /home/airflow/.local/lib/python3.12/site-packages/airflow/example_dags/example_inlet_event_extra.py
[2024-12-17T14:54:18.518+0000] {logging_mixin.py:190} INFO - [2024-12-17T14:54:18.517+0000] {dag.py:3239} INFO - Sync 2 DAGs
[2024-12-17T14:54:18.540+0000] {logging_mixin.py:190} INFO - [2024-12-17T14:54:18.540+0000] {dag.py:4180} INFO - Setting next_dagrun for read_dataset_event to 2024-12-16 00:00:00+00:00, run_after=2024-12-17 00:00:00+00:00
[2024-12-17T14:54:18.544+0000] {logging_mixin.py:190} INFO - [2024-12-17T14:54:18.544+0000] {dag.py:4180} INFO - Setting next_dagrun for read_dataset_event_from_classic to 2024-12-16 00:00:00+00:00, run_after=2024-12-17 00:00:00+00:00
[2024-12-17T14:54:18.557+0000] {processor.py:208} INFO - Processing /home/airflow/.local/lib/python3.12/site-packages/airflow/example_dags/example_inlet_event_extra.py took 0.076 seconds
[2024-12-17T14:54:50.975+0000] {processor.py:186} INFO - Started process (PID=1579) to work on /home/airflow/.local/lib/python3.12/site-packages/airflow/example_dags/example_inlet_event_extra.py
[2024-12-17T14:54:50.976+0000] {processor.py:914} INFO - Processing file /home/airflow/.local/lib/python3.12/site-packages/airflow/example_dags/example_inlet_event_extra.py for tasks to queue
[2024-12-17T14:54:50.977+0000] {logging_mixin.py:190} INFO - [2024-12-17T14:54:50.977+0000] {dagbag.py:588} INFO - Filling up the DagBag from /home/airflow/.local/lib/python3.12/site-packages/airflow/example_dags/example_inlet_event_extra.py
[2024-12-17T14:54:50.986+0000] {processor.py:925} INFO - DAG(s) 'read_dataset_event', 'read_dataset_event_from_classic' retrieved from /home/airflow/.local/lib/python3.12/site-packages/airflow/example_dags/example_inlet_event_extra.py
[2024-12-17T14:54:51.000+0000] {logging_mixin.py:190} INFO - [2024-12-17T14:54:50.999+0000] {dag.py:3239} INFO - Sync 2 DAGs
[2024-12-17T14:54:51.015+0000] {logging_mixin.py:190} INFO - [2024-12-17T14:54:51.015+0000] {dag.py:4180} INFO - Setting next_dagrun for read_dataset_event to 2024-12-16 00:00:00+00:00, run_after=2024-12-17 00:00:00+00:00
[2024-12-17T14:54:51.018+0000] {logging_mixin.py:190} INFO - [2024-12-17T14:54:51.018+0000] {dag.py:4180} INFO - Setting next_dagrun for read_dataset_event_from_classic to 2024-12-16 00:00:00+00:00, run_after=2024-12-17 00:00:00+00:00
[2024-12-17T14:54:51.029+0000] {processor.py:208} INFO - Processing /home/airflow/.local/lib/python3.12/site-packages/airflow/example_dags/example_inlet_event_extra.py took 0.057 seconds
[2024-12-17T14:55:23.378+0000] {processor.py:186} INFO - Started process (PID=1644) to work on /home/airflow/.local/lib/python3.12/site-packages/airflow/example_dags/example_inlet_event_extra.py
[2024-12-17T14:55:23.379+0000] {processor.py:914} INFO - Processing file /home/airflow/.local/lib/python3.12/site-packages/airflow/example_dags/example_inlet_event_extra.py for tasks to queue
[2024-12-17T14:55:23.381+0000] {logging_mixin.py:190} INFO - [2024-12-17T14:55:23.380+0000] {dagbag.py:588} INFO - Filling up the DagBag from /home/airflow/.local/lib/python3.12/site-packages/airflow/example_dags/example_inlet_event_extra.py
[2024-12-17T14:55:23.390+0000] {processor.py:925} INFO - DAG(s) 'read_dataset_event_from_classic', 'read_dataset_event' retrieved from /home/airflow/.local/lib/python3.12/site-packages/airflow/example_dags/example_inlet_event_extra.py
[2024-12-17T14:55:23.407+0000] {logging_mixin.py:190} INFO - [2024-12-17T14:55:23.406+0000] {dag.py:3239} INFO - Sync 2 DAGs
[2024-12-17T14:55:23.429+0000] {logging_mixin.py:190} INFO - [2024-12-17T14:55:23.429+0000] {dag.py:4180} INFO - Setting next_dagrun for read_dataset_event to 2024-12-16 00:00:00+00:00, run_after=2024-12-17 00:00:00+00:00
[2024-12-17T14:55:23.434+0000] {logging_mixin.py:190} INFO - [2024-12-17T14:55:23.433+0000] {dag.py:4180} INFO - Setting next_dagrun for read_dataset_event_from_classic to 2024-12-16 00:00:00+00:00, run_after=2024-12-17 00:00:00+00:00
[2024-12-17T14:55:23.450+0000] {processor.py:208} INFO - Processing /home/airflow/.local/lib/python3.12/site-packages/airflow/example_dags/example_inlet_event_extra.py took 0.075 seconds
[2024-12-17T14:55:55.317+0000] {processor.py:186} INFO - Started process (PID=1709) to work on /home/airflow/.local/lib/python3.12/site-packages/airflow/example_dags/example_inlet_event_extra.py
[2024-12-17T14:55:55.318+0000] {processor.py:914} INFO - Processing file /home/airflow/.local/lib/python3.12/site-packages/airflow/example_dags/example_inlet_event_extra.py for tasks to queue
[2024-12-17T14:55:55.319+0000] {logging_mixin.py:190} INFO - [2024-12-17T14:55:55.319+0000] {dagbag.py:588} INFO - Filling up the DagBag from /home/airflow/.local/lib/python3.12/site-packages/airflow/example_dags/example_inlet_event_extra.py
[2024-12-17T14:55:55.329+0000] {processor.py:925} INFO - DAG(s) 'read_dataset_event', 'read_dataset_event_from_classic' retrieved from /home/airflow/.local/lib/python3.12/site-packages/airflow/example_dags/example_inlet_event_extra.py
[2024-12-17T14:55:55.343+0000] {logging_mixin.py:190} INFO - [2024-12-17T14:55:55.343+0000] {dag.py:3239} INFO - Sync 2 DAGs
[2024-12-17T14:55:55.360+0000] {logging_mixin.py:190} INFO - [2024-12-17T14:55:55.360+0000] {dag.py:4180} INFO - Setting next_dagrun for read_dataset_event to 2024-12-16 00:00:00+00:00, run_after=2024-12-17 00:00:00+00:00
[2024-12-17T14:55:55.365+0000] {logging_mixin.py:190} INFO - [2024-12-17T14:55:55.364+0000] {dag.py:4180} INFO - Setting next_dagrun for read_dataset_event_from_classic to 2024-12-16 00:00:00+00:00, run_after=2024-12-17 00:00:00+00:00
[2024-12-17T14:55:55.375+0000] {processor.py:208} INFO - Processing /home/airflow/.local/lib/python3.12/site-packages/airflow/example_dags/example_inlet_event_extra.py took 0.062 seconds
[2024-12-17T14:56:25.932+0000] {processor.py:186} INFO - Started process (PID=1774) to work on /home/airflow/.local/lib/python3.12/site-packages/airflow/example_dags/example_inlet_event_extra.py
[2024-12-17T14:56:25.933+0000] {processor.py:914} INFO - Processing file /home/airflow/.local/lib/python3.12/site-packages/airflow/example_dags/example_inlet_event_extra.py for tasks to queue
[2024-12-17T14:56:25.934+0000] {logging_mixin.py:190} INFO - [2024-12-17T14:56:25.934+0000] {dagbag.py:588} INFO - Filling up the DagBag from /home/airflow/.local/lib/python3.12/site-packages/airflow/example_dags/example_inlet_event_extra.py
[2024-12-17T14:56:25.943+0000] {processor.py:925} INFO - DAG(s) 'read_dataset_event', 'read_dataset_event_from_classic' retrieved from /home/airflow/.local/lib/python3.12/site-packages/airflow/example_dags/example_inlet_event_extra.py
[2024-12-17T14:56:25.958+0000] {logging_mixin.py:190} INFO - [2024-12-17T14:56:25.957+0000] {dag.py:3239} INFO - Sync 2 DAGs
[2024-12-17T14:56:25.975+0000] {logging_mixin.py:190} INFO - [2024-12-17T14:56:25.974+0000] {dag.py:4180} INFO - Setting next_dagrun for read_dataset_event to 2024-12-16 00:00:00+00:00, run_after=2024-12-17 00:00:00+00:00
[2024-12-17T14:56:25.978+0000] {logging_mixin.py:190} INFO - [2024-12-17T14:56:25.978+0000] {dag.py:4180} INFO - Setting next_dagrun for read_dataset_event_from_classic to 2024-12-16 00:00:00+00:00, run_after=2024-12-17 00:00:00+00:00
[2024-12-17T14:56:25.990+0000] {processor.py:208} INFO - Processing /home/airflow/.local/lib/python3.12/site-packages/airflow/example_dags/example_inlet_event_extra.py took 0.062 seconds
