[2024-12-17T14:42:58.784+0000] {processor.py:186} INFO - Started process (PID=72) to work on /home/airflow/.local/lib/python3.12/site-packages/airflow/example_dags/example_dag_decorator.py
[2024-12-17T14:42:58.785+0000] {processor.py:914} INFO - Processing file /home/airflow/.local/lib/python3.12/site-packages/airflow/example_dags/example_dag_decorator.py for tasks to queue
[2024-12-17T14:42:58.786+0000] {logging_mixin.py:190} INFO - [2024-12-17T14:42:58.786+0000] {dagbag.py:588} INFO - Filling up the DagBag from /home/airflow/.local/lib/python3.12/site-packages/airflow/example_dags/example_dag_decorator.py
[2024-12-17T14:42:58.795+0000] {processor.py:925} INFO - DAG(s) 'example_dag_decorator' retrieved from /home/airflow/.local/lib/python3.12/site-packages/airflow/example_dags/example_dag_decorator.py
[2024-12-17T14:42:58.869+0000] {logging_mixin.py:190} INFO - [2024-12-17T14:42:58.869+0000] {dag.py:3239} INFO - Sync 1 DAGs
[2024-12-17T14:42:58.877+0000] {logging_mixin.py:190} INFO - [2024-12-17T14:42:58.877+0000] {dag.py:4180} INFO - Setting next_dagrun for example_dag_decorator to None, run_after=None
[2024-12-17T14:42:58.889+0000] {processor.py:208} INFO - Processing /home/airflow/.local/lib/python3.12/site-packages/airflow/example_dags/example_dag_decorator.py took 0.109 seconds
[2024-12-17T14:43:29.165+0000] {processor.py:186} INFO - Started process (PID=137) to work on /home/airflow/.local/lib/python3.12/site-packages/airflow/example_dags/example_dag_decorator.py
[2024-12-17T14:43:29.166+0000] {processor.py:914} INFO - Processing file /home/airflow/.local/lib/python3.12/site-packages/airflow/example_dags/example_dag_decorator.py for tasks to queue
[2024-12-17T14:43:29.167+0000] {logging_mixin.py:190} INFO - [2024-12-17T14:43:29.167+0000] {dagbag.py:588} INFO - Filling up the DagBag from /home/airflow/.local/lib/python3.12/site-packages/airflow/example_dags/example_dag_decorator.py
[2024-12-17T14:43:29.175+0000] {processor.py:925} INFO - DAG(s) 'example_dag_decorator' retrieved from /home/airflow/.local/lib/python3.12/site-packages/airflow/example_dags/example_dag_decorator.py
[2024-12-17T14:43:29.250+0000] {logging_mixin.py:190} INFO - [2024-12-17T14:43:29.250+0000] {dag.py:3239} INFO - Sync 1 DAGs
[2024-12-17T14:43:29.259+0000] {logging_mixin.py:190} INFO - [2024-12-17T14:43:29.259+0000] {dag.py:4180} INFO - Setting next_dagrun for example_dag_decorator to None, run_after=None
[2024-12-17T14:43:29.272+0000] {processor.py:208} INFO - Processing /home/airflow/.local/lib/python3.12/site-packages/airflow/example_dags/example_dag_decorator.py took 0.111 seconds
[2024-12-17T14:43:59.706+0000] {processor.py:186} INFO - Started process (PID=202) to work on /home/airflow/.local/lib/python3.12/site-packages/airflow/example_dags/example_dag_decorator.py
[2024-12-17T14:43:59.706+0000] {processor.py:914} INFO - Processing file /home/airflow/.local/lib/python3.12/site-packages/airflow/example_dags/example_dag_decorator.py for tasks to queue
[2024-12-17T14:43:59.708+0000] {logging_mixin.py:190} INFO - [2024-12-17T14:43:59.708+0000] {dagbag.py:588} INFO - Filling up the DagBag from /home/airflow/.local/lib/python3.12/site-packages/airflow/example_dags/example_dag_decorator.py
[2024-12-17T14:43:59.716+0000] {processor.py:925} INFO - DAG(s) 'example_dag_decorator' retrieved from /home/airflow/.local/lib/python3.12/site-packages/airflow/example_dags/example_dag_decorator.py
[2024-12-17T14:43:59.797+0000] {logging_mixin.py:190} INFO - [2024-12-17T14:43:59.796+0000] {dag.py:3239} INFO - Sync 1 DAGs
[2024-12-17T14:43:59.805+0000] {logging_mixin.py:190} INFO - [2024-12-17T14:43:59.805+0000] {dag.py:4180} INFO - Setting next_dagrun for example_dag_decorator to None, run_after=None
[2024-12-17T14:43:59.818+0000] {processor.py:208} INFO - Processing /home/airflow/.local/lib/python3.12/site-packages/airflow/example_dags/example_dag_decorator.py took 0.116 seconds
[2024-12-17T14:44:29.963+0000] {processor.py:186} INFO - Started process (PID=267) to work on /home/airflow/.local/lib/python3.12/site-packages/airflow/example_dags/example_dag_decorator.py
[2024-12-17T14:44:29.964+0000] {processor.py:914} INFO - Processing file /home/airflow/.local/lib/python3.12/site-packages/airflow/example_dags/example_dag_decorator.py for tasks to queue
[2024-12-17T14:44:29.965+0000] {logging_mixin.py:190} INFO - [2024-12-17T14:44:29.965+0000] {dagbag.py:588} INFO - Filling up the DagBag from /home/airflow/.local/lib/python3.12/site-packages/airflow/example_dags/example_dag_decorator.py
[2024-12-17T14:44:29.973+0000] {processor.py:925} INFO - DAG(s) 'example_dag_decorator' retrieved from /home/airflow/.local/lib/python3.12/site-packages/airflow/example_dags/example_dag_decorator.py
[2024-12-17T14:44:30.044+0000] {logging_mixin.py:190} INFO - [2024-12-17T14:44:30.044+0000] {dag.py:3239} INFO - Sync 1 DAGs
[2024-12-17T14:44:30.053+0000] {logging_mixin.py:190} INFO - [2024-12-17T14:44:30.053+0000] {dag.py:4180} INFO - Setting next_dagrun for example_dag_decorator to None, run_after=None
[2024-12-17T14:44:30.065+0000] {processor.py:208} INFO - Processing /home/airflow/.local/lib/python3.12/site-packages/airflow/example_dags/example_dag_decorator.py took 0.105 seconds
[2024-12-17T14:45:00.148+0000] {processor.py:186} INFO - Started process (PID=332) to work on /home/airflow/.local/lib/python3.12/site-packages/airflow/example_dags/example_dag_decorator.py
[2024-12-17T14:45:00.149+0000] {processor.py:914} INFO - Processing file /home/airflow/.local/lib/python3.12/site-packages/airflow/example_dags/example_dag_decorator.py for tasks to queue
[2024-12-17T14:45:00.150+0000] {logging_mixin.py:190} INFO - [2024-12-17T14:45:00.150+0000] {dagbag.py:588} INFO - Filling up the DagBag from /home/airflow/.local/lib/python3.12/site-packages/airflow/example_dags/example_dag_decorator.py
[2024-12-17T14:45:00.157+0000] {processor.py:925} INFO - DAG(s) 'example_dag_decorator' retrieved from /home/airflow/.local/lib/python3.12/site-packages/airflow/example_dags/example_dag_decorator.py
[2024-12-17T14:45:00.227+0000] {logging_mixin.py:190} INFO - [2024-12-17T14:45:00.227+0000] {dag.py:3239} INFO - Sync 1 DAGs
[2024-12-17T14:45:00.235+0000] {logging_mixin.py:190} INFO - [2024-12-17T14:45:00.235+0000] {dag.py:4180} INFO - Setting next_dagrun for example_dag_decorator to None, run_after=None
[2024-12-17T14:45:00.246+0000] {processor.py:208} INFO - Processing /home/airflow/.local/lib/python3.12/site-packages/airflow/example_dags/example_dag_decorator.py took 0.101 seconds
[2024-12-17T14:45:30.334+0000] {processor.py:186} INFO - Started process (PID=397) to work on /home/airflow/.local/lib/python3.12/site-packages/airflow/example_dags/example_dag_decorator.py
[2024-12-17T14:45:30.335+0000] {processor.py:914} INFO - Processing file /home/airflow/.local/lib/python3.12/site-packages/airflow/example_dags/example_dag_decorator.py for tasks to queue
[2024-12-17T14:45:30.336+0000] {logging_mixin.py:190} INFO - [2024-12-17T14:45:30.336+0000] {dagbag.py:588} INFO - Filling up the DagBag from /home/airflow/.local/lib/python3.12/site-packages/airflow/example_dags/example_dag_decorator.py
[2024-12-17T14:45:30.343+0000] {processor.py:925} INFO - DAG(s) 'example_dag_decorator' retrieved from /home/airflow/.local/lib/python3.12/site-packages/airflow/example_dags/example_dag_decorator.py
[2024-12-17T14:45:30.413+0000] {logging_mixin.py:190} INFO - [2024-12-17T14:45:30.413+0000] {dag.py:3239} INFO - Sync 1 DAGs
[2024-12-17T14:45:30.420+0000] {logging_mixin.py:190} INFO - [2024-12-17T14:45:30.420+0000] {dag.py:4180} INFO - Setting next_dagrun for example_dag_decorator to None, run_after=None
[2024-12-17T14:45:30.433+0000] {processor.py:208} INFO - Processing /home/airflow/.local/lib/python3.12/site-packages/airflow/example_dags/example_dag_decorator.py took 0.102 seconds
[2024-12-17T14:46:00.603+0000] {processor.py:186} INFO - Started process (PID=462) to work on /home/airflow/.local/lib/python3.12/site-packages/airflow/example_dags/example_dag_decorator.py
[2024-12-17T14:46:00.604+0000] {processor.py:914} INFO - Processing file /home/airflow/.local/lib/python3.12/site-packages/airflow/example_dags/example_dag_decorator.py for tasks to queue
[2024-12-17T14:46:00.605+0000] {logging_mixin.py:190} INFO - [2024-12-17T14:46:00.605+0000] {dagbag.py:588} INFO - Filling up the DagBag from /home/airflow/.local/lib/python3.12/site-packages/airflow/example_dags/example_dag_decorator.py
[2024-12-17T14:46:00.612+0000] {processor.py:925} INFO - DAG(s) 'example_dag_decorator' retrieved from /home/airflow/.local/lib/python3.12/site-packages/airflow/example_dags/example_dag_decorator.py
[2024-12-17T14:46:00.687+0000] {logging_mixin.py:190} INFO - [2024-12-17T14:46:00.687+0000] {dag.py:3239} INFO - Sync 1 DAGs
[2024-12-17T14:46:00.695+0000] {logging_mixin.py:190} INFO - [2024-12-17T14:46:00.695+0000] {dag.py:4180} INFO - Setting next_dagrun for example_dag_decorator to None, run_after=None
[2024-12-17T14:46:00.707+0000] {processor.py:208} INFO - Processing /home/airflow/.local/lib/python3.12/site-packages/airflow/example_dags/example_dag_decorator.py took 0.108 seconds
[2024-12-17T14:46:31.011+0000] {processor.py:186} INFO - Started process (PID=527) to work on /home/airflow/.local/lib/python3.12/site-packages/airflow/example_dags/example_dag_decorator.py
[2024-12-17T14:46:31.012+0000] {processor.py:914} INFO - Processing file /home/airflow/.local/lib/python3.12/site-packages/airflow/example_dags/example_dag_decorator.py for tasks to queue
[2024-12-17T14:46:31.014+0000] {logging_mixin.py:190} INFO - [2024-12-17T14:46:31.014+0000] {dagbag.py:588} INFO - Filling up the DagBag from /home/airflow/.local/lib/python3.12/site-packages/airflow/example_dags/example_dag_decorator.py
[2024-12-17T14:46:31.022+0000] {processor.py:925} INFO - DAG(s) 'example_dag_decorator' retrieved from /home/airflow/.local/lib/python3.12/site-packages/airflow/example_dags/example_dag_decorator.py
[2024-12-17T14:46:31.103+0000] {logging_mixin.py:190} INFO - [2024-12-17T14:46:31.103+0000] {dag.py:3239} INFO - Sync 1 DAGs
[2024-12-17T14:46:31.112+0000] {logging_mixin.py:190} INFO - [2024-12-17T14:46:31.112+0000] {dag.py:4180} INFO - Setting next_dagrun for example_dag_decorator to None, run_after=None
[2024-12-17T14:46:31.128+0000] {processor.py:208} INFO - Processing /home/airflow/.local/lib/python3.12/site-packages/airflow/example_dags/example_dag_decorator.py took 0.120 seconds
[2024-12-17T14:47:01.605+0000] {processor.py:186} INFO - Started process (PID=592) to work on /home/airflow/.local/lib/python3.12/site-packages/airflow/example_dags/example_dag_decorator.py
[2024-12-17T14:47:01.606+0000] {processor.py:914} INFO - Processing file /home/airflow/.local/lib/python3.12/site-packages/airflow/example_dags/example_dag_decorator.py for tasks to queue
[2024-12-17T14:47:01.608+0000] {logging_mixin.py:190} INFO - [2024-12-17T14:47:01.607+0000] {dagbag.py:588} INFO - Filling up the DagBag from /home/airflow/.local/lib/python3.12/site-packages/airflow/example_dags/example_dag_decorator.py
[2024-12-17T14:47:01.616+0000] {processor.py:925} INFO - DAG(s) 'example_dag_decorator' retrieved from /home/airflow/.local/lib/python3.12/site-packages/airflow/example_dags/example_dag_decorator.py
[2024-12-17T14:47:01.632+0000] {logging_mixin.py:190} INFO - [2024-12-17T14:47:01.632+0000] {dag.py:3239} INFO - Sync 1 DAGs
[2024-12-17T14:47:01.642+0000] {logging_mixin.py:190} INFO - [2024-12-17T14:47:01.642+0000] {dag.py:4180} INFO - Setting next_dagrun for example_dag_decorator to None, run_after=None
[2024-12-17T14:47:01.655+0000] {processor.py:208} INFO - Processing /home/airflow/.local/lib/python3.12/site-packages/airflow/example_dags/example_dag_decorator.py took 0.053 seconds
[2024-12-17T14:47:32.247+0000] {processor.py:186} INFO - Started process (PID=657) to work on /home/airflow/.local/lib/python3.12/site-packages/airflow/example_dags/example_dag_decorator.py
[2024-12-17T14:47:32.248+0000] {processor.py:914} INFO - Processing file /home/airflow/.local/lib/python3.12/site-packages/airflow/example_dags/example_dag_decorator.py for tasks to queue
[2024-12-17T14:47:32.249+0000] {logging_mixin.py:190} INFO - [2024-12-17T14:47:32.249+0000] {dagbag.py:588} INFO - Filling up the DagBag from /home/airflow/.local/lib/python3.12/site-packages/airflow/example_dags/example_dag_decorator.py
[2024-12-17T14:47:32.258+0000] {processor.py:925} INFO - DAG(s) 'example_dag_decorator' retrieved from /home/airflow/.local/lib/python3.12/site-packages/airflow/example_dags/example_dag_decorator.py
[2024-12-17T14:47:32.336+0000] {logging_mixin.py:190} INFO - [2024-12-17T14:47:32.336+0000] {dag.py:3239} INFO - Sync 1 DAGs
[2024-12-17T14:47:32.346+0000] {logging_mixin.py:190} INFO - [2024-12-17T14:47:32.345+0000] {dag.py:4180} INFO - Setting next_dagrun for example_dag_decorator to None, run_after=None
[2024-12-17T14:47:32.359+0000] {processor.py:208} INFO - Processing /home/airflow/.local/lib/python3.12/site-packages/airflow/example_dags/example_dag_decorator.py took 0.116 seconds
[2024-12-17T14:48:02.763+0000] {processor.py:186} INFO - Started process (PID=722) to work on /home/airflow/.local/lib/python3.12/site-packages/airflow/example_dags/example_dag_decorator.py
[2024-12-17T14:48:02.764+0000] {processor.py:914} INFO - Processing file /home/airflow/.local/lib/python3.12/site-packages/airflow/example_dags/example_dag_decorator.py for tasks to queue
[2024-12-17T14:48:02.765+0000] {logging_mixin.py:190} INFO - [2024-12-17T14:48:02.765+0000] {dagbag.py:588} INFO - Filling up the DagBag from /home/airflow/.local/lib/python3.12/site-packages/airflow/example_dags/example_dag_decorator.py
[2024-12-17T14:48:02.773+0000] {processor.py:925} INFO - DAG(s) 'example_dag_decorator' retrieved from /home/airflow/.local/lib/python3.12/site-packages/airflow/example_dags/example_dag_decorator.py
[2024-12-17T14:48:02.850+0000] {logging_mixin.py:190} INFO - [2024-12-17T14:48:02.850+0000] {dag.py:3239} INFO - Sync 1 DAGs
[2024-12-17T14:48:02.861+0000] {logging_mixin.py:190} INFO - [2024-12-17T14:48:02.860+0000] {dag.py:4180} INFO - Setting next_dagrun for example_dag_decorator to None, run_after=None
[2024-12-17T14:48:02.874+0000] {processor.py:208} INFO - Processing /home/airflow/.local/lib/python3.12/site-packages/airflow/example_dags/example_dag_decorator.py took 0.114 seconds
[2024-12-17T14:48:33.098+0000] {processor.py:186} INFO - Started process (PID=787) to work on /home/airflow/.local/lib/python3.12/site-packages/airflow/example_dags/example_dag_decorator.py
[2024-12-17T14:48:33.098+0000] {processor.py:914} INFO - Processing file /home/airflow/.local/lib/python3.12/site-packages/airflow/example_dags/example_dag_decorator.py for tasks to queue
[2024-12-17T14:48:33.100+0000] {logging_mixin.py:190} INFO - [2024-12-17T14:48:33.100+0000] {dagbag.py:588} INFO - Filling up the DagBag from /home/airflow/.local/lib/python3.12/site-packages/airflow/example_dags/example_dag_decorator.py
[2024-12-17T14:48:33.108+0000] {processor.py:925} INFO - DAG(s) 'example_dag_decorator' retrieved from /home/airflow/.local/lib/python3.12/site-packages/airflow/example_dags/example_dag_decorator.py
[2024-12-17T14:48:33.175+0000] {logging_mixin.py:190} INFO - [2024-12-17T14:48:33.175+0000] {dag.py:3239} INFO - Sync 1 DAGs
[2024-12-17T14:48:33.184+0000] {logging_mixin.py:190} INFO - [2024-12-17T14:48:33.184+0000] {dag.py:4180} INFO - Setting next_dagrun for example_dag_decorator to None, run_after=None
[2024-12-17T14:48:33.197+0000] {processor.py:208} INFO - Processing /home/airflow/.local/lib/python3.12/site-packages/airflow/example_dags/example_dag_decorator.py took 0.103 seconds
[2024-12-17T14:49:03.388+0000] {processor.py:186} INFO - Started process (PID=852) to work on /home/airflow/.local/lib/python3.12/site-packages/airflow/example_dags/example_dag_decorator.py
[2024-12-17T14:49:03.388+0000] {processor.py:914} INFO - Processing file /home/airflow/.local/lib/python3.12/site-packages/airflow/example_dags/example_dag_decorator.py for tasks to queue
[2024-12-17T14:49:03.390+0000] {logging_mixin.py:190} INFO - [2024-12-17T14:49:03.389+0000] {dagbag.py:588} INFO - Filling up the DagBag from /home/airflow/.local/lib/python3.12/site-packages/airflow/example_dags/example_dag_decorator.py
[2024-12-17T14:49:03.397+0000] {processor.py:925} INFO - DAG(s) 'example_dag_decorator' retrieved from /home/airflow/.local/lib/python3.12/site-packages/airflow/example_dags/example_dag_decorator.py
[2024-12-17T14:49:03.466+0000] {logging_mixin.py:190} INFO - [2024-12-17T14:49:03.466+0000] {dag.py:3239} INFO - Sync 1 DAGs
[2024-12-17T14:49:03.474+0000] {logging_mixin.py:190} INFO - [2024-12-17T14:49:03.473+0000] {dag.py:4180} INFO - Setting next_dagrun for example_dag_decorator to None, run_after=None
[2024-12-17T14:49:03.485+0000] {processor.py:208} INFO - Processing /home/airflow/.local/lib/python3.12/site-packages/airflow/example_dags/example_dag_decorator.py took 0.101 seconds
[2024-12-17T14:49:33.521+0000] {processor.py:186} INFO - Started process (PID=917) to work on /home/airflow/.local/lib/python3.12/site-packages/airflow/example_dags/example_dag_decorator.py
[2024-12-17T14:49:33.521+0000] {processor.py:914} INFO - Processing file /home/airflow/.local/lib/python3.12/site-packages/airflow/example_dags/example_dag_decorator.py for tasks to queue
[2024-12-17T14:49:33.523+0000] {logging_mixin.py:190} INFO - [2024-12-17T14:49:33.522+0000] {dagbag.py:588} INFO - Filling up the DagBag from /home/airflow/.local/lib/python3.12/site-packages/airflow/example_dags/example_dag_decorator.py
[2024-12-17T14:49:33.530+0000] {processor.py:925} INFO - DAG(s) 'example_dag_decorator' retrieved from /home/airflow/.local/lib/python3.12/site-packages/airflow/example_dags/example_dag_decorator.py
[2024-12-17T14:49:33.545+0000] {logging_mixin.py:190} INFO - [2024-12-17T14:49:33.545+0000] {dag.py:3239} INFO - Sync 1 DAGs
[2024-12-17T14:49:33.554+0000] {logging_mixin.py:190} INFO - [2024-12-17T14:49:33.554+0000] {dag.py:4180} INFO - Setting next_dagrun for example_dag_decorator to None, run_after=None
[2024-12-17T14:49:33.566+0000] {processor.py:208} INFO - Processing /home/airflow/.local/lib/python3.12/site-packages/airflow/example_dags/example_dag_decorator.py took 0.049 seconds
[2024-12-17T14:50:04.703+0000] {processor.py:186} INFO - Started process (PID=982) to work on /home/airflow/.local/lib/python3.12/site-packages/airflow/example_dags/example_dag_decorator.py
[2024-12-17T14:50:04.705+0000] {processor.py:914} INFO - Processing file /home/airflow/.local/lib/python3.12/site-packages/airflow/example_dags/example_dag_decorator.py for tasks to queue
[2024-12-17T14:50:04.707+0000] {logging_mixin.py:190} INFO - [2024-12-17T14:50:04.706+0000] {dagbag.py:588} INFO - Filling up the DagBag from /home/airflow/.local/lib/python3.12/site-packages/airflow/example_dags/example_dag_decorator.py
[2024-12-17T14:50:04.714+0000] {processor.py:925} INFO - DAG(s) 'example_dag_decorator' retrieved from /home/airflow/.local/lib/python3.12/site-packages/airflow/example_dags/example_dag_decorator.py
[2024-12-17T14:50:04.785+0000] {logging_mixin.py:190} INFO - [2024-12-17T14:50:04.785+0000] {dag.py:3239} INFO - Sync 1 DAGs
[2024-12-17T14:50:04.793+0000] {logging_mixin.py:190} INFO - [2024-12-17T14:50:04.792+0000] {dag.py:4180} INFO - Setting next_dagrun for example_dag_decorator to None, run_after=None
[2024-12-17T14:50:04.804+0000] {processor.py:208} INFO - Processing /home/airflow/.local/lib/python3.12/site-packages/airflow/example_dags/example_dag_decorator.py took 0.104 seconds
[2024-12-17T14:50:37.929+0000] {processor.py:186} INFO - Started process (PID=1047) to work on /home/airflow/.local/lib/python3.12/site-packages/airflow/example_dags/example_dag_decorator.py
[2024-12-17T14:50:37.930+0000] {processor.py:914} INFO - Processing file /home/airflow/.local/lib/python3.12/site-packages/airflow/example_dags/example_dag_decorator.py for tasks to queue
[2024-12-17T14:50:37.932+0000] {logging_mixin.py:190} INFO - [2024-12-17T14:50:37.932+0000] {dagbag.py:588} INFO - Filling up the DagBag from /home/airflow/.local/lib/python3.12/site-packages/airflow/example_dags/example_dag_decorator.py
[2024-12-17T14:50:37.941+0000] {processor.py:925} INFO - DAG(s) 'example_dag_decorator' retrieved from /home/airflow/.local/lib/python3.12/site-packages/airflow/example_dags/example_dag_decorator.py
[2024-12-17T14:50:38.028+0000] {logging_mixin.py:190} INFO - [2024-12-17T14:50:38.027+0000] {dag.py:3239} INFO - Sync 1 DAGs
[2024-12-17T14:50:38.038+0000] {logging_mixin.py:190} INFO - [2024-12-17T14:50:38.038+0000] {dag.py:4180} INFO - Setting next_dagrun for example_dag_decorator to None, run_after=None
[2024-12-17T14:50:38.055+0000] {processor.py:208} INFO - Processing /home/airflow/.local/lib/python3.12/site-packages/airflow/example_dags/example_dag_decorator.py took 0.129 seconds
[2024-12-17T14:51:08.902+0000] {processor.py:186} INFO - Started process (PID=1112) to work on /home/airflow/.local/lib/python3.12/site-packages/airflow/example_dags/example_dag_decorator.py
[2024-12-17T14:51:08.903+0000] {processor.py:914} INFO - Processing file /home/airflow/.local/lib/python3.12/site-packages/airflow/example_dags/example_dag_decorator.py for tasks to queue
[2024-12-17T14:51:08.904+0000] {logging_mixin.py:190} INFO - [2024-12-17T14:51:08.904+0000] {dagbag.py:588} INFO - Filling up the DagBag from /home/airflow/.local/lib/python3.12/site-packages/airflow/example_dags/example_dag_decorator.py
[2024-12-17T14:51:08.913+0000] {processor.py:925} INFO - DAG(s) 'example_dag_decorator' retrieved from /home/airflow/.local/lib/python3.12/site-packages/airflow/example_dags/example_dag_decorator.py
[2024-12-17T14:51:08.989+0000] {logging_mixin.py:190} INFO - [2024-12-17T14:51:08.989+0000] {dag.py:3239} INFO - Sync 1 DAGs
[2024-12-17T14:51:08.997+0000] {logging_mixin.py:190} INFO - [2024-12-17T14:51:08.997+0000] {dag.py:4180} INFO - Setting next_dagrun for example_dag_decorator to None, run_after=None
[2024-12-17T14:51:09.011+0000] {processor.py:208} INFO - Processing /home/airflow/.local/lib/python3.12/site-packages/airflow/example_dags/example_dag_decorator.py took 0.113 seconds
[2024-12-17T14:51:39.785+0000] {processor.py:186} INFO - Started process (PID=1177) to work on /home/airflow/.local/lib/python3.12/site-packages/airflow/example_dags/example_dag_decorator.py
[2024-12-17T14:51:39.786+0000] {processor.py:914} INFO - Processing file /home/airflow/.local/lib/python3.12/site-packages/airflow/example_dags/example_dag_decorator.py for tasks to queue
[2024-12-17T14:51:39.788+0000] {logging_mixin.py:190} INFO - [2024-12-17T14:51:39.787+0000] {dagbag.py:588} INFO - Filling up the DagBag from /home/airflow/.local/lib/python3.12/site-packages/airflow/example_dags/example_dag_decorator.py
[2024-12-17T14:51:39.796+0000] {processor.py:925} INFO - DAG(s) 'example_dag_decorator' retrieved from /home/airflow/.local/lib/python3.12/site-packages/airflow/example_dags/example_dag_decorator.py
[2024-12-17T14:51:39.888+0000] {logging_mixin.py:190} INFO - [2024-12-17T14:51:39.888+0000] {dag.py:3239} INFO - Sync 1 DAGs
[2024-12-17T14:51:39.898+0000] {logging_mixin.py:190} INFO - [2024-12-17T14:51:39.898+0000] {dag.py:4180} INFO - Setting next_dagrun for example_dag_decorator to None, run_after=None
[2024-12-17T14:51:39.913+0000] {processor.py:208} INFO - Processing /home/airflow/.local/lib/python3.12/site-packages/airflow/example_dags/example_dag_decorator.py took 0.132 seconds
[2024-12-17T14:52:10.772+0000] {processor.py:186} INFO - Started process (PID=1242) to work on /home/airflow/.local/lib/python3.12/site-packages/airflow/example_dags/example_dag_decorator.py
[2024-12-17T14:52:10.773+0000] {processor.py:914} INFO - Processing file /home/airflow/.local/lib/python3.12/site-packages/airflow/example_dags/example_dag_decorator.py for tasks to queue
[2024-12-17T14:52:10.775+0000] {logging_mixin.py:190} INFO - [2024-12-17T14:52:10.775+0000] {dagbag.py:588} INFO - Filling up the DagBag from /home/airflow/.local/lib/python3.12/site-packages/airflow/example_dags/example_dag_decorator.py
[2024-12-17T14:52:10.784+0000] {processor.py:925} INFO - DAG(s) 'example_dag_decorator' retrieved from /home/airflow/.local/lib/python3.12/site-packages/airflow/example_dags/example_dag_decorator.py
[2024-12-17T14:52:10.871+0000] {logging_mixin.py:190} INFO - [2024-12-17T14:52:10.871+0000] {dag.py:3239} INFO - Sync 1 DAGs
[2024-12-17T14:52:10.882+0000] {logging_mixin.py:190} INFO - [2024-12-17T14:52:10.882+0000] {dag.py:4180} INFO - Setting next_dagrun for example_dag_decorator to None, run_after=None
[2024-12-17T14:52:10.899+0000] {processor.py:208} INFO - Processing /home/airflow/.local/lib/python3.12/site-packages/airflow/example_dags/example_dag_decorator.py took 0.132 seconds
[2024-12-17T14:52:41.484+0000] {processor.py:186} INFO - Started process (PID=1307) to work on /home/airflow/.local/lib/python3.12/site-packages/airflow/example_dags/example_dag_decorator.py
[2024-12-17T14:52:41.484+0000] {processor.py:914} INFO - Processing file /home/airflow/.local/lib/python3.12/site-packages/airflow/example_dags/example_dag_decorator.py for tasks to queue
[2024-12-17T14:52:41.486+0000] {logging_mixin.py:190} INFO - [2024-12-17T14:52:41.486+0000] {dagbag.py:588} INFO - Filling up the DagBag from /home/airflow/.local/lib/python3.12/site-packages/airflow/example_dags/example_dag_decorator.py
[2024-12-17T14:52:41.497+0000] {processor.py:925} INFO - DAG(s) 'example_dag_decorator' retrieved from /home/airflow/.local/lib/python3.12/site-packages/airflow/example_dags/example_dag_decorator.py
[2024-12-17T14:52:41.515+0000] {logging_mixin.py:190} INFO - [2024-12-17T14:52:41.514+0000] {dag.py:3239} INFO - Sync 1 DAGs
[2024-12-17T14:52:41.525+0000] {logging_mixin.py:190} INFO - [2024-12-17T14:52:41.525+0000] {dag.py:4180} INFO - Setting next_dagrun for example_dag_decorator to None, run_after=None
[2024-12-17T14:52:41.541+0000] {processor.py:208} INFO - Processing /home/airflow/.local/lib/python3.12/site-packages/airflow/example_dags/example_dag_decorator.py took 0.061 seconds
[2024-12-17T14:53:12.407+0000] {processor.py:186} INFO - Started process (PID=1372) to work on /home/airflow/.local/lib/python3.12/site-packages/airflow/example_dags/example_dag_decorator.py
[2024-12-17T14:53:12.407+0000] {processor.py:914} INFO - Processing file /home/airflow/.local/lib/python3.12/site-packages/airflow/example_dags/example_dag_decorator.py for tasks to queue
[2024-12-17T14:53:12.409+0000] {logging_mixin.py:190} INFO - [2024-12-17T14:53:12.408+0000] {dagbag.py:588} INFO - Filling up the DagBag from /home/airflow/.local/lib/python3.12/site-packages/airflow/example_dags/example_dag_decorator.py
[2024-12-17T14:53:12.416+0000] {processor.py:925} INFO - DAG(s) 'example_dag_decorator' retrieved from /home/airflow/.local/lib/python3.12/site-packages/airflow/example_dags/example_dag_decorator.py
[2024-12-17T14:53:12.485+0000] {logging_mixin.py:190} INFO - [2024-12-17T14:53:12.485+0000] {dag.py:3239} INFO - Sync 1 DAGs
[2024-12-17T14:53:12.493+0000] {logging_mixin.py:190} INFO - [2024-12-17T14:53:12.493+0000] {dag.py:4180} INFO - Setting next_dagrun for example_dag_decorator to None, run_after=None
[2024-12-17T14:53:12.506+0000] {processor.py:208} INFO - Processing /home/airflow/.local/lib/python3.12/site-packages/airflow/example_dags/example_dag_decorator.py took 0.103 seconds
[2024-12-17T14:53:44.574+0000] {processor.py:186} INFO - Started process (PID=1437) to work on /home/airflow/.local/lib/python3.12/site-packages/airflow/example_dags/example_dag_decorator.py
[2024-12-17T14:53:44.575+0000] {processor.py:914} INFO - Processing file /home/airflow/.local/lib/python3.12/site-packages/airflow/example_dags/example_dag_decorator.py for tasks to queue
[2024-12-17T14:53:44.576+0000] {logging_mixin.py:190} INFO - [2024-12-17T14:53:44.576+0000] {dagbag.py:588} INFO - Filling up the DagBag from /home/airflow/.local/lib/python3.12/site-packages/airflow/example_dags/example_dag_decorator.py
[2024-12-17T14:53:44.585+0000] {processor.py:925} INFO - DAG(s) 'example_dag_decorator' retrieved from /home/airflow/.local/lib/python3.12/site-packages/airflow/example_dags/example_dag_decorator.py
[2024-12-17T14:53:44.656+0000] {logging_mixin.py:190} INFO - [2024-12-17T14:53:44.655+0000] {dag.py:3239} INFO - Sync 1 DAGs
[2024-12-17T14:53:44.663+0000] {logging_mixin.py:190} INFO - [2024-12-17T14:53:44.663+0000] {dag.py:4180} INFO - Setting next_dagrun for example_dag_decorator to None, run_after=None
[2024-12-17T14:53:44.675+0000] {processor.py:208} INFO - Processing /home/airflow/.local/lib/python3.12/site-packages/airflow/example_dags/example_dag_decorator.py took 0.104 seconds
[2024-12-17T14:54:17.901+0000] {processor.py:186} INFO - Started process (PID=1502) to work on /home/airflow/.local/lib/python3.12/site-packages/airflow/example_dags/example_dag_decorator.py
[2024-12-17T14:54:17.901+0000] {processor.py:914} INFO - Processing file /home/airflow/.local/lib/python3.12/site-packages/airflow/example_dags/example_dag_decorator.py for tasks to queue
[2024-12-17T14:54:17.903+0000] {logging_mixin.py:190} INFO - [2024-12-17T14:54:17.903+0000] {dagbag.py:588} INFO - Filling up the DagBag from /home/airflow/.local/lib/python3.12/site-packages/airflow/example_dags/example_dag_decorator.py
[2024-12-17T14:54:17.911+0000] {processor.py:925} INFO - DAG(s) 'example_dag_decorator' retrieved from /home/airflow/.local/lib/python3.12/site-packages/airflow/example_dags/example_dag_decorator.py
[2024-12-17T14:54:17.990+0000] {logging_mixin.py:190} INFO - [2024-12-17T14:54:17.990+0000] {dag.py:3239} INFO - Sync 1 DAGs
[2024-12-17T14:54:18.000+0000] {logging_mixin.py:190} INFO - [2024-12-17T14:54:18.000+0000] {dag.py:4180} INFO - Setting next_dagrun for example_dag_decorator to None, run_after=None
[2024-12-17T14:54:18.015+0000] {processor.py:208} INFO - Processing /home/airflow/.local/lib/python3.12/site-packages/airflow/example_dags/example_dag_decorator.py took 0.118 seconds
[2024-12-17T14:54:50.318+0000] {processor.py:186} INFO - Started process (PID=1567) to work on /home/airflow/.local/lib/python3.12/site-packages/airflow/example_dags/example_dag_decorator.py
[2024-12-17T14:54:50.318+0000] {processor.py:914} INFO - Processing file /home/airflow/.local/lib/python3.12/site-packages/airflow/example_dags/example_dag_decorator.py for tasks to queue
[2024-12-17T14:54:50.320+0000] {logging_mixin.py:190} INFO - [2024-12-17T14:54:50.320+0000] {dagbag.py:588} INFO - Filling up the DagBag from /home/airflow/.local/lib/python3.12/site-packages/airflow/example_dags/example_dag_decorator.py
[2024-12-17T14:54:50.328+0000] {processor.py:925} INFO - DAG(s) 'example_dag_decorator' retrieved from /home/airflow/.local/lib/python3.12/site-packages/airflow/example_dags/example_dag_decorator.py
[2024-12-17T14:54:50.401+0000] {logging_mixin.py:190} INFO - [2024-12-17T14:54:50.401+0000] {dag.py:3239} INFO - Sync 1 DAGs
[2024-12-17T14:54:50.410+0000] {logging_mixin.py:190} INFO - [2024-12-17T14:54:50.410+0000] {dag.py:4180} INFO - Setting next_dagrun for example_dag_decorator to None, run_after=None
[2024-12-17T14:54:50.423+0000] {processor.py:208} INFO - Processing /home/airflow/.local/lib/python3.12/site-packages/airflow/example_dags/example_dag_decorator.py took 0.109 seconds
[2024-12-17T14:55:22.870+0000] {processor.py:186} INFO - Started process (PID=1632) to work on /home/airflow/.local/lib/python3.12/site-packages/airflow/example_dags/example_dag_decorator.py
[2024-12-17T14:55:22.871+0000] {processor.py:914} INFO - Processing file /home/airflow/.local/lib/python3.12/site-packages/airflow/example_dags/example_dag_decorator.py for tasks to queue
[2024-12-17T14:55:22.873+0000] {logging_mixin.py:190} INFO - [2024-12-17T14:55:22.873+0000] {dagbag.py:588} INFO - Filling up the DagBag from /home/airflow/.local/lib/python3.12/site-packages/airflow/example_dags/example_dag_decorator.py
[2024-12-17T14:55:22.882+0000] {processor.py:925} INFO - DAG(s) 'example_dag_decorator' retrieved from /home/airflow/.local/lib/python3.12/site-packages/airflow/example_dags/example_dag_decorator.py
[2024-12-17T14:55:22.966+0000] {logging_mixin.py:190} INFO - [2024-12-17T14:55:22.966+0000] {dag.py:3239} INFO - Sync 1 DAGs
[2024-12-17T14:55:22.975+0000] {logging_mixin.py:190} INFO - [2024-12-17T14:55:22.975+0000] {dag.py:4180} INFO - Setting next_dagrun for example_dag_decorator to None, run_after=None
[2024-12-17T14:55:22.988+0000] {processor.py:208} INFO - Processing /home/airflow/.local/lib/python3.12/site-packages/airflow/example_dags/example_dag_decorator.py took 0.123 seconds
[2024-12-17T14:55:54.693+0000] {processor.py:186} INFO - Started process (PID=1697) to work on /home/airflow/.local/lib/python3.12/site-packages/airflow/example_dags/example_dag_decorator.py
[2024-12-17T14:55:54.694+0000] {processor.py:914} INFO - Processing file /home/airflow/.local/lib/python3.12/site-packages/airflow/example_dags/example_dag_decorator.py for tasks to queue
[2024-12-17T14:55:54.696+0000] {logging_mixin.py:190} INFO - [2024-12-17T14:55:54.696+0000] {dagbag.py:588} INFO - Filling up the DagBag from /home/airflow/.local/lib/python3.12/site-packages/airflow/example_dags/example_dag_decorator.py
[2024-12-17T14:55:54.704+0000] {processor.py:925} INFO - DAG(s) 'example_dag_decorator' retrieved from /home/airflow/.local/lib/python3.12/site-packages/airflow/example_dags/example_dag_decorator.py
[2024-12-17T14:55:54.789+0000] {logging_mixin.py:190} INFO - [2024-12-17T14:55:54.789+0000] {dag.py:3239} INFO - Sync 1 DAGs
[2024-12-17T14:55:54.956+0000] {logging_mixin.py:190} INFO - [2024-12-17T14:55:54.956+0000] {dag.py:4180} INFO - Setting next_dagrun for example_dag_decorator to None, run_after=None
[2024-12-17T14:55:54.983+0000] {processor.py:208} INFO - Processing /home/airflow/.local/lib/python3.12/site-packages/airflow/example_dags/example_dag_decorator.py took 0.294 seconds
[2024-12-17T14:56:25.457+0000] {processor.py:186} INFO - Started process (PID=1762) to work on /home/airflow/.local/lib/python3.12/site-packages/airflow/example_dags/example_dag_decorator.py
[2024-12-17T14:56:25.458+0000] {processor.py:914} INFO - Processing file /home/airflow/.local/lib/python3.12/site-packages/airflow/example_dags/example_dag_decorator.py for tasks to queue
[2024-12-17T14:56:25.459+0000] {logging_mixin.py:190} INFO - [2024-12-17T14:56:25.459+0000] {dagbag.py:588} INFO - Filling up the DagBag from /home/airflow/.local/lib/python3.12/site-packages/airflow/example_dags/example_dag_decorator.py
[2024-12-17T14:56:25.468+0000] {processor.py:925} INFO - DAG(s) 'example_dag_decorator' retrieved from /home/airflow/.local/lib/python3.12/site-packages/airflow/example_dags/example_dag_decorator.py
[2024-12-17T14:56:25.542+0000] {logging_mixin.py:190} INFO - [2024-12-17T14:56:25.542+0000] {dag.py:3239} INFO - Sync 1 DAGs
[2024-12-17T14:56:25.551+0000] {logging_mixin.py:190} INFO - [2024-12-17T14:56:25.550+0000] {dag.py:4180} INFO - Setting next_dagrun for example_dag_decorator to None, run_after=None
[2024-12-17T14:56:25.566+0000] {processor.py:208} INFO - Processing /home/airflow/.local/lib/python3.12/site-packages/airflow/example_dags/example_dag_decorator.py took 0.113 seconds
