[2024-12-17T14:42:59.773+0000] {processor.py:186} INFO - Started process (PID=90) to work on /home/airflow/.local/lib/python3.12/site-packages/airflow/example_dags/example_task_group.py
[2024-12-17T14:42:59.773+0000] {processor.py:914} INFO - Processing file /home/airflow/.local/lib/python3.12/site-packages/airflow/example_dags/example_task_group.py for tasks to queue
[2024-12-17T14:42:59.775+0000] {logging_mixin.py:190} INFO - [2024-12-17T14:42:59.775+0000] {dagbag.py:588} INFO - Filling up the DagBag from /home/airflow/.local/lib/python3.12/site-packages/airflow/example_dags/example_task_group.py
[2024-12-17T14:42:59.785+0000] {processor.py:925} INFO - DAG(s) 'example_task_group' retrieved from /home/airflow/.local/lib/python3.12/site-packages/airflow/example_dags/example_task_group.py
[2024-12-17T14:42:59.812+0000] {logging_mixin.py:190} INFO - [2024-12-17T14:42:59.812+0000] {dag.py:3239} INFO - Sync 1 DAGs
[2024-12-17T14:42:59.827+0000] {logging_mixin.py:190} INFO - [2024-12-17T14:42:59.826+0000] {dag.py:4180} INFO - Setting next_dagrun for example_task_group to None, run_after=None
[2024-12-17T14:42:59.846+0000] {processor.py:208} INFO - Processing /home/airflow/.local/lib/python3.12/site-packages/airflow/example_dags/example_task_group.py took 0.078 seconds
[2024-12-17T14:43:30.033+0000] {processor.py:186} INFO - Started process (PID=155) to work on /home/airflow/.local/lib/python3.12/site-packages/airflow/example_dags/example_task_group.py
[2024-12-17T14:43:30.033+0000] {processor.py:914} INFO - Processing file /home/airflow/.local/lib/python3.12/site-packages/airflow/example_dags/example_task_group.py for tasks to queue
[2024-12-17T14:43:30.035+0000] {logging_mixin.py:190} INFO - [2024-12-17T14:43:30.035+0000] {dagbag.py:588} INFO - Filling up the DagBag from /home/airflow/.local/lib/python3.12/site-packages/airflow/example_dags/example_task_group.py
[2024-12-17T14:43:30.042+0000] {processor.py:925} INFO - DAG(s) 'example_task_group' retrieved from /home/airflow/.local/lib/python3.12/site-packages/airflow/example_dags/example_task_group.py
[2024-12-17T14:43:30.058+0000] {logging_mixin.py:190} INFO - [2024-12-17T14:43:30.058+0000] {dag.py:3239} INFO - Sync 1 DAGs
[2024-12-17T14:43:30.070+0000] {logging_mixin.py:190} INFO - [2024-12-17T14:43:30.069+0000] {dag.py:4180} INFO - Setting next_dagrun for example_task_group to None, run_after=None
[2024-12-17T14:43:30.085+0000] {processor.py:208} INFO - Processing /home/airflow/.local/lib/python3.12/site-packages/airflow/example_dags/example_task_group.py took 0.057 seconds
[2024-12-17T14:44:00.533+0000] {processor.py:186} INFO - Started process (PID=220) to work on /home/airflow/.local/lib/python3.12/site-packages/airflow/example_dags/example_task_group.py
[2024-12-17T14:44:00.534+0000] {processor.py:914} INFO - Processing file /home/airflow/.local/lib/python3.12/site-packages/airflow/example_dags/example_task_group.py for tasks to queue
[2024-12-17T14:44:00.536+0000] {logging_mixin.py:190} INFO - [2024-12-17T14:44:00.535+0000] {dagbag.py:588} INFO - Filling up the DagBag from /home/airflow/.local/lib/python3.12/site-packages/airflow/example_dags/example_task_group.py
[2024-12-17T14:44:00.542+0000] {processor.py:925} INFO - DAG(s) 'example_task_group' retrieved from /home/airflow/.local/lib/python3.12/site-packages/airflow/example_dags/example_task_group.py
[2024-12-17T14:44:00.556+0000] {logging_mixin.py:190} INFO - [2024-12-17T14:44:00.556+0000] {dag.py:3239} INFO - Sync 1 DAGs
[2024-12-17T14:44:00.566+0000] {logging_mixin.py:190} INFO - [2024-12-17T14:44:00.566+0000] {dag.py:4180} INFO - Setting next_dagrun for example_task_group to None, run_after=None
[2024-12-17T14:44:00.580+0000] {processor.py:208} INFO - Processing /home/airflow/.local/lib/python3.12/site-packages/airflow/example_dags/example_task_group.py took 0.050 seconds
[2024-12-17T14:44:30.658+0000] {processor.py:186} INFO - Started process (PID=285) to work on /home/airflow/.local/lib/python3.12/site-packages/airflow/example_dags/example_task_group.py
[2024-12-17T14:44:30.659+0000] {processor.py:914} INFO - Processing file /home/airflow/.local/lib/python3.12/site-packages/airflow/example_dags/example_task_group.py for tasks to queue
[2024-12-17T14:44:30.660+0000] {logging_mixin.py:190} INFO - [2024-12-17T14:44:30.660+0000] {dagbag.py:588} INFO - Filling up the DagBag from /home/airflow/.local/lib/python3.12/site-packages/airflow/example_dags/example_task_group.py
[2024-12-17T14:44:30.666+0000] {processor.py:925} INFO - DAG(s) 'example_task_group' retrieved from /home/airflow/.local/lib/python3.12/site-packages/airflow/example_dags/example_task_group.py
[2024-12-17T14:44:30.680+0000] {logging_mixin.py:190} INFO - [2024-12-17T14:44:30.679+0000] {dag.py:3239} INFO - Sync 1 DAGs
[2024-12-17T14:44:30.689+0000] {logging_mixin.py:190} INFO - [2024-12-17T14:44:30.689+0000] {dag.py:4180} INFO - Setting next_dagrun for example_task_group to None, run_after=None
[2024-12-17T14:44:30.700+0000] {processor.py:208} INFO - Processing /home/airflow/.local/lib/python3.12/site-packages/airflow/example_dags/example_task_group.py took 0.046 seconds
[2024-12-17T14:45:00.820+0000] {processor.py:186} INFO - Started process (PID=350) to work on /home/airflow/.local/lib/python3.12/site-packages/airflow/example_dags/example_task_group.py
[2024-12-17T14:45:00.821+0000] {processor.py:914} INFO - Processing file /home/airflow/.local/lib/python3.12/site-packages/airflow/example_dags/example_task_group.py for tasks to queue
[2024-12-17T14:45:00.822+0000] {logging_mixin.py:190} INFO - [2024-12-17T14:45:00.822+0000] {dagbag.py:588} INFO - Filling up the DagBag from /home/airflow/.local/lib/python3.12/site-packages/airflow/example_dags/example_task_group.py
[2024-12-17T14:45:00.828+0000] {processor.py:925} INFO - DAG(s) 'example_task_group' retrieved from /home/airflow/.local/lib/python3.12/site-packages/airflow/example_dags/example_task_group.py
[2024-12-17T14:45:00.841+0000] {logging_mixin.py:190} INFO - [2024-12-17T14:45:00.841+0000] {dag.py:3239} INFO - Sync 1 DAGs
[2024-12-17T14:45:00.851+0000] {logging_mixin.py:190} INFO - [2024-12-17T14:45:00.850+0000] {dag.py:4180} INFO - Setting next_dagrun for example_task_group to None, run_after=None
[2024-12-17T14:45:00.863+0000] {processor.py:208} INFO - Processing /home/airflow/.local/lib/python3.12/site-packages/airflow/example_dags/example_task_group.py took 0.046 seconds
[2024-12-17T14:45:31.091+0000] {processor.py:186} INFO - Started process (PID=415) to work on /home/airflow/.local/lib/python3.12/site-packages/airflow/example_dags/example_task_group.py
[2024-12-17T14:45:31.091+0000] {processor.py:914} INFO - Processing file /home/airflow/.local/lib/python3.12/site-packages/airflow/example_dags/example_task_group.py for tasks to queue
[2024-12-17T14:45:31.093+0000] {logging_mixin.py:190} INFO - [2024-12-17T14:45:31.093+0000] {dagbag.py:588} INFO - Filling up the DagBag from /home/airflow/.local/lib/python3.12/site-packages/airflow/example_dags/example_task_group.py
[2024-12-17T14:45:31.098+0000] {processor.py:925} INFO - DAG(s) 'example_task_group' retrieved from /home/airflow/.local/lib/python3.12/site-packages/airflow/example_dags/example_task_group.py
[2024-12-17T14:45:31.111+0000] {logging_mixin.py:190} INFO - [2024-12-17T14:45:31.111+0000] {dag.py:3239} INFO - Sync 1 DAGs
[2024-12-17T14:45:31.120+0000] {logging_mixin.py:190} INFO - [2024-12-17T14:45:31.120+0000] {dag.py:4180} INFO - Setting next_dagrun for example_task_group to None, run_after=None
[2024-12-17T14:45:31.131+0000] {processor.py:208} INFO - Processing /home/airflow/.local/lib/python3.12/site-packages/airflow/example_dags/example_task_group.py took 0.044 seconds
[2024-12-17T14:46:01.374+0000] {processor.py:186} INFO - Started process (PID=480) to work on /home/airflow/.local/lib/python3.12/site-packages/airflow/example_dags/example_task_group.py
[2024-12-17T14:46:01.375+0000] {processor.py:914} INFO - Processing file /home/airflow/.local/lib/python3.12/site-packages/airflow/example_dags/example_task_group.py for tasks to queue
[2024-12-17T14:46:01.377+0000] {logging_mixin.py:190} INFO - [2024-12-17T14:46:01.376+0000] {dagbag.py:588} INFO - Filling up the DagBag from /home/airflow/.local/lib/python3.12/site-packages/airflow/example_dags/example_task_group.py
[2024-12-17T14:46:01.382+0000] {processor.py:925} INFO - DAG(s) 'example_task_group' retrieved from /home/airflow/.local/lib/python3.12/site-packages/airflow/example_dags/example_task_group.py
[2024-12-17T14:46:01.396+0000] {logging_mixin.py:190} INFO - [2024-12-17T14:46:01.396+0000] {dag.py:3239} INFO - Sync 1 DAGs
[2024-12-17T14:46:01.405+0000] {logging_mixin.py:190} INFO - [2024-12-17T14:46:01.405+0000] {dag.py:4180} INFO - Setting next_dagrun for example_task_group to None, run_after=None
[2024-12-17T14:46:01.420+0000] {processor.py:208} INFO - Processing /home/airflow/.local/lib/python3.12/site-packages/airflow/example_dags/example_task_group.py took 0.050 seconds
[2024-12-17T14:46:31.902+0000] {processor.py:186} INFO - Started process (PID=545) to work on /home/airflow/.local/lib/python3.12/site-packages/airflow/example_dags/example_task_group.py
[2024-12-17T14:46:31.903+0000] {processor.py:914} INFO - Processing file /home/airflow/.local/lib/python3.12/site-packages/airflow/example_dags/example_task_group.py for tasks to queue
[2024-12-17T14:46:31.905+0000] {logging_mixin.py:190} INFO - [2024-12-17T14:46:31.904+0000] {dagbag.py:588} INFO - Filling up the DagBag from /home/airflow/.local/lib/python3.12/site-packages/airflow/example_dags/example_task_group.py
[2024-12-17T14:46:31.911+0000] {processor.py:925} INFO - DAG(s) 'example_task_group' retrieved from /home/airflow/.local/lib/python3.12/site-packages/airflow/example_dags/example_task_group.py
[2024-12-17T14:46:31.930+0000] {logging_mixin.py:190} INFO - [2024-12-17T14:46:31.930+0000] {dag.py:3239} INFO - Sync 1 DAGs
[2024-12-17T14:46:31.942+0000] {logging_mixin.py:190} INFO - [2024-12-17T14:46:31.941+0000] {dag.py:4180} INFO - Setting next_dagrun for example_task_group to None, run_after=None
[2024-12-17T14:46:31.956+0000] {processor.py:208} INFO - Processing /home/airflow/.local/lib/python3.12/site-packages/airflow/example_dags/example_task_group.py took 0.059 seconds
[2024-12-17T14:47:02.402+0000] {processor.py:186} INFO - Started process (PID=610) to work on /home/airflow/.local/lib/python3.12/site-packages/airflow/example_dags/example_task_group.py
[2024-12-17T14:47:02.402+0000] {processor.py:914} INFO - Processing file /home/airflow/.local/lib/python3.12/site-packages/airflow/example_dags/example_task_group.py for tasks to queue
[2024-12-17T14:47:02.404+0000] {logging_mixin.py:190} INFO - [2024-12-17T14:47:02.404+0000] {dagbag.py:588} INFO - Filling up the DagBag from /home/airflow/.local/lib/python3.12/site-packages/airflow/example_dags/example_task_group.py
[2024-12-17T14:47:02.410+0000] {processor.py:925} INFO - DAG(s) 'example_task_group' retrieved from /home/airflow/.local/lib/python3.12/site-packages/airflow/example_dags/example_task_group.py
[2024-12-17T14:47:02.426+0000] {logging_mixin.py:190} INFO - [2024-12-17T14:47:02.426+0000] {dag.py:3239} INFO - Sync 1 DAGs
[2024-12-17T14:47:02.439+0000] {logging_mixin.py:190} INFO - [2024-12-17T14:47:02.439+0000] {dag.py:4180} INFO - Setting next_dagrun for example_task_group to None, run_after=None
[2024-12-17T14:47:02.458+0000] {processor.py:208} INFO - Processing /home/airflow/.local/lib/python3.12/site-packages/airflow/example_dags/example_task_group.py took 0.061 seconds
[2024-12-17T14:47:33.098+0000] {processor.py:186} INFO - Started process (PID=675) to work on /home/airflow/.local/lib/python3.12/site-packages/airflow/example_dags/example_task_group.py
[2024-12-17T14:47:33.098+0000] {processor.py:914} INFO - Processing file /home/airflow/.local/lib/python3.12/site-packages/airflow/example_dags/example_task_group.py for tasks to queue
[2024-12-17T14:47:33.100+0000] {logging_mixin.py:190} INFO - [2024-12-17T14:47:33.100+0000] {dagbag.py:588} INFO - Filling up the DagBag from /home/airflow/.local/lib/python3.12/site-packages/airflow/example_dags/example_task_group.py
[2024-12-17T14:47:33.106+0000] {processor.py:925} INFO - DAG(s) 'example_task_group' retrieved from /home/airflow/.local/lib/python3.12/site-packages/airflow/example_dags/example_task_group.py
[2024-12-17T14:47:33.123+0000] {logging_mixin.py:190} INFO - [2024-12-17T14:47:33.122+0000] {dag.py:3239} INFO - Sync 1 DAGs
[2024-12-17T14:47:33.134+0000] {logging_mixin.py:190} INFO - [2024-12-17T14:47:33.134+0000] {dag.py:4180} INFO - Setting next_dagrun for example_task_group to None, run_after=None
[2024-12-17T14:47:33.148+0000] {processor.py:208} INFO - Processing /home/airflow/.local/lib/python3.12/site-packages/airflow/example_dags/example_task_group.py took 0.054 seconds
[2024-12-17T14:48:03.644+0000] {processor.py:186} INFO - Started process (PID=740) to work on /home/airflow/.local/lib/python3.12/site-packages/airflow/example_dags/example_task_group.py
[2024-12-17T14:48:03.645+0000] {processor.py:914} INFO - Processing file /home/airflow/.local/lib/python3.12/site-packages/airflow/example_dags/example_task_group.py for tasks to queue
[2024-12-17T14:48:03.647+0000] {logging_mixin.py:190} INFO - [2024-12-17T14:48:03.647+0000] {dagbag.py:588} INFO - Filling up the DagBag from /home/airflow/.local/lib/python3.12/site-packages/airflow/example_dags/example_task_group.py
[2024-12-17T14:48:03.654+0000] {processor.py:925} INFO - DAG(s) 'example_task_group' retrieved from /home/airflow/.local/lib/python3.12/site-packages/airflow/example_dags/example_task_group.py
[2024-12-17T14:48:03.669+0000] {logging_mixin.py:190} INFO - [2024-12-17T14:48:03.669+0000] {dag.py:3239} INFO - Sync 1 DAGs
[2024-12-17T14:48:03.678+0000] {logging_mixin.py:190} INFO - [2024-12-17T14:48:03.678+0000] {dag.py:4180} INFO - Setting next_dagrun for example_task_group to None, run_after=None
[2024-12-17T14:48:03.691+0000] {processor.py:208} INFO - Processing /home/airflow/.local/lib/python3.12/site-packages/airflow/example_dags/example_task_group.py took 0.050 seconds
[2024-12-17T14:48:33.816+0000] {processor.py:186} INFO - Started process (PID=805) to work on /home/airflow/.local/lib/python3.12/site-packages/airflow/example_dags/example_task_group.py
[2024-12-17T14:48:33.817+0000] {processor.py:914} INFO - Processing file /home/airflow/.local/lib/python3.12/site-packages/airflow/example_dags/example_task_group.py for tasks to queue
[2024-12-17T14:48:33.819+0000] {logging_mixin.py:190} INFO - [2024-12-17T14:48:33.819+0000] {dagbag.py:588} INFO - Filling up the DagBag from /home/airflow/.local/lib/python3.12/site-packages/airflow/example_dags/example_task_group.py
[2024-12-17T14:48:33.825+0000] {processor.py:925} INFO - DAG(s) 'example_task_group' retrieved from /home/airflow/.local/lib/python3.12/site-packages/airflow/example_dags/example_task_group.py
[2024-12-17T14:48:33.839+0000] {logging_mixin.py:190} INFO - [2024-12-17T14:48:33.839+0000] {dag.py:3239} INFO - Sync 1 DAGs
[2024-12-17T14:48:33.848+0000] {logging_mixin.py:190} INFO - [2024-12-17T14:48:33.848+0000] {dag.py:4180} INFO - Setting next_dagrun for example_task_group to None, run_after=None
[2024-12-17T14:48:33.860+0000] {processor.py:208} INFO - Processing /home/airflow/.local/lib/python3.12/site-packages/airflow/example_dags/example_task_group.py took 0.047 seconds
[2024-12-17T14:49:04.067+0000] {processor.py:186} INFO - Started process (PID=870) to work on /home/airflow/.local/lib/python3.12/site-packages/airflow/example_dags/example_task_group.py
[2024-12-17T14:49:04.067+0000] {processor.py:914} INFO - Processing file /home/airflow/.local/lib/python3.12/site-packages/airflow/example_dags/example_task_group.py for tasks to queue
[2024-12-17T14:49:04.069+0000] {logging_mixin.py:190} INFO - [2024-12-17T14:49:04.068+0000] {dagbag.py:588} INFO - Filling up the DagBag from /home/airflow/.local/lib/python3.12/site-packages/airflow/example_dags/example_task_group.py
[2024-12-17T14:49:04.074+0000] {processor.py:925} INFO - DAG(s) 'example_task_group' retrieved from /home/airflow/.local/lib/python3.12/site-packages/airflow/example_dags/example_task_group.py
[2024-12-17T14:49:04.087+0000] {logging_mixin.py:190} INFO - [2024-12-17T14:49:04.086+0000] {dag.py:3239} INFO - Sync 1 DAGs
[2024-12-17T14:49:04.095+0000] {logging_mixin.py:190} INFO - [2024-12-17T14:49:04.095+0000] {dag.py:4180} INFO - Setting next_dagrun for example_task_group to None, run_after=None
[2024-12-17T14:49:04.107+0000] {processor.py:208} INFO - Processing /home/airflow/.local/lib/python3.12/site-packages/airflow/example_dags/example_task_group.py took 0.044 seconds
[2024-12-17T14:49:34.200+0000] {processor.py:186} INFO - Started process (PID=935) to work on /home/airflow/.local/lib/python3.12/site-packages/airflow/example_dags/example_task_group.py
[2024-12-17T14:49:34.201+0000] {processor.py:914} INFO - Processing file /home/airflow/.local/lib/python3.12/site-packages/airflow/example_dags/example_task_group.py for tasks to queue
[2024-12-17T14:49:34.202+0000] {logging_mixin.py:190} INFO - [2024-12-17T14:49:34.202+0000] {dagbag.py:588} INFO - Filling up the DagBag from /home/airflow/.local/lib/python3.12/site-packages/airflow/example_dags/example_task_group.py
[2024-12-17T14:49:34.208+0000] {processor.py:925} INFO - DAG(s) 'example_task_group' retrieved from /home/airflow/.local/lib/python3.12/site-packages/airflow/example_dags/example_task_group.py
[2024-12-17T14:49:34.221+0000] {logging_mixin.py:190} INFO - [2024-12-17T14:49:34.221+0000] {dag.py:3239} INFO - Sync 1 DAGs
[2024-12-17T14:49:34.230+0000] {logging_mixin.py:190} INFO - [2024-12-17T14:49:34.230+0000] {dag.py:4180} INFO - Setting next_dagrun for example_task_group to None, run_after=None
[2024-12-17T14:49:34.242+0000] {processor.py:208} INFO - Processing /home/airflow/.local/lib/python3.12/site-packages/airflow/example_dags/example_task_group.py took 0.046 seconds
[2024-12-17T14:50:05.380+0000] {processor.py:186} INFO - Started process (PID=1000) to work on /home/airflow/.local/lib/python3.12/site-packages/airflow/example_dags/example_task_group.py
[2024-12-17T14:50:05.381+0000] {processor.py:914} INFO - Processing file /home/airflow/.local/lib/python3.12/site-packages/airflow/example_dags/example_task_group.py for tasks to queue
[2024-12-17T14:50:05.382+0000] {logging_mixin.py:190} INFO - [2024-12-17T14:50:05.382+0000] {dagbag.py:588} INFO - Filling up the DagBag from /home/airflow/.local/lib/python3.12/site-packages/airflow/example_dags/example_task_group.py
[2024-12-17T14:50:05.388+0000] {processor.py:925} INFO - DAG(s) 'example_task_group' retrieved from /home/airflow/.local/lib/python3.12/site-packages/airflow/example_dags/example_task_group.py
[2024-12-17T14:50:05.402+0000] {logging_mixin.py:190} INFO - [2024-12-17T14:50:05.401+0000] {dag.py:3239} INFO - Sync 1 DAGs
[2024-12-17T14:50:05.411+0000] {logging_mixin.py:190} INFO - [2024-12-17T14:50:05.411+0000] {dag.py:4180} INFO - Setting next_dagrun for example_task_group to None, run_after=None
[2024-12-17T14:50:05.422+0000] {processor.py:208} INFO - Processing /home/airflow/.local/lib/python3.12/site-packages/airflow/example_dags/example_task_group.py took 0.046 seconds
[2024-12-17T14:50:38.680+0000] {processor.py:186} INFO - Started process (PID=1065) to work on /home/airflow/.local/lib/python3.12/site-packages/airflow/example_dags/example_task_group.py
[2024-12-17T14:50:38.681+0000] {processor.py:914} INFO - Processing file /home/airflow/.local/lib/python3.12/site-packages/airflow/example_dags/example_task_group.py for tasks to queue
[2024-12-17T14:50:38.682+0000] {logging_mixin.py:190} INFO - [2024-12-17T14:50:38.682+0000] {dagbag.py:588} INFO - Filling up the DagBag from /home/airflow/.local/lib/python3.12/site-packages/airflow/example_dags/example_task_group.py
[2024-12-17T14:50:38.688+0000] {processor.py:925} INFO - DAG(s) 'example_task_group' retrieved from /home/airflow/.local/lib/python3.12/site-packages/airflow/example_dags/example_task_group.py
[2024-12-17T14:50:38.702+0000] {logging_mixin.py:190} INFO - [2024-12-17T14:50:38.702+0000] {dag.py:3239} INFO - Sync 1 DAGs
[2024-12-17T14:50:38.712+0000] {logging_mixin.py:190} INFO - [2024-12-17T14:50:38.712+0000] {dag.py:4180} INFO - Setting next_dagrun for example_task_group to None, run_after=None
[2024-12-17T14:50:38.725+0000] {processor.py:208} INFO - Processing /home/airflow/.local/lib/python3.12/site-packages/airflow/example_dags/example_task_group.py took 0.048 seconds
[2024-12-17T14:51:09.707+0000] {processor.py:186} INFO - Started process (PID=1130) to work on /home/airflow/.local/lib/python3.12/site-packages/airflow/example_dags/example_task_group.py
[2024-12-17T14:51:09.707+0000] {processor.py:914} INFO - Processing file /home/airflow/.local/lib/python3.12/site-packages/airflow/example_dags/example_task_group.py for tasks to queue
[2024-12-17T14:51:09.709+0000] {logging_mixin.py:190} INFO - [2024-12-17T14:51:09.709+0000] {dagbag.py:588} INFO - Filling up the DagBag from /home/airflow/.local/lib/python3.12/site-packages/airflow/example_dags/example_task_group.py
[2024-12-17T14:51:09.715+0000] {processor.py:925} INFO - DAG(s) 'example_task_group' retrieved from /home/airflow/.local/lib/python3.12/site-packages/airflow/example_dags/example_task_group.py
[2024-12-17T14:51:09.729+0000] {logging_mixin.py:190} INFO - [2024-12-17T14:51:09.729+0000] {dag.py:3239} INFO - Sync 1 DAGs
[2024-12-17T14:51:09.738+0000] {logging_mixin.py:190} INFO - [2024-12-17T14:51:09.738+0000] {dag.py:4180} INFO - Setting next_dagrun for example_task_group to None, run_after=None
[2024-12-17T14:51:09.751+0000] {processor.py:208} INFO - Processing /home/airflow/.local/lib/python3.12/site-packages/airflow/example_dags/example_task_group.py took 0.048 seconds
[2024-12-17T14:51:40.688+0000] {processor.py:186} INFO - Started process (PID=1195) to work on /home/airflow/.local/lib/python3.12/site-packages/airflow/example_dags/example_task_group.py
[2024-12-17T14:51:40.689+0000] {processor.py:914} INFO - Processing file /home/airflow/.local/lib/python3.12/site-packages/airflow/example_dags/example_task_group.py for tasks to queue
[2024-12-17T14:51:40.692+0000] {logging_mixin.py:190} INFO - [2024-12-17T14:51:40.691+0000] {dagbag.py:588} INFO - Filling up the DagBag from /home/airflow/.local/lib/python3.12/site-packages/airflow/example_dags/example_task_group.py
[2024-12-17T14:51:40.703+0000] {processor.py:925} INFO - DAG(s) 'example_task_group' retrieved from /home/airflow/.local/lib/python3.12/site-packages/airflow/example_dags/example_task_group.py
[2024-12-17T14:51:40.723+0000] {logging_mixin.py:190} INFO - [2024-12-17T14:51:40.722+0000] {dag.py:3239} INFO - Sync 1 DAGs
[2024-12-17T14:51:40.735+0000] {logging_mixin.py:190} INFO - [2024-12-17T14:51:40.734+0000] {dag.py:4180} INFO - Setting next_dagrun for example_task_group to None, run_after=None
[2024-12-17T14:51:40.751+0000] {processor.py:208} INFO - Processing /home/airflow/.local/lib/python3.12/site-packages/airflow/example_dags/example_task_group.py took 0.074 seconds
[2024-12-17T14:52:11.630+0000] {processor.py:186} INFO - Started process (PID=1260) to work on /home/airflow/.local/lib/python3.12/site-packages/airflow/example_dags/example_task_group.py
[2024-12-17T14:52:11.631+0000] {processor.py:914} INFO - Processing file /home/airflow/.local/lib/python3.12/site-packages/airflow/example_dags/example_task_group.py for tasks to queue
[2024-12-17T14:52:11.633+0000] {logging_mixin.py:190} INFO - [2024-12-17T14:52:11.633+0000] {dagbag.py:588} INFO - Filling up the DagBag from /home/airflow/.local/lib/python3.12/site-packages/airflow/example_dags/example_task_group.py
[2024-12-17T14:52:11.643+0000] {processor.py:925} INFO - DAG(s) 'example_task_group' retrieved from /home/airflow/.local/lib/python3.12/site-packages/airflow/example_dags/example_task_group.py
[2024-12-17T14:52:11.665+0000] {logging_mixin.py:190} INFO - [2024-12-17T14:52:11.665+0000] {dag.py:3239} INFO - Sync 1 DAGs
[2024-12-17T14:52:11.681+0000] {logging_mixin.py:190} INFO - [2024-12-17T14:52:11.680+0000] {dag.py:4180} INFO - Setting next_dagrun for example_task_group to None, run_after=None
[2024-12-17T14:52:11.700+0000] {processor.py:208} INFO - Processing /home/airflow/.local/lib/python3.12/site-packages/airflow/example_dags/example_task_group.py took 0.075 seconds
[2024-12-17T14:52:42.334+0000] {processor.py:186} INFO - Started process (PID=1325) to work on /home/airflow/.local/lib/python3.12/site-packages/airflow/example_dags/example_task_group.py
[2024-12-17T14:52:42.335+0000] {processor.py:914} INFO - Processing file /home/airflow/.local/lib/python3.12/site-packages/airflow/example_dags/example_task_group.py for tasks to queue
[2024-12-17T14:52:42.336+0000] {logging_mixin.py:190} INFO - [2024-12-17T14:52:42.336+0000] {dagbag.py:588} INFO - Filling up the DagBag from /home/airflow/.local/lib/python3.12/site-packages/airflow/example_dags/example_task_group.py
[2024-12-17T14:52:42.343+0000] {processor.py:925} INFO - DAG(s) 'example_task_group' retrieved from /home/airflow/.local/lib/python3.12/site-packages/airflow/example_dags/example_task_group.py
[2024-12-17T14:52:42.368+0000] {logging_mixin.py:190} INFO - [2024-12-17T14:52:42.367+0000] {dag.py:3239} INFO - Sync 1 DAGs
[2024-12-17T14:52:42.383+0000] {logging_mixin.py:190} INFO - [2024-12-17T14:52:42.383+0000] {dag.py:4180} INFO - Setting next_dagrun for example_task_group to None, run_after=None
[2024-12-17T14:52:42.405+0000] {processor.py:208} INFO - Processing /home/airflow/.local/lib/python3.12/site-packages/airflow/example_dags/example_task_group.py took 0.075 seconds
[2024-12-17T14:53:13.163+0000] {processor.py:186} INFO - Started process (PID=1390) to work on /home/airflow/.local/lib/python3.12/site-packages/airflow/example_dags/example_task_group.py
[2024-12-17T14:53:13.163+0000] {processor.py:914} INFO - Processing file /home/airflow/.local/lib/python3.12/site-packages/airflow/example_dags/example_task_group.py for tasks to queue
[2024-12-17T14:53:13.165+0000] {logging_mixin.py:190} INFO - [2024-12-17T14:53:13.165+0000] {dagbag.py:588} INFO - Filling up the DagBag from /home/airflow/.local/lib/python3.12/site-packages/airflow/example_dags/example_task_group.py
[2024-12-17T14:53:13.171+0000] {processor.py:925} INFO - DAG(s) 'example_task_group' retrieved from /home/airflow/.local/lib/python3.12/site-packages/airflow/example_dags/example_task_group.py
[2024-12-17T14:53:13.184+0000] {logging_mixin.py:190} INFO - [2024-12-17T14:53:13.183+0000] {dag.py:3239} INFO - Sync 1 DAGs
[2024-12-17T14:53:13.193+0000] {logging_mixin.py:190} INFO - [2024-12-17T14:53:13.193+0000] {dag.py:4180} INFO - Setting next_dagrun for example_task_group to None, run_after=None
[2024-12-17T14:53:13.205+0000] {processor.py:208} INFO - Processing /home/airflow/.local/lib/python3.12/site-packages/airflow/example_dags/example_task_group.py took 0.046 seconds
[2024-12-17T14:53:45.253+0000] {processor.py:186} INFO - Started process (PID=1455) to work on /home/airflow/.local/lib/python3.12/site-packages/airflow/example_dags/example_task_group.py
[2024-12-17T14:53:45.254+0000] {processor.py:914} INFO - Processing file /home/airflow/.local/lib/python3.12/site-packages/airflow/example_dags/example_task_group.py for tasks to queue
[2024-12-17T14:53:45.255+0000] {logging_mixin.py:190} INFO - [2024-12-17T14:53:45.255+0000] {dagbag.py:588} INFO - Filling up the DagBag from /home/airflow/.local/lib/python3.12/site-packages/airflow/example_dags/example_task_group.py
[2024-12-17T14:53:45.261+0000] {processor.py:925} INFO - DAG(s) 'example_task_group' retrieved from /home/airflow/.local/lib/python3.12/site-packages/airflow/example_dags/example_task_group.py
[2024-12-17T14:53:45.274+0000] {logging_mixin.py:190} INFO - [2024-12-17T14:53:45.273+0000] {dag.py:3239} INFO - Sync 1 DAGs
[2024-12-17T14:53:45.282+0000] {logging_mixin.py:190} INFO - [2024-12-17T14:53:45.282+0000] {dag.py:4180} INFO - Setting next_dagrun for example_task_group to None, run_after=None
[2024-12-17T14:53:45.294+0000] {processor.py:208} INFO - Processing /home/airflow/.local/lib/python3.12/site-packages/airflow/example_dags/example_task_group.py took 0.044 seconds
[2024-12-17T14:54:18.729+0000] {processor.py:186} INFO - Started process (PID=1520) to work on /home/airflow/.local/lib/python3.12/site-packages/airflow/example_dags/example_task_group.py
[2024-12-17T14:54:18.730+0000] {processor.py:914} INFO - Processing file /home/airflow/.local/lib/python3.12/site-packages/airflow/example_dags/example_task_group.py for tasks to queue
[2024-12-17T14:54:18.732+0000] {logging_mixin.py:190} INFO - [2024-12-17T14:54:18.731+0000] {dagbag.py:588} INFO - Filling up the DagBag from /home/airflow/.local/lib/python3.12/site-packages/airflow/example_dags/example_task_group.py
[2024-12-17T14:54:18.739+0000] {processor.py:925} INFO - DAG(s) 'example_task_group' retrieved from /home/airflow/.local/lib/python3.12/site-packages/airflow/example_dags/example_task_group.py
[2024-12-17T14:54:18.754+0000] {logging_mixin.py:190} INFO - [2024-12-17T14:54:18.754+0000] {dag.py:3239} INFO - Sync 1 DAGs
[2024-12-17T14:54:18.763+0000] {logging_mixin.py:190} INFO - [2024-12-17T14:54:18.763+0000] {dag.py:4180} INFO - Setting next_dagrun for example_task_group to None, run_after=None
[2024-12-17T14:54:18.776+0000] {processor.py:208} INFO - Processing /home/airflow/.local/lib/python3.12/site-packages/airflow/example_dags/example_task_group.py took 0.050 seconds
[2024-12-17T14:54:51.202+0000] {processor.py:186} INFO - Started process (PID=1585) to work on /home/airflow/.local/lib/python3.12/site-packages/airflow/example_dags/example_task_group.py
[2024-12-17T14:54:51.203+0000] {processor.py:914} INFO - Processing file /home/airflow/.local/lib/python3.12/site-packages/airflow/example_dags/example_task_group.py for tasks to queue
[2024-12-17T14:54:51.204+0000] {logging_mixin.py:190} INFO - [2024-12-17T14:54:51.204+0000] {dagbag.py:588} INFO - Filling up the DagBag from /home/airflow/.local/lib/python3.12/site-packages/airflow/example_dags/example_task_group.py
[2024-12-17T14:54:51.210+0000] {processor.py:925} INFO - DAG(s) 'example_task_group' retrieved from /home/airflow/.local/lib/python3.12/site-packages/airflow/example_dags/example_task_group.py
[2024-12-17T14:54:51.223+0000] {logging_mixin.py:190} INFO - [2024-12-17T14:54:51.223+0000] {dag.py:3239} INFO - Sync 1 DAGs
[2024-12-17T14:54:51.232+0000] {logging_mixin.py:190} INFO - [2024-12-17T14:54:51.232+0000] {dag.py:4180} INFO - Setting next_dagrun for example_task_group to None, run_after=None
[2024-12-17T14:54:51.244+0000] {processor.py:208} INFO - Processing /home/airflow/.local/lib/python3.12/site-packages/airflow/example_dags/example_task_group.py took 0.045 seconds
[2024-12-17T14:55:23.631+0000] {processor.py:186} INFO - Started process (PID=1650) to work on /home/airflow/.local/lib/python3.12/site-packages/airflow/example_dags/example_task_group.py
[2024-12-17T14:55:23.632+0000] {processor.py:914} INFO - Processing file /home/airflow/.local/lib/python3.12/site-packages/airflow/example_dags/example_task_group.py for tasks to queue
[2024-12-17T14:55:23.634+0000] {logging_mixin.py:190} INFO - [2024-12-17T14:55:23.633+0000] {dagbag.py:588} INFO - Filling up the DagBag from /home/airflow/.local/lib/python3.12/site-packages/airflow/example_dags/example_task_group.py
[2024-12-17T14:55:23.640+0000] {processor.py:925} INFO - DAG(s) 'example_task_group' retrieved from /home/airflow/.local/lib/python3.12/site-packages/airflow/example_dags/example_task_group.py
[2024-12-17T14:55:23.654+0000] {logging_mixin.py:190} INFO - [2024-12-17T14:55:23.654+0000] {dag.py:3239} INFO - Sync 1 DAGs
[2024-12-17T14:55:23.664+0000] {logging_mixin.py:190} INFO - [2024-12-17T14:55:23.664+0000] {dag.py:4180} INFO - Setting next_dagrun for example_task_group to None, run_after=None
[2024-12-17T14:55:23.676+0000] {processor.py:208} INFO - Processing /home/airflow/.local/lib/python3.12/site-packages/airflow/example_dags/example_task_group.py took 0.049 seconds
[2024-12-17T14:55:55.629+0000] {processor.py:186} INFO - Started process (PID=1715) to work on /home/airflow/.local/lib/python3.12/site-packages/airflow/example_dags/example_task_group.py
[2024-12-17T14:55:55.630+0000] {processor.py:914} INFO - Processing file /home/airflow/.local/lib/python3.12/site-packages/airflow/example_dags/example_task_group.py for tasks to queue
[2024-12-17T14:55:55.633+0000] {logging_mixin.py:190} INFO - [2024-12-17T14:55:55.632+0000] {dagbag.py:588} INFO - Filling up the DagBag from /home/airflow/.local/lib/python3.12/site-packages/airflow/example_dags/example_task_group.py
[2024-12-17T14:55:55.639+0000] {processor.py:925} INFO - DAG(s) 'example_task_group' retrieved from /home/airflow/.local/lib/python3.12/site-packages/airflow/example_dags/example_task_group.py
[2024-12-17T14:55:55.655+0000] {logging_mixin.py:190} INFO - [2024-12-17T14:55:55.655+0000] {dag.py:3239} INFO - Sync 1 DAGs
[2024-12-17T14:55:55.665+0000] {logging_mixin.py:190} INFO - [2024-12-17T14:55:55.665+0000] {dag.py:4180} INFO - Setting next_dagrun for example_task_group to None, run_after=None
[2024-12-17T14:55:55.678+0000] {processor.py:208} INFO - Processing /home/airflow/.local/lib/python3.12/site-packages/airflow/example_dags/example_task_group.py took 0.053 seconds
[2024-12-17T14:56:26.173+0000] {processor.py:186} INFO - Started process (PID=1780) to work on /home/airflow/.local/lib/python3.12/site-packages/airflow/example_dags/example_task_group.py
[2024-12-17T14:56:26.174+0000] {processor.py:914} INFO - Processing file /home/airflow/.local/lib/python3.12/site-packages/airflow/example_dags/example_task_group.py for tasks to queue
[2024-12-17T14:56:26.175+0000] {logging_mixin.py:190} INFO - [2024-12-17T14:56:26.175+0000] {dagbag.py:588} INFO - Filling up the DagBag from /home/airflow/.local/lib/python3.12/site-packages/airflow/example_dags/example_task_group.py
[2024-12-17T14:56:26.181+0000] {processor.py:925} INFO - DAG(s) 'example_task_group' retrieved from /home/airflow/.local/lib/python3.12/site-packages/airflow/example_dags/example_task_group.py
[2024-12-17T14:56:26.194+0000] {logging_mixin.py:190} INFO - [2024-12-17T14:56:26.194+0000] {dag.py:3239} INFO - Sync 1 DAGs
[2024-12-17T14:56:26.204+0000] {logging_mixin.py:190} INFO - [2024-12-17T14:56:26.204+0000] {dag.py:4180} INFO - Setting next_dagrun for example_task_group to None, run_after=None
[2024-12-17T14:56:26.215+0000] {processor.py:208} INFO - Processing /home/airflow/.local/lib/python3.12/site-packages/airflow/example_dags/example_task_group.py took 0.046 seconds
