[2024-12-17T14:42:58.634+0000] {processor.py:186} INFO - Started process (PID=69) to work on /home/airflow/.local/lib/python3.12/site-packages/airflow/example_dags/example_branch_operator.py
[2024-12-17T14:42:58.635+0000] {processor.py:914} INFO - Processing file /home/airflow/.local/lib/python3.12/site-packages/airflow/example_dags/example_branch_operator.py for tasks to queue
[2024-12-17T14:42:58.637+0000] {logging_mixin.py:190} INFO - [2024-12-17T14:42:58.636+0000] {dagbag.py:588} INFO - Filling up the DagBag from /home/airflow/.local/lib/python3.12/site-packages/airflow/example_dags/example_branch_operator.py
[2024-12-17T14:42:58.648+0000] {processor.py:925} INFO - DAG(s) 'example_branch_operator' retrieved from /home/airflow/.local/lib/python3.12/site-packages/airflow/example_dags/example_branch_operator.py
[2024-12-17T14:42:58.728+0000] {logging_mixin.py:190} INFO - [2024-12-17T14:42:58.728+0000] {dag.py:3239} INFO - Sync 1 DAGs
[2024-12-17T14:42:58.743+0000] {logging_mixin.py:190} INFO - [2024-12-17T14:42:58.742+0000] {dag.py:4180} INFO - Setting next_dagrun for example_branch_operator to 2024-12-16 00:00:00+00:00, run_after=2024-12-17 00:00:00+00:00
[2024-12-17T14:42:58.759+0000] {processor.py:208} INFO - Processing /home/airflow/.local/lib/python3.12/site-packages/airflow/example_dags/example_branch_operator.py took 0.128 seconds
[2024-12-17T14:43:29.075+0000] {processor.py:186} INFO - Started process (PID=135) to work on /home/airflow/.local/lib/python3.12/site-packages/airflow/example_dags/example_branch_operator.py
[2024-12-17T14:43:29.075+0000] {processor.py:914} INFO - Processing file /home/airflow/.local/lib/python3.12/site-packages/airflow/example_dags/example_branch_operator.py for tasks to queue
[2024-12-17T14:43:29.077+0000] {logging_mixin.py:190} INFO - [2024-12-17T14:43:29.077+0000] {dagbag.py:588} INFO - Filling up the DagBag from /home/airflow/.local/lib/python3.12/site-packages/airflow/example_dags/example_branch_operator.py
[2024-12-17T14:43:29.089+0000] {processor.py:925} INFO - DAG(s) 'example_branch_operator' retrieved from /home/airflow/.local/lib/python3.12/site-packages/airflow/example_dags/example_branch_operator.py
[2024-12-17T14:43:29.109+0000] {logging_mixin.py:190} INFO - [2024-12-17T14:43:29.108+0000] {dag.py:3239} INFO - Sync 1 DAGs
[2024-12-17T14:43:29.125+0000] {logging_mixin.py:190} INFO - [2024-12-17T14:43:29.125+0000] {dag.py:4180} INFO - Setting next_dagrun for example_branch_operator to 2024-12-16 00:00:00+00:00, run_after=2024-12-17 00:00:00+00:00
[2024-12-17T14:43:29.137+0000] {processor.py:208} INFO - Processing /home/airflow/.local/lib/python3.12/site-packages/airflow/example_dags/example_branch_operator.py took 0.067 seconds
[2024-12-17T14:43:59.621+0000] {processor.py:186} INFO - Started process (PID=199) to work on /home/airflow/.local/lib/python3.12/site-packages/airflow/example_dags/example_branch_operator.py
[2024-12-17T14:43:59.621+0000] {processor.py:914} INFO - Processing file /home/airflow/.local/lib/python3.12/site-packages/airflow/example_dags/example_branch_operator.py for tasks to queue
[2024-12-17T14:43:59.623+0000] {logging_mixin.py:190} INFO - [2024-12-17T14:43:59.622+0000] {dagbag.py:588} INFO - Filling up the DagBag from /home/airflow/.local/lib/python3.12/site-packages/airflow/example_dags/example_branch_operator.py
[2024-12-17T14:43:59.634+0000] {processor.py:925} INFO - DAG(s) 'example_branch_operator' retrieved from /home/airflow/.local/lib/python3.12/site-packages/airflow/example_dags/example_branch_operator.py
[2024-12-17T14:43:59.653+0000] {logging_mixin.py:190} INFO - [2024-12-17T14:43:59.653+0000] {dag.py:3239} INFO - Sync 1 DAGs
[2024-12-17T14:43:59.670+0000] {logging_mixin.py:190} INFO - [2024-12-17T14:43:59.669+0000] {dag.py:4180} INFO - Setting next_dagrun for example_branch_operator to 2024-12-16 00:00:00+00:00, run_after=2024-12-17 00:00:00+00:00
[2024-12-17T14:43:59.683+0000] {processor.py:208} INFO - Processing /home/airflow/.local/lib/python3.12/site-packages/airflow/example_dags/example_branch_operator.py took 0.066 seconds
[2024-12-17T14:44:29.879+0000] {processor.py:186} INFO - Started process (PID=264) to work on /home/airflow/.local/lib/python3.12/site-packages/airflow/example_dags/example_branch_operator.py
[2024-12-17T14:44:29.880+0000] {processor.py:914} INFO - Processing file /home/airflow/.local/lib/python3.12/site-packages/airflow/example_dags/example_branch_operator.py for tasks to queue
[2024-12-17T14:44:29.882+0000] {logging_mixin.py:190} INFO - [2024-12-17T14:44:29.881+0000] {dagbag.py:588} INFO - Filling up the DagBag from /home/airflow/.local/lib/python3.12/site-packages/airflow/example_dags/example_branch_operator.py
[2024-12-17T14:44:29.893+0000] {processor.py:925} INFO - DAG(s) 'example_branch_operator' retrieved from /home/airflow/.local/lib/python3.12/site-packages/airflow/example_dags/example_branch_operator.py
[2024-12-17T14:44:29.911+0000] {logging_mixin.py:190} INFO - [2024-12-17T14:44:29.911+0000] {dag.py:3239} INFO - Sync 1 DAGs
[2024-12-17T14:44:29.927+0000] {logging_mixin.py:190} INFO - [2024-12-17T14:44:29.926+0000] {dag.py:4180} INFO - Setting next_dagrun for example_branch_operator to 2024-12-16 00:00:00+00:00, run_after=2024-12-17 00:00:00+00:00
[2024-12-17T14:44:29.938+0000] {processor.py:208} INFO - Processing /home/airflow/.local/lib/python3.12/site-packages/airflow/example_dags/example_branch_operator.py took 0.063 seconds
[2024-12-17T14:45:00.070+0000] {processor.py:186} INFO - Started process (PID=329) to work on /home/airflow/.local/lib/python3.12/site-packages/airflow/example_dags/example_branch_operator.py
[2024-12-17T14:45:00.070+0000] {processor.py:914} INFO - Processing file /home/airflow/.local/lib/python3.12/site-packages/airflow/example_dags/example_branch_operator.py for tasks to queue
[2024-12-17T14:45:00.072+0000] {logging_mixin.py:190} INFO - [2024-12-17T14:45:00.072+0000] {dagbag.py:588} INFO - Filling up the DagBag from /home/airflow/.local/lib/python3.12/site-packages/airflow/example_dags/example_branch_operator.py
[2024-12-17T14:45:00.083+0000] {processor.py:925} INFO - DAG(s) 'example_branch_operator' retrieved from /home/airflow/.local/lib/python3.12/site-packages/airflow/example_dags/example_branch_operator.py
[2024-12-17T14:45:00.099+0000] {logging_mixin.py:190} INFO - [2024-12-17T14:45:00.099+0000] {dag.py:3239} INFO - Sync 1 DAGs
[2024-12-17T14:45:00.114+0000] {logging_mixin.py:190} INFO - [2024-12-17T14:45:00.114+0000] {dag.py:4180} INFO - Setting next_dagrun for example_branch_operator to 2024-12-16 00:00:00+00:00, run_after=2024-12-17 00:00:00+00:00
[2024-12-17T14:45:00.126+0000] {processor.py:208} INFO - Processing /home/airflow/.local/lib/python3.12/site-packages/airflow/example_dags/example_branch_operator.py took 0.060 seconds
[2024-12-17T14:45:30.253+0000] {processor.py:186} INFO - Started process (PID=394) to work on /home/airflow/.local/lib/python3.12/site-packages/airflow/example_dags/example_branch_operator.py
[2024-12-17T14:45:30.254+0000] {processor.py:914} INFO - Processing file /home/airflow/.local/lib/python3.12/site-packages/airflow/example_dags/example_branch_operator.py for tasks to queue
[2024-12-17T14:45:30.255+0000] {logging_mixin.py:190} INFO - [2024-12-17T14:45:30.255+0000] {dagbag.py:588} INFO - Filling up the DagBag from /home/airflow/.local/lib/python3.12/site-packages/airflow/example_dags/example_branch_operator.py
[2024-12-17T14:45:30.266+0000] {processor.py:925} INFO - DAG(s) 'example_branch_operator' retrieved from /home/airflow/.local/lib/python3.12/site-packages/airflow/example_dags/example_branch_operator.py
[2024-12-17T14:45:30.283+0000] {logging_mixin.py:190} INFO - [2024-12-17T14:45:30.283+0000] {dag.py:3239} INFO - Sync 1 DAGs
[2024-12-17T14:45:30.300+0000] {logging_mixin.py:190} INFO - [2024-12-17T14:45:30.299+0000] {dag.py:4180} INFO - Setting next_dagrun for example_branch_operator to 2024-12-16 00:00:00+00:00, run_after=2024-12-17 00:00:00+00:00
[2024-12-17T14:45:30.312+0000] {processor.py:208} INFO - Processing /home/airflow/.local/lib/python3.12/site-packages/airflow/example_dags/example_branch_operator.py took 0.062 seconds
[2024-12-17T14:46:00.523+0000] {processor.py:186} INFO - Started process (PID=459) to work on /home/airflow/.local/lib/python3.12/site-packages/airflow/example_dags/example_branch_operator.py
[2024-12-17T14:46:00.523+0000] {processor.py:914} INFO - Processing file /home/airflow/.local/lib/python3.12/site-packages/airflow/example_dags/example_branch_operator.py for tasks to queue
[2024-12-17T14:46:00.525+0000] {logging_mixin.py:190} INFO - [2024-12-17T14:46:00.524+0000] {dagbag.py:588} INFO - Filling up the DagBag from /home/airflow/.local/lib/python3.12/site-packages/airflow/example_dags/example_branch_operator.py
[2024-12-17T14:46:00.536+0000] {processor.py:925} INFO - DAG(s) 'example_branch_operator' retrieved from /home/airflow/.local/lib/python3.12/site-packages/airflow/example_dags/example_branch_operator.py
[2024-12-17T14:46:00.553+0000] {logging_mixin.py:190} INFO - [2024-12-17T14:46:00.552+0000] {dag.py:3239} INFO - Sync 1 DAGs
[2024-12-17T14:46:00.568+0000] {logging_mixin.py:190} INFO - [2024-12-17T14:46:00.567+0000] {dag.py:4180} INFO - Setting next_dagrun for example_branch_operator to 2024-12-16 00:00:00+00:00, run_after=2024-12-17 00:00:00+00:00
[2024-12-17T14:46:00.581+0000] {processor.py:208} INFO - Processing /home/airflow/.local/lib/python3.12/site-packages/airflow/example_dags/example_branch_operator.py took 0.062 seconds
[2024-12-17T14:46:30.922+0000] {processor.py:186} INFO - Started process (PID=524) to work on /home/airflow/.local/lib/python3.12/site-packages/airflow/example_dags/example_branch_operator.py
[2024-12-17T14:46:30.922+0000] {processor.py:914} INFO - Processing file /home/airflow/.local/lib/python3.12/site-packages/airflow/example_dags/example_branch_operator.py for tasks to queue
[2024-12-17T14:46:30.924+0000] {logging_mixin.py:190} INFO - [2024-12-17T14:46:30.924+0000] {dagbag.py:588} INFO - Filling up the DagBag from /home/airflow/.local/lib/python3.12/site-packages/airflow/example_dags/example_branch_operator.py
[2024-12-17T14:46:30.936+0000] {processor.py:925} INFO - DAG(s) 'example_branch_operator' retrieved from /home/airflow/.local/lib/python3.12/site-packages/airflow/example_dags/example_branch_operator.py
[2024-12-17T14:46:30.955+0000] {logging_mixin.py:190} INFO - [2024-12-17T14:46:30.955+0000] {dag.py:3239} INFO - Sync 1 DAGs
[2024-12-17T14:46:30.971+0000] {logging_mixin.py:190} INFO - [2024-12-17T14:46:30.971+0000] {dag.py:4180} INFO - Setting next_dagrun for example_branch_operator to 2024-12-16 00:00:00+00:00, run_after=2024-12-17 00:00:00+00:00
[2024-12-17T14:46:30.984+0000] {processor.py:208} INFO - Processing /home/airflow/.local/lib/python3.12/site-packages/airflow/example_dags/example_branch_operator.py took 0.067 seconds
[2024-12-17T14:47:01.422+0000] {processor.py:186} INFO - Started process (PID=589) to work on /home/airflow/.local/lib/python3.12/site-packages/airflow/example_dags/example_branch_operator.py
[2024-12-17T14:47:01.423+0000] {processor.py:914} INFO - Processing file /home/airflow/.local/lib/python3.12/site-packages/airflow/example_dags/example_branch_operator.py for tasks to queue
[2024-12-17T14:47:01.425+0000] {logging_mixin.py:190} INFO - [2024-12-17T14:47:01.424+0000] {dagbag.py:588} INFO - Filling up the DagBag from /home/airflow/.local/lib/python3.12/site-packages/airflow/example_dags/example_branch_operator.py
[2024-12-17T14:47:01.440+0000] {processor.py:925} INFO - DAG(s) 'example_branch_operator' retrieved from /home/airflow/.local/lib/python3.12/site-packages/airflow/example_dags/example_branch_operator.py
[2024-12-17T14:47:01.463+0000] {logging_mixin.py:190} INFO - [2024-12-17T14:47:01.463+0000] {dag.py:3239} INFO - Sync 1 DAGs
[2024-12-17T14:47:01.480+0000] {logging_mixin.py:190} INFO - [2024-12-17T14:47:01.480+0000] {dag.py:4180} INFO - Setting next_dagrun for example_branch_operator to 2024-12-16 00:00:00+00:00, run_after=2024-12-17 00:00:00+00:00
[2024-12-17T14:47:01.492+0000] {processor.py:208} INFO - Processing /home/airflow/.local/lib/python3.12/site-packages/airflow/example_dags/example_branch_operator.py took 0.074 seconds
[2024-12-17T14:47:32.067+0000] {processor.py:186} INFO - Started process (PID=654) to work on /home/airflow/.local/lib/python3.12/site-packages/airflow/example_dags/example_branch_operator.py
[2024-12-17T14:47:32.067+0000] {processor.py:914} INFO - Processing file /home/airflow/.local/lib/python3.12/site-packages/airflow/example_dags/example_branch_operator.py for tasks to queue
[2024-12-17T14:47:32.069+0000] {logging_mixin.py:190} INFO - [2024-12-17T14:47:32.069+0000] {dagbag.py:588} INFO - Filling up the DagBag from /home/airflow/.local/lib/python3.12/site-packages/airflow/example_dags/example_branch_operator.py
[2024-12-17T14:47:32.081+0000] {processor.py:925} INFO - DAG(s) 'example_branch_operator' retrieved from /home/airflow/.local/lib/python3.12/site-packages/airflow/example_dags/example_branch_operator.py
[2024-12-17T14:47:32.101+0000] {logging_mixin.py:190} INFO - [2024-12-17T14:47:32.101+0000] {dag.py:3239} INFO - Sync 1 DAGs
[2024-12-17T14:47:32.120+0000] {logging_mixin.py:190} INFO - [2024-12-17T14:47:32.119+0000] {dag.py:4180} INFO - Setting next_dagrun for example_branch_operator to 2024-12-16 00:00:00+00:00, run_after=2024-12-17 00:00:00+00:00
[2024-12-17T14:47:32.134+0000] {processor.py:208} INFO - Processing /home/airflow/.local/lib/python3.12/site-packages/airflow/example_dags/example_branch_operator.py took 0.072 seconds
[2024-12-17T14:48:02.672+0000] {processor.py:186} INFO - Started process (PID=719) to work on /home/airflow/.local/lib/python3.12/site-packages/airflow/example_dags/example_branch_operator.py
[2024-12-17T14:48:02.673+0000] {processor.py:914} INFO - Processing file /home/airflow/.local/lib/python3.12/site-packages/airflow/example_dags/example_branch_operator.py for tasks to queue
[2024-12-17T14:48:02.675+0000] {logging_mixin.py:190} INFO - [2024-12-17T14:48:02.674+0000] {dagbag.py:588} INFO - Filling up the DagBag from /home/airflow/.local/lib/python3.12/site-packages/airflow/example_dags/example_branch_operator.py
[2024-12-17T14:48:02.689+0000] {processor.py:925} INFO - DAG(s) 'example_branch_operator' retrieved from /home/airflow/.local/lib/python3.12/site-packages/airflow/example_dags/example_branch_operator.py
[2024-12-17T14:48:02.709+0000] {logging_mixin.py:190} INFO - [2024-12-17T14:48:02.708+0000] {dag.py:3239} INFO - Sync 1 DAGs
[2024-12-17T14:48:02.726+0000] {logging_mixin.py:190} INFO - [2024-12-17T14:48:02.725+0000] {dag.py:4180} INFO - Setting next_dagrun for example_branch_operator to 2024-12-16 00:00:00+00:00, run_after=2024-12-17 00:00:00+00:00
[2024-12-17T14:48:02.739+0000] {processor.py:208} INFO - Processing /home/airflow/.local/lib/python3.12/site-packages/airflow/example_dags/example_branch_operator.py took 0.071 seconds
[2024-12-17T14:48:32.965+0000] {processor.py:186} INFO - Started process (PID=784) to work on /home/airflow/.local/lib/python3.12/site-packages/airflow/example_dags/example_branch_operator.py
[2024-12-17T14:48:32.966+0000] {processor.py:914} INFO - Processing file /home/airflow/.local/lib/python3.12/site-packages/airflow/example_dags/example_branch_operator.py for tasks to queue
[2024-12-17T14:48:32.967+0000] {logging_mixin.py:190} INFO - [2024-12-17T14:48:32.967+0000] {dagbag.py:588} INFO - Filling up the DagBag from /home/airflow/.local/lib/python3.12/site-packages/airflow/example_dags/example_branch_operator.py
[2024-12-17T14:48:32.978+0000] {processor.py:925} INFO - DAG(s) 'example_branch_operator' retrieved from /home/airflow/.local/lib/python3.12/site-packages/airflow/example_dags/example_branch_operator.py
[2024-12-17T14:48:32.995+0000] {logging_mixin.py:190} INFO - [2024-12-17T14:48:32.995+0000] {dag.py:3239} INFO - Sync 1 DAGs
[2024-12-17T14:48:33.011+0000] {logging_mixin.py:190} INFO - [2024-12-17T14:48:33.011+0000] {dag.py:4180} INFO - Setting next_dagrun for example_branch_operator to 2024-12-16 00:00:00+00:00, run_after=2024-12-17 00:00:00+00:00
[2024-12-17T14:48:33.023+0000] {processor.py:208} INFO - Processing /home/airflow/.local/lib/python3.12/site-packages/airflow/example_dags/example_branch_operator.py took 0.062 seconds
[2024-12-17T14:49:03.309+0000] {processor.py:186} INFO - Started process (PID=849) to work on /home/airflow/.local/lib/python3.12/site-packages/airflow/example_dags/example_branch_operator.py
[2024-12-17T14:49:03.309+0000] {processor.py:914} INFO - Processing file /home/airflow/.local/lib/python3.12/site-packages/airflow/example_dags/example_branch_operator.py for tasks to queue
[2024-12-17T14:49:03.311+0000] {logging_mixin.py:190} INFO - [2024-12-17T14:49:03.311+0000] {dagbag.py:588} INFO - Filling up the DagBag from /home/airflow/.local/lib/python3.12/site-packages/airflow/example_dags/example_branch_operator.py
[2024-12-17T14:49:03.322+0000] {processor.py:925} INFO - DAG(s) 'example_branch_operator' retrieved from /home/airflow/.local/lib/python3.12/site-packages/airflow/example_dags/example_branch_operator.py
[2024-12-17T14:49:03.339+0000] {logging_mixin.py:190} INFO - [2024-12-17T14:49:03.339+0000] {dag.py:3239} INFO - Sync 1 DAGs
[2024-12-17T14:49:03.354+0000] {logging_mixin.py:190} INFO - [2024-12-17T14:49:03.354+0000] {dag.py:4180} INFO - Setting next_dagrun for example_branch_operator to 2024-12-16 00:00:00+00:00, run_after=2024-12-17 00:00:00+00:00
[2024-12-17T14:49:03.366+0000] {processor.py:208} INFO - Processing /home/airflow/.local/lib/python3.12/site-packages/airflow/example_dags/example_branch_operator.py took 0.060 seconds
[2024-12-17T14:49:33.392+0000] {processor.py:186} INFO - Started process (PID=914) to work on /home/airflow/.local/lib/python3.12/site-packages/airflow/example_dags/example_branch_operator.py
[2024-12-17T14:49:33.393+0000] {processor.py:914} INFO - Processing file /home/airflow/.local/lib/python3.12/site-packages/airflow/example_dags/example_branch_operator.py for tasks to queue
[2024-12-17T14:49:33.394+0000] {logging_mixin.py:190} INFO - [2024-12-17T14:49:33.394+0000] {dagbag.py:588} INFO - Filling up the DagBag from /home/airflow/.local/lib/python3.12/site-packages/airflow/example_dags/example_branch_operator.py
[2024-12-17T14:49:33.405+0000] {processor.py:925} INFO - DAG(s) 'example_branch_operator' retrieved from /home/airflow/.local/lib/python3.12/site-packages/airflow/example_dags/example_branch_operator.py
[2024-12-17T14:49:33.423+0000] {logging_mixin.py:190} INFO - [2024-12-17T14:49:33.423+0000] {dag.py:3239} INFO - Sync 1 DAGs
[2024-12-17T14:49:33.438+0000] {logging_mixin.py:190} INFO - [2024-12-17T14:49:33.438+0000] {dag.py:4180} INFO - Setting next_dagrun for example_branch_operator to 2024-12-16 00:00:00+00:00, run_after=2024-12-17 00:00:00+00:00
[2024-12-17T14:49:33.449+0000] {processor.py:208} INFO - Processing /home/airflow/.local/lib/python3.12/site-packages/airflow/example_dags/example_branch_operator.py took 0.060 seconds
[2024-12-17T14:50:04.621+0000] {processor.py:186} INFO - Started process (PID=979) to work on /home/airflow/.local/lib/python3.12/site-packages/airflow/example_dags/example_branch_operator.py
[2024-12-17T14:50:04.621+0000] {processor.py:914} INFO - Processing file /home/airflow/.local/lib/python3.12/site-packages/airflow/example_dags/example_branch_operator.py for tasks to queue
[2024-12-17T14:50:04.623+0000] {logging_mixin.py:190} INFO - [2024-12-17T14:50:04.623+0000] {dagbag.py:588} INFO - Filling up the DagBag from /home/airflow/.local/lib/python3.12/site-packages/airflow/example_dags/example_branch_operator.py
[2024-12-17T14:50:04.634+0000] {processor.py:925} INFO - DAG(s) 'example_branch_operator' retrieved from /home/airflow/.local/lib/python3.12/site-packages/airflow/example_dags/example_branch_operator.py
[2024-12-17T14:50:04.654+0000] {logging_mixin.py:190} INFO - [2024-12-17T14:50:04.654+0000] {dag.py:3239} INFO - Sync 1 DAGs
[2024-12-17T14:50:04.669+0000] {logging_mixin.py:190} INFO - [2024-12-17T14:50:04.669+0000] {dag.py:4180} INFO - Setting next_dagrun for example_branch_operator to 2024-12-16 00:00:00+00:00, run_after=2024-12-17 00:00:00+00:00
[2024-12-17T14:50:04.681+0000] {processor.py:208} INFO - Processing /home/airflow/.local/lib/python3.12/site-packages/airflow/example_dags/example_branch_operator.py took 0.063 seconds
[2024-12-17T14:50:37.786+0000] {processor.py:186} INFO - Started process (PID=1044) to work on /home/airflow/.local/lib/python3.12/site-packages/airflow/example_dags/example_branch_operator.py
[2024-12-17T14:50:37.786+0000] {processor.py:914} INFO - Processing file /home/airflow/.local/lib/python3.12/site-packages/airflow/example_dags/example_branch_operator.py for tasks to queue
[2024-12-17T14:50:37.788+0000] {logging_mixin.py:190} INFO - [2024-12-17T14:50:37.788+0000] {dagbag.py:588} INFO - Filling up the DagBag from /home/airflow/.local/lib/python3.12/site-packages/airflow/example_dags/example_branch_operator.py
[2024-12-17T14:50:37.800+0000] {processor.py:925} INFO - DAG(s) 'example_branch_operator' retrieved from /home/airflow/.local/lib/python3.12/site-packages/airflow/example_dags/example_branch_operator.py
[2024-12-17T14:50:37.818+0000] {logging_mixin.py:190} INFO - [2024-12-17T14:50:37.818+0000] {dag.py:3239} INFO - Sync 1 DAGs
[2024-12-17T14:50:37.834+0000] {logging_mixin.py:190} INFO - [2024-12-17T14:50:37.834+0000] {dag.py:4180} INFO - Setting next_dagrun for example_branch_operator to 2024-12-16 00:00:00+00:00, run_after=2024-12-17 00:00:00+00:00
[2024-12-17T14:50:37.850+0000] {processor.py:208} INFO - Processing /home/airflow/.local/lib/python3.12/site-packages/airflow/example_dags/example_branch_operator.py took 0.067 seconds
[2024-12-17T14:51:08.698+0000] {processor.py:186} INFO - Started process (PID=1109) to work on /home/airflow/.local/lib/python3.12/site-packages/airflow/example_dags/example_branch_operator.py
[2024-12-17T14:51:08.700+0000] {processor.py:914} INFO - Processing file /home/airflow/.local/lib/python3.12/site-packages/airflow/example_dags/example_branch_operator.py for tasks to queue
[2024-12-17T14:51:08.703+0000] {logging_mixin.py:190} INFO - [2024-12-17T14:51:08.702+0000] {dagbag.py:588} INFO - Filling up the DagBag from /home/airflow/.local/lib/python3.12/site-packages/airflow/example_dags/example_branch_operator.py
[2024-12-17T14:51:08.729+0000] {processor.py:925} INFO - DAG(s) 'example_branch_operator' retrieved from /home/airflow/.local/lib/python3.12/site-packages/airflow/example_dags/example_branch_operator.py
[2024-12-17T14:51:08.764+0000] {logging_mixin.py:190} INFO - [2024-12-17T14:51:08.763+0000] {dag.py:3239} INFO - Sync 1 DAGs
[2024-12-17T14:51:08.791+0000] {logging_mixin.py:190} INFO - [2024-12-17T14:51:08.791+0000] {dag.py:4180} INFO - Setting next_dagrun for example_branch_operator to 2024-12-16 00:00:00+00:00, run_after=2024-12-17 00:00:00+00:00
[2024-12-17T14:51:08.811+0000] {processor.py:208} INFO - Processing /home/airflow/.local/lib/python3.12/site-packages/airflow/example_dags/example_branch_operator.py took 0.117 seconds
[2024-12-17T14:51:39.683+0000] {processor.py:186} INFO - Started process (PID=1174) to work on /home/airflow/.local/lib/python3.12/site-packages/airflow/example_dags/example_branch_operator.py
[2024-12-17T14:51:39.684+0000] {processor.py:914} INFO - Processing file /home/airflow/.local/lib/python3.12/site-packages/airflow/example_dags/example_branch_operator.py for tasks to queue
[2024-12-17T14:51:39.686+0000] {logging_mixin.py:190} INFO - [2024-12-17T14:51:39.686+0000] {dagbag.py:588} INFO - Filling up the DagBag from /home/airflow/.local/lib/python3.12/site-packages/airflow/example_dags/example_branch_operator.py
[2024-12-17T14:51:39.700+0000] {processor.py:925} INFO - DAG(s) 'example_branch_operator' retrieved from /home/airflow/.local/lib/python3.12/site-packages/airflow/example_dags/example_branch_operator.py
[2024-12-17T14:51:39.725+0000] {logging_mixin.py:190} INFO - [2024-12-17T14:51:39.725+0000] {dag.py:3239} INFO - Sync 1 DAGs
[2024-12-17T14:51:39.743+0000] {logging_mixin.py:190} INFO - [2024-12-17T14:51:39.743+0000] {dag.py:4180} INFO - Setting next_dagrun for example_branch_operator to 2024-12-16 00:00:00+00:00, run_after=2024-12-17 00:00:00+00:00
[2024-12-17T14:51:39.758+0000] {processor.py:208} INFO - Processing /home/airflow/.local/lib/python3.12/site-packages/airflow/example_dags/example_branch_operator.py took 0.079 seconds
[2024-12-17T14:52:10.559+0000] {processor.py:186} INFO - Started process (PID=1239) to work on /home/airflow/.local/lib/python3.12/site-packages/airflow/example_dags/example_branch_operator.py
[2024-12-17T14:52:10.559+0000] {processor.py:914} INFO - Processing file /home/airflow/.local/lib/python3.12/site-packages/airflow/example_dags/example_branch_operator.py for tasks to queue
[2024-12-17T14:52:10.561+0000] {logging_mixin.py:190} INFO - [2024-12-17T14:52:10.561+0000] {dagbag.py:588} INFO - Filling up the DagBag from /home/airflow/.local/lib/python3.12/site-packages/airflow/example_dags/example_branch_operator.py
[2024-12-17T14:52:10.578+0000] {processor.py:925} INFO - DAG(s) 'example_branch_operator' retrieved from /home/airflow/.local/lib/python3.12/site-packages/airflow/example_dags/example_branch_operator.py
[2024-12-17T14:52:10.603+0000] {logging_mixin.py:190} INFO - [2024-12-17T14:52:10.603+0000] {dag.py:3239} INFO - Sync 1 DAGs
[2024-12-17T14:52:10.626+0000] {logging_mixin.py:190} INFO - [2024-12-17T14:52:10.626+0000] {dag.py:4180} INFO - Setting next_dagrun for example_branch_operator to 2024-12-16 00:00:00+00:00, run_after=2024-12-17 00:00:00+00:00
[2024-12-17T14:52:10.644+0000] {processor.py:208} INFO - Processing /home/airflow/.local/lib/python3.12/site-packages/airflow/example_dags/example_branch_operator.py took 0.092 seconds
[2024-12-17T14:52:41.321+0000] {processor.py:186} INFO - Started process (PID=1304) to work on /home/airflow/.local/lib/python3.12/site-packages/airflow/example_dags/example_branch_operator.py
[2024-12-17T14:52:41.321+0000] {processor.py:914} INFO - Processing file /home/airflow/.local/lib/python3.12/site-packages/airflow/example_dags/example_branch_operator.py for tasks to queue
[2024-12-17T14:52:41.323+0000] {logging_mixin.py:190} INFO - [2024-12-17T14:52:41.322+0000] {dagbag.py:588} INFO - Filling up the DagBag from /home/airflow/.local/lib/python3.12/site-packages/airflow/example_dags/example_branch_operator.py
[2024-12-17T14:52:41.336+0000] {processor.py:925} INFO - DAG(s) 'example_branch_operator' retrieved from /home/airflow/.local/lib/python3.12/site-packages/airflow/example_dags/example_branch_operator.py
[2024-12-17T14:52:41.356+0000] {logging_mixin.py:190} INFO - [2024-12-17T14:52:41.356+0000] {dag.py:3239} INFO - Sync 1 DAGs
[2024-12-17T14:52:41.374+0000] {logging_mixin.py:190} INFO - [2024-12-17T14:52:41.374+0000] {dag.py:4180} INFO - Setting next_dagrun for example_branch_operator to 2024-12-16 00:00:00+00:00, run_after=2024-12-17 00:00:00+00:00
[2024-12-17T14:52:41.390+0000] {processor.py:208} INFO - Processing /home/airflow/.local/lib/python3.12/site-packages/airflow/example_dags/example_branch_operator.py took 0.073 seconds
[2024-12-17T14:53:12.283+0000] {processor.py:186} INFO - Started process (PID=1369) to work on /home/airflow/.local/lib/python3.12/site-packages/airflow/example_dags/example_branch_operator.py
[2024-12-17T14:53:12.284+0000] {processor.py:914} INFO - Processing file /home/airflow/.local/lib/python3.12/site-packages/airflow/example_dags/example_branch_operator.py for tasks to queue
[2024-12-17T14:53:12.285+0000] {logging_mixin.py:190} INFO - [2024-12-17T14:53:12.285+0000] {dagbag.py:588} INFO - Filling up the DagBag from /home/airflow/.local/lib/python3.12/site-packages/airflow/example_dags/example_branch_operator.py
[2024-12-17T14:53:12.296+0000] {processor.py:925} INFO - DAG(s) 'example_branch_operator' retrieved from /home/airflow/.local/lib/python3.12/site-packages/airflow/example_dags/example_branch_operator.py
[2024-12-17T14:53:12.315+0000] {logging_mixin.py:190} INFO - [2024-12-17T14:53:12.315+0000] {dag.py:3239} INFO - Sync 1 DAGs
[2024-12-17T14:53:12.332+0000] {logging_mixin.py:190} INFO - [2024-12-17T14:53:12.332+0000] {dag.py:4180} INFO - Setting next_dagrun for example_branch_operator to 2024-12-16 00:00:00+00:00, run_after=2024-12-17 00:00:00+00:00
[2024-12-17T14:53:12.345+0000] {processor.py:208} INFO - Processing /home/airflow/.local/lib/python3.12/site-packages/airflow/example_dags/example_branch_operator.py took 0.066 seconds
[2024-12-17T14:53:44.491+0000] {processor.py:186} INFO - Started process (PID=1434) to work on /home/airflow/.local/lib/python3.12/site-packages/airflow/example_dags/example_branch_operator.py
[2024-12-17T14:53:44.492+0000] {processor.py:914} INFO - Processing file /home/airflow/.local/lib/python3.12/site-packages/airflow/example_dags/example_branch_operator.py for tasks to queue
[2024-12-17T14:53:44.494+0000] {logging_mixin.py:190} INFO - [2024-12-17T14:53:44.493+0000] {dagbag.py:588} INFO - Filling up the DagBag from /home/airflow/.local/lib/python3.12/site-packages/airflow/example_dags/example_branch_operator.py
[2024-12-17T14:53:44.505+0000] {processor.py:925} INFO - DAG(s) 'example_branch_operator' retrieved from /home/airflow/.local/lib/python3.12/site-packages/airflow/example_dags/example_branch_operator.py
[2024-12-17T14:53:44.522+0000] {logging_mixin.py:190} INFO - [2024-12-17T14:53:44.522+0000] {dag.py:3239} INFO - Sync 1 DAGs
[2024-12-17T14:53:44.538+0000] {logging_mixin.py:190} INFO - [2024-12-17T14:53:44.538+0000] {dag.py:4180} INFO - Setting next_dagrun for example_branch_operator to 2024-12-16 00:00:00+00:00, run_after=2024-12-17 00:00:00+00:00
[2024-12-17T14:53:44.552+0000] {processor.py:208} INFO - Processing /home/airflow/.local/lib/python3.12/site-packages/airflow/example_dags/example_branch_operator.py took 0.064 seconds
[2024-12-17T14:54:17.747+0000] {processor.py:186} INFO - Started process (PID=1499) to work on /home/airflow/.local/lib/python3.12/site-packages/airflow/example_dags/example_branch_operator.py
[2024-12-17T14:54:17.748+0000] {processor.py:914} INFO - Processing file /home/airflow/.local/lib/python3.12/site-packages/airflow/example_dags/example_branch_operator.py for tasks to queue
[2024-12-17T14:54:17.749+0000] {logging_mixin.py:190} INFO - [2024-12-17T14:54:17.749+0000] {dagbag.py:588} INFO - Filling up the DagBag from /home/airflow/.local/lib/python3.12/site-packages/airflow/example_dags/example_branch_operator.py
[2024-12-17T14:54:17.761+0000] {processor.py:925} INFO - DAG(s) 'example_branch_operator' retrieved from /home/airflow/.local/lib/python3.12/site-packages/airflow/example_dags/example_branch_operator.py
[2024-12-17T14:54:17.784+0000] {logging_mixin.py:190} INFO - [2024-12-17T14:54:17.783+0000] {dag.py:3239} INFO - Sync 1 DAGs
[2024-12-17T14:54:17.801+0000] {logging_mixin.py:190} INFO - [2024-12-17T14:54:17.801+0000] {dag.py:4180} INFO - Setting next_dagrun for example_branch_operator to 2024-12-16 00:00:00+00:00, run_after=2024-12-17 00:00:00+00:00
[2024-12-17T14:54:17.816+0000] {processor.py:208} INFO - Processing /home/airflow/.local/lib/python3.12/site-packages/airflow/example_dags/example_branch_operator.py took 0.072 seconds
[2024-12-17T14:54:50.145+0000] {processor.py:186} INFO - Started process (PID=1564) to work on /home/airflow/.local/lib/python3.12/site-packages/airflow/example_dags/example_branch_operator.py
[2024-12-17T14:54:50.146+0000] {processor.py:914} INFO - Processing file /home/airflow/.local/lib/python3.12/site-packages/airflow/example_dags/example_branch_operator.py for tasks to queue
[2024-12-17T14:54:50.147+0000] {logging_mixin.py:190} INFO - [2024-12-17T14:54:50.147+0000] {dagbag.py:588} INFO - Filling up the DagBag from /home/airflow/.local/lib/python3.12/site-packages/airflow/example_dags/example_branch_operator.py
[2024-12-17T14:54:50.162+0000] {processor.py:925} INFO - DAG(s) 'example_branch_operator' retrieved from /home/airflow/.local/lib/python3.12/site-packages/airflow/example_dags/example_branch_operator.py
[2024-12-17T14:54:50.182+0000] {logging_mixin.py:190} INFO - [2024-12-17T14:54:50.182+0000] {dag.py:3239} INFO - Sync 1 DAGs
[2024-12-17T14:54:50.200+0000] {logging_mixin.py:190} INFO - [2024-12-17T14:54:50.200+0000] {dag.py:4180} INFO - Setting next_dagrun for example_branch_operator to 2024-12-16 00:00:00+00:00, run_after=2024-12-17 00:00:00+00:00
[2024-12-17T14:54:50.214+0000] {processor.py:208} INFO - Processing /home/airflow/.local/lib/python3.12/site-packages/airflow/example_dags/example_branch_operator.py took 0.072 seconds
[2024-12-17T14:55:22.780+0000] {processor.py:186} INFO - Started process (PID=1629) to work on /home/airflow/.local/lib/python3.12/site-packages/airflow/example_dags/example_branch_operator.py
[2024-12-17T14:55:22.781+0000] {processor.py:914} INFO - Processing file /home/airflow/.local/lib/python3.12/site-packages/airflow/example_dags/example_branch_operator.py for tasks to queue
[2024-12-17T14:55:22.782+0000] {logging_mixin.py:190} INFO - [2024-12-17T14:55:22.782+0000] {dagbag.py:588} INFO - Filling up the DagBag from /home/airflow/.local/lib/python3.12/site-packages/airflow/example_dags/example_branch_operator.py
[2024-12-17T14:55:22.794+0000] {processor.py:925} INFO - DAG(s) 'example_branch_operator' retrieved from /home/airflow/.local/lib/python3.12/site-packages/airflow/example_dags/example_branch_operator.py
[2024-12-17T14:55:22.814+0000] {logging_mixin.py:190} INFO - [2024-12-17T14:55:22.814+0000] {dag.py:3239} INFO - Sync 1 DAGs
[2024-12-17T14:55:22.831+0000] {logging_mixin.py:190} INFO - [2024-12-17T14:55:22.830+0000] {dag.py:4180} INFO - Setting next_dagrun for example_branch_operator to 2024-12-16 00:00:00+00:00, run_after=2024-12-17 00:00:00+00:00
[2024-12-17T14:55:22.843+0000] {processor.py:208} INFO - Processing /home/airflow/.local/lib/python3.12/site-packages/airflow/example_dags/example_branch_operator.py took 0.067 seconds
[2024-12-17T14:55:54.595+0000] {processor.py:186} INFO - Started process (PID=1694) to work on /home/airflow/.local/lib/python3.12/site-packages/airflow/example_dags/example_branch_operator.py
[2024-12-17T14:55:54.596+0000] {processor.py:914} INFO - Processing file /home/airflow/.local/lib/python3.12/site-packages/airflow/example_dags/example_branch_operator.py for tasks to queue
[2024-12-17T14:55:54.599+0000] {logging_mixin.py:190} INFO - [2024-12-17T14:55:54.598+0000] {dagbag.py:588} INFO - Filling up the DagBag from /home/airflow/.local/lib/python3.12/site-packages/airflow/example_dags/example_branch_operator.py
[2024-12-17T14:55:54.612+0000] {processor.py:925} INFO - DAG(s) 'example_branch_operator' retrieved from /home/airflow/.local/lib/python3.12/site-packages/airflow/example_dags/example_branch_operator.py
[2024-12-17T14:55:54.632+0000] {logging_mixin.py:190} INFO - [2024-12-17T14:55:54.632+0000] {dag.py:3239} INFO - Sync 1 DAGs
[2024-12-17T14:55:54.652+0000] {logging_mixin.py:190} INFO - [2024-12-17T14:55:54.652+0000] {dag.py:4180} INFO - Setting next_dagrun for example_branch_operator to 2024-12-16 00:00:00+00:00, run_after=2024-12-17 00:00:00+00:00
[2024-12-17T14:55:54.667+0000] {processor.py:208} INFO - Processing /home/airflow/.local/lib/python3.12/site-packages/airflow/example_dags/example_branch_operator.py took 0.077 seconds
[2024-12-17T14:56:25.296+0000] {processor.py:186} INFO - Started process (PID=1759) to work on /home/airflow/.local/lib/python3.12/site-packages/airflow/example_dags/example_branch_operator.py
[2024-12-17T14:56:25.297+0000] {processor.py:914} INFO - Processing file /home/airflow/.local/lib/python3.12/site-packages/airflow/example_dags/example_branch_operator.py for tasks to queue
[2024-12-17T14:56:25.299+0000] {logging_mixin.py:190} INFO - [2024-12-17T14:56:25.299+0000] {dagbag.py:588} INFO - Filling up the DagBag from /home/airflow/.local/lib/python3.12/site-packages/airflow/example_dags/example_branch_operator.py
[2024-12-17T14:56:25.313+0000] {processor.py:925} INFO - DAG(s) 'example_branch_operator' retrieved from /home/airflow/.local/lib/python3.12/site-packages/airflow/example_dags/example_branch_operator.py
[2024-12-17T14:56:25.333+0000] {logging_mixin.py:190} INFO - [2024-12-17T14:56:25.333+0000] {dag.py:3239} INFO - Sync 1 DAGs
[2024-12-17T14:56:25.351+0000] {logging_mixin.py:190} INFO - [2024-12-17T14:56:25.351+0000] {dag.py:4180} INFO - Setting next_dagrun for example_branch_operator to 2024-12-16 00:00:00+00:00, run_after=2024-12-17 00:00:00+00:00
[2024-12-17T14:56:25.365+0000] {processor.py:208} INFO - Processing /home/airflow/.local/lib/python3.12/site-packages/airflow/example_dags/example_branch_operator.py took 0.073 seconds
