[2024-12-17T14:43:01.108+0000] {processor.py:186} INFO - Started process (PID=111) to work on /home/airflow/.local/lib/python3.12/site-packages/airflow/example_dags/example_latest_only_with_trigger.py
[2024-12-17T14:43:01.109+0000] {processor.py:914} INFO - Processing file /home/airflow/.local/lib/python3.12/site-packages/airflow/example_dags/example_latest_only_with_trigger.py for tasks to queue
[2024-12-17T14:43:01.112+0000] {logging_mixin.py:190} INFO - [2024-12-17T14:43:01.111+0000] {dagbag.py:588} INFO - Filling up the DagBag from /home/airflow/.local/lib/python3.12/site-packages/airflow/example_dags/example_latest_only_with_trigger.py
[2024-12-17T14:43:01.119+0000] {processor.py:925} INFO - DAG(s) 'latest_only_with_trigger' retrieved from /home/airflow/.local/lib/python3.12/site-packages/airflow/example_dags/example_latest_only_with_trigger.py
[2024-12-17T14:43:01.141+0000] {logging_mixin.py:190} INFO - [2024-12-17T14:43:01.141+0000] {dag.py:3239} INFO - Sync 1 DAGs
[2024-12-17T14:43:01.174+0000] {logging_mixin.py:190} INFO - [2024-12-17T14:43:01.173+0000] {dag.py:4180} INFO - Setting next_dagrun for latest_only_with_trigger to 2024-12-17 08:00:00+00:00, run_after=2024-12-17 12:00:00+00:00
[2024-12-17T14:43:01.196+0000] {processor.py:208} INFO - Processing /home/airflow/.local/lib/python3.12/site-packages/airflow/example_dags/example_latest_only_with_trigger.py took 0.093 seconds
[2024-12-17T14:43:31.891+0000] {processor.py:186} INFO - Started process (PID=176) to work on /home/airflow/.local/lib/python3.12/site-packages/airflow/example_dags/example_latest_only_with_trigger.py
[2024-12-17T14:43:31.892+0000] {processor.py:914} INFO - Processing file /home/airflow/.local/lib/python3.12/site-packages/airflow/example_dags/example_latest_only_with_trigger.py for tasks to queue
[2024-12-17T14:43:31.894+0000] {logging_mixin.py:190} INFO - [2024-12-17T14:43:31.893+0000] {dagbag.py:588} INFO - Filling up the DagBag from /home/airflow/.local/lib/python3.12/site-packages/airflow/example_dags/example_latest_only_with_trigger.py
[2024-12-17T14:43:31.898+0000] {processor.py:925} INFO - DAG(s) 'latest_only_with_trigger' retrieved from /home/airflow/.local/lib/python3.12/site-packages/airflow/example_dags/example_latest_only_with_trigger.py
[2024-12-17T14:43:31.913+0000] {logging_mixin.py:190} INFO - [2024-12-17T14:43:31.912+0000] {dag.py:3239} INFO - Sync 1 DAGs
[2024-12-17T14:43:31.930+0000] {logging_mixin.py:190} INFO - [2024-12-17T14:43:31.930+0000] {dag.py:4180} INFO - Setting next_dagrun for latest_only_with_trigger to 2024-12-17 08:00:00+00:00, run_after=2024-12-17 12:00:00+00:00
[2024-12-17T14:43:31.943+0000] {processor.py:208} INFO - Processing /home/airflow/.local/lib/python3.12/site-packages/airflow/example_dags/example_latest_only_with_trigger.py took 0.055 seconds
[2024-12-17T14:44:02.424+0000] {processor.py:186} INFO - Started process (PID=242) to work on /home/airflow/.local/lib/python3.12/site-packages/airflow/example_dags/example_latest_only_with_trigger.py
[2024-12-17T14:44:02.425+0000] {processor.py:914} INFO - Processing file /home/airflow/.local/lib/python3.12/site-packages/airflow/example_dags/example_latest_only_with_trigger.py for tasks to queue
[2024-12-17T14:44:02.426+0000] {logging_mixin.py:190} INFO - [2024-12-17T14:44:02.426+0000] {dagbag.py:588} INFO - Filling up the DagBag from /home/airflow/.local/lib/python3.12/site-packages/airflow/example_dags/example_latest_only_with_trigger.py
[2024-12-17T14:44:02.433+0000] {processor.py:925} INFO - DAG(s) 'latest_only_with_trigger' retrieved from /home/airflow/.local/lib/python3.12/site-packages/airflow/example_dags/example_latest_only_with_trigger.py
[2024-12-17T14:44:02.448+0000] {logging_mixin.py:190} INFO - [2024-12-17T14:44:02.448+0000] {dag.py:3239} INFO - Sync 1 DAGs
[2024-12-17T14:44:02.469+0000] {logging_mixin.py:190} INFO - [2024-12-17T14:44:02.468+0000] {dag.py:4180} INFO - Setting next_dagrun for latest_only_with_trigger to 2024-12-17 08:00:00+00:00, run_after=2024-12-17 12:00:00+00:00
[2024-12-17T14:44:02.488+0000] {processor.py:208} INFO - Processing /home/airflow/.local/lib/python3.12/site-packages/airflow/example_dags/example_latest_only_with_trigger.py took 0.068 seconds
[2024-12-17T14:44:32.590+0000] {processor.py:186} INFO - Started process (PID=307) to work on /home/airflow/.local/lib/python3.12/site-packages/airflow/example_dags/example_latest_only_with_trigger.py
[2024-12-17T14:44:32.591+0000] {processor.py:914} INFO - Processing file /home/airflow/.local/lib/python3.12/site-packages/airflow/example_dags/example_latest_only_with_trigger.py for tasks to queue
[2024-12-17T14:44:32.593+0000] {logging_mixin.py:190} INFO - [2024-12-17T14:44:32.592+0000] {dagbag.py:588} INFO - Filling up the DagBag from /home/airflow/.local/lib/python3.12/site-packages/airflow/example_dags/example_latest_only_with_trigger.py
[2024-12-17T14:44:32.597+0000] {processor.py:925} INFO - DAG(s) 'latest_only_with_trigger' retrieved from /home/airflow/.local/lib/python3.12/site-packages/airflow/example_dags/example_latest_only_with_trigger.py
[2024-12-17T14:44:32.612+0000] {logging_mixin.py:190} INFO - [2024-12-17T14:44:32.612+0000] {dag.py:3239} INFO - Sync 1 DAGs
[2024-12-17T14:44:32.629+0000] {logging_mixin.py:190} INFO - [2024-12-17T14:44:32.629+0000] {dag.py:4180} INFO - Setting next_dagrun for latest_only_with_trigger to 2024-12-17 08:00:00+00:00, run_after=2024-12-17 12:00:00+00:00
[2024-12-17T14:44:32.641+0000] {processor.py:208} INFO - Processing /home/airflow/.local/lib/python3.12/site-packages/airflow/example_dags/example_latest_only_with_trigger.py took 0.054 seconds
[2024-12-17T14:45:02.753+0000] {processor.py:186} INFO - Started process (PID=372) to work on /home/airflow/.local/lib/python3.12/site-packages/airflow/example_dags/example_latest_only_with_trigger.py
[2024-12-17T14:45:02.754+0000] {processor.py:914} INFO - Processing file /home/airflow/.local/lib/python3.12/site-packages/airflow/example_dags/example_latest_only_with_trigger.py for tasks to queue
[2024-12-17T14:45:02.755+0000] {logging_mixin.py:190} INFO - [2024-12-17T14:45:02.755+0000] {dagbag.py:588} INFO - Filling up the DagBag from /home/airflow/.local/lib/python3.12/site-packages/airflow/example_dags/example_latest_only_with_trigger.py
[2024-12-17T14:45:02.760+0000] {processor.py:925} INFO - DAG(s) 'latest_only_with_trigger' retrieved from /home/airflow/.local/lib/python3.12/site-packages/airflow/example_dags/example_latest_only_with_trigger.py
[2024-12-17T14:45:02.774+0000] {logging_mixin.py:190} INFO - [2024-12-17T14:45:02.773+0000] {dag.py:3239} INFO - Sync 1 DAGs
[2024-12-17T14:45:02.788+0000] {logging_mixin.py:190} INFO - [2024-12-17T14:45:02.788+0000] {dag.py:4180} INFO - Setting next_dagrun for latest_only_with_trigger to 2024-12-17 08:00:00+00:00, run_after=2024-12-17 12:00:00+00:00
[2024-12-17T14:45:02.799+0000] {processor.py:208} INFO - Processing /home/airflow/.local/lib/python3.12/site-packages/airflow/example_dags/example_latest_only_with_trigger.py took 0.050 seconds
[2024-12-17T14:45:33.010+0000] {processor.py:186} INFO - Started process (PID=436) to work on /home/airflow/.local/lib/python3.12/site-packages/airflow/example_dags/example_latest_only_with_trigger.py
[2024-12-17T14:45:33.010+0000] {processor.py:914} INFO - Processing file /home/airflow/.local/lib/python3.12/site-packages/airflow/example_dags/example_latest_only_with_trigger.py for tasks to queue
[2024-12-17T14:45:33.012+0000] {logging_mixin.py:190} INFO - [2024-12-17T14:45:33.011+0000] {dagbag.py:588} INFO - Filling up the DagBag from /home/airflow/.local/lib/python3.12/site-packages/airflow/example_dags/example_latest_only_with_trigger.py
[2024-12-17T14:45:33.016+0000] {processor.py:925} INFO - DAG(s) 'latest_only_with_trigger' retrieved from /home/airflow/.local/lib/python3.12/site-packages/airflow/example_dags/example_latest_only_with_trigger.py
[2024-12-17T14:45:33.030+0000] {logging_mixin.py:190} INFO - [2024-12-17T14:45:33.029+0000] {dag.py:3239} INFO - Sync 1 DAGs
[2024-12-17T14:45:33.045+0000] {logging_mixin.py:190} INFO - [2024-12-17T14:45:33.045+0000] {dag.py:4180} INFO - Setting next_dagrun for latest_only_with_trigger to 2024-12-17 08:00:00+00:00, run_after=2024-12-17 12:00:00+00:00
[2024-12-17T14:45:33.057+0000] {processor.py:208} INFO - Processing /home/airflow/.local/lib/python3.12/site-packages/airflow/example_dags/example_latest_only_with_trigger.py took 0.051 seconds
[2024-12-17T14:46:03.273+0000] {processor.py:186} INFO - Started process (PID=501) to work on /home/airflow/.local/lib/python3.12/site-packages/airflow/example_dags/example_latest_only_with_trigger.py
[2024-12-17T14:46:03.273+0000] {processor.py:914} INFO - Processing file /home/airflow/.local/lib/python3.12/site-packages/airflow/example_dags/example_latest_only_with_trigger.py for tasks to queue
[2024-12-17T14:46:03.275+0000] {logging_mixin.py:190} INFO - [2024-12-17T14:46:03.275+0000] {dagbag.py:588} INFO - Filling up the DagBag from /home/airflow/.local/lib/python3.12/site-packages/airflow/example_dags/example_latest_only_with_trigger.py
[2024-12-17T14:46:03.280+0000] {processor.py:925} INFO - DAG(s) 'latest_only_with_trigger' retrieved from /home/airflow/.local/lib/python3.12/site-packages/airflow/example_dags/example_latest_only_with_trigger.py
[2024-12-17T14:46:03.291+0000] {logging_mixin.py:190} INFO - [2024-12-17T14:46:03.291+0000] {dag.py:3239} INFO - Sync 1 DAGs
[2024-12-17T14:46:03.306+0000] {logging_mixin.py:190} INFO - [2024-12-17T14:46:03.306+0000] {dag.py:4180} INFO - Setting next_dagrun for latest_only_with_trigger to 2024-12-17 08:00:00+00:00, run_after=2024-12-17 12:00:00+00:00
[2024-12-17T14:46:03.318+0000] {processor.py:208} INFO - Processing /home/airflow/.local/lib/python3.12/site-packages/airflow/example_dags/example_latest_only_with_trigger.py took 0.049 seconds
[2024-12-17T14:46:34.017+0000] {processor.py:186} INFO - Started process (PID=566) to work on /home/airflow/.local/lib/python3.12/site-packages/airflow/example_dags/example_latest_only_with_trigger.py
[2024-12-17T14:46:34.018+0000] {processor.py:914} INFO - Processing file /home/airflow/.local/lib/python3.12/site-packages/airflow/example_dags/example_latest_only_with_trigger.py for tasks to queue
[2024-12-17T14:46:34.020+0000] {logging_mixin.py:190} INFO - [2024-12-17T14:46:34.020+0000] {dagbag.py:588} INFO - Filling up the DagBag from /home/airflow/.local/lib/python3.12/site-packages/airflow/example_dags/example_latest_only_with_trigger.py
[2024-12-17T14:46:34.026+0000] {processor.py:925} INFO - DAG(s) 'latest_only_with_trigger' retrieved from /home/airflow/.local/lib/python3.12/site-packages/airflow/example_dags/example_latest_only_with_trigger.py
[2024-12-17T14:46:34.042+0000] {logging_mixin.py:190} INFO - [2024-12-17T14:46:34.042+0000] {dag.py:3239} INFO - Sync 1 DAGs
[2024-12-17T14:46:34.059+0000] {logging_mixin.py:190} INFO - [2024-12-17T14:46:34.059+0000] {dag.py:4180} INFO - Setting next_dagrun for latest_only_with_trigger to 2024-12-17 08:00:00+00:00, run_after=2024-12-17 12:00:00+00:00
[2024-12-17T14:46:34.073+0000] {processor.py:208} INFO - Processing /home/airflow/.local/lib/python3.12/site-packages/airflow/example_dags/example_latest_only_with_trigger.py took 0.060 seconds
[2024-12-17T14:47:04.298+0000] {processor.py:186} INFO - Started process (PID=632) to work on /home/airflow/.local/lib/python3.12/site-packages/airflow/example_dags/example_latest_only_with_trigger.py
[2024-12-17T14:47:04.299+0000] {processor.py:914} INFO - Processing file /home/airflow/.local/lib/python3.12/site-packages/airflow/example_dags/example_latest_only_with_trigger.py for tasks to queue
[2024-12-17T14:47:04.300+0000] {logging_mixin.py:190} INFO - [2024-12-17T14:47:04.300+0000] {dagbag.py:588} INFO - Filling up the DagBag from /home/airflow/.local/lib/python3.12/site-packages/airflow/example_dags/example_latest_only_with_trigger.py
[2024-12-17T14:47:04.306+0000] {processor.py:925} INFO - DAG(s) 'latest_only_with_trigger' retrieved from /home/airflow/.local/lib/python3.12/site-packages/airflow/example_dags/example_latest_only_with_trigger.py
[2024-12-17T14:47:04.320+0000] {logging_mixin.py:190} INFO - [2024-12-17T14:47:04.320+0000] {dag.py:3239} INFO - Sync 1 DAGs
[2024-12-17T14:47:04.336+0000] {logging_mixin.py:190} INFO - [2024-12-17T14:47:04.335+0000] {dag.py:4180} INFO - Setting next_dagrun for latest_only_with_trigger to 2024-12-17 08:00:00+00:00, run_after=2024-12-17 12:00:00+00:00
[2024-12-17T14:47:04.349+0000] {processor.py:208} INFO - Processing /home/airflow/.local/lib/python3.12/site-packages/airflow/example_dags/example_latest_only_with_trigger.py took 0.055 seconds
[2024-12-17T14:47:34.931+0000] {processor.py:186} INFO - Started process (PID=696) to work on /home/airflow/.local/lib/python3.12/site-packages/airflow/example_dags/example_latest_only_with_trigger.py
[2024-12-17T14:47:34.931+0000] {processor.py:914} INFO - Processing file /home/airflow/.local/lib/python3.12/site-packages/airflow/example_dags/example_latest_only_with_trigger.py for tasks to queue
[2024-12-17T14:47:34.933+0000] {logging_mixin.py:190} INFO - [2024-12-17T14:47:34.933+0000] {dagbag.py:588} INFO - Filling up the DagBag from /home/airflow/.local/lib/python3.12/site-packages/airflow/example_dags/example_latest_only_with_trigger.py
[2024-12-17T14:47:34.938+0000] {processor.py:925} INFO - DAG(s) 'latest_only_with_trigger' retrieved from /home/airflow/.local/lib/python3.12/site-packages/airflow/example_dags/example_latest_only_with_trigger.py
[2024-12-17T14:47:34.953+0000] {logging_mixin.py:190} INFO - [2024-12-17T14:47:34.953+0000] {dag.py:3239} INFO - Sync 1 DAGs
[2024-12-17T14:47:34.970+0000] {logging_mixin.py:190} INFO - [2024-12-17T14:47:34.970+0000] {dag.py:4180} INFO - Setting next_dagrun for latest_only_with_trigger to 2024-12-17 08:00:00+00:00, run_after=2024-12-17 12:00:00+00:00
[2024-12-17T14:47:34.983+0000] {processor.py:208} INFO - Processing /home/airflow/.local/lib/python3.12/site-packages/airflow/example_dags/example_latest_only_with_trigger.py took 0.057 seconds
[2024-12-17T14:48:05.563+0000] {processor.py:186} INFO - Started process (PID=761) to work on /home/airflow/.local/lib/python3.12/site-packages/airflow/example_dags/example_latest_only_with_trigger.py
[2024-12-17T14:48:05.563+0000] {processor.py:914} INFO - Processing file /home/airflow/.local/lib/python3.12/site-packages/airflow/example_dags/example_latest_only_with_trigger.py for tasks to queue
[2024-12-17T14:48:05.565+0000] {logging_mixin.py:190} INFO - [2024-12-17T14:48:05.565+0000] {dagbag.py:588} INFO - Filling up the DagBag from /home/airflow/.local/lib/python3.12/site-packages/airflow/example_dags/example_latest_only_with_trigger.py
[2024-12-17T14:48:05.570+0000] {processor.py:925} INFO - DAG(s) 'latest_only_with_trigger' retrieved from /home/airflow/.local/lib/python3.12/site-packages/airflow/example_dags/example_latest_only_with_trigger.py
[2024-12-17T14:48:05.585+0000] {logging_mixin.py:190} INFO - [2024-12-17T14:48:05.584+0000] {dag.py:3239} INFO - Sync 1 DAGs
[2024-12-17T14:48:05.601+0000] {logging_mixin.py:190} INFO - [2024-12-17T14:48:05.601+0000] {dag.py:4180} INFO - Setting next_dagrun for latest_only_with_trigger to 2024-12-17 08:00:00+00:00, run_after=2024-12-17 12:00:00+00:00
[2024-12-17T14:48:05.614+0000] {processor.py:208} INFO - Processing /home/airflow/.local/lib/python3.12/site-packages/airflow/example_dags/example_latest_only_with_trigger.py took 0.056 seconds
[2024-12-17T14:48:35.750+0000] {processor.py:186} INFO - Started process (PID=826) to work on /home/airflow/.local/lib/python3.12/site-packages/airflow/example_dags/example_latest_only_with_trigger.py
[2024-12-17T14:48:35.750+0000] {processor.py:914} INFO - Processing file /home/airflow/.local/lib/python3.12/site-packages/airflow/example_dags/example_latest_only_with_trigger.py for tasks to queue
[2024-12-17T14:48:35.752+0000] {logging_mixin.py:190} INFO - [2024-12-17T14:48:35.752+0000] {dagbag.py:588} INFO - Filling up the DagBag from /home/airflow/.local/lib/python3.12/site-packages/airflow/example_dags/example_latest_only_with_trigger.py
[2024-12-17T14:48:35.757+0000] {processor.py:925} INFO - DAG(s) 'latest_only_with_trigger' retrieved from /home/airflow/.local/lib/python3.12/site-packages/airflow/example_dags/example_latest_only_with_trigger.py
[2024-12-17T14:48:35.771+0000] {logging_mixin.py:190} INFO - [2024-12-17T14:48:35.771+0000] {dag.py:3239} INFO - Sync 1 DAGs
[2024-12-17T14:48:35.786+0000] {logging_mixin.py:190} INFO - [2024-12-17T14:48:35.786+0000] {dag.py:4180} INFO - Setting next_dagrun for latest_only_with_trigger to 2024-12-17 08:00:00+00:00, run_after=2024-12-17 12:00:00+00:00
[2024-12-17T14:48:35.798+0000] {processor.py:208} INFO - Processing /home/airflow/.local/lib/python3.12/site-packages/airflow/example_dags/example_latest_only_with_trigger.py took 0.051 seconds
[2024-12-17T14:49:05.937+0000] {processor.py:186} INFO - Started process (PID=891) to work on /home/airflow/.local/lib/python3.12/site-packages/airflow/example_dags/example_latest_only_with_trigger.py
[2024-12-17T14:49:05.938+0000] {processor.py:914} INFO - Processing file /home/airflow/.local/lib/python3.12/site-packages/airflow/example_dags/example_latest_only_with_trigger.py for tasks to queue
[2024-12-17T14:49:05.939+0000] {logging_mixin.py:190} INFO - [2024-12-17T14:49:05.939+0000] {dagbag.py:588} INFO - Filling up the DagBag from /home/airflow/.local/lib/python3.12/site-packages/airflow/example_dags/example_latest_only_with_trigger.py
[2024-12-17T14:49:05.944+0000] {processor.py:925} INFO - DAG(s) 'latest_only_with_trigger' retrieved from /home/airflow/.local/lib/python3.12/site-packages/airflow/example_dags/example_latest_only_with_trigger.py
[2024-12-17T14:49:05.957+0000] {logging_mixin.py:190} INFO - [2024-12-17T14:49:05.957+0000] {dag.py:3239} INFO - Sync 1 DAGs
[2024-12-17T14:49:05.972+0000] {logging_mixin.py:190} INFO - [2024-12-17T14:49:05.972+0000] {dag.py:4180} INFO - Setting next_dagrun for latest_only_with_trigger to 2024-12-17 08:00:00+00:00, run_after=2024-12-17 12:00:00+00:00
[2024-12-17T14:49:05.983+0000] {processor.py:208} INFO - Processing /home/airflow/.local/lib/python3.12/site-packages/airflow/example_dags/example_latest_only_with_trigger.py took 0.049 seconds
[2024-12-17T14:49:36.112+0000] {processor.py:186} INFO - Started process (PID=956) to work on /home/airflow/.local/lib/python3.12/site-packages/airflow/example_dags/example_latest_only_with_trigger.py
[2024-12-17T14:49:36.113+0000] {processor.py:914} INFO - Processing file /home/airflow/.local/lib/python3.12/site-packages/airflow/example_dags/example_latest_only_with_trigger.py for tasks to queue
[2024-12-17T14:49:36.114+0000] {logging_mixin.py:190} INFO - [2024-12-17T14:49:36.114+0000] {dagbag.py:588} INFO - Filling up the DagBag from /home/airflow/.local/lib/python3.12/site-packages/airflow/example_dags/example_latest_only_with_trigger.py
[2024-12-17T14:49:36.119+0000] {processor.py:925} INFO - DAG(s) 'latest_only_with_trigger' retrieved from /home/airflow/.local/lib/python3.12/site-packages/airflow/example_dags/example_latest_only_with_trigger.py
[2024-12-17T14:49:36.132+0000] {logging_mixin.py:190} INFO - [2024-12-17T14:49:36.132+0000] {dag.py:3239} INFO - Sync 1 DAGs
[2024-12-17T14:49:36.148+0000] {logging_mixin.py:190} INFO - [2024-12-17T14:49:36.148+0000] {dag.py:4180} INFO - Setting next_dagrun for latest_only_with_trigger to 2024-12-17 08:00:00+00:00, run_after=2024-12-17 12:00:00+00:00
[2024-12-17T14:49:36.159+0000] {processor.py:208} INFO - Processing /home/airflow/.local/lib/python3.12/site-packages/airflow/example_dags/example_latest_only_with_trigger.py took 0.050 seconds
[2024-12-17T14:50:06.294+0000] {processor.py:186} INFO - Started process (PID=1021) to work on /home/airflow/.local/lib/python3.12/site-packages/airflow/example_dags/example_latest_only_with_trigger.py
[2024-12-17T14:50:06.295+0000] {processor.py:914} INFO - Processing file /home/airflow/.local/lib/python3.12/site-packages/airflow/example_dags/example_latest_only_with_trigger.py for tasks to queue
[2024-12-17T14:50:06.296+0000] {logging_mixin.py:190} INFO - [2024-12-17T14:50:06.296+0000] {dagbag.py:588} INFO - Filling up the DagBag from /home/airflow/.local/lib/python3.12/site-packages/airflow/example_dags/example_latest_only_with_trigger.py
[2024-12-17T14:50:06.303+0000] {processor.py:925} INFO - DAG(s) 'latest_only_with_trigger' retrieved from /home/airflow/.local/lib/python3.12/site-packages/airflow/example_dags/example_latest_only_with_trigger.py
[2024-12-17T14:50:06.316+0000] {logging_mixin.py:190} INFO - [2024-12-17T14:50:06.316+0000] {dag.py:3239} INFO - Sync 1 DAGs
[2024-12-17T14:50:06.330+0000] {logging_mixin.py:190} INFO - [2024-12-17T14:50:06.330+0000] {dag.py:4180} INFO - Setting next_dagrun for latest_only_with_trigger to 2024-12-17 08:00:00+00:00, run_after=2024-12-17 12:00:00+00:00
[2024-12-17T14:50:06.342+0000] {processor.py:208} INFO - Processing /home/airflow/.local/lib/python3.12/site-packages/airflow/example_dags/example_latest_only_with_trigger.py took 0.052 seconds
[2024-12-17T14:50:39.646+0000] {processor.py:186} INFO - Started process (PID=1086) to work on /home/airflow/.local/lib/python3.12/site-packages/airflow/example_dags/example_latest_only_with_trigger.py
[2024-12-17T14:50:39.647+0000] {processor.py:914} INFO - Processing file /home/airflow/.local/lib/python3.12/site-packages/airflow/example_dags/example_latest_only_with_trigger.py for tasks to queue
[2024-12-17T14:50:39.648+0000] {logging_mixin.py:190} INFO - [2024-12-17T14:50:39.648+0000] {dagbag.py:588} INFO - Filling up the DagBag from /home/airflow/.local/lib/python3.12/site-packages/airflow/example_dags/example_latest_only_with_trigger.py
[2024-12-17T14:50:39.654+0000] {processor.py:925} INFO - DAG(s) 'latest_only_with_trigger' retrieved from /home/airflow/.local/lib/python3.12/site-packages/airflow/example_dags/example_latest_only_with_trigger.py
[2024-12-17T14:50:39.669+0000] {logging_mixin.py:190} INFO - [2024-12-17T14:50:39.669+0000] {dag.py:3239} INFO - Sync 1 DAGs
[2024-12-17T14:50:39.685+0000] {logging_mixin.py:190} INFO - [2024-12-17T14:50:39.685+0000] {dag.py:4180} INFO - Setting next_dagrun for latest_only_with_trigger to 2024-12-17 08:00:00+00:00, run_after=2024-12-17 12:00:00+00:00
[2024-12-17T14:50:39.700+0000] {processor.py:208} INFO - Processing /home/airflow/.local/lib/python3.12/site-packages/airflow/example_dags/example_latest_only_with_trigger.py took 0.058 seconds
[2024-12-17T14:51:10.797+0000] {processor.py:186} INFO - Started process (PID=1151) to work on /home/airflow/.local/lib/python3.12/site-packages/airflow/example_dags/example_latest_only_with_trigger.py
[2024-12-17T14:51:10.798+0000] {processor.py:914} INFO - Processing file /home/airflow/.local/lib/python3.12/site-packages/airflow/example_dags/example_latest_only_with_trigger.py for tasks to queue
[2024-12-17T14:51:10.799+0000] {logging_mixin.py:190} INFO - [2024-12-17T14:51:10.799+0000] {dagbag.py:588} INFO - Filling up the DagBag from /home/airflow/.local/lib/python3.12/site-packages/airflow/example_dags/example_latest_only_with_trigger.py
[2024-12-17T14:51:10.805+0000] {processor.py:925} INFO - DAG(s) 'latest_only_with_trigger' retrieved from /home/airflow/.local/lib/python3.12/site-packages/airflow/example_dags/example_latest_only_with_trigger.py
[2024-12-17T14:51:10.820+0000] {logging_mixin.py:190} INFO - [2024-12-17T14:51:10.820+0000] {dag.py:3239} INFO - Sync 1 DAGs
[2024-12-17T14:51:10.837+0000] {logging_mixin.py:190} INFO - [2024-12-17T14:51:10.837+0000] {dag.py:4180} INFO - Setting next_dagrun for latest_only_with_trigger to 2024-12-17 08:00:00+00:00, run_after=2024-12-17 12:00:00+00:00
[2024-12-17T14:51:10.852+0000] {processor.py:208} INFO - Processing /home/airflow/.local/lib/python3.12/site-packages/airflow/example_dags/example_latest_only_with_trigger.py took 0.059 seconds
[2024-12-17T14:51:41.849+0000] {processor.py:186} INFO - Started process (PID=1216) to work on /home/airflow/.local/lib/python3.12/site-packages/airflow/example_dags/example_latest_only_with_trigger.py
[2024-12-17T14:51:41.850+0000] {processor.py:914} INFO - Processing file /home/airflow/.local/lib/python3.12/site-packages/airflow/example_dags/example_latest_only_with_trigger.py for tasks to queue
[2024-12-17T14:51:41.852+0000] {logging_mixin.py:190} INFO - [2024-12-17T14:51:41.851+0000] {dagbag.py:588} INFO - Filling up the DagBag from /home/airflow/.local/lib/python3.12/site-packages/airflow/example_dags/example_latest_only_with_trigger.py
[2024-12-17T14:51:41.857+0000] {processor.py:925} INFO - DAG(s) 'latest_only_with_trigger' retrieved from /home/airflow/.local/lib/python3.12/site-packages/airflow/example_dags/example_latest_only_with_trigger.py
[2024-12-17T14:51:41.873+0000] {logging_mixin.py:190} INFO - [2024-12-17T14:51:41.872+0000] {dag.py:3239} INFO - Sync 1 DAGs
[2024-12-17T14:51:41.890+0000] {logging_mixin.py:190} INFO - [2024-12-17T14:51:41.890+0000] {dag.py:4180} INFO - Setting next_dagrun for latest_only_with_trigger to 2024-12-17 08:00:00+00:00, run_after=2024-12-17 12:00:00+00:00
[2024-12-17T14:51:41.905+0000] {processor.py:208} INFO - Processing /home/airflow/.local/lib/python3.12/site-packages/airflow/example_dags/example_latest_only_with_trigger.py took 0.060 seconds
[2024-12-17T14:52:12.856+0000] {processor.py:186} INFO - Started process (PID=1281) to work on /home/airflow/.local/lib/python3.12/site-packages/airflow/example_dags/example_latest_only_with_trigger.py
[2024-12-17T14:52:12.856+0000] {processor.py:914} INFO - Processing file /home/airflow/.local/lib/python3.12/site-packages/airflow/example_dags/example_latest_only_with_trigger.py for tasks to queue
[2024-12-17T14:52:12.858+0000] {logging_mixin.py:190} INFO - [2024-12-17T14:52:12.858+0000] {dagbag.py:588} INFO - Filling up the DagBag from /home/airflow/.local/lib/python3.12/site-packages/airflow/example_dags/example_latest_only_with_trigger.py
[2024-12-17T14:52:12.865+0000] {processor.py:925} INFO - DAG(s) 'latest_only_with_trigger' retrieved from /home/airflow/.local/lib/python3.12/site-packages/airflow/example_dags/example_latest_only_with_trigger.py
[2024-12-17T14:52:12.880+0000] {logging_mixin.py:190} INFO - [2024-12-17T14:52:12.879+0000] {dag.py:3239} INFO - Sync 1 DAGs
[2024-12-17T14:52:12.898+0000] {logging_mixin.py:190} INFO - [2024-12-17T14:52:12.898+0000] {dag.py:4180} INFO - Setting next_dagrun for latest_only_with_trigger to 2024-12-17 08:00:00+00:00, run_after=2024-12-17 12:00:00+00:00
[2024-12-17T14:52:12.913+0000] {processor.py:208} INFO - Processing /home/airflow/.local/lib/python3.12/site-packages/airflow/example_dags/example_latest_only_with_trigger.py took 0.062 seconds
[2024-12-17T14:52:43.378+0000] {processor.py:186} INFO - Started process (PID=1346) to work on /home/airflow/.local/lib/python3.12/site-packages/airflow/example_dags/example_latest_only_with_trigger.py
[2024-12-17T14:52:43.379+0000] {processor.py:914} INFO - Processing file /home/airflow/.local/lib/python3.12/site-packages/airflow/example_dags/example_latest_only_with_trigger.py for tasks to queue
[2024-12-17T14:52:43.380+0000] {logging_mixin.py:190} INFO - [2024-12-17T14:52:43.380+0000] {dagbag.py:588} INFO - Filling up the DagBag from /home/airflow/.local/lib/python3.12/site-packages/airflow/example_dags/example_latest_only_with_trigger.py
[2024-12-17T14:52:43.386+0000] {processor.py:925} INFO - DAG(s) 'latest_only_with_trigger' retrieved from /home/airflow/.local/lib/python3.12/site-packages/airflow/example_dags/example_latest_only_with_trigger.py
[2024-12-17T14:52:43.402+0000] {logging_mixin.py:190} INFO - [2024-12-17T14:52:43.402+0000] {dag.py:3239} INFO - Sync 1 DAGs
[2024-12-17T14:52:43.421+0000] {logging_mixin.py:190} INFO - [2024-12-17T14:52:43.420+0000] {dag.py:4180} INFO - Setting next_dagrun for latest_only_with_trigger to 2024-12-17 08:00:00+00:00, run_after=2024-12-17 12:00:00+00:00
[2024-12-17T14:52:43.435+0000] {processor.py:208} INFO - Processing /home/airflow/.local/lib/python3.12/site-packages/airflow/example_dags/example_latest_only_with_trigger.py took 0.061 seconds
[2024-12-17T14:53:13.964+0000] {processor.py:186} INFO - Started process (PID=1411) to work on /home/airflow/.local/lib/python3.12/site-packages/airflow/example_dags/example_latest_only_with_trigger.py
[2024-12-17T14:53:13.965+0000] {processor.py:914} INFO - Processing file /home/airflow/.local/lib/python3.12/site-packages/airflow/example_dags/example_latest_only_with_trigger.py for tasks to queue
[2024-12-17T14:53:13.967+0000] {logging_mixin.py:190} INFO - [2024-12-17T14:53:13.966+0000] {dagbag.py:588} INFO - Filling up the DagBag from /home/airflow/.local/lib/python3.12/site-packages/airflow/example_dags/example_latest_only_with_trigger.py
[2024-12-17T14:53:13.972+0000] {processor.py:925} INFO - DAG(s) 'latest_only_with_trigger' retrieved from /home/airflow/.local/lib/python3.12/site-packages/airflow/example_dags/example_latest_only_with_trigger.py
[2024-12-17T14:53:13.985+0000] {logging_mixin.py:190} INFO - [2024-12-17T14:53:13.985+0000] {dag.py:3239} INFO - Sync 1 DAGs
[2024-12-17T14:53:14.000+0000] {logging_mixin.py:190} INFO - [2024-12-17T14:53:14.000+0000] {dag.py:4180} INFO - Setting next_dagrun for latest_only_with_trigger to 2024-12-17 08:00:00+00:00, run_after=2024-12-17 12:00:00+00:00
[2024-12-17T14:53:14.012+0000] {processor.py:208} INFO - Processing /home/airflow/.local/lib/python3.12/site-packages/airflow/example_dags/example_latest_only_with_trigger.py took 0.051 seconds
[2024-12-17T14:53:46.245+0000] {processor.py:186} INFO - Started process (PID=1476) to work on /home/airflow/.local/lib/python3.12/site-packages/airflow/example_dags/example_latest_only_with_trigger.py
[2024-12-17T14:53:46.246+0000] {processor.py:914} INFO - Processing file /home/airflow/.local/lib/python3.12/site-packages/airflow/example_dags/example_latest_only_with_trigger.py for tasks to queue
[2024-12-17T14:53:46.248+0000] {logging_mixin.py:190} INFO - [2024-12-17T14:53:46.248+0000] {dagbag.py:588} INFO - Filling up the DagBag from /home/airflow/.local/lib/python3.12/site-packages/airflow/example_dags/example_latest_only_with_trigger.py
[2024-12-17T14:53:46.255+0000] {processor.py:925} INFO - DAG(s) 'latest_only_with_trigger' retrieved from /home/airflow/.local/lib/python3.12/site-packages/airflow/example_dags/example_latest_only_with_trigger.py
[2024-12-17T14:53:46.273+0000] {logging_mixin.py:190} INFO - [2024-12-17T14:53:46.272+0000] {dag.py:3239} INFO - Sync 1 DAGs
[2024-12-17T14:53:46.295+0000] {logging_mixin.py:190} INFO - [2024-12-17T14:53:46.295+0000] {dag.py:4180} INFO - Setting next_dagrun for latest_only_with_trigger to 2024-12-17 08:00:00+00:00, run_after=2024-12-17 12:00:00+00:00
[2024-12-17T14:53:46.308+0000] {processor.py:208} INFO - Processing /home/airflow/.local/lib/python3.12/site-packages/airflow/example_dags/example_latest_only_with_trigger.py took 0.068 seconds
[2024-12-17T14:54:19.685+0000] {processor.py:186} INFO - Started process (PID=1541) to work on /home/airflow/.local/lib/python3.12/site-packages/airflow/example_dags/example_latest_only_with_trigger.py
[2024-12-17T14:54:19.685+0000] {processor.py:914} INFO - Processing file /home/airflow/.local/lib/python3.12/site-packages/airflow/example_dags/example_latest_only_with_trigger.py for tasks to queue
[2024-12-17T14:54:19.687+0000] {logging_mixin.py:190} INFO - [2024-12-17T14:54:19.687+0000] {dagbag.py:588} INFO - Filling up the DagBag from /home/airflow/.local/lib/python3.12/site-packages/airflow/example_dags/example_latest_only_with_trigger.py
[2024-12-17T14:54:19.692+0000] {processor.py:925} INFO - DAG(s) 'latest_only_with_trigger' retrieved from /home/airflow/.local/lib/python3.12/site-packages/airflow/example_dags/example_latest_only_with_trigger.py
[2024-12-17T14:54:19.705+0000] {logging_mixin.py:190} INFO - [2024-12-17T14:54:19.705+0000] {dag.py:3239} INFO - Sync 1 DAGs
[2024-12-17T14:54:19.721+0000] {logging_mixin.py:190} INFO - [2024-12-17T14:54:19.721+0000] {dag.py:4180} INFO - Setting next_dagrun for latest_only_with_trigger to 2024-12-17 08:00:00+00:00, run_after=2024-12-17 12:00:00+00:00
[2024-12-17T14:54:19.734+0000] {processor.py:208} INFO - Processing /home/airflow/.local/lib/python3.12/site-packages/airflow/example_dags/example_latest_only_with_trigger.py took 0.052 seconds
[2024-12-17T14:54:52.163+0000] {processor.py:186} INFO - Started process (PID=1606) to work on /home/airflow/.local/lib/python3.12/site-packages/airflow/example_dags/example_latest_only_with_trigger.py
[2024-12-17T14:54:52.164+0000] {processor.py:914} INFO - Processing file /home/airflow/.local/lib/python3.12/site-packages/airflow/example_dags/example_latest_only_with_trigger.py for tasks to queue
[2024-12-17T14:54:52.166+0000] {logging_mixin.py:190} INFO - [2024-12-17T14:54:52.166+0000] {dagbag.py:588} INFO - Filling up the DagBag from /home/airflow/.local/lib/python3.12/site-packages/airflow/example_dags/example_latest_only_with_trigger.py
[2024-12-17T14:54:52.173+0000] {processor.py:925} INFO - DAG(s) 'latest_only_with_trigger' retrieved from /home/airflow/.local/lib/python3.12/site-packages/airflow/example_dags/example_latest_only_with_trigger.py
[2024-12-17T14:54:52.191+0000] {logging_mixin.py:190} INFO - [2024-12-17T14:54:52.191+0000] {dag.py:3239} INFO - Sync 1 DAGs
[2024-12-17T14:54:52.215+0000] {logging_mixin.py:190} INFO - [2024-12-17T14:54:52.215+0000] {dag.py:4180} INFO - Setting next_dagrun for latest_only_with_trigger to 2024-12-17 08:00:00+00:00, run_after=2024-12-17 12:00:00+00:00
[2024-12-17T14:54:52.231+0000] {processor.py:208} INFO - Processing /home/airflow/.local/lib/python3.12/site-packages/airflow/example_dags/example_latest_only_with_trigger.py took 0.073 seconds
[2024-12-17T14:55:24.732+0000] {processor.py:186} INFO - Started process (PID=1671) to work on /home/airflow/.local/lib/python3.12/site-packages/airflow/example_dags/example_latest_only_with_trigger.py
[2024-12-17T14:55:24.732+0000] {processor.py:914} INFO - Processing file /home/airflow/.local/lib/python3.12/site-packages/airflow/example_dags/example_latest_only_with_trigger.py for tasks to queue
[2024-12-17T14:55:24.734+0000] {logging_mixin.py:190} INFO - [2024-12-17T14:55:24.733+0000] {dagbag.py:588} INFO - Filling up the DagBag from /home/airflow/.local/lib/python3.12/site-packages/airflow/example_dags/example_latest_only_with_trigger.py
[2024-12-17T14:55:24.739+0000] {processor.py:925} INFO - DAG(s) 'latest_only_with_trigger' retrieved from /home/airflow/.local/lib/python3.12/site-packages/airflow/example_dags/example_latest_only_with_trigger.py
[2024-12-17T14:55:24.752+0000] {logging_mixin.py:190} INFO - [2024-12-17T14:55:24.752+0000] {dag.py:3239} INFO - Sync 1 DAGs
[2024-12-17T14:55:24.767+0000] {logging_mixin.py:190} INFO - [2024-12-17T14:55:24.767+0000] {dag.py:4180} INFO - Setting next_dagrun for latest_only_with_trigger to 2024-12-17 08:00:00+00:00, run_after=2024-12-17 12:00:00+00:00
[2024-12-17T14:55:24.780+0000] {processor.py:208} INFO - Processing /home/airflow/.local/lib/python3.12/site-packages/airflow/example_dags/example_latest_only_with_trigger.py took 0.052 seconds
[2024-12-17T14:55:56.708+0000] {processor.py:186} INFO - Started process (PID=1736) to work on /home/airflow/.local/lib/python3.12/site-packages/airflow/example_dags/example_latest_only_with_trigger.py
[2024-12-17T14:55:56.709+0000] {processor.py:914} INFO - Processing file /home/airflow/.local/lib/python3.12/site-packages/airflow/example_dags/example_latest_only_with_trigger.py for tasks to queue
[2024-12-17T14:55:56.710+0000] {logging_mixin.py:190} INFO - [2024-12-17T14:55:56.710+0000] {dagbag.py:588} INFO - Filling up the DagBag from /home/airflow/.local/lib/python3.12/site-packages/airflow/example_dags/example_latest_only_with_trigger.py
[2024-12-17T14:55:56.716+0000] {processor.py:925} INFO - DAG(s) 'latest_only_with_trigger' retrieved from /home/airflow/.local/lib/python3.12/site-packages/airflow/example_dags/example_latest_only_with_trigger.py
[2024-12-17T14:55:56.731+0000] {logging_mixin.py:190} INFO - [2024-12-17T14:55:56.731+0000] {dag.py:3239} INFO - Sync 1 DAGs
[2024-12-17T14:55:56.748+0000] {logging_mixin.py:190} INFO - [2024-12-17T14:55:56.748+0000] {dag.py:4180} INFO - Setting next_dagrun for latest_only_with_trigger to 2024-12-17 08:00:00+00:00, run_after=2024-12-17 12:00:00+00:00
[2024-12-17T14:55:56.762+0000] {processor.py:208} INFO - Processing /home/airflow/.local/lib/python3.12/site-packages/airflow/example_dags/example_latest_only_with_trigger.py took 0.057 seconds
[2024-12-17T14:56:27.237+0000] {processor.py:186} INFO - Started process (PID=1801) to work on /home/airflow/.local/lib/python3.12/site-packages/airflow/example_dags/example_latest_only_with_trigger.py
[2024-12-17T14:56:27.238+0000] {processor.py:914} INFO - Processing file /home/airflow/.local/lib/python3.12/site-packages/airflow/example_dags/example_latest_only_with_trigger.py for tasks to queue
[2024-12-17T14:56:27.239+0000] {logging_mixin.py:190} INFO - [2024-12-17T14:56:27.239+0000] {dagbag.py:588} INFO - Filling up the DagBag from /home/airflow/.local/lib/python3.12/site-packages/airflow/example_dags/example_latest_only_with_trigger.py
[2024-12-17T14:56:27.245+0000] {processor.py:925} INFO - DAG(s) 'latest_only_with_trigger' retrieved from /home/airflow/.local/lib/python3.12/site-packages/airflow/example_dags/example_latest_only_with_trigger.py
[2024-12-17T14:56:27.260+0000] {logging_mixin.py:190} INFO - [2024-12-17T14:56:27.260+0000] {dag.py:3239} INFO - Sync 1 DAGs
[2024-12-17T14:56:27.276+0000] {logging_mixin.py:190} INFO - [2024-12-17T14:56:27.276+0000] {dag.py:4180} INFO - Setting next_dagrun for latest_only_with_trigger to 2024-12-17 08:00:00+00:00, run_after=2024-12-17 12:00:00+00:00
[2024-12-17T14:56:27.289+0000] {processor.py:208} INFO - Processing /home/airflow/.local/lib/python3.12/site-packages/airflow/example_dags/example_latest_only_with_trigger.py took 0.056 seconds
