[2024-12-16T21:11:30.198+0000] {local_task_job_runner.py:123} INFO - ::group::Pre task execution logs
[2024-12-16T21:11:30.210+0000] {taskinstance.py:2612} INFO - Dependencies all met for dep_context=non-requeueable deps ti=<TaskInstance: DAG_POOL.python_task_3 manual__2024-12-16T21:11:24.335362+00:00 [queued]>
[2024-12-16T21:11:30.215+0000] {taskinstance.py:2612} INFO - Dependencies all met for dep_context=requeueable deps ti=<TaskInstance: DAG_POOL.python_task_3 manual__2024-12-16T21:11:24.335362+00:00 [queued]>
[2024-12-16T21:11:30.215+0000] {taskinstance.py:2865} INFO - Starting attempt 1 of 3
[2024-12-16T21:11:30.224+0000] {taskinstance.py:2888} INFO - Executing <Task(PythonOperator): python_task_3> on 2024-12-16 21:11:24.335362+00:00
[2024-12-16T21:11:30.229+0000] {warnings.py:112} WARNING - /home/***/.local/lib/python3.12/site-packages/***/task/task_runner/standard_task_runner.py:70: DeprecationWarning: This process (pid=117) is multi-threaded, use of fork() may lead to deadlocks in the child.
  pid = os.fork()

[2024-12-16T21:11:30.230+0000] {standard_task_runner.py:72} INFO - Started process 119 to run task
[2024-12-16T21:11:30.230+0000] {standard_task_runner.py:104} INFO - Running: ['***', 'tasks', 'run', 'DAG_POOL', 'python_task_3', 'manual__2024-12-16T21:11:24.335362+00:00', '--job-id', '165', '--raw', '--subdir', 'DAGS_FOLDER/DAG_POOL.py', '--cfg-path', '/tmp/tmpkf7avt1h']
[2024-12-16T21:11:30.231+0000] {standard_task_runner.py:105} INFO - Job 165: Subtask python_task_3
[2024-12-16T21:11:30.261+0000] {task_command.py:467} INFO - Running <TaskInstance: DAG_POOL.python_task_3 manual__2024-12-16T21:11:24.335362+00:00 [running]> on host 590f5de10d76
[2024-12-16T21:11:30.318+0000] {taskinstance.py:3131} INFO - Exporting env vars: AIRFLOW_CTX_DAG_OWNER='DAG_POOL' AIRFLOW_CTX_DAG_ID='DAG_POOL' AIRFLOW_CTX_TASK_ID='python_task_3' AIRFLOW_CTX_EXECUTION_DATE='2024-12-16T21:11:24.335362+00:00' AIRFLOW_CTX_TRY_NUMBER='1' AIRFLOW_CTX_DAG_RUN_ID='manual__2024-12-16T21:11:24.335362+00:00'
[2024-12-16T21:11:30.319+0000] {logging_mixin.py:190} INFO - Task instance is in running state
[2024-12-16T21:11:30.320+0000] {logging_mixin.py:190} INFO -  Previous state of the Task instance: queued
[2024-12-16T21:11:30.320+0000] {logging_mixin.py:190} INFO - Current task name:python_task_3 state:running start_date:2024-12-16 21:11:30.210825+00:00
[2024-12-16T21:11:30.320+0000] {logging_mixin.py:190} INFO - Dag name:DAG_POOL and current dag run status:running
[2024-12-16T21:11:30.320+0000] {taskinstance.py:731} INFO - ::endgroup::
[2024-12-16T21:11:30.321+0000] {logging_mixin.py:190} INFO - None
[2024-12-16T21:11:30.321+0000] {python.py:240} INFO - Done. Returned value was: None
[2024-12-16T21:11:30.328+0000] {taskinstance.py:340} INFO - ::group::Post task execution logs
[2024-12-16T21:11:30.329+0000] {taskinstance.py:352} INFO - Marking task as SUCCESS. dag_id=DAG_POOL, task_id=python_task_3, run_id=manual__2024-12-16T21:11:24.335362+00:00, execution_date=20241216T211124, start_date=20241216T211130, end_date=20241216T211130
[2024-12-16T21:11:30.335+0000] {logging_mixin.py:190} INFO - Task instance in success state
[2024-12-16T21:11:30.336+0000] {logging_mixin.py:190} INFO -  Previous state of the Task instance: running
[2024-12-16T21:11:30.336+0000] {logging_mixin.py:190} INFO - Dag name:DAG_POOL queued_at:2024-12-16 21:11:24.354912+00:00
[2024-12-16T21:11:30.336+0000] {logging_mixin.py:190} INFO - Task hostname:590f5de10d76 operator:PythonOperator
[2024-12-16T21:11:30.364+0000] {local_task_job_runner.py:266} INFO - Task exited with return code 0
[2024-12-16T21:11:30.384+0000] {taskinstance.py:3900} INFO - 0 downstream tasks scheduled from follow-on schedule check
[2024-12-16T21:11:30.386+0000] {local_task_job_runner.py:245} INFO - ::endgroup::
