[2024-09-28T15:14:40.241+0000] {local_task_job_runner.py:123} INFO - ::group::Pre task execution logs
[2024-09-28T15:14:40.258+0000] {taskinstance.py:2612} INFO - Dependencies all met for dep_context=non-requeueable deps ti=<TaskInstance: MI_PRIMER_DAG.first_task manual__2024-09-28T15:14:30+00:00 [queued]>
[2024-09-28T15:14:40.268+0000] {taskinstance.py:2612} INFO - Dependencies all met for dep_context=requeueable deps ti=<TaskInstance: MI_PRIMER_DAG.first_task manual__2024-09-28T15:14:30+00:00 [queued]>
[2024-09-28T15:14:40.269+0000] {taskinstance.py:2865} INFO - Starting attempt 1 of 5
[2024-09-28T15:14:40.280+0000] {taskinstance.py:2888} INFO - Executing <Task(PythonOperator): first_task> on 2024-09-28 15:14:30+00:00
[2024-09-28T15:14:40.287+0000] {warnings.py:112} WARNING - /home/***/.local/lib/python3.12/site-packages/***/task/task_runner/standard_task_runner.py:70: DeprecationWarning: This process (pid=75) is multi-threaded, use of fork() may lead to deadlocks in the child.
  pid = os.fork()

[2024-09-28T15:14:40.288+0000] {standard_task_runner.py:72} INFO - Started process 85 to run task
[2024-09-28T15:14:40.288+0000] {standard_task_runner.py:104} INFO - Running: ['***', 'tasks', 'run', 'MI_PRIMER_DAG', 'first_task', 'manual__2024-09-28T15:14:30+00:00', '--job-id', '43', '--raw', '--subdir', 'DAGS_FOLDER/MI_PRIMER_DAG.py', '--cfg-path', '/tmp/tmp9c6feup6']
[2024-09-28T15:14:40.289+0000] {standard_task_runner.py:105} INFO - Job 43: Subtask first_task
[2024-09-28T15:14:40.332+0000] {task_command.py:467} INFO - Running <TaskInstance: MI_PRIMER_DAG.first_task manual__2024-09-28T15:14:30+00:00 [running]> on host 57692e5e4e10
[2024-09-28T15:14:40.397+0000] {taskinstance.py:3131} INFO - Exporting env vars: AIRFLOW_CTX_DAG_OWNER='***' AIRFLOW_CTX_DAG_ID='MI_PRIMER_DAG' AIRFLOW_CTX_TASK_ID='first_task' AIRFLOW_CTX_EXECUTION_DATE='2024-09-28T15:14:30+00:00' AIRFLOW_CTX_TRY_NUMBER='1' AIRFLOW_CTX_DAG_RUN_ID='manual__2024-09-28T15:14:30+00:00'
[2024-09-28T15:14:40.398+0000] {logging_mixin.py:190} INFO - Task instance is in running state
[2024-09-28T15:14:40.399+0000] {logging_mixin.py:190} INFO -  Previous state of the Task instance: queued
[2024-09-28T15:14:40.399+0000] {logging_mixin.py:190} INFO - Current task name:first_task state:running start_date:2024-09-28 15:14:40.258989+00:00
[2024-09-28T15:14:40.400+0000] {logging_mixin.py:190} INFO - Dag name:MI_PRIMER_DAG and current dag run status:running
[2024-09-28T15:14:40.400+0000] {taskinstance.py:731} INFO - ::endgroup::
[2024-09-28T15:14:40.401+0000] {logging_mixin.py:190} INFO - Entorno:  desarrollo
[2024-09-28T15:14:40.401+0000] {logging_mixin.py:190} INFO - Identificador:  123
[2024-09-28T15:14:40.401+0000] {python.py:240} INFO - Done. Returned value was: None
[2024-09-28T15:14:40.409+0000] {taskinstance.py:340} INFO - ::group::Post task execution logs
[2024-09-28T15:14:40.409+0000] {taskinstance.py:352} INFO - Marking task as SUCCESS. dag_id=MI_PRIMER_DAG, task_id=first_task, run_id=manual__2024-09-28T15:14:30+00:00, execution_date=20240928T151430, start_date=20240928T151440, end_date=20240928T151440
[2024-09-28T15:14:40.417+0000] {logging_mixin.py:190} INFO - Task instance in success state
[2024-09-28T15:14:40.417+0000] {logging_mixin.py:190} INFO -  Previous state of the Task instance: running
[2024-09-28T15:14:40.417+0000] {logging_mixin.py:190} INFO - Dag name:MI_PRIMER_DAG queued_at:2024-09-28 15:14:38.061275+00:00
[2024-09-28T15:14:40.418+0000] {logging_mixin.py:190} INFO - Task hostname:57692e5e4e10 operator:PythonOperator
[2024-09-28T15:14:40.462+0000] {local_task_job_runner.py:266} INFO - Task exited with return code 0
[2024-09-28T15:14:40.478+0000] {taskinstance.py:3900} INFO - 0 downstream tasks scheduled from follow-on schedule check
[2024-09-28T15:14:40.480+0000] {local_task_job_runner.py:245} INFO - ::endgroup::
